<?xml version="1.0" encoding="UTF-8" ?>
<testsuite errors="0" failures="0" hostname="FUV04005" name="org.elasticsearch.river.jdonrefv4.test.jdonrefindextest.Valide_bd" skipped="0" tests="1" time="43819.265" timestamp="2016-02-21T22:44:17">
  <properties>
    <property name="libs.jsp-compiler.javadoc" value="" />
    <property name="netbeans.autoupdate.country" value="FR" />
    <property name="file.reference.jersey-bundle-1.18.jar" value="lib/jersey-bundle-1.18.jar" />
    <property name="javac.test.classpath" value="${libs.ElasticSearch_1.3.2.classpath}:lib/elasticsearch-1.1.0.jar:lib/gson-2.2.1.jar:lib/javax.json-1.0.4.jar:lib/jersey-bundle-1.18.jar:lib/postgresql-8.4-703.jdbc3.jar:../JDONREFv4/dist/JDONREFv4.jar:C:\Program Files\NetBeans 8.1\platform\modules\ext\junit-4.12.jar:lib/opencsv-2.3.jar:build/classes:${libs.junit.classpath}:C:\Program Files\NetBeans 8.1\platform\modules\ext\junit-4.12.jar:C:\Program Files\NetBeans 8.1\platform\modules\ext\hamcrest-core-1.3.jar" />
    <property name="libs.jsf20.maven-pom" value="" />
    <property name="libs.spring-webmvc4.0.src" value="" />
    <property name="javac.includes" value="org/elasticsearch/river/jdonrefv4/test/jdonrefindextest/Valide_bd.java" />
    <property name="ant.core.lib" value="C:\Program Files\NetBeans 8.1\extide\ant\lib\ant.jar" />
    <property name="javadoc.windowtitle" value="" />
    <property name="libs.jsp-compilation.javadoc" value="" />
    <property name="user.dir" value="C:\Users\moquetju\Documents\Projets\Referentiel\JDONREF\v4\JDONREFv4River" />
    <property name="libs.javaee-api-7.0.src" value="" />
    <property name="java.vm.version" value="25.72-b15" />
    <property name="libs.MySQLDriver.classpath" value="C:\Program Files\NetBeans 8.1\ide\modules\ext\mysql-connector-java-5.1.23-bin.jar" />
    <property name="libs.eclipselinkmodelgen.src" value="" />
    <property name="libs.elasticsearch-1.7.4.classpath" value="C:\Program Files (x86)\Java\elasticsearch-1.7.4\lib\antlr-runtime-3.5.jar;C:\Program Files (x86)\Java\elasticsearch-1.7.4\lib\apache-log4j-extras-1.2.17.jar;C:\Program Files (x86)\Java\elasticsearch-1.7.4\lib\asm-4.1.jar;C:\Program Files (x86)\Java\elasticsearch-1.7.4\lib\asm-commons-4.1.jar;C:\Program Files (x86)\Java\elasticsearch-1.7.4\lib\elasticsearch-1.7.4.jar;C:\Program Files (x86)\Java\elasticsearch-1.7.4\lib\groovy-all-2.4.4.jar;C:\Program Files (x86)\Java\elasticsearch-1.7.4\lib\jna-4.1.0.jar;C:\Program Files (x86)\Java\elasticsearch-1.7.4\lib\jts-1.13.jar;C:\Program Files (x86)\Java\elasticsearch-1.7.4\lib\log4j-1.2.17.jar;C:\Program Files (x86)\Java\elasticsearch-1.7.4\lib\lucene-analyzers-common-4.10.4.jar;C:\Program Files (x86)\Java\elasticsearch-1.7.4\lib\lucene-core-4.10.4.jar;C:\Program Files (x86)\Java\elasticsearch-1.7.4\lib\lucene-expressions-4.10.4.jar;C:\Program Files (x86)\Java\elasticsearch-1.7.4\lib\lucene-grouping-4.10.4.jar;C:\Program Files (x86)\Java\elasticsearch-1.7.4\lib\lucene-highlighter-4.10.4.jar;C:\Program Files (x86)\Java\elasticsearch-1.7.4\lib\lucene-join-4.10.4.jar;C:\Program Files (x86)\Java\elasticsearch-1.7.4\lib\lucene-memory-4.10.4.jar;C:\Program Files (x86)\Java\elasticsearch-1.7.4\lib\lucene-misc-4.10.4.jar;C:\Program Files (x86)\Java\elasticsearch-1.7.4\lib\lucene-queries-4.10.4.jar;C:\Program Files (x86)\Java\elasticsearch-1.7.4\lib\lucene-queryparser-4.10.4.jar;C:\Program Files (x86)\Java\elasticsearch-1.7.4\lib\lucene-sandbox-4.10.4.jar;C:\Program Files (x86)\Java\elasticsearch-1.7.4\lib\lucene-spatial-4.10.4.jar;C:\Program Files (x86)\Java\elasticsearch-1.7.4\lib\lucene-suggest-4.10.4.jar;C:\Program Files (x86)\Java\elasticsearch-1.7.4\lib\spatial4j-0.4.1.jar" />
    <property name="javadoc.notree" value="false" />
    <property name="netbeans.autoupdate.version" value="1.23" />
    <property name="libs.EclipseLink-GlassFish-v3.classpath" value="C:\Program Files\glassfish-3.1.1\glassfish\modules\org.eclipse.persistence.antlr.jar;C:\Program Files\glassfish-3.1.1\glassfish\modules\org.eclipse.persistence.asm.jar;C:\Program Files\glassfish-3.1.1\glassfish\modules\org.eclipse.persistence.core.jar;C:\Program Files\glassfish-3.1.1\glassfish\modules\org.eclipse.persistence.jpa.jar;C:\Program Files\glassfish-3.1.1\glassfish\modules\org.eclipse.persistence.jpa.modelgen.jar;C:\Program Files\glassfish-3.1.1\glassfish\modules\org.eclipse.persistence.oracle.jar;C:\Program Files\glassfish-3.1.1\glassfish\modules\javax.persistence.jar" />
    <property name="libs.javaee-web-api-6.0.classpath" value="C:\Program Files\NetBeans 8.1\enterprise\modules\ext\javaee-web-api-6.0.jar" />
    <property name="libs.Java-EE-GlassFish-v3-Prelude.javadoc" value="C:\Program Files\NetBeans 8.1\enterprise\docs\javaee-doc-api.jar" />
    <property name="javac.profile.cmd.line.arg" value="" />
    <property name="jdk.home" value="C:\Program Files\Java\jdk1.8.0_72" />
    <property name="libs.javac-api.src" value="" />
    <property name="javadoc.noindex" value="false" />
    <property name="libs.jpa2-persistence.classpath" value="C:\Program Files\NetBeans 8.1\java\modules\ext\hibernate4\hibernate-jpa-2.1-api-1.0.0.Final.jar" />
    <property name="sun.os.patch.level" value="Service Pack 1" />
    <property name="file.reference.postgresql-8.4-703.jdbc3.jar" value="lib/postgresql-8.4-703.jdbc3.jar" />
    <property name="libs.Java-EE-GlassFish-v3-Prelude.src" value="" />
    <property name="do.archive+manifest.available" value="true" />
    <property name="java.vm.specification.name" value="Java Virtual Machine Specification" />
    <property name="nb.show.statistics.ui" value="usageStatisticsEnabled" />
    <property name="netbeans.autoupdate.variant" value="" />
    <property name="have.tests" value="true" />
    <property name="org.xml.sax.driver" value="com.sun.org.apache.xerces.internal.jaxp.SAXParserImpl$JAXPSAXParser" />
    <property name="libs.hamcrest.classpath" value="C:\Program Files\NetBeans 8.1\platform\modules\ext\hamcrest-core-1.3.jar" />
    <property name="file.reference.opencsv-2.3.jar" value="lib/opencsv-2.3.jar" />
    <property name="libs.javac-api.javadoc" value="" />
    <property name="os.name" value="Windows 7" />
    <property name="test.class" value="org.elasticsearch.river.jdonrefv4.test.jdonrefindextest.Valide_bd" />
    <property name="libs.beans-binding.classpath" value="C:\Program Files\NetBeans 8.1\java\modules\ext\beansbinding-1.2.1.jar" />
    <property name="libs.javaee-endorsed-api-7.0.maven-pom" value="" />
    <property name="ap.proc.none.internal" value="" />
    <property name="libs.restapi.javadoc" value="" />
    <property name="libs.JWSAntTasks.maven-pom" value="" />
    <property name="libs.jstl.classpath" value="C:\Program Files\NetBeans 8.1\enterprise\modules\ext\jstl-impl.jar;C:\Program Files\NetBeans 8.1\enterprise\modules\ext\jstl-api.jar" />
    <property name="libs.testng.src" value="" />
    <property name="libs.spring-webmvc3.0.src" value="" />
    <property name="libs.restapi.classpath" value="C:\Program Files\NetBeans 8.1\enterprise\modules\ext\jaxrs-2.0\javax.ws.rs-api-2.0.jar" />
    <property name="java.vendor.url.bug" value="http://bugreport.sun.com/bugreport/" />
    <property name="libs.jaxb.maven-pom" value="" />
    <property name="os.arch" value="amd64" />
    <property name="libs.eclipselink.src" value="" />
    <property name="user.name" value="moquetju" />
    <property name="libs.jsf12.javadoc" value="C:\Program Files\NetBeans 8.1\enterprise\docs\javaee-doc-api.jar" />
    <property name="libs.Comet-GlassFish-v3.javadoc" value="" />
    <property name="copylibs.rebase" value="true" />
    <property name="libs.spring-webmvc3.0.maven-pom" value="" />
    <property name="libs.swing-layout.maven-pom" value="" />
    <property name="sun.java.command" value="org.apache.tools.ant.taskdefs.optional.junit.JUnitTestRunner org.elasticsearch.river.jdonrefv4.test.jdonrefindextest.Valide_bd skipNonTests=false filtertrace=true haltOnError=false haltOnFailure=false showoutput=true outputtoformatters=true logfailedtests=true threadid=0 logtestlistenerevents=true formatter=org.apache.tools.ant.taskdefs.optional.junit.BriefJUnitResultFormatter formatter=org.apache.tools.ant.taskdefs.optional.junit.XMLJUnitResultFormatter,C:\Users\moquetju\Documents\Projets\Referentiel\JDONREF\v4\JDONREFv4River\build\test\results\TEST-org.elasticsearch.river.jdonrefv4.test.jdonrefindextest.Valide_bd.xml crashfile=C:\Users\moquetju\Documents\Projets\Referentiel\JDONREF\v4\JDONREFv4River\build\junitvmwatcher2051074450401423396.properties propsfile=C:\Users\moquetju\Documents\Projets\Referentiel\JDONREF\v4\JDONREFv4River\build\junit674368650357878623.properties" />
    <property name="build.classes.dir" value="build/classes" />
    <property name="netbeans.accept_license_class" value="org.netbeans.license.AcceptLicense" />
    <property name="build.sysclasspath" value="ignore" />
    <property name="ap.supported.internal" value="true" />
    <property name="java.failonerror" value="true" />
    <property name="libs.javaee-endorsed-api-7.0.javadoc" value="C:\Program Files\NetBeans 8.1\enterprise\docs\javaee-doc-api.jar" />
    <property name="libs.jaxws21.javadoc" value="C:\Program Files\NetBeans 8.1\java\docs\jaxws-api-doc.zip" />
    <property name="libs.spring-webmvc4.0.javadoc" value="" />
    <property name="includes" value="**" />
    <property name="user.country" value="FR" />
    <property name="manifest.file" value="manifest.mf" />
    <property name="javadoc.encoding" value="UTF-8" />
    <property name="javac.classpath" value="${libs.ElasticSearch_1.3.2.classpath}:lib/elasticsearch-1.1.0.jar:lib/gson-2.2.1.jar:lib/javax.json-1.0.4.jar:lib/jersey-bundle-1.18.jar:lib/postgresql-8.4-703.jdbc3.jar:../JDONREFv4/dist/JDONREFv4.jar:C:\Program Files\NetBeans 8.1\platform\modules\ext\junit-4.12.jar:lib/opencsv-2.3.jar" />
    <property name="libs.jsp-compilation-syscp.src" value="" />
    <property name="libs.JAVADB_DRIVER_LABEL.src" value="" />
    <property name="libs.spring-framework400.classpath" value="C:\Program Files\NetBeans 8.1\ide\modules\org-apache-commons-logging.jar;C:\Program Files\NetBeans 8.1\java\modules\ext\cglib-2.2.jar;C:\Program Files\NetBeans 8.1\java\modules\ext\spring-4\spring-aop-4.0.1.RELEASE.jar;C:\Program Files\NetBeans 8.1\java\modules\ext\spring-4\spring-aspects-4.0.1.RELEASE.jar;C:\Program Files\NetBeans 8.1\java\modules\ext\spring-4\spring-beans-4.0.1.RELEASE.jar;C:\Program Files\NetBeans 8.1\java\modules\ext\spring-4\spring-build-src-4.0.1.RELEASE.jar;C:\Program Files\NetBeans 8.1\java\modules\ext\spring-4\spring-context-4.0.1.RELEASE.jar;C:\Program Files\NetBeans 8.1\java\modules\ext\spring-4\spring-context-support-4.0.1.RELEASE.jar;C:\Program Files\NetBeans 8.1\java\modules\ext\spring-4\spring-core-4.0.1.RELEASE.jar;C:\Program Files\NetBeans 8.1\java\modules\ext\spring-4\spring-expression-4.0.1.RELEASE.jar;C:\Program Files\NetBeans 8.1\java\modules\ext\spring-4\spring-framework-bom-4.0.1.RELEASE.jar;C:\Program Files\NetBeans 8.1\java\modules\ext\spring-4\spring-instrument-4.0.1.RELEASE.jar;C:\Program Files\NetBeans 8.1\java\modules\ext\spring-4\spring-instrument-tomcat-4.0.1.RELEASE.jar;C:\Program Files\NetBeans 8.1\java\modules\ext\spring-4\spring-jdbc-4.0.1.RELEASE.jar;C:\Program Files\NetBeans 8.1\java\modules\ext\spring-4\spring-jms-4.0.1.RELEASE.jar;C:\Program Files\NetBeans 8.1\java\modules\ext\spring-4\spring-messaging-4.0.1.RELEASE.jar;C:\Program Files\NetBeans 8.1\java\modules\ext\spring-4\spring-orm-4.0.1.RELEASE.jar;C:\Program Files\NetBeans 8.1\java\modules\ext\spring-4\spring-oxm-4.0.1.RELEASE.jar;C:\Program Files\NetBeans 8.1\java\modules\ext\spring-4\spring-test-4.0.1.RELEASE.jar;C:\Program Files\NetBeans 8.1\java\modules\ext\spring-4\spring-tx-4.0.1.RELEASE.jar;C:\Program Files\NetBeans 8.1\java\modules\ext\spring-4\spring-web-4.0.1.RELEASE.jar;C:\Program Files\NetBeans 8.1\java\modules\ext\spring-4\spring-webmvc-4.0.1.RELEASE.jar;C:\Program Files\NetBeans 8.1\java\modules\ext\spring-4\spring-webmvc-portlet-4.0.1.RELEASE.jar;C:\Program Files\NetBeans 8.1\java\modules\ext\spring-4\spring-websocket-4.0.1.RELEASE.jar" />
    <property name="debug-transport" value="dt_shmem" />
    <property name="netbeans.home" value="C:\Program Files\NetBeans 8.1\platform" />
    <property name="build.compiler.emacs" value="true" />
    <property name="libs.javaee-web-api-6.0.src" value="" />
    <property name="libs.jsp-compilation-syscp.classpath" value="C:\Program Files\NetBeans 8.1\extide\ant\lib\ant.jar;C:\Program Files\NetBeans 8.1\enterprise\modules\ext\servlet3.1-jsp2.3-api.jar;C:\Program Files\NetBeans 8.1\enterprise\modules\ext\glassfish-jspparser-4.0.jar;C:\Program Files\NetBeans 8.1\enterprise\modules\ext\jstl-impl.jar;C:\Program Files\NetBeans 8.1\enterprise\modules\ext\jsf-2_2\javax.faces.jar" />
    <property name="java.endorsed.dirs" value="C:\Program Files\Java\jdk1.8.0_72\jre\lib\endorsed" />
    <property name="libs.Comet-GlassFish-v3.maven-pom" value="" />
    <property name="test.includes" value="org/elasticsearch/river/jdonrefv4/test/jdonrefindextest/Valide_bd.java" />
    <property name="netbeans.dynamic.classpath" value="C:\Program Files\NetBeans 8.1\platform\core\asm-all-5.0.1.jar;C:\Program Files\NetBeans 8.1\platform\core\core-base.jar;C:\Program Files\NetBeans 8.1\platform\core\core.jar;C:\Program Files\NetBeans 8.1\platform\core\org-netbeans-libs-asm.jar;C:\Program Files\NetBeans 8.1\platform\core\org-openide-filesystems-compat8.jar;C:\Program Files\NetBeans 8.1\platform\core\org-openide-filesystems.jar;C:\Program Files\NetBeans 8.1\platform\core\locale\core-base_ja.jar;C:\Program Files\NetBeans 8.1\platform\core\locale\core-base_pt_BR.jar;C:\Program Files\NetBeans 8.1\platform\core\locale\core-base_ru.jar;C:\Program Files\NetBeans 8.1\platform\core\locale\core-base_zh_CN.jar;C:\Program Files\NetBeans 8.1\platform\core\locale\core_ja.jar;C:\Program Files\NetBeans 8.1\platform\core\locale\core_pt_BR.jar;C:\Program Files\NetBeans 8.1\platform\core\locale\core_ru.jar;C:\Program Files\NetBeans 8.1\platform\core\locale\core_zh_CN.jar;C:\Program Files\NetBeans 8.1\platform\core\locale\org-netbeans-libs-asm_ja.jar;C:\Program Files\NetBeans 8.1\platform\core\locale\org-netbeans-libs-asm_pt_BR.jar;C:\Program Files\NetBeans 8.1\platform\core\locale\org-netbeans-libs-asm_ru.jar;C:\Program Files\NetBeans 8.1\platform\core\locale\org-netbeans-libs-asm_zh_CN.jar;C:\Program Files\NetBeans 8.1\platform\core\locale\org-openide-filesystems-compat8_ja.jar;C:\Program Files\NetBeans 8.1\platform\core\locale\org-openide-filesystems-compat8_pt_BR.jar;C:\Program Files\NetBeans 8.1\platform\core\locale\org-openide-filesystems-compat8_ru.jar;C:\Program Files\NetBeans 8.1\platform\core\locale\org-openide-filesystems-compat8_zh_CN.jar;C:\Program Files\NetBeans 8.1\platform\core\locale\org-openide-filesystems_ja.jar;C:\Program Files\NetBeans 8.1\platform\core\locale\org-openide-filesystems_pt_BR.jar;C:\Program Files\NetBeans 8.1\platform\core\locale\org-openide-filesystems_ru.jar;C:\Program Files\NetBeans 8.1\platform\core\locale\org-openide-filesystems_zh_CN.jar;C:\Program Files\NetBeans 8.1\nb\core\org-netbeans-upgrader.jar;C:\Program Files\NetBeans 8.1\nb\core\locale\core_nb.jar;C:\Program Files\NetBeans 8.1\nb\core\locale\core_nb_ja.jar;C:\Program Files\NetBeans 8.1\nb\core\locale\core_nb_pt_BR.jar;C:\Program Files\NetBeans 8.1\nb\core\locale\core_nb_ru.jar;C:\Program Files\NetBeans 8.1\nb\core\locale\core_nb_zh_CN.jar;C:\Program Files\NetBeans 8.1\nb\core\locale\org-netbeans-upgrader_ja.jar;C:\Program Files\NetBeans 8.1\nb\core\locale\org-netbeans-upgrader_pt_BR.jar;C:\Program Files\NetBeans 8.1\nb\core\locale\org-netbeans-upgrader_ru.jar;C:\Program Files\NetBeans 8.1\nb\core\locale\org-netbeans-upgrader_zh_CN.jar" />
    <property name="java.vm.specification.version" value="1.8" />
    <property name="libs.hibernate4-support.src" value="" />
    <property name="libs.primefaces.classpath" value="C:\Program Files\NetBeans 8.1\enterprise\modules\ext\primefaces\primefaces-5.0.jar" />
    <property name="libs.javaee-api-6.0.classpath" value="C:\Program Files\NetBeans 8.1\enterprise\modules\ext\javaee-api-6.0.jar" />
    <property name="netbeans.productversion" value="NetBeans IDE 8.1 (Build 201510222201)" />
    <property name="libs.jaxws21.src" value="" />
    <property name="libs.googlecollections.javadoc" value="" />
    <property name="application.title" value="JDONREFv4River" />
    <property name="do.archive" value="true" />
    <property name="netbeans.autoupdate.language" value="fr" />
    <property name="java.vendor" value="Oracle Corporation" />
    <property name="libs.javaee-api-6.0.javadoc" value="C:\Program Files\NetBeans 8.1\enterprise\docs\javaee-doc-api.jar" />
    <property name="jar.index.metainf" value="false" />
    <property name="javac.debug" value="true" />
    <property name="javadoc.splitindex" value="true" />
    <property name="file.separator" value="\" />
    <property name="libs.elasticsearch-2.1.1.javadoc" value="" />
    <property name="libs.Java-EE-GlassFish-v3-Prelude.maven-pom" value="" />
    <property name="javac.includesfile.binary" value="C:\Users\moquetju\Documents\Projets\Referentiel\JDONREF\v4\JDONREFv4River\null180263907" />
    <property name="libs.junit_4.maven-pom" value="" />
    <property name="mkdist.disabled" value="false" />
    <property name="javac.test.processorpath" value="${libs.ElasticSearch_1.3.2.classpath}:lib/elasticsearch-1.1.0.jar:lib/gson-2.2.1.jar:lib/javax.json-1.0.4.jar:lib/jersey-bundle-1.18.jar:lib/postgresql-8.4-703.jdbc3.jar:../JDONREFv4/dist/JDONREFv4.jar:C:\Program Files\NetBeans 8.1\platform\modules\ext\junit-4.12.jar:lib/opencsv-2.3.jar:build/classes:${libs.junit.classpath}:C:\Program Files\NetBeans 8.1\platform\modules\ext\junit-4.12.jar:C:\Program Files\NetBeans 8.1\platform\modules\ext\hamcrest-core-1.3.jar" />
    <property name="netbeans.buildnumber" value="201510222201" />
    <property name="libs.JWSAntTasks.javadoc" value="" />
    <property name="build.generated.sources.dir" value="build/generated-sources" />
    <property name="user.variant" value="" />
    <property name="libs.eclipselinkmodelgen.classpath" value="C:\Program Files\NetBeans 8.1\java\modules\ext\eclipselink\org.eclipse.persistence.jpa.modelgen_2.5.2.v20140319-9ad6abd.jar" />
    <property name="libs.javaee-endorsed-api-7.0.src" value="" />
    <property name="sun.java.launcher" value="SUN_STANDARD" />
    <property name="libs.hibernate4-persistencemodelgen.javadoc" value="" />
    <property name="libs.jaxb.javadoc" value="C:\Program Files\NetBeans 8.1\ide\docs\jaxb-api-doc.zip" />
    <property name="libs.struts.classpath" value="C:\Program Files\NetBeans 8.1\enterprise\modules\ext\struts\antlr-2.7.2.jar;C:\Program Files\NetBeans 8.1\enterprise\modules\ext\struts\bsf-2.3.0.jar;C:\Program Files\NetBeans 8.1\enterprise\modules\ext\struts\commons-beanutils-1.8.0.jar;C:\Program Files\NetBeans 8.1\enterprise\modules\ext\struts\commons-chain-1.2.jar;C:\Program Files\NetBeans 8.1\enterprise\modules\ext\struts\commons-digester-1.8.jar;C:\Program Files\NetBeans 8.1\enterprise\modules\ext\struts\commons-fileupload-1.1.1.jar;C:\Program Files\NetBeans 8.1\enterprise\modules\ext\struts\commons-io-1.1.jar;C:\Program Files\NetBeans 8.1\enterprise\modules\ext\struts\commons-logging-1.0.4.jar;C:\Program Files\NetBeans 8.1\enterprise\modules\ext\struts\commons-validator-1.3.1.jar;C:\Program Files\NetBeans 8.1\enterprise\modules\ext\struts\jstl-1.0.2.jar;C:\Program Files\NetBeans 8.1\enterprise\modules\ext\struts\oro-2.0.8.jar;C:\Program Files\NetBeans 8.1\enterprise\modules\ext\struts\standard-1.0.6.jar;C:\Program Files\NetBeans 8.1\enterprise\modules\ext\struts\struts-core-1.3.10.jar;C:\Program Files\NetBeans 8.1\enterprise\modules\ext\struts\struts-el-1.3.10.jar;C:\Program Files\NetBeans 8.1\enterprise\modules\ext\struts\struts-extras-1.3.10.jar;C:\Program Files\NetBeans 8.1\enterprise\modules\ext\struts\struts-faces-1.3.10.jar;C:\Program Files\NetBeans 8.1\enterprise\modules\ext\struts\struts-mailreader-dao-1.3.10.jar;C:\Program Files\NetBeans 8.1\enterprise\modules\ext\struts\struts-scripting-1.3.10.jar;C:\Program Files\NetBeans 8.1\enterprise\modules\ext\struts\struts-taglib-1.3.10.jar;C:\Program Files\NetBeans 8.1\enterprise\modules\ext\struts\struts-tiles-1.3.10.jar" />
    <property name="org.openide.awt.SwingBrowserImpl.do-not-block-awt" value="false" />
    <property name="javac.includes.binary" value="C:\Users\moquetju\Documents\Projets\Referentiel\JDONREF\v4\JDONREFv4River\build\test\classes\org\elasticsearch\river\jdonrefv4\test\jdonrefindextest\Valide_bd.class" />
    <property name="ant.home" value="C:\Program Files\NetBeans 8.1\extide\ant" />
    <property name="libs.junit_4.src" value="C:\Program Files\NetBeans 8.1\platform\docs\junit-4.12-sources.jar" />
    <property name="libs.testng.classpath" value="C:\Program Files\NetBeans 8.1\platform\modules\ext\testng-6.8.1-dist.jar" />
    <property name="libs.absolutelayout.maven-pom" value="" />
    <property name="ant.java.version" value="1.8" />
    <property name="java.library.path" value="C:\Program Files\Java\jdk1.8.0_72\jre\bin;C:\windows\Sun\Java\bin;C:\windows\system32;C:\windows;C:\ProgramData\Oracle\Java\javapath;C:\windows\system32;C:\windows;C:\windows\System32\Wbem;C:\windows\System32\WindowsPowerShell\v1.0\;C:\Program Files (x86)\IAS ECC Middleware\BIN;C:\Program Files\TortoiseSVN\bin;C:\Program Files (x86)\Java\jre7\bin;C:\Program Files (x86)\IDM Computer Solutions\UltraEdit\;." />
    <property name="javadoc.author" value="false" />
    <property name="libs.metro.maven-pom" value="" />
    <property name="libs.EclipseLink-GlassFish-v3.src" value="" />
    <property name="java.util.logging.config.class" value="org.netbeans.core.startup.TopLogging" />
    <property name="libs.spring-framework400.src" value="" />
    <property name="libs.PostgreSQLDriver.src" value="" />
    <property name="sun.arch.data.model" value="64" />
    <property name="basedir" value="C:\Users\moquetju\Documents\Projets\Referentiel\JDONREF\v4\JDONREFv4River" />
    <property name="libs.jpa20-persistence.maven-pom" value="" />
    <property name="jar.compress" value="false" />
    <property name="libs.javaee-web-api-7.0.classpath" value="C:\Program Files\NetBeans 8.1\enterprise\modules\ext\javaee-web-api-7.0.jar" />
    <property name="path.separator" value=";" />
    <property name="libs.javaee-web-api-6.0.javadoc" value="C:\Program Files\NetBeans 8.1\enterprise\docs\javaee-doc-api.jar" />
    <property name="ant.junit.enabletestlistenerevents" value="true" />
    <property name="sun.io.unicode.encoding" value="UnicodeLittle" />
    <property name="libs.jaxws21.classpath" value="C:\Program Files\NetBeans 8.1\ide\modules\ext\jaxb\jaxb-impl.jar;C:\Program Files\NetBeans 8.1\ide\modules\ext\jaxb\jaxb-xjc.jar;C:\Program Files\NetBeans 8.1\java\modules\ext\jaxws22\FastInfoset.jar;C:\Program Files\NetBeans 8.1\java\modules\ext\jaxws22\gmbal-api-only.jar;C:\Program Files\NetBeans 8.1\java\modules\ext\jaxws22\ha-api.jar;C:\Program Files\NetBeans 8.1\java\modules\ext\jaxws22\javax.mail_1.4.jar;C:\Program Files\NetBeans 8.1\java\modules\ext\jaxws22\jaxws-rt.jar;C:\Program Files\NetBeans 8.1\java\modules\ext\jaxws22\jaxws-tools.jar;C:\Program Files\NetBeans 8.1\java\modules\ext\jaxws22\management-api.jar;C:\Program Files\NetBeans 8.1\java\modules\ext\jaxws22\mimepull.jar;C:\Program Files\NetBeans 8.1\java\modules\ext\jaxws22\policy.jar;C:\Program Files\NetBeans 8.1\java\modules\ext\jaxws22\saaj-impl.jar;C:\Program Files\NetBeans 8.1\java\modules\ext\jaxws22\stax-ex.jar;C:\Program Files\NetBeans 8.1\java\modules\ext\jaxws22\stax2-api.jar;C:\Program Files\NetBeans 8.1\java\modules\ext\jaxws22\streambuffer.jar;C:\Program Files\NetBeans 8.1\java\modules\ext\jaxws22\woodstox-core-asl.jar;C:\Program Files\NetBeans 8.1\java\modules\ext\jaxws22\api\jaxws-api.jar;C:\Program Files\NetBeans 8.1\java\modules\ext\jaxws22\api\jsr181-api.jar;C:\Program Files\NetBeans 8.1\java\modules\ext\jaxws22\api\javax.annotation.jar;C:\Program Files\NetBeans 8.1\java\modules\ext\jaxws22\api\saaj-api.jar;C:\Program Files\NetBeans 8.1\ide\modules\ext\jaxb\activation.jar;C:\Program Files\NetBeans 8.1\ide\modules\ext\jaxb\api\jaxb-api.jar;C:\Program Files\NetBeans 8.1\ide\modules\ext\jaxb\api\jsr173_1.0_api.jar" />
    <property name="libs.struts.src" value="" />
    <property name="libs.googlecollections.src" value="" />
    <property name="compile.on.save" value="false" />
    <property name="apple.awt.graphics.UseQuartz" value="true" />
    <property name="user.language" value="fr" />
    <property name="file.reference.elasticsearch-1.1.0.jar" value="lib/elasticsearch-1.1.0.jar" />
    <property name="testng.mode" value="testng" />
    <property name="libs.JAXB-ENDORSED.maven-pom" value="" />
    <property name="file.reference.JDONREFv4.jar" value="../JDONREFv4/dist/JDONREFv4.jar" />
    <property name="libs.eclipselink.maven-pom" value="" />
    <property name="application.vendor" value="Julien" />
    <property name="test.binaryincludes" value="&lt;nothing&gt;" />
    <property name="manifest.available" value="true" />
    <property name="libs.primefaces.javadoc" value="" />
    <property name="libs.spring-framework300.maven-pom" value="" />
    <property name="run.test.classpath" value="${libs.ElasticSearch_1.3.2.classpath}:lib/elasticsearch-1.1.0.jar:lib/gson-2.2.1.jar:lib/javax.json-1.0.4.jar:lib/jersey-bundle-1.18.jar:lib/postgresql-8.4-703.jdbc3.jar:../JDONREFv4/dist/JDONREFv4.jar:C:\Program Files\NetBeans 8.1\platform\modules\ext\junit-4.12.jar:lib/opencsv-2.3.jar:build/classes:${libs.junit.classpath}:C:\Program Files\NetBeans 8.1\platform\modules\ext\junit-4.12.jar:C:\Program Files\NetBeans 8.1\platform\modules\ext\hamcrest-core-1.3.jar:build/test/classes" />
    <property name="ant.file.JDONREFv4River" value="C:\Users\moquetju\Documents\Projets\Referentiel\JDONREF\v4\JDONREFv4River\build.xml" />
    <property name="ant.project.invoked-targets" value="test-single" />
    <property name="test.binaryexcludes" value="" />
    <property name="libs.swing-layout.javadoc" value="C:\Program Files\NetBeans 8.1\platform\docs\swing-layout-1.0.4-doc.zip" />
    <property name="sun.java2d.dpiaware" value="true" />
    <property name="libs.hibernate4-persistence.maven-pom" value="" />
    <property name="libs.PostgreSQLDriver.maven-pom" value="" />
    <property name="java.class.version" value="52.0" />
    <property name="libs.JAVADB_DRIVER_LABEL.classpath" value="C:\Program Files\Java\jdk1.8.0_72\db\lib\derby.jar;C:\Program Files\Java\jdk1.8.0_72\db\lib\derbyclient.jar;C:\Program Files\Java\jdk1.8.0_72\db\lib\derbynet.jar" />
    <property name="libs.hibernate4-persistencemodelgen.maven-pom" value="" />
    <property name="libs.javaee-endorsed-api-6.0.src" value="" />
    <property name="libs.eclipselink.javadoc" value="C:\Program Files\NetBeans 8.1\java\modules\ext\docs\javax.persistence-2.1.0-doc.zip" />
    <property name="libs.jsp-compilation.maven-pom" value="" />
    <property name="user.properties.file" value="C:\Users\moquetju\AppData\Roaming\NetBeans\8.1\build.properties" />
    <property name="runtime.encoding" value="UTF-8" />
    <property name="libs.javac-api.maven-pom" value="" />
    <property name="file.encoding.pkg" value="sun.io" />
    <property name="sun.cpu.endian" value="little" />
    <property name="libs.JAXB-ENDORSED.javadoc" value="" />
    <property name="libs.JWSAntTasks.classpath" value="C:\Program Files\NetBeans 8.1\java\ant\extra\org-netbeans-modules-javawebstart-anttasks.jar" />
    <property name="libs.spring-webmvc4.0.maven-pom" value="" />
    <property name="libs.spring-framework300.src" value="" />
    <property name="libs.jstl.src" value="" />
    <property name="file.reference.javax.json-1.0.4.jar" value="lib/javax.json-1.0.4.jar" />
    <property name="empty.dir" value="C:\Users\moquetju\Documents\Projets\Referentiel\JDONREF\v4\JDONREFv4River\build\empty" />
    <property name="version-output" value="java version &quot;1.8" />
    <property name="test.binarytestincludes" value="" />
    <property name="libs.hibernate4-persistencemodelgen.src" value="" />
    <property name="javadoc.preview" value="true" />
    <property name="libs.jpa20-persistence.javadoc" value="C:\Program Files\NetBeans 8.1\java\modules\ext\docs\javax.persistence-2.1.0-doc.zip" />
    <property name="ant.file.JDONREFv4River-impl" value="C:\Users\moquetju\Documents\Projets\Referentiel\JDONREF\v4\JDONREFv4River\nbproject\build-impl.xml" />
    <property name="java.home" value="C:\Program Files\Java\jdk1.8.0_72\jre" />
    <property name="libs.jsp-compilation.src" value="" />
    <property name="debug.test.classpath" value="${libs.ElasticSearch_1.3.2.classpath}:lib/elasticsearch-1.1.0.jar:lib/gson-2.2.1.jar:lib/javax.json-1.0.4.jar:lib/jersey-bundle-1.18.jar:lib/postgresql-8.4-703.jdbc3.jar:../JDONREFv4/dist/JDONREFv4.jar:C:\Program Files\NetBeans 8.1\platform\modules\ext\junit-4.12.jar:lib/opencsv-2.3.jar:build/classes:${libs.junit.classpath}:C:\Program Files\NetBeans 8.1\platform\modules\ext\junit-4.12.jar:C:\Program Files\NetBeans 8.1\platform\modules\ext\hamcrest-core-1.3.jar:build/test/classes" />
    <property name="libs.javaee-endorsed-api-6.0.classpath" value="C:\Program Files\NetBeans 8.1\enterprise\modules\ext\javaee6-endorsed\javax.annotation.jar;C:\Program Files\NetBeans 8.1\enterprise\modules\ext\javaee6-endorsed\jaxb-api-osgi.jar;C:\Program Files\NetBeans 8.1\enterprise\modules\ext\javaee6-endorsed\webservices-api-osgi.jar" />
    <property name="libs.javaee-api-6.0.src" value="" />
    <property name="libs.elasticsearch-2.1.1.classpath" value="C:\Program Files (x86)\Java\elasticsearch-2.1.1\lib\elasticsearch-2.1.1.jar;C:\Program Files (x86)\Java\elasticsearch-2.1.1\lib\lucene-analyzers-common-5.3.1.jar;C:\Program Files (x86)\Java\elasticsearch-2.1.1\lib\lucene-backward-codecs-5.3.1.jar;C:\Program Files (x86)\Java\elasticsearch-2.1.1\lib\lucene-core-5.3.1.jar;C:\Program Files (x86)\Java\elasticsearch-2.1.1\lib\lucene-expressions-5.3.1.jar;C:\Program Files (x86)\Java\elasticsearch-2.1.1\lib\lucene-grouping-5.3.1.jar;C:\Program Files (x86)\Java\elasticsearch-2.1.1\lib\lucene-highlighter-5.3.1.jar;C:\Program Files (x86)\Java\elasticsearch-2.1.1\lib\lucene-join-5.3.1.jar;C:\Program Files (x86)\Java\elasticsearch-2.1.1\lib\lucene-memory-5.3.1.jar;C:\Program Files (x86)\Java\elasticsearch-2.1.1\lib\lucene-misc-5.3.1.jar;C:\Program Files (x86)\Java\elasticsearch-2.1.1\lib\lucene-queries-5.3.1.jar;C:\Program Files (x86)\Java\elasticsearch-2.1.1\lib\lucene-queryparser-5.3.1.jar;C:\Program Files (x86)\Java\elasticsearch-2.1.1\lib\lucene-sandbox-5.3.1.jar;C:\Program Files (x86)\Java\elasticsearch-2.1.1\lib\lucene-spatial-5.3.1.jar;C:\Program Files (x86)\Java\elasticsearch-2.1.1\lib\lucene-spatial3d-5.3.1.jar;C:\Program Files (x86)\Java\elasticsearch-2.1.1\lib\lucene-suggest-5.3.1.jar" />
    <property name="netbeans.importclass" value="org.netbeans.upgrade.AutoUpgrade" />
    <property name="ant.project.default-target" value="default" />
    <property name="annotation.processing.run.all.processors" value="true" />
    <property name="libs.PostgreSQLDriver.javadoc" value="" />
    <property name="libs.restlib.classpath" value="C:\Program Files\NetBeans 8.1\enterprise\modules\ext\jersey2\ext\asm-all-repackaged-2.2.0-b21.jar;C:\Program Files\NetBeans 8.1\enterprise\modules\ext\jersey2\ext\cglib-2.2.0-b21.jar;C:\Program Files\NetBeans 8.1\enterprise\modules\ext\jersey2\ext\guava-14.0.1.jar;C:\Program Files\NetBeans 8.1\enterprise\modules\ext\jersey2\ext\hk2-api-2.2.0-b21.jar;C:\Program Files\NetBeans 8.1\enterprise\modules\ext\jersey2\ext\hk2-locator-2.2.0-b21.jar;C:\Program Files\NetBeans 8.1\enterprise\modules\ext\jersey2\ext\hk2-utils-2.2.0-b21.jar;C:\Program Files\NetBeans 8.1\enterprise\modules\ext\jersey2\ext\javax.annotation-api-1.2.jar;C:\Program Files\NetBeans 8.1\enterprise\modules\ext\jersey2\ext\javax.inject-2.2.0-b21.jar;C:\Program Files\NetBeans 8.1\enterprise\modules\ext\jersey2\ext\javax.servlet-api-3.0.1.jar;C:\Program Files\NetBeans 8.1\enterprise\modules\ext\jersey2\ext\jaxb-api-2.2.7.jar;C:\Program Files\NetBeans 8.1\enterprise\modules\ext\jersey2\ext\jersey-entity-filtering-2.5.1.jar;C:\Program Files\NetBeans 8.1\enterprise\modules\ext\jersey2\ext\jersey-media-moxy-2.5.1.jar;C:\Program Files\NetBeans 8.1\enterprise\modules\ext\jersey2\ext\org.osgi.core-4.2.0.jar;C:\Program Files\NetBeans 8.1\enterprise\modules\ext\jersey2\ext\osgi-resource-locator-1.0.1.jar;C:\Program Files\NetBeans 8.1\enterprise\modules\ext\jersey2\ext\persistence-api-1.0.jar;C:\Program Files\NetBeans 8.1\enterprise\modules\ext\jersey2\ext\validation-api-1.1.0.Final.jar;C:\Program Files\NetBeans 8.1\enterprise\modules\ext\jersey2\jersey-client.jar;C:\Program Files\NetBeans 8.1\enterprise\modules\ext\jersey2\jersey-common.jar;C:\Program Files\NetBeans 8.1\enterprise\modules\ext\jersey2\jersey-container-servlet.jar;C:\Program Files\NetBeans 8.1\enterprise\modules\ext\jersey2\jersey-container-servlet-core.jar;C:\Program Files\NetBeans 8.1\enterprise\modules\ext\jersey2\jersey-server.jar;C:\Program Files\NetBeans 8.1\java\modules\ext\eclipselink\eclipselink.jar" />
    <property name="libs.MySQLDriver.maven-pom" value="" />
    <property name="file.reference.gson-2.2.1.jar" value="lib/gson-2.2.1.jar" />
    <property name="libs.elasticsearch-1.7.4.maven-pom" value="" />
    <property name="libs.hibernate4-persistence.javadoc" value="C:\Program Files\NetBeans 8.1\java\modules\ext\docs\javax.persistence-2.1.0-doc.zip" />
    <property name="libs.junit_4.javadoc" value="C:\Program Files\NetBeans 8.1\platform\docs\junit-4.12-javadoc.jar" />
    <property name="libs.EclipseLink-GlassFish-v3.maven-pom" value="" />
    <property name="libs.javaee-web-api-6.0.maven-pom" value="" />
    <property name="run.classpath" value="${libs.ElasticSearch_1.3.2.classpath}:lib/elasticsearch-1.1.0.jar:lib/gson-2.2.1.jar:lib/javax.json-1.0.4.jar:lib/jersey-bundle-1.18.jar:lib/postgresql-8.4-703.jdbc3.jar:../JDONREFv4/dist/JDONREFv4.jar:C:\Program Files\NetBeans 8.1\platform\modules\ext\junit-4.12.jar:lib/opencsv-2.3.jar:build/classes" />
    <property name="jna.boot.library.name" value="jnidispatch-410" />
    <property name="libs.javaee-endorsed-api-6.0.javadoc" value="C:\Program Files\NetBeans 8.1\enterprise\docs\javaee-doc-api.jar" />
    <property name="libs.googlecollections.maven-pom" value="" />
    <property name="libs.javaee-api-7.0.classpath" value="C:\Program Files\NetBeans 8.1\enterprise\modules\ext\javaee-api-7.0.jar" />
    <property name="sun.awt.datatransfer.timeout" value="1000" />
    <property name="libs.spring-webmvc3.0.javadoc" value="" />
    <property name="libs.jpa2-persistence.maven-pom" value="" />
    <property name="annotation.processing.enabled.in.editor" value="false" />
    <property name="libs.hibernate4-support.classpath" value="C:\Program Files\NetBeans 8.1\java\modules\ext\hibernate4\antlr-2.7.7.jar;C:\Program Files\NetBeans 8.1\java\modules\ext\hibernate4\c3p0-0.9.2.1.jar;C:\Program Files\NetBeans 8.1\java\modules\ext\hibernate4\hibernate-c3p0-4.3.1.Final.jar;C:\Program Files\NetBeans 8.1\java\modules\ext\hibernate4\mchange-commons-java-0.2.3.4.jar;C:\Program Files\NetBeans 8.1\java\modules\ext\hibernate4\dom4j-1.6.1.jar;C:\Program Files\NetBeans 8.1\java\modules\ext\hibernate4\ehcache-core-2.4.3.jar;C:\Program Files\NetBeans 8.1\java\modules\ext\hibernate4\hibernate-ehcache-4.3.1.Final.jar;C:\Program Files\NetBeans 8.1\java\modules\ext\hibernate4\hibernate-core-4.3.1.Final.jar;C:\Program Files\NetBeans 8.1\java\modules\ext\hibernate4\jboss-logging-3.1.3.GA.jar;C:\Program Files\NetBeans 8.1\java\modules\ext\hibernate4\hibernate-commons-annotations-4.0.4.Final.jar;C:\Program Files\NetBeans 8.1\java\modules\ext\hibernate4\hibernate-entitymanager-4.3.1.Final.jar;C:\Program Files\NetBeans 8.1\java\modules\ext\hibernate4\javassist-3.18.1-GA.jar;C:\Program Files\NetBeans 8.1\java\modules\ext\hibernate4\jboss-transaction-api_1.2_spec-1.0.0.Final.jar;C:\Program Files\NetBeans 8.1\java\modules\ext\hibernate4\slf4j-api-1.6.1.jar;C:\Program Files\NetBeans 8.1\java\modules\ext\hibernate4\slf4j-simple-1.6.1.jar" />
    <property name="nb.native.filechooser" value="false" />
    <property name="libs.restapi.src" value="" />
    <property name="sun.management.compiler" value="HotSpot 64-Bit Tiered Compilers" />
    <property name="javac.deprecation" value="false" />
    <property name="javadoc.use" value="true" />
    <property name="sun.java2d.noddraw" value="true" />
    <property name="libs.jsp-compiler.classpath" value="C:\Program Files\NetBeans 8.1\enterprise\ant\extra\jspcompile.jar" />
    <property name="javac.processorpath" value="${libs.ElasticSearch_1.3.2.classpath}:lib/elasticsearch-1.1.0.jar:lib/gson-2.2.1.jar:lib/javax.json-1.0.4.jar:lib/jersey-bundle-1.18.jar:lib/postgresql-8.4-703.jdbc3.jar:../JDONREFv4/dist/JDONREFv4.jar:C:\Program Files\NetBeans 8.1\platform\modules\ext\junit-4.12.jar:lib/opencsv-2.3.jar" />
    <property name="libs.hamcrest.maven-pom" value="" />
    <property name="javac.compilerargs" value="" />
    <property name="ant.file" value="C:\Users\moquetju\Documents\Projets\Referentiel\JDONREF\v4\JDONREFv4River\build.xml" />
    <property name="libs.beans-binding.maven-pom" value="" />
    <property name="libs.hibernate4-support.javadoc" value="C:\Program Files\NetBeans 8.1\java\modules\ext\docs\javax.persistence-2.1.0-doc.zip" />
    <property name="libs.jsf12.classpath" value="C:\Program Files\NetBeans 8.1\enterprise\modules\ext\jsf-1_2\commons-beanutils.jar;C:\Program Files\NetBeans 8.1\enterprise\modules\ext\jsf-1_2\commons-collections.jar;C:\Program Files\NetBeans 8.1\enterprise\modules\ext\jsf-1_2\commons-digester.jar;C:\Program Files\NetBeans 8.1\enterprise\modules\ext\jsf-1_2\commons-logging.jar;C:\Program Files\NetBeans 8.1\enterprise\modules\ext\jsf-1_2\jsf-api.jar;C:\Program Files\NetBeans 8.1\enterprise\modules\ext\jsf-1_2\jsf-impl.jar" />
    <property name="libs.Java-EE-GlassFish-v3-Prelude.classpath" value="C:\Program Files\glassfish-3.1.1\glassfish\modules\endorsed\javax.annotation.jar;C:\Program Files\glassfish-3.1.1\glassfish\modules\endorsed\jaxb-api-osgi.jar;C:\Program Files\glassfish-3.1.1\glassfish\modules\endorsed\webservices-api-osgi.jar;C:\Program Files\glassfish-3.1.1\glassfish\modules\bean-validator.jar;C:\Program Files\glassfish-3.1.1\glassfish\modules\javax.ejb.jar;C:\Program Files\glassfish-3.1.1\glassfish\modules\javax.enterprise.deploy.jar;C:\Program Files\glassfish-3.1.1\glassfish\modules\javax.jms.jar;C:\Program Files\glassfish-3.1.1\glassfish\modules\javax.mail.jar;C:\Program Files\glassfish-3.1.1\glassfish\modules\javax.management.j2ee.jar;C:\Program Files\glassfish-3.1.1\glassfish\modules\javax.persistence.jar;C:\Program Files\glassfish-3.1.1\glassfish\modules\javax.resource.jar;C:\Program Files\glassfish-3.1.1\glassfish\modules\javax.security.auth.message.jar;C:\Program Files\glassfish-3.1.1\glassfish\modules\javax.security.jacc.jar;C:\Program Files\glassfish-3.1.1\glassfish\modules\javax.servlet.jar;C:\Program Files\glassfish-3.1.1\glassfish\modules\javax.servlet.jsp.jar;C:\Program Files\glassfish-3.1.1\glassfish\modules\javax.servlet.jsp.jstl.jar;C:\Program Files\glassfish-3.1.1\glassfish\modules\javax.transaction.jar;C:\Program Files\glassfish-3.1.1\glassfish\modules\jaxb-osgi.jar;C:\Program Files\glassfish-3.1.1\glassfish\modules\jersey-core.jar;C:\Program Files\glassfish-3.1.1\glassfish\modules\webservices-osgi.jar;C:\Program Files\glassfish-3.1.1\glassfish\modules\weld-osgi-bundle.jar;C:\Program Files\glassfish-3.1.1\mq\lib\jaxm-api.jar" />
    <property name="libs.jstl.maven-pom" value="" />
    <property name="libs.restapi.maven-pom" value="" />
    <property name="libs.beans-binding.src" value="" />
    <property name="java.vm.specification.vendor" value="Oracle Corporation" />
    <property name="libs.swing-layout.src" value="C:\Program Files\NetBeans 8.1\platform\docs\swing-layout-1.0.4-src.zip" />
    <property name="org.openide.major.version" value="IDE/1" />
    <property name="java.vm.name" value="Java HotSpot(TM) 64-Bit Server VM" />
    <property name="netbeans.user" value="C:\Users\moquetju\AppData\Roaming\NetBeans\8.1" />
    <property name="javadoc.additionalparam" value="" />
    <property name="java.io.tmpdir" value="C:\Users\moquetju\AppData\Local\Temp\" />
    <property name="java.vendor.url" value="http://java.oracle.com/" />
    <property name="endorsed.classpath.cmd.line.arg" value="" />
    <property name="junit.available" value="true" />
    <property name="libs.jsp-compiler.src" value="" />
    <property name="org.openide.awt.ActionReference.completion" value="org.netbeans.modules.apisupport.project.layers.PathCompletions" />
    <property name="sun.boot.library.path" value="C:\Program Files\Java\jdk1.8.0_72\jre\bin" />
    <property name="have.sources" value="true" />
    <property name="libs.hamcrest.javadoc" value="" />
    <property name="debug.classpath" value="${libs.ElasticSearch_1.3.2.classpath}:lib/elasticsearch-1.1.0.jar:lib/gson-2.2.1.jar:lib/javax.json-1.0.4.jar:lib/jersey-bundle-1.18.jar:lib/postgresql-8.4-703.jdbc3.jar:../JDONREFv4/dist/JDONREFv4.jar:C:\Program Files\NetBeans 8.1\platform\modules\ext\junit-4.12.jar:lib/opencsv-2.3.jar:build/classes" />
    <property name="javac.external.vm" value="false" />
    <property name="javadoc.private" value="false" />
    <property name="test.src.dir" value="test" />
    <property name="libs.elasticsearch-1.7.4.src" value="" />
    <property name="libs.jsf20.classpath" value="C:\Program Files\NetBeans 8.1\enterprise\modules\ext\jsf-2_2\javax.faces.jar" />
    <property name="ap.processors.internal" value="" />
    <property name="meta.inf.dir" value="src/META-INF" />
    <property name="javadoc.encoding.used" value="UTF-8" />
    <property name="dist.jar" value="dist/JDONREFv4River.jar" />
    <property name="libs.spring-framework400.maven-pom" value="" />
    <property name="java.runtime.name" value="Java(TM) SE Runtime Environment" />
    <property name="ant.project.name" value="JDONREFv4River" />
    <property name="netbeans.hash.code" value="unique=NB_EXTIDE_JAVA_WEBCOMMON_WEBEE0e3d12820-48c5-49ed-bffe-12d1c22a2786_8680ec52-7f8c-4894-8118-fe897ed1b687" />
    <property name="netbeans.default_userdir_root" value="C:\Users\moquetju\AppData\Roaming\NetBeans" />
    <property name="libs.jsp-compilation-syscp.maven-pom" value="" />
    <property name="sun.cpu.isalist" value="amd64" />
    <property name="libs.spring-framework400.javadoc" value="" />
    <property name="libs.CopyLibs.javadoc" value="" />
    <property name="org.openide.specification.version" value="6.2" />
    <property name="user.home" value="C:\Users\moquetju" />
    <property name="annotation.processing.processors.list" value="" />
    <property name="libs.primefaces.maven-pom" value="" />
    <property name="debug-args-line" value="-Xdebug" />
    <property name="libs.javaee-api-6.0.maven-pom" value="" />
    <property name="libs.JWSAntTasks.src" value="" />
    <property name="jar.index" value="false" />
    <property name="libs.CopyLibs.maven-pom" value="" />
    <property name="libs.spring-framework300.javadoc" value="" />
    <property name="libs.absolutelayout.javadoc" value="" />
    <property name="java.specification.name" value="Java Platform API Specification" />
    <property name="do.archive+main.class.available" value="true" />
    <property name="java.specification.vendor" value="Oracle Corporation" />
    <property name="libs.javac-api.classpath" value="C:\Program Files\NetBeans 8.1\java\modules\ext\nb-javac-api.jar" />
    <property name="java.version" value="1.8.0_72" />
    <property name="run.jvmargs.ide" value="" />
    <property name="javadoc.version" value="false" />
    <property name="libs.MySQLDriver.javadoc" value="" />
    <property name="org.openide.version" value="deprecated" />
    <property name="source.encoding" value="UTF-8" />
    <property name="platform.java" value="C:\Program Files\Java\jdk1.8.0_72\jre/bin/java" />
    <property name="ap.cmd.line.internal" value="" />
    <property name="libs.eclipselinkmodelgen.maven-pom" value="" />
    <property name="libs.jsp-compilation-syscp.javadoc" value="" />
    <property name="libs.javaee-endorsed-api-7.0.classpath" value="C:\Program Files\NetBeans 8.1\enterprise\modules\ext\javaee7-endorsed\javax.annotation-api.jar;C:\Program Files\NetBeans 8.1\enterprise\modules\ext\javaee7-endorsed\javax.xml.soap-api.jar;C:\Program Files\NetBeans 8.1\enterprise\modules\ext\javaee7-endorsed\jaxb-api-osgi.jar;C:\Program Files\NetBeans 8.1\enterprise\modules\ext\javaee7-endorsed\jaxws-api.jar;C:\Program Files\NetBeans 8.1\enterprise\modules\ext\javaee7-endorsed\jsr181-api.jar" />
    <property name="libs.eclipselinkmodelgen.javadoc" value="" />
    <property name="libs.metro.javadoc" value="C:\Program Files\NetBeans 8.1\enterprise\docs\metro-1.4-doc.zip" />
    <property name="libs.struts.maven-pom" value="" />
    <property name="netbeans.home+have.tests" value="true" />
    <property name="annotation.processing.processor.options" value="" />
    <property name="libs.testng.maven-pom" value="" />
    <property name="libs.jaxb.src" value="" />
    <property name="work.dir" value="C:\Users\moquetju\Documents\Projets\Referentiel\JDONREF\v4\JDONREFv4River" />
    <property name="libs.jaxb.classpath" value="C:\Program Files\NetBeans 8.1\ide\modules\ext\jaxb\jaxb-impl.jar;C:\Program Files\NetBeans 8.1\ide\modules\ext\jaxb\jaxb-xjc.jar;C:\Program Files\NetBeans 8.1\ide\modules\ext\jaxb\jaxb1-impl.jar;C:\Program Files\NetBeans 8.1\ide\modules\ext\jaxb\activation.jar;C:\Program Files\NetBeans 8.1\ide\modules\ext\jaxb\api\jaxb-api.jar;C:\Program Files\NetBeans 8.1\ide\modules\ext\jaxb\api\jsr173_1.0_api.jar" />
    <property name="do.depend" value="false" />
    <property name="dist.javadoc.dir" value="dist/javadoc" />
    <property name="libs.swing-layout.classpath" value="C:\Program Files\NetBeans 8.1\platform\modules\ext\swing-layout-1.0.4.jar" />
    <property name="libs.spring-webmvc3.0.classpath" value="C:\Program Files\NetBeans 8.1\java\modules\ext\spring-3.0\spring-webmvc-3.2.7.RELEASE.jar" />
    <property name="libs.javaee-web-api-7.0.maven-pom" value="" />
    <property name="libs.restlib.src" value="" />
    <property name="javac.source" value="1.7" />
    <property name="build.generated.dir" value="build/generated" />
    <property name="line.separator" value="&#xd;&#xa;" />
    <property name="java.specification.version" value="1.8" />
    <property name="libs.jaxws21.maven-pom" value="" />
    <property name="java.vm.info" value="mixed mode" />
    <property name="nb.junit.batch" value="true" />
    <property name="libs.elasticsearch-2.1.1.src" value="" />
    <property name="junit.forkmode" value="perTest" />
    <property name="ant.file.type.JDONREFv4River" value="file" />
    <property name="sun.boot.class.path" value="C:\Program Files\Java\jdk1.8.0_72\jre\lib\resources.jar;C:\Program Files\Java\jdk1.8.0_72\jre\lib\rt.jar;C:\Program Files\Java\jdk1.8.0_72\jre\lib\sunrsasign.jar;C:\Program Files\Java\jdk1.8.0_72\jre\lib\jsse.jar;C:\Program Files\Java\jdk1.8.0_72\jre\lib\jce.jar;C:\Program Files\Java\jdk1.8.0_72\jre\lib\charsets.jar;C:\Program Files\Java\jdk1.8.0_72\jre\lib\jfr.jar;C:\Program Files\Java\jdk1.8.0_72\jre\classes" />
    <property name="libs.googlecollections.classpath" value="C:\Program Files (x86)\Java\googlecollections\google-collections-1.0.jar" />
    <property name="javac.target" value="1.7" />
    <property name="built-jar.properties" value="C:\Users\moquetju\Documents\Projets\Referentiel\JDONREF\v4\JDONREFv4River\build\built-jar.properties" />
    <property name="build.test.classes.dir" value="build/test/classes" />
    <property name="src.dir" value="src" />
    <property name="sun.awt.keepWorkingSetOnMinimize" value="true" />
    <property name="libs.jpa2-persistence.src" value="" />
    <property name="annotation.processing.enabled" value="true" />
    <property name="libs.jsf20.src" value="" />
    <property name="libs.jpa20-persistence.src" value="" />
    <property name="libs.jsf12.src" value="" />
    <property name="libs.JAVADB_DRIVER_LABEL.maven-pom" value="" />
    <property name="libs.struts.javadoc" value="C:\Program Files\NetBeans 8.1\enterprise\docs\struts-1.3.10-javadoc.zip" />
    <property name="libs.Comet-GlassFish-v3.classpath" value="C:\Program Files\glassfish-3.1.1\glassfish\modules\grizzly-comet.jar" />
    <property name="libs.javaee-web-api-7.0.src" value="" />
    <property name="libs.primefaces.src" value="" />
    <property name="dist.dir" value="dist" />
    <property name="testng.debug.mode" value="" />
    <property name="javac.fork" value="false" />
    <property name="java.awt.printerjob" value="sun.awt.windows.WPrinterJob" />
    <property name="default.javac.source" value="1.8" />
    <property name="debug-transport-by-os" value="dt_shmem" />
    <property name="libs.MySQLDriver.src" value="" />
    <property name="sun.jnu.encoding" value="Cp1252" />
    <property name="build.test.results.dir" value="build/test/results" />
    <property name="java.runtime.version" value="1.8.0_72-b15" />
    <property name="default.javac.target" value="1.8" />
    <property name="libs.junit_4.classpath" value="C:\Program Files\NetBeans 8.1\platform\modules\ext\junit-4.12.jar" />
    <property name="user.timezone" value="" />
    <property name="nb.junit.single" value="false" />
    <property name="do.jar" value="true" />
    <property name="libs.javaee-endorsed-api-6.0.maven-pom" value="" />
    <property name="libs.JAVADB_DRIVER_LABEL.javadoc" value="" />
    <property name="netbeans.dirs" value="C:\Program Files\NetBeans 8.1\nb;C:\Program Files\NetBeans 8.1\ergonomics;C:\Program Files\NetBeans 8.1\ide;C:\Program Files\NetBeans 8.1\extide;C:\Program Files\NetBeans 8.1\java;C:\Program Files\NetBeans 8.1\apisupport;C:\Program Files\NetBeans 8.1\webcommon;C:\Program Files\NetBeans 8.1\websvccommon;C:\Program Files\NetBeans 8.1\enterprise;C:\Program Files\NetBeans 8.1\mobility;C:\Program Files\NetBeans 8.1\profiler;C:\Program Files\NetBeans 8.1\python;C:\Program Files\NetBeans 8.1\php;C:\Program Files\NetBeans 8.1\identity;C:\Program Files\NetBeans 8.1\harness;C:\Program Files\NetBeans 8.1\cnd;C:\Program Files\NetBeans 8.1\cndext;C:\Program Files\NetBeans 8.1\dlight;C:\Program Files\NetBeans 8.1\groovy;C:\Program Files\NetBeans 8.1\extra;C:\Program Files\NetBeans 8.1\javacard;C:\Program Files\NetBeans 8.1\javafx" />
    <property name="libs.elasticsearch-2.1.1.maven-pom" value="" />
    <property name="libs.jstl.javadoc" value="C:\Program Files\NetBeans 8.1\enterprise\docs\javaee-doc-api.jar" />
    <property name="libs.jsf20.javadoc" value="C:\Program Files\NetBeans 8.1\enterprise\docs\javaee-doc-api.jar" />
    <property name="java.ext.dirs" value="C:\Program Files\Java\jdk1.8.0_72\jre\lib\ext;C:\windows\Sun\Java\lib\ext" />
    <property name="libs.metro.src" value="" />
    <property name="endorsed.classpath" value="" />
    <property name="libs.absolutelayout.classpath" value="C:\Program Files\NetBeans 8.1\java\modules\ext\AbsoluteLayout.jar" />
    <property name="excludes" value="" />
    <property name="libs.metro.classpath" value="C:\Program Files\NetBeans 8.1\ide\modules\ext\jaxb\activation.jar;C:\Program Files\NetBeans 8.1\enterprise\modules\ext\metro\webservices-api.jar;C:\Program Files\NetBeans 8.1\enterprise\modules\ext\metro\webservices-extra-api.jar;C:\Program Files\NetBeans 8.1\enterprise\modules\ext\metro\webservices-extra.jar;C:\Program Files\NetBeans 8.1\enterprise\modules\ext\metro\webservices-rt.jar;C:\Program Files\NetBeans 8.1\enterprise\modules\ext\metro\webservices-tools.jar" />
    <property name="libs.restlib.maven-pom" value="" />
    <property name="config" value="JDONREFv4River" />
    <property name="libs.jpa2-persistence.javadoc" value="C:\Program Files\NetBeans 8.1\java\modules\ext\docs\javax.persistence-2.1.0-doc.zip" />
    <property name="ant.file.type.JDONREFv4River-impl" value="file" />
    <property name="apple.laf.useScreenMenuBar" value="true" />
    <property name="java.class.path" value="C:\Users\moquetju\Documents\Projets\Referentiel\JDONREF\v4\JDONREFv4River\lib\elasticsearch-1.1.0.jar;C:\Users\moquetju\Documents\Projets\Referentiel\JDONREF\v4\JDONREFv4River\lib\gson-2.2.1.jar;C:\Users\moquetju\Documents\Projets\Referentiel\JDONREF\v4\JDONREFv4River\lib\javax.json-1.0.4.jar;C:\Users\moquetju\Documents\Projets\Referentiel\JDONREF\v4\JDONREFv4River\lib\jersey-bundle-1.18.jar;C:\Users\moquetju\Documents\Projets\Referentiel\JDONREF\v4\JDONREFv4River\lib\postgresql-8.4-703.jdbc3.jar;C:\Users\moquetju\Documents\Projets\Referentiel\JDONREF\v4\JDONREFv4\dist\JDONREFv4.jar;C:\Program Files\NetBeans 8.1\platform\modules\ext\junit-4.12.jar;C:\Users\moquetju\Documents\Projets\Referentiel\JDONREF\v4\JDONREFv4River\lib\opencsv-2.3.jar;C:\Users\moquetju\Documents\Projets\Referentiel\JDONREF\v4\JDONREFv4River\build\classes;C:\Program Files\NetBeans 8.1\platform\modules\ext\hamcrest-core-1.3.jar;C:\Users\moquetju\Documents\Projets\Referentiel\JDONREF\v4\JDONREFv4River\build\test\classes;C:\Program Files\NetBeans 8.1\extide\ant\lib\ant-launcher.jar;C:\Program Files\NetBeans 8.1\extide\ant\lib\ant.jar;C:\Program Files\NetBeans 8.1\extide\ant\lib\ant-junit.jar;C:\Program Files\NetBeans 8.1\extide\ant\lib\ant-junit4.jar" />
    <property name="do.mkdist" value="true" />
    <property name="libs.absolutelayout.src" value="" />
    <property name="libs.jpa20-persistence.classpath" value="C:\Program Files\NetBeans 8.1\java\modules\ext\eclipselink\javax.persistence_2.1.0.v201304241213.jar" />
    <property name="os.version" value="6.1" />
    <property name="application.args" value="" />
    <property name="libs.EclipseLink-GlassFish-v3.javadoc" value="C:\Program Files\NetBeans 8.1\enterprise\docs\javaee-doc-api.jar" />
    <property name="libs.javaee-api-7.0.maven-pom" value="" />
    <property name="main.class.available" value="true" />
    <property name="sun.awt.enableExtraMouseButtons" value="true" />
    <property name="sun.desktop" value="windows" />
    <property name="libs.hibernate4-persistence.src" value="" />
    <property name="libs.elasticsearch-1.7.4.javadoc" value="" />
    <property name="libs.hibernate4-support.maven-pom" value="" />
    <property name="libs.Comet-GlassFish-v3.src" value="" />
    <property name="libs.restlib.javadoc" value="" />
    <property name="libs.JAXB-ENDORSED.classpath" value="C:\Program Files\NetBeans 8.1\ide\modules\ext\jaxb\api\jaxb-api.jar" />
    <property name="nb.internal.action.name" value="run.single" />
    <property name="libs.javaee-api-7.0.javadoc" value="C:\Program Files\NetBeans 8.1\enterprise\docs\javaee-doc-api.jar" />
    <property name="libs.eclipselink.classpath" value="C:\Program Files\NetBeans 8.1\java\modules\ext\eclipselink\eclipselink.jar;C:\Program Files\NetBeans 8.1\java\modules\ext\eclipselink\javax.persistence_2.1.0.v201304241213.jar;C:\Program Files\NetBeans 8.1\java\modules\ext\eclipselink\org.eclipse.persistence.jpa.jpql_2.5.2.v20140319-9ad6abd.jar" />
    <property name="libs.beans-binding.javadoc" value="C:\Program Files\NetBeans 8.1\java\docs\beansbinding-1.2.1-doc.zip" />
    <property name="java.awt.graphicsenv" value="sun.awt.Win32GraphicsEnvironment" />
    <property name="java.vm.vendor" value="Oracle Corporation" />
    <property name="libs.CopyLibs.classpath" value="C:\Program Files\NetBeans 8.1\java\ant\extra\org-netbeans-modules-java-j2seproject-copylibstask.jar" />
    <property name="libs.spring-framework300.classpath" value="C:\Program Files\NetBeans 8.1\ide\modules\org-apache-commons-logging.jar;C:\Program Files\NetBeans 8.1\java\modules\ext\cglib-2.2.jar;C:\Program Files\NetBeans 8.1\java\modules\ext\spring-3.0\spring-aop-3.2.7.RELEASE.jar;C:\Program Files\NetBeans 8.1\java\modules\ext\spring-3.0\spring-aspects-3.2.7.RELEASE.jar;C:\Program Files\NetBeans 8.1\java\modules\ext\spring-3.0\spring-beans-3.2.7.RELEASE.jar;C:\Program Files\NetBeans 8.1\java\modules\ext\spring-3.0\spring-build-src-3.2.7.RELEASE.jar;C:\Program Files\NetBeans 8.1\java\modules\ext\spring-3.0\spring-context-3.2.7.RELEASE.jar;C:\Program Files\NetBeans 8.1\java\modules\ext\spring-3.0\spring-context-support-3.2.7.RELEASE.jar;C:\Program Files\NetBeans 8.1\java\modules\ext\spring-3.0\spring-core-3.2.7.RELEASE.jar;C:\Program Files\NetBeans 8.1\java\modules\ext\spring-3.0\spring-expression-3.2.7.RELEASE.jar;C:\Program Files\NetBeans 8.1\java\modules\ext\spring-3.0\spring-framework-bom-3.2.7.RELEASE.jar;C:\Program Files\NetBeans 8.1\java\modules\ext\spring-3.0\spring-instrument-3.2.7.RELEASE.jar;C:\Program Files\NetBeans 8.1\java\modules\ext\spring-3.0\spring-instrument-tomcat-3.2.7.RELEASE.jar;C:\Program Files\NetBeans 8.1\java\modules\ext\spring-3.0\spring-jdbc-3.2.7.RELEASE.jar;C:\Program Files\NetBeans 8.1\java\modules\ext\spring-3.0\spring-jms-3.2.7.RELEASE.jar;C:\Program Files\NetBeans 8.1\java\modules\ext\spring-3.0\spring-orm-3.2.7.RELEASE.jar;C:\Program Files\NetBeans 8.1\java\modules\ext\spring-3.0\spring-oxm-3.2.7.RELEASE.jar;C:\Program Files\NetBeans 8.1\java\modules\ext\spring-3.0\spring-struts-3.2.7.RELEASE.jar;C:\Program Files\NetBeans 8.1\java\modules\ext\spring-3.0\spring-test-3.2.7.RELEASE.jar;C:\Program Files\NetBeans 8.1\java\modules\ext\spring-3.0\spring-tx-3.2.7.RELEASE.jar;C:\Program Files\NetBeans 8.1\java\modules\ext\spring-3.0\spring-web-3.2.7.RELEASE.jar;C:\Program Files\NetBeans 8.1\java\modules\ext\spring-3.0\spring-webmvc-3.2.7.RELEASE.jar;C:\Program Files\NetBeans 8.1\java\modules\ext\spring-3.0\spring-webmvc-portlet-3.2.7.RELEASE.jar" />
    <property name="libs.jsp-compiler.maven-pom" value="" />
    <property name="libs.hamcrest.src" value="" />
    <property name="run.jvmargs" value="-Xms8000m -Xmx8000m" />
    <property name="libs.hibernate4-persistence.classpath" value="C:\Program Files\NetBeans 8.1\java\modules\ext\hibernate4\antlr-2.7.7.jar;C:\Program Files\NetBeans 8.1\java\modules\ext\hibernate4\c3p0-0.9.2.1.jar;C:\Program Files\NetBeans 8.1\java\modules\ext\hibernate4\hibernate-c3p0-4.3.1.Final.jar;C:\Program Files\NetBeans 8.1\java\modules\ext\hibernate4\mchange-commons-java-0.2.3.4.jar;C:\Program Files\NetBeans 8.1\java\modules\ext\hibernate4\dom4j-1.6.1.jar;C:\Program Files\NetBeans 8.1\java\modules\ext\hibernate4\ehcache-core-2.4.3.jar;C:\Program Files\NetBeans 8.1\java\modules\ext\hibernate4\hibernate-ehcache-4.3.1.Final.jar;C:\Program Files\NetBeans 8.1\java\modules\ext\hibernate4\hibernate-core-4.3.1.Final.jar;C:\Program Files\NetBeans 8.1\java\modules\ext\hibernate4\jboss-logging-3.1.3.GA.jar;C:\Program Files\NetBeans 8.1\java\modules\ext\hibernate4\hibernate-commons-annotations-4.0.4.Final.jar;C:\Program Files\NetBeans 8.1\java\modules\ext\hibernate4\hibernate-entitymanager-4.3.1.Final.jar;C:\Program Files\NetBeans 8.1\java\modules\ext\hibernate4\javassist-3.18.1-GA.jar;C:\Program Files\NetBeans 8.1\java\modules\ext\hibernate4\jboss-transaction-api_1.2_spec-1.0.0.Final.jar;C:\Program Files\NetBeans 8.1\java\modules\ext\hibernate4\slf4j-api-1.6.1.jar;C:\Program Files\NetBeans 8.1\java\modules\ext\hibernate4\slf4j-simple-1.6.1.jar;C:\Program Files\NetBeans 8.1\java\modules\ext\hibernate4\hibernate-jpa-2.1-api-1.0.0.Final.jar" />
    <property name="libs.JAXB-ENDORSED.src" value="" />
    <property name="libs.testng.javadoc" value="C:\Program Files\NetBeans 8.1\platform\docs\testng-6.8.1-javadoc.zip" />
    <property name="user.script" value="" />
    <property name="libs.PostgreSQLDriver.classpath" value="C:\Program Files\NetBeans 8.1\ide\modules\ext\postgresql-9.2-1002.jdbc4.jar" />
    <property name="libs.jsf12.maven-pom" value="" />
    <property name="libs.hibernate4-persistencemodelgen.classpath" value="C:\Program Files\NetBeans 8.1\java\modules\ext\hibernate4\hibernate-jpamodelgen-4.3.1.Final.jar" />
    <property name="main.class" value="org.elasticsearch.river.jdonrefv4.test.jdonrefindextest.ValideN" />
    <property name="libs.CopyLibs.src" value="" />
    <property name="build.dir" value="build" />
    <property name="libs.jsp-compilation.classpath" value="C:\Program Files\NetBeans 8.1\extide\ant\lib\ant.jar;C:\Program Files\NetBeans 8.1\enterprise\modules\ext\servlet3.1-jsp2.3-api.jar;C:\Program Files\NetBeans 8.1\enterprise\modules\ext\glassfish-jspparser-4.0.jar;C:\Program Files\NetBeans 8.1\enterprise\modules\ext\jsf-2_2\javax.faces.jar;C:\Program Files\NetBeans 8.1\enterprise\modules\ext\jstl-api.jar;C:\Program Files\NetBeans 8.1\extide\ant\lib\ant-launcher.jar" />
    <property name="ant.version" value="Apache Ant(TM) version 1.9.4 compiled on April 29 2014" />
    <property name="file.encoding" value="Cp1252" />
    <property name="build.classes.excludes" value="**/*.java,**/*.form" />
    <property name="jdkBug6558476" value="false" />
    <property name="javadoc.nonavbar" value="false" />
    <property name="libs.spring-webmvc4.0.classpath" value="C:\Program Files\NetBeans 8.1\java\modules\ext\spring-4\spring-webmvc-4.0.1.RELEASE.jar" />
    <property name="platform.active" value="default_platform" />
    <property name="awt.toolkit" value="sun.awt.windows.WToolkit" />
    <property name="libs.javaee-web-api-7.0.javadoc" value="C:\Program Files\NetBeans 8.1\enterprise\docs\javaee-doc-api.jar" />
  </properties>
  <testcase classname="org.elasticsearch.river.jdonrefv4.test.jdonrefindextest.Valide_bd" name="valideTestsAfterIndexation" time="43819.139" />
  <system-out><![CDATA[Démarrage de l'indexation
Creating index : jdonref_idf_departement_1456094660874
{"acknowledged":true}
setRefreshInterval : {"acknowledged":true}
Creating index : jdonref_idf_voie_1456094660874
{"acknowledged":true}
setRefreshInterval : {"acknowledged":true}
Creating index : jdonref_idf_adresse_1456094660874
{"acknowledged":true}
setRefreshInterval : {"acknowledged":true}
Creating index : jdonref_idf_pays_1456094660874
{"acknowledged":true}
setRefreshInterval : {"acknowledged":true}
Creating index : jdonref_idf_commune_1456094660874
{"acknowledged":true}
setRefreshInterval : {"acknowledged":true}
Creating index : jdonref_idf_poizon_1456094660874
{"acknowledged":true}
setRefreshInterval : {"acknowledged":true}
Défini le mapping pour departement à partir du fichier ./src/resources/mapping/mapping-departement.json
{"acknowledged":true}
Défini le mapping pour voie à partir du fichier ./src/resources/mapping/mapping-voie.json
{"acknowledged":true}
Défini le mapping pour adresse à partir du fichier ./src/resources/mapping/mapping-adresse.json
{"acknowledged":true}
Défini le mapping pour pays à partir du fichier ./src/resources/mapping/mapping-pays.json
{"acknowledged":true}
Défini le mapping pour commune à partir du fichier ./src/resources/mapping/mapping-commune.json
{"acknowledged":true}
Défini le mapping pour poizon à partir du fichier ./src/resources/mapping/mapping-poizon.json
{"acknowledged":true}
Pays
1 pays traités
pays : bulk pour les ids de 1 à 30
bulk : {
  "took" : 2095,
  "errors"  ...
31 pays traités
pays : bulk pour les ids de 31 à 60
bulk : {
  "took" : 30,
  "errors" :  ...
61 pays traités
pays : bulk pour les ids de 61 à 90
bulk : {
  "took" : 26,
  "errors" :  ...
91 pays traités
pays : bulk pour les ids de 91 à 120
bulk : {
  "took" : 19,
  "errors" :  ...
121 pays traités
pays : bulk pour les ids de 121 à 150
bulk : {
  "took" : 20,
  "errors" :  ...
151 pays traités
pays : bulk pour les ids de 151 à 180
bulk : {
  "took" : 19,
  "errors" :  ...
181 pays traités
pays : bulk pour les ids de 181 à 200
bulk : {
  "took" : 12,
  "errors" :  ...
setRefreshInterval : {"acknowledged":true}
setReplicaNumber : {"acknowledged":true}
{"actions":[{"add":{"index":"jdonref_idf_pays_1456094660874","alias":"jdonref"}}]}
exchangeIndexInAlias : {"acknowledged":true}
{"actions":[{"add":{"index":"jdonref_idf_pays_1456094660874","alias":"jdonref_idf"}}]}
exchangeIndexInAlias : {"acknowledged":true}
Départements
1 départements traités
1 départements traités
departement : bulk pour les ids de 1 à 30
bulk : {
  "took" : 155,
  "errors" : ...
31 départements traités
31 départements traités
departement : bulk pour les ids de 31 à 60
bulk : {
  "took" : 22,
  "errors" :  ...
61 départements traités
61 départements traités
departement : bulk pour les ids de 61 à 90
bulk : {
  "took" : 10,
  "errors" :  ...
91 départements traités
91 départements traités
departement : bulk pour les ids de 91 à 94
bulk : {
  "took" : 2,
  "errors" : f ...
setRefreshInterval : {"acknowledged":true}
setReplicaNumber : {"acknowledged":true}
{"actions":[{"add":{"index":"jdonref_idf_departement_1456094660874","alias":"jdonref"}}]}
exchangeIndexInAlias : {"acknowledged":true}
{"actions":[{"add":{"index":"jdonref_idf_departement_1456094660874","alias":"jdonref_idf"}}]}
exchangeIndexInAlias : {"acknowledged":true}
Communes
1 communes traitées
1 communes traitées
commune : bulk pour les ids de 1 à 500
bulk : {
  "took" : 221,
  "errors" : ...
501 communes traitées
501 communes traitées
commune : bulk pour les ids de 501 à 1000
bulk : {
  "took" : 124,
  "errors" : ...
1001 communes traitées
1001 communes traitées
commune : bulk pour les ids de 1001 à 1500
bulk : {
  "took" : 201,
  "errors" : ...
1501 communes traitées
1501 communes traitées
commune : bulk pour les ids de 1501 à 2000
bulk : {
  "took" : 88,
  "errors" :  ...
2001 communes traitées
2001 communes traitées
commune : bulk pour les ids de 2001 à 2500
bulk : {
  "took" : 129,
  "errors" : ...
2501 communes traitées
2501 communes traitées
commune : bulk pour les ids de 2501 à 3000
bulk : {
  "took" : 90,
  "errors" :  ...
3001 communes traitées
3001 communes traitées
commune : bulk pour les ids de 3001 à 3500
bulk : {
  "took" : 53,
  "errors" :  ...
3501 communes traitées
3501 communes traitées
commune : bulk pour les ids de 3501 à 4000
bulk : {
  "took" : 97,
  "errors" :  ...
4001 communes traitées
4001 communes traitées
commune : bulk pour les ids de 4001 à 4500
bulk : {
  "took" : 121,
  "errors" : ...
4501 communes traitées
4501 communes traitées
commune : bulk pour les ids de 4501 à 5000
bulk : {
  "took" : 46,
  "errors" :  ...
5001 communes traitées
5001 communes traitées
commune : bulk pour les ids de 5001 à 5500
bulk : {
  "took" : 50,
  "errors" :  ...
5501 communes traitées
5501 communes traitées
commune : bulk pour les ids de 5501 à 6000
bulk : {
  "took" : 64,
  "errors" :  ...
6001 communes traitées
6001 communes traitées
commune : bulk pour les ids de 6001 à 6500
bulk : {
  "took" : 66,
  "errors" :  ...
6501 communes traitées
6501 communes traitées
commune : bulk pour les ids de 6501 à 7000
bulk : {
  "took" : 73,
  "errors" :  ...
7001 communes traitées
7001 communes traitées
commune : bulk pour les ids de 7001 à 7500
bulk : {
  "took" : 43,
  "errors" :  ...
7501 communes traitées
7501 communes traitées
commune : bulk pour les ids de 7501 à 8000
bulk : {
  "took" : 82,
  "errors" :  ...
8001 communes traitées
8001 communes traitées
commune : bulk pour les ids de 8001 à 8500
bulk : {
  "took" : 54,
  "errors" :  ...
8501 communes traitées
8501 communes traitées
commune : bulk pour les ids de 8501 à 9000
bulk : {
  "took" : 49,
  "errors" :  ...
9001 communes traitées
9001 communes traitées
commune : bulk pour les ids de 9001 à 9500
bulk : {
  "took" : 51,
  "errors" :  ...
9501 communes traitées
9501 communes traitées
commune : bulk pour les ids de 9501 à 10000
bulk : {
  "took" : 69,
  "errors" :  ...
10001 communes traitées
10001 communes traitées
commune : bulk pour les ids de 10001 à 10500
bulk : {
  "took" : 38,
  "errors" :  ...
10501 communes traitées
10501 communes traitées
commune : bulk pour les ids de 10501 à 11000
bulk : {
  "took" : 62,
  "errors" :  ...
11001 communes traitées
11001 communes traitées
commune : bulk pour les ids de 11001 à 11500
bulk : {
  "took" : 66,
  "errors" :  ...
11501 communes traitées
11501 communes traitées
commune : bulk pour les ids de 11501 à 12000
bulk : {
  "took" : 71,
  "errors" :  ...
12001 communes traitées
12001 communes traitées
commune : bulk pour les ids de 12001 à 12500
bulk : {
  "took" : 34,
  "errors" :  ...
12501 communes traitées
12501 communes traitées
commune : bulk pour les ids de 12501 à 13000
bulk : {
  "took" : 32,
  "errors" :  ...
13001 communes traitées
13001 communes traitées
commune : bulk pour les ids de 13001 à 13500
bulk : {
  "took" : 44,
  "errors" :  ...
13501 communes traitées
13501 communes traitées
commune : bulk pour les ids de 13501 à 14000
bulk : {
  "took" : 65,
  "errors" :  ...
14001 communes traitées
14001 communes traitées
commune : bulk pour les ids de 14001 à 14500
bulk : {
  "took" : 48,
  "errors" :  ...
14501 communes traitées
14501 communes traitées
commune : bulk pour les ids de 14501 à 15000
bulk : {
  "took" : 30,
  "errors" :  ...
15001 communes traitées
15001 communes traitées
commune : bulk pour les ids de 15001 à 15500
bulk : {
  "took" : 35,
  "errors" :  ...
15501 communes traitées
15501 communes traitées
commune : bulk pour les ids de 15501 à 16000
bulk : {
  "took" : 58,
  "errors" :  ...
16001 communes traitées
16001 communes traitées
commune : bulk pour les ids de 16001 à 16500
bulk : {
  "took" : 48,
  "errors" :  ...
16501 communes traitées
16501 communes traitées
commune : bulk pour les ids de 16501 à 17000
bulk : {
  "took" : 46,
  "errors" :  ...
17001 communes traitées
17001 communes traitées
commune : bulk pour les ids de 17001 à 17500
bulk : {
  "took" : 33,
  "errors" :  ...
17501 communes traitées
17501 communes traitées
commune : bulk pour les ids de 17501 à 18000
bulk : {
  "took" : 51,
  "errors" :  ...
18001 communes traitées
18001 communes traitées
commune : bulk pour les ids de 18001 à 18500
bulk : {
  "took" : 44,
  "errors" :  ...
18501 communes traitées
18501 communes traitées
commune : bulk pour les ids de 18501 à 19000
bulk : {
  "took" : 37,
  "errors" :  ...
19001 communes traitées
19001 communes traitées
commune : bulk pour les ids de 19001 à 19500
bulk : {
  "took" : 42,
  "errors" :  ...
19501 communes traitées
19501 communes traitées
commune : bulk pour les ids de 19501 à 20000
bulk : {
  "took" : 45,
  "errors" :  ...
20001 communes traitées
20001 communes traitées
commune : bulk pour les ids de 20001 à 20500
bulk : {
  "took" : 32,
  "errors" :  ...
20501 communes traitées
20501 communes traitées
commune : bulk pour les ids de 20501 à 21000
bulk : {
  "took" : 46,
  "errors" :  ...
21001 communes traitées
21001 communes traitées
commune : bulk pour les ids de 21001 à 21500
bulk : {
  "took" : 30,
  "errors" :  ...
21501 communes traitées
21501 communes traitées
commune : bulk pour les ids de 21501 à 22000
bulk : {
  "took" : 57,
  "errors" :  ...
22001 communes traitées
22001 communes traitées
commune : bulk pour les ids de 22001 à 22500
bulk : {
  "took" : 30,
  "errors" :  ...
22501 communes traitées
22501 communes traitées
commune : bulk pour les ids de 22501 à 23000
bulk : {
  "took" : 59,
  "errors" :  ...
23001 communes traitées
23001 communes traitées
commune : bulk pour les ids de 23001 à 23500
bulk : {
  "took" : 36,
  "errors" :  ...
23501 communes traitées
23501 communes traitées
commune : bulk pour les ids de 23501 à 24000
bulk : {
  "took" : 29,
  "errors" :  ...
24001 communes traitées
24001 communes traitées
commune : bulk pour les ids de 24001 à 24500
bulk : {
  "took" : 46,
  "errors" :  ...
24501 communes traitées
24501 communes traitées
commune : bulk pour les ids de 24501 à 25000
bulk : {
  "took" : 38,
  "errors" :  ...
25001 communes traitées
25001 communes traitées
commune : bulk pour les ids de 25001 à 25500
bulk : {
  "took" : 26,
  "errors" :  ...
25501 communes traitées
25501 communes traitées
commune : bulk pour les ids de 25501 à 26000
bulk : {
  "took" : 58,
  "errors" :  ...
26001 communes traitées
26001 communes traitées
commune : bulk pour les ids de 26001 à 26500
bulk : {
  "took" : 35,
  "errors" :  ...
26501 communes traitées
26501 communes traitées
commune : bulk pour les ids de 26501 à 27000
bulk : {
  "took" : 32,
  "errors" :  ...
27001 communes traitées
27001 communes traitées
commune : bulk pour les ids de 27001 à 27500
bulk : {
  "took" : 42,
  "errors" :  ...
27501 communes traitées
27501 communes traitées
commune : bulk pour les ids de 27501 à 28000
bulk : {
  "took" : 55,
  "errors" :  ...
28001 communes traitées
28001 communes traitées
commune : bulk pour les ids de 28001 à 28500
bulk : {
  "took" : 26,
  "errors" :  ...
28501 communes traitées
28501 communes traitées
commune : bulk pour les ids de 28501 à 29000
bulk : {
  "took" : 28,
  "errors" :  ...
29001 communes traitées
29001 communes traitées
commune : bulk pour les ids de 29001 à 29500
bulk : {
  "took" : 28,
  "errors" :  ...
29501 communes traitées
29501 communes traitées
commune : bulk pour les ids de 29501 à 30000
bulk : {
  "took" : 56,
  "errors" :  ...
30001 communes traitées
30001 communes traitées
commune : bulk pour les ids de 30001 à 30500
bulk : {
  "took" : 26,
  "errors" :  ...
30501 communes traitées
30501 communes traitées
commune : bulk pour les ids de 30501 à 31000
bulk : {
  "took" : 28,
  "errors" :  ...
31001 communes traitées
31001 communes traitées
commune : bulk pour les ids de 31001 à 31500
bulk : {
  "took" : 38,
  "errors" :  ...
31501 communes traitées
31501 communes traitées
commune : bulk pour les ids de 31501 à 32000
bulk : {
  "took" : 52,
  "errors" :  ...
32001 communes traitées
32001 communes traitées
commune : bulk pour les ids de 32001 à 32500
bulk : {
  "took" : 35,
  "errors" :  ...
32501 communes traitées
32501 communes traitées
commune : bulk pour les ids de 32501 à 33000
bulk : {
  "took" : 26,
  "errors" :  ...
33001 communes traitées
33001 communes traitées
commune : bulk pour les ids de 33001 à 33500
bulk : {
  "took" : 27,
  "errors" :  ...
33501 communes traitées
33501 communes traitées
commune : bulk pour les ids de 33501 à 34000
bulk : {
  "took" : 50,
  "errors" :  ...
34001 communes traitées
34001 communes traitées
commune : bulk pour les ids de 34001 à 34500
bulk : {
  "took" : 31,
  "errors" :  ...
34501 communes traitées
34501 communes traitées
commune : bulk pour les ids de 34501 à 35000
bulk : {
  "took" : 34,
  "errors" :  ...
35001 communes traitées
35001 communes traitées
commune : bulk pour les ids de 35001 à 35500
bulk : {
  "took" : 28,
  "errors" :  ...
35501 communes traitées
35501 communes traitées
commune : bulk pour les ids de 35501 à 36000
bulk : {
  "took" : 46,
  "errors" :  ...
36001 communes traitées
36001 communes traitées
commune : bulk pour les ids de 36001 à 36500
bulk : {
  "took" : 39,
  "errors" :  ...
36501 communes traitées
36501 communes traitées
commune : bulk pour les ids de 36501 à 36680
setRefreshInterval : {"acknowledged":true}
setReplicaNumber : {"acknowledged":true}
{"actions":[{"add":{"index":"jdonref_idf_commune_1456094660874","alias":"jdonref"}}]}
exchangeIndexInAlias : {"acknowledged":true}
{"actions":[{"add":{"index":"jdonref_idf_commune_1456094660874","alias":"jdonref_idf"}}]}
exchangeIndexInAlias : {"acknowledged":true}
Poizon
1 poizon traités
1 poizon traités
poizon : bulk pour les ids de 1 à 1000
bulk : {
  "took" : 233,
  "errors" : ...
1001 poizon traités
poizon : bulk pour les ids de 1001 à 2000
bulk : {
  "took" : 105,
  "errors" : ...
2001 poizon traités
2001 poizon traités
poizon : bulk pour les ids de 2001 à 3000
bulk : {
  "took" : 201,
  "errors" : ...
3001 poizon traités
3001 poizon traités
poizon : bulk pour les ids de 3001 à 4000
bulk : {
  "took" : 168,
  "errors" : ...
4001 poizon traités
4001 poizon traités
poizon : bulk pour les ids de 4001 à 5000
bulk : {
  "took" : 102,
  "errors" : ...
5001 poizon traités
5001 poizon traités
poizon : bulk pour les ids de 5001 à 6000
bulk : {
  "took" : 123,
  "errors" : ...
6001 poizon traités
6001 poizon traités
poizon : bulk pour les ids de 6001 à 7000
bulk : {
  "took" : 73,
  "errors" :  ...
7001 poizon traités
7001 poizon traités
poizon : bulk pour les ids de 7001 à 8000
bulk : {
  "took" : 92,
  "errors" :  ...
8001 poizon traités
8001 poizon traités
poizon : bulk pour les ids de 8001 à 9000
bulk : {
  "took" : 65,
  "errors" :  ...
9001 poizon traités
9001 poizon traités
poizon : bulk pour les ids de 9001 à 10000
bulk : {
  "took" : 96,
  "errors" :  ...
10001 poizon traités
poizon : bulk pour les ids de 10001 à 11000
bulk : {
  "took" : 56,
  "errors" :  ...
11001 poizon traités
11001 poizon traités
poizon : bulk pour les ids de 11001 à 12000
bulk : {
  "took" : 52,
  "errors" :  ...
12001 poizon traités
12001 poizon traités
poizon : bulk pour les ids de 12001 à 13000
bulk : {
  "took" : 101,
  "errors" : ...
13001 poizon traités
13001 poizon traités
poizon : bulk pour les ids de 13001 à 14000
bulk : {
  "took" : 52,
  "errors" :  ...
14001 poizon traités
14001 poizon traités
poizon : bulk pour les ids de 14001 à 15000
bulk : {
  "took" : 73,
  "errors" :  ...
15001 poizon traités
15001 poizon traités
poizon : bulk pour les ids de 15001 à 16000
bulk : {
  "took" : 53,
  "errors" :  ...
16001 poizon traités
16001 poizon traités
poizon : bulk pour les ids de 16001 à 17000
bulk : {
  "took" : 86,
  "errors" :  ...
17001 poizon traités
17001 poizon traités
poizon : bulk pour les ids de 17001 à 18000
bulk : {
  "took" : 53,
  "errors" :  ...
18001 poizon traités
18001 poizon traités
poizon : bulk pour les ids de 18001 à 19000
bulk : {
  "took" : 73,
  "errors" :  ...
19001 poizon traités
19001 poizon traités
poizon : bulk pour les ids de 19001 à 20000
bulk : {
  "took" : 78,
  "errors" :  ...
20001 poizon traités
20001 poizon traités
poizon : bulk pour les ids de 20001 à 21000
bulk : {
  "took" : 81,
  "errors" :  ...
21001 poizon traités
21001 poizon traités
poizon : bulk pour les ids de 21001 à 21497
bulk : {
  "took" : 32,
  "errors" :  ...
setRefreshInterval : {"acknowledged":true}
setReplicaNumber : {"acknowledged":true}
{"actions":[{"add":{"index":"jdonref_idf_poizon_1456094660874","alias":"jdonref"}}]}
exchangeIndexInAlias : {"acknowledged":true}
{"actions":[{"add":{"index":"jdonref_idf_poizon_1456094660874","alias":"jdonref_idf"}}]}
exchangeIndexInAlias : {"acknowledged":true}
dpt 01 : voies
01: 1 voies traitées
voie : bulk pour les ids de 1 à 200
bulk : {
  "took" : 38,
  "errors" :  ...
01: 201 voies traitées
voie : bulk pour les ids de 201 à 400
bulk : {
  "took" : 40,
  "errors" :  ...
01: 401 voies traitées
voie : bulk pour les ids de 401 à 600
bulk : {
  "took" : 16,
  "errors" :  ...
01: 601 voies traitées
voie : bulk pour les ids de 601 à 800
bulk : {
  "took" : 15,
  "errors" :  ...
01: 801 voies traitées
voie : bulk pour les ids de 801 à 1000
bulk : {
  "took" : 12,
  "errors" :  ...
01: 1001 voies traitées
voie : bulk pour les ids de 1001 à 1200
bulk : {
  "took" : 12,
  "errors" :  ...
01: 1201 voies traitées
voie : bulk pour les ids de 1201 à 1400
bulk : {
  "took" : 12,
  "errors" :  ...
01: 1401 voies traitées
voie : bulk pour les ids de 1401 à 1600
bulk : {
  "took" : 12,
  "errors" :  ...
01: 1601 voies traitées
voie : bulk pour les ids de 1601 à 1800
bulk : {
  "took" : 12,
  "errors" :  ...
01: 1801 voies traitées
voie : bulk pour les ids de 1801 à 2000
bulk : {
  "took" : 13,
  "errors" :  ...
01: 2001 voies traitées
voie : bulk pour les ids de 2001 à 2200
bulk : {
  "took" : 13,
  "errors" :  ...
01: 2201 voies traitées
voie : bulk pour les ids de 2201 à 2400
bulk : {
  "took" : 41,
  "errors" :  ...
01: 2401 voies traitées
voie : bulk pour les ids de 2401 à 2600
bulk : {
  "took" : 13,
  "errors" :  ...
01: 2601 voies traitées
voie : bulk pour les ids de 2601 à 2800
bulk : {
  "took" : 13,
  "errors" :  ...
01: 2801 voies traitées
voie : bulk pour les ids de 2801 à 3000
bulk : {
  "took" : 11,
  "errors" :  ...
01: 3001 voies traitées
voie : bulk pour les ids de 3001 à 3200
bulk : {
  "took" : 12,
  "errors" :  ...
01: 3201 voies traitées
voie : bulk pour les ids de 3201 à 3400
bulk : {
  "took" : 24,
  "errors" :  ...
01: 3401 voies traitées
voie : bulk pour les ids de 3401 à 3600
bulk : {
  "took" : 12,
  "errors" :  ...
01: 3601 voies traitées
voie : bulk pour les ids de 3601 à 3800
bulk : {
  "took" : 12,
  "errors" :  ...
01: 3801 voies traitées
voie : bulk pour les ids de 3801 à 4000
bulk : {
  "took" : 47,
  "errors" :  ...
01: 4001 voies traitées
voie : bulk pour les ids de 4001 à 4200
bulk : {
  "took" : 35,
  "errors" :  ...
01: 4201 voies traitées
voie : bulk pour les ids de 4201 à 4400
bulk : {
  "took" : 12,
  "errors" :  ...
01: 4401 voies traitées
voie : bulk pour les ids de 4401 à 4600
bulk : {
  "took" : 13,
  "errors" :  ...
01: 4601 voies traitées
voie : bulk pour les ids de 4601 à 4800
bulk : {
  "took" : 17,
  "errors" :  ...
01: 4801 voies traitées
voie : bulk pour les ids de 4801 à 5000
bulk : {
  "took" : 18,
  "errors" :  ...
01: 5001 voies traitées
voie : bulk pour les ids de 5001 à 5200
bulk : {
  "took" : 12,
  "errors" :  ...
01: 5201 voies traitées
voie : bulk pour les ids de 5201 à 5400
bulk : {
  "took" : 13,
  "errors" :  ...
01: 5401 voies traitées
voie : bulk pour les ids de 5401 à 5600
bulk : {
  "took" : 12,
  "errors" :  ...
01: 5601 voies traitées
voie : bulk pour les ids de 5601 à 5800
bulk : {
  "took" : 12,
  "errors" :  ...
01: 5801 voies traitées
voie : bulk pour les ids de 5801 à 6000
bulk : {
  "took" : 68,
  "errors" :  ...
01: 6001 voies traitées
voie : bulk pour les ids de 6001 à 6200
bulk : {
  "took" : 13,
  "errors" :  ...
01: 6201 voies traitées
voie : bulk pour les ids de 6201 à 6400
bulk : {
  "took" : 12,
  "errors" :  ...
01: 6401 voies traitées
voie : bulk pour les ids de 6401 à 6600
bulk : {
  "took" : 17,
  "errors" :  ...
01: 6601 voies traitées
voie : bulk pour les ids de 6601 à 6800
bulk : {
  "took" : 22,
  "errors" :  ...
01: 6801 voies traitées
voie : bulk pour les ids de 6801 à 7000
bulk : {
  "took" : 19,
  "errors" :  ...
01: 7001 voies traitées
voie : bulk pour les ids de 7001 à 7200
bulk : {
  "took" : 12,
  "errors" :  ...
01: 7201 voies traitées
voie : bulk pour les ids de 7201 à 7400
bulk : {
  "took" : 12,
  "errors" :  ...
01: 7401 voies traitées
voie : bulk pour les ids de 7401 à 7600
bulk : {
  "took" : 12,
  "errors" :  ...
01: 7601 voies traitées
voie : bulk pour les ids de 7601 à 7800
bulk : {
  "took" : 13,
  "errors" :  ...
01: 7801 voies traitées
voie : bulk pour les ids de 7801 à 8000
bulk : {
  "took" : 22,
  "errors" :  ...
01: 8001 voies traitées
voie : bulk pour les ids de 8001 à 8200
bulk : {
  "took" : 33,
  "errors" :  ...
01: 8201 voies traitées
voie : bulk pour les ids de 8201 à 8400
bulk : {
  "took" : 16,
  "errors" :  ...
01: 8401 voies traitées
voie : bulk pour les ids de 8401 à 8600
bulk : {
  "took" : 12,
  "errors" :  ...
01: 8601 voies traitées
voie : bulk pour les ids de 8601 à 8800
bulk : {
  "took" : 12,
  "errors" :  ...
01: 8801 voies traitées
voie : bulk pour les ids de 8801 à 9000
bulk : {
  "took" : 13,
  "errors" :  ...
01: 9001 voies traitées
voie : bulk pour les ids de 9001 à 9200
bulk : {
  "took" : 11,
  "errors" :  ...
01: 9201 voies traitées
voie : bulk pour les ids de 9201 à 9400
bulk : {
  "took" : 11,
  "errors" :  ...
01: 9401 voies traitées
voie : bulk pour les ids de 9401 à 9600
bulk : {
  "took" : 11,
  "errors" :  ...
01: 9601 voies traitées
voie : bulk pour les ids de 9601 à 9800
bulk : {
  "took" : 12,
  "errors" :  ...
01: 9801 voies traitées
voie : bulk pour les ids de 9801 à 10000
bulk : {
  "took" : 13,
  "errors" :  ...
01: 10001 voies traitées
voie : bulk pour les ids de 10001 à 10200
bulk : {
  "took" : 38,
  "errors" :  ...
01: 10201 voies traitées
voie : bulk pour les ids de 10201 à 10400
bulk : {
  "took" : 16,
  "errors" :  ...
01: 10401 voies traitées
voie : bulk pour les ids de 10401 à 10600
bulk : {
  "took" : 13,
  "errors" :  ...
01: 10601 voies traitées
voie : bulk pour les ids de 10601 à 10800
bulk : {
  "took" : 12,
  "errors" :  ...
01: 10801 voies traitées
voie : bulk pour les ids de 10801 à 11000
bulk : {
  "took" : 11,
  "errors" :  ...
01: 11001 voies traitées
voie : bulk pour les ids de 11001 à 11200
bulk : {
  "took" : 12,
  "errors" :  ...
01: 11201 voies traitées
voie : bulk pour les ids de 11201 à 11400
bulk : {
  "took" : 12,
  "errors" :  ...
01: 11401 voies traitées
voie : bulk pour les ids de 11401 à 11600
bulk : {
  "took" : 12,
  "errors" :  ...
01: 11601 voies traitées
voie : bulk pour les ids de 11601 à 11800
bulk : {
  "took" : 17,
  "errors" :  ...
01: 11801 voies traitées
voie : bulk pour les ids de 11801 à 12000
bulk : {
  "took" : 11,
  "errors" :  ...
01: 12001 voies traitées
voie : bulk pour les ids de 12001 à 12200
bulk : {
  "took" : 36,
  "errors" :  ...
01: 12201 voies traitées
voie : bulk pour les ids de 12201 à 12400
bulk : {
  "took" : 17,
  "errors" :  ...
01: 12401 voies traitées
voie : bulk pour les ids de 12401 à 12600
bulk : {
  "took" : 13,
  "errors" :  ...
01: 12601 voies traitées
voie : bulk pour les ids de 12601 à 12800
bulk : {
  "took" : 12,
  "errors" :  ...
01: 12801 voies traitées
voie : bulk pour les ids de 12801 à 13000
bulk : {
  "took" : 13,
  "errors" :  ...
01: 13001 voies traitées
voie : bulk pour les ids de 13001 à 13200
bulk : {
  "took" : 11,
  "errors" :  ...
01: 13201 voies traitées
voie : bulk pour les ids de 13201 à 13400
bulk : {
  "took" : 12,
  "errors" :  ...
01: 13401 voies traitées
voie : bulk pour les ids de 13401 à 13600
bulk : {
  "took" : 21,
  "errors" :  ...
01: 13601 voies traitées
voie : bulk pour les ids de 13601 à 13800
bulk : {
  "took" : 22,
  "errors" :  ...
01: 13801 voies traitées
voie : bulk pour les ids de 13801 à 14000
bulk : {
  "took" : 40,
  "errors" :  ...
01: 14001 voies traitées
voie : bulk pour les ids de 14001 à 14200
bulk : {
  "took" : 12,
  "errors" :  ...
01: 14201 voies traitées
voie : bulk pour les ids de 14201 à 14400
bulk : {
  "took" : 12,
  "errors" :  ...
01: 14401 voies traitées
voie : bulk pour les ids de 14401 à 14600
bulk : {
  "took" : 12,
  "errors" :  ...
01: 14601 voies traitées
voie : bulk pour les ids de 14601 à 14800
bulk : {
  "took" : 12,
  "errors" :  ...
01: 14801 voies traitées
voie : bulk pour les ids de 14801 à 15000
bulk : {
  "took" : 12,
  "errors" :  ...
01: 15001 voies traitées
voie : bulk pour les ids de 15001 à 15135
bulk : {
  "took" : 8,
  "errors" : f ...
dpt 01 : adresses
01: 1 adresses traitées
01: 1001 adresses traitées
adresse : bulk pour les ids de 1 à 1000
bulk : {
  "took" : 148,
  "errors" : ...
01: 2001 adresses traitées
adresse : bulk pour les ids de 1001 à 2000
bulk : {
  "took" : 120,
  "errors" : ...
01: 3001 adresses traitées
adresse : bulk pour les ids de 2001 à 3000
bulk : {
  "took" : 102,
  "errors" : ...
01: 4001 adresses traitées
adresse : bulk pour les ids de 3001 à 4000
bulk : {
  "took" : 99,
  "errors" :  ...
01: 5001 adresses traitées
adresse : bulk pour les ids de 4001 à 5000
bulk : {
  "took" : 83,
  "errors" :  ...
01: 6001 adresses traitées
adresse : bulk pour les ids de 5001 à 6000
bulk : {
  "took" : 99,
  "errors" :  ...
01: 7001 adresses traitées
adresse : bulk pour les ids de 6001 à 7000
bulk : {
  "took" : 64,
  "errors" :  ...
01: 8001 adresses traitées
adresse : bulk pour les ids de 7001 à 8000
bulk : {
  "took" : 114,
  "errors" : ...
01: 9001 adresses traitées
adresse : bulk pour les ids de 8001 à 9000
bulk : {
  "took" : 66,
  "errors" :  ...
01: 10001 adresses traitées
adresse : bulk pour les ids de 9001 à 10000
bulk : {
  "took" : 103,
  "errors" : ...
01: 11001 adresses traitées
01: 12001 adresses traitées
adresse : bulk pour les ids de 10001 à 11000
bulk : {
  "took" : 83,
  "errors" :  ...
01: 13001 adresses traitées
adresse : bulk pour les ids de 11001 à 12000
bulk : {
  "took" : 110,
  "errors" : ...
01: 14001 adresses traitées
adresse : bulk pour les ids de 12001 à 13000
bulk : {
  "took" : 113,
  "errors" : ...
01: 15001 adresses traitées
adresse : bulk pour les ids de 13001 à 14000
bulk : {
  "took" : 71,
  "errors" :  ...
01: 16001 adresses traitées
adresse : bulk pour les ids de 14001 à 15000
bulk : {
  "took" : 121,
  "errors" : ...
01: 17001 adresses traitées
adresse : bulk pour les ids de 15001 à 16000
bulk : {
  "took" : 89,
  "errors" :  ...
01: 18001 adresses traitées
adresse : bulk pour les ids de 16001 à 17000
bulk : {
  "took" : 114,
  "errors" : ...
01: 19001 adresses traitées
adresse : bulk pour les ids de 17001 à 18000
bulk : {
  "took" : 98,
  "errors" :  ...
01: 20001 adresses traitées
adresse : bulk pour les ids de 18001 à 19000
bulk : {
  "took" : 110,
  "errors" : ...
01: 21001 adresses traitées
adresse : bulk pour les ids de 19001 à 20000
bulk : {
  "took" : 101,
  "errors" : ...
01: 22001 adresses traitées
adresse : bulk pour les ids de 20001 à 21000
bulk : {
  "took" : 84,
  "errors" :  ...
01: 23001 adresses traitées
adresse : bulk pour les ids de 21001 à 22000
bulk : {
  "took" : 85,
  "errors" :  ...
01: 24001 adresses traitées
adresse : bulk pour les ids de 22001 à 23000
bulk : {
  "took" : 83,
  "errors" :  ...
01: 25001 adresses traitées
adresse : bulk pour les ids de 23001 à 24000
bulk : {
  "took" : 73,
  "errors" :  ...
01: 26001 adresses traitées
adresse : bulk pour les ids de 24001 à 25000
bulk : {
  "took" : 84,
  "errors" :  ...
01: 27001 adresses traitées
01: 28001 adresses traitées
adresse : bulk pour les ids de 25001 à 26000
bulk : {
  "took" : 93,
  "errors" :  ...
01: 29001 adresses traitées
adresse : bulk pour les ids de 26001 à 27000
bulk : {
  "took" : 61,
  "errors" :  ...
01: 30001 adresses traitées
adresse : bulk pour les ids de 27001 à 28000
bulk : {
  "took" : 102,
  "errors" : ...
01: 31001 adresses traitées
adresse : bulk pour les ids de 28001 à 29000
bulk : {
  "took" : 64,
  "errors" :  ...
01: 32001 adresses traitées
adresse : bulk pour les ids de 29001 à 30000
bulk : {
  "took" : 101,
  "errors" : ...
01: 33001 adresses traitées
adresse : bulk pour les ids de 30001 à 31000
bulk : {
  "took" : 61,
  "errors" :  ...
01: 34001 adresses traitées
adresse : bulk pour les ids de 31001 à 32000
bulk : {
  "took" : 100,
  "errors" : ...
01: 35001 adresses traitées
adresse : bulk pour les ids de 32001 à 33000
bulk : {
  "took" : 83,
  "errors" :  ...
01: 36001 adresses traitées
adresse : bulk pour les ids de 33001 à 34000
bulk : {
  "took" : 78,
  "errors" :  ...
01: 37001 adresses traitées
adresse : bulk pour les ids de 34001 à 35000
bulk : {
  "took" : 60,
  "errors" :  ...
01: 38001 adresses traitées
adresse : bulk pour les ids de 35001 à 36000
bulk : {
  "took" : 102,
  "errors" : ...
01: 39001 adresses traitées
adresse : bulk pour les ids de 36001 à 37000
bulk : {
  "took" : 93,
  "errors" :  ...
01: 40001 adresses traitées
adresse : bulk pour les ids de 37001 à 38000
bulk : {
  "took" : 79,
  "errors" :  ...
01: 41001 adresses traitées
adresse : bulk pour les ids de 38001 à 39000
bulk : {
  "took" : 92,
  "errors" :  ...
01: 42001 adresses traitées
01: 43001 adresses traitées
adresse : bulk pour les ids de 39001 à 40000
bulk : {
  "took" : 61,
  "errors" :  ...
01: 44001 adresses traitées
adresse : bulk pour les ids de 40001 à 41000
bulk : {
  "took" : 101,
  "errors" : ...
01: 45001 adresses traitées
adresse : bulk pour les ids de 41001 à 42000
bulk : {
  "took" : 86,
  "errors" :  ...
01: 46001 adresses traitées
adresse : bulk pour les ids de 42001 à 43000
bulk : {
  "took" : 80,
  "errors" :  ...
01: 47001 adresses traitées
adresse : bulk pour les ids de 43001 à 44000
bulk : {
  "took" : 80,
  "errors" :  ...
01: 48001 adresses traitées
adresse : bulk pour les ids de 44001 à 45000
bulk : {
  "took" : 76,
  "errors" :  ...
01: 49001 adresses traitées
adresse : bulk pour les ids de 45001 à 46000
bulk : {
  "took" : 88,
  "errors" :  ...
01: 50001 adresses traitées
01: 51001 adresses traitées
adresse : bulk pour les ids de 46001 à 47000
bulk : {
  "took" : 73,
  "errors" :  ...
01: 52001 adresses traitées
adresse : bulk pour les ids de 47001 à 48000
bulk : {
  "took" : 84,
  "errors" :  ...
01: 53001 adresses traitées
adresse : bulk pour les ids de 48001 à 49000
bulk : {
  "took" : 96,
  "errors" :  ...
01: 54001 adresses traitées
adresse : bulk pour les ids de 49001 à 50000
bulk : {
  "took" : 60,
  "errors" :  ...
01: 55001 adresses traitées
adresse : bulk pour les ids de 50001 à 51000
bulk : {
  "took" : 98,
  "errors" :  ...
01: 56001 adresses traitées
adresse : bulk pour les ids de 51001 à 52000
bulk : {
  "took" : 61,
  "errors" :  ...
01: 57001 adresses traitées
adresse : bulk pour les ids de 52001 à 53000
bulk : {
  "took" : 92,
  "errors" :  ...
01: 58001 adresses traitées
adresse : bulk pour les ids de 53001 à 54000
bulk : {
  "took" : 85,
  "errors" :  ...
01: 59001 adresses traitées
adresse : bulk pour les ids de 54001 à 55000
bulk : {
  "took" : 69,
  "errors" :  ...
01: 60001 adresses traitées
adresse : bulk pour les ids de 55001 à 56000
bulk : {
  "took" : 84,
  "errors" :  ...
01: 61001 adresses traitées
adresse : bulk pour les ids de 56001 à 57000
bulk : {
  "took" : 90,
  "errors" :  ...
01: 62001 adresses traitées
adresse : bulk pour les ids de 57001 à 58000
bulk : {
  "took" : 64,
  "errors" :  ...
01: 63001 adresses traitées
adresse : bulk pour les ids de 58001 à 59000
bulk : {
  "took" : 92,
  "errors" :  ...
01: 64001 adresses traitées
adresse : bulk pour les ids de 59001 à 60000
bulk : {
  "took" : 74,
  "errors" :  ...
01: 65001 adresses traitées
adresse : bulk pour les ids de 60001 à 61000
bulk : {
  "took" : 84,
  "errors" :  ...
01: 66001 adresses traitées
adresse : bulk pour les ids de 61001 à 62000
bulk : {
  "took" : 72,
  "errors" :  ...
01: 67001 adresses traitées
01: 68001 adresses traitées
adresse : bulk pour les ids de 62001 à 63000
bulk : {
  "took" : 84,
  "errors" :  ...
01: 69001 adresses traitées
adresse : bulk pour les ids de 63001 à 64000
bulk : {
  "took" : 71,
  "errors" :  ...
01: 70001 adresses traitées
adresse : bulk pour les ids de 64001 à 65000
bulk : {
  "took" : 87,
  "errors" :  ...
01: 71001 adresses traitées
adresse : bulk pour les ids de 65001 à 66000
bulk : {
  "took" : 105,
  "errors" : ...
01: 72001 adresses traitées
adresse : bulk pour les ids de 66001 à 67000
bulk : {
  "took" : 60,
  "errors" :  ...
01: 73001 adresses traitées
adresse : bulk pour les ids de 67001 à 68000
bulk : {
  "took" : 78,
  "errors" :  ...
01: 74001 adresses traitées
adresse : bulk pour les ids de 68001 à 69000
bulk : {
  "took" : 84,
  "errors" :  ...
01: 75001 adresses traitées
adresse : bulk pour les ids de 69001 à 70000
bulk : {
  "took" : 99,
  "errors" :  ...
01: 76001 adresses traitées
adresse : bulk pour les ids de 70001 à 71000
bulk : {
  "took" : 95,
  "errors" :  ...
01: 77001 adresses traitées
01: 78001 adresses traitées
adresse : bulk pour les ids de 71001 à 72000
bulk : {
  "took" : 89,
  "errors" :  ...
01: 79001 adresses traitées
adresse : bulk pour les ids de 72001 à 73000
bulk : {
  "took" : 64,
  "errors" :  ...
01: 80001 adresses traitées
adresse : bulk pour les ids de 73001 à 74000
bulk : {
  "took" : 108,
  "errors" : ...
01: 81001 adresses traitées
adresse : bulk pour les ids de 74001 à 75000
bulk : {
  "took" : 63,
  "errors" :  ...
01: 82001 adresses traitées
adresse : bulk pour les ids de 75001 à 76000
bulk : {
  "took" : 92,
  "errors" :  ...
01: 83001 adresses traitées
adresse : bulk pour les ids de 76001 à 77000
bulk : {
  "took" : 93,
  "errors" :  ...
01: 84001 adresses traitées
adresse : bulk pour les ids de 77001 à 78000
bulk : {
  "took" : 79,
  "errors" :  ...
01: 85001 adresses traitées
adresse : bulk pour les ids de 78001 à 79000
bulk : {
  "took" : 85,
  "errors" :  ...
01: 86001 adresses traitées
adresse : bulk pour les ids de 79001 à 80000
bulk : {
  "took" : 80,
  "errors" :  ...
01: 87001 adresses traitées
adresse : bulk pour les ids de 80001 à 81000
bulk : {
  "took" : 84,
  "errors" :  ...
01: 88001 adresses traitées
adresse : bulk pour les ids de 81001 à 82000
bulk : {
  "took" : 81,
  "errors" :  ...
01: 89001 adresses traitées
01: 90001 adresses traitées
adresse : bulk pour les ids de 82001 à 83000
bulk : {
  "took" : 84,
  "errors" :  ...
01: 91001 adresses traitées
adresse : bulk pour les ids de 83001 à 84000
bulk : {
  "took" : 111,
  "errors" : ...
01: 92001 adresses traitées
01: 93001 adresses traitées
adresse : bulk pour les ids de 84001 à 85000
bulk : {
  "took" : 63,
  "errors" :  ...
01: 94001 adresses traitées
adresse : bulk pour les ids de 85001 à 86000
bulk : {
  "took" : 111,
  "errors" : ...
01: 95001 adresses traitées
adresse : bulk pour les ids de 86001 à 87000
bulk : {
  "took" : 87,
  "errors" :  ...
01: 96001 adresses traitées
adresse : bulk pour les ids de 87001 à 88000
bulk : {
  "took" : 98,
  "errors" :  ...
01: 97001 adresses traitées
01: 98001 adresses traitées
adresse : bulk pour les ids de 88001 à 89000
bulk : {
  "took" : 62,
  "errors" :  ...
01: 99001 adresses traitées
adresse : bulk pour les ids de 89001 à 90000
bulk : {
  "took" : 102,
  "errors" : ...
01: 100001 adresses traitées
adresse : bulk pour les ids de 90001 à 91000
bulk : {
  "took" : 61,
  "errors" :  ...
01: 101001 adresses traitées
01: 102001 adresses traitées
adresse : bulk pour les ids de 91001 à 92000
bulk : {
  "took" : 77,
  "errors" :  ...
01: 103001 adresses traitées
adresse : bulk pour les ids de 92001 à 93000
bulk : {
  "took" : 91,
  "errors" :  ...
01: 104001 adresses traitées
adresse : bulk pour les ids de 93001 à 94000
bulk : {
  "took" : 80,
  "errors" :  ...
01: 105001 adresses traitées
adresse : bulk pour les ids de 94001 à 95000
bulk : {
  "took" : 81,
  "errors" :  ...
01: 106001 adresses traitées
01: 107001 adresses traitées
adresse : bulk pour les ids de 95001 à 96000
bulk : {
  "took" : 71,
  "errors" :  ...
01: 108001 adresses traitées
adresse : bulk pour les ids de 96001 à 97000
bulk : {
  "took" : 113,
  "errors" : ...
01: 109001 adresses traitées
adresse : bulk pour les ids de 97001 à 98000
bulk : {
  "took" : 77,
  "errors" :  ...
01: 110001 adresses traitées
adresse : bulk pour les ids de 98001 à 99000
bulk : {
  "took" : 77,
  "errors" :  ...
01: 111001 adresses traitées
adresse : bulk pour les ids de 99001 à 100000
bulk : {
  "took" : 89,
  "errors" :  ...
01: 112001 adresses traitées
adresse : bulk pour les ids de 100001 à 101000
bulk : {
  "took" : 81,
  "errors" :  ...
01: 113001 adresses traitées
01: 114001 adresses traitées
adresse : bulk pour les ids de 101001 à 102000
bulk : {
  "took" : 62,
  "errors" :  ...
01: 115001 adresses traitées
adresse : bulk pour les ids de 102001 à 103000
bulk : {
  "took" : 99,
  "errors" :  ...
01: 116001 adresses traitées
adresse : bulk pour les ids de 103001 à 104000
bulk : {
  "took" : 87,
  "errors" :  ...
01: 117001 adresses traitées
adresse : bulk pour les ids de 104001 à 105000
bulk : {
  "took" : 105,
  "errors" : ...
01: 118001 adresses traitées
adresse : bulk pour les ids de 105001 à 106000
bulk : {
  "took" : 69,
  "errors" :  ...
01: 119001 adresses traitées
adresse : bulk pour les ids de 106001 à 107000
bulk : {
  "took" : 103,
  "errors" : ...
01: 120001 adresses traitées
adresse : bulk pour les ids de 107001 à 108000
bulk : {
  "took" : 83,
  "errors" :  ...
01: 121001 adresses traitées
adresse : bulk pour les ids de 108001 à 109000
bulk : {
  "took" : 78,
  "errors" :  ...
01: 122001 adresses traitées
adresse : bulk pour les ids de 109001 à 110000
bulk : {
  "took" : 82,
  "errors" :  ...
01: 123001 adresses traitées
01: 124001 adresses traitées
adresse : bulk pour les ids de 110001 à 111000
bulk : {
  "took" : 78,
  "errors" :  ...
01: 125001 adresses traitées
adresse : bulk pour les ids de 111001 à 112000
bulk : {
  "took" : 84,
  "errors" :  ...
01: 126001 adresses traitées
adresse : bulk pour les ids de 112001 à 113000
bulk : {
  "took" : 79,
  "errors" :  ...
01: 127001 adresses traitées
adresse : bulk pour les ids de 113001 à 114000
bulk : {
  "took" : 85,
  "errors" :  ...
01: 128001 adresses traitées
adresse : bulk pour les ids de 114001 à 115000
bulk : {
  "took" : 100,
  "errors" : ...
01: 129001 adresses traitées
01: 130001 adresses traitées
adresse : bulk pour les ids de 115001 à 116000
bulk : {
  "took" : 69,
  "errors" :  ...
01: 131001 adresses traitées
adresse : bulk pour les ids de 116001 à 117000
bulk : {
  "took" : 85,
  "errors" :  ...
01: 132001 adresses traitées
adresse : bulk pour les ids de 117001 à 118000
bulk : {
  "took" : 74,
  "errors" :  ...
01: 133001 adresses traitées
adresse : bulk pour les ids de 118001 à 119000
bulk : {
  "took" : 88,
  "errors" :  ...
01: 134001 adresses traitées
adresse : bulk pour les ids de 119001 à 120000
bulk : {
  "took" : 111,
  "errors" : ...
01: 135001 adresses traitées
adresse : bulk pour les ids de 120001 à 121000
bulk : {
  "took" : 90,
  "errors" :  ...
01: 136001 adresses traitées
adresse : bulk pour les ids de 121001 à 122000
bulk : {
  "took" : 108,
  "errors" : ...
01: 137001 adresses traitées
adresse : bulk pour les ids de 122001 à 123000
bulk : {
  "took" : 86,
  "errors" :  ...
01: 138001 adresses traitées
01: 139001 adresses traitées
adresse : bulk pour les ids de 123001 à 124000
bulk : {
  "took" : 87,
  "errors" :  ...
01: 140001 adresses traitées
adresse : bulk pour les ids de 124001 à 125000
bulk : {
  "took" : 88,
  "errors" :  ...
01: 141001 adresses traitées
adresse : bulk pour les ids de 125001 à 126000
bulk : {
  "took" : 78,
  "errors" :  ...
01: 142001 adresses traitées
adresse : bulk pour les ids de 126001 à 127000
bulk : {
  "took" : 80,
  "errors" :  ...
01: 143001 adresses traitées
01: 144001 adresses traitées
adresse : bulk pour les ids de 127001 à 128000
bulk : {
  "took" : 78,
  "errors" :  ...
01: 145001 adresses traitées
adresse : bulk pour les ids de 128001 à 129000
bulk : {
  "took" : 61,
  "errors" :  ...
01: 146001 adresses traitées
01: 147001 adresses traitées
adresse : bulk pour les ids de 129001 à 130000
bulk : {
  "took" : 101,
  "errors" : ...
01: 148001 adresses traitées
adresse : bulk pour les ids de 130001 à 131000
bulk : {
  "took" : 63,
  "errors" :  ...
01: 149001 adresses traitées
adresse : bulk pour les ids de 131001 à 132000
bulk : {
  "took" : 109,
  "errors" : ...
01: 150001 adresses traitées
adresse : bulk pour les ids de 132001 à 133000
bulk : {
  "took" : 60,
  "errors" :  ...
01: 151001 adresses traitées
adresse : bulk pour les ids de 133001 à 134000
bulk : {
  "took" : 100,
  "errors" : ...
01: 152001 adresses traitées
adresse : bulk pour les ids de 134001 à 135000
bulk : {
  "took" : 68,
  "errors" :  ...
01: 153001 adresses traitées
adresse : bulk pour les ids de 135001 à 136000
bulk : {
  "took" : 89,
  "errors" :  ...
01: 154001 adresses traitées
adresse : bulk pour les ids de 136001 à 137000
bulk : {
  "took" : 79,
  "errors" :  ...
01: 155001 adresses traitées
01: 156001 adresses traitées
adresse : bulk pour les ids de 137001 à 138000
bulk : {
  "took" : 93,
  "errors" :  ...
01: 157001 adresses traitées
adresse : bulk pour les ids de 138001 à 139000
bulk : {
  "took" : 102,
  "errors" : ...
01: 158001 adresses traitées
adresse : bulk pour les ids de 139001 à 140000
bulk : {
  "took" : 61,
  "errors" :  ...
01: 159001 adresses traitées
adresse : bulk pour les ids de 140001 à 141000
bulk : {
  "took" : 101,
  "errors" : ...
01: 160001 adresses traitées
adresse : bulk pour les ids de 141001 à 142000
bulk : {
  "took" : 62,
  "errors" :  ...
01: 161001 adresses traitées
adresse : bulk pour les ids de 142001 à 143000
bulk : {
  "took" : 111,
  "errors" : ...
01: 162001 adresses traitées
adresse : bulk pour les ids de 143001 à 144000
bulk : {
  "took" : 61,
  "errors" :  ...
01: 163001 adresses traitées
01: 164001 adresses traitées
adresse : bulk pour les ids de 144001 à 145000
bulk : {
  "took" : 102,
  "errors" : ...
01: 165001 adresses traitées
adresse : bulk pour les ids de 145001 à 146000
bulk : {
  "took" : 82,
  "errors" :  ...
01: 166001 adresses traitées
adresse : bulk pour les ids de 146001 à 147000
bulk : {
  "took" : 80,
  "errors" :  ...
01: 167001 adresses traitées
adresse : bulk pour les ids de 147001 à 148000
bulk : {
  "took" : 81,
  "errors" :  ...
01: 168001 adresses traitées
01: 169001 adresses traitées
adresse : bulk pour les ids de 148001 à 149000
bulk : {
  "took" : 77,
  "errors" :  ...
01: 170001 adresses traitées
adresse : bulk pour les ids de 149001 à 150000
bulk : {
  "took" : 89,
  "errors" :  ...
01: 171001 adresses traitées
adresse : bulk pour les ids de 150001 à 151000
bulk : {
  "took" : 81,
  "errors" :  ...
01: 172001 adresses traitées
adresse : bulk pour les ids de 151001 à 152000
bulk : {
  "took" : 83,
  "errors" :  ...
01: 173001 adresses traitées
adresse : bulk pour les ids de 152001 à 153000
bulk : {
  "took" : 105,
  "errors" : ...
01: 174001 adresses traitées
adresse : bulk pour les ids de 153001 à 154000
bulk : {
  "took" : 63,
  "errors" :  ...
01: 175001 adresses traitées
adresse : bulk pour les ids de 154001 à 155000
bulk : {
  "took" : 78,
  "errors" :  ...
01: 176001 adresses traitées
adresse : bulk pour les ids de 155001 à 156000
bulk : {
  "took" : 84,
  "errors" :  ...
01: 177001 adresses traitées
adresse : bulk pour les ids de 156001 à 157000
bulk : {
  "took" : 99,
  "errors" :  ...
01: 178001 adresses traitées
adresse : bulk pour les ids de 157001 à 158000
bulk : {
  "took" : 69,
  "errors" :  ...
01: 179001 adresses traitées
adresse : bulk pour les ids de 158001 à 159000
bulk : {
  "took" : 86,
  "errors" :  ...
01: 180001 adresses traitées
adresse : bulk pour les ids de 159001 à 160000
bulk : {
  "took" : 102,
  "errors" : ...
01: 181001 adresses traitées
adresse : bulk pour les ids de 160001 à 161000
bulk : {
  "took" : 69,
  "errors" :  ...
01: 182001 adresses traitées
adresse : bulk pour les ids de 161001 à 162000
bulk : {
  "took" : 95,
  "errors" :  ...
01: 183001 adresses traitées
adresse : bulk pour les ids de 162001 à 163000
bulk : {
  "took" : 70,
  "errors" :  ...
01: 184001 adresses traitées
adresse : bulk pour les ids de 163001 à 163777
bulk : {
  "took" : 77,
  "errors" :  ...
dpt 02 : voies
02: 1 voies traitées
voie : bulk pour les ids de 15136 à 15335
bulk : {
  "took" : 14,
  "errors" :  ...
02: 201 voies traitées
voie : bulk pour les ids de 15336 à 15535
bulk : {
  "took" : 13,
  "errors" :  ...
02: 401 voies traitées
voie : bulk pour les ids de 15536 à 15735
bulk : {
  "took" : 12,
  "errors" :  ...
02: 601 voies traitées
voie : bulk pour les ids de 15736 à 15935
bulk : {
  "took" : 13,
  "errors" :  ...
02: 801 voies traitées
voie : bulk pour les ids de 15936 à 16135
bulk : {
  "took" : 11,
  "errors" :  ...
02: 1001 voies traitées
voie : bulk pour les ids de 16136 à 16335
bulk : {
  "took" : 32,
  "errors" :  ...
02: 1201 voies traitées
voie : bulk pour les ids de 16336 à 16535
bulk : {
  "took" : 12,
  "errors" :  ...
02: 1401 voies traitées
voie : bulk pour les ids de 16536 à 16735
bulk : {
  "took" : 12,
  "errors" :  ...
02: 1601 voies traitées
voie : bulk pour les ids de 16736 à 16935
bulk : {
  "took" : 12,
  "errors" :  ...
02: 1801 voies traitées
voie : bulk pour les ids de 16936 à 17135
bulk : {
  "took" : 13,
  "errors" :  ...
02: 2001 voies traitées
voie : bulk pour les ids de 17136 à 17335
bulk : {
  "took" : 12,
  "errors" :  ...
02: 2201 voies traitées
voie : bulk pour les ids de 17336 à 17535
bulk : {
  "took" : 13,
  "errors" :  ...
02: 2401 voies traitées
voie : bulk pour les ids de 17536 à 17735
bulk : {
  "took" : 13,
  "errors" :  ...
02: 2601 voies traitées
voie : bulk pour les ids de 17736 à 17935
bulk : {
  "took" : 12,
  "errors" :  ...
02: 2801 voies traitées
voie : bulk pour les ids de 17936 à 18135
bulk : {
  "took" : 11,
  "errors" :  ...
02: 3001 voies traitées
voie : bulk pour les ids de 18136 à 18335
bulk : {
  "took" : 36,
  "errors" :  ...
02: 3201 voies traitées
voie : bulk pour les ids de 18336 à 18535
bulk : {
  "took" : 12,
  "errors" :  ...
02: 3401 voies traitées
voie : bulk pour les ids de 18536 à 18735
bulk : {
  "took" : 11,
  "errors" :  ...
02: 3601 voies traitées
voie : bulk pour les ids de 18736 à 18935
bulk : {
  "took" : 31,
  "errors" :  ...
02: 3801 voies traitées
voie : bulk pour les ids de 18936 à 19135
bulk : {
  "took" : 12,
  "errors" :  ...
02: 4001 voies traitées
voie : bulk pour les ids de 19136 à 19335
bulk : {
  "took" : 12,
  "errors" :  ...
02: 4201 voies traitées
voie : bulk pour les ids de 19336 à 19535
bulk : {
  "took" : 13,
  "errors" :  ...
02: 4401 voies traitées
voie : bulk pour les ids de 19536 à 19735
bulk : {
  "took" : 13,
  "errors" :  ...
02: 4601 voies traitées
voie : bulk pour les ids de 19736 à 19935
bulk : {
  "took" : 31,
  "errors" :  ...
02: 4801 voies traitées
voie : bulk pour les ids de 19936 à 20135
bulk : {
  "took" : 12,
  "errors" :  ...
02: 5001 voies traitées
voie : bulk pour les ids de 20136 à 20335
bulk : {
  "took" : 12,
  "errors" :  ...
02: 5201 voies traitées
voie : bulk pour les ids de 20336 à 20535
bulk : {
  "took" : 12,
  "errors" :  ...
02: 5401 voies traitées
voie : bulk pour les ids de 20536 à 20735
bulk : {
  "took" : 13,
  "errors" :  ...
02: 5601 voies traitées
voie : bulk pour les ids de 20736 à 20935
bulk : {
  "took" : 12,
  "errors" :  ...
02: 5801 voies traitées
voie : bulk pour les ids de 20936 à 21135
bulk : {
  "took" : 12,
  "errors" :  ...
02: 6001 voies traitées
voie : bulk pour les ids de 21136 à 21335
bulk : {
  "took" : 12,
  "errors" :  ...
02: 6201 voies traitées
voie : bulk pour les ids de 21336 à 21535
bulk : {
  "took" : 12,
  "errors" :  ...
02: 6401 voies traitées
voie : bulk pour les ids de 21536 à 21735
bulk : {
  "took" : 12,
  "errors" :  ...
02: 6601 voies traitées
voie : bulk pour les ids de 21736 à 21935
bulk : {
  "took" : 32,
  "errors" :  ...
02: 6801 voies traitées
voie : bulk pour les ids de 21936 à 22135
bulk : {
  "took" : 11,
  "errors" :  ...
02: 7001 voies traitées
voie : bulk pour les ids de 22136 à 22335
bulk : {
  "took" : 12,
  "errors" :  ...
02: 7201 voies traitées
voie : bulk pour les ids de 22336 à 22535
bulk : {
  "took" : 24,
  "errors" :  ...
02: 7401 voies traitées
voie : bulk pour les ids de 22536 à 22735
bulk : {
  "took" : 43,
  "errors" :  ...
02: 7601 voies traitées
voie : bulk pour les ids de 22736 à 22935
bulk : {
  "took" : 12,
  "errors" :  ...
02: 7801 voies traitées
voie : bulk pour les ids de 22936 à 23135
bulk : {
  "took" : 12,
  "errors" :  ...
02: 8001 voies traitées
voie : bulk pour les ids de 23136 à 23335
bulk : {
  "took" : 11,
  "errors" :  ...
02: 8201 voies traitées
voie : bulk pour les ids de 23336 à 23535
bulk : {
  "took" : 12,
  "errors" :  ...
02: 8401 voies traitées
voie : bulk pour les ids de 23536 à 23735
bulk : {
  "took" : 12,
  "errors" :  ...
02: 8601 voies traitées
voie : bulk pour les ids de 23736 à 23935
bulk : {
  "took" : 12,
  "errors" :  ...
02: 8801 voies traitées
voie : bulk pour les ids de 23936 à 24135
bulk : {
  "took" : 12,
  "errors" :  ...
02: 9001 voies traitées
voie : bulk pour les ids de 24136 à 24335
bulk : {
  "took" : 12,
  "errors" :  ...
02: 9201 voies traitées
voie : bulk pour les ids de 24336 à 24535
bulk : {
  "took" : 13,
  "errors" :  ...
02: 9401 voies traitées
voie : bulk pour les ids de 24536 à 24735
bulk : {
  "took" : 13,
  "errors" :  ...
02: 9601 voies traitées
voie : bulk pour les ids de 24736 à 24935
bulk : {
  "took" : 38,
  "errors" :  ...
02: 9801 voies traitées
voie : bulk pour les ids de 24936 à 25135
bulk : {
  "took" : 11,
  "errors" :  ...
02: 10001 voies traitées
voie : bulk pour les ids de 25136 à 25335
bulk : {
  "took" : 12,
  "errors" :  ...
02: 10201 voies traitées
voie : bulk pour les ids de 25336 à 25535
bulk : {
  "took" : 12,
  "errors" :  ...
02: 10401 voies traitées
voie : bulk pour les ids de 25536 à 25735
bulk : {
  "took" : 12,
  "errors" :  ...
02: 10601 voies traitées
voie : bulk pour les ids de 25736 à 25935
bulk : {
  "took" : 12,
  "errors" :  ...
02: 10801 voies traitées
voie : bulk pour les ids de 25936 à 26135
bulk : {
  "took" : 12,
  "errors" :  ...
02: 11001 voies traitées
voie : bulk pour les ids de 26136 à 26335
bulk : {
  "took" : 23,
  "errors" :  ...
02: 11201 voies traitées
voie : bulk pour les ids de 26336 à 26535
bulk : {
  "took" : 56,
  "errors" :  ...
02: 11401 voies traitées
voie : bulk pour les ids de 26536 à 26735
bulk : {
  "took" : 12,
  "errors" :  ...
02: 11601 voies traitées
voie : bulk pour les ids de 26736 à 26935
bulk : {
  "took" : 13,
  "errors" :  ...
02: 11801 voies traitées
voie : bulk pour les ids de 26936 à 27135
bulk : {
  "took" : 12,
  "errors" :  ...
02: 12001 voies traitées
voie : bulk pour les ids de 27136 à 27335
bulk : {
  "took" : 12,
  "errors" :  ...
02: 12201 voies traitées
voie : bulk pour les ids de 27336 à 27535
bulk : {
  "took" : 12,
  "errors" :  ...
02: 12401 voies traitées
voie : bulk pour les ids de 27536 à 27735
bulk : {
  "took" : 14,
  "errors" :  ...
02: 12601 voies traitées
voie : bulk pour les ids de 27736 à 27935
bulk : {
  "took" : 12,
  "errors" :  ...
02: 12801 voies traitées
voie : bulk pour les ids de 27936 à 28135
bulk : {
  "took" : 11,
  "errors" :  ...
02: 13001 voies traitées
voie : bulk pour les ids de 28136 à 28335
bulk : {
  "took" : 12,
  "errors" :  ...
02: 13201 voies traitées
voie : bulk pour les ids de 28336 à 28535
bulk : {
  "took" : 12,
  "errors" :  ...
02: 13401 voies traitées
voie : bulk pour les ids de 28536 à 28735
bulk : {
  "took" : 34,
  "errors" :  ...
02: 13601 voies traitées
voie : bulk pour les ids de 28736 à 28935
bulk : {
  "took" : 11,
  "errors" :  ...
02: 13801 voies traitées
voie : bulk pour les ids de 28936 à 29135
bulk : {
  "took" : 11,
  "errors" :  ...
02: 14001 voies traitées
voie : bulk pour les ids de 29136 à 29335
bulk : {
  "took" : 13,
  "errors" :  ...
02: 14201 voies traitées
voie : bulk pour les ids de 29336 à 29535
bulk : {
  "took" : 12,
  "errors" :  ...
02: 14401 voies traitées
voie : bulk pour les ids de 29536 à 29735
bulk : {
  "took" : 12,
  "errors" :  ...
02: 14601 voies traitées
voie : bulk pour les ids de 29736 à 29935
bulk : {
  "took" : 12,
  "errors" :  ...
02: 14801 voies traitées
voie : bulk pour les ids de 29936 à 30135
bulk : {
  "took" : 21,
  "errors" :  ...
02: 15001 voies traitées
voie : bulk pour les ids de 30136 à 30335
bulk : {
  "took" : 18,
  "errors" :  ...
02: 15201 voies traitées
voie : bulk pour les ids de 30336 à 30535
bulk : {
  "took" : 28,
  "errors" :  ...
02: 15401 voies traitées
voie : bulk pour les ids de 30536 à 30735
bulk : {
  "took" : 11,
  "errors" :  ...
02: 15601 voies traitées
voie : bulk pour les ids de 30736 à 30935
bulk : {
  "took" : 12,
  "errors" :  ...
02: 15801 voies traitées
voie : bulk pour les ids de 30936 à 31135
bulk : {
  "took" : 12,
  "errors" :  ...
02: 16001 voies traitées
voie : bulk pour les ids de 31136 à 31335
bulk : {
  "took" : 12,
  "errors" :  ...
02: 16201 voies traitées
voie : bulk pour les ids de 31336 à 31499
bulk : {
  "took" : 10,
  "errors" :  ...
dpt 02 : adresses
02: 1 adresses traitées
02: 1001 adresses traitées
adresse : bulk pour les ids de 163778 à 164777
bulk : {
  "took" : 91,
  "errors" :  ...
02: 2001 adresses traitées
adresse : bulk pour les ids de 164778 à 165777
bulk : {
  "took" : 72,
  "errors" :  ...
02: 3001 adresses traitées
adresse : bulk pour les ids de 165778 à 166777
bulk : {
  "took" : 91,
  "errors" :  ...
02: 4001 adresses traitées
adresse : bulk pour les ids de 166778 à 167777
bulk : {
  "took" : 71,
  "errors" :  ...
02: 5001 adresses traitées
adresse : bulk pour les ids de 167778 à 168777
bulk : {
  "took" : 90,
  "errors" :  ...
02: 6001 adresses traitées
adresse : bulk pour les ids de 168778 à 169777
bulk : {
  "took" : 70,
  "errors" :  ...
02: 7001 adresses traitées
adresse : bulk pour les ids de 169778 à 170777
bulk : {
  "took" : 89,
  "errors" :  ...
02: 8001 adresses traitées
adresse : bulk pour les ids de 170778 à 171777
bulk : {
  "took" : 93,
  "errors" :  ...
02: 9001 adresses traitées
adresse : bulk pour les ids de 171778 à 172777
bulk : {
  "took" : 72,
  "errors" :  ...
02: 10001 adresses traitées
adresse : bulk pour les ids de 172778 à 173777
bulk : {
  "took" : 71,
  "errors" :  ...
02: 11001 adresses traitées
adresse : bulk pour les ids de 173778 à 174777
bulk : {
  "took" : 71,
  "errors" :  ...
02: 12001 adresses traitées
adresse : bulk pour les ids de 174778 à 175777
bulk : {
  "took" : 91,
  "errors" :  ...
02: 13001 adresses traitées
adresse : bulk pour les ids de 175778 à 176777
bulk : {
  "took" : 111,
  "errors" : ...
02: 14001 adresses traitées
adresse : bulk pour les ids de 176778 à 177777
bulk : {
  "took" : 86,
  "errors" :  ...
02: 15001 adresses traitées
adresse : bulk pour les ids de 177778 à 178777
bulk : {
  "took" : 69,
  "errors" :  ...
02: 16001 adresses traitées
adresse : bulk pour les ids de 178778 à 179777
bulk : {
  "took" : 93,
  "errors" :  ...
02: 17001 adresses traitées
adresse : bulk pour les ids de 179778 à 180777
bulk : {
  "took" : 70,
  "errors" :  ...
02: 18001 adresses traitées
adresse : bulk pour les ids de 180778 à 181777
bulk : {
  "took" : 95,
  "errors" :  ...
02: 19001 adresses traitées
adresse : bulk pour les ids de 181778 à 182777
bulk : {
  "took" : 62,
  "errors" :  ...
02: 20001 adresses traitées
adresse : bulk pour les ids de 182778 à 183777
bulk : {
  "took" : 91,
  "errors" :  ...
02: 21001 adresses traitées
adresse : bulk pour les ids de 183778 à 184777
bulk : {
  "took" : 63,
  "errors" :  ...
02: 22001 adresses traitées
adresse : bulk pour les ids de 184778 à 185777
bulk : {
  "took" : 101,
  "errors" : ...
02: 23001 adresses traitées
adresse : bulk pour les ids de 185778 à 186777
bulk : {
  "took" : 82,
  "errors" :  ...
02: 24001 adresses traitées
adresse : bulk pour les ids de 186778 à 187777
bulk : {
  "took" : 75,
  "errors" :  ...
02: 25001 adresses traitées
02: 26001 adresses traitées
adresse : bulk pour les ids de 187778 à 188777
bulk : {
  "took" : 63,
  "errors" :  ...
02: 27001 adresses traitées
adresse : bulk pour les ids de 188778 à 189777
bulk : {
  "took" : 97,
  "errors" :  ...
02: 28001 adresses traitées
adresse : bulk pour les ids de 189778 à 190777
bulk : {
  "took" : 92,
  "errors" :  ...
02: 29001 adresses traitées
adresse : bulk pour les ids de 190778 à 191777
bulk : {
  "took" : 105,
  "errors" : ...
02: 30001 adresses traitées
adresse : bulk pour les ids de 191778 à 192777
bulk : {
  "took" : 62,
  "errors" :  ...
02: 31001 adresses traitées
adresse : bulk pour les ids de 192778 à 193777
bulk : {
  "took" : 76,
  "errors" :  ...
02: 32001 adresses traitées
adresse : bulk pour les ids de 193778 à 194777
bulk : {
  "took" : 93,
  "errors" :  ...
02: 33001 adresses traitées
adresse : bulk pour les ids de 194778 à 195777
bulk : {
  "took" : 105,
  "errors" : ...
02: 34001 adresses traitées
adresse : bulk pour les ids de 195778 à 196777
bulk : {
  "took" : 60,
  "errors" :  ...
02: 35001 adresses traitées
adresse : bulk pour les ids de 196778 à 197777
bulk : {
  "took" : 100,
  "errors" : ...
02: 36001 adresses traitées
adresse : bulk pour les ids de 197778 à 198777
bulk : {
  "took" : 65,
  "errors" :  ...
02: 37001 adresses traitées
adresse : bulk pour les ids de 198778 à 199777
bulk : {
  "took" : 104,
  "errors" : ...
02: 38001 adresses traitées
adresse : bulk pour les ids de 199778 à 200777
bulk : {
  "took" : 61,
  "errors" :  ...
02: 39001 adresses traitées
adresse : bulk pour les ids de 200778 à 201777
bulk : {
  "took" : 102,
  "errors" : ...
02: 40001 adresses traitées
adresse : bulk pour les ids de 201778 à 202777
bulk : {
  "took" : 60,
  "errors" :  ...
02: 41001 adresses traitées
adresse : bulk pour les ids de 202778 à 203777
bulk : {
  "took" : 100,
  "errors" : ...
02: 42001 adresses traitées
adresse : bulk pour les ids de 203778 à 204777
bulk : {
  "took" : 87,
  "errors" :  ...
02: 43001 adresses traitées
adresse : bulk pour les ids de 204778 à 205777
bulk : {
  "took" : 78,
  "errors" :  ...
02: 44001 adresses traitées
adresse : bulk pour les ids de 205778 à 206777
bulk : {
  "took" : 86,
  "errors" :  ...
02: 45001 adresses traitées
adresse : bulk pour les ids de 206778 à 207777
bulk : {
  "took" : 84,
  "errors" :  ...
02: 46001 adresses traitées
adresse : bulk pour les ids de 207778 à 208777
bulk : {
  "took" : 119,
  "errors" : ...
02: 47001 adresses traitées
adresse : bulk pour les ids de 208778 à 209777
bulk : {
  "took" : 111,
  "errors" : ...
02: 48001 adresses traitées
adresse : bulk pour les ids de 209778 à 210777
bulk : {
  "took" : 64,
  "errors" :  ...
02: 49001 adresses traitées
adresse : bulk pour les ids de 210778 à 211777
bulk : {
  "took" : 101,
  "errors" : ...
02: 50001 adresses traitées
adresse : bulk pour les ids de 211778 à 212777
bulk : {
  "took" : 63,
  "errors" :  ...
02: 51001 adresses traitées
adresse : bulk pour les ids de 212778 à 213777
bulk : {
  "took" : 99,
  "errors" :  ...
02: 52001 adresses traitées
adresse : bulk pour les ids de 213778 à 214777
bulk : {
  "took" : 62,
  "errors" :  ...
02: 53001 adresses traitées
02: 54001 adresses traitées
adresse : bulk pour les ids de 214778 à 215777
bulk : {
  "took" : 95,
  "errors" :  ...
02: 55001 adresses traitées
adresse : bulk pour les ids de 215778 à 216777
bulk : {
  "took" : 62,
  "errors" :  ...
02: 56001 adresses traitées
adresse : bulk pour les ids de 216778 à 217777
bulk : {
  "took" : 97,
  "errors" :  ...
02: 57001 adresses traitées
adresse : bulk pour les ids de 217778 à 218777
bulk : {
  "took" : 80,
  "errors" :  ...
02: 58001 adresses traitées
adresse : bulk pour les ids de 218778 à 219777
bulk : {
  "took" : 77,
  "errors" :  ...
02: 59001 adresses traitées
adresse : bulk pour les ids de 219778 à 220777
bulk : {
  "took" : 87,
  "errors" :  ...
02: 60001 adresses traitées
adresse : bulk pour les ids de 220778 à 221777
bulk : {
  "took" : 79,
  "errors" :  ...
02: 61001 adresses traitées
adresse : bulk pour les ids de 221778 à 222777
bulk : {
  "took" : 88,
  "errors" :  ...
02: 62001 adresses traitées
adresse : bulk pour les ids de 222778 à 223777
bulk : {
  "took" : 78,
  "errors" :  ...
02: 63001 adresses traitées
adresse : bulk pour les ids de 223778 à 224777
bulk : {
  "took" : 84,
  "errors" :  ...
02: 64001 adresses traitées
adresse : bulk pour les ids de 224778 à 225777
bulk : {
  "took" : 82,
  "errors" :  ...
02: 65001 adresses traitées
adresse : bulk pour les ids de 225778 à 226777
bulk : {
  "took" : 131,
  "errors" : ...
02: 66001 adresses traitées
adresse : bulk pour les ids de 226778 à 227777
bulk : {
  "took" : 79,
  "errors" :  ...
02: 67001 adresses traitées
adresse : bulk pour les ids de 227778 à 228777
bulk : {
  "took" : 63,
  "errors" :  ...
02: 68001 adresses traitées
adresse : bulk pour les ids de 228778 à 229777
bulk : {
  "took" : 78,
  "errors" :  ...
02: 69001 adresses traitées
adresse : bulk pour les ids de 229778 à 230777
bulk : {
  "took" : 82,
  "errors" :  ...
02: 70001 adresses traitées
adresse : bulk pour les ids de 230778 à 231777
bulk : {
  "took" : 76,
  "errors" :  ...
02: 71001 adresses traitées
adresse : bulk pour les ids de 231778 à 232777
bulk : {
  "took" : 80,
  "errors" :  ...
02: 72001 adresses traitées
adresse : bulk pour les ids de 232778 à 233777
bulk : {
  "took" : 77,
  "errors" :  ...
02: 73001 adresses traitées
adresse : bulk pour les ids de 233778 à 234777
bulk : {
  "took" : 60,
  "errors" :  ...
02: 74001 adresses traitées
adresse : bulk pour les ids de 234778 à 235777
bulk : {
  "took" : 97,
  "errors" :  ...
02: 75001 adresses traitées
adresse : bulk pour les ids de 235778 à 236777
bulk : {
  "took" : 61,
  "errors" :  ...
02: 76001 adresses traitées
adresse : bulk pour les ids de 236778 à 237777
bulk : {
  "took" : 100,
  "errors" : ...
02: 77001 adresses traitées
adresse : bulk pour les ids de 237778 à 238777
bulk : {
  "took" : 61,
  "errors" :  ...
02: 78001 adresses traitées
adresse : bulk pour les ids de 238778 à 239777
bulk : {
  "took" : 99,
  "errors" :  ...
02: 79001 adresses traitées
adresse : bulk pour les ids de 239778 à 240777
bulk : {
  "took" : 62,
  "errors" :  ...
02: 80001 adresses traitées
adresse : bulk pour les ids de 240778 à 241777
bulk : {
  "took" : 100,
  "errors" : ...
02: 81001 adresses traitées
02: 82001 adresses traitées
adresse : bulk pour les ids de 241778 à 242777
bulk : {
  "took" : 96,
  "errors" :  ...
02: 83001 adresses traitées
adresse : bulk pour les ids de 242778 à 243777
bulk : {
  "took" : 103,
  "errors" : ...
02: 84001 adresses traitées
adresse : bulk pour les ids de 243778 à 244777
bulk : {
  "took" : 87,
  "errors" :  ...
02: 85001 adresses traitées
adresse : bulk pour les ids de 244778 à 245777
bulk : {
  "took" : 83,
  "errors" :  ...
02: 86001 adresses traitées
adresse : bulk pour les ids de 245778 à 246777
bulk : {
  "took" : 99,
  "errors" :  ...
02: 87001 adresses traitées
adresse : bulk pour les ids de 246778 à 247777
bulk : {
  "took" : 71,
  "errors" :  ...
02: 88001 adresses traitées
adresse : bulk pour les ids de 247778 à 248777
bulk : {
  "took" : 91,
  "errors" :  ...
02: 89001 adresses traitées
adresse : bulk pour les ids de 248778 à 249777
bulk : {
  "took" : 78,
  "errors" :  ...
02: 90001 adresses traitées
adresse : bulk pour les ids de 249778 à 250777
bulk : {
  "took" : 90,
  "errors" :  ...
02: 91001 adresses traitées
adresse : bulk pour les ids de 250778 à 251777
bulk : {
  "took" : 70,
  "errors" :  ...
02: 92001 adresses traitées
adresse : bulk pour les ids de 251778 à 252777
bulk : {
  "took" : 89,
  "errors" :  ...
02: 93001 adresses traitées
adresse : bulk pour les ids de 252778 à 253777
bulk : {
  "took" : 70,
  "errors" :  ...
02: 94001 adresses traitées
adresse : bulk pour les ids de 253778 à 254777
bulk : {
  "took" : 70,
  "errors" :  ...
02: 95001 adresses traitées
adresse : bulk pour les ids de 254778 à 255777
bulk : {
  "took" : 91,
  "errors" :  ...
02: 96001 adresses traitées
adresse : bulk pour les ids de 255778 à 256777
bulk : {
  "took" : 71,
  "errors" :  ...
02: 97001 adresses traitées
adresse : bulk pour les ids de 256778 à 257777
bulk : {
  "took" : 93,
  "errors" :  ...
02: 98001 adresses traitées
adresse : bulk pour les ids de 257778 à 258777
bulk : {
  "took" : 70,
  "errors" :  ...
02: 99001 adresses traitées
adresse : bulk pour les ids de 258778 à 259777
bulk : {
  "took" : 98,
  "errors" :  ...
02: 100001 adresses traitées
adresse : bulk pour les ids de 259778 à 260777
bulk : {
  "took" : 71,
  "errors" :  ...
02: 101001 adresses traitées
adresse : bulk pour les ids de 260778 à 261777
bulk : {
  "took" : 83,
  "errors" :  ...
02: 102001 adresses traitées
adresse : bulk pour les ids de 261778 à 262777
bulk : {
  "took" : 96,
  "errors" :  ...
02: 103001 adresses traitées
adresse : bulk pour les ids de 262778 à 263777
bulk : {
  "took" : 94,
  "errors" :  ...
02: 104001 adresses traitées
02: 105001 adresses traitées
adresse : bulk pour les ids de 263778 à 264777
bulk : {
  "took" : 72,
  "errors" :  ...
02: 106001 adresses traitées
adresse : bulk pour les ids de 264778 à 265777
bulk : {
  "took" : 80,
  "errors" :  ...
02: 107001 adresses traitées
adresse : bulk pour les ids de 265778 à 266777
bulk : {
  "took" : 107,
  "errors" : ...
02: 108001 adresses traitées
adresse : bulk pour les ids de 266778 à 267777
bulk : {
  "took" : 63,
  "errors" :  ...
02: 109001 adresses traitées
adresse : bulk pour les ids de 267778 à 268777
bulk : {
  "took" : 68,
  "errors" :  ...
02: 110001 adresses traitées
adresse : bulk pour les ids de 268778 à 269777
bulk : {
  "took" : 86,
  "errors" :  ...
02: 111001 adresses traitées
adresse : bulk pour les ids de 269778 à 270777
bulk : {
  "took" : 70,
  "errors" :  ...
02: 112001 adresses traitées
adresse : bulk pour les ids de 270778 à 271777
bulk : {
  "took" : 104,
  "errors" : ...
02: 113001 adresses traitées
adresse : bulk pour les ids de 271778 à 272777
bulk : {
  "took" : 77,
  "errors" :  ...
02: 114001 adresses traitées
adresse : bulk pour les ids de 272778 à 273777
bulk : {
  "took" : 91,
  "errors" :  ...
02: 115001 adresses traitées
adresse : bulk pour les ids de 273778 à 274777
bulk : {
  "took" : 71,
  "errors" :  ...
02: 116001 adresses traitées
adresse : bulk pour les ids de 274778 à 275777
bulk : {
  "took" : 92,
  "errors" :  ...
02: 117001 adresses traitées
adresse : bulk pour les ids de 275778 à 276777
bulk : {
  "took" : 90,
  "errors" :  ...
02: 118001 adresses traitées
adresse : bulk pour les ids de 276778 à 277777
bulk : {
  "took" : 67,
  "errors" :  ...
02: 119001 adresses traitées
adresse : bulk pour les ids de 277778 à 278777
bulk : {
  "took" : 91,
  "errors" :  ...
02: 120001 adresses traitées
adresse : bulk pour les ids de 278778 à 279777
bulk : {
  "took" : 69,
  "errors" :  ...
02: 121001 adresses traitées
adresse : bulk pour les ids de 279778 à 280777
bulk : {
  "took" : 98,
  "errors" :  ...
02: 122001 adresses traitées
adresse : bulk pour les ids de 280778 à 281777
bulk : {
  "took" : 92,
  "errors" :  ...
02: 123001 adresses traitées
adresse : bulk pour les ids de 281778 à 282777
bulk : {
  "took" : 118,
  "errors" : ...
02: 124001 adresses traitées
adresse : bulk pour les ids de 282778 à 283777
bulk : {
  "took" : 82,
  "errors" :  ...
02: 125001 adresses traitées
adresse : bulk pour les ids de 283778 à 284777
bulk : {
  "took" : 71,
  "errors" :  ...
02: 126001 adresses traitées
adresse : bulk pour les ids de 284778 à 285777
bulk : {
  "took" : 63,
  "errors" :  ...
02: 127001 adresses traitées
adresse : bulk pour les ids de 285778 à 286777
bulk : {
  "took" : 92,
  "errors" :  ...
02: 128001 adresses traitées
adresse : bulk pour les ids de 286778 à 287777
bulk : {
  "took" : 66,
  "errors" :  ...
02: 129001 adresses traitées
02: 130001 adresses traitées
adresse : bulk pour les ids de 287778 à 288777
bulk : {
  "took" : 103,
  "errors" : ...
02: 131001 adresses traitées
adresse : bulk pour les ids de 288778 à 289777
bulk : {
  "took" : 64,
  "errors" :  ...
02: 132001 adresses traitées
adresse : bulk pour les ids de 289778 à 290777
bulk : {
  "took" : 97,
  "errors" :  ...
02: 133001 adresses traitées
adresse : bulk pour les ids de 290778 à 291777
bulk : {
  "took" : 64,
  "errors" :  ...
02: 134001 adresses traitées
adresse : bulk pour les ids de 291778 à 292777
bulk : {
  "took" : 95,
  "errors" :  ...
02: 135001 adresses traitées
adresse : bulk pour les ids de 292778 à 293777
bulk : {
  "took" : 81,
  "errors" :  ...
02: 136001 adresses traitées
adresse : bulk pour les ids de 293778 à 294777
bulk : {
  "took" : 68,
  "errors" :  ...
02: 137001 adresses traitées
adresse : bulk pour les ids de 294778 à 295777
bulk : {
  "took" : 86,
  "errors" :  ...
02: 138001 adresses traitées
adresse : bulk pour les ids de 295778 à 296777
bulk : {
  "took" : 71,
  "errors" :  ...
02: 139001 adresses traitées
adresse : bulk pour les ids de 296778 à 297777
bulk : {
  "took" : 114,
  "errors" : ...
02: 140001 adresses traitées
adresse : bulk pour les ids de 297778 à 298777
bulk : {
  "took" : 71,
  "errors" :  ...
02: 141001 adresses traitées
adresse : bulk pour les ids de 298778 à 299777
bulk : {
  "took" : 72,
  "errors" :  ...
02: 142001 adresses traitées
adresse : bulk pour les ids de 299778 à 300777
bulk : {
  "took" : 84,
  "errors" :  ...
02: 143001 adresses traitées
adresse : bulk pour les ids de 300778 à 301777
bulk : {
  "took" : 113,
  "errors" : ...
02: 144001 adresses traitées
adresse : bulk pour les ids de 301778 à 302777
bulk : {
  "took" : 70,
  "errors" :  ...
02: 145001 adresses traitées
adresse : bulk pour les ids de 302778 à 303777
bulk : {
  "took" : 91,
  "errors" :  ...
02: 146001 adresses traitées
adresse : bulk pour les ids de 303778 à 304777
bulk : {
  "took" : 92,
  "errors" :  ...
02: 147001 adresses traitées
adresse : bulk pour les ids de 304778 à 305777
bulk : {
  "took" : 64,
  "errors" :  ...
02: 148001 adresses traitées
adresse : bulk pour les ids de 305778 à 306777
bulk : {
  "took" : 92,
  "errors" :  ...
02: 149001 adresses traitées
adresse : bulk pour les ids de 306778 à 307777
bulk : {
  "took" : 62,
  "errors" :  ...
02: 150001 adresses traitées
adresse : bulk pour les ids de 307778 à 308777
bulk : {
  "took" : 95,
  "errors" :  ...
02: 151001 adresses traitées
adresse : bulk pour les ids de 308778 à 309777
bulk : {
  "took" : 63,
  "errors" :  ...
02: 152001 adresses traitées
adresse : bulk pour les ids de 309778 à 310777
bulk : {
  "took" : 98,
  "errors" :  ...
02: 153001 adresses traitées
02: 154001 adresses traitées
adresse : bulk pour les ids de 310778 à 311777
bulk : {
  "took" : 63,
  "errors" :  ...
02: 155001 adresses traitées
adresse : bulk pour les ids de 311778 à 312777
bulk : {
  "took" : 97,
  "errors" :  ...
02: 156001 adresses traitées
adresse : bulk pour les ids de 312778 à 313777
bulk : {
  "took" : 86,
  "errors" :  ...
02: 157001 adresses traitées
adresse : bulk pour les ids de 313778 à 314777
bulk : {
  "took" : 78,
  "errors" :  ...
02: 158001 adresses traitées
adresse : bulk pour les ids de 314778 à 315777
bulk : {
  "took" : 89,
  "errors" :  ...
02: 159001 adresses traitées
adresse : bulk pour les ids de 315778 à 316777
bulk : {
  "took" : 108,
  "errors" : ...
02: 160001 adresses traitées
adresse : bulk pour les ids de 316778 à 317777
bulk : {
  "took" : 84,
  "errors" :  ...
02: 161001 adresses traitées
adresse : bulk pour les ids de 317778 à 318777
bulk : {
  "took" : 122,
  "errors" : ...
02: 162001 adresses traitées
adresse : bulk pour les ids de 318778 à 319777
bulk : {
  "took" : 93,
  "errors" :  ...
02: 163001 adresses traitées
adresse : bulk pour les ids de 319778 à 320777
bulk : {
  "took" : 132,
  "errors" : ...
02: 164001 adresses traitées
adresse : bulk pour les ids de 320778 à 321777
bulk : {
  "took" : 62,
  "errors" :  ...
02: 165001 adresses traitées
adresse : bulk pour les ids de 321778 à 322777
bulk : {
  "took" : 101,
  "errors" : ...
02: 166001 adresses traitées
adresse : bulk pour les ids de 322778 à 323777
bulk : {
  "took" : 61,
  "errors" :  ...
02: 167001 adresses traitées
adresse : bulk pour les ids de 323778 à 324777
bulk : {
  "took" : 104,
  "errors" : ...
02: 168001 adresses traitées
adresse : bulk pour les ids de 324778 à 325777
bulk : {
  "took" : 61,
  "errors" :  ...
02: 169001 adresses traitées
adresse : bulk pour les ids de 325778 à 326777
bulk : {
  "took" : 96,
  "errors" :  ...
02: 170001 adresses traitées
adresse : bulk pour les ids de 326778 à 327777
bulk : {
  "took" : 88,
  "errors" :  ...
02: 171001 adresses traitées
adresse : bulk pour les ids de 327778 à 328777
bulk : {
  "took" : 77,
  "errors" :  ...
02: 172001 adresses traitées
adresse : bulk pour les ids de 328778 à 329777
bulk : {
  "took" : 89,
  "errors" :  ...
02: 173001 adresses traitées
adresse : bulk pour les ids de 329778 à 330777
bulk : {
  "took" : 77,
  "errors" :  ...
02: 174001 adresses traitées
adresse : bulk pour les ids de 330778 à 331777
bulk : {
  "took" : 61,
  "errors" :  ...
02: 175001 adresses traitées
adresse : bulk pour les ids de 331778 à 332777
bulk : {
  "took" : 103,
  "errors" : ...
02: 176001 adresses traitées
adresse : bulk pour les ids de 332778 à 333777
bulk : {
  "took" : 61,
  "errors" :  ...
02: 177001 adresses traitées
adresse : bulk pour les ids de 333778 à 334777
bulk : {
  "took" : 122,
  "errors" : ...
02: 178001 adresses traitées
adresse : bulk pour les ids de 334778 à 335777
bulk : {
  "took" : 66,
  "errors" :  ...
02: 179001 adresses traitées
02: 180001 adresses traitées
adresse : bulk pour les ids de 335778 à 336777
bulk : {
  "took" : 104,
  "errors" : ...
02: 181001 adresses traitées
adresse : bulk pour les ids de 336778 à 337777
bulk : {
  "took" : 90,
  "errors" :  ...
02: 182001 adresses traitées
adresse : bulk pour les ids de 337778 à 338777
bulk : {
  "took" : 78,
  "errors" :  ...
02: 183001 adresses traitées
adresse : bulk pour les ids de 338778 à 339777
bulk : {
  "took" : 84,
  "errors" :  ...
02: 184001 adresses traitées
adresse : bulk pour les ids de 339778 à 340777
bulk : {
  "took" : 77,
  "errors" :  ...
02: 185001 adresses traitées
adresse : bulk pour les ids de 340778 à 341777
bulk : {
  "took" : 80,
  "errors" :  ...
02: 186001 adresses traitées
adresse : bulk pour les ids de 341778 à 342777
bulk : {
  "took" : 104,
  "errors" : ...
02: 187001 adresses traitées
adresse : bulk pour les ids de 342778 à 343777
bulk : {
  "took" : 61,
  "errors" :  ...
02: 188001 adresses traitées
adresse : bulk pour les ids de 343778 à 344777
bulk : {
  "took" : 97,
  "errors" :  ...
02: 189001 adresses traitées
adresse : bulk pour les ids de 344778 à 345777
bulk : {
  "took" : 63,
  "errors" :  ...
02: 190001 adresses traitées
adresse : bulk pour les ids de 345778 à 346777
bulk : {
  "took" : 98,
  "errors" :  ...
02: 191001 adresses traitées
adresse : bulk pour les ids de 346778 à 347777
bulk : {
  "took" : 70,
  "errors" :  ...
02: 192001 adresses traitées
adresse : bulk pour les ids de 347778 à 348777
bulk : {
  "took" : 93,
  "errors" :  ...
02: 193001 adresses traitées
adresse : bulk pour les ids de 348778 à 349777
bulk : {
  "took" : 71,
  "errors" :  ...
02: 194001 adresses traitées
adresse : bulk pour les ids de 349778 à 350777
bulk : {
  "took" : 92,
  "errors" :  ...
02: 195001 adresses traitées
adresse : bulk pour les ids de 350778 à 351777
bulk : {
  "took" : 96,
  "errors" :  ...
02: 196001 adresses traitées
adresse : bulk pour les ids de 351778 à 352777
bulk : {
  "took" : 70,
  "errors" :  ...
02: 197001 adresses traitées
adresse : bulk pour les ids de 352778 à 353777
bulk : {
  "took" : 68,
  "errors" :  ...
02: 198001 adresses traitées
adresse : bulk pour les ids de 353778 à 354777
bulk : {
  "took" : 96,
  "errors" :  ...
02: 199001 adresses traitées
adresse : bulk pour les ids de 354778 à 355777
bulk : {
  "took" : 92,
  "errors" :  ...
02: 200001 adresses traitées
adresse : bulk pour les ids de 355778 à 356777
bulk : {
  "took" : 69,
  "errors" :  ...
02: 201001 adresses traitées
02: 202001 adresses traitées
adresse : bulk pour les ids de 356778 à 357777
bulk : {
  "took" : 95,
  "errors" :  ...
02: 203001 adresses traitées
adresse : bulk pour les ids de 357778 à 358777
bulk : {
  "took" : 72,
  "errors" :  ...
02: 204001 adresses traitées
adresse : bulk pour les ids de 358778 à 359777
bulk : {
  "took" : 90,
  "errors" :  ...
02: 205001 adresses traitées
adresse : bulk pour les ids de 359778 à 360777
bulk : {
  "took" : 70,
  "errors" :  ...
02: 206001 adresses traitées
adresse : bulk pour les ids de 360778 à 361777
bulk : {
  "took" : 92,
  "errors" :  ...
02: 207001 adresses traitées
adresse : bulk pour les ids de 361778 à 362777
bulk : {
  "took" : 83,
  "errors" :  ...
02: 208001 adresses traitées
adresse : bulk pour les ids de 362778 à 363777
bulk : {
  "took" : 73,
  "errors" :  ...
02: 209001 adresses traitées
adresse : bulk pour les ids de 363778 à 364777
bulk : {
  "took" : 98,
  "errors" :  ...
02: 210001 adresses traitées
adresse : bulk pour les ids de 364778 à 365777
bulk : {
  "took" : 69,
  "errors" :  ...
02: 211001 adresses traitées
02: 212001 adresses traitées
adresse : bulk pour les ids de 365778 à 366777
bulk : {
  "took" : 87,
  "errors" :  ...
02: 213001 adresses traitées
adresse : bulk pour les ids de 366778 à 367777
bulk : {
  "took" : 74,
  "errors" :  ...
02: 214001 adresses traitées
adresse : bulk pour les ids de 367778 à 368777
bulk : {
  "took" : 86,
  "errors" :  ...
02: 215001 adresses traitées
adresse : bulk pour les ids de 368778 à 369777
bulk : {
  "took" : 95,
  "errors" :  ...
02: 216001 adresses traitées
adresse : bulk pour les ids de 369778 à 370777
bulk : {
  "took" : 81,
  "errors" :  ...
02: 217001 adresses traitées
adresse : bulk pour les ids de 370778 à 371777
bulk : {
  "took" : 69,
  "errors" :  ...
02: 218001 adresses traitées
adresse : bulk pour les ids de 371778 à 372777
bulk : {
  "took" : 64,
  "errors" :  ...
02: 219001 adresses traitées
adresse : bulk pour les ids de 372778 à 373777
bulk : {
  "took" : 90,
  "errors" :  ...
02: 220001 adresses traitées
adresse : bulk pour les ids de 373778 à 374777
bulk : {
  "took" : 84,
  "errors" :  ...
02: 221001 adresses traitées
adresse : bulk pour les ids de 374778 à 375777
bulk : {
  "took" : 70,
  "errors" :  ...
02: 222001 adresses traitées
adresse : bulk pour les ids de 375778 à 376777
bulk : {
  "took" : 89,
  "errors" :  ...
02: 223001 adresses traitées
adresse : bulk pour les ids de 376778 à 377777
bulk : {
  "took" : 200,
  "errors" : ...
02: 224001 adresses traitées
adresse : bulk pour les ids de 377778 à 378777
bulk : {
  "took" : 89,
  "errors" :  ...
02: 225001 adresses traitées
02: 226001 adresses traitées
adresse : bulk pour les ids de 378778 à 379777
bulk : {
  "took" : 72,
  "errors" :  ...
02: 227001 adresses traitées
adresse : bulk pour les ids de 379778 à 380777
bulk : {
  "took" : 95,
  "errors" :  ...
02: 228001 adresses traitées
adresse : bulk pour les ids de 380778 à 381777
bulk : {
  "took" : 71,
  "errors" :  ...
02: 229001 adresses traitées
adresse : bulk pour les ids de 381778 à 382777
bulk : {
  "took" : 86,
  "errors" :  ...
02: 230001 adresses traitées
adresse : bulk pour les ids de 382778 à 383777
bulk : {
  "took" : 100,
  "errors" : ...
02: 231001 adresses traitées
adresse : bulk pour les ids de 383778 à 384777
bulk : {
  "took" : 70,
  "errors" :  ...
02: 232001 adresses traitées
adresse : bulk pour les ids de 384778 à 385777
bulk : {
  "took" : 98,
  "errors" :  ...
02: 233001 adresses traitées
adresse : bulk pour les ids de 385778 à 386777
bulk : {
  "took" : 64,
  "errors" :  ...
02: 234001 adresses traitées
adresse : bulk pour les ids de 386778 à 387777
bulk : {
  "took" : 99,
  "errors" :  ...
02: 235001 adresses traitées
adresse : bulk pour les ids de 387778 à 388777
bulk : {
  "took" : 72,
  "errors" :  ...
02: 236001 adresses traitées
adresse : bulk pour les ids de 388778 à 389777
bulk : {
  "took" : 84,
  "errors" :  ...
02: 237001 adresses traitées
adresse : bulk pour les ids de 389778 à 390329
bulk : {
  "took" : 43,
  "errors" :  ...
dpt 03 : voies
03: 1 voies traitées
voie : bulk pour les ids de 31500 à 31699
bulk : {
  "took" : 12,
  "errors" :  ...
03: 201 voies traitées
voie : bulk pour les ids de 31700 à 31899
bulk : {
  "took" : 12,
  "errors" :  ...
03: 401 voies traitées
voie : bulk pour les ids de 31900 à 32099
bulk : {
  "took" : 12,
  "errors" :  ...
03: 601 voies traitées
voie : bulk pour les ids de 32100 à 32299
bulk : {
  "took" : 21,
  "errors" :  ...
03: 801 voies traitées
voie : bulk pour les ids de 32300 à 32499
bulk : {
  "took" : 31,
  "errors" :  ...
03: 1001 voies traitées
voie : bulk pour les ids de 32500 à 32699
bulk : {
  "took" : 12,
  "errors" :  ...
03: 1201 voies traitées
voie : bulk pour les ids de 32700 à 32899
bulk : {
  "took" : 12,
  "errors" :  ...
03: 1401 voies traitées
voie : bulk pour les ids de 32900 à 33099
bulk : {
  "took" : 12,
  "errors" :  ...
03: 1601 voies traitées
voie : bulk pour les ids de 33100 à 33299
bulk : {
  "took" : 12,
  "errors" :  ...
03: 1801 voies traitées
voie : bulk pour les ids de 33300 à 33499
bulk : {
  "took" : 12,
  "errors" :  ...
03: 2001 voies traitées
voie : bulk pour les ids de 33500 à 33699
bulk : {
  "took" : 12,
  "errors" :  ...
03: 2201 voies traitées
voie : bulk pour les ids de 33700 à 33899
bulk : {
  "took" : 11,
  "errors" :  ...
03: 2401 voies traitées
voie : bulk pour les ids de 33900 à 34099
bulk : {
  "took" : 12,
  "errors" :  ...
03: 2601 voies traitées
voie : bulk pour les ids de 34100 à 34299
bulk : {
  "took" : 12,
  "errors" :  ...
03: 2801 voies traitées
voie : bulk pour les ids de 34300 à 34499
bulk : {
  "took" : 11,
  "errors" :  ...
03: 3001 voies traitées
voie : bulk pour les ids de 34500 à 34699
bulk : {
  "took" : 46,
  "errors" :  ...
03: 3201 voies traitées
voie : bulk pour les ids de 34700 à 34899
bulk : {
  "took" : 11,
  "errors" :  ...
03: 3401 voies traitées
voie : bulk pour les ids de 34900 à 35099
bulk : {
  "took" : 12,
  "errors" :  ...
03: 3601 voies traitées
voie : bulk pour les ids de 35100 à 35299
bulk : {
  "took" : 11,
  "errors" :  ...
03: 3801 voies traitées
voie : bulk pour les ids de 35300 à 35499
bulk : {
  "took" : 12,
  "errors" :  ...
03: 4001 voies traitées
voie : bulk pour les ids de 35500 à 35699
bulk : {
  "took" : 12,
  "errors" :  ...
03: 4201 voies traitées
voie : bulk pour les ids de 35700 à 35899
bulk : {
  "took" : 12,
  "errors" :  ...
03: 4401 voies traitées
voie : bulk pour les ids de 35900 à 36099
bulk : {
  "took" : 12,
  "errors" :  ...
03: 4601 voies traitées
voie : bulk pour les ids de 36100 à 36299
bulk : {
  "took" : 12,
  "errors" :  ...
03: 4801 voies traitées
voie : bulk pour les ids de 36300 à 36499
bulk : {
  "took" : 50,
  "errors" :  ...
03: 5001 voies traitées
voie : bulk pour les ids de 36500 à 36699
bulk : {
  "took" : 12,
  "errors" :  ...
03: 5201 voies traitées
voie : bulk pour les ids de 36700 à 36899
bulk : {
  "took" : 11,
  "errors" :  ...
03: 5401 voies traitées
voie : bulk pour les ids de 36900 à 37099
bulk : {
  "took" : 12,
  "errors" :  ...
03: 5601 voies traitées
voie : bulk pour les ids de 37100 à 37299
bulk : {
  "took" : 11,
  "errors" :  ...
03: 5801 voies traitées
voie : bulk pour les ids de 37300 à 37499
bulk : {
  "took" : 11,
  "errors" :  ...
03: 6001 voies traitées
voie : bulk pour les ids de 37500 à 37699
bulk : {
  "took" : 12,
  "errors" :  ...
03: 6201 voies traitées
voie : bulk pour les ids de 37700 à 37899
bulk : {
  "took" : 20,
  "errors" :  ...
03: 6401 voies traitées
voie : bulk pour les ids de 37900 à 38099
bulk : {
  "took" : 13,
  "errors" :  ...
03: 6601 voies traitées
voie : bulk pour les ids de 38100 à 38299
bulk : {
  "took" : 11,
  "errors" :  ...
03: 6801 voies traitées
voie : bulk pour les ids de 38300 à 38499
bulk : {
  "took" : 42,
  "errors" :  ...
03: 7001 voies traitées
voie : bulk pour les ids de 38500 à 38699
bulk : {
  "took" : 12,
  "errors" :  ...
03: 7201 voies traitées
voie : bulk pour les ids de 38700 à 38899
bulk : {
  "took" : 12,
  "errors" :  ...
03: 7401 voies traitées
voie : bulk pour les ids de 38900 à 39099
bulk : {
  "took" : 35,
  "errors" :  ...
03: 7601 voies traitées
voie : bulk pour les ids de 39100 à 39299
bulk : {
  "took" : 12,
  "errors" :  ...
03: 7801 voies traitées
voie : bulk pour les ids de 39300 à 39499
bulk : {
  "took" : 11,
  "errors" :  ...
03: 8001 voies traitées
voie : bulk pour les ids de 39500 à 39699
bulk : {
  "took" : 11,
  "errors" :  ...
03: 8201 voies traitées
voie : bulk pour les ids de 39700 à 39899
bulk : {
  "took" : 11,
  "errors" :  ...
03: 8401 voies traitées
voie : bulk pour les ids de 39900 à 40099
bulk : {
  "took" : 43,
  "errors" :  ...
03: 8601 voies traitées
voie : bulk pour les ids de 40100 à 40299
bulk : {
  "took" : 11,
  "errors" :  ...
03: 8801 voies traitées
voie : bulk pour les ids de 40300 à 40499
bulk : {
  "took" : 13,
  "errors" :  ...
03: 9001 voies traitées
voie : bulk pour les ids de 40500 à 40699
bulk : {
  "took" : 11,
  "errors" :  ...
03: 9201 voies traitées
voie : bulk pour les ids de 40700 à 40899
bulk : {
  "took" : 11,
  "errors" :  ...
03: 9401 voies traitées
voie : bulk pour les ids de 40900 à 41099
bulk : {
  "took" : 11,
  "errors" :  ...
03: 9601 voies traitées
voie : bulk pour les ids de 41100 à 41299
bulk : {
  "took" : 11,
  "errors" :  ...
03: 9801 voies traitées
voie : bulk pour les ids de 41300 à 41305
bulk : {
  "took" : 1,
  "errors" : f ...
dpt 03 : adresses
03: 1 adresses traitées
03: 1001 adresses traitées
adresse : bulk pour les ids de 390330 à 391329
bulk : {
  "took" : 98,
  "errors" :  ...
03: 2001 adresses traitées
adresse : bulk pour les ids de 391330 à 392329
bulk : {
  "took" : 83,
  "errors" :  ...
03: 3001 adresses traitées
adresse : bulk pour les ids de 392330 à 393329
bulk : {
  "took" : 91,
  "errors" :  ...
03: 4001 adresses traitées
adresse : bulk pour les ids de 393330 à 394329
bulk : {
  "took" : 74,
  "errors" :  ...
03: 5001 adresses traitées
adresse : bulk pour les ids de 394330 à 395329
bulk : {
  "took" : 90,
  "errors" :  ...
03: 6001 adresses traitées
adresse : bulk pour les ids de 395330 à 396329
bulk : {
  "took" : 103,
  "errors" : ...
03: 7001 adresses traitées
adresse : bulk pour les ids de 396330 à 397329
bulk : {
  "took" : 79,
  "errors" :  ...
03: 8001 adresses traitées
adresse : bulk pour les ids de 397330 à 398329
bulk : {
  "took" : 87,
  "errors" :  ...
03: 9001 adresses traitées
adresse : bulk pour les ids de 398330 à 399329
bulk : {
  "took" : 85,
  "errors" :  ...
03: 10001 adresses traitées
adresse : bulk pour les ids de 399330 à 400329
bulk : {
  "took" : 100,
  "errors" : ...
03: 11001 adresses traitées
03: 12001 adresses traitées
adresse : bulk pour les ids de 400330 à 401329
bulk : {
  "took" : 69,
  "errors" :  ...
03: 13001 adresses traitées
adresse : bulk pour les ids de 401330 à 402329
bulk : {
  "took" : 91,
  "errors" :  ...
03: 14001 adresses traitées
adresse : bulk pour les ids de 402330 à 403329
bulk : {
  "took" : 103,
  "errors" : ...
03: 15001 adresses traitées
adresse : bulk pour les ids de 403330 à 404329
bulk : {
  "took" : 111,
  "errors" : ...
03: 16001 adresses traitées
adresse : bulk pour les ids de 404330 à 405329
bulk : {
  "took" : 64,
  "errors" :  ...
03: 17001 adresses traitées
adresse : bulk pour les ids de 405330 à 406329
bulk : {
  "took" : 90,
  "errors" :  ...
03: 18001 adresses traitées
adresse : bulk pour les ids de 406330 à 407329
bulk : {
  "took" : 87,
  "errors" :  ...
03: 19001 adresses traitées
adresse : bulk pour les ids de 407330 à 408329
bulk : {
  "took" : 90,
  "errors" :  ...
03: 20001 adresses traitées
adresse : bulk pour les ids de 408330 à 409329
bulk : {
  "took" : 86,
  "errors" :  ...
03: 21001 adresses traitées
adresse : bulk pour les ids de 409330 à 410329
bulk : {
  "took" : 94,
  "errors" :  ...
03: 22001 adresses traitées
adresse : bulk pour les ids de 410330 à 411329
bulk : {
  "took" : 62,
  "errors" :  ...
03: 23001 adresses traitées
adresse : bulk pour les ids de 411330 à 412329
bulk : {
  "took" : 97,
  "errors" :  ...
03: 24001 adresses traitées
adresse : bulk pour les ids de 412330 à 413329
bulk : {
  "took" : 63,
  "errors" :  ...
03: 25001 adresses traitées
adresse : bulk pour les ids de 413330 à 414329
bulk : {
  "took" : 102,
  "errors" : ...
03: 26001 adresses traitées
adresse : bulk pour les ids de 414330 à 415329
bulk : {
  "took" : 64,
  "errors" :  ...
03: 27001 adresses traitées
adresse : bulk pour les ids de 415330 à 416329
bulk : {
  "took" : 99,
  "errors" :  ...
03: 28001 adresses traitées
adresse : bulk pour les ids de 416330 à 417329
bulk : {
  "took" : 74,
  "errors" :  ...
03: 29001 adresses traitées
adresse : bulk pour les ids de 417330 à 418329
bulk : {
  "took" : 85,
  "errors" :  ...
03: 30001 adresses traitées
adresse : bulk pour les ids de 418330 à 419329
bulk : {
  "took" : 93,
  "errors" :  ...
03: 31001 adresses traitées
adresse : bulk pour les ids de 419330 à 420329
bulk : {
  "took" : 74,
  "errors" :  ...
03: 32001 adresses traitées
adresse : bulk pour les ids de 420330 à 421329
bulk : {
  "took" : 86,
  "errors" :  ...
03: 33001 adresses traitées
adresse : bulk pour les ids de 421330 à 422329
bulk : {
  "took" : 64,
  "errors" :  ...
03: 34001 adresses traitées
03: 35001 adresses traitées
adresse : bulk pour les ids de 422330 à 423329
bulk : {
  "took" : 91,
  "errors" :  ...
03: 36001 adresses traitées
adresse : bulk pour les ids de 423330 à 424329
bulk : {
  "took" : 83,
  "errors" :  ...
03: 37001 adresses traitées
adresse : bulk pour les ids de 424330 à 425329
bulk : {
  "took" : 71,
  "errors" :  ...
03: 38001 adresses traitées
adresse : bulk pour les ids de 425330 à 426329
bulk : {
  "took" : 90,
  "errors" :  ...
03: 39001 adresses traitées
adresse : bulk pour les ids de 426330 à 427329
bulk : {
  "took" : 91,
  "errors" :  ...
03: 40001 adresses traitées
adresse : bulk pour les ids de 427330 à 428329
bulk : {
  "took" : 65,
  "errors" :  ...
03: 41001 adresses traitées
adresse : bulk pour les ids de 428330 à 429329
bulk : {
  "took" : 88,
  "errors" :  ...
03: 42001 adresses traitées
adresse : bulk pour les ids de 429330 à 430329
bulk : {
  "took" : 61,
  "errors" :  ...
03: 43001 adresses traitées
adresse : bulk pour les ids de 430330 à 431329
bulk : {
  "took" : 89,
  "errors" :  ...
03: 44001 adresses traitées
adresse : bulk pour les ids de 431330 à 432329
bulk : {
  "took" : 65,
  "errors" :  ...
03: 45001 adresses traitées
adresse : bulk pour les ids de 432330 à 433329
bulk : {
  "took" : 87,
  "errors" :  ...
03: 46001 adresses traitées
03: 47001 adresses traitées
adresse : bulk pour les ids de 433330 à 434329
bulk : {
  "took" : 62,
  "errors" :  ...
03: 48001 adresses traitées
adresse : bulk pour les ids de 434330 à 435329
bulk : {
  "took" : 89,
  "errors" :  ...
03: 49001 adresses traitées
adresse : bulk pour les ids de 435330 à 436329
bulk : {
  "took" : 86,
  "errors" :  ...
03: 50001 adresses traitées
adresse : bulk pour les ids de 436330 à 437329
bulk : {
  "took" : 71,
  "errors" :  ...
03: 51001 adresses traitées
adresse : bulk pour les ids de 437330 à 438329
bulk : {
  "took" : 77,
  "errors" :  ...
03: 52001 adresses traitées
adresse : bulk pour les ids de 438330 à 439329
bulk : {
  "took" : 70,
  "errors" :  ...
03: 53001 adresses traitées
adresse : bulk pour les ids de 439330 à 440329
bulk : {
  "took" : 83,
  "errors" :  ...
03: 54001 adresses traitées
adresse : bulk pour les ids de 440330 à 441329
bulk : {
  "took" : 71,
  "errors" :  ...
03: 55001 adresses traitées
adresse : bulk pour les ids de 441330 à 442329
bulk : {
  "took" : 63,
  "errors" :  ...
03: 56001 adresses traitées
adresse : bulk pour les ids de 442330 à 443329
bulk : {
  "took" : 92,
  "errors" :  ...
03: 57001 adresses traitées
adresse : bulk pour les ids de 443330 à 444329
bulk : {
  "took" : 81,
  "errors" :  ...
03: 58001 adresses traitées
adresse : bulk pour les ids de 444330 à 445329
bulk : {
  "took" : 69,
  "errors" :  ...
03: 59001 adresses traitées
adresse : bulk pour les ids de 445330 à 446329
bulk : {
  "took" : 79,
  "errors" :  ...
03: 60001 adresses traitées
adresse : bulk pour les ids de 446330 à 447329
bulk : {
  "took" : 70,
  "errors" :  ...
03: 61001 adresses traitées
adresse : bulk pour les ids de 447330 à 448329
bulk : {
  "took" : 83,
  "errors" :  ...
03: 62001 adresses traitées
adresse : bulk pour les ids de 448330 à 449329
bulk : {
  "took" : 71,
  "errors" :  ...
03: 63001 adresses traitées
adresse : bulk pour les ids de 449330 à 450329
bulk : {
  "took" : 87,
  "errors" :  ...
03: 64001 adresses traitées
adresse : bulk pour les ids de 450330 à 451329
bulk : {
  "took" : 69,
  "errors" :  ...
03: 65001 adresses traitées
adresse : bulk pour les ids de 451330 à 452329
bulk : {
  "took" : 80,
  "errors" :  ...
03: 66001 adresses traitées
adresse : bulk pour les ids de 452330 à 453329
bulk : {
  "took" : 94,
  "errors" :  ...
03: 67001 adresses traitées
adresse : bulk pour les ids de 453330 à 454329
bulk : {
  "took" : 62,
  "errors" :  ...
03: 68001 adresses traitées
03: 69001 adresses traitées
adresse : bulk pour les ids de 454330 à 455329
bulk : {
  "took" : 99,
  "errors" :  ...
03: 70001 adresses traitées
adresse : bulk pour les ids de 455330 à 456329
bulk : {
  "took" : 94,
  "errors" :  ...
03: 71001 adresses traitées
adresse : bulk pour les ids de 456330 à 457329
bulk : {
  "took" : 97,
  "errors" :  ...
03: 72001 adresses traitées
adresse : bulk pour les ids de 457330 à 458329
bulk : {
  "took" : 68,
  "errors" :  ...
03: 73001 adresses traitées
adresse : bulk pour les ids de 458330 à 459329
bulk : {
  "took" : 86,
  "errors" :  ...
03: 74001 adresses traitées
adresse : bulk pour les ids de 459330 à 460329
bulk : {
  "took" : 84,
  "errors" :  ...
03: 75001 adresses traitées
adresse : bulk pour les ids de 460330 à 461329
bulk : {
  "took" : 96,
  "errors" :  ...
03: 76001 adresses traitées
adresse : bulk pour les ids de 461330 à 462329
bulk : {
  "took" : 70,
  "errors" :  ...
03: 77001 adresses traitées
adresse : bulk pour les ids de 462330 à 463329
bulk : {
  "took" : 107,
  "errors" : ...
03: 78001 adresses traitées
adresse : bulk pour les ids de 463330 à 464329
bulk : {
  "took" : 89,
  "errors" :  ...
03: 79001 adresses traitées
03: 80001 adresses traitées
adresse : bulk pour les ids de 464330 à 465329
bulk : {
  "took" : 70,
  "errors" :  ...
03: 81001 adresses traitées
adresse : bulk pour les ids de 465330 à 466329
bulk : {
  "took" : 87,
  "errors" :  ...
03: 82001 adresses traitées
adresse : bulk pour les ids de 466330 à 467329
bulk : {
  "took" : 71,
  "errors" :  ...
03: 83001 adresses traitées
adresse : bulk pour les ids de 467330 à 468329
bulk : {
  "took" : 87,
  "errors" :  ...
03: 84001 adresses traitées
adresse : bulk pour les ids de 468330 à 469329
bulk : {
  "took" : 75,
  "errors" :  ...
03: 85001 adresses traitées
adresse : bulk pour les ids de 469330 à 470329
bulk : {
  "took" : 83,
  "errors" :  ...
03: 86001 adresses traitées
adresse : bulk pour les ids de 470330 à 471329
bulk : {
  "took" : 94,
  "errors" :  ...
03: 87001 adresses traitées
adresse : bulk pour les ids de 471330 à 472329
bulk : {
  "took" : 62,
  "errors" :  ...
03: 88001 adresses traitées
adresse : bulk pour les ids de 472330 à 473329
bulk : {
  "took" : 93,
  "errors" :  ...
03: 89001 adresses traitées
adresse : bulk pour les ids de 473330 à 474329
bulk : {
  "took" : 65,
  "errors" :  ...
03: 90001 adresses traitées
adresse : bulk pour les ids de 474330 à 475329
bulk : {
  "took" : 99,
  "errors" :  ...
03: 91001 adresses traitées
adresse : bulk pour les ids de 475330 à 476329
bulk : {
  "took" : 84,
  "errors" :  ...
03: 92001 adresses traitées
adresse : bulk pour les ids de 476330 à 477329
bulk : {
  "took" : 79,
  "errors" :  ...
03: 93001 adresses traitées
adresse : bulk pour les ids de 477330 à 478329
bulk : {
  "took" : 62,
  "errors" :  ...
03: 94001 adresses traitées
adresse : bulk pour les ids de 478330 à 479329
bulk : {
  "took" : 103,
  "errors" : ...
03: 95001 adresses traitées
03: 96001 adresses traitées
adresse : bulk pour les ids de 479330 à 480329
bulk : {
  "took" : 95,
  "errors" :  ...
03: 97001 adresses traitées
adresse : bulk pour les ids de 480330 à 481329
bulk : {
  "took" : 80,
  "errors" :  ...
03: 98001 adresses traitées
adresse : bulk pour les ids de 481330 à 482329
bulk : {
  "took" : 85,
  "errors" :  ...
03: 99001 adresses traitées
adresse : bulk pour les ids de 482330 à 483329
bulk : {
  "took" : 77,
  "errors" :  ...
03: 100001 adresses traitées
adresse : bulk pour les ids de 483330 à 484329
bulk : {
  "took" : 81,
  "errors" :  ...
03: 101001 adresses traitées
adresse : bulk pour les ids de 484330 à 485329
bulk : {
  "took" : 79,
  "errors" :  ...
03: 102001 adresses traitées
adresse : bulk pour les ids de 485330 à 486329
bulk : {
  "took" : 79,
  "errors" :  ...
03: 103001 adresses traitées
adresse : bulk pour les ids de 486330 à 487329
bulk : {
  "took" : 77,
  "errors" :  ...
03: 104001 adresses traitées
adresse : bulk pour les ids de 487330 à 488329
bulk : {
  "took" : 59,
  "errors" :  ...
03: 105001 adresses traitées
adresse : bulk pour les ids de 488330 à 489329
bulk : {
  "took" : 94,
  "errors" :  ...
03: 106001 adresses traitées
adresse : bulk pour les ids de 489330 à 490329
bulk : {
  "took" : 62,
  "errors" :  ...
03: 107001 adresses traitées
adresse : bulk pour les ids de 490330 à 491329
bulk : {
  "took" : 99,
  "errors" :  ...
03: 108001 adresses traitées
adresse : bulk pour les ids de 491330 à 492329
bulk : {
  "took" : 62,
  "errors" :  ...
03: 109001 adresses traitées
adresse : bulk pour les ids de 492330 à 493329
bulk : {
  "took" : 76,
  "errors" :  ...
03: 110001 adresses traitées
adresse : bulk pour les ids de 493330 à 494329
bulk : {
  "took" : 80,
  "errors" :  ...
03: 111001 adresses traitées
adresse : bulk pour les ids de 494330 à 495329
bulk : {
  "took" : 96,
  "errors" :  ...
03: 112001 adresses traitées
adresse : bulk pour les ids de 495330 à 496329
bulk : {
  "took" : 87,
  "errors" :  ...
03: 113001 adresses traitées
adresse : bulk pour les ids de 496330 à 497329
bulk : {
  "took" : 78,
  "errors" :  ...
03: 114001 adresses traitées
adresse : bulk pour les ids de 497330 à 498329
bulk : {
  "took" : 92,
  "errors" :  ...
03: 115001 adresses traitées
adresse : bulk pour les ids de 498330 à 499329
bulk : {
  "took" : 78,
  "errors" :  ...
03: 116001 adresses traitées
adresse : bulk pour les ids de 499330 à 500329
bulk : {
  "took" : 104,
  "errors" : ...
03: 117001 adresses traitées
adresse : bulk pour les ids de 500330 à 501329
bulk : {
  "took" : 78,
  "errors" :  ...
03: 118001 adresses traitées
adresse : bulk pour les ids de 501330 à 502329
bulk : {
  "took" : 88,
  "errors" :  ...
03: 119001 adresses traitées
adresse : bulk pour les ids de 502330 à 503329
bulk : {
  "took" : 107,
  "errors" : ...
03: 120001 adresses traitées
adresse : bulk pour les ids de 503330 à 504329
bulk : {
  "took" : 63,
  "errors" :  ...
03: 121001 adresses traitées
adresse : bulk pour les ids de 504330 à 505329
bulk : {
  "took" : 118,
  "errors" : ...
03: 122001 adresses traitées
adresse : bulk pour les ids de 505330 à 506329
bulk : {
  "took" : 61,
  "errors" :  ...
03: 123001 adresses traitées
adresse : bulk pour les ids de 506330 à 507329
bulk : {
  "took" : 100,
  "errors" : ...
03: 124001 adresses traitées
adresse : bulk pour les ids de 507330 à 508329
bulk : {
  "took" : 60,
  "errors" :  ...
03: 125001 adresses traitées
adresse : bulk pour les ids de 508330 à 509329
bulk : {
  "took" : 96,
  "errors" :  ...
03: 126001 adresses traitées
adresse : bulk pour les ids de 509330 à 510329
bulk : {
  "took" : 95,
  "errors" :  ...
03: 127001 adresses traitées
adresse : bulk pour les ids de 510330 à 511329
bulk : {
  "took" : 89,
  "errors" :  ...
03: 128001 adresses traitées
03: 129001 adresses traitées
adresse : bulk pour les ids de 511330 à 512329
bulk : {
  "took" : 64,
  "errors" :  ...
03: 130001 adresses traitées
adresse : bulk pour les ids de 512330 à 513329
bulk : {
  "took" : 99,
  "errors" :  ...
03: 131001 adresses traitées
adresse : bulk pour les ids de 513330 à 514329
bulk : {
  "took" : 93,
  "errors" :  ...
03: 132001 adresses traitées
adresse : bulk pour les ids de 514330 à 515329
bulk : {
  "took" : 63,
  "errors" :  ...
03: 133001 adresses traitées
adresse : bulk pour les ids de 515330 à 516329
bulk : {
  "took" : 73,
  "errors" :  ...
03: 134001 adresses traitées
adresse : bulk pour les ids de 516330 à 517329
bulk : {
  "took" : 88,
  "errors" :  ...
adresse : bulk pour les ids de 517330 à 517667
bulk : {
  "took" : 22,
  "errors" :  ...
dpt 04 : voies
04: 1 voies traitées
voie : bulk pour les ids de 41306 à 41505
bulk : {
  "took" : 11,
  "errors" :  ...
04: 201 voies traitées
voie : bulk pour les ids de 41506 à 41705
bulk : {
  "took" : 12,
  "errors" :  ...
04: 401 voies traitées
voie : bulk pour les ids de 41706 à 41905
bulk : {
  "took" : 11,
  "errors" :  ...
04: 601 voies traitées
voie : bulk pour les ids de 41906 à 42105
bulk : {
  "took" : 11,
  "errors" :  ...
04: 801 voies traitées
voie : bulk pour les ids de 42106 à 42305
bulk : {
  "took" : 11,
  "errors" :  ...
04: 1001 voies traitées
voie : bulk pour les ids de 42306 à 42505
bulk : {
  "took" : 11,
  "errors" :  ...
04: 1201 voies traitées
voie : bulk pour les ids de 42506 à 42705
bulk : {
  "took" : 11,
  "errors" :  ...
04: 1401 voies traitées
voie : bulk pour les ids de 42706 à 42905
bulk : {
  "took" : 49,
  "errors" :  ...
04: 1601 voies traitées
voie : bulk pour les ids de 42906 à 43105
bulk : {
  "took" : 12,
  "errors" :  ...
04: 1801 voies traitées
voie : bulk pour les ids de 43106 à 43305
bulk : {
  "took" : 11,
  "errors" :  ...
04: 2001 voies traitées
voie : bulk pour les ids de 43306 à 43505
bulk : {
  "took" : 10,
  "errors" :  ...
04: 2201 voies traitées
voie : bulk pour les ids de 43506 à 43705
bulk : {
  "took" : 11,
  "errors" :  ...
04: 2401 voies traitées
voie : bulk pour les ids de 43706 à 43905
bulk : {
  "took" : 12,
  "errors" :  ...
04: 2601 voies traitées
voie : bulk pour les ids de 43906 à 44105
bulk : {
  "took" : 11,
  "errors" :  ...
04: 2801 voies traitées
voie : bulk pour les ids de 44106 à 44305
bulk : {
  "took" : 11,
  "errors" :  ...
04: 3001 voies traitées
voie : bulk pour les ids de 44306 à 44505
bulk : {
  "took" : 11,
  "errors" :  ...
04: 3201 voies traitées
voie : bulk pour les ids de 44506 à 44705
bulk : {
  "took" : 10,
  "errors" :  ...
04: 3401 voies traitées
voie : bulk pour les ids de 44706 à 44905
bulk : {
  "took" : 12,
  "errors" :  ...
04: 3601 voies traitées
voie : bulk pour les ids de 44906 à 45105
bulk : {
  "took" : 11,
  "errors" :  ...
04: 3801 voies traitées
voie : bulk pour les ids de 45106 à 45305
bulk : {
  "took" : 11,
  "errors" :  ...
04: 4001 voies traitées
voie : bulk pour les ids de 45306 à 45505
bulk : {
  "took" : 12,
  "errors" :  ...
04: 4201 voies traitées
voie : bulk pour les ids de 45506 à 45675
bulk : {
  "took" : 10,
  "errors" :  ...
dpt 04 : adresses
04: 1 adresses traitées
04: 1001 adresses traitées
adresse : bulk pour les ids de 517668 à 518667
bulk : {
  "took" : 98,
  "errors" :  ...
04: 2001 adresses traitées
04: 3001 adresses traitées
adresse : bulk pour les ids de 518668 à 519667
bulk : {
  "took" : 84,
  "errors" :  ...
04: 4001 adresses traitées
adresse : bulk pour les ids de 519668 à 520667
bulk : {
  "took" : 80,
  "errors" :  ...
04: 5001 adresses traitées
adresse : bulk pour les ids de 520668 à 521667
bulk : {
  "took" : 80,
  "errors" :  ...
04: 6001 adresses traitées
04: 7001 adresses traitées
adresse : bulk pour les ids de 521668 à 522667
bulk : {
  "took" : 77,
  "errors" :  ...
04: 8001 adresses traitées
adresse : bulk pour les ids de 522668 à 523667
bulk : {
  "took" : 81,
  "errors" :  ...
04: 9001 adresses traitées
adresse : bulk pour les ids de 523668 à 524667
bulk : {
  "took" : 79,
  "errors" :  ...
04: 10001 adresses traitées
adresse : bulk pour les ids de 524668 à 525667
bulk : {
  "took" : 87,
  "errors" :  ...
04: 11001 adresses traitées
adresse : bulk pour les ids de 525668 à 526667
bulk : {
  "took" : 80,
  "errors" :  ...
04: 12001 adresses traitées
adresse : bulk pour les ids de 526668 à 527667
bulk : {
  "took" : 85,
  "errors" :  ...
04: 13001 adresses traitées
adresse : bulk pour les ids de 527668 à 528667
bulk : {
  "took" : 79,
  "errors" :  ...
04: 14001 adresses traitées
04: 15001 adresses traitées
adresse : bulk pour les ids de 528668 à 529667
bulk : {
  "took" : 84,
  "errors" :  ...
04: 16001 adresses traitées
adresse : bulk pour les ids de 529668 à 530667
bulk : {
  "took" : 101,
  "errors" : ...
04: 17001 adresses traitées
adresse : bulk pour les ids de 530668 à 531667
bulk : {
  "took" : 65,
  "errors" :  ...
04: 18001 adresses traitées
04: 19001 adresses traitées
adresse : bulk pour les ids de 531668 à 532667
bulk : {
  "took" : 98,
  "errors" :  ...
04: 20001 adresses traitées
04: 21001 adresses traitées
adresse : bulk pour les ids de 532668 à 533667
bulk : {
  "took" : 62,
  "errors" :  ...
04: 22001 adresses traitées
04: 23001 adresses traitées
adresse : bulk pour les ids de 533668 à 534667
bulk : {
  "took" : 97,
  "errors" :  ...
04: 24001 adresses traitées
adresse : bulk pour les ids de 534668 à 535667
bulk : {
  "took" : 65,
  "errors" :  ...
04: 25001 adresses traitées
04: 26001 adresses traitées
adresse : bulk pour les ids de 535668 à 536667
bulk : {
  "took" : 104,
  "errors" : ...
04: 27001 adresses traitées
04: 28001 adresses traitées
adresse : bulk pour les ids de 536668 à 537667
bulk : {
  "took" : 66,
  "errors" :  ...
04: 29001 adresses traitées
adresse : bulk pour les ids de 537668 à 538667
bulk : {
  "took" : 106,
  "errors" : ...
04: 30001 adresses traitées
04: 31001 adresses traitées
adresse : bulk pour les ids de 538668 à 539667
bulk : {
  "took" : 61,
  "errors" :  ...
04: 32001 adresses traitées
04: 33001 adresses traitées
adresse : bulk pour les ids de 539668 à 540667
bulk : {
  "took" : 102,
  "errors" : ...
04: 34001 adresses traitées
04: 35001 adresses traitées
adresse : bulk pour les ids de 540668 à 541667
bulk : {
  "took" : 81,
  "errors" :  ...
04: 36001 adresses traitées
adresse : bulk pour les ids de 541668 à 542667
bulk : {
  "took" : 78,
  "errors" :  ...
04: 37001 adresses traitées
adresse : bulk pour les ids de 542668 à 543667
bulk : {
  "took" : 84,
  "errors" :  ...
04: 38001 adresses traitées
04: 39001 adresses traitées
adresse : bulk pour les ids de 543668 à 544667
bulk : {
  "took" : 78,
  "errors" :  ...
04: 40001 adresses traitées
adresse : bulk pour les ids de 544668 à 545667
bulk : {
  "took" : 61,
  "errors" :  ...
04: 41001 adresses traitées
adresse : bulk pour les ids de 545668 à 546667
bulk : {
  "took" : 97,
  "errors" :  ...
04: 42001 adresses traitées
04: 43001 adresses traitées
adresse : bulk pour les ids de 546668 à 547667
bulk : {
  "took" : 85,
  "errors" :  ...
04: 44001 adresses traitées
adresse : bulk pour les ids de 547668 à 548667
bulk : {
  "took" : 81,
  "errors" :  ...
04: 45001 adresses traitées
adresse : bulk pour les ids de 548668 à 549667
bulk : {
  "took" : 83,
  "errors" :  ...
04: 46001 adresses traitées
04: 47001 adresses traitées
adresse : bulk pour les ids de 549668 à 550667
bulk : {
  "took" : 99,
  "errors" :  ...
04: 48001 adresses traitées
adresse : bulk pour les ids de 550668 à 551667
bulk : {
  "took" : 63,
  "errors" :  ...
04: 49001 adresses traitées
04: 50001 adresses traitées
adresse : bulk pour les ids de 551668 à 552667
bulk : {
  "took" : 102,
  "errors" : ...
04: 51001 adresses traitées
adresse : bulk pour les ids de 552668 à 553667
bulk : {
  "took" : 64,
  "errors" :  ...
04: 52001 adresses traitées
04: 53001 adresses traitées
adresse : bulk pour les ids de 553668 à 554661
bulk : {
  "took" : 101,
  "errors" : ...
dpt 05 : voies
05: 1 voies traitées
voie : bulk pour les ids de 45676 à 45875
bulk : {
  "took" : 11,
  "errors" :  ...
05: 201 voies traitées
voie : bulk pour les ids de 45876 à 46075
bulk : {
  "took" : 11,
  "errors" :  ...
05: 401 voies traitées
voie : bulk pour les ids de 46076 à 46275
bulk : {
  "took" : 11,
  "errors" :  ...
05: 601 voies traitées
voie : bulk pour les ids de 46276 à 46475
bulk : {
  "took" : 11,
  "errors" :  ...
05: 801 voies traitées
voie : bulk pour les ids de 46476 à 46675
bulk : {
  "took" : 12,
  "errors" :  ...
05: 1001 voies traitées
voie : bulk pour les ids de 46676 à 46875
bulk : {
  "took" : 29,
  "errors" :  ...
05: 1201 voies traitées
voie : bulk pour les ids de 46876 à 47075
bulk : {
  "took" : 32,
  "errors" :  ...
05: 1401 voies traitées
voie : bulk pour les ids de 47076 à 47275
bulk : {
  "took" : 12,
  "errors" :  ...
05: 1601 voies traitées
voie : bulk pour les ids de 47276 à 47475
bulk : {
  "took" : 12,
  "errors" :  ...
05: 1801 voies traitées
voie : bulk pour les ids de 47476 à 47675
bulk : {
  "took" : 11,
  "errors" :  ...
05: 2001 voies traitées
voie : bulk pour les ids de 47676 à 47875
bulk : {
  "took" : 12,
  "errors" :  ...
05: 2201 voies traitées
voie : bulk pour les ids de 47876 à 48075
bulk : {
  "took" : 12,
  "errors" :  ...
05: 2401 voies traitées
voie : bulk pour les ids de 48076 à 48275
bulk : {
  "took" : 33,
  "errors" :  ...
05: 2601 voies traitées
voie : bulk pour les ids de 48276 à 48475
bulk : {
  "took" : 11,
  "errors" :  ...
05: 2801 voies traitées
voie : bulk pour les ids de 48476 à 48675
bulk : {
  "took" : 11,
  "errors" :  ...
05: 3001 voies traitées
voie : bulk pour les ids de 48676 à 48748
bulk : {
  "took" : 5,
  "errors" : f ...
dpt 05 : adresses
05: 1 adresses traitées
05: 1001 adresses traitées
05: 2001 adresses traitées
adresse : bulk pour les ids de 554662 à 555661
bulk : {
  "took" : 65,
  "errors" :  ...
05: 3001 adresses traitées
adresse : bulk pour les ids de 555662 à 556661
bulk : {
  "took" : 99,
  "errors" :  ...
05: 4001 adresses traitées
adresse : bulk pour les ids de 556662 à 557661
bulk : {
  "took" : 64,
  "errors" :  ...
05: 5001 adresses traitées
05: 6001 adresses traitées
adresse : bulk pour les ids de 557662 à 558661
bulk : {
  "took" : 96,
  "errors" :  ...
05: 7001 adresses traitées
05: 8001 adresses traitées
adresse : bulk pour les ids de 558662 à 559661
bulk : {
  "took" : 83,
  "errors" :  ...
05: 9001 adresses traitées
adresse : bulk pour les ids de 559662 à 560661
bulk : {
  "took" : 80,
  "errors" :  ...
05: 10001 adresses traitées
05: 11001 adresses traitées
05: 12001 adresses traitées
adresse : bulk pour les ids de 560662 à 561661
bulk : {
  "took" : 84,
  "errors" :  ...
05: 13001 adresses traitées
05: 14001 adresses traitées
adresse : bulk pour les ids de 561662 à 562661
bulk : {
  "took" : 70,
  "errors" :  ...
05: 15001 adresses traitées
adresse : bulk pour les ids de 562662 à 563661
bulk : {
  "took" : 61,
  "errors" :  ...
05: 16001 adresses traitées
adresse : bulk pour les ids de 563662 à 564661
bulk : {
  "took" : 89,
  "errors" :  ...
05: 17001 adresses traitées
adresse : bulk pour les ids de 564662 à 565661
bulk : {
  "took" : 83,
  "errors" :  ...
05: 18001 adresses traitées
05: 19001 adresses traitées
adresse : bulk pour les ids de 565662 à 566661
bulk : {
  "took" : 71,
  "errors" :  ...
05: 20001 adresses traitées
adresse : bulk pour les ids de 566662 à 567661
bulk : {
  "took" : 84,
  "errors" :  ...
05: 21001 adresses traitées
adresse : bulk pour les ids de 567662 à 568661
bulk : {
  "took" : 99,
  "errors" :  ...
05: 22001 adresses traitées
05: 23001 adresses traitées
adresse : bulk pour les ids de 568662 à 569661
bulk : {
  "took" : 63,
  "errors" :  ...
05: 24001 adresses traitées
adresse : bulk pour les ids de 569662 à 570661
bulk : {
  "took" : 89,
  "errors" :  ...
05: 25001 adresses traitées
05: 26001 adresses traitées
adresse : bulk pour les ids de 570662 à 571661
bulk : {
  "took" : 61,
  "errors" :  ...
05: 27001 adresses traitées
05: 28001 adresses traitées
adresse : bulk pour les ids de 571662 à 572661
bulk : {
  "took" : 73,
  "errors" :  ...
05: 29001 adresses traitées
adresse : bulk pour les ids de 572662 à 573661
bulk : {
  "took" : 90,
  "errors" :  ...
05: 30001 adresses traitées
05: 31001 adresses traitées
adresse : bulk pour les ids de 573662 à 574661
bulk : {
  "took" : 78,
  "errors" :  ...
05: 32001 adresses traitées
05: 33001 adresses traitées
adresse : bulk pour les ids de 574662 à 575661
bulk : {
  "took" : 84,
  "errors" :  ...
05: 34001 adresses traitées
adresse : bulk pour les ids de 575662 à 576661
bulk : {
  "took" : 92,
  "errors" :  ...
05: 35001 adresses traitées
adresse : bulk pour les ids de 576662 à 577475
bulk : {
  "took" : 52,
  "errors" :  ...
dpt 06 : voies
06: 1 voies traitées
voie : bulk pour les ids de 48749 à 48948
bulk : {
  "took" : 12,
  "errors" :  ...
06: 201 voies traitées
voie : bulk pour les ids de 48949 à 49148
bulk : {
  "took" : 12,
  "errors" :  ...
06: 401 voies traitées
voie : bulk pour les ids de 49149 à 49348
bulk : {
  "took" : 11,
  "errors" :  ...
06: 601 voies traitées
voie : bulk pour les ids de 49349 à 49548
bulk : {
  "took" : 12,
  "errors" :  ...
06: 801 voies traitées
voie : bulk pour les ids de 49549 à 49748
bulk : {
  "took" : 11,
  "errors" :  ...
06: 1001 voies traitées
voie : bulk pour les ids de 49749 à 49948
bulk : {
  "took" : 36,
  "errors" :  ...
06: 1201 voies traitées
voie : bulk pour les ids de 49949 à 50148
bulk : {
  "took" : 11,
  "errors" :  ...
06: 1401 voies traitées
voie : bulk pour les ids de 50149 à 50348
bulk : {
  "took" : 11,
  "errors" :  ...
06: 1601 voies traitées
voie : bulk pour les ids de 50349 à 50548
bulk : {
  "took" : 12,
  "errors" :  ...
06: 1801 voies traitées
voie : bulk pour les ids de 50549 à 50748
bulk : {
  "took" : 12,
  "errors" :  ...
06: 2001 voies traitées
voie : bulk pour les ids de 50749 à 50948
bulk : {
  "took" : 12,
  "errors" :  ...
06: 2201 voies traitées
voie : bulk pour les ids de 50949 à 51148
bulk : {
  "took" : 12,
  "errors" :  ...
06: 2401 voies traitées
voie : bulk pour les ids de 51149 à 51348
bulk : {
  "took" : 11,
  "errors" :  ...
06: 2601 voies traitées
voie : bulk pour les ids de 51349 à 51548
bulk : {
  "took" : 12,
  "errors" :  ...
06: 2801 voies traitées
voie : bulk pour les ids de 51549 à 51748
bulk : {
  "took" : 12,
  "errors" :  ...
06: 3001 voies traitées
voie : bulk pour les ids de 51749 à 51948
bulk : {
  "took" : 12,
  "errors" :  ...
06: 3201 voies traitées
voie : bulk pour les ids de 51949 à 52148
bulk : {
  "took" : 31,
  "errors" :  ...
06: 3401 voies traitées
voie : bulk pour les ids de 52149 à 52348
bulk : {
  "took" : 11,
  "errors" :  ...
06: 3601 voies traitées
voie : bulk pour les ids de 52349 à 52548
bulk : {
  "took" : 14,
  "errors" :  ...
06: 3801 voies traitées
voie : bulk pour les ids de 52549 à 52748
bulk : {
  "took" : 12,
  "errors" :  ...
06: 4001 voies traitées
voie : bulk pour les ids de 52749 à 52948
bulk : {
  "took" : 11,
  "errors" :  ...
06: 4201 voies traitées
voie : bulk pour les ids de 52949 à 53148
bulk : {
  "took" : 11,
  "errors" :  ...
06: 4401 voies traitées
voie : bulk pour les ids de 53149 à 53348
bulk : {
  "took" : 13,
  "errors" :  ...
06: 4601 voies traitées
voie : bulk pour les ids de 53349 à 53548
bulk : {
  "took" : 12,
  "errors" :  ...
06: 4801 voies traitées
voie : bulk pour les ids de 53549 à 53748
bulk : {
  "took" : 12,
  "errors" :  ...
06: 5001 voies traitées
voie : bulk pour les ids de 53749 à 53948
bulk : {
  "took" : 31,
  "errors" :  ...
06: 5201 voies traitées
voie : bulk pour les ids de 53949 à 54148
bulk : {
  "took" : 11,
  "errors" :  ...
06: 5401 voies traitées
voie : bulk pour les ids de 54149 à 54348
bulk : {
  "took" : 11,
  "errors" :  ...
06: 5601 voies traitées
voie : bulk pour les ids de 54349 à 54548
bulk : {
  "took" : 12,
  "errors" :  ...
06: 5801 voies traitées
voie : bulk pour les ids de 54549 à 54748
bulk : {
  "took" : 12,
  "errors" :  ...
06: 6001 voies traitées
voie : bulk pour les ids de 54749 à 54948
bulk : {
  "took" : 12,
  "errors" :  ...
06: 6201 voies traitées
voie : bulk pour les ids de 54949 à 55148
bulk : {
  "took" : 13,
  "errors" :  ...
06: 6401 voies traitées
voie : bulk pour les ids de 55149 à 55348
bulk : {
  "took" : 12,
  "errors" :  ...
06: 6601 voies traitées
voie : bulk pour les ids de 55349 à 55548
bulk : {
  "took" : 12,
  "errors" :  ...
06: 6801 voies traitées
voie : bulk pour les ids de 55549 à 55748
bulk : {
  "took" : 12,
  "errors" :  ...
06: 7001 voies traitées
voie : bulk pour les ids de 55749 à 55948
bulk : {
  "took" : 11,
  "errors" :  ...
06: 7201 voies traitées
voie : bulk pour les ids de 55949 à 56148
bulk : {
  "took" : 35,
  "errors" :  ...
06: 7401 voies traitées
voie : bulk pour les ids de 56149 à 56348
bulk : {
  "took" : 26,
  "errors" :  ...
06: 7601 voies traitées
voie : bulk pour les ids de 56349 à 56548
bulk : {
  "took" : 17,
  "errors" :  ...
06: 7801 voies traitées
voie : bulk pour les ids de 56549 à 56748
bulk : {
  "took" : 16,
  "errors" :  ...
06: 8001 voies traitées
voie : bulk pour les ids de 56749 à 56948
bulk : {
  "took" : 17,
  "errors" :  ...
06: 8201 voies traitées
voie : bulk pour les ids de 56949 à 57148
bulk : {
  "took" : 18,
  "errors" :  ...
06: 8401 voies traitées
voie : bulk pour les ids de 57149 à 57348
bulk : {
  "took" : 12,
  "errors" :  ...
06: 8601 voies traitées
voie : bulk pour les ids de 57349 à 57548
bulk : {
  "took" : 12,
  "errors" :  ...
06: 8801 voies traitées
voie : bulk pour les ids de 57549 à 57748
bulk : {
  "took" : 12,
  "errors" :  ...
06: 9001 voies traitées
voie : bulk pour les ids de 57749 à 57948
bulk : {
  "took" : 35,
  "errors" :  ...
06: 9201 voies traitées
voie : bulk pour les ids de 57949 à 58148
bulk : {
  "took" : 12,
  "errors" :  ...
06: 9401 voies traitées
voie : bulk pour les ids de 58149 à 58348
bulk : {
  "took" : 13,
  "errors" :  ...
06: 9601 voies traitées
voie : bulk pour les ids de 58349 à 58548
bulk : {
  "took" : 12,
  "errors" :  ...
06: 9801 voies traitées
voie : bulk pour les ids de 58549 à 58748
bulk : {
  "took" : 12,
  "errors" :  ...
06: 10001 voies traitées
voie : bulk pour les ids de 58749 à 58948
bulk : {
  "took" : 12,
  "errors" :  ...
06: 10201 voies traitées
voie : bulk pour les ids de 58949 à 59148
bulk : {
  "took" : 13,
  "errors" :  ...
06: 10401 voies traitées
voie : bulk pour les ids de 59149 à 59348
bulk : {
  "took" : 12,
  "errors" :  ...
06: 10601 voies traitées
voie : bulk pour les ids de 59349 à 59548
bulk : {
  "took" : 12,
  "errors" :  ...
06: 10801 voies traitées
voie : bulk pour les ids de 59549 à 59748
bulk : {
  "took" : 12,
  "errors" :  ...
06: 11001 voies traitées
voie : bulk pour les ids de 59749 à 59948
bulk : {
  "took" : 34,
  "errors" :  ...
06: 11201 voies traitées
voie : bulk pour les ids de 59949 à 60148
bulk : {
  "took" : 21,
  "errors" :  ...
06: 11401 voies traitées
voie : bulk pour les ids de 60149 à 60348
bulk : {
  "took" : 12,
  "errors" :  ...
06: 11601 voies traitées
voie : bulk pour les ids de 60349 à 60548
bulk : {
  "took" : 11,
  "errors" :  ...
06: 11801 voies traitées
voie : bulk pour les ids de 60549 à 60748
bulk : {
  "took" : 11,
  "errors" :  ...
06: 12001 voies traitées
voie : bulk pour les ids de 60749 à 60948
bulk : {
  "took" : 11,
  "errors" :  ...
06: 12201 voies traitées
voie : bulk pour les ids de 60949 à 61148
bulk : {
  "took" : 11,
  "errors" :  ...
06: 12401 voies traitées
voie : bulk pour les ids de 61149 à 61348
bulk : {
  "took" : 12,
  "errors" :  ...
06: 12601 voies traitées
voie : bulk pour les ids de 61349 à 61548
bulk : {
  "took" : 12,
  "errors" :  ...
06: 12801 voies traitées
voie : bulk pour les ids de 61549 à 61748
bulk : {
  "took" : 30,
  "errors" :  ...
06: 13001 voies traitées
voie : bulk pour les ids de 61749 à 61847
bulk : {
  "took" : 5,
  "errors" : f ...
dpt 06 : adresses
06: 1 adresses traitées
06: 1001 adresses traitées
adresse : bulk pour les ids de 577476 à 578475
bulk : {
  "took" : 70,
  "errors" :  ...
06: 2001 adresses traitées
adresse : bulk pour les ids de 578476 à 579475
bulk : {
  "took" : 110,
  "errors" : ...
06: 3001 adresses traitées
adresse : bulk pour les ids de 579476 à 580475
bulk : {
  "took" : 67,
  "errors" :  ...
06: 4001 adresses traitées
adresse : bulk pour les ids de 580476 à 581475
bulk : {
  "took" : 106,
  "errors" : ...
06: 5001 adresses traitées
06: 6001 adresses traitées
adresse : bulk pour les ids de 581476 à 582475
bulk : {
  "took" : 90,
  "errors" :  ...
06: 7001 adresses traitées
adresse : bulk pour les ids de 582476 à 583475
bulk : {
  "took" : 80,
  "errors" :  ...
06: 8001 adresses traitées
adresse : bulk pour les ids de 583476 à 584475
bulk : {
  "took" : 66,
  "errors" :  ...
06: 9001 adresses traitées
adresse : bulk pour les ids de 584476 à 585475
bulk : {
  "took" : 117,
  "errors" : ...
06: 10001 adresses traitées
06: 11001 adresses traitées
adresse : bulk pour les ids de 585476 à 586475
bulk : {
  "took" : 64,
  "errors" :  ...
06: 12001 adresses traitées
adresse : bulk pour les ids de 586476 à 587475
bulk : {
  "took" : 114,
  "errors" : ...
06: 13001 adresses traitées
adresse : bulk pour les ids de 587476 à 588475
bulk : {
  "took" : 64,
  "errors" :  ...
06: 14001 adresses traitées
adresse : bulk pour les ids de 588476 à 589475
bulk : {
  "took" : 106,
  "errors" : ...
06: 15001 adresses traitées
adresse : bulk pour les ids de 589476 à 590475
bulk : {
  "took" : 63,
  "errors" :  ...
06: 16001 adresses traitées
06: 17001 adresses traitées
adresse : bulk pour les ids de 590476 à 591475
bulk : {
  "took" : 99,
  "errors" :  ...
06: 18001 adresses traitées
adresse : bulk pour les ids de 591476 à 592475
bulk : {
  "took" : 84,
  "errors" :  ...
06: 19001 adresses traitées
adresse : bulk pour les ids de 592476 à 593475
bulk : {
  "took" : 80,
  "errors" :  ...
06: 20001 adresses traitées
adresse : bulk pour les ids de 593476 à 594475
bulk : {
  "took" : 88,
  "errors" :  ...
06: 21001 adresses traitées
adresse : bulk pour les ids de 594476 à 595475
bulk : {
  "took" : 83,
  "errors" :  ...
06: 22001 adresses traitées
adresse : bulk pour les ids de 595476 à 596475
bulk : {
  "took" : 88,
  "errors" :  ...
06: 23001 adresses traitées
adresse : bulk pour les ids de 596476 à 597475
bulk : {
  "took" : 87,
  "errors" :  ...
06: 24001 adresses traitées
adresse : bulk pour les ids de 597476 à 598475
bulk : {
  "took" : 119,
  "errors" : ...
06: 25001 adresses traitées
adresse : bulk pour les ids de 598476 à 599475
bulk : {
  "took" : 96,
  "errors" :  ...
06: 26001 adresses traitées
06: 27001 adresses traitées
adresse : bulk pour les ids de 599476 à 600475
bulk : {
  "took" : 91,
  "errors" :  ...
06: 28001 adresses traitées
adresse : bulk pour les ids de 600476 à 601475
bulk : {
  "took" : 85,
  "errors" :  ...
06: 29001 adresses traitées
adresse : bulk pour les ids de 601476 à 602475
bulk : {
  "took" : 80,
  "errors" :  ...
06: 30001 adresses traitées
adresse : bulk pour les ids de 602476 à 603475
bulk : {
  "took" : 85,
  "errors" :  ...
06: 31001 adresses traitées
adresse : bulk pour les ids de 603476 à 604475
bulk : {
  "took" : 82,
  "errors" :  ...
06: 32001 adresses traitées
adresse : bulk pour les ids de 604476 à 605475
bulk : {
  "took" : 89,
  "errors" :  ...
06: 33001 adresses traitées
adresse : bulk pour les ids de 605476 à 606475
bulk : {
  "took" : 80,
  "errors" :  ...
06: 34001 adresses traitées
adresse : bulk pour les ids de 606476 à 607475
bulk : {
  "took" : 91,
  "errors" :  ...
06: 35001 adresses traitées
adresse : bulk pour les ids de 607476 à 608475
bulk : {
  "took" : 107,
  "errors" : ...
06: 36001 adresses traitées
adresse : bulk pour les ids de 608476 à 609475
bulk : {
  "took" : 66,
  "errors" :  ...
06: 37001 adresses traitées
adresse : bulk pour les ids de 609476 à 610475
bulk : {
  "took" : 99,
  "errors" :  ...
06: 38001 adresses traitées
adresse : bulk pour les ids de 610476 à 611475
bulk : {
  "took" : 63,
  "errors" :  ...
06: 39001 adresses traitées
adresse : bulk pour les ids de 611476 à 612475
bulk : {
  "took" : 104,
  "errors" : ...
06: 40001 adresses traitées
06: 41001 adresses traitées
adresse : bulk pour les ids de 612476 à 613475
bulk : {
  "took" : 68,
  "errors" :  ...
06: 42001 adresses traitées
adresse : bulk pour les ids de 613476 à 614475
bulk : {
  "took" : 98,
  "errors" :  ...
06: 43001 adresses traitées
adresse : bulk pour les ids de 614476 à 615475
bulk : {
  "took" : 77,
  "errors" :  ...
06: 44001 adresses traitées
adresse : bulk pour les ids de 615476 à 616475
bulk : {
  "took" : 80,
  "errors" :  ...
06: 45001 adresses traitées
adresse : bulk pour les ids de 616476 à 617475
bulk : {
  "took" : 66,
  "errors" :  ...
06: 46001 adresses traitées
adresse : bulk pour les ids de 617476 à 618475
bulk : {
  "took" : 71,
  "errors" :  ...
06: 47001 adresses traitées
adresse : bulk pour les ids de 618476 à 619475
bulk : {
  "took" : 82,
  "errors" :  ...
06: 48001 adresses traitées
adresse : bulk pour les ids de 619476 à 620475
bulk : {
  "took" : 97,
  "errors" :  ...
06: 49001 adresses traitées
adresse : bulk pour les ids de 620476 à 621475
bulk : {
  "took" : 79,
  "errors" :  ...
06: 50001 adresses traitées
adresse : bulk pour les ids de 621476 à 622475
bulk : {
  "took" : 89,
  "errors" :  ...
06: 51001 adresses traitées
adresse : bulk pour les ids de 622476 à 623475
bulk : {
  "took" : 82,
  "errors" :  ...
06: 52001 adresses traitées
adresse : bulk pour les ids de 623476 à 624475
bulk : {
  "took" : 85,
  "errors" :  ...
06: 53001 adresses traitées
adresse : bulk pour les ids de 624476 à 625475
bulk : {
  "took" : 101,
  "errors" : ...
06: 54001 adresses traitées
adresse : bulk pour les ids de 625476 à 626475
bulk : {
  "took" : 64,
  "errors" :  ...
06: 55001 adresses traitées
adresse : bulk pour les ids de 626476 à 627475
bulk : {
  "took" : 101,
  "errors" : ...
06: 56001 adresses traitées
adresse : bulk pour les ids de 627476 à 628475
bulk : {
  "took" : 63,
  "errors" :  ...
06: 57001 adresses traitées
06: 58001 adresses traitées
adresse : bulk pour les ids de 628476 à 629475
bulk : {
  "took" : 104,
  "errors" : ...
06: 59001 adresses traitées
adresse : bulk pour les ids de 629476 à 630475
bulk : {
  "took" : 64,
  "errors" :  ...
06: 60001 adresses traitées
adresse : bulk pour les ids de 630476 à 631475
bulk : {
  "took" : 106,
  "errors" : ...
06: 61001 adresses traitées
adresse : bulk pour les ids de 631476 à 632475
bulk : {
  "took" : 88,
  "errors" :  ...
06: 62001 adresses traitées
adresse : bulk pour les ids de 632476 à 633475
bulk : {
  "took" : 92,
  "errors" :  ...
06: 63001 adresses traitées
adresse : bulk pour les ids de 633476 à 634475
bulk : {
  "took" : 90,
  "errors" :  ...
06: 64001 adresses traitées
adresse : bulk pour les ids de 634476 à 635475
bulk : {
  "took" : 74,
  "errors" :  ...
06: 65001 adresses traitées
adresse : bulk pour les ids de 635476 à 636475
bulk : {
  "took" : 74,
  "errors" :  ...
06: 66001 adresses traitées
adresse : bulk pour les ids de 636476 à 637475
bulk : {
  "took" : 91,
  "errors" :  ...
06: 67001 adresses traitées
adresse : bulk pour les ids de 637476 à 638475
bulk : {
  "took" : 73,
  "errors" :  ...
06: 68001 adresses traitées
adresse : bulk pour les ids de 638476 à 639475
bulk : {
  "took" : 92,
  "errors" :  ...
06: 69001 adresses traitées
adresse : bulk pour les ids de 639476 à 640475
bulk : {
  "took" : 99,
  "errors" :  ...
06: 70001 adresses traitées
adresse : bulk pour les ids de 640476 à 641475
bulk : {
  "took" : 63,
  "errors" :  ...
06: 71001 adresses traitées
adresse : bulk pour les ids de 641476 à 642475
bulk : {
  "took" : 104,
  "errors" : ...
06: 72001 adresses traitées
adresse : bulk pour les ids de 642476 à 643475
bulk : {
  "took" : 63,
  "errors" :  ...
06: 73001 adresses traitées
adresse : bulk pour les ids de 643476 à 644475
bulk : {
  "took" : 100,
  "errors" : ...
06: 74001 adresses traitées
adresse : bulk pour les ids de 644476 à 645475
bulk : {
  "took" : 62,
  "errors" :  ...
06: 75001 adresses traitées
adresse : bulk pour les ids de 645476 à 646475
bulk : {
  "took" : 102,
  "errors" : ...
06: 76001 adresses traitées
adresse : bulk pour les ids de 646476 à 647475
bulk : {
  "took" : 63,
  "errors" :  ...
06: 77001 adresses traitées
adresse : bulk pour les ids de 647476 à 648475
bulk : {
  "took" : 79,
  "errors" :  ...
06: 78001 adresses traitées
06: 79001 adresses traitées
adresse : bulk pour les ids de 648476 à 649475
bulk : {
  "took" : 96,
  "errors" :  ...
06: 80001 adresses traitées
adresse : bulk pour les ids de 649476 à 650475
bulk : {
  "took" : 98,
  "errors" :  ...
06: 81001 adresses traitées
adresse : bulk pour les ids de 650476 à 651475
bulk : {
  "took" : 85,
  "errors" :  ...
06: 82001 adresses traitées
adresse : bulk pour les ids de 651476 à 652475
bulk : {
  "took" : 102,
  "errors" : ...
06: 83001 adresses traitées
adresse : bulk pour les ids de 652476 à 653475
bulk : {
  "took" : 81,
  "errors" :  ...
06: 84001 adresses traitées
adresse : bulk pour les ids de 653476 à 654475
bulk : {
  "took" : 78,
  "errors" :  ...
06: 85001 adresses traitées
adresse : bulk pour les ids de 654476 à 655475
bulk : {
  "took" : 88,
  "errors" :  ...
06: 86001 adresses traitées
adresse : bulk pour les ids de 655476 à 656475
bulk : {
  "took" : 72,
  "errors" :  ...
06: 87001 adresses traitées
adresse : bulk pour les ids de 656476 à 657475
bulk : {
  "took" : 85,
  "errors" :  ...
06: 88001 adresses traitées
adresse : bulk pour les ids de 657476 à 658475
bulk : {
  "took" : 95,
  "errors" :  ...
06: 89001 adresses traitées
adresse : bulk pour les ids de 658476 à 659475
bulk : {
  "took" : 80,
  "errors" :  ...
06: 90001 adresses traitées
adresse : bulk pour les ids de 659476 à 660475
bulk : {
  "took" : 91,
  "errors" :  ...
06: 91001 adresses traitées
adresse : bulk pour les ids de 660476 à 661475
bulk : {
  "took" : 78,
  "errors" :  ...
06: 92001 adresses traitées
adresse : bulk pour les ids de 661476 à 662475
bulk : {
  "took" : 87,
  "errors" :  ...
06: 93001 adresses traitées
adresse : bulk pour les ids de 662476 à 663475
bulk : {
  "took" : 79,
  "errors" :  ...
06: 94001 adresses traitées
adresse : bulk pour les ids de 663476 à 664475
bulk : {
  "took" : 86,
  "errors" :  ...
06: 95001 adresses traitées
adresse : bulk pour les ids de 664476 à 665475
bulk : {
  "took" : 78,
  "errors" :  ...
06: 96001 adresses traitées
adresse : bulk pour les ids de 665476 à 666475
bulk : {
  "took" : 94,
  "errors" :  ...
06: 97001 adresses traitées
adresse : bulk pour les ids de 666476 à 667475
bulk : {
  "took" : 89,
  "errors" :  ...
06: 98001 adresses traitées
adresse : bulk pour les ids de 667476 à 668475
bulk : {
  "took" : 86,
  "errors" :  ...
06: 99001 adresses traitées
adresse : bulk pour les ids de 668476 à 669475
bulk : {
  "took" : 78,
  "errors" :  ...
06: 100001 adresses traitées
adresse : bulk pour les ids de 669476 à 670475
bulk : {
  "took" : 66,
  "errors" :  ...
06: 101001 adresses traitées
adresse : bulk pour les ids de 670476 à 671475
bulk : {
  "took" : 105,
  "errors" : ...
06: 102001 adresses traitées
adresse : bulk pour les ids de 671476 à 672475
bulk : {
  "took" : 62,
  "errors" :  ...
06: 103001 adresses traitées
adresse : bulk pour les ids de 672476 à 673475
bulk : {
  "took" : 99,
  "errors" :  ...
06: 104001 adresses traitées
adresse : bulk pour les ids de 673476 à 674475
bulk : {
  "took" : 85,
  "errors" :  ...
06: 105001 adresses traitées
06: 106001 adresses traitées
adresse : bulk pour les ids de 674476 à 675475
bulk : {
  "took" : 79,
  "errors" :  ...
06: 107001 adresses traitées
adresse : bulk pour les ids de 675476 à 676475
bulk : {
  "took" : 98,
  "errors" :  ...
06: 108001 adresses traitées
adresse : bulk pour les ids de 676476 à 677475
bulk : {
  "took" : 80,
  "errors" :  ...
06: 109001 adresses traitées
adresse : bulk pour les ids de 677476 à 678475
bulk : {
  "took" : 85,
  "errors" :  ...
06: 110001 adresses traitées
adresse : bulk pour les ids de 678476 à 679475
bulk : {
  "took" : 83,
  "errors" :  ...
06: 111001 adresses traitées
adresse : bulk pour les ids de 679476 à 680475
bulk : {
  "took" : 66,
  "errors" :  ...
06: 112001 adresses traitées
adresse : bulk pour les ids de 680476 à 681475
bulk : {
  "took" : 106,
  "errors" : ...
06: 113001 adresses traitées
adresse : bulk pour les ids de 681476 à 682475
bulk : {
  "took" : 73,
  "errors" :  ...
06: 114001 adresses traitées
adresse : bulk pour les ids de 682476 à 683475
bulk : {
  "took" : 107,
  "errors" : ...
06: 115001 adresses traitées
adresse : bulk pour les ids de 683476 à 684475
bulk : {
  "took" : 82,
  "errors" :  ...
06: 116001 adresses traitées
adresse : bulk pour les ids de 684476 à 685475
bulk : {
  "took" : 90,
  "errors" :  ...
06: 117001 adresses traitées
adresse : bulk pour les ids de 685476 à 686475
bulk : {
  "took" : 82,
  "errors" :  ...
06: 118001 adresses traitées
adresse : bulk pour les ids de 686476 à 687475
bulk : {
  "took" : 84,
  "errors" :  ...
06: 119001 adresses traitées
adresse : bulk pour les ids de 687476 à 688475
bulk : {
  "took" : 104,
  "errors" : ...
06: 120001 adresses traitées
adresse : bulk pour les ids de 688476 à 689475
bulk : {
  "took" : 91,
  "errors" :  ...
06: 121001 adresses traitées
06: 122001 adresses traitées
adresse : bulk pour les ids de 689476 à 690475
bulk : {
  "took" : 81,
  "errors" :  ...
06: 123001 adresses traitées
adresse : bulk pour les ids de 690476 à 691475
bulk : {
  "took" : 90,
  "errors" :  ...
06: 124001 adresses traitées
adresse : bulk pour les ids de 691476 à 692475
bulk : {
  "took" : 81,
  "errors" :  ...
06: 125001 adresses traitées
adresse : bulk pour les ids de 692476 à 693475
bulk : {
  "took" : 86,
  "errors" :  ...
06: 126001 adresses traitées
adresse : bulk pour les ids de 693476 à 694475
bulk : {
  "took" : 84,
  "errors" :  ...
06: 127001 adresses traitées
adresse : bulk pour les ids de 694476 à 695475
bulk : {
  "took" : 65,
  "errors" :  ...
06: 128001 adresses traitées
adresse : bulk pour les ids de 695476 à 696475
bulk : {
  "took" : 103,
  "errors" : ...
06: 129001 adresses traitées
adresse : bulk pour les ids de 696476 à 697475
bulk : {
  "took" : 66,
  "errors" :  ...
06: 130001 adresses traitées
adresse : bulk pour les ids de 697476 à 698475
bulk : {
  "took" : 106,
  "errors" : ...
06: 131001 adresses traitées
06: 132001 adresses traitées
adresse : bulk pour les ids de 698476 à 699475
bulk : {
  "took" : 66,
  "errors" :  ...
06: 133001 adresses traitées
adresse : bulk pour les ids de 699476 à 700475
bulk : {
  "took" : 119,
  "errors" : ...
06: 134001 adresses traitées
adresse : bulk pour les ids de 700476 à 701475
bulk : {
  "took" : 113,
  "errors" : ...
06: 135001 adresses traitées
adresse : bulk pour les ids de 701476 à 702475
bulk : {
  "took" : 95,
  "errors" :  ...
06: 136001 adresses traitées
adresse : bulk pour les ids de 702476 à 703475
bulk : {
  "took" : 118,
  "errors" : ...
06: 137001 adresses traitées
adresse : bulk pour les ids de 703476 à 704475
bulk : {
  "took" : 95,
  "errors" :  ...
06: 138001 adresses traitées
adresse : bulk pour les ids de 704476 à 705475
bulk : {
  "took" : 102,
  "errors" : ...
06: 139001 adresses traitées
adresse : bulk pour les ids de 705476 à 706475
bulk : {
  "took" : 85,
  "errors" :  ...
06: 140001 adresses traitées
adresse : bulk pour les ids de 706476 à 707475
bulk : {
  "took" : 79,
  "errors" :  ...
06: 141001 adresses traitées
adresse : bulk pour les ids de 707476 à 708475
bulk : {
  "took" : 83,
  "errors" :  ...
06: 142001 adresses traitées
adresse : bulk pour les ids de 708476 à 709475
bulk : {
  "took" : 104,
  "errors" : ...
06: 143001 adresses traitées
adresse : bulk pour les ids de 709476 à 710475
bulk : {
  "took" : 67,
  "errors" :  ...
06: 144001 adresses traitées
adresse : bulk pour les ids de 710476 à 711475
bulk : {
  "took" : 103,
  "errors" : ...
06: 145001 adresses traitées
adresse : bulk pour les ids de 711476 à 712475
bulk : {
  "took" : 63,
  "errors" :  ...
06: 146001 adresses traitées
adresse : bulk pour les ids de 712476 à 713475
bulk : {
  "took" : 98,
  "errors" :  ...
06: 147001 adresses traitées
06: 148001 adresses traitées
adresse : bulk pour les ids de 713476 à 714475
bulk : {
  "took" : 62,
  "errors" :  ...
06: 149001 adresses traitées
adresse : bulk pour les ids de 714476 à 715475
bulk : {
  "took" : 100,
  "errors" : ...
06: 150001 adresses traitées
adresse : bulk pour les ids de 715476 à 716475
bulk : {
  "took" : 64,
  "errors" :  ...
06: 151001 adresses traitées
adresse : bulk pour les ids de 716476 à 717475
bulk : {
  "took" : 98,
  "errors" :  ...
06: 152001 adresses traitées
adresse : bulk pour les ids de 717476 à 718475
bulk : {
  "took" : 63,
  "errors" :  ...
06: 153001 adresses traitées
adresse : bulk pour les ids de 718476 à 719475
bulk : {
  "took" : 97,
  "errors" :  ...
06: 154001 adresses traitées
adresse : bulk pour les ids de 719476 à 720475
bulk : {
  "took" : 64,
  "errors" :  ...
06: 155001 adresses traitées
adresse : bulk pour les ids de 720476 à 721475
bulk : {
  "took" : 99,
  "errors" :  ...
06: 156001 adresses traitées
adresse : bulk pour les ids de 721476 à 722475
bulk : {
  "took" : 82,
  "errors" :  ...
06: 157001 adresses traitées
adresse : bulk pour les ids de 722476 à 723475
bulk : {
  "took" : 79,
  "errors" :  ...
06: 158001 adresses traitées
adresse : bulk pour les ids de 723476 à 724475
bulk : {
  "took" : 82,
  "errors" :  ...
06: 159001 adresses traitées
adresse : bulk pour les ids de 724476 à 725475
bulk : {
  "took" : 79,
  "errors" :  ...
06: 160001 adresses traitées
adresse : bulk pour les ids de 725476 à 726475
bulk : {
  "took" : 88,
  "errors" :  ...
06: 161001 adresses traitées
adresse : bulk pour les ids de 726476 à 727475
bulk : {
  "took" : 97,
  "errors" :  ...
06: 162001 adresses traitées
adresse : bulk pour les ids de 727476 à 728475
bulk : {
  "took" : 63,
  "errors" :  ...
06: 163001 adresses traitées
adresse : bulk pour les ids de 728476 à 729475
bulk : {
  "took" : 104,
  "errors" : ...
06: 164001 adresses traitées
adresse : bulk pour les ids de 729476 à 730475
bulk : {
  "took" : 82,
  "errors" :  ...
06: 165001 adresses traitées
adresse : bulk pour les ids de 730476 à 731475
bulk : {
  "took" : 83,
  "errors" :  ...
06: 166001 adresses traitées
adresse : bulk pour les ids de 731476 à 732475
bulk : {
  "took" : 78,
  "errors" :  ...
06: 167001 adresses traitées
adresse : bulk pour les ids de 732476 à 733475
bulk : {
  "took" : 97,
  "errors" :  ...
06: 168001 adresses traitées
adresse : bulk pour les ids de 733476 à 734475
bulk : {
  "took" : 99,
  "errors" :  ...
06: 169001 adresses traitées
adresse : bulk pour les ids de 734476 à 735475
bulk : {
  "took" : 90,
  "errors" :  ...
06: 170001 adresses traitées
adresse : bulk pour les ids de 735476 à 736475
bulk : {
  "took" : 79,
  "errors" :  ...
06: 171001 adresses traitées
adresse : bulk pour les ids de 736476 à 737475
bulk : {
  "took" : 63,
  "errors" :  ...
06: 172001 adresses traitées
adresse : bulk pour les ids de 737476 à 738475
bulk : {
  "took" : 100,
  "errors" : ...
06: 173001 adresses traitées
adresse : bulk pour les ids de 738476 à 739475
bulk : {
  "took" : 65,
  "errors" :  ...
06: 174001 adresses traitées
adresse : bulk pour les ids de 739476 à 740475
bulk : {
  "took" : 95,
  "errors" :  ...
06: 175001 adresses traitées
adresse : bulk pour les ids de 740476 à 741475
bulk : {
  "took" : 83,
  "errors" :  ...
06: 176001 adresses traitées
adresse : bulk pour les ids de 741476 à 742475
bulk : {
  "took" : 72,
  "errors" :  ...
06: 177001 adresses traitées
adresse : bulk pour les ids de 742476 à 743475
bulk : {
  "took" : 84,
  "errors" :  ...
06: 178001 adresses traitées
adresse : bulk pour les ids de 743476 à 744475
bulk : {
  "took" : 70,
  "errors" :  ...
06: 179001 adresses traitées
adresse : bulk pour les ids de 744476 à 745475
bulk : {
  "took" : 101,
  "errors" : ...
06: 180001 adresses traitées
adresse : bulk pour les ids de 745476 à 746475
bulk : {
  "took" : 62,
  "errors" :  ...
06: 181001 adresses traitées
adresse : bulk pour les ids de 746476 à 747475
bulk : {
  "took" : 99,
  "errors" :  ...
06: 182001 adresses traitées
adresse : bulk pour les ids de 747476 à 748475
bulk : {
  "took" : 83,
  "errors" :  ...
06: 183001 adresses traitées
adresse : bulk pour les ids de 748476 à 749475
bulk : {
  "took" : 80,
  "errors" :  ...
06: 184001 adresses traitées
adresse : bulk pour les ids de 749476 à 750475
bulk : {
  "took" : 88,
  "errors" :  ...
06: 185001 adresses traitées
06: 186001 adresses traitées
adresse : bulk pour les ids de 750476 à 751475
bulk : {
  "took" : 78,
  "errors" :  ...
06: 187001 adresses traitées
adresse : bulk pour les ids de 751476 à 752475
bulk : {
  "took" : 84,
  "errors" :  ...
06: 188001 adresses traitées
adresse : bulk pour les ids de 752476 à 753475
bulk : {
  "took" : 80,
  "errors" :  ...
06: 189001 adresses traitées
adresse : bulk pour les ids de 753476 à 754475
bulk : {
  "took" : 65,
  "errors" :  ...
06: 190001 adresses traitées
adresse : bulk pour les ids de 754476 à 755475
bulk : {
  "took" : 98,
  "errors" :  ...
06: 191001 adresses traitées
adresse : bulk pour les ids de 755476 à 756475
bulk : {
  "took" : 83,
  "errors" :  ...
06: 192001 adresses traitées
adresse : bulk pour les ids de 756476 à 757475
bulk : {
  "took" : 78,
  "errors" :  ...
06: 193001 adresses traitées
adresse : bulk pour les ids de 757476 à 758475
bulk : {
  "took" : 63,
  "errors" :  ...
06: 194001 adresses traitées
adresse : bulk pour les ids de 758476 à 759475
bulk : {
  "took" : 99,
  "errors" :  ...
06: 195001 adresses traitées
adresse : bulk pour les ids de 759476 à 760475
bulk : {
  "took" : 64,
  "errors" :  ...
06: 196001 adresses traitées
adresse : bulk pour les ids de 760476 à 761475
bulk : {
  "took" : 98,
  "errors" :  ...
06: 197001 adresses traitées
adresse : bulk pour les ids de 761476 à 762475
bulk : {
  "took" : 63,
  "errors" :  ...
06: 198001 adresses traitées
adresse : bulk pour les ids de 762476 à 763475
bulk : {
  "took" : 113,
  "errors" : ...
06: 199001 adresses traitées
adresse : bulk pour les ids de 763476 à 764475
bulk : {
  "took" : 62,
  "errors" :  ...
06: 200001 adresses traitées
adresse : bulk pour les ids de 764476 à 765475
bulk : {
  "took" : 108,
  "errors" : ...
06: 201001 adresses traitées
adresse : bulk pour les ids de 765476 à 766475
bulk : {
  "took" : 88,
  "errors" :  ...
06: 202001 adresses traitées
adresse : bulk pour les ids de 766476 à 767475
bulk : {
  "took" : 78,
  "errors" :  ...
06: 203001 adresses traitées
adresse : bulk pour les ids de 767476 à 768475
bulk : {
  "took" : 93,
  "errors" :  ...
06: 204001 adresses traitées
adresse : bulk pour les ids de 768476 à 769475
bulk : {
  "took" : 76,
  "errors" :  ...
06: 205001 adresses traitées
adresse : bulk pour les ids de 769476 à 770475
bulk : {
  "took" : 87,
  "errors" :  ...
06: 206001 adresses traitées
adresse : bulk pour les ids de 770476 à 771475
bulk : {
  "took" : 79,
  "errors" :  ...
06: 207001 adresses traitées
adresse : bulk pour les ids de 771476 à 772475
bulk : {
  "took" : 86,
  "errors" :  ...
06: 208001 adresses traitées
adresse : bulk pour les ids de 772476 à 773475
bulk : {
  "took" : 110,
  "errors" : ...
06: 209001 adresses traitées
adresse : bulk pour les ids de 773476 à 774475
bulk : {
  "took" : 82,
  "errors" :  ...
06: 210001 adresses traitées
adresse : bulk pour les ids de 774476 à 775475
bulk : {
  "took" : 98,
  "errors" :  ...
06: 211001 adresses traitées
adresse : bulk pour les ids de 775476 à 776475
bulk : {
  "took" : 62,
  "errors" :  ...
06: 212001 adresses traitées
adresse : bulk pour les ids de 776476 à 777475
bulk : {
  "took" : 97,
  "errors" :  ...
06: 213001 adresses traitées
adresse : bulk pour les ids de 777476 à 778475
bulk : {
  "took" : 66,
  "errors" :  ...
06: 214001 adresses traitées
adresse : bulk pour les ids de 778476 à 779475
bulk : {
  "took" : 103,
  "errors" : ...
06: 215001 adresses traitées
06: 216001 adresses traitées
adresse : bulk pour les ids de 779476 à 780475
bulk : {
  "took" : 85,
  "errors" :  ...
06: 217001 adresses traitées
adresse : bulk pour les ids de 780476 à 781475
bulk : {
  "took" : 82,
  "errors" :  ...
06: 218001 adresses traitées
adresse : bulk pour les ids de 781476 à 782475
bulk : {
  "took" : 85,
  "errors" :  ...
06: 219001 adresses traitées
adresse : bulk pour les ids de 782476 à 783475
bulk : {
  "took" : 80,
  "errors" :  ...
06: 220001 adresses traitées
adresse : bulk pour les ids de 783476 à 784475
bulk : {
  "took" : 110,
  "errors" : ...
06: 221001 adresses traitées
adresse : bulk pour les ids de 784476 à 785475
bulk : {
  "took" : 65,
  "errors" :  ...
06: 222001 adresses traitées
adresse : bulk pour les ids de 785476 à 786475
bulk : {
  "took" : 80,
  "errors" :  ...
06: 223001 adresses traitées
adresse : bulk pour les ids de 786476 à 787475
bulk : {
  "took" : 104,
  "errors" : ...
06: 224001 adresses traitées
adresse : bulk pour les ids de 787476 à 788475
bulk : {
  "took" : 64,
  "errors" :  ...
06: 225001 adresses traitées
adresse : bulk pour les ids de 788476 à 789475
bulk : {
  "took" : 100,
  "errors" : ...
06: 226001 adresses traitées
adresse : bulk pour les ids de 789476 à 790475
bulk : {
  "took" : 84,
  "errors" :  ...
06: 227001 adresses traitées
adresse : bulk pour les ids de 790476 à 791475
bulk : {
  "took" : 79,
  "errors" :  ...
06: 228001 adresses traitées
adresse : bulk pour les ids de 791476 à 792475
bulk : {
  "took" : 85,
  "errors" :  ...
06: 229001 adresses traitées
adresse : bulk pour les ids de 792476 à 793475
bulk : {
  "took" : 100,
  "errors" : ...
06: 230001 adresses traitées
adresse : bulk pour les ids de 793476 à 794475
bulk : {
  "took" : 63,
  "errors" :  ...
06: 231001 adresses traitées
adresse : bulk pour les ids de 794476 à 795475
bulk : {
  "took" : 102,
  "errors" : ...
06: 232001 adresses traitées
adresse : bulk pour les ids de 795476 à 796475
bulk : {
  "took" : 63,
  "errors" :  ...
06: 233001 adresses traitées
adresse : bulk pour les ids de 796476 à 797475
bulk : {
  "took" : 99,
  "errors" :  ...
adresse : bulk pour les ids de 797476 à 797703
bulk : {
  "took" : 15,
  "errors" :  ...
dpt 07 : voies
07: 1 voies traitées
voie : bulk pour les ids de 61848 à 62047
bulk : {
  "took" : 13,
  "errors" :  ...
07: 201 voies traitées
voie : bulk pour les ids de 62048 à 62247
bulk : {
  "took" : 11,
  "errors" :  ...
07: 401 voies traitées
voie : bulk pour les ids de 62248 à 62447
bulk : {
  "took" : 11,
  "errors" :  ...
07: 601 voies traitées
voie : bulk pour les ids de 62448 à 62647
bulk : {
  "took" : 11,
  "errors" :  ...
07: 801 voies traitées
voie : bulk pour les ids de 62648 à 62847
bulk : {
  "took" : 11,
  "errors" :  ...
07: 1001 voies traitées
voie : bulk pour les ids de 62848 à 63047
bulk : {
  "took" : 12,
  "errors" :  ...
07: 1201 voies traitées
voie : bulk pour les ids de 63048 à 63247
bulk : {
  "took" : 33,
  "errors" :  ...
07: 1401 voies traitées
voie : bulk pour les ids de 63248 à 63447
bulk : {
  "took" : 12,
  "errors" :  ...
07: 1601 voies traitées
voie : bulk pour les ids de 63448 à 63647
bulk : {
  "took" : 14,
  "errors" :  ...
07: 1801 voies traitées
voie : bulk pour les ids de 63648 à 63847
bulk : {
  "took" : 12,
  "errors" :  ...
07: 2001 voies traitées
voie : bulk pour les ids de 63848 à 64047
bulk : {
  "took" : 12,
  "errors" :  ...
07: 2201 voies traitées
voie : bulk pour les ids de 64048 à 64247
bulk : {
  "took" : 12,
  "errors" :  ...
07: 2401 voies traitées
voie : bulk pour les ids de 64248 à 64447
bulk : {
  "took" : 12,
  "errors" :  ...
07: 2601 voies traitées
voie : bulk pour les ids de 64448 à 64647
bulk : {
  "took" : 12,
  "errors" :  ...
07: 2801 voies traitées
voie : bulk pour les ids de 64648 à 64847
bulk : {
  "took" : 12,
  "errors" :  ...
07: 3001 voies traitées
voie : bulk pour les ids de 64848 à 65047
bulk : {
  "took" : 12,
  "errors" :  ...
07: 3201 voies traitées
voie : bulk pour les ids de 65048 à 65247
bulk : {
  "took" : 31,
  "errors" :  ...
07: 3401 voies traitées
voie : bulk pour les ids de 65248 à 65447
bulk : {
  "took" : 12,
  "errors" :  ...
07: 3601 voies traitées
voie : bulk pour les ids de 65448 à 65647
bulk : {
  "took" : 12,
  "errors" :  ...
07: 3801 voies traitées
voie : bulk pour les ids de 65648 à 65847
bulk : {
  "took" : 13,
  "errors" :  ...
07: 4001 voies traitées
voie : bulk pour les ids de 65848 à 66047
bulk : {
  "took" : 13,
  "errors" :  ...
07: 4201 voies traitées
voie : bulk pour les ids de 66048 à 66247
bulk : {
  "took" : 13,
  "errors" :  ...
07: 4401 voies traitées
voie : bulk pour les ids de 66248 à 66447
bulk : {
  "took" : 12,
  "errors" :  ...
07: 4601 voies traitées
voie : bulk pour les ids de 66448 à 66647
bulk : {
  "took" : 12,
  "errors" :  ...
07: 4801 voies traitées
voie : bulk pour les ids de 66648 à 66847
bulk : {
  "took" : 12,
  "errors" :  ...
07: 5001 voies traitées
voie : bulk pour les ids de 66848 à 67047
bulk : {
  "took" : 18,
  "errors" :  ...
07: 5201 voies traitées
voie : bulk pour les ids de 67048 à 67247
bulk : {
  "took" : 12,
  "errors" :  ...
07: 5401 voies traitées
voie : bulk pour les ids de 67248 à 67447
bulk : {
  "took" : 12,
  "errors" :  ...
07: 5601 voies traitées
voie : bulk pour les ids de 67448 à 67647
bulk : {
  "took" : 13,
  "errors" :  ...
07: 5801 voies traitées
voie : bulk pour les ids de 67648 à 67847
bulk : {
  "took" : 12,
  "errors" :  ...
07: 6001 voies traitées
voie : bulk pour les ids de 67848 à 68047
bulk : {
  "took" : 13,
  "errors" :  ...
07: 6201 voies traitées
voie : bulk pour les ids de 68048 à 68247
bulk : {
  "took" : 13,
  "errors" :  ...
07: 6401 voies traitées
voie : bulk pour les ids de 68248 à 68447
bulk : {
  "took" : 12,
  "errors" :  ...
07: 6601 voies traitées
voie : bulk pour les ids de 68448 à 68538
bulk : {
  "took" : 6,
  "errors" : f ...
dpt 07 : adresses
07: 1 adresses traitées
07: 1001 adresses traitées
adresse : bulk pour les ids de 797704 à 798703
bulk : {
  "took" : 83,
  "errors" :  ...
07: 2001 adresses traitées
adresse : bulk pour les ids de 798704 à 799703
bulk : {
  "took" : 78,
  "errors" :  ...
07: 3001 adresses traitées
adresse : bulk pour les ids de 799704 à 800703
bulk : {
  "took" : 89,
  "errors" :  ...
07: 4001 adresses traitées
adresse : bulk pour les ids de 800704 à 801703
bulk : {
  "took" : 78,
  "errors" :  ...
07: 5001 adresses traitées
07: 6001 adresses traitées
adresse : bulk pour les ids de 801704 à 802703
bulk : {
  "took" : 84,
  "errors" :  ...
07: 7001 adresses traitées
adresse : bulk pour les ids de 802704 à 803703
bulk : {
  "took" : 97,
  "errors" :  ...
07: 8001 adresses traitées
adresse : bulk pour les ids de 803704 à 804703
bulk : {
  "took" : 62,
  "errors" :  ...
07: 9001 adresses traitées
adresse : bulk pour les ids de 804704 à 805703
bulk : {
  "took" : 102,
  "errors" : ...
07: 10001 adresses traitées
adresse : bulk pour les ids de 805704 à 806703
bulk : {
  "took" : 63,
  "errors" :  ...
07: 11001 adresses traitées
07: 12001 adresses traitées
adresse : bulk pour les ids de 806704 à 807703
bulk : {
  "took" : 108,
  "errors" : ...
07: 13001 adresses traitées
07: 14001 adresses traitées
adresse : bulk pour les ids de 807704 à 808703
bulk : {
  "took" : 85,
  "errors" :  ...
07: 15001 adresses traitées
adresse : bulk pour les ids de 808704 à 809703
bulk : {
  "took" : 82,
  "errors" :  ...
07: 16001 adresses traitées
adresse : bulk pour les ids de 809704 à 810703
bulk : {
  "took" : 87,
  "errors" :  ...
07: 17001 adresses traitées
adresse : bulk pour les ids de 810704 à 811703
bulk : {
  "took" : 101,
  "errors" : ...
07: 18001 adresses traitées
adresse : bulk pour les ids de 811704 à 812703
bulk : {
  "took" : 66,
  "errors" :  ...
07: 19001 adresses traitées
adresse : bulk pour les ids de 812704 à 813703
bulk : {
  "took" : 98,
  "errors" :  ...
07: 20001 adresses traitées
07: 21001 adresses traitées
adresse : bulk pour les ids de 813704 à 814703
bulk : {
  "took" : 62,
  "errors" :  ...
07: 22001 adresses traitées
adresse : bulk pour les ids de 814704 à 815703
bulk : {
  "took" : 102,
  "errors" : ...
07: 23001 adresses traitées
adresse : bulk pour les ids de 815704 à 816703
bulk : {
  "took" : 63,
  "errors" :  ...
07: 24001 adresses traitées
adresse : bulk pour les ids de 816704 à 817703
bulk : {
  "took" : 100,
  "errors" : ...
07: 25001 adresses traitées
adresse : bulk pour les ids de 817704 à 818703
bulk : {
  "took" : 64,
  "errors" :  ...
07: 26001 adresses traitées
adresse : bulk pour les ids de 818704 à 819703
bulk : {
  "took" : 100,
  "errors" : ...
07: 27001 adresses traitées
adresse : bulk pour les ids de 819704 à 820703
bulk : {
  "took" : 85,
  "errors" :  ...
07: 28001 adresses traitées
adresse : bulk pour les ids de 820704 à 821703
bulk : {
  "took" : 79,
  "errors" :  ...
07: 29001 adresses traitées
07: 30001 adresses traitées
adresse : bulk pour les ids de 821704 à 822703
bulk : {
  "took" : 85,
  "errors" :  ...
07: 31001 adresses traitées
adresse : bulk pour les ids de 822704 à 823703
bulk : {
  "took" : 90,
  "errors" :  ...
07: 32001 adresses traitées
adresse : bulk pour les ids de 823704 à 824703
bulk : {
  "took" : 63,
  "errors" :  ...
07: 33001 adresses traitées
adresse : bulk pour les ids de 824704 à 825703
bulk : {
  "took" : 104,
  "errors" : ...
07: 34001 adresses traitées
07: 35001 adresses traitées
adresse : bulk pour les ids de 825704 à 826703
bulk : {
  "took" : 67,
  "errors" :  ...
07: 36001 adresses traitées
adresse : bulk pour les ids de 826704 à 827703
bulk : {
  "took" : 107,
  "errors" : ...
07: 37001 adresses traitées
adresse : bulk pour les ids de 827704 à 828703
bulk : {
  "took" : 87,
  "errors" :  ...
07: 38001 adresses traitées
07: 39001 adresses traitées
adresse : bulk pour les ids de 828704 à 829703
bulk : {
  "took" : 101,
  "errors" : ...
07: 40001 adresses traitées
adresse : bulk pour les ids de 829704 à 830703
bulk : {
  "took" : 62,
  "errors" :  ...
07: 41001 adresses traitées
07: 42001 adresses traitées
adresse : bulk pour les ids de 830704 à 831703
bulk : {
  "took" : 104,
  "errors" : ...
07: 43001 adresses traitées
07: 44001 adresses traitées
adresse : bulk pour les ids de 831704 à 832703
bulk : {
  "took" : 64,
  "errors" :  ...
07: 45001 adresses traitées
adresse : bulk pour les ids de 832704 à 833703
bulk : {
  "took" : 107,
  "errors" : ...
07: 46001 adresses traitées
adresse : bulk pour les ids de 833704 à 834703
bulk : {
  "took" : 63,
  "errors" :  ...
07: 47001 adresses traitées
07: 48001 adresses traitées
adresse : bulk pour les ids de 834704 à 835703
bulk : {
  "took" : 97,
  "errors" :  ...
07: 49001 adresses traitées
adresse : bulk pour les ids de 835704 à 836703
bulk : {
  "took" : 62,
  "errors" :  ...
07: 50001 adresses traitées
adresse : bulk pour les ids de 836704 à 837703
bulk : {
  "took" : 104,
  "errors" : ...
07: 51001 adresses traitées
adresse : bulk pour les ids de 837704 à 838703
bulk : {
  "took" : 62,
  "errors" :  ...
07: 52001 adresses traitées
07: 53001 adresses traitées
adresse : bulk pour les ids de 838704 à 839703
bulk : {
  "took" : 78,
  "errors" :  ...
07: 54001 adresses traitées
07: 55001 adresses traitées
adresse : bulk pour les ids de 839704 à 840703
bulk : {
  "took" : 90,
  "errors" :  ...
07: 56001 adresses traitées
adresse : bulk pour les ids de 840704 à 841703
bulk : {
  "took" : 80,
  "errors" :  ...
07: 57001 adresses traitées
adresse : bulk pour les ids de 841704 à 842703
bulk : {
  "took" : 92,
  "errors" :  ...
07: 58001 adresses traitées
adresse : bulk pour les ids de 842704 à 843703
bulk : {
  "took" : 80,
  "errors" :  ...
07: 59001 adresses traitées
adresse : bulk pour les ids de 843704 à 844703
bulk : {
  "took" : 65,
  "errors" :  ...
07: 60001 adresses traitées
07: 61001 adresses traitées
adresse : bulk pour les ids de 844704 à 845703
bulk : {
  "took" : 113,
  "errors" : ...
07: 62001 adresses traitées
adresse : bulk pour les ids de 845704 à 846703
bulk : {
  "took" : 85,
  "errors" :  ...
07: 63001 adresses traitées
adresse : bulk pour les ids de 846704 à 847703
bulk : {
  "took" : 81,
  "errors" :  ...
07: 64001 adresses traitées
07: 65001 adresses traitées
adresse : bulk pour les ids de 847704 à 848703
bulk : {
  "took" : 86,
  "errors" :  ...
07: 66001 adresses traitées
adresse : bulk pour les ids de 848704 à 849703
bulk : {
  "took" : 108,
  "errors" : ...
07: 67001 adresses traitées
adresse : bulk pour les ids de 849704 à 850703
bulk : {
  "took" : 64,
  "errors" :  ...
07: 68001 adresses traitées
adresse : bulk pour les ids de 850704 à 851703
bulk : {
  "took" : 103,
  "errors" : ...
07: 69001 adresses traitées
07: 70001 adresses traitées
adresse : bulk pour les ids de 851704 à 852703
bulk : {
  "took" : 63,
  "errors" :  ...
07: 71001 adresses traitées
adresse : bulk pour les ids de 852704 à 853703
bulk : {
  "took" : 109,
  "errors" : ...
07: 72001 adresses traitées
adresse : bulk pour les ids de 853704 à 854703
bulk : {
  "took" : 65,
  "errors" :  ...
07: 73001 adresses traitées
adresse : bulk pour les ids de 854704 à 855703
bulk : {
  "took" : 103,
  "errors" : ...
07: 74001 adresses traitées
adresse : bulk pour les ids de 855704 à 856703
bulk : {
  "took" : 63,
  "errors" :  ...
adresse : bulk pour les ids de 856704 à 856718
bulk : {
  "took" : 1,
  "errors" : f ...
dpt 08 : voies
08: 1 voies traitées
voie : bulk pour les ids de 68539 à 68738
bulk : {
  "took" : 33,
  "errors" :  ...
08: 201 voies traitées
voie : bulk pour les ids de 68739 à 68938
bulk : {
  "took" : 11,
  "errors" :  ...
08: 401 voies traitées
voie : bulk pour les ids de 68939 à 69138
bulk : {
  "took" : 11,
  "errors" :  ...
08: 601 voies traitées
voie : bulk pour les ids de 69139 à 69338
bulk : {
  "took" : 15,
  "errors" :  ...
08: 801 voies traitées
voie : bulk pour les ids de 69339 à 69538
bulk : {
  "took" : 22,
  "errors" :  ...
08: 1001 voies traitées
voie : bulk pour les ids de 69539 à 69738
bulk : {
  "took" : 11,
  "errors" :  ...
08: 1201 voies traitées
voie : bulk pour les ids de 69739 à 69938
bulk : {
  "took" : 11,
  "errors" :  ...
08: 1401 voies traitées
voie : bulk pour les ids de 69939 à 70138
bulk : {
  "took" : 11,
  "errors" :  ...
08: 1601 voies traitées
voie : bulk pour les ids de 70139 à 70338
bulk : {
  "took" : 11,
  "errors" :  ...
08: 1801 voies traitées
voie : bulk pour les ids de 70339 à 70538
bulk : {
  "took" : 36,
  "errors" :  ...
08: 2001 voies traitées
voie : bulk pour les ids de 70539 à 70738
bulk : {
  "took" : 11,
  "errors" :  ...
08: 2201 voies traitées
voie : bulk pour les ids de 70739 à 70938
bulk : {
  "took" : 12,
  "errors" :  ...
08: 2401 voies traitées
voie : bulk pour les ids de 70939 à 71138
bulk : {
  "took" : 11,
  "errors" :  ...
08: 2601 voies traitées
voie : bulk pour les ids de 71139 à 71338
bulk : {
  "took" : 12,
  "errors" :  ...
08: 2801 voies traitées
voie : bulk pour les ids de 71339 à 71538
bulk : {
  "took" : 35,
  "errors" :  ...
08: 3001 voies traitées
voie : bulk pour les ids de 71539 à 71738
bulk : {
  "took" : 12,
  "errors" :  ...
08: 3201 voies traitées
voie : bulk pour les ids de 71739 à 71938
bulk : {
  "took" : 12,
  "errors" :  ...
08: 3401 voies traitées
voie : bulk pour les ids de 71939 à 72138
bulk : {
  "took" : 11,
  "errors" :  ...
08: 3601 voies traitées
voie : bulk pour les ids de 72139 à 72338
bulk : {
  "took" : 11,
  "errors" :  ...
08: 3801 voies traitées
voie : bulk pour les ids de 72339 à 72538
bulk : {
  "took" : 11,
  "errors" :  ...
08: 4001 voies traitées
voie : bulk pour les ids de 72539 à 72738
bulk : {
  "took" : 12,
  "errors" :  ...
08: 4201 voies traitées
voie : bulk pour les ids de 72739 à 72938
bulk : {
  "took" : 11,
  "errors" :  ...
08: 4401 voies traitées
voie : bulk pour les ids de 72939 à 73138
bulk : {
  "took" : 30,
  "errors" :  ...
08: 4601 voies traitées
voie : bulk pour les ids de 73139 à 73338
bulk : {
  "took" : 12,
  "errors" :  ...
08: 4801 voies traitées
voie : bulk pour les ids de 73339 à 73538
bulk : {
  "took" : 31,
  "errors" :  ...
08: 5001 voies traitées
voie : bulk pour les ids de 73539 à 73738
bulk : {
  "took" : 12,
  "errors" :  ...
08: 5201 voies traitées
voie : bulk pour les ids de 73739 à 73938
bulk : {
  "took" : 12,
  "errors" :  ...
08: 5401 voies traitées
voie : bulk pour les ids de 73939 à 74138
bulk : {
  "took" : 11,
  "errors" :  ...
08: 5601 voies traitées
voie : bulk pour les ids de 74139 à 74338
bulk : {
  "took" : 12,
  "errors" :  ...
08: 5801 voies traitées
voie : bulk pour les ids de 74339 à 74538
bulk : {
  "took" : 12,
  "errors" :  ...
08: 6001 voies traitées
voie : bulk pour les ids de 74539 à 74738
bulk : {
  "took" : 11,
  "errors" :  ...
08: 6201 voies traitées
voie : bulk pour les ids de 74739 à 74938
bulk : {
  "took" : 12,
  "errors" :  ...
08: 6401 voies traitées
voie : bulk pour les ids de 74939 à 75138
bulk : {
  "took" : 13,
  "errors" :  ...
08: 6601 voies traitées
voie : bulk pour les ids de 75139 à 75338
bulk : {
  "took" : 12,
  "errors" :  ...
08: 6801 voies traitées
voie : bulk pour les ids de 75339 à 75538
bulk : {
  "took" : 12,
  "errors" :  ...
08: 7001 voies traitées
voie : bulk pour les ids de 75539 à 75738
bulk : {
  "took" : 12,
  "errors" :  ...
08: 7201 voies traitées
voie : bulk pour les ids de 75739 à 75938
bulk : {
  "took" : 11,
  "errors" :  ...
08: 7401 voies traitées
voie : bulk pour les ids de 75939 à 76138
bulk : {
  "took" : 12,
  "errors" :  ...
08: 7601 voies traitées
voie : bulk pour les ids de 76139 à 76338
bulk : {
  "took" : 17,
  "errors" :  ...
08: 7801 voies traitées
voie : bulk pour les ids de 76339 à 76538
bulk : {
  "took" : 32,
  "errors" :  ...
08: 8001 voies traitées
voie : bulk pour les ids de 76539 à 76738
bulk : {
  "took" : 11,
  "errors" :  ...
08: 8201 voies traitées
voie : bulk pour les ids de 76739 à 76938
bulk : {
  "took" : 30,
  "errors" :  ...
08: 8401 voies traitées
voie : bulk pour les ids de 76939 à 77138
bulk : {
  "took" : 11,
  "errors" :  ...
08: 8601 voies traitées
voie : bulk pour les ids de 77139 à 77338
bulk : {
  "took" : 11,
  "errors" :  ...
08: 8801 voies traitées
voie : bulk pour les ids de 77339 à 77344
bulk : {
  "took" : 1,
  "errors" : f ...
dpt 08 : adresses
08: 1 adresses traitées
08: 1001 adresses traitées
adresse : bulk pour les ids de 856719 à 857718
bulk : {
  "took" : 94,
  "errors" :  ...
08: 2001 adresses traitées
adresse : bulk pour les ids de 857719 à 858718
bulk : {
  "took" : 81,
  "errors" :  ...
08: 3001 adresses traitées
adresse : bulk pour les ids de 858719 à 859718
bulk : {
  "took" : 72,
  "errors" :  ...
08: 4001 adresses traitées
adresse : bulk pour les ids de 859719 à 860718
bulk : {
  "took" : 61,
  "errors" :  ...
08: 5001 adresses traitées
adresse : bulk pour les ids de 860719 à 861718
bulk : {
  "took" : 102,
  "errors" : ...
08: 6001 adresses traitées
adresse : bulk pour les ids de 861719 à 862718
bulk : {
  "took" : 69,
  "errors" :  ...
08: 7001 adresses traitées
adresse : bulk pour les ids de 862719 à 863718
bulk : {
  "took" : 71,
  "errors" :  ...
08: 8001 adresses traitées
adresse : bulk pour les ids de 863719 à 864718
bulk : {
  "took" : 95,
  "errors" :  ...
08: 9001 adresses traitées
08: 10001 adresses traitées
adresse : bulk pour les ids de 864719 à 865718
bulk : {
  "took" : 89,
  "errors" :  ...
08: 11001 adresses traitées
adresse : bulk pour les ids de 865719 à 866718
bulk : {
  "took" : 85,
  "errors" :  ...
08: 12001 adresses traitées
adresse : bulk pour les ids de 866719 à 867718
bulk : {
  "took" : 74,
  "errors" :  ...
08: 13001 adresses traitées
adresse : bulk pour les ids de 867719 à 868718
bulk : {
  "took" : 82,
  "errors" :  ...
08: 14001 adresses traitées
adresse : bulk pour les ids de 868719 à 869718
bulk : {
  "took" : 92,
  "errors" :  ...
08: 15001 adresses traitées
adresse : bulk pour les ids de 869719 à 870718
bulk : {
  "took" : 70,
  "errors" :  ...
08: 16001 adresses traitées
adresse : bulk pour les ids de 870719 à 871718
bulk : {
  "took" : 90,
  "errors" :  ...
08: 17001 adresses traitées
adresse : bulk pour les ids de 871719 à 872718
bulk : {
  "took" : 73,
  "errors" :  ...
08: 18001 adresses traitées
adresse : bulk pour les ids de 872719 à 873718
bulk : {
  "took" : 87,
  "errors" :  ...
08: 19001 adresses traitées
08: 20001 adresses traitées
adresse : bulk pour les ids de 873719 à 874718
bulk : {
  "took" : 64,
  "errors" :  ...
08: 21001 adresses traitées
adresse : bulk pour les ids de 874719 à 875718
bulk : {
  "took" : 98,
  "errors" :  ...
08: 22001 adresses traitées
adresse : bulk pour les ids de 875719 à 876718
bulk : {
  "took" : 63,
  "errors" :  ...
08: 23001 adresses traitées
adresse : bulk pour les ids de 876719 à 877718
bulk : {
  "took" : 77,
  "errors" :  ...
08: 24001 adresses traitées
adresse : bulk pour les ids de 877719 à 878718
bulk : {
  "took" : 71,
  "errors" :  ...
08: 25001 adresses traitées
adresse : bulk pour les ids de 878719 à 879718
bulk : {
  "took" : 88,
  "errors" :  ...
08: 26001 adresses traitées
08: 27001 adresses traitées
adresse : bulk pour les ids de 879719 à 880718
bulk : {
  "took" : 71,
  "errors" :  ...
08: 28001 adresses traitées
adresse : bulk pour les ids de 880719 à 881718
bulk : {
  "took" : 84,
  "errors" :  ...
08: 29001 adresses traitées
adresse : bulk pour les ids de 881719 à 882718
bulk : {
  "took" : 92,
  "errors" :  ...
08: 30001 adresses traitées
adresse : bulk pour les ids de 882719 à 883718
bulk : {
  "took" : 66,
  "errors" :  ...
08: 31001 adresses traitées
adresse : bulk pour les ids de 883719 à 884718
bulk : {
  "took" : 93,
  "errors" :  ...
08: 32001 adresses traitées
adresse : bulk pour les ids de 884719 à 885718
bulk : {
  "took" : 62,
  "errors" :  ...
08: 33001 adresses traitées
adresse : bulk pour les ids de 885719 à 886718
bulk : {
  "took" : 95,
  "errors" :  ...
08: 34001 adresses traitées
08: 35001 adresses traitées
adresse : bulk pour les ids de 886719 à 887718
bulk : {
  "took" : 70,
  "errors" :  ...
08: 36001 adresses traitées
adresse : bulk pour les ids de 887719 à 888718
bulk : {
  "took" : 73,
  "errors" :  ...
08: 37001 adresses traitées
adresse : bulk pour les ids de 888719 à 889718
bulk : {
  "took" : 89,
  "errors" :  ...
08: 38001 adresses traitées
adresse : bulk pour les ids de 889719 à 890718
bulk : {
  "took" : 74,
  "errors" :  ...
08: 39001 adresses traitées
adresse : bulk pour les ids de 890719 à 891718
bulk : {
  "took" : 86,
  "errors" :  ...
08: 40001 adresses traitées
adresse : bulk pour les ids de 891719 à 892718
bulk : {
  "took" : 72,
  "errors" :  ...
08: 41001 adresses traitées
adresse : bulk pour les ids de 892719 à 893718
bulk : {
  "took" : 85,
  "errors" :  ...
08: 42001 adresses traitées
adresse : bulk pour les ids de 893719 à 894718
bulk : {
  "took" : 73,
  "errors" :  ...
08: 43001 adresses traitées
adresse : bulk pour les ids de 894719 à 895718
bulk : {
  "took" : 96,
  "errors" :  ...
08: 44001 adresses traitées
adresse : bulk pour les ids de 895719 à 896718
bulk : {
  "took" : 73,
  "errors" :  ...
08: 45001 adresses traitées
adresse : bulk pour les ids de 896719 à 897718
bulk : {
  "took" : 96,
  "errors" :  ...
08: 46001 adresses traitées
adresse : bulk pour les ids de 897719 à 898718
bulk : {
  "took" : 98,
  "errors" :  ...
08: 47001 adresses traitées
08: 48001 adresses traitées
adresse : bulk pour les ids de 898719 à 899718
bulk : {
  "took" : 74,
  "errors" :  ...
08: 49001 adresses traitées
adresse : bulk pour les ids de 899719 à 900718
bulk : {
  "took" : 95,
  "errors" :  ...
08: 50001 adresses traitées
adresse : bulk pour les ids de 900719 à 901718
bulk : {
  "took" : 88,
  "errors" :  ...
08: 51001 adresses traitées
adresse : bulk pour les ids de 901719 à 902718
bulk : {
  "took" : 74,
  "errors" :  ...
08: 52001 adresses traitées
adresse : bulk pour les ids de 902719 à 903718
bulk : {
  "took" : 83,
  "errors" :  ...
08: 53001 adresses traitées
adresse : bulk pour les ids de 903719 à 904718
bulk : {
  "took" : 72,
  "errors" :  ...
08: 54001 adresses traitées
adresse : bulk pour les ids de 904719 à 905718
bulk : {
  "took" : 93,
  "errors" :  ...
08: 55001 adresses traitées
adresse : bulk pour les ids de 905719 à 906718
bulk : {
  "took" : 85,
  "errors" :  ...
08: 56001 adresses traitées
adresse : bulk pour les ids de 906719 à 907718
bulk : {
  "took" : 85,
  "errors" :  ...
08: 57001 adresses traitées
adresse : bulk pour les ids de 907719 à 908718
bulk : {
  "took" : 96,
  "errors" :  ...
08: 58001 adresses traitées
adresse : bulk pour les ids de 908719 à 909718
bulk : {
  "took" : 65,
  "errors" :  ...
08: 59001 adresses traitées
adresse : bulk pour les ids de 909719 à 910718
bulk : {
  "took" : 94,
  "errors" :  ...
08: 60001 adresses traitées
adresse : bulk pour les ids de 910719 à 911718
bulk : {
  "took" : 65,
  "errors" :  ...
08: 61001 adresses traitées
08: 62001 adresses traitées
adresse : bulk pour les ids de 911719 à 912718
bulk : {
  "took" : 103,
  "errors" : ...
08: 63001 adresses traitées
adresse : bulk pour les ids de 912719 à 913718
bulk : {
  "took" : 86,
  "errors" :  ...
08: 64001 adresses traitées
adresse : bulk pour les ids de 913719 à 914718
bulk : {
  "took" : 111,
  "errors" : ...
08: 65001 adresses traitées
adresse : bulk pour les ids de 914719 à 915718
bulk : {
  "took" : 83,
  "errors" :  ...
08: 66001 adresses traitées
adresse : bulk pour les ids de 915719 à 916718
bulk : {
  "took" : 78,
  "errors" :  ...
08: 67001 adresses traitées
adresse : bulk pour les ids de 916719 à 917718
bulk : {
  "took" : 87,
  "errors" :  ...
08: 68001 adresses traitées
adresse : bulk pour les ids de 917719 à 918718
bulk : {
  "took" : 98,
  "errors" :  ...
08: 69001 adresses traitées
08: 70001 adresses traitées
adresse : bulk pour les ids de 918719 à 919718
bulk : {
  "took" : 64,
  "errors" :  ...
08: 71001 adresses traitées
adresse : bulk pour les ids de 919719 à 920718
bulk : {
  "took" : 100,
  "errors" : ...
08: 72001 adresses traitées
adresse : bulk pour les ids de 920719 à 921718
bulk : {
  "took" : 64,
  "errors" :  ...
08: 73001 adresses traitées
adresse : bulk pour les ids de 921719 à 922718
bulk : {
  "took" : 100,
  "errors" : ...
08: 74001 adresses traitées
adresse : bulk pour les ids de 922719 à 923718
bulk : {
  "took" : 63,
  "errors" :  ...
08: 75001 adresses traitées
adresse : bulk pour les ids de 923719 à 924718
bulk : {
  "took" : 103,
  "errors" : ...
08: 76001 adresses traitées
08: 77001 adresses traitées
adresse : bulk pour les ids de 924719 à 925718
bulk : {
  "took" : 65,
  "errors" :  ...
08: 78001 adresses traitées
adresse : bulk pour les ids de 925719 à 926718
bulk : {
  "took" : 104,
  "errors" : ...
08: 79001 adresses traitées
adresse : bulk pour les ids de 926719 à 927718
bulk : {
  "took" : 83,
  "errors" :  ...
08: 80001 adresses traitées
adresse : bulk pour les ids de 927719 à 928718
bulk : {
  "took" : 79,
  "errors" :  ...
08: 81001 adresses traitées
08: 82001 adresses traitées
adresse : bulk pour les ids de 928719 à 929718
bulk : {
  "took" : 85,
  "errors" :  ...
08: 83001 adresses traitées
adresse : bulk pour les ids de 929719 à 930718
bulk : {
  "took" : 82,
  "errors" :  ...
08: 84001 adresses traitées
adresse : bulk pour les ids de 930719 à 931718
bulk : {
  "took" : 87,
  "errors" :  ...
08: 85001 adresses traitées
adresse : bulk pour les ids de 931719 à 932718
bulk : {
  "took" : 102,
  "errors" : ...
08: 86001 adresses traitées
08: 87001 adresses traitées
adresse : bulk pour les ids de 932719 à 933718
bulk : {
  "took" : 65,
  "errors" :  ...
08: 88001 adresses traitées
adresse : bulk pour les ids de 933719 à 934718
bulk : {
  "took" : 101,
  "errors" : ...
08: 89001 adresses traitées
adresse : bulk pour les ids de 934719 à 935718
bulk : {
  "took" : 106,
  "errors" : ...
08: 90001 adresses traitées
adresse : bulk pour les ids de 935719 à 936718
bulk : {
  "took" : 79,
  "errors" :  ...
08: 91001 adresses traitées
08: 92001 adresses traitées
adresse : bulk pour les ids de 936719 à 937718
bulk : {
  "took" : 90,
  "errors" :  ...
08: 93001 adresses traitées
adresse : bulk pour les ids de 937719 à 938718
bulk : {
  "took" : 100,
  "errors" : ...
08: 94001 adresses traitées
adresse : bulk pour les ids de 938719 à 939718
bulk : {
  "took" : 64,
  "errors" :  ...
08: 95001 adresses traitées
08: 96001 adresses traitées
adresse : bulk pour les ids de 939719 à 940718
bulk : {
  "took" : 105,
  "errors" : ...
08: 97001 adresses traitées
adresse : bulk pour les ids de 940719 à 941718
bulk : {
  "took" : 64,
  "errors" :  ...
08: 98001 adresses traitées
adresse : bulk pour les ids de 941719 à 942718
bulk : {
  "took" : 104,
  "errors" : ...
08: 99001 adresses traitées
adresse : bulk pour les ids de 942719 à 943718
bulk : {
  "took" : 64,
  "errors" :  ...
08: 100001 adresses traitées
adresse : bulk pour les ids de 943719 à 944718
bulk : {
  "took" : 98,
  "errors" :  ...
08: 101001 adresses traitées
08: 102001 adresses traitées
adresse : bulk pour les ids de 944719 à 945718
bulk : {
  "took" : 63,
  "errors" :  ...
08: 103001 adresses traitées
adresse : bulk pour les ids de 945719 à 946718
bulk : {
  "took" : 98,
  "errors" :  ...
08: 104001 adresses traitées
adresse : bulk pour les ids de 946719 à 947718
bulk : {
  "took" : 84,
  "errors" :  ...
08: 105001 adresses traitées
adresse : bulk pour les ids de 947719 à 948718
bulk : {
  "took" : 78,
  "errors" :  ...
08: 106001 adresses traitées
adresse : bulk pour les ids de 948719 à 949718
bulk : {
  "took" : 98,
  "errors" :  ...
08: 107001 adresses traitées
adresse : bulk pour les ids de 949719 à 950718
bulk : {
  "took" : 107,
  "errors" : ...
08: 108001 adresses traitées
adresse : bulk pour les ids de 950719 à 951718
bulk : {
  "took" : 63,
  "errors" :  ...
08: 109001 adresses traitées
adresse : bulk pour les ids de 951719 à 952718
bulk : {
  "took" : 64,
  "errors" :  ...
08: 110001 adresses traitées
adresse : bulk pour les ids de 952719 à 953718
bulk : {
  "took" : 183,
  "errors" : ...
08: 111001 adresses traitées
08: 112001 adresses traitées
adresse : bulk pour les ids de 953719 à 954718
bulk : {
  "took" : 81,
  "errors" :  ...
08: 113001 adresses traitées
adresse : bulk pour les ids de 954719 à 955718
bulk : {
  "took" : 64,
  "errors" :  ...
08: 114001 adresses traitées
adresse : bulk pour les ids de 955719 à 956718
bulk : {
  "took" : 86,
  "errors" :  ...
08: 115001 adresses traitées
adresse : bulk pour les ids de 956719 à 957718
bulk : {
  "took" : 63,
  "errors" :  ...
08: 116001 adresses traitées
adresse : bulk pour les ids de 957719 à 958718
bulk : {
  "took" : 85,
  "errors" :  ...
08: 117001 adresses traitées
08: 118001 adresses traitées
adresse : bulk pour les ids de 958719 à 959718
bulk : {
  "took" : 65,
  "errors" :  ...
08: 119001 adresses traitées
adresse : bulk pour les ids de 959719 à 960718
bulk : {
  "took" : 88,
  "errors" :  ...
08: 120001 adresses traitées
adresse : bulk pour les ids de 960719 à 961718
bulk : {
  "took" : 65,
  "errors" :  ...
08: 121001 adresses traitées
adresse : bulk pour les ids de 961719 à 962718
bulk : {
  "took" : 90,
  "errors" :  ...
08: 122001 adresses traitées
adresse : bulk pour les ids de 962719 à 963718
bulk : {
  "took" : 63,
  "errors" :  ...
08: 123001 adresses traitées
adresse : bulk pour les ids de 963719 à 964718
bulk : {
  "took" : 87,
  "errors" :  ...
08: 124001 adresses traitées
adresse : bulk pour les ids de 964719 à 965718
bulk : {
  "took" : 64,
  "errors" :  ...
08: 125001 adresses traitées
adresse : bulk pour les ids de 965719 à 966718
bulk : {
  "took" : 84,
  "errors" :  ...
08: 126001 adresses traitées
adresse : bulk pour les ids de 966719 à 967499
bulk : {
  "took" : 55,
  "errors" :  ...
dpt 09 : voies
09: 1 voies traitées
voie : bulk pour les ids de 77345 à 77544
bulk : {
  "took" : 12,
  "errors" :  ...
09: 201 voies traitées
voie : bulk pour les ids de 77545 à 77744
bulk : {
  "took" : 31,
  "errors" :  ...
09: 401 voies traitées
voie : bulk pour les ids de 77745 à 77944
bulk : {
  "took" : 12,
  "errors" :  ...
09: 601 voies traitées
voie : bulk pour les ids de 77945 à 78144
bulk : {
  "took" : 12,
  "errors" :  ...
09: 801 voies traitées
voie : bulk pour les ids de 78145 à 78344
bulk : {
  "took" : 12,
  "errors" :  ...
09: 1001 voies traitées
voie : bulk pour les ids de 78345 à 78544
bulk : {
  "took" : 12,
  "errors" :  ...
09: 1201 voies traitées
voie : bulk pour les ids de 78545 à 78744
bulk : {
  "took" : 12,
  "errors" :  ...
09: 1401 voies traitées
voie : bulk pour les ids de 78745 à 78944
bulk : {
  "took" : 11,
  "errors" :  ...
09: 1601 voies traitées
voie : bulk pour les ids de 78945 à 79144
bulk : {
  "took" : 12,
  "errors" :  ...
09: 1801 voies traitées
voie : bulk pour les ids de 79145 à 79344
bulk : {
  "took" : 12,
  "errors" :  ...
09: 2001 voies traitées
voie : bulk pour les ids de 79345 à 79544
bulk : {
  "took" : 11,
  "errors" :  ...
09: 2201 voies traitées
voie : bulk pour les ids de 79545 à 79744
bulk : {
  "took" : 12,
  "errors" :  ...
09: 2401 voies traitées
voie : bulk pour les ids de 79745 à 79944
bulk : {
  "took" : 32,
  "errors" :  ...
09: 2601 voies traitées
voie : bulk pour les ids de 79945 à 80144
bulk : {
  "took" : 12,
  "errors" :  ...
09: 2801 voies traitées
voie : bulk pour les ids de 80145 à 80344
bulk : {
  "took" : 11,
  "errors" :  ...
09: 3001 voies traitées
voie : bulk pour les ids de 80345 à 80544
bulk : {
  "took" : 12,
  "errors" :  ...
09: 3201 voies traitées
voie : bulk pour les ids de 80545 à 80744
bulk : {
  "took" : 12,
  "errors" :  ...
09: 3401 voies traitées
voie : bulk pour les ids de 80745 à 80944
bulk : {
  "took" : 12,
  "errors" :  ...
09: 3601 voies traitées
voie : bulk pour les ids de 80945 à 81144
bulk : {
  "took" : 31,
  "errors" :  ...
09: 3801 voies traitées
voie : bulk pour les ids de 81145 à 81344
bulk : {
  "took" : 13,
  "errors" :  ...
09: 4001 voies traitées
voie : bulk pour les ids de 81345 à 81544
bulk : {
  "took" : 12,
  "errors" :  ...
09: 4201 voies traitées
voie : bulk pour les ids de 81545 à 81744
bulk : {
  "took" : 36,
  "errors" :  ...
09: 4401 voies traitées
voie : bulk pour les ids de 81745 à 81944
bulk : {
  "took" : 12,
  "errors" :  ...
09: 4601 voies traitées
voie : bulk pour les ids de 81945 à 82144
bulk : {
  "took" : 11,
  "errors" :  ...
09: 4801 voies traitées
voie : bulk pour les ids de 82145 à 82334
bulk : {
  "took" : 12,
  "errors" :  ...
dpt 09 : adresses
09: 1 adresses traitées
09: 1001 adresses traitées
adresse : bulk pour les ids de 967500 à 968499
bulk : {
  "took" : 94,
  "errors" :  ...
09: 2001 adresses traitées
adresse : bulk pour les ids de 968500 à 969499
bulk : {
  "took" : 83,
  "errors" :  ...
09: 3001 adresses traitées
adresse : bulk pour les ids de 969500 à 970499
bulk : {
  "took" : 93,
  "errors" :  ...
09: 4001 adresses traitées
adresse : bulk pour les ids de 970500 à 971499
bulk : {
  "took" : 88,
  "errors" :  ...
09: 5001 adresses traitées
adresse : bulk pour les ids de 971500 à 972499
bulk : {
  "took" : 67,
  "errors" :  ...
09: 6001 adresses traitées
adresse : bulk pour les ids de 972500 à 973499
bulk : {
  "took" : 109,
  "errors" : ...
09: 7001 adresses traitées
adresse : bulk pour les ids de 973500 à 974499
bulk : {
  "took" : 70,
  "errors" :  ...
09: 8001 adresses traitées
adresse : bulk pour les ids de 974500 à 975499
bulk : {
  "took" : 91,
  "errors" :  ...
09: 9001 adresses traitées
adresse : bulk pour les ids de 975500 à 976499
bulk : {
  "took" : 83,
  "errors" :  ...
09: 10001 adresses traitées
adresse : bulk pour les ids de 976500 à 977499
bulk : {
  "took" : 92,
  "errors" :  ...
09: 11001 adresses traitées
adresse : bulk pour les ids de 977500 à 978499
bulk : {
  "took" : 109,
  "errors" : ...
09: 12001 adresses traitées
adresse : bulk pour les ids de 978500 à 979499
bulk : {
  "took" : 90,
  "errors" :  ...
09: 13001 adresses traitées
adresse : bulk pour les ids de 979500 à 980499
bulk : {
  "took" : 85,
  "errors" :  ...
09: 14001 adresses traitées
adresse : bulk pour les ids de 980500 à 981499
bulk : {
  "took" : 99,
  "errors" :  ...
09: 15001 adresses traitées
adresse : bulk pour les ids de 981500 à 982499
bulk : {
  "took" : 68,
  "errors" :  ...
09: 16001 adresses traitées
adresse : bulk pour les ids de 982500 à 983499
bulk : {
  "took" : 107,
  "errors" : ...
09: 17001 adresses traitées
adresse : bulk pour les ids de 983500 à 984499
bulk : {
  "took" : 87,
  "errors" :  ...
09: 18001 adresses traitées
adresse : bulk pour les ids de 984500 à 985499
bulk : {
  "took" : 68,
  "errors" :  ...
09: 19001 adresses traitées
09: 20001 adresses traitées
adresse : bulk pour les ids de 985500 à 986499
bulk : {
  "took" : 92,
  "errors" :  ...
09: 21001 adresses traitées
adresse : bulk pour les ids de 986500 à 987499
bulk : {
  "took" : 85,
  "errors" :  ...
09: 22001 adresses traitées
adresse : bulk pour les ids de 987500 à 988499
bulk : {
  "took" : 87,
  "errors" :  ...
09: 23001 adresses traitées
adresse : bulk pour les ids de 988500 à 989499
bulk : {
  "took" : 69,
  "errors" :  ...
09: 24001 adresses traitées
adresse : bulk pour les ids de 989500 à 990499
bulk : {
  "took" : 102,
  "errors" : ...
09: 25001 adresses traitées
adresse : bulk pour les ids de 990500 à 991499
bulk : {
  "took" : 94,
  "errors" :  ...
09: 26001 adresses traitées
adresse : bulk pour les ids de 991500 à 992499
bulk : {
  "took" : 72,
  "errors" :  ...
09: 27001 adresses traitées
adresse : bulk pour les ids de 992500 à 993499
bulk : {
  "took" : 101,
  "errors" : ...
09: 28001 adresses traitées
adresse : bulk pour les ids de 993500 à 994499
bulk : {
  "took" : 97,
  "errors" :  ...
09: 29001 adresses traitées
adresse : bulk pour les ids de 994500 à 995499
bulk : {
  "took" : 128,
  "errors" : ...
09: 30001 adresses traitées
adresse : bulk pour les ids de 995500 à 996499
bulk : {
  "took" : 69,
  "errors" :  ...
09: 31001 adresses traitées
adresse : bulk pour les ids de 996500 à 997499
bulk : {
  "took" : 91,
  "errors" :  ...
09: 32001 adresses traitées
adresse : bulk pour les ids de 997500 à 998499
bulk : {
  "took" : 63,
  "errors" :  ...
09: 33001 adresses traitées
adresse : bulk pour les ids de 998500 à 999499
bulk : {
  "took" : 93,
  "errors" :  ...
09: 34001 adresses traitées
adresse : bulk pour les ids de 999500 à 1000499
bulk : {
  "took" : 84,
  "errors" :  ...
09: 35001 adresses traitées
adresse : bulk pour les ids de 1000500 à 1001499
bulk : {
  "took" : 70,
  "errors" :  ...
09: 36001 adresses traitées
09: 37001 adresses traitées
adresse : bulk pour les ids de 1001500 à 1002499
bulk : {
  "took" : 81,
  "errors" :  ...
09: 38001 adresses traitées
adresse : bulk pour les ids de 1002500 à 1003499
bulk : {
  "took" : 70,
  "errors" :  ...
09: 39001 adresses traitées
adresse : bulk pour les ids de 1003500 à 1004499
bulk : {
  "took" : 81,
  "errors" :  ...
09: 40001 adresses traitées
adresse : bulk pour les ids de 1004500 à 1005499
bulk : {
  "took" : 75,
  "errors" :  ...
09: 41001 adresses traitées
adresse : bulk pour les ids de 1005500 à 1006499
bulk : {
  "took" : 91,
  "errors" :  ...
09: 42001 adresses traitées
adresse : bulk pour les ids de 1006500 à 1007499
bulk : {
  "took" : 74,
  "errors" :  ...
09: 43001 adresses traitées
adresse : bulk pour les ids de 1007500 à 1008499
bulk : {
  "took" : 62,
  "errors" :  ...
09: 44001 adresses traitées
adresse : bulk pour les ids de 1008500 à 1009499
bulk : {
  "took" : 101,
  "errors" : ...
09: 45001 adresses traitées
adresse : bulk pour les ids de 1009500 à 1010499
bulk : {
  "took" : 67,
  "errors" :  ...
09: 46001 adresses traitées
adresse : bulk pour les ids de 1010500 à 1011499
bulk : {
  "took" : 80,
  "errors" :  ...
09: 47001 adresses traitées
adresse : bulk pour les ids de 1011500 à 1012499
bulk : {
  "took" : 63,
  "errors" :  ...
09: 48001 adresses traitées
adresse : bulk pour les ids de 1012500 à 1013499
bulk : {
  "took" : 106,
  "errors" : ...
09: 49001 adresses traitées
adresse : bulk pour les ids de 1013500 à 1014499
bulk : {
  "took" : 94,
  "errors" :  ...
09: 50001 adresses traitées
adresse : bulk pour les ids de 1014500 à 1015499
bulk : {
  "took" : 84,
  "errors" :  ...
09: 51001 adresses traitées
adresse : bulk pour les ids de 1015500 à 1016499
bulk : {
  "took" : 83,
  "errors" :  ...
09: 52001 adresses traitées
adresse : bulk pour les ids de 1016500 à 1017499
bulk : {
  "took" : 79,
  "errors" :  ...
09: 53001 adresses traitées
09: 54001 adresses traitées
adresse : bulk pour les ids de 1017500 à 1018499
bulk : {
  "took" : 85,
  "errors" :  ...
09: 55001 adresses traitées
adresse : bulk pour les ids de 1018500 à 1019499
bulk : {
  "took" : 78,
  "errors" :  ...
09: 56001 adresses traitées
adresse : bulk pour les ids de 1019500 à 1020499
bulk : {
  "took" : 93,
  "errors" :  ...
09: 57001 adresses traitées
adresse : bulk pour les ids de 1020500 à 1021499
bulk : {
  "took" : 91,
  "errors" :  ...
09: 58001 adresses traitées
adresse : bulk pour les ids de 1021500 à 1022499
bulk : {
  "took" : 72,
  "errors" :  ...
09: 59001 adresses traitées
adresse : bulk pour les ids de 1022500 à 1023499
bulk : {
  "took" : 86,
  "errors" :  ...
09: 60001 adresses traitées
adresse : bulk pour les ids de 1023500 à 1024499
bulk : {
  "took" : 74,
  "errors" :  ...
adresse : bulk pour les ids de 1024500 à 1024613
bulk : {
  "took" : 8,
  "errors" : f ...
dpt 10 : voies
10: 1 voies traitées
voie : bulk pour les ids de 82335 à 82534
bulk : {
  "took" : 12,
  "errors" :  ...
10: 201 voies traitées
voie : bulk pour les ids de 82535 à 82734
bulk : {
  "took" : 30,
  "errors" :  ...
10: 401 voies traitées
voie : bulk pour les ids de 82735 à 82934
bulk : {
  "took" : 12,
  "errors" :  ...
10: 601 voies traitées
voie : bulk pour les ids de 82935 à 83134
bulk : {
  "took" : 12,
  "errors" :  ...
10: 801 voies traitées
voie : bulk pour les ids de 83135 à 83334
bulk : {
  "took" : 12,
  "errors" :  ...
10: 1001 voies traitées
voie : bulk pour les ids de 83335 à 83534
bulk : {
  "took" : 11,
  "errors" :  ...
10: 1201 voies traitées
voie : bulk pour les ids de 83535 à 83734
bulk : {
  "took" : 12,
  "errors" :  ...
10: 1401 voies traitées
voie : bulk pour les ids de 83735 à 83934
bulk : {
  "took" : 11,
  "errors" :  ...
10: 1601 voies traitées
voie : bulk pour les ids de 83935 à 84134
bulk : {
  "took" : 12,
  "errors" :  ...
10: 1801 voies traitées
voie : bulk pour les ids de 84135 à 84334
bulk : {
  "took" : 12,
  "errors" :  ...
10: 2001 voies traitées
voie : bulk pour les ids de 84335 à 84534
bulk : {
  "took" : 12,
  "errors" :  ...
10: 2201 voies traitées
voie : bulk pour les ids de 84535 à 84734
bulk : {
  "took" : 46,
  "errors" :  ...
10: 2401 voies traitées
voie : bulk pour les ids de 84735 à 84934
bulk : {
  "took" : 15,
  "errors" :  ...
10: 2601 voies traitées
voie : bulk pour les ids de 84935 à 85134
bulk : {
  "took" : 12,
  "errors" :  ...
10: 2801 voies traitées
voie : bulk pour les ids de 85135 à 85334
bulk : {
  "took" : 11,
  "errors" :  ...
10: 3001 voies traitées
voie : bulk pour les ids de 85335 à 85534
bulk : {
  "took" : 11,
  "errors" :  ...
10: 3201 voies traitées
voie : bulk pour les ids de 85535 à 85734
bulk : {
  "took" : 11,
  "errors" :  ...
10: 3401 voies traitées
voie : bulk pour les ids de 85735 à 85934
bulk : {
  "took" : 11,
  "errors" :  ...
10: 3601 voies traitées
voie : bulk pour les ids de 85935 à 86134
bulk : {
  "took" : 12,
  "errors" :  ...
10: 3801 voies traitées
voie : bulk pour les ids de 86135 à 86334
bulk : {
  "took" : 12,
  "errors" :  ...
10: 4001 voies traitées
voie : bulk pour les ids de 86335 à 86534
bulk : {
  "took" : 11,
  "errors" :  ...
10: 4201 voies traitées
voie : bulk pour les ids de 86535 à 86734
bulk : {
  "took" : 30,
  "errors" :  ...
10: 4401 voies traitées
voie : bulk pour les ids de 86735 à 86934
bulk : {
  "took" : 12,
  "errors" :  ...
10: 4601 voies traitées
voie : bulk pour les ids de 86935 à 87134
bulk : {
  "took" : 12,
  "errors" :  ...
10: 4801 voies traitées
voie : bulk pour les ids de 87135 à 87334
bulk : {
  "took" : 13,
  "errors" :  ...
10: 5001 voies traitées
voie : bulk pour les ids de 87335 à 87534
bulk : {
  "took" : 11,
  "errors" :  ...
10: 5201 voies traitées
voie : bulk pour les ids de 87535 à 87734
bulk : {
  "took" : 12,
  "errors" :  ...
10: 5401 voies traitées
voie : bulk pour les ids de 87735 à 87934
bulk : {
  "took" : 12,
  "errors" :  ...
10: 5601 voies traitées
voie : bulk pour les ids de 87935 à 88134
bulk : {
  "took" : 12,
  "errors" :  ...
10: 5801 voies traitées
voie : bulk pour les ids de 88135 à 88334
bulk : {
  "took" : 21,
  "errors" :  ...
10: 6001 voies traitées
voie : bulk pour les ids de 88335 à 88534
bulk : {
  "took" : 34,
  "errors" :  ...
10: 6201 voies traitées
voie : bulk pour les ids de 88535 à 88734
bulk : {
  "took" : 11,
  "errors" :  ...
10: 6401 voies traitées
voie : bulk pour les ids de 88735 à 88934
bulk : {
  "took" : 12,
  "errors" :  ...
10: 6601 voies traitées
voie : bulk pour les ids de 88935 à 89134
bulk : {
  "took" : 11,
  "errors" :  ...
10: 6801 voies traitées
voie : bulk pour les ids de 89135 à 89334
bulk : {
  "took" : 11,
  "errors" :  ...
10: 7001 voies traitées
voie : bulk pour les ids de 89335 à 89534
bulk : {
  "took" : 11,
  "errors" :  ...
10: 7201 voies traitées
voie : bulk pour les ids de 89535 à 89734
bulk : {
  "took" : 12,
  "errors" :  ...
10: 7401 voies traitées
voie : bulk pour les ids de 89735 à 89934
bulk : {
  "took" : 11,
  "errors" :  ...
10: 7601 voies traitées
voie : bulk pour les ids de 89935 à 90134
bulk : {
  "took" : 12,
  "errors" :  ...
10: 7801 voies traitées
voie : bulk pour les ids de 90135 à 90334
bulk : {
  "took" : 11,
  "errors" :  ...
10: 8001 voies traitées
voie : bulk pour les ids de 90335 à 90534
bulk : {
  "took" : 11,
  "errors" :  ...
10: 8201 voies traitées
voie : bulk pour les ids de 90535 à 90734
bulk : {
  "took" : 49,
  "errors" :  ...
10: 8401 voies traitées
voie : bulk pour les ids de 90735 à 90934
bulk : {
  "took" : 11,
  "errors" :  ...
10: 8601 voies traitées
voie : bulk pour les ids de 90935 à 91134
bulk : {
  "took" : 11,
  "errors" :  ...
10: 8801 voies traitées
voie : bulk pour les ids de 91135 à 91334
bulk : {
  "took" : 11,
  "errors" :  ...
10: 9001 voies traitées
voie : bulk pour les ids de 91335 à 91534
bulk : {
  "took" : 12,
  "errors" :  ...
10: 9201 voies traitées
voie : bulk pour les ids de 91535 à 91734
bulk : {
  "took" : 12,
  "errors" :  ...
10: 9401 voies traitées
voie : bulk pour les ids de 91735 à 91934
bulk : {
  "took" : 13,
  "errors" :  ...
10: 9601 voies traitées
voie : bulk pour les ids de 91935 à 92073
bulk : {
  "took" : 26,
  "errors" :  ...
dpt 10 : adresses
10: 1 adresses traitées
10: 1001 adresses traitées
adresse : bulk pour les ids de 1024614 à 1025613
bulk : {
  "took" : 98,
  "errors" :  ...
10: 2001 adresses traitées
adresse : bulk pour les ids de 1025614 à 1026613
bulk : {
  "took" : 73,
  "errors" :  ...
10: 3001 adresses traitées
adresse : bulk pour les ids de 1026614 à 1027613
bulk : {
  "took" : 64,
  "errors" :  ...
10: 4001 adresses traitées
adresse : bulk pour les ids de 1027614 à 1028613
bulk : {
  "took" : 99,
  "errors" :  ...
10: 5001 adresses traitées
adresse : bulk pour les ids de 1028614 à 1029613
bulk : {
  "took" : 91,
  "errors" :  ...
10: 6001 adresses traitées
adresse : bulk pour les ids de 1029614 à 1030613
bulk : {
  "took" : 92,
  "errors" :  ...
10: 7001 adresses traitées
adresse : bulk pour les ids de 1030614 à 1031613
bulk : {
  "took" : 64,
  "errors" :  ...
10: 8001 adresses traitées
adresse : bulk pour les ids de 1031614 à 1032613
bulk : {
  "took" : 94,
  "errors" :  ...
10: 9001 adresses traitées
adresse : bulk pour les ids de 1032614 à 1033613
bulk : {
  "took" : 62,
  "errors" :  ...
10: 10001 adresses traitées
adresse : bulk pour les ids de 1033614 à 1034613
bulk : {
  "took" : 93,
  "errors" :  ...
10: 11001 adresses traitées
adresse : bulk pour les ids de 1034614 à 1035613
bulk : {
  "took" : 64,
  "errors" :  ...
10: 12001 adresses traitées
adresse : bulk pour les ids de 1035614 à 1036613
bulk : {
  "took" : 96,
  "errors" :  ...
10: 13001 adresses traitées
adresse : bulk pour les ids de 1036614 à 1037613
bulk : {
  "took" : 82,
  "errors" :  ...
10: 14001 adresses traitées
adresse : bulk pour les ids de 1037614 à 1038613
bulk : {
  "took" : 74,
  "errors" :  ...
10: 15001 adresses traitées
adresse : bulk pour les ids de 1038614 à 1039613
bulk : {
  "took" : 86,
  "errors" :  ...
10: 16001 adresses traitées
adresse : bulk pour les ids de 1039614 à 1040613
bulk : {
  "took" : 74,
  "errors" :  ...
10: 17001 adresses traitées
adresse : bulk pour les ids de 1040614 à 1041613
bulk : {
  "took" : 83,
  "errors" :  ...
10: 18001 adresses traitées
adresse : bulk pour les ids de 1041614 à 1042613
bulk : {
  "took" : 73,
  "errors" :  ...
10: 19001 adresses traitées
adresse : bulk pour les ids de 1042614 à 1043613
bulk : {
  "took" : 84,
  "errors" :  ...
10: 20001 adresses traitées
adresse : bulk pour les ids de 1043614 à 1044613
bulk : {
  "took" : 90,
  "errors" :  ...
10: 21001 adresses traitées
adresse : bulk pour les ids de 1044614 à 1045613
bulk : {
  "took" : 67,
  "errors" :  ...
10: 22001 adresses traitées
adresse : bulk pour les ids de 1045614 à 1046613
bulk : {
  "took" : 73,
  "errors" :  ...
10: 23001 adresses traitées
adresse : bulk pour les ids de 1046614 à 1047613
bulk : {
  "took" : 90,
  "errors" :  ...
10: 24001 adresses traitées
adresse : bulk pour les ids de 1047614 à 1048613
bulk : {
  "took" : 111,
  "errors" : ...
10: 25001 adresses traitées
adresse : bulk pour les ids de 1048614 à 1049613
bulk : {
  "took" : 89,
  "errors" :  ...
10: 26001 adresses traitées
adresse : bulk pour les ids de 1049614 à 1050613
bulk : {
  "took" : 83,
  "errors" :  ...
10: 27001 adresses traitées
adresse : bulk pour les ids de 1050614 à 1051613
bulk : {
  "took" : 83,
  "errors" :  ...
10: 28001 adresses traitées
adresse : bulk pour les ids de 1051614 à 1052613
bulk : {
  "took" : 72,
  "errors" :  ...
10: 29001 adresses traitées
adresse : bulk pour les ids de 1052614 à 1053613
bulk : {
  "took" : 89,
  "errors" :  ...
10: 30001 adresses traitées
adresse : bulk pour les ids de 1053614 à 1054613
bulk : {
  "took" : 81,
  "errors" :  ...
10: 31001 adresses traitées
adresse : bulk pour les ids de 1054614 à 1055613
bulk : {
  "took" : 83,
  "errors" :  ...
10: 32001 adresses traitées
adresse : bulk pour les ids de 1055614 à 1056613
bulk : {
  "took" : 100,
  "errors" : ...
10: 33001 adresses traitées
adresse : bulk pour les ids de 1056614 à 1057613
bulk : {
  "took" : 64,
  "errors" :  ...
10: 34001 adresses traitées
adresse : bulk pour les ids de 1057614 à 1058613
bulk : {
  "took" : 98,
  "errors" :  ...
10: 35001 adresses traitées
adresse : bulk pour les ids de 1058614 à 1059613
bulk : {
  "took" : 75,
  "errors" :  ...
10: 36001 adresses traitées
adresse : bulk pour les ids de 1059614 à 1060613
bulk : {
  "took" : 91,
  "errors" :  ...
10: 37001 adresses traitées
adresse : bulk pour les ids de 1060614 à 1061613
bulk : {
  "took" : 72,
  "errors" :  ...
10: 38001 adresses traitées
adresse : bulk pour les ids de 1061614 à 1062613
bulk : {
  "took" : 90,
  "errors" :  ...
10: 39001 adresses traitées
adresse : bulk pour les ids de 1062614 à 1063613
bulk : {
  "took" : 71,
  "errors" :  ...
10: 40001 adresses traitées
adresse : bulk pour les ids de 1063614 à 1064613
bulk : {
  "took" : 93,
  "errors" :  ...
10: 41001 adresses traitées
adresse : bulk pour les ids de 1064614 à 1065613
bulk : {
  "took" : 71,
  "errors" :  ...
10: 42001 adresses traitées
adresse : bulk pour les ids de 1065614 à 1066613
bulk : {
  "took" : 89,
  "errors" :  ...
10: 43001 adresses traitées
adresse : bulk pour les ids de 1066614 à 1067613
bulk : {
  "took" : 72,
  "errors" :  ...
10: 44001 adresses traitées
adresse : bulk pour les ids de 1067614 à 1068613
bulk : {
  "took" : 93,
  "errors" :  ...
10: 45001 adresses traitées
adresse : bulk pour les ids de 1068614 à 1069613
bulk : {
  "took" : 71,
  "errors" :  ...
10: 46001 adresses traitées
adresse : bulk pour les ids de 1069614 à 1070613
bulk : {
  "took" : 95,
  "errors" :  ...
10: 47001 adresses traitées
adresse : bulk pour les ids de 1070614 à 1071613
bulk : {
  "took" : 93,
  "errors" :  ...
10: 48001 adresses traitées
adresse : bulk pour les ids de 1071614 à 1072613
bulk : {
  "took" : 73,
  "errors" :  ...
10: 49001 adresses traitées
adresse : bulk pour les ids de 1072614 à 1073613
bulk : {
  "took" : 96,
  "errors" :  ...
10: 50001 adresses traitées
10: 51001 adresses traitées
adresse : bulk pour les ids de 1073614 à 1074613
bulk : {
  "took" : 66,
  "errors" :  ...
10: 52001 adresses traitées
adresse : bulk pour les ids de 1074614 à 1075613
bulk : {
  "took" : 91,
  "errors" :  ...
10: 53001 adresses traitées
adresse : bulk pour les ids de 1075614 à 1076613
bulk : {
  "took" : 68,
  "errors" :  ...
10: 54001 adresses traitées
adresse : bulk pour les ids de 1076614 à 1077613
bulk : {
  "took" : 92,
  "errors" :  ...
10: 55001 adresses traitées
adresse : bulk pour les ids de 1077614 à 1078613
bulk : {
  "took" : 84,
  "errors" :  ...
10: 56001 adresses traitées
adresse : bulk pour les ids de 1078614 à 1079613
bulk : {
  "took" : 71,
  "errors" :  ...
10: 57001 adresses traitées
adresse : bulk pour les ids de 1079614 à 1080613
bulk : {
  "took" : 63,
  "errors" :  ...
10: 58001 adresses traitées
adresse : bulk pour les ids de 1080614 à 1081613
bulk : {
  "took" : 103,
  "errors" : ...
10: 59001 adresses traitées
adresse : bulk pour les ids de 1081614 à 1082613
bulk : {
  "took" : 92,
  "errors" :  ...
10: 60001 adresses traitées
adresse : bulk pour les ids de 1082614 à 1083613
bulk : {
  "took" : 94,
  "errors" :  ...
10: 61001 adresses traitées
adresse : bulk pour les ids de 1083614 à 1084613
bulk : {
  "took" : 83,
  "errors" :  ...
10: 62001 adresses traitées
adresse : bulk pour les ids de 1084614 à 1085613
bulk : {
  "took" : 73,
  "errors" :  ...
10: 63001 adresses traitées
adresse : bulk pour les ids de 1085614 à 1086613
bulk : {
  "took" : 81,
  "errors" :  ...
10: 64001 adresses traitées
adresse : bulk pour les ids de 1086614 à 1087613
bulk : {
  "took" : 96,
  "errors" :  ...
10: 65001 adresses traitées
adresse : bulk pour les ids de 1087614 à 1088613
bulk : {
  "took" : 65,
  "errors" :  ...
10: 66001 adresses traitées
adresse : bulk pour les ids de 1088614 à 1089613
bulk : {
  "took" : 96,
  "errors" :  ...
10: 67001 adresses traitées
adresse : bulk pour les ids de 1089614 à 1090613
bulk : {
  "took" : 62,
  "errors" :  ...
10: 68001 adresses traitées
adresse : bulk pour les ids de 1090614 à 1091613
bulk : {
  "took" : 92,
  "errors" :  ...
10: 69001 adresses traitées
adresse : bulk pour les ids de 1091614 à 1092613
bulk : {
  "took" : 63,
  "errors" :  ...
10: 70001 adresses traitées
adresse : bulk pour les ids de 1092614 à 1093613
bulk : {
  "took" : 93,
  "errors" :  ...
10: 71001 adresses traitées
adresse : bulk pour les ids de 1093614 à 1094613
bulk : {
  "took" : 63,
  "errors" :  ...
10: 72001 adresses traitées
adresse : bulk pour les ids de 1094614 à 1095613
bulk : {
  "took" : 100,
  "errors" : ...
10: 73001 adresses traitées
adresse : bulk pour les ids de 1095614 à 1096613
bulk : {
  "took" : 89,
  "errors" :  ...
10: 74001 adresses traitées
adresse : bulk pour les ids de 1096614 à 1097613
bulk : {
  "took" : 74,
  "errors" :  ...
10: 75001 adresses traitées
adresse : bulk pour les ids de 1097614 à 1098613
bulk : {
  "took" : 89,
  "errors" :  ...
10: 76001 adresses traitées
adresse : bulk pour les ids de 1098614 à 1099613
bulk : {
  "took" : 74,
  "errors" :  ...
10: 77001 adresses traitées
adresse : bulk pour les ids de 1099614 à 1100613
bulk : {
  "took" : 73,
  "errors" :  ...
10: 78001 adresses traitées
adresse : bulk pour les ids de 1100614 à 1101613
bulk : {
  "took" : 106,
  "errors" : ...
10: 79001 adresses traitées
adresse : bulk pour les ids de 1101614 à 1102613
bulk : {
  "took" : 64,
  "errors" :  ...
10: 80001 adresses traitées
adresse : bulk pour les ids de 1102614 à 1103613
bulk : {
  "took" : 95,
  "errors" :  ...
10: 81001 adresses traitées
adresse : bulk pour les ids de 1103614 à 1104613
bulk : {
  "took" : 63,
  "errors" :  ...
10: 82001 adresses traitées
adresse : bulk pour les ids de 1104614 à 1105613
bulk : {
  "took" : 111,
  "errors" : ...
10: 83001 adresses traitées
adresse : bulk pour les ids de 1105614 à 1106613
bulk : {
  "took" : 64,
  "errors" :  ...
10: 84001 adresses traitées
adresse : bulk pour les ids de 1106614 à 1107613
bulk : {
  "took" : 73,
  "errors" :  ...
10: 85001 adresses traitées
adresse : bulk pour les ids de 1107614 à 1108613
bulk : {
  "took" : 88,
  "errors" :  ...
10: 86001 adresses traitées
adresse : bulk pour les ids de 1108614 à 1109613
bulk : {
  "took" : 73,
  "errors" :  ...
10: 87001 adresses traitées
adresse : bulk pour les ids de 1109614 à 1110613
bulk : {
  "took" : 86,
  "errors" :  ...
10: 88001 adresses traitées
adresse : bulk pour les ids de 1110614 à 1111613
bulk : {
  "took" : 71,
  "errors" :  ...
10: 89001 adresses traitées
adresse : bulk pour les ids de 1111614 à 1112613
bulk : {
  "took" : 83,
  "errors" :  ...
10: 90001 adresses traitées
adresse : bulk pour les ids de 1112614 à 1113613
bulk : {
  "took" : 78,
  "errors" :  ...
10: 91001 adresses traitées
adresse : bulk pour les ids de 1113614 à 1114613
bulk : {
  "took" : 86,
  "errors" :  ...
10: 92001 adresses traitées
adresse : bulk pour les ids de 1114614 à 1115613
bulk : {
  "took" : 92,
  "errors" :  ...
10: 93001 adresses traitées
adresse : bulk pour les ids de 1115614 à 1116613
bulk : {
  "took" : 68,
  "errors" :  ...
10: 94001 adresses traitées
adresse : bulk pour les ids de 1116614 à 1117613
bulk : {
  "took" : 97,
  "errors" :  ...
10: 95001 adresses traitées
adresse : bulk pour les ids de 1117614 à 1118613
bulk : {
  "took" : 71,
  "errors" :  ...
10: 96001 adresses traitées
adresse : bulk pour les ids de 1118614 à 1119613
bulk : {
  "took" : 74,
  "errors" :  ...
10: 97001 adresses traitées
10: 98001 adresses traitées
adresse : bulk pour les ids de 1119614 à 1120613
bulk : {
  "took" : 84,
  "errors" :  ...
10: 99001 adresses traitées
adresse : bulk pour les ids de 1120614 à 1121613
bulk : {
  "took" : 105,
  "errors" : ...
10: 100001 adresses traitées
adresse : bulk pour les ids de 1121614 à 1122613
bulk : {
  "took" : 63,
  "errors" :  ...
10: 101001 adresses traitées
adresse : bulk pour les ids de 1122614 à 1123613
bulk : {
  "took" : 103,
  "errors" : ...
10: 102001 adresses traitées
adresse : bulk pour les ids de 1123614 à 1124613
bulk : {
  "took" : 64,
  "errors" :  ...
10: 103001 adresses traitées
adresse : bulk pour les ids de 1124614 à 1125613
bulk : {
  "took" : 111,
  "errors" : ...
10: 104001 adresses traitées
adresse : bulk pour les ids de 1125614 à 1126613
bulk : {
  "took" : 62,
  "errors" :  ...
10: 105001 adresses traitées
adresse : bulk pour les ids de 1126614 à 1127613
bulk : {
  "took" : 112,
  "errors" : ...
10: 106001 adresses traitées
adresse : bulk pour les ids de 1127614 à 1128613
bulk : {
  "took" : 63,
  "errors" :  ...
10: 107001 adresses traitées
adresse : bulk pour les ids de 1128614 à 1129613
bulk : {
  "took" : 114,
  "errors" : ...
10: 108001 adresses traitées
adresse : bulk pour les ids de 1129614 à 1130613
bulk : {
  "took" : 92,
  "errors" :  ...
10: 109001 adresses traitées
adresse : bulk pour les ids de 1130614 à 1131613
bulk : {
  "took" : 80,
  "errors" :  ...
10: 110001 adresses traitées
adresse : bulk pour les ids de 1131614 à 1132613
bulk : {
  "took" : 100,
  "errors" : ...
10: 111001 adresses traitées
adresse : bulk pour les ids de 1132614 à 1133613
bulk : {
  "took" : 72,
  "errors" :  ...
10: 112001 adresses traitées
adresse : bulk pour les ids de 1133614 à 1134613
bulk : {
  "took" : 91,
  "errors" :  ...
10: 113001 adresses traitées
adresse : bulk pour les ids de 1134614 à 1135613
bulk : {
  "took" : 72,
  "errors" :  ...
10: 114001 adresses traitées
adresse : bulk pour les ids de 1135614 à 1136613
bulk : {
  "took" : 72,
  "errors" :  ...
10: 115001 adresses traitées
adresse : bulk pour les ids de 1136614 à 1137613
bulk : {
  "took" : 72,
  "errors" :  ...
10: 116001 adresses traitées
adresse : bulk pour les ids de 1137614 à 1138613
bulk : {
  "took" : 93,
  "errors" :  ...
10: 117001 adresses traitées
adresse : bulk pour les ids de 1138614 à 1139613
bulk : {
  "took" : 90,
  "errors" :  ...
10: 118001 adresses traitées
adresse : bulk pour les ids de 1139614 à 1140613
bulk : {
  "took" : 71,
  "errors" :  ...
10: 119001 adresses traitées
adresse : bulk pour les ids de 1140614 à 1141613
bulk : {
  "took" : 95,
  "errors" :  ...
10: 120001 adresses traitées
adresse : bulk pour les ids de 1141614 à 1142613
bulk : {
  "took" : 70,
  "errors" :  ...
10: 121001 adresses traitées
adresse : bulk pour les ids de 1142614 à 1143613
bulk : {
  "took" : 96,
  "errors" :  ...
10: 122001 adresses traitées
adresse : bulk pour les ids de 1143614 à 1144613
bulk : {
  "took" : 73,
  "errors" :  ...
10: 123001 adresses traitées
adresse : bulk pour les ids de 1144614 à 1145613
bulk : {
  "took" : 90,
  "errors" :  ...
10: 124001 adresses traitées
adresse : bulk pour les ids de 1145614 à 1146613
bulk : {
  "took" : 100,
  "errors" : ...
10: 125001 adresses traitées
10: 126001 adresses traitées
adresse : bulk pour les ids de 1146614 à 1147613
bulk : {
  "took" : 94,
  "errors" :  ...
10: 127001 adresses traitées
adresse : bulk pour les ids de 1147614 à 1148613
bulk : {
  "took" : 72,
  "errors" :  ...
10: 128001 adresses traitées
adresse : bulk pour les ids de 1148614 à 1149613
bulk : {
  "took" : 94,
  "errors" :  ...
10: 129001 adresses traitées
adresse : bulk pour les ids de 1149614 à 1150613
bulk : {
  "took" : 71,
  "errors" :  ...
10: 130001 adresses traitées
adresse : bulk pour les ids de 1150614 à 1151613
bulk : {
  "took" : 90,
  "errors" :  ...
10: 131001 adresses traitées
adresse : bulk pour les ids de 1151614 à 1152613
bulk : {
  "took" : 94,
  "errors" :  ...
10: 132001 adresses traitées
adresse : bulk pour les ids de 1152614 à 1153613
bulk : {
  "took" : 88,
  "errors" :  ...
adresse : bulk pour les ids de 1153614 à 1154248
bulk : {
  "took" : 52,
  "errors" :  ...
dpt 11 : voies
11: 1 voies traitées
voie : bulk pour les ids de 92074 à 92273
bulk : {
  "took" : 14,
  "errors" :  ...
11: 201 voies traitées
voie : bulk pour les ids de 92274 à 92473
bulk : {
  "took" : 13,
  "errors" :  ...
11: 401 voies traitées
voie : bulk pour les ids de 92474 à 92673
bulk : {
  "took" : 12,
  "errors" :  ...
11: 601 voies traitées
voie : bulk pour les ids de 92674 à 92873
bulk : {
  "took" : 12,
  "errors" :  ...
11: 801 voies traitées
voie : bulk pour les ids de 92874 à 93073
bulk : {
  "took" : 12,
  "errors" :  ...
11: 1001 voies traitées
voie : bulk pour les ids de 93074 à 93273
bulk : {
  "took" : 12,
  "errors" :  ...
11: 1201 voies traitées
voie : bulk pour les ids de 93274 à 93473
bulk : {
  "took" : 12,
  "errors" :  ...
11: 1401 voies traitées
voie : bulk pour les ids de 93474 à 93673
bulk : {
  "took" : 12,
  "errors" :  ...
11: 1601 voies traitées
voie : bulk pour les ids de 93674 à 93873
bulk : {
  "took" : 12,
  "errors" :  ...
11: 1801 voies traitées
voie : bulk pour les ids de 93874 à 94073
bulk : {
  "took" : 34,
  "errors" :  ...
11: 2001 voies traitées
voie : bulk pour les ids de 94074 à 94273
bulk : {
  "took" : 12,
  "errors" :  ...
11: 2201 voies traitées
voie : bulk pour les ids de 94274 à 94473
bulk : {
  "took" : 11,
  "errors" :  ...
11: 2401 voies traitées
voie : bulk pour les ids de 94474 à 94673
bulk : {
  "took" : 12,
  "errors" :  ...
11: 2601 voies traitées
voie : bulk pour les ids de 94674 à 94873
bulk : {
  "took" : 12,
  "errors" :  ...
11: 2801 voies traitées
voie : bulk pour les ids de 94874 à 95073
bulk : {
  "took" : 11,
  "errors" :  ...
11: 3001 voies traitées
voie : bulk pour les ids de 95074 à 95273
bulk : {
  "took" : 12,
  "errors" :  ...
11: 3201 voies traitées
voie : bulk pour les ids de 95274 à 95473
bulk : {
  "took" : 12,
  "errors" :  ...
11: 3401 voies traitées
voie : bulk pour les ids de 95474 à 95673
bulk : {
  "took" : 11,
  "errors" :  ...
11: 3601 voies traitées
voie : bulk pour les ids de 95674 à 95873
bulk : {
  "took" : 14,
  "errors" :  ...
11: 3801 voies traitées
voie : bulk pour les ids de 95874 à 96073
bulk : {
  "took" : 33,
  "errors" :  ...
11: 4001 voies traitées
voie : bulk pour les ids de 96074 à 96273
bulk : {
  "took" : 13,
  "errors" :  ...
11: 4201 voies traitées
voie : bulk pour les ids de 96274 à 96473
bulk : {
  "took" : 12,
  "errors" :  ...
11: 4401 voies traitées
voie : bulk pour les ids de 96474 à 96673
bulk : {
  "took" : 12,
  "errors" :  ...
11: 4601 voies traitées
voie : bulk pour les ids de 96674 à 96873
bulk : {
  "took" : 11,
  "errors" :  ...
11: 4801 voies traitées
voie : bulk pour les ids de 96874 à 97073
bulk : {
  "took" : 12,
  "errors" :  ...
11: 5001 voies traitées
voie : bulk pour les ids de 97074 à 97273
bulk : {
  "took" : 14,
  "errors" :  ...
11: 5201 voies traitées
voie : bulk pour les ids de 97274 à 97473
bulk : {
  "took" : 12,
  "errors" :  ...
11: 5401 voies traitées
voie : bulk pour les ids de 97474 à 97673
bulk : {
  "took" : 12,
  "errors" :  ...
11: 5601 voies traitées
voie : bulk pour les ids de 97674 à 97873
bulk : {
  "took" : 12,
  "errors" :  ...
11: 5801 voies traitées
voie : bulk pour les ids de 97874 à 98073
bulk : {
  "took" : 12,
  "errors" :  ...
11: 6001 voies traitées
voie : bulk pour les ids de 98074 à 98273
bulk : {
  "took" : 11,
  "errors" :  ...
11: 6201 voies traitées
voie : bulk pour les ids de 98274 à 98473
bulk : {
  "took" : 11,
  "errors" :  ...
11: 6401 voies traitées
voie : bulk pour les ids de 98474 à 98673
bulk : {
  "took" : 12,
  "errors" :  ...
11: 6601 voies traitées
voie : bulk pour les ids de 98674 à 98873
bulk : {
  "took" : 35,
  "errors" :  ...
11: 6801 voies traitées
voie : bulk pour les ids de 98874 à 99073
bulk : {
  "took" : 11,
  "errors" :  ...
11: 7001 voies traitées
voie : bulk pour les ids de 99074 à 99273
bulk : {
  "took" : 11,
  "errors" :  ...
11: 7201 voies traitées
voie : bulk pour les ids de 99274 à 99473
bulk : {
  "took" : 11,
  "errors" :  ...
11: 7401 voies traitées
voie : bulk pour les ids de 99474 à 99673
bulk : {
  "took" : 14,
  "errors" :  ...
11: 7601 voies traitées
voie : bulk pour les ids de 99674 à 99873
bulk : {
  "took" : 18,
  "errors" :  ...
11: 7801 voies traitées
voie : bulk pour les ids de 99874 à 100073
bulk : {
  "took" : 13,
  "errors" :  ...
11: 8001 voies traitées
voie : bulk pour les ids de 100074 à 100273
bulk : {
  "took" : 30,
  "errors" :  ...
11: 8201 voies traitées
voie : bulk pour les ids de 100274 à 100473
bulk : {
  "took" : 12,
  "errors" :  ...
11: 8401 voies traitées
voie : bulk pour les ids de 100474 à 100673
bulk : {
  "took" : 13,
  "errors" :  ...
11: 8601 voies traitées
voie : bulk pour les ids de 100674 à 100873
bulk : {
  "took" : 11,
  "errors" :  ...
11: 8801 voies traitées
voie : bulk pour les ids de 100874 à 101073
bulk : {
  "took" : 13,
  "errors" :  ...
11: 9001 voies traitées
voie : bulk pour les ids de 101074 à 101273
bulk : {
  "took" : 12,
  "errors" :  ...
11: 9201 voies traitées
voie : bulk pour les ids de 101274 à 101473
bulk : {
  "took" : 12,
  "errors" :  ...
11: 9401 voies traitées
voie : bulk pour les ids de 101474 à 101673
bulk : {
  "took" : 13,
  "errors" :  ...
11: 9601 voies traitées
voie : bulk pour les ids de 101674 à 101873
bulk : {
  "took" : 12,
  "errors" :  ...
11: 9801 voies traitées
voie : bulk pour les ids de 101874 à 102073
bulk : {
  "took" : 12,
  "errors" :  ...
11: 10001 voies traitées
voie : bulk pour les ids de 102074 à 102273
bulk : {
  "took" : 34,
  "errors" :  ...
11: 10201 voies traitées
voie : bulk pour les ids de 102274 à 102473
bulk : {
  "took" : 12,
  "errors" :  ...
11: 10401 voies traitées
voie : bulk pour les ids de 102474 à 102673
bulk : {
  "took" : 12,
  "errors" :  ...
11: 10601 voies traitées
voie : bulk pour les ids de 102674 à 102873
bulk : {
  "took" : 12,
  "errors" :  ...
11: 10801 voies traitées
voie : bulk pour les ids de 102874 à 103073
bulk : {
  "took" : 12,
  "errors" :  ...
11: 11001 voies traitées
voie : bulk pour les ids de 103074 à 103273
bulk : {
  "took" : 12,
  "errors" :  ...
11: 11201 voies traitées
voie : bulk pour les ids de 103274 à 103473
bulk : {
  "took" : 15,
  "errors" :  ...
11: 11401 voies traitées
voie : bulk pour les ids de 103474 à 103673
bulk : {
  "took" : 12,
  "errors" :  ...
11: 11601 voies traitées
voie : bulk pour les ids de 103674 à 103873
bulk : {
  "took" : 12,
  "errors" :  ...
11: 11801 voies traitées
voie : bulk pour les ids de 103874 à 104073
bulk : {
  "took" : 29,
  "errors" :  ...
11: 12001 voies traitées
voie : bulk pour les ids de 104074 à 104273
bulk : {
  "took" : 12,
  "errors" :  ...
11: 12201 voies traitées
voie : bulk pour les ids de 104274 à 104473
bulk : {
  "took" : 13,
  "errors" :  ...
11: 12401 voies traitées
voie : bulk pour les ids de 104474 à 104673
bulk : {
  "took" : 12,
  "errors" :  ...
11: 12601 voies traitées
voie : bulk pour les ids de 104674 à 104873
bulk : {
  "took" : 12,
  "errors" :  ...
11: 12801 voies traitées
voie : bulk pour les ids de 104874 à 105073
bulk : {
  "took" : 13,
  "errors" :  ...
11: 13001 voies traitées
voie : bulk pour les ids de 105074 à 105273
bulk : {
  "took" : 12,
  "errors" :  ...
11: 13201 voies traitées
voie : bulk pour les ids de 105274 à 105473
bulk : {
  "took" : 13,
  "errors" :  ...
11: 13401 voies traitées
voie : bulk pour les ids de 105474 à 105673
bulk : {
  "took" : 13,
  "errors" :  ...
11: 13601 voies traitées
voie : bulk pour les ids de 105674 à 105873
bulk : {
  "took" : 12,
  "errors" :  ...
11: 13801 voies traitées
voie : bulk pour les ids de 105874 à 106073
bulk : {
  "took" : 12,
  "errors" :  ...
11: 14001 voies traitées
voie : bulk pour les ids de 106074 à 106273
bulk : {
  "took" : 29,
  "errors" :  ...
11: 14201 voies traitées
voie : bulk pour les ids de 106274 à 106473
bulk : {
  "took" : 12,
  "errors" :  ...
11: 14401 voies traitées
voie : bulk pour les ids de 106474 à 106673
bulk : {
  "took" : 12,
  "errors" :  ...
11: 14601 voies traitées
voie : bulk pour les ids de 106674 à 106873
bulk : {
  "took" : 12,
  "errors" :  ...
11: 14801 voies traitées
voie : bulk pour les ids de 106874 à 107073
bulk : {
  "took" : 17,
  "errors" :  ...
11: 15001 voies traitées
voie : bulk pour les ids de 107074 à 107273
bulk : {
  "took" : 12,
  "errors" :  ...
11: 15201 voies traitées
voie : bulk pour les ids de 107274 à 107473
bulk : {
  "took" : 11,
  "errors" :  ...
11: 15401 voies traitées
voie : bulk pour les ids de 107474 à 107673
bulk : {
  "took" : 13,
  "errors" :  ...
11: 15601 voies traitées
voie : bulk pour les ids de 107674 à 107873
bulk : {
  "took" : 12,
  "errors" :  ...
11: 15801 voies traitées
voie : bulk pour les ids de 107874 à 108073
bulk : {
  "took" : 33,
  "errors" :  ...
11: 16001 voies traitées
voie : bulk pour les ids de 108074 à 108273
bulk : {
  "took" : 12,
  "errors" :  ...
11: 16201 voies traitées
voie : bulk pour les ids de 108274 à 108473
bulk : {
  "took" : 12,
  "errors" :  ...
11: 16401 voies traitées
voie : bulk pour les ids de 108474 à 108673
bulk : {
  "took" : 12,
  "errors" :  ...
11: 16601 voies traitées
voie : bulk pour les ids de 108674 à 108873
bulk : {
  "took" : 12,
  "errors" :  ...
11: 16801 voies traitées
voie : bulk pour les ids de 108874 à 109073
bulk : {
  "took" : 12,
  "errors" :  ...
11: 17001 voies traitées
voie : bulk pour les ids de 109074 à 109238
bulk : {
  "took" : 10,
  "errors" :  ...
dpt 11 : adresses
11: 1 adresses traitées
11: 1001 adresses traitées
adresse : bulk pour les ids de 1154249 à 1155248
bulk : {
  "took" : 91,
  "errors" :  ...
11: 2001 adresses traitées
adresse : bulk pour les ids de 1155249 à 1156248
bulk : {
  "took" : 105,
  "errors" : ...
11: 3001 adresses traitées
adresse : bulk pour les ids de 1156249 à 1157248
bulk : {
  "took" : 69,
  "errors" :  ...
11: 4001 adresses traitées
adresse : bulk pour les ids de 1157249 à 1158248
bulk : {
  "took" : 102,
  "errors" : ...
11: 5001 adresses traitées
adresse : bulk pour les ids de 1158249 à 1159248
bulk : {
  "took" : 69,
  "errors" :  ...
11: 6001 adresses traitées
adresse : bulk pour les ids de 1159249 à 1160248
bulk : {
  "took" : 105,
  "errors" : ...
11: 7001 adresses traitées
adresse : bulk pour les ids de 1160249 à 1161248
bulk : {
  "took" : 71,
  "errors" :  ...
11: 8001 adresses traitées
adresse : bulk pour les ids de 1161249 à 1162248
bulk : {
  "took" : 88,
  "errors" :  ...
11: 9001 adresses traitées
adresse : bulk pour les ids de 1162249 à 1163248
bulk : {
  "took" : 117,
  "errors" : ...
11: 10001 adresses traitées
adresse : bulk pour les ids de 1163249 à 1164248
bulk : {
  "took" : 76,
  "errors" :  ...
11: 11001 adresses traitées
11: 12001 adresses traitées
adresse : bulk pour les ids de 1164249 à 1165248
bulk : {
  "took" : 92,
  "errors" :  ...
11: 13001 adresses traitées
adresse : bulk pour les ids de 1165249 à 1166248
bulk : {
  "took" : 77,
  "errors" :  ...
11: 14001 adresses traitées
adresse : bulk pour les ids de 1166249 à 1167248
bulk : {
  "took" : 69,
  "errors" :  ...
11: 15001 adresses traitées
adresse : bulk pour les ids de 1167249 à 1168248
bulk : {
  "took" : 92,
  "errors" :  ...
11: 16001 adresses traitées
adresse : bulk pour les ids de 1168249 à 1169248
bulk : {
  "took" : 70,
  "errors" :  ...
11: 17001 adresses traitées
adresse : bulk pour les ids de 1169249 à 1170248
bulk : {
  "took" : 109,
  "errors" : ...
11: 18001 adresses traitées
adresse : bulk pour les ids de 1170249 à 1171248
bulk : {
  "took" : 87,
  "errors" :  ...
11: 19001 adresses traitées
adresse : bulk pour les ids de 1171249 à 1172248
bulk : {
  "took" : 68,
  "errors" :  ...
11: 20001 adresses traitées
adresse : bulk pour les ids de 1172249 à 1173248
bulk : {
  "took" : 104,
  "errors" : ...
11: 21001 adresses traitées
adresse : bulk pour les ids de 1173249 à 1174248
bulk : {
  "took" : 74,
  "errors" :  ...
11: 22001 adresses traitées
adresse : bulk pour les ids de 1174249 à 1175248
bulk : {
  "took" : 87,
  "errors" :  ...
11: 23001 adresses traitées
adresse : bulk pour les ids de 1175249 à 1176248
bulk : {
  "took" : 75,
  "errors" :  ...
11: 24001 adresses traitées
11: 25001 adresses traitées
adresse : bulk pour les ids de 1176249 à 1177248
bulk : {
  "took" : 91,
  "errors" :  ...
11: 26001 adresses traitées
adresse : bulk pour les ids de 1177249 à 1178248
bulk : {
  "took" : 90,
  "errors" :  ...
11: 27001 adresses traitées
adresse : bulk pour les ids de 1178249 à 1179248
bulk : {
  "took" : 70,
  "errors" :  ...
11: 28001 adresses traitées
adresse : bulk pour les ids de 1179249 à 1180248
bulk : {
  "took" : 105,
  "errors" : ...
11: 29001 adresses traitées
adresse : bulk pour les ids de 1180249 à 1181248
bulk : {
  "took" : 64,
  "errors" :  ...
11: 30001 adresses traitées
adresse : bulk pour les ids de 1181249 à 1182248
bulk : {
  "took" : 99,
  "errors" :  ...
11: 31001 adresses traitées
adresse : bulk pour les ids de 1182249 à 1183248
bulk : {
  "took" : 83,
  "errors" :  ...
11: 32001 adresses traitées
adresse : bulk pour les ids de 1183249 à 1184248
bulk : {
  "took" : 104,
  "errors" : ...
11: 33001 adresses traitées
adresse : bulk pour les ids de 1184249 à 1185248
bulk : {
  "took" : 64,
  "errors" :  ...
11: 34001 adresses traitées
adresse : bulk pour les ids de 1185249 à 1186248
bulk : {
  "took" : 83,
  "errors" :  ...
11: 35001 adresses traitées
adresse : bulk pour les ids de 1186249 à 1187248
bulk : {
  "took" : 65,
  "errors" :  ...
11: 36001 adresses traitées
adresse : bulk pour les ids de 1187249 à 1188248
bulk : {
  "took" : 110,
  "errors" : ...
11: 37001 adresses traitées
11: 38001 adresses traitées
adresse : bulk pour les ids de 1188249 à 1189248
bulk : {
  "took" : 63,
  "errors" :  ...
11: 39001 adresses traitées
adresse : bulk pour les ids de 1189249 à 1190248
bulk : {
  "took" : 100,
  "errors" : ...
11: 40001 adresses traitées
adresse : bulk pour les ids de 1190249 à 1191248
bulk : {
  "took" : 82,
  "errors" :  ...
11: 41001 adresses traitées
adresse : bulk pour les ids de 1191249 à 1192248
bulk : {
  "took" : 80,
  "errors" :  ...
11: 42001 adresses traitées
adresse : bulk pour les ids de 1192249 à 1193248
bulk : {
  "took" : 88,
  "errors" :  ...
11: 43001 adresses traitées
adresse : bulk pour les ids de 1193249 à 1194248
bulk : {
  "took" : 81,
  "errors" :  ...
11: 44001 adresses traitées
adresse : bulk pour les ids de 1194249 à 1195248
bulk : {
  "took" : 84,
  "errors" :  ...
11: 45001 adresses traitées
adresse : bulk pour les ids de 1195249 à 1196248
bulk : {
  "took" : 80,
  "errors" :  ...
11: 46001 adresses traitées
adresse : bulk pour les ids de 1196249 à 1197248
bulk : {
  "took" : 87,
  "errors" :  ...
11: 47001 adresses traitées
adresse : bulk pour les ids de 1197249 à 1198248
bulk : {
  "took" : 103,
  "errors" : ...
11: 48001 adresses traitées
adresse : bulk pour les ids de 1198249 à 1199248
bulk : {
  "took" : 68,
  "errors" :  ...
11: 49001 adresses traitées
adresse : bulk pour les ids de 1199249 à 1200248
bulk : {
  "took" : 101,
  "errors" : ...
11: 50001 adresses traitées
adresse : bulk pour les ids de 1200249 à 1201248
bulk : {
  "took" : 67,
  "errors" :  ...
11: 51001 adresses traitées
11: 52001 adresses traitées
adresse : bulk pour les ids de 1201249 à 1202248
bulk : {
  "took" : 108,
  "errors" : ...
11: 53001 adresses traitées
adresse : bulk pour les ids de 1202249 à 1203248
bulk : {
  "took" : 64,
  "errors" :  ...
11: 54001 adresses traitées
adresse : bulk pour les ids de 1203249 à 1204248
bulk : {
  "took" : 106,
  "errors" : ...
11: 55001 adresses traitées
adresse : bulk pour les ids de 1204249 à 1205248
bulk : {
  "took" : 88,
  "errors" :  ...
11: 56001 adresses traitées
adresse : bulk pour les ids de 1205249 à 1206248
bulk : {
  "took" : 85,
  "errors" :  ...
11: 57001 adresses traitées
adresse : bulk pour les ids de 1206249 à 1207248
bulk : {
  "took" : 86,
  "errors" :  ...
11: 58001 adresses traitées
adresse : bulk pour les ids de 1207249 à 1208248
bulk : {
  "took" : 79,
  "errors" :  ...
11: 59001 adresses traitées
adresse : bulk pour les ids de 1208249 à 1209248
bulk : {
  "took" : 83,
  "errors" :  ...
11: 60001 adresses traitées
adresse : bulk pour les ids de 1209249 à 1210248
bulk : {
  "took" : 79,
  "errors" :  ...
11: 61001 adresses traitées
adresse : bulk pour les ids de 1210249 à 1211248
bulk : {
  "took" : 83,
  "errors" :  ...
11: 62001 adresses traitées
adresse : bulk pour les ids de 1211249 à 1212248
bulk : {
  "took" : 98,
  "errors" :  ...
11: 63001 adresses traitées
adresse : bulk pour les ids de 1212249 à 1213248
bulk : {
  "took" : 66,
  "errors" :  ...
11: 64001 adresses traitées
adresse : bulk pour les ids de 1213249 à 1214248
bulk : {
  "took" : 102,
  "errors" : ...
11: 65001 adresses traitées
adresse : bulk pour les ids de 1214249 à 1215248
bulk : {
  "took" : 63,
  "errors" :  ...
11: 66001 adresses traitées
adresse : bulk pour les ids de 1215249 à 1216248
bulk : {
  "took" : 97,
  "errors" :  ...
11: 67001 adresses traitées
adresse : bulk pour les ids de 1216249 à 1217248
bulk : {
  "took" : 63,
  "errors" :  ...
11: 68001 adresses traitées
adresse : bulk pour les ids de 1217249 à 1218248
bulk : {
  "took" : 98,
  "errors" :  ...
11: 69001 adresses traitées
adresse : bulk pour les ids de 1218249 à 1219248
bulk : {
  "took" : 100,
  "errors" : ...
11: 70001 adresses traitées
adresse : bulk pour les ids de 1219249 à 1220248
bulk : {
  "took" : 99,
  "errors" :  ...
11: 71001 adresses traitées
11: 72001 adresses traitées
adresse : bulk pour les ids de 1220249 à 1221248
bulk : {
  "took" : 99,
  "errors" :  ...
11: 73001 adresses traitées
adresse : bulk pour les ids de 1221249 à 1222248
bulk : {
  "took" : 80,
  "errors" :  ...
11: 74001 adresses traitées
adresse : bulk pour les ids de 1222249 à 1223248
bulk : {
  "took" : 87,
  "errors" :  ...
11: 75001 adresses traitées
adresse : bulk pour les ids de 1223249 à 1224248
bulk : {
  "took" : 101,
  "errors" : ...
11: 76001 adresses traitées
adresse : bulk pour les ids de 1224249 à 1225248
bulk : {
  "took" : 63,
  "errors" :  ...
11: 77001 adresses traitées
adresse : bulk pour les ids de 1225249 à 1226248
bulk : {
  "took" : 97,
  "errors" :  ...
11: 78001 adresses traitées
adresse : bulk pour les ids de 1226249 à 1227248
bulk : {
  "took" : 63,
  "errors" :  ...
11: 79001 adresses traitées
adresse : bulk pour les ids de 1227249 à 1228248
bulk : {
  "took" : 99,
  "errors" :  ...
11: 80001 adresses traitées
adresse : bulk pour les ids de 1228249 à 1229248
bulk : {
  "took" : 63,
  "errors" :  ...
11: 81001 adresses traitées
adresse : bulk pour les ids de 1229249 à 1230248
bulk : {
  "took" : 78,
  "errors" :  ...
11: 82001 adresses traitées
adresse : bulk pour les ids de 1230249 à 1231248
bulk : {
  "took" : 91,
  "errors" :  ...
11: 83001 adresses traitées
adresse : bulk pour les ids de 1231249 à 1232248
bulk : {
  "took" : 79,
  "errors" :  ...
11: 84001 adresses traitées
adresse : bulk pour les ids de 1232249 à 1233248
bulk : {
  "took" : 86,
  "errors" :  ...
11: 85001 adresses traitées
adresse : bulk pour les ids de 1233249 à 1234248
bulk : {
  "took" : 79,
  "errors" :  ...
11: 86001 adresses traitées
adresse : bulk pour les ids de 1234249 à 1235248
bulk : {
  "took" : 85,
  "errors" :  ...
11: 87001 adresses traitées
adresse : bulk pour les ids de 1235249 à 1236248
bulk : {
  "took" : 82,
  "errors" :  ...
11: 88001 adresses traitées
adresse : bulk pour les ids de 1236249 à 1237248
bulk : {
  "took" : 93,
  "errors" :  ...
11: 89001 adresses traitées
11: 90001 adresses traitées
adresse : bulk pour les ids de 1237249 à 1238248
bulk : {
  "took" : 107,
  "errors" : ...
11: 91001 adresses traitées
adresse : bulk pour les ids de 1238249 à 1239248
bulk : {
  "took" : 65,
  "errors" :  ...
11: 92001 adresses traitées
adresse : bulk pour les ids de 1239249 à 1240248
bulk : {
  "took" : 118,
  "errors" : ...
11: 93001 adresses traitées
adresse : bulk pour les ids de 1240249 à 1241248
bulk : {
  "took" : 95,
  "errors" :  ...
11: 94001 adresses traitées
adresse : bulk pour les ids de 1241249 à 1242248
bulk : {
  "took" : 81,
  "errors" :  ...
11: 95001 adresses traitées
adresse : bulk pour les ids de 1242249 à 1243248
bulk : {
  "took" : 87,
  "errors" :  ...
11: 96001 adresses traitées
adresse : bulk pour les ids de 1243249 à 1244248
bulk : {
  "took" : 79,
  "errors" :  ...
11: 97001 adresses traitées
adresse : bulk pour les ids de 1244249 à 1245248
bulk : {
  "took" : 66,
  "errors" :  ...
11: 98001 adresses traitées
adresse : bulk pour les ids de 1245249 à 1246248
bulk : {
  "took" : 98,
  "errors" :  ...
11: 99001 adresses traitées
adresse : bulk pour les ids de 1246249 à 1247248
bulk : {
  "took" : 63,
  "errors" :  ...
11: 100001 adresses traitées
adresse : bulk pour les ids de 1247249 à 1248248
bulk : {
  "took" : 98,
  "errors" :  ...
11: 101001 adresses traitées
adresse : bulk pour les ids de 1248249 à 1249248
bulk : {
  "took" : 63,
  "errors" :  ...
11: 102001 adresses traitées
adresse : bulk pour les ids de 1249249 à 1250248
bulk : {
  "took" : 98,
  "errors" :  ...
11: 103001 adresses traitées
11: 104001 adresses traitées
adresse : bulk pour les ids de 1250249 à 1251248
bulk : {
  "took" : 64,
  "errors" :  ...
11: 105001 adresses traitées
adresse : bulk pour les ids de 1251249 à 1252248
bulk : {
  "took" : 98,
  "errors" :  ...
11: 106001 adresses traitées
adresse : bulk pour les ids de 1252249 à 1253248
bulk : {
  "took" : 62,
  "errors" :  ...
11: 107001 adresses traitées
adresse : bulk pour les ids de 1253249 à 1254248
bulk : {
  "took" : 102,
  "errors" : ...
11: 108001 adresses traitées
adresse : bulk pour les ids de 1254249 à 1255248
bulk : {
  "took" : 85,
  "errors" :  ...
11: 109001 adresses traitées
adresse : bulk pour les ids de 1255249 à 1256248
bulk : {
  "took" : 97,
  "errors" :  ...
11: 110001 adresses traitées
adresse : bulk pour les ids de 1256249 à 1257248
bulk : {
  "took" : 62,
  "errors" :  ...
11: 111001 adresses traitées
adresse : bulk pour les ids de 1257249 à 1258248
bulk : {
  "took" : 98,
  "errors" :  ...
11: 112001 adresses traitées
adresse : bulk pour les ids de 1258249 à 1259248
bulk : {
  "took" : 83,
  "errors" :  ...
11: 113001 adresses traitées
adresse : bulk pour les ids de 1259249 à 1260248
bulk : {
  "took" : 79,
  "errors" :  ...
11: 114001 adresses traitées
adresse : bulk pour les ids de 1260249 à 1261248
bulk : {
  "took" : 86,
  "errors" :  ...
11: 115001 adresses traitées
adresse : bulk pour les ids de 1261249 à 1262248
bulk : {
  "took" : 80,
  "errors" :  ...
11: 116001 adresses traitées
adresse : bulk pour les ids de 1262249 à 1263248
bulk : {
  "took" : 87,
  "errors" :  ...
11: 117001 adresses traitées
adresse : bulk pour les ids de 1263249 à 1264248
bulk : {
  "took" : 77,
  "errors" :  ...
11: 118001 adresses traitées
adresse : bulk pour les ids de 1264249 à 1265248
bulk : {
  "took" : 85,
  "errors" :  ...
11: 119001 adresses traitées
adresse : bulk pour les ids de 1265249 à 1266248
bulk : {
  "took" : 97,
  "errors" :  ...
11: 120001 adresses traitées
adresse : bulk pour les ids de 1266249 à 1267248
bulk : {
  "took" : 63,
  "errors" :  ...
11: 121001 adresses traitées
adresse : bulk pour les ids de 1267249 à 1268248
bulk : {
  "took" : 100,
  "errors" : ...
11: 122001 adresses traitées
adresse : bulk pour les ids de 1268249 à 1269248
bulk : {
  "took" : 64,
  "errors" :  ...
11: 123001 adresses traitées
11: 124001 adresses traitées
adresse : bulk pour les ids de 1269249 à 1270248
bulk : {
  "took" : 102,
  "errors" : ...
11: 125001 adresses traitées
adresse : bulk pour les ids de 1270249 à 1271248
bulk : {
  "took" : 63,
  "errors" :  ...
11: 126001 adresses traitées
adresse : bulk pour les ids de 1271249 à 1272248
bulk : {
  "took" : 99,
  "errors" :  ...
11: 127001 adresses traitées
adresse : bulk pour les ids de 1272249 à 1273248
bulk : {
  "took" : 86,
  "errors" :  ...
11: 128001 adresses traitées
adresse : bulk pour les ids de 1273249 à 1274248
bulk : {
  "took" : 79,
  "errors" :  ...
11: 129001 adresses traitées
adresse : bulk pour les ids de 1274249 à 1275248
bulk : {
  "took" : 71,
  "errors" :  ...
11: 130001 adresses traitées
adresse : bulk pour les ids de 1275249 à 1276248
bulk : {
  "took" : 106,
  "errors" : ...
11: 131001 adresses traitées
adresse : bulk pour les ids de 1276249 à 1277248
bulk : {
  "took" : 92,
  "errors" :  ...
11: 132001 adresses traitées
adresse : bulk pour les ids de 1277249 à 1278248
bulk : {
  "took" : 73,
  "errors" :  ...
11: 133001 adresses traitées
adresse : bulk pour les ids de 1278249 à 1279248
bulk : {
  "took" : 83,
  "errors" :  ...
11: 134001 adresses traitées
adresse : bulk pour les ids de 1279249 à 1280248
bulk : {
  "took" : 92,
  "errors" :  ...
11: 135001 adresses traitées
adresse : bulk pour les ids de 1280249 à 1281248
bulk : {
  "took" : 63,
  "errors" :  ...
11: 136001 adresses traitées
adresse : bulk pour les ids de 1281249 à 1282248
bulk : {
  "took" : 94,
  "errors" :  ...
11: 137001 adresses traitées
11: 138001 adresses traitées
adresse : bulk pour les ids de 1282249 à 1283248
bulk : {
  "took" : 65,
  "errors" :  ...
11: 139001 adresses traitées
adresse : bulk pour les ids de 1283249 à 1284248
bulk : {
  "took" : 96,
  "errors" :  ...
11: 140001 adresses traitées
adresse : bulk pour les ids de 1284249 à 1285248
bulk : {
  "took" : 68,
  "errors" :  ...
11: 141001 adresses traitées
adresse : bulk pour les ids de 1285249 à 1286248
bulk : {
  "took" : 93,
  "errors" :  ...
11: 142001 adresses traitées
adresse : bulk pour les ids de 1286249 à 1287248
bulk : {
  "took" : 68,
  "errors" :  ...
11: 143001 adresses traitées
adresse : bulk pour les ids de 1287249 à 1288248
bulk : {
  "took" : 94,
  "errors" :  ...
11: 144001 adresses traitées
adresse : bulk pour les ids de 1288249 à 1289248
bulk : {
  "took" : 81,
  "errors" :  ...
11: 145001 adresses traitées
adresse : bulk pour les ids de 1289249 à 1290248
bulk : {
  "took" : 71,
  "errors" :  ...
11: 146001 adresses traitées
adresse : bulk pour les ids de 1290249 à 1291248
bulk : {
  "took" : 96,
  "errors" :  ...
11: 147001 adresses traitées
adresse : bulk pour les ids de 1291249 à 1292248
bulk : {
  "took" : 89,
  "errors" :  ...
11: 148001 adresses traitées
adresse : bulk pour les ids de 1292249 à 1293248
bulk : {
  "took" : 82,
  "errors" :  ...
11: 149001 adresses traitées
adresse : bulk pour les ids de 1293249 à 1294248
bulk : {
  "took" : 66,
  "errors" :  ...
11: 150001 adresses traitées
adresse : bulk pour les ids de 1294249 à 1295248
bulk : {
  "took" : 80,
  "errors" :  ...
11: 151001 adresses traitées
adresse : bulk pour les ids de 1295249 à 1296248
bulk : {
  "took" : 84,
  "errors" :  ...
11: 152001 adresses traitées
adresse : bulk pour les ids de 1296249 à 1297248
bulk : {
  "took" : 78,
  "errors" :  ...
11: 153001 adresses traitées
adresse : bulk pour les ids de 1297249 à 1298248
bulk : {
  "took" : 63,
  "errors" :  ...
11: 154001 adresses traitées
11: 155001 adresses traitées
adresse : bulk pour les ids de 1298249 à 1299248
bulk : {
  "took" : 99,
  "errors" :  ...
11: 156001 adresses traitées
adresse : bulk pour les ids de 1299249 à 1300248
bulk : {
  "took" : 62,
  "errors" :  ...
11: 157001 adresses traitées
adresse : bulk pour les ids de 1300249 à 1301248
bulk : {
  "took" : 105,
  "errors" : ...
11: 158001 adresses traitées
adresse : bulk pour les ids de 1301249 à 1302248
bulk : {
  "took" : 65,
  "errors" :  ...
11: 159001 adresses traitées
adresse : bulk pour les ids de 1302249 à 1303248
bulk : {
  "took" : 101,
  "errors" : ...
11: 160001 adresses traitées
adresse : bulk pour les ids de 1303249 à 1304248
bulk : {
  "took" : 64,
  "errors" :  ...
11: 161001 adresses traitées
adresse : bulk pour les ids de 1304249 à 1305248
bulk : {
  "took" : 101,
  "errors" : ...
11: 162001 adresses traitées
adresse : bulk pour les ids de 1305249 à 1306248
bulk : {
  "took" : 62,
  "errors" :  ...
11: 163001 adresses traitées
adresse : bulk pour les ids de 1306249 à 1307248
bulk : {
  "took" : 78,
  "errors" :  ...
11: 164001 adresses traitées
adresse : bulk pour les ids de 1307249 à 1308248
bulk : {
  "took" : 87,
  "errors" :  ...
11: 165001 adresses traitées
adresse : bulk pour les ids de 1308249 à 1309248
bulk : {
  "took" : 82,
  "errors" :  ...
11: 166001 adresses traitées
adresse : bulk pour les ids de 1309249 à 1310248
bulk : {
  "took" : 86,
  "errors" :  ...
11: 167001 adresses traitées
adresse : bulk pour les ids de 1310249 à 1311248
bulk : {
  "took" : 103,
  "errors" : ...
11: 168001 adresses traitées
adresse : bulk pour les ids de 1311249 à 1312248
bulk : {
  "took" : 85,
  "errors" :  ...
11: 169001 adresses traitées
adresse : bulk pour les ids de 1312249 à 1313248
bulk : {
  "took" : 105,
  "errors" : ...
11: 170001 adresses traitées
adresse : bulk pour les ids de 1313249 à 1314248
bulk : {
  "took" : 91,
  "errors" :  ...
11: 171001 adresses traitées
adresse : bulk pour les ids de 1314249 à 1315248
bulk : {
  "took" : 81,
  "errors" :  ...
11: 172001 adresses traitées
adresse : bulk pour les ids de 1315249 à 1316248
bulk : {
  "took" : 92,
  "errors" :  ...
11: 173001 adresses traitées
adresse : bulk pour les ids de 1316249 à 1317248
bulk : {
  "took" : 102,
  "errors" : ...
11: 174001 adresses traitées
adresse : bulk pour les ids de 1317249 à 1318248
bulk : {
  "took" : 65,
  "errors" :  ...
11: 175001 adresses traitées
adresse : bulk pour les ids de 1318249 à 1319248
bulk : {
  "took" : 105,
  "errors" : ...
11: 176001 adresses traitées
adresse : bulk pour les ids de 1319249 à 1320248
bulk : {
  "took" : 64,
  "errors" :  ...
11: 177001 adresses traitées
adresse : bulk pour les ids de 1320249 à 1321248
bulk : {
  "took" : 100,
  "errors" : ...
11: 178001 adresses traitées
adresse : bulk pour les ids de 1321249 à 1322248
bulk : {
  "took" : 63,
  "errors" :  ...
11: 179001 adresses traitées
adresse : bulk pour les ids de 1322249 à 1323248
bulk : {
  "took" : 102,
  "errors" : ...
11: 180001 adresses traitées
adresse : bulk pour les ids de 1323249 à 1324248
bulk : {
  "took" : 62,
  "errors" :  ...
11: 181001 adresses traitées
11: 182001 adresses traitées
adresse : bulk pour les ids de 1324249 à 1325248
bulk : {
  "took" : 98,
  "errors" :  ...
11: 183001 adresses traitées
adresse : bulk pour les ids de 1325249 à 1326248
bulk : {
  "took" : 84,
  "errors" :  ...
11: 184001 adresses traitées
adresse : bulk pour les ids de 1326249 à 1327248
bulk : {
  "took" : 80,
  "errors" :  ...
11: 185001 adresses traitées
adresse : bulk pour les ids de 1327249 à 1328248
bulk : {
  "took" : 84,
  "errors" :  ...
11: 186001 adresses traitées
adresse : bulk pour les ids de 1328249 à 1329248
bulk : {
  "took" : 78,
  "errors" :  ...
11: 187001 adresses traitées
adresse : bulk pour les ids de 1329249 à 1330248
bulk : {
  "took" : 87,
  "errors" :  ...
11: 188001 adresses traitées
adresse : bulk pour les ids de 1330249 à 1331248
bulk : {
  "took" : 101,
  "errors" : ...
11: 189001 adresses traitées
adresse : bulk pour les ids de 1331249 à 1332248
bulk : {
  "took" : 85,
  "errors" :  ...
11: 190001 adresses traitées
adresse : bulk pour les ids de 1332249 à 1333248
bulk : {
  "took" : 104,
  "errors" : ...
11: 191001 adresses traitées
adresse : bulk pour les ids de 1333249 à 1334248
bulk : {
  "took" : 63,
  "errors" :  ...
11: 192001 adresses traitées
adresse : bulk pour les ids de 1334249 à 1335248
bulk : {
  "took" : 91,
  "errors" :  ...
11: 193001 adresses traitées
adresse : bulk pour les ids de 1335249 à 1336248
bulk : {
  "took" : 63,
  "errors" :  ...
11: 194001 adresses traitées
adresse : bulk pour les ids de 1336249 à 1337248
bulk : {
  "took" : 97,
  "errors" :  ...
11: 195001 adresses traitées
adresse : bulk pour les ids de 1337249 à 1338248
bulk : {
  "took" : 72,
  "errors" :  ...
11: 196001 adresses traitées
adresse : bulk pour les ids de 1338249 à 1339248
bulk : {
  "took" : 90,
  "errors" :  ...
11: 197001 adresses traitées
adresse : bulk pour les ids de 1339249 à 1340248
bulk : {
  "took" : 91,
  "errors" :  ...
11: 198001 adresses traitées
adresse : bulk pour les ids de 1340249 à 1341248
bulk : {
  "took" : 73,
  "errors" :  ...
11: 199001 adresses traitées
adresse : bulk pour les ids de 1341249 à 1342248
bulk : {
  "took" : 97,
  "errors" :  ...
11: 200001 adresses traitées
adresse : bulk pour les ids de 1342249 à 1343248
bulk : {
  "took" : 73,
  "errors" :  ...
11: 201001 adresses traitées
adresse : bulk pour les ids de 1343249 à 1344248
bulk : {
  "took" : 99,
  "errors" :  ...
11: 202001 adresses traitées
adresse : bulk pour les ids de 1344249 à 1345248
bulk : {
  "took" : 72,
  "errors" :  ...
11: 203001 adresses traitées
adresse : bulk pour les ids de 1345249 à 1346248
bulk : {
  "took" : 92,
  "errors" :  ...
11: 204001 adresses traitées
adresse : bulk pour les ids de 1346249 à 1347248
bulk : {
  "took" : 73,
  "errors" :  ...
11: 205001 adresses traitées
adresse : bulk pour les ids de 1347249 à 1348248
bulk : {
  "took" : 77,
  "errors" :  ...
11: 206001 adresses traitées
adresse : bulk pour les ids de 1348249 à 1348875
bulk : {
  "took" : 42,
  "errors" :  ...
dpt 12 : voies
12: 1 voies traitées
voie : bulk pour les ids de 109239 à 109438
bulk : {
  "took" : 12,
  "errors" :  ...
12: 201 voies traitées
voie : bulk pour les ids de 109439 à 109638
bulk : {
  "took" : 38,
  "errors" :  ...
12: 401 voies traitées
voie : bulk pour les ids de 109639 à 109838
bulk : {
  "took" : 12,
  "errors" :  ...
12: 601 voies traitées
voie : bulk pour les ids de 109839 à 110038
bulk : {
  "took" : 13,
  "errors" :  ...
12: 801 voies traitées
voie : bulk pour les ids de 110039 à 110238
bulk : {
  "took" : 12,
  "errors" :  ...
12: 1001 voies traitées
voie : bulk pour les ids de 110239 à 110438
bulk : {
  "took" : 11,
  "errors" :  ...
12: 1201 voies traitées
voie : bulk pour les ids de 110439 à 110638
bulk : {
  "took" : 12,
  "errors" :  ...
12: 1401 voies traitées
voie : bulk pour les ids de 110639 à 110838
bulk : {
  "took" : 12,
  "errors" :  ...
12: 1601 voies traitées
voie : bulk pour les ids de 110839 à 111038
bulk : {
  "took" : 12,
  "errors" :  ...
12: 1801 voies traitées
voie : bulk pour les ids de 111039 à 111238
bulk : {
  "took" : 13,
  "errors" :  ...
12: 2001 voies traitées
voie : bulk pour les ids de 111239 à 111438
bulk : {
  "took" : 11,
  "errors" :  ...
12: 2201 voies traitées
voie : bulk pour les ids de 111439 à 111638
bulk : {
  "took" : 11,
  "errors" :  ...
12: 2401 voies traitées
voie : bulk pour les ids de 111639 à 111838
bulk : {
  "took" : 42,
  "errors" :  ...
12: 2601 voies traitées
voie : bulk pour les ids de 111839 à 112038
bulk : {
  "took" : 11,
  "errors" :  ...
12: 2801 voies traitées
voie : bulk pour les ids de 112039 à 112238
bulk : {
  "took" : 12,
  "errors" :  ...
12: 3001 voies traitées
voie : bulk pour les ids de 112239 à 112438
bulk : {
  "took" : 11,
  "errors" :  ...
12: 3201 voies traitées
voie : bulk pour les ids de 112439 à 112638
bulk : {
  "took" : 11,
  "errors" :  ...
12: 3401 voies traitées
voie : bulk pour les ids de 112639 à 112838
bulk : {
  "took" : 11,
  "errors" :  ...
12: 3601 voies traitées
voie : bulk pour les ids de 112839 à 113038
bulk : {
  "took" : 11,
  "errors" :  ...
12: 3801 voies traitées
voie : bulk pour les ids de 113039 à 113238
bulk : {
  "took" : 29,
  "errors" :  ...
12: 4001 voies traitées
voie : bulk pour les ids de 113239 à 113438
bulk : {
  "took" : 11,
  "errors" :  ...
12: 4201 voies traitées
voie : bulk pour les ids de 113439 à 113638
bulk : {
  "took" : 40,
  "errors" :  ...
12: 4401 voies traitées
voie : bulk pour les ids de 113639 à 113838
bulk : {
  "took" : 12,
  "errors" :  ...
12: 4601 voies traitées
voie : bulk pour les ids de 113839 à 114038
bulk : {
  "took" : 11,
  "errors" :  ...
12: 4801 voies traitées
voie : bulk pour les ids de 114039 à 114238
bulk : {
  "took" : 11,
  "errors" :  ...
12: 5001 voies traitées
voie : bulk pour les ids de 114239 à 114438
bulk : {
  "took" : 12,
  "errors" :  ...
12: 5201 voies traitées
voie : bulk pour les ids de 114439 à 114513
bulk : {
  "took" : 5,
  "errors" : f ...
dpt 12 : adresses
12: 1 adresses traitées
12: 1001 adresses traitées
adresse : bulk pour les ids de 1348876 à 1349875
bulk : {
  "took" : 106,
  "errors" : ...
12: 2001 adresses traitées
adresse : bulk pour les ids de 1349876 à 1350875
bulk : {
  "took" : 89,
  "errors" :  ...
12: 3001 adresses traitées
adresse : bulk pour les ids de 1350876 à 1351875
bulk : {
  "took" : 79,
  "errors" :  ...
12: 4001 adresses traitées
12: 5001 adresses traitées
adresse : bulk pour les ids de 1351876 à 1352875
bulk : {
  "took" : 87,
  "errors" :  ...
12: 6001 adresses traitées
adresse : bulk pour les ids de 1352876 à 1353875
bulk : {
  "took" : 78,
  "errors" :  ...
12: 7001 adresses traitées
adresse : bulk pour les ids de 1353876 à 1354875
bulk : {
  "took" : 86,
  "errors" :  ...
12: 8001 adresses traitées
adresse : bulk pour les ids de 1354876 à 1355875
bulk : {
  "took" : 78,
  "errors" :  ...
12: 9001 adresses traitées
12: 10001 adresses traitées
adresse : bulk pour les ids de 1355876 à 1356875
bulk : {
  "took" : 85,
  "errors" :  ...
12: 11001 adresses traitées
adresse : bulk pour les ids de 1356876 à 1357875
bulk : {
  "took" : 98,
  "errors" :  ...
12: 12001 adresses traitées
adresse : bulk pour les ids de 1357876 à 1358875
bulk : {
  "took" : 65,
  "errors" :  ...
12: 13001 adresses traitées
12: 14001 adresses traitées
adresse : bulk pour les ids de 1358876 à 1359875
bulk : {
  "took" : 97,
  "errors" :  ...
12: 15001 adresses traitées
adresse : bulk pour les ids de 1359876 à 1360875
bulk : {
  "took" : 63,
  "errors" :  ...
12: 16001 adresses traitées
adresse : bulk pour les ids de 1360876 à 1361875
bulk : {
  "took" : 101,
  "errors" : ...
12: 17001 adresses traitées
12: 18001 adresses traitées
adresse : bulk pour les ids de 1361876 à 1362875
bulk : {
  "took" : 68,
  "errors" :  ...
12: 19001 adresses traitées
adresse : bulk pour les ids de 1362876 à 1363875
bulk : {
  "took" : 98,
  "errors" :  ...
12: 20001 adresses traitées
adresse : bulk pour les ids de 1363876 à 1364875
bulk : {
  "took" : 86,
  "errors" :  ...
12: 21001 adresses traitées
adresse : bulk pour les ids de 1364876 à 1365875
bulk : {
  "took" : 80,
  "errors" :  ...
12: 22001 adresses traitées
adresse : bulk pour les ids de 1365876 à 1366875
bulk : {
  "took" : 84,
  "errors" :  ...
12: 23001 adresses traitées
adresse : bulk pour les ids de 1366876 à 1367875
bulk : {
  "took" : 78,
  "errors" :  ...
12: 24001 adresses traitées
adresse : bulk pour les ids de 1367876 à 1368875
bulk : {
  "took" : 64,
  "errors" :  ...
12: 25001 adresses traitées
adresse : bulk pour les ids de 1368876 à 1369875
bulk : {
  "took" : 102,
  "errors" : ...
12: 26001 adresses traitées
adresse : bulk pour les ids de 1369876 à 1370875
bulk : {
  "took" : 85,
  "errors" :  ...
12: 27001 adresses traitées
12: 28001 adresses traitées
adresse : bulk pour les ids de 1370876 à 1371875
bulk : {
  "took" : 82,
  "errors" :  ...
12: 29001 adresses traitées
adresse : bulk pour les ids de 1371876 à 1372875
bulk : {
  "took" : 88,
  "errors" :  ...
12: 30001 adresses traitées
adresse : bulk pour les ids de 1372876 à 1373875
bulk : {
  "took" : 79,
  "errors" :  ...
12: 31001 adresses traitées
adresse : bulk pour les ids de 1373876 à 1374875
bulk : {
  "took" : 91,
  "errors" :  ...
12: 32001 adresses traitées
adresse : bulk pour les ids de 1374876 à 1375875
bulk : {
  "took" : 73,
  "errors" :  ...
12: 33001 adresses traitées
12: 34001 adresses traitées
adresse : bulk pour les ids de 1375876 à 1376875
bulk : {
  "took" : 91,
  "errors" :  ...
12: 35001 adresses traitées
adresse : bulk pour les ids de 1376876 à 1377875
bulk : {
  "took" : 84,
  "errors" :  ...
12: 36001 adresses traitées
adresse : bulk pour les ids de 1377876 à 1378875
bulk : {
  "took" : 72,
  "errors" :  ...
12: 37001 adresses traitées
adresse : bulk pour les ids de 1378876 à 1379875
bulk : {
  "took" : 83,
  "errors" :  ...
12: 38001 adresses traitées
adresse : bulk pour les ids de 1379876 à 1380875
bulk : {
  "took" : 75,
  "errors" :  ...
12: 39001 adresses traitées
adresse : bulk pour les ids de 1380876 à 1381875
bulk : {
  "took" : 92,
  "errors" :  ...
12: 40001 adresses traitées
12: 41001 adresses traitées
adresse : bulk pour les ids de 1381876 à 1382875
bulk : {
  "took" : 73,
  "errors" :  ...
12: 42001 adresses traitées
adresse : bulk pour les ids de 1382876 à 1383875
bulk : {
  "took" : 82,
  "errors" :  ...
12: 43001 adresses traitées
adresse : bulk pour les ids de 1383876 à 1384875
bulk : {
  "took" : 80,
  "errors" :  ...
12: 44001 adresses traitées
adresse : bulk pour les ids de 1384876 à 1385875
bulk : {
  "took" : 104,
  "errors" : ...
12: 45001 adresses traitées
12: 46001 adresses traitées
adresse : bulk pour les ids de 1385876 à 1386875
bulk : {
  "took" : 79,
  "errors" :  ...
12: 47001 adresses traitées
adresse : bulk pour les ids de 1386876 à 1387875
bulk : {
  "took" : 69,
  "errors" :  ...
12: 48001 adresses traitées
adresse : bulk pour les ids de 1387876 à 1388875
bulk : {
  "took" : 95,
  "errors" :  ...
12: 49001 adresses traitées
adresse : bulk pour les ids de 1388876 à 1389875
bulk : {
  "took" : 101,
  "errors" : ...
12: 50001 adresses traitées
adresse : bulk pour les ids de 1389876 à 1390875
bulk : {
  "took" : 89,
  "errors" :  ...
12: 51001 adresses traitées
adresse : bulk pour les ids de 1390876 à 1391875
bulk : {
  "took" : 85,
  "errors" :  ...
12: 52001 adresses traitées
12: 53001 adresses traitées
adresse : bulk pour les ids de 1391876 à 1392875
bulk : {
  "took" : 114,
  "errors" : ...
12: 54001 adresses traitées
adresse : bulk pour les ids de 1392876 à 1393875
bulk : {
  "took" : 75,
  "errors" :  ...
12: 55001 adresses traitées
adresse : bulk pour les ids de 1393876 à 1394875
bulk : {
  "took" : 82,
  "errors" :  ...
12: 56001 adresses traitées
adresse : bulk pour les ids de 1394876 à 1395875
bulk : {
  "took" : 121,
  "errors" : ...
12: 57001 adresses traitées
12: 58001 adresses traitées
adresse : bulk pour les ids de 1395876 à 1396875
bulk : {
  "took" : 128,
  "errors" : ...
12: 59001 adresses traitées
12: 60001 adresses traitées
adresse : bulk pour les ids de 1396876 à 1397875
bulk : {
  "took" : 106,
  "errors" : ...
12: 61001 adresses traitées
adresse : bulk pour les ids de 1397876 à 1398875
bulk : {
  "took" : 122,
  "errors" : ...
12: 62001 adresses traitées
adresse : bulk pour les ids de 1398876 à 1399875
bulk : {
  "took" : 126,
  "errors" : ...
12: 63001 adresses traitées
12: 64001 adresses traitées
adresse : bulk pour les ids de 1399876 à 1400875
bulk : {
  "took" : 114,
  "errors" : ...
12: 65001 adresses traitées
adresse : bulk pour les ids de 1400876 à 1401875
bulk : {
  "took" : 68,
  "errors" :  ...
12: 66001 adresses traitées
adresse : bulk pour les ids de 1401876 à 1402875
bulk : {
  "took" : 182,
  "errors" : ...
12: 67001 adresses traitées
adresse : bulk pour les ids de 1402876 à 1403875
bulk : {
  "took" : 85,
  "errors" :  ...
12: 68001 adresses traitées
adresse : bulk pour les ids de 1403876 à 1404875
bulk : {
  "took" : 80,
  "errors" :  ...
12: 69001 adresses traitées
adresse : bulk pour les ids de 1404876 à 1405875
bulk : {
  "took" : 62,
  "errors" :  ...
12: 70001 adresses traitées
adresse : bulk pour les ids de 1405876 à 1406585
bulk : {
  "took" : 62,
  "errors" :  ...
dpt 13 : voies
13: 1 voies traitées
voie : bulk pour les ids de 114514 à 114713
bulk : {
  "took" : 31,
  "errors" :  ...
13: 201 voies traitées
voie : bulk pour les ids de 114714 à 114913
bulk : {
  "took" : 12,
  "errors" :  ...
13: 401 voies traitées
voie : bulk pour les ids de 114914 à 115113
bulk : {
  "took" : 12,
  "errors" :  ...
13: 601 voies traitées
voie : bulk pour les ids de 115114 à 115313
bulk : {
  "took" : 12,
  "errors" :  ...
13: 801 voies traitées
voie : bulk pour les ids de 115314 à 115513
bulk : {
  "took" : 13,
  "errors" :  ...
13: 1001 voies traitées
voie : bulk pour les ids de 115514 à 115713
bulk : {
  "took" : 12,
  "errors" :  ...
13: 1201 voies traitées
voie : bulk pour les ids de 115714 à 115913
bulk : {
  "took" : 11,
  "errors" :  ...
13: 1401 voies traitées
voie : bulk pour les ids de 115914 à 116113
bulk : {
  "took" : 12,
  "errors" :  ...
13: 1601 voies traitées
voie : bulk pour les ids de 116114 à 116313
bulk : {
  "took" : 11,
  "errors" :  ...
13: 1801 voies traitées
voie : bulk pour les ids de 116314 à 116513
bulk : {
  "took" : 12,
  "errors" :  ...
13: 2001 voies traitées
voie : bulk pour les ids de 116514 à 116713
bulk : {
  "took" : 39,
  "errors" :  ...
13: 2201 voies traitées
voie : bulk pour les ids de 116714 à 116913
bulk : {
  "took" : 21,
  "errors" :  ...
13: 2401 voies traitées
voie : bulk pour les ids de 116914 à 117113
bulk : {
  "took" : 11,
  "errors" :  ...
13: 2601 voies traitées
voie : bulk pour les ids de 117114 à 117313
bulk : {
  "took" : 11,
  "errors" :  ...
13: 2801 voies traitées
voie : bulk pour les ids de 117314 à 117513
bulk : {
  "took" : 11,
  "errors" :  ...
13: 3001 voies traitées
voie : bulk pour les ids de 117514 à 117713
bulk : {
  "took" : 11,
  "errors" :  ...
13: 3201 voies traitées
voie : bulk pour les ids de 117714 à 117913
bulk : {
  "took" : 11,
  "errors" :  ...
13: 3401 voies traitées
voie : bulk pour les ids de 117914 à 118113
bulk : {
  "took" : 12,
  "errors" :  ...
13: 3601 voies traitées
voie : bulk pour les ids de 118114 à 118313
bulk : {
  "took" : 11,
  "errors" :  ...
13: 3801 voies traitées
voie : bulk pour les ids de 118314 à 118513
bulk : {
  "took" : 12,
  "errors" :  ...
13: 4001 voies traitées
voie : bulk pour les ids de 118514 à 118713
bulk : {
  "took" : 35,
  "errors" :  ...
13: 4201 voies traitées
voie : bulk pour les ids de 118714 à 118913
bulk : {
  "took" : 11,
  "errors" :  ...
13: 4401 voies traitées
voie : bulk pour les ids de 118914 à 119113
bulk : {
  "took" : 11,
  "errors" :  ...
13: 4601 voies traitées
voie : bulk pour les ids de 119114 à 119313
bulk : {
  "took" : 12,
  "errors" :  ...
13: 4801 voies traitées
voie : bulk pour les ids de 119314 à 119513
bulk : {
  "took" : 12,
  "errors" :  ...
13: 5001 voies traitées
voie : bulk pour les ids de 119514 à 119713
bulk : {
  "took" : 12,
  "errors" :  ...
13: 5201 voies traitées
voie : bulk pour les ids de 119714 à 119913
bulk : {
  "took" : 11,
  "errors" :  ...
13: 5401 voies traitées
voie : bulk pour les ids de 119914 à 120113
bulk : {
  "took" : 11,
  "errors" :  ...
13: 5601 voies traitées
voie : bulk pour les ids de 120114 à 120313
bulk : {
  "took" : 11,
  "errors" :  ...
13: 5801 voies traitées
voie : bulk pour les ids de 120314 à 120513
bulk : {
  "took" : 14,
  "errors" :  ...
13: 6001 voies traitées
voie : bulk pour les ids de 120514 à 120713
bulk : {
  "took" : 39,
  "errors" :  ...
13: 6201 voies traitées
voie : bulk pour les ids de 120714 à 120913
bulk : {
  "took" : 11,
  "errors" :  ...
13: 6401 voies traitées
voie : bulk pour les ids de 120914 à 121113
bulk : {
  "took" : 11,
  "errors" :  ...
13: 6601 voies traitées
voie : bulk pour les ids de 121114 à 121313
bulk : {
  "took" : 11,
  "errors" :  ...
13: 6801 voies traitées
voie : bulk pour les ids de 121314 à 121513
bulk : {
  "took" : 12,
  "errors" :  ...
13: 7001 voies traitées
voie : bulk pour les ids de 121514 à 121713
bulk : {
  "took" : 11,
  "errors" :  ...
13: 7201 voies traitées
voie : bulk pour les ids de 121714 à 121913
bulk : {
  "took" : 12,
  "errors" :  ...
13: 7401 voies traitées
voie : bulk pour les ids de 121914 à 122113
bulk : {
  "took" : 11,
  "errors" :  ...
13: 7601 voies traitées
voie : bulk pour les ids de 122114 à 122313
bulk : {
  "took" : 11,
  "errors" :  ...
13: 7801 voies traitées
voie : bulk pour les ids de 122314 à 122513
bulk : {
  "took" : 11,
  "errors" :  ...
13: 8001 voies traitées
voie : bulk pour les ids de 122514 à 122713
bulk : {
  "took" : 35,
  "errors" :  ...
13: 8201 voies traitées
voie : bulk pour les ids de 122714 à 122913
bulk : {
  "took" : 11,
  "errors" :  ...
13: 8401 voies traitées
voie : bulk pour les ids de 122914 à 123113
bulk : {
  "took" : 11,
  "errors" :  ...
13: 8601 voies traitées
voie : bulk pour les ids de 123114 à 123313
bulk : {
  "took" : 11,
  "errors" :  ...
13: 8801 voies traitées
voie : bulk pour les ids de 123314 à 123513
bulk : {
  "took" : 11,
  "errors" :  ...
13: 9001 voies traitées
voie : bulk pour les ids de 123514 à 123713
bulk : {
  "took" : 10,
  "errors" :  ...
13: 9201 voies traitées
voie : bulk pour les ids de 123714 à 123913
bulk : {
  "took" : 11,
  "errors" :  ...
13: 9401 voies traitées
voie : bulk pour les ids de 123914 à 124113
bulk : {
  "took" : 11,
  "errors" :  ...
13: 9601 voies traitées
voie : bulk pour les ids de 124114 à 124313
bulk : {
  "took" : 11,
  "errors" :  ...
13: 9801 voies traitées
voie : bulk pour les ids de 124314 à 124513
bulk : {
  "took" : 38,
  "errors" :  ...
13: 10001 voies traitées
voie : bulk pour les ids de 124514 à 124713
bulk : {
  "took" : 20,
  "errors" :  ...
13: 10201 voies traitées
voie : bulk pour les ids de 124714 à 124913
bulk : {
  "took" : 12,
  "errors" :  ...
13: 10401 voies traitées
voie : bulk pour les ids de 124914 à 125113
bulk : {
  "took" : 11,
  "errors" :  ...
13: 10601 voies traitées
voie : bulk pour les ids de 125114 à 125313
bulk : {
  "took" : 11,
  "errors" :  ...
13: 10801 voies traitées
voie : bulk pour les ids de 125314 à 125513
bulk : {
  "took" : 11,
  "errors" :  ...
13: 11001 voies traitées
voie : bulk pour les ids de 125514 à 125713
bulk : {
  "took" : 33,
  "errors" :  ...
13: 11201 voies traitées
voie : bulk pour les ids de 125714 à 125913
bulk : {
  "took" : 11,
  "errors" :  ...
13: 11401 voies traitées
voie : bulk pour les ids de 125914 à 126113
bulk : {
  "took" : 12,
  "errors" :  ...
13: 11601 voies traitées
voie : bulk pour les ids de 126114 à 126313
bulk : {
  "took" : 11,
  "errors" :  ...
13: 11801 voies traitées
voie : bulk pour les ids de 126314 à 126513
bulk : {
  "took" : 11,
  "errors" :  ...
13: 12001 voies traitées
voie : bulk pour les ids de 126514 à 126713
bulk : {
  "took" : 11,
  "errors" :  ...
13: 12201 voies traitées
voie : bulk pour les ids de 126714 à 126913
bulk : {
  "took" : 28,
  "errors" :  ...
13: 12401 voies traitées
voie : bulk pour les ids de 126914 à 127113
bulk : {
  "took" : 11,
  "errors" :  ...
13: 12601 voies traitées
voie : bulk pour les ids de 127114 à 127313
bulk : {
  "took" : 11,
  "errors" :  ...
13: 12801 voies traitées
voie : bulk pour les ids de 127314 à 127513
bulk : {
  "took" : 11,
  "errors" :  ...
13: 13001 voies traitées
voie : bulk pour les ids de 127514 à 127713
bulk : {
  "took" : 12,
  "errors" :  ...
13: 13201 voies traitées
voie : bulk pour les ids de 127714 à 127913
bulk : {
  "took" : 12,
  "errors" :  ...
13: 13401 voies traitées
voie : bulk pour les ids de 127914 à 128113
bulk : {
  "took" : 11,
  "errors" :  ...
13: 13601 voies traitées
voie : bulk pour les ids de 128114 à 128313
bulk : {
  "took" : 15,
  "errors" :  ...
13: 13801 voies traitées
voie : bulk pour les ids de 128314 à 128513
bulk : {
  "took" : 22,
  "errors" :  ...
13: 14001 voies traitées
voie : bulk pour les ids de 128514 à 128713
bulk : {
  "took" : 34,
  "errors" :  ...
13: 14201 voies traitées
voie : bulk pour les ids de 128714 à 128913
bulk : {
  "took" : 12,
  "errors" :  ...
13: 14401 voies traitées
voie : bulk pour les ids de 128914 à 129113
bulk : {
  "took" : 14,
  "errors" :  ...
13: 14601 voies traitées
voie : bulk pour les ids de 129114 à 129313
bulk : {
  "took" : 12,
  "errors" :  ...
13: 14801 voies traitées
voie : bulk pour les ids de 129314 à 129513
bulk : {
  "took" : 12,
  "errors" :  ...
13: 15001 voies traitées
voie : bulk pour les ids de 129514 à 129713
bulk : {
  "took" : 12,
  "errors" :  ...
13: 15201 voies traitées
voie : bulk pour les ids de 129714 à 129913
bulk : {
  "took" : 11,
  "errors" :  ...
13: 15401 voies traitées
voie : bulk pour les ids de 129914 à 130113
bulk : {
  "took" : 12,
  "errors" :  ...
13: 15601 voies traitées
voie : bulk pour les ids de 130114 à 130313
bulk : {
  "took" : 11,
  "errors" :  ...
13: 15801 voies traitées
voie : bulk pour les ids de 130314 à 130513
bulk : {
  "took" : 12,
  "errors" :  ...
13: 16001 voies traitées
voie : bulk pour les ids de 130514 à 130713
bulk : {
  "took" : 12,
  "errors" :  ...
13: 16201 voies traitées
voie : bulk pour les ids de 130714 à 130913
bulk : {
  "took" : 12,
  "errors" :  ...
13: 16401 voies traitées
voie : bulk pour les ids de 130914 à 131113
bulk : {
  "took" : 12,
  "errors" :  ...
13: 16601 voies traitées
voie : bulk pour les ids de 131114 à 131313
bulk : {
  "took" : 38,
  "errors" :  ...
13: 16801 voies traitées
voie : bulk pour les ids de 131314 à 131513
bulk : {
  "took" : 11,
  "errors" :  ...
13: 17001 voies traitées
voie : bulk pour les ids de 131514 à 131713
bulk : {
  "took" : 12,
  "errors" :  ...
13: 17201 voies traitées
voie : bulk pour les ids de 131714 à 131913
bulk : {
  "took" : 11,
  "errors" :  ...
13: 17401 voies traitées
voie : bulk pour les ids de 131914 à 132113
bulk : {
  "took" : 21,
  "errors" :  ...
13: 17601 voies traitées
voie : bulk pour les ids de 132114 à 132313
bulk : {
  "took" : 15,
  "errors" :  ...
13: 17801 voies traitées
voie : bulk pour les ids de 132314 à 132513
bulk : {
  "took" : 12,
  "errors" :  ...
13: 18001 voies traitées
voie : bulk pour les ids de 132514 à 132713
bulk : {
  "took" : 11,
  "errors" :  ...
13: 18201 voies traitées
voie : bulk pour les ids de 132714 à 132913
bulk : {
  "took" : 12,
  "errors" :  ...
13: 18401 voies traitées
voie : bulk pour les ids de 132914 à 133113
bulk : {
  "took" : 39,
  "errors" :  ...
13: 18601 voies traitées
voie : bulk pour les ids de 133114 à 133313
bulk : {
  "took" : 11,
  "errors" :  ...
13: 18801 voies traitées
voie : bulk pour les ids de 133314 à 133513
bulk : {
  "took" : 11,
  "errors" :  ...
13: 19001 voies traitées
voie : bulk pour les ids de 133514 à 133713
bulk : {
  "took" : 12,
  "errors" :  ...
13: 19201 voies traitées
voie : bulk pour les ids de 133714 à 133913
bulk : {
  "took" : 11,
  "errors" :  ...
13: 19401 voies traitées
voie : bulk pour les ids de 133914 à 134113
bulk : {
  "took" : 12,
  "errors" :  ...
13: 19601 voies traitées
voie : bulk pour les ids de 134114 à 134313
bulk : {
  "took" : 38,
  "errors" :  ...
13: 19801 voies traitées
voie : bulk pour les ids de 134314 à 134513
bulk : {
  "took" : 11,
  "errors" :  ...
13: 20001 voies traitées
voie : bulk pour les ids de 134514 à 134713
bulk : {
  "took" : 11,
  "errors" :  ...
13: 20201 voies traitées
voie : bulk pour les ids de 134714 à 134768
bulk : {
  "took" : 3,
  "errors" : f ...
dpt 13 : adresses
13: 1 adresses traitées
13: 1001 adresses traitées
adresse : bulk pour les ids de 1406586 à 1407585
bulk : {
  "took" : 94,
  "errors" :  ...
13: 2001 adresses traitées
adresse : bulk pour les ids de 1407586 à 1408585
bulk : {
  "took" : 84,
  "errors" :  ...
13: 3001 adresses traitées
adresse : bulk pour les ids de 1408586 à 1409585
bulk : {
  "took" : 89,
  "errors" :  ...
13: 4001 adresses traitées
adresse : bulk pour les ids de 1409586 à 1410585
bulk : {
  "took" : 68,
  "errors" :  ...
13: 5001 adresses traitées
13: 6001 adresses traitées
adresse : bulk pour les ids de 1410586 à 1411585
bulk : {
  "took" : 87,
  "errors" :  ...
13: 7001 adresses traitées
adresse : bulk pour les ids de 1411586 à 1412585
bulk : {
  "took" : 82,
  "errors" :  ...
13: 8001 adresses traitées
adresse : bulk pour les ids de 1412586 à 1413585
bulk : {
  "took" : 99,
  "errors" :  ...
13: 9001 adresses traitées
adresse : bulk pour les ids de 1413586 à 1414585
bulk : {
  "took" : 97,
  "errors" :  ...
13: 10001 adresses traitées
adresse : bulk pour les ids de 1414586 à 1415585
bulk : {
  "took" : 77,
  "errors" :  ...
13: 11001 adresses traitées
13: 12001 adresses traitées
adresse : bulk pour les ids de 1415586 à 1416585
bulk : {
  "took" : 75,
  "errors" :  ...
13: 13001 adresses traitées
adresse : bulk pour les ids de 1416586 à 1417585
bulk : {
  "took" : 99,
  "errors" :  ...
13: 14001 adresses traitées
adresse : bulk pour les ids de 1417586 à 1418585
bulk : {
  "took" : 74,
  "errors" :  ...
13: 15001 adresses traitées
13: 16001 adresses traitées
adresse : bulk pour les ids de 1418586 à 1419585
bulk : {
  "took" : 70,
  "errors" :  ...
13: 17001 adresses traitées
adresse : bulk pour les ids de 1419586 à 1420585
bulk : {
  "took" : 88,
  "errors" :  ...
13: 18001 adresses traitées
13: 19001 adresses traitées
adresse : bulk pour les ids de 1420586 à 1421585
bulk : {
  "took" : 67,
  "errors" :  ...
13: 20001 adresses traitées
adresse : bulk pour les ids de 1421586 à 1422585
bulk : {
  "took" : 100,
  "errors" : ...
13: 21001 adresses traitées
adresse : bulk pour les ids de 1422586 à 1423585
bulk : {
  "took" : 68,
  "errors" :  ...
13: 22001 adresses traitées
adresse : bulk pour les ids de 1423586 à 1424585
bulk : {
  "took" : 89,
  "errors" :  ...
13: 23001 adresses traitées
13: 24001 adresses traitées
adresse : bulk pour les ids de 1424586 à 1425585
bulk : {
  "took" : 91,
  "errors" :  ...
13: 25001 adresses traitées
adresse : bulk pour les ids de 1425586 à 1426585
bulk : {
  "took" : 70,
  "errors" :  ...
13: 26001 adresses traitées
adresse : bulk pour les ids de 1426586 à 1427585
bulk : {
  "took" : 92,
  "errors" :  ...
13: 27001 adresses traitées
adresse : bulk pour les ids de 1427586 à 1428585
bulk : {
  "took" : 74,
  "errors" :  ...
13: 28001 adresses traitées
adresse : bulk pour les ids de 1428586 à 1429585
bulk : {
  "took" : 108,
  "errors" : ...
13: 29001 adresses traitées
13: 30001 adresses traitées
adresse : bulk pour les ids de 1429586 à 1430585
bulk : {
  "took" : 98,
  "errors" :  ...
13: 31001 adresses traitées
13: 32001 adresses traitées
adresse : bulk pour les ids de 1430586 à 1431585
bulk : {
  "took" : 83,
  "errors" :  ...
13: 33001 adresses traitées
adresse : bulk pour les ids de 1431586 à 1432585
bulk : {
  "took" : 111,
  "errors" : ...
13: 34001 adresses traitées
adresse : bulk pour les ids de 1432586 à 1433585
bulk : {
  "took" : 102,
  "errors" : ...
13: 35001 adresses traitées
adresse : bulk pour les ids de 1433586 à 1434585
bulk : {
  "took" : 64,
  "errors" :  ...
13: 36001 adresses traitées
13: 37001 adresses traitées
adresse : bulk pour les ids de 1434586 à 1435585
bulk : {
  "took" : 95,
  "errors" :  ...
13: 38001 adresses traitées
adresse : bulk pour les ids de 1435586 à 1436585
bulk : {
  "took" : 72,
  "errors" :  ...
13: 39001 adresses traitées
adresse : bulk pour les ids de 1436586 à 1437585
bulk : {
  "took" : 88,
  "errors" :  ...
13: 40001 adresses traitées
adresse : bulk pour les ids de 1437586 à 1438585
bulk : {
  "took" : 96,
  "errors" :  ...
13: 41001 adresses traitées
13: 42001 adresses traitées
adresse : bulk pour les ids de 1438586 à 1439585
bulk : {
  "took" : 77,
  "errors" :  ...
13: 43001 adresses traitées
adresse : bulk pour les ids de 1439586 à 1440585
bulk : {
  "took" : 86,
  "errors" :  ...
13: 44001 adresses traitées
13: 45001 adresses traitées
adresse : bulk pour les ids de 1440586 à 1441585
bulk : {
  "took" : 81,
  "errors" :  ...
13: 46001 adresses traitées
adresse : bulk pour les ids de 1441586 à 1442585
bulk : {
  "took" : 93,
  "errors" :  ...
13: 47001 adresses traitées
13: 48001 adresses traitées
adresse : bulk pour les ids de 1442586 à 1443585
bulk : {
  "took" : 78,
  "errors" :  ...
13: 49001 adresses traitées
adresse : bulk pour les ids de 1443586 à 1444585
bulk : {
  "took" : 85,
  "errors" :  ...
13: 50001 adresses traitées
adresse : bulk pour les ids de 1444586 à 1445585
bulk : {
  "took" : 82,
  "errors" :  ...
13: 51001 adresses traitées
adresse : bulk pour les ids de 1445586 à 1446585
bulk : {
  "took" : 64,
  "errors" :  ...
13: 52001 adresses traitées
adresse : bulk pour les ids de 1446586 à 1447585
bulk : {
  "took" : 98,
  "errors" :  ...
13: 53001 adresses traitées
adresse : bulk pour les ids de 1447586 à 1448585
bulk : {
  "took" : 63,
  "errors" :  ...
13: 54001 adresses traitées
adresse : bulk pour les ids de 1448586 à 1449585
bulk : {
  "took" : 98,
  "errors" :  ...
13: 55001 adresses traitées
adresse : bulk pour les ids de 1449586 à 1450585
bulk : {
  "took" : 94,
  "errors" :  ...
13: 56001 adresses traitées
adresse : bulk pour les ids de 1450586 à 1451585
bulk : {
  "took" : 66,
  "errors" :  ...
13: 57001 adresses traitées
adresse : bulk pour les ids de 1451586 à 1452585
bulk : {
  "took" : 62,
  "errors" :  ...
13: 58001 adresses traitées
adresse : bulk pour les ids de 1452586 à 1453585
bulk : {
  "took" : 93,
  "errors" :  ...
13: 59001 adresses traitées
adresse : bulk pour les ids de 1453586 à 1454585
bulk : {
  "took" : 62,
  "errors" :  ...
13: 60001 adresses traitées
13: 61001 adresses traitées
adresse : bulk pour les ids de 1454586 à 1455585
bulk : {
  "took" : 97,
  "errors" :  ...
13: 62001 adresses traitées
adresse : bulk pour les ids de 1455586 à 1456585
bulk : {
  "took" : 65,
  "errors" :  ...
13: 63001 adresses traitées
adresse : bulk pour les ids de 1456586 à 1457585
bulk : {
  "took" : 99,
  "errors" :  ...
13: 64001 adresses traitées
adresse : bulk pour les ids de 1457586 à 1458585
bulk : {
  "took" : 83,
  "errors" :  ...
13: 65001 adresses traitées
adresse : bulk pour les ids de 1458586 à 1459585
bulk : {
  "took" : 79,
  "errors" :  ...
13: 66001 adresses traitées
adresse : bulk pour les ids de 1459586 à 1460585
bulk : {
  "took" : 85,
  "errors" :  ...
13: 67001 adresses traitées
adresse : bulk pour les ids de 1460586 à 1461585
bulk : {
  "took" : 79,
  "errors" :  ...
13: 68001 adresses traitées
13: 69001 adresses traitées
adresse : bulk pour les ids de 1461586 à 1462585
bulk : {
  "took" : 94,
  "errors" :  ...
13: 70001 adresses traitées
adresse : bulk pour les ids de 1462586 à 1463585
bulk : {
  "took" : 65,
  "errors" :  ...
13: 71001 adresses traitées
adresse : bulk pour les ids de 1463586 à 1464585
bulk : {
  "took" : 91,
  "errors" :  ...
13: 72001 adresses traitées
adresse : bulk pour les ids de 1464586 à 1465585
bulk : {
  "took" : 85,
  "errors" :  ...
13: 73001 adresses traitées
13: 74001 adresses traitées
adresse : bulk pour les ids de 1465586 à 1466585
bulk : {
  "took" : 93,
  "errors" :  ...
13: 75001 adresses traitées
adresse : bulk pour les ids de 1466586 à 1467585
bulk : {
  "took" : 91,
  "errors" :  ...
13: 76001 adresses traitées
adresse : bulk pour les ids de 1467586 à 1468585
bulk : {
  "took" : 74,
  "errors" :  ...
13: 77001 adresses traitées
adresse : bulk pour les ids de 1468586 à 1469585
bulk : {
  "took" : 86,
  "errors" :  ...
13: 78001 adresses traitées
adresse : bulk pour les ids de 1469586 à 1470585
bulk : {
  "took" : 91,
  "errors" :  ...
13: 79001 adresses traitées
adresse : bulk pour les ids de 1470586 à 1471585
bulk : {
  "took" : 66,
  "errors" :  ...
13: 80001 adresses traitées
adresse : bulk pour les ids de 1471586 à 1472585
bulk : {
  "took" : 95,
  "errors" :  ...
13: 81001 adresses traitées
13: 82001 adresses traitées
adresse : bulk pour les ids de 1472586 à 1473585
bulk : {
  "took" : 66,
  "errors" :  ...
13: 83001 adresses traitées
adresse : bulk pour les ids de 1473586 à 1474585
bulk : {
  "took" : 103,
  "errors" : ...
13: 84001 adresses traitées
adresse : bulk pour les ids de 1474586 à 1475585
bulk : {
  "took" : 65,
  "errors" :  ...
13: 85001 adresses traitées
adresse : bulk pour les ids de 1475586 à 1476585
bulk : {
  "took" : 103,
  "errors" : ...
13: 86001 adresses traitées
adresse : bulk pour les ids de 1476586 à 1477585
bulk : {
  "took" : 65,
  "errors" :  ...
13: 87001 adresses traitées
adresse : bulk pour les ids de 1477586 à 1478585
bulk : {
  "took" : 74,
  "errors" :  ...
13: 88001 adresses traitées
adresse : bulk pour les ids de 1478586 à 1479585
bulk : {
  "took" : 90,
  "errors" :  ...
13: 89001 adresses traitées
13: 90001 adresses traitées
adresse : bulk pour les ids de 1479586 à 1480585
bulk : {
  "took" : 71,
  "errors" :  ...
13: 91001 adresses traitées
adresse : bulk pour les ids de 1480586 à 1481585
bulk : {
  "took" : 88,
  "errors" :  ...
13: 92001 adresses traitées
adresse : bulk pour les ids de 1481586 à 1482585
bulk : {
  "took" : 80,
  "errors" :  ...
13: 93001 adresses traitées
adresse : bulk pour les ids de 1482586 à 1483585
bulk : {
  "took" : 68,
  "errors" :  ...
13: 94001 adresses traitées
adresse : bulk pour les ids de 1483586 à 1484585
bulk : {
  "took" : 102,
  "errors" : ...
13: 95001 adresses traitées
adresse : bulk pour les ids de 1484586 à 1485585
bulk : {
  "took" : 85,
  "errors" :  ...
13: 96001 adresses traitées
13: 97001 adresses traitées
adresse : bulk pour les ids de 1485586 à 1486585
bulk : {
  "took" : 100,
  "errors" : ...
13: 98001 adresses traitées
adresse : bulk pour les ids de 1486586 à 1487585
bulk : {
  "took" : 63,
  "errors" :  ...
13: 99001 adresses traitées
adresse : bulk pour les ids de 1487586 à 1488585
bulk : {
  "took" : 101,
  "errors" : ...
13: 100001 adresses traitées
adresse : bulk pour les ids de 1488586 à 1489585
bulk : {
  "took" : 64,
  "errors" :  ...
13: 101001 adresses traitées
13: 102001 adresses traitées
adresse : bulk pour les ids de 1489586 à 1490585
bulk : {
  "took" : 105,
  "errors" : ...
13: 103001 adresses traitées
adresse : bulk pour les ids de 1490586 à 1491585
bulk : {
  "took" : 83,
  "errors" :  ...
13: 104001 adresses traitées
adresse : bulk pour les ids de 1491586 à 1492585
bulk : {
  "took" : 77,
  "errors" :  ...
13: 105001 adresses traitées
adresse : bulk pour les ids de 1492586 à 1493585
bulk : {
  "took" : 87,
  "errors" :  ...
13: 106001 adresses traitées
adresse : bulk pour les ids de 1493586 à 1494585
bulk : {
  "took" : 80,
  "errors" :  ...
13: 107001 adresses traitées
adresse : bulk pour les ids de 1494586 à 1495585
bulk : {
  "took" : 83,
  "errors" :  ...
13: 108001 adresses traitées
adresse : bulk pour les ids de 1495586 à 1496585
bulk : {
  "took" : 79,
  "errors" :  ...
13: 109001 adresses traitées
13: 110001 adresses traitées
adresse : bulk pour les ids de 1496586 à 1497585
bulk : {
  "took" : 83,
  "errors" :  ...
13: 111001 adresses traitées
adresse : bulk pour les ids de 1497586 à 1498585
bulk : {
  "took" : 98,
  "errors" :  ...
13: 112001 adresses traitées
adresse : bulk pour les ids de 1498586 à 1499585
bulk : {
  "took" : 64,
  "errors" :  ...
13: 113001 adresses traitées
adresse : bulk pour les ids de 1499586 à 1500585
bulk : {
  "took" : 103,
  "errors" : ...
13: 114001 adresses traitées
adresse : bulk pour les ids de 1500586 à 1501585
bulk : {
  "took" : 63,
  "errors" :  ...
13: 115001 adresses traitées
adresse : bulk pour les ids de 1501586 à 1502585
bulk : {
  "took" : 80,
  "errors" :  ...
13: 116001 adresses traitées
adresse : bulk pour les ids de 1502586 à 1503585
bulk : {
  "took" : 89,
  "errors" :  ...
13: 117001 adresses traitées
13: 118001 adresses traitées
adresse : bulk pour les ids de 1503586 à 1504585
bulk : {
  "took" : 103,
  "errors" : ...
13: 119001 adresses traitées
adresse : bulk pour les ids de 1504586 à 1505585
bulk : {
  "took" : 83,
  "errors" :  ...
13: 120001 adresses traitées
adresse : bulk pour les ids de 1505586 à 1506585
bulk : {
  "took" : 81,
  "errors" :  ...
13: 121001 adresses traitées
adresse : bulk pour les ids de 1506586 à 1507585
bulk : {
  "took" : 87,
  "errors" :  ...
13: 122001 adresses traitées
13: 123001 adresses traitées
adresse : bulk pour les ids de 1507586 à 1508585
bulk : {
  "took" : 82,
  "errors" :  ...
13: 124001 adresses traitées
adresse : bulk pour les ids de 1508586 à 1509585
bulk : {
  "took" : 93,
  "errors" :  ...
13: 125001 adresses traitées
adresse : bulk pour les ids de 1509586 à 1510585
bulk : {
  "took" : 80,
  "errors" :  ...
13: 126001 adresses traitées
adresse : bulk pour les ids de 1510586 à 1511585
bulk : {
  "took" : 64,
  "errors" :  ...
13: 127001 adresses traitées
adresse : bulk pour les ids de 1511586 à 1512585
bulk : {
  "took" : 109,
  "errors" : ...
13: 128001 adresses traitées
13: 129001 adresses traitées
adresse : bulk pour les ids de 1512586 à 1513585
bulk : {
  "took" : 64,
  "errors" :  ...
13: 130001 adresses traitées
adresse : bulk pour les ids de 1513586 à 1514585
bulk : {
  "took" : 111,
  "errors" : ...
13: 131001 adresses traitées
adresse : bulk pour les ids de 1514586 à 1515585
bulk : {
  "took" : 65,
  "errors" :  ...
13: 132001 adresses traitées
adresse : bulk pour les ids de 1515586 à 1516585
bulk : {
  "took" : 111,
  "errors" : ...
13: 133001 adresses traitées
adresse : bulk pour les ids de 1516586 à 1517585
bulk : {
  "took" : 64,
  "errors" :  ...
13: 134001 adresses traitées
adresse : bulk pour les ids de 1517586 à 1518585
bulk : {
  "took" : 111,
  "errors" : ...
13: 135001 adresses traitées
adresse : bulk pour les ids de 1518586 à 1519585
bulk : {
  "took" : 94,
  "errors" :  ...
13: 136001 adresses traitées
adresse : bulk pour les ids de 1519586 à 1520585
bulk : {
  "took" : 86,
  "errors" :  ...
13: 137001 adresses traitées
13: 138001 adresses traitées
adresse : bulk pour les ids de 1520586 à 1521585
bulk : {
  "took" : 64,
  "errors" :  ...
13: 139001 adresses traitées
adresse : bulk pour les ids de 1521586 à 1522585
bulk : {
  "took" : 107,
  "errors" : ...
13: 140001 adresses traitées
adresse : bulk pour les ids de 1522586 à 1523585
bulk : {
  "took" : 66,
  "errors" :  ...
13: 141001 adresses traitées
adresse : bulk pour les ids de 1523586 à 1524585
bulk : {
  "took" : 109,
  "errors" : ...
13: 142001 adresses traitées
adresse : bulk pour les ids de 1524586 à 1525585
bulk : {
  "took" : 87,
  "errors" :  ...
13: 143001 adresses traitées
adresse : bulk pour les ids de 1525586 à 1526585
bulk : {
  "took" : 80,
  "errors" :  ...
13: 144001 adresses traitées
13: 145001 adresses traitées
adresse : bulk pour les ids de 1526586 à 1527585
bulk : {
  "took" : 89,
  "errors" :  ...
13: 146001 adresses traitées
adresse : bulk pour les ids de 1527586 à 1528585
bulk : {
  "took" : 79,
  "errors" :  ...
13: 147001 adresses traitées
adresse : bulk pour les ids de 1528586 à 1529585
bulk : {
  "took" : 63,
  "errors" :  ...
13: 148001 adresses traitées
adresse : bulk pour les ids de 1529586 à 1530585
bulk : {
  "took" : 97,
  "errors" :  ...
13: 149001 adresses traitées
adresse : bulk pour les ids de 1530586 à 1531585
bulk : {
  "took" : 63,
  "errors" :  ...
13: 150001 adresses traitées
adresse : bulk pour les ids de 1531586 à 1532585
bulk : {
  "took" : 100,
  "errors" : ...
13: 151001 adresses traitées
13: 152001 adresses traitées
adresse : bulk pour les ids de 1532586 à 1533585
bulk : {
  "took" : 64,
  "errors" :  ...
13: 153001 adresses traitées
adresse : bulk pour les ids de 1533586 à 1534585
bulk : {
  "took" : 98,
  "errors" :  ...
13: 154001 adresses traitées
adresse : bulk pour les ids de 1534586 à 1535585
bulk : {
  "took" : 62,
  "errors" :  ...
13: 155001 adresses traitées
adresse : bulk pour les ids de 1535586 à 1536585
bulk : {
  "took" : 102,
  "errors" : ...
13: 156001 adresses traitées
adresse : bulk pour les ids de 1536586 à 1537585
bulk : {
  "took" : 82,
  "errors" :  ...
13: 157001 adresses traitées
adresse : bulk pour les ids de 1537586 à 1538585
bulk : {
  "took" : 78,
  "errors" :  ...
13: 158001 adresses traitées
adresse : bulk pour les ids de 1538586 à 1539585
bulk : {
  "took" : 64,
  "errors" :  ...
13: 159001 adresses traitées
13: 160001 adresses traitées
adresse : bulk pour les ids de 1539586 à 1540585
bulk : {
  "took" : 91,
  "errors" :  ...
13: 161001 adresses traitées
adresse : bulk pour les ids de 1540586 à 1541585
bulk : {
  "took" : 92,
  "errors" :  ...
13: 162001 adresses traitées
adresse : bulk pour les ids de 1541586 à 1542585
bulk : {
  "took" : 65,
  "errors" :  ...
13: 163001 adresses traitées
adresse : bulk pour les ids de 1542586 à 1543585
bulk : {
  "took" : 80,
  "errors" :  ...
13: 164001 adresses traitées
adresse : bulk pour les ids de 1543586 à 1544585
bulk : {
  "took" : 87,
  "errors" :  ...
13: 165001 adresses traitées
adresse : bulk pour les ids de 1544586 à 1545585
bulk : {
  "took" : 73,
  "errors" :  ...
13: 166001 adresses traitées
13: 167001 adresses traitées
adresse : bulk pour les ids de 1545586 à 1546585
bulk : {
  "took" : 87,
  "errors" :  ...
13: 168001 adresses traitées
adresse : bulk pour les ids de 1546586 à 1547585
bulk : {
  "took" : 76,
  "errors" :  ...
13: 169001 adresses traitées
adresse : bulk pour les ids de 1547586 à 1548585
bulk : {
  "took" : 93,
  "errors" :  ...
13: 170001 adresses traitées
13: 171001 adresses traitées
adresse : bulk pour les ids de 1548586 à 1549585
bulk : {
  "took" : 72,
  "errors" :  ...
13: 172001 adresses traitées
adresse : bulk pour les ids de 1549586 à 1550585
bulk : {
  "took" : 69,
  "errors" :  ...
13: 173001 adresses traitées
adresse : bulk pour les ids de 1550586 à 1551585
bulk : {
  "took" : 101,
  "errors" : ...
13: 174001 adresses traitées
13: 175001 adresses traitées
adresse : bulk pour les ids de 1551586 à 1552585
bulk : {
  "took" : 63,
  "errors" :  ...
13: 176001 adresses traitées
adresse : bulk pour les ids de 1552586 à 1553585
bulk : {
  "took" : 101,
  "errors" : ...
13: 177001 adresses traitées
adresse : bulk pour les ids de 1553586 à 1554585
bulk : {
  "took" : 62,
  "errors" :  ...
13: 178001 adresses traitées
adresse : bulk pour les ids de 1554586 à 1555585
bulk : {
  "took" : 103,
  "errors" : ...
13: 179001 adresses traitées
adresse : bulk pour les ids de 1555586 à 1556585
bulk : {
  "took" : 100,
  "errors" : ...
13: 180001 adresses traitées
13: 181001 adresses traitées
adresse : bulk pour les ids de 1556586 à 1557585
bulk : {
  "took" : 78,
  "errors" :  ...
13: 182001 adresses traitées
adresse : bulk pour les ids de 1557586 à 1558585
bulk : {
  "took" : 65,
  "errors" :  ...
13: 183001 adresses traitées
adresse : bulk pour les ids de 1558586 à 1559585
bulk : {
  "took" : 99,
  "errors" :  ...
13: 184001 adresses traitées
adresse : bulk pour les ids de 1559586 à 1560585
bulk : {
  "took" : 84,
  "errors" :  ...
13: 185001 adresses traitées
adresse : bulk pour les ids de 1560586 à 1561585
bulk : {
  "took" : 79,
  "errors" :  ...
13: 186001 adresses traitées
13: 187001 adresses traitées
adresse : bulk pour les ids de 1561586 à 1562585
bulk : {
  "took" : 86,
  "errors" :  ...
13: 188001 adresses traitées
adresse : bulk pour les ids de 1562586 à 1563585
bulk : {
  "took" : 99,
  "errors" :  ...
13: 189001 adresses traitées
adresse : bulk pour les ids de 1563586 à 1564585
bulk : {
  "took" : 63,
  "errors" :  ...
13: 190001 adresses traitées
adresse : bulk pour les ids de 1564586 à 1565585
bulk : {
  "took" : 100,
  "errors" : ...
13: 191001 adresses traitées
adresse : bulk pour les ids de 1565586 à 1566585
bulk : {
  "took" : 64,
  "errors" :  ...
13: 192001 adresses traitées
13: 193001 adresses traitées
adresse : bulk pour les ids de 1566586 à 1567585
bulk : {
  "took" : 100,
  "errors" : ...
13: 194001 adresses traitées
adresse : bulk pour les ids de 1567586 à 1568585
bulk : {
  "took" : 64,
  "errors" :  ...
13: 195001 adresses traitées
adresse : bulk pour les ids de 1568586 à 1569585
bulk : {
  "took" : 98,
  "errors" :  ...
13: 196001 adresses traitées
adresse : bulk pour les ids de 1569586 à 1570585
bulk : {
  "took" : 65,
  "errors" :  ...
13: 197001 adresses traitées
adresse : bulk pour les ids de 1570586 à 1571585
bulk : {
  "took" : 99,
  "errors" :  ...
13: 198001 adresses traitées
13: 199001 adresses traitées
adresse : bulk pour les ids de 1571586 à 1572585
bulk : {
  "took" : 89,
  "errors" :  ...
13: 200001 adresses traitées
adresse : bulk pour les ids de 1572586 à 1573585
bulk : {
  "took" : 80,
  "errors" :  ...
13: 201001 adresses traitées
adresse : bulk pour les ids de 1573586 à 1574585
bulk : {
  "took" : 74,
  "errors" :  ...
13: 202001 adresses traitées
adresse : bulk pour les ids de 1574586 à 1575585
bulk : {
  "took" : 112,
  "errors" : ...
13: 203001 adresses traitées
13: 204001 adresses traitées
adresse : bulk pour les ids de 1575586 à 1576585
bulk : {
  "took" : 86,
  "errors" :  ...
13: 205001 adresses traitées
adresse : bulk pour les ids de 1576586 à 1577585
bulk : {
  "took" : 117,
  "errors" : ...
13: 206001 adresses traitées
adresse : bulk pour les ids de 1577586 à 1578585
bulk : {
  "took" : 65,
  "errors" :  ...
13: 207001 adresses traitées
adresse : bulk pour les ids de 1578586 à 1579585
bulk : {
  "took" : 81,
  "errors" :  ...
13: 208001 adresses traitées
13: 209001 adresses traitées
adresse : bulk pour les ids de 1579586 à 1580585
bulk : {
  "took" : 94,
  "errors" :  ...
13: 210001 adresses traitées
adresse : bulk pour les ids de 1580586 à 1581585
bulk : {
  "took" : 75,
  "errors" :  ...
13: 211001 adresses traitées
adresse : bulk pour les ids de 1581586 à 1582585
bulk : {
  "took" : 85,
  "errors" :  ...
13: 212001 adresses traitées
adresse : bulk pour les ids de 1582586 à 1583585
bulk : {
  "took" : 73,
  "errors" :  ...
13: 213001 adresses traitées
adresse : bulk pour les ids de 1583586 à 1584585
bulk : {
  "took" : 87,
  "errors" :  ...
13: 214001 adresses traitées
adresse : bulk pour les ids de 1584586 à 1585585
bulk : {
  "took" : 74,
  "errors" :  ...
13: 215001 adresses traitées
adresse : bulk pour les ids de 1585586 à 1586585
bulk : {
  "took" : 63,
  "errors" :  ...
13: 216001 adresses traitées
13: 217001 adresses traitées
adresse : bulk pour les ids de 1586586 à 1587585
bulk : {
  "took" : 96,
  "errors" :  ...
13: 218001 adresses traitées
adresse : bulk pour les ids de 1587586 à 1588585
bulk : {
  "took" : 65,
  "errors" :  ...
13: 219001 adresses traitées
adresse : bulk pour les ids de 1588586 à 1589585
bulk : {
  "took" : 93,
  "errors" :  ...
13: 220001 adresses traitées
adresse : bulk pour les ids de 1589586 à 1590585
bulk : {
  "took" : 64,
  "errors" :  ...
13: 221001 adresses traitées
adresse : bulk pour les ids de 1590586 à 1591585
bulk : {
  "took" : 99,
  "errors" :  ...
13: 222001 adresses traitées
adresse : bulk pour les ids de 1591586 à 1592585
bulk : {
  "took" : 84,
  "errors" :  ...
13: 223001 adresses traitées
13: 224001 adresses traitées
adresse : bulk pour les ids de 1592586 à 1593585
bulk : {
  "took" : 94,
  "errors" :  ...
13: 225001 adresses traitées
adresse : bulk pour les ids de 1593586 à 1594585
bulk : {
  "took" : 85,
  "errors" :  ...
13: 226001 adresses traitées
adresse : bulk pour les ids de 1594586 à 1595585
bulk : {
  "took" : 72,
  "errors" :  ...
13: 227001 adresses traitées
adresse : bulk pour les ids de 1595586 à 1596585
bulk : {
  "took" : 73,
  "errors" :  ...
13: 228001 adresses traitées
adresse : bulk pour les ids de 1596586 à 1597585
bulk : {
  "took" : 97,
  "errors" :  ...
13: 229001 adresses traitées
13: 230001 adresses traitées
adresse : bulk pour les ids de 1597586 à 1598585
bulk : {
  "took" : 66,
  "errors" :  ...
13: 231001 adresses traitées
adresse : bulk pour les ids de 1598586 à 1599585
bulk : {
  "took" : 103,
  "errors" : ...
13: 232001 adresses traitées
adresse : bulk pour les ids de 1599586 à 1600585
bulk : {
  "took" : 65,
  "errors" :  ...
13: 233001 adresses traitées
13: 234001 adresses traitées
adresse : bulk pour les ids de 1600586 à 1601585
bulk : {
  "took" : 96,
  "errors" :  ...
13: 235001 adresses traitées
adresse : bulk pour les ids de 1601586 à 1602585
bulk : {
  "took" : 85,
  "errors" :  ...
13: 236001 adresses traitées
adresse : bulk pour les ids de 1602586 à 1603585
bulk : {
  "took" : 79,
  "errors" :  ...
13: 237001 adresses traitées
adresse : bulk pour les ids de 1603586 à 1604585
bulk : {
  "took" : 91,
  "errors" :  ...
13: 238001 adresses traitées
13: 239001 adresses traitées
adresse : bulk pour les ids de 1604586 à 1605585
bulk : {
  "took" : 75,
  "errors" :  ...
13: 240001 adresses traitées
adresse : bulk pour les ids de 1605586 à 1606585
bulk : {
  "took" : 84,
  "errors" :  ...
13: 241001 adresses traitées
adresse : bulk pour les ids de 1606586 à 1607585
bulk : {
  "took" : 74,
  "errors" :  ...
13: 242001 adresses traitées
adresse : bulk pour les ids de 1607586 à 1608585
bulk : {
  "took" : 85,
  "errors" :  ...
13: 243001 adresses traitées
13: 244001 adresses traitées
adresse : bulk pour les ids de 1608586 à 1609585
bulk : {
  "took" : 72,
  "errors" :  ...
13: 245001 adresses traitées
adresse : bulk pour les ids de 1609586 à 1610585
bulk : {
  "took" : 83,
  "errors" :  ...
13: 246001 adresses traitées
adresse : bulk pour les ids de 1610586 à 1611585
bulk : {
  "took" : 96,
  "errors" :  ...
13: 247001 adresses traitées
adresse : bulk pour les ids de 1611586 à 1612585
bulk : {
  "took" : 65,
  "errors" :  ...
13: 248001 adresses traitées
13: 249001 adresses traitées
adresse : bulk pour les ids de 1612586 à 1613585
bulk : {
  "took" : 95,
  "errors" :  ...
13: 250001 adresses traitées
adresse : bulk pour les ids de 1613586 à 1614585
bulk : {
  "took" : 96,
  "errors" :  ...
13: 251001 adresses traitées
adresse : bulk pour les ids de 1614586 à 1615585
bulk : {
  "took" : 66,
  "errors" :  ...
13: 252001 adresses traitées
adresse : bulk pour les ids de 1615586 à 1616585
bulk : {
  "took" : 91,
  "errors" :  ...
13: 253001 adresses traitées
13: 254001 adresses traitées
adresse : bulk pour les ids de 1616586 à 1617585
bulk : {
  "took" : 83,
  "errors" :  ...
13: 255001 adresses traitées
adresse : bulk pour les ids de 1617586 à 1618585
bulk : {
  "took" : 73,
  "errors" :  ...
13: 256001 adresses traitées
adresse : bulk pour les ids de 1618586 à 1619585
bulk : {
  "took" : 86,
  "errors" :  ...
13: 257001 adresses traitées
adresse : bulk pour les ids de 1619586 à 1620585
bulk : {
  "took" : 81,
  "errors" :  ...
13: 258001 adresses traitées
13: 259001 adresses traitées
adresse : bulk pour les ids de 1620586 à 1621585
bulk : {
  "took" : 85,
  "errors" :  ...
13: 260001 adresses traitées
adresse : bulk pour les ids de 1621586 à 1622585
bulk : {
  "took" : 82,
  "errors" :  ...
13: 261001 adresses traitées
adresse : bulk pour les ids de 1622586 à 1623585
bulk : {
  "took" : 86,
  "errors" :  ...
13: 262001 adresses traitées
adresse : bulk pour les ids de 1623586 à 1624585
bulk : {
  "took" : 101,
  "errors" : ...
13: 263001 adresses traitées
13: 264001 adresses traitées
adresse : bulk pour les ids de 1624586 à 1625585
bulk : {
  "took" : 65,
  "errors" :  ...
13: 265001 adresses traitées
adresse : bulk pour les ids de 1625586 à 1626585
bulk : {
  "took" : 103,
  "errors" : ...
13: 266001 adresses traitées
adresse : bulk pour les ids de 1626586 à 1627585
bulk : {
  "took" : 88,
  "errors" :  ...
13: 267001 adresses traitées
adresse : bulk pour les ids de 1627586 à 1628585
bulk : {
  "took" : 81,
  "errors" :  ...
13: 268001 adresses traitées
13: 269001 adresses traitées
adresse : bulk pour les ids de 1628586 à 1629585
bulk : {
  "took" : 93,
  "errors" :  ...
13: 270001 adresses traitées
adresse : bulk pour les ids de 1629586 à 1630585
bulk : {
  "took" : 79,
  "errors" :  ...
13: 271001 adresses traitées
13: 272001 adresses traitées
adresse : bulk pour les ids de 1630586 à 1631585
bulk : {
  "took" : 87,
  "errors" :  ...
13: 273001 adresses traitées
adresse : bulk pour les ids de 1631586 à 1632585
bulk : {
  "took" : 98,
  "errors" :  ...
13: 274001 adresses traitées
13: 275001 adresses traitées
adresse : bulk pour les ids de 1632586 à 1633585
bulk : {
  "took" : 64,
  "errors" :  ...
13: 276001 adresses traitées
adresse : bulk pour les ids de 1633586 à 1634585
bulk : {
  "took" : 104,
  "errors" : ...
13: 277001 adresses traitées
13: 278001 adresses traitées
adresse : bulk pour les ids de 1634586 à 1635585
bulk : {
  "took" : 65,
  "errors" :  ...
13: 279001 adresses traitées
adresse : bulk pour les ids de 1635586 à 1636585
bulk : {
  "took" : 104,
  "errors" : ...
13: 280001 adresses traitées
adresse : bulk pour les ids de 1636586 à 1637585
bulk : {
  "took" : 66,
  "errors" :  ...
13: 281001 adresses traitées
adresse : bulk pour les ids de 1637586 à 1638585
bulk : {
  "took" : 100,
  "errors" : ...
13: 282001 adresses traitées
13: 283001 adresses traitées
adresse : bulk pour les ids de 1638586 à 1639585
bulk : {
  "took" : 64,
  "errors" :  ...
13: 284001 adresses traitées
adresse : bulk pour les ids de 1639586 à 1640585
bulk : {
  "took" : 101,
  "errors" : ...
13: 285001 adresses traitées
adresse : bulk pour les ids de 1640586 à 1641585
bulk : {
  "took" : 83,
  "errors" :  ...
13: 286001 adresses traitées
13: 287001 adresses traitées
adresse : bulk pour les ids de 1641586 à 1642585
bulk : {
  "took" : 81,
  "errors" :  ...
13: 288001 adresses traitées
adresse : bulk pour les ids de 1642586 à 1643585
bulk : {
  "took" : 85,
  "errors" :  ...
13: 289001 adresses traitées
adresse : bulk pour les ids de 1643586 à 1644585
bulk : {
  "took" : 80,
  "errors" :  ...
13: 290001 adresses traitées
adresse : bulk pour les ids de 1644586 à 1645585
bulk : {
  "took" : 65,
  "errors" :  ...
13: 291001 adresses traitées
13: 292001 adresses traitées
adresse : bulk pour les ids de 1645586 à 1646585
bulk : {
  "took" : 104,
  "errors" : ...
13: 293001 adresses traitées
adresse : bulk pour les ids de 1646586 à 1647585
bulk : {
  "took" : 93,
  "errors" :  ...
13: 294001 adresses traitées
adresse : bulk pour les ids de 1647586 à 1648585
bulk : {
  "took" : 101,
  "errors" : ...
13: 295001 adresses traitées
13: 296001 adresses traitées
adresse : bulk pour les ids de 1648586 à 1649585
bulk : {
  "took" : 65,
  "errors" :  ...
13: 297001 adresses traitées
adresse : bulk pour les ids de 1649586 à 1650585
bulk : {
  "took" : 79,
  "errors" :  ...
13: 298001 adresses traitées
13: 299001 adresses traitées
adresse : bulk pour les ids de 1650586 à 1651585
bulk : {
  "took" : 87,
  "errors" :  ...
13: 300001 adresses traitées
adresse : bulk pour les ids de 1651586 à 1652585
bulk : {
  "took" : 74,
  "errors" :  ...
13: 301001 adresses traitées
13: 302001 adresses traitées
adresse : bulk pour les ids de 1652586 à 1653585
bulk : {
  "took" : 82,
  "errors" :  ...
13: 303001 adresses traitées
adresse : bulk pour les ids de 1653586 à 1654585
bulk : {
  "took" : 98,
  "errors" :  ...
13: 304001 adresses traitées
adresse : bulk pour les ids de 1654586 à 1655585
bulk : {
  "took" : 88,
  "errors" :  ...
13: 305001 adresses traitées
13: 306001 adresses traitées
adresse : bulk pour les ids de 1655586 à 1656585
bulk : {
  "took" : 98,
  "errors" :  ...
13: 307001 adresses traitées
adresse : bulk pour les ids de 1656586 à 1657585
bulk : {
  "took" : 64,
  "errors" :  ...
13: 308001 adresses traitées
13: 309001 adresses traitées
adresse : bulk pour les ids de 1657586 à 1658585
bulk : {
  "took" : 103,
  "errors" : ...
13: 310001 adresses traitées
adresse : bulk pour les ids de 1658586 à 1659585
bulk : {
  "took" : 65,
  "errors" :  ...
13: 311001 adresses traitées
adresse : bulk pour les ids de 1659586 à 1660585
bulk : {
  "took" : 98,
  "errors" :  ...
13: 312001 adresses traitées
adresse : bulk pour les ids de 1660586 à 1661585
bulk : {
  "took" : 65,
  "errors" :  ...
13: 313001 adresses traitées
adresse : bulk pour les ids de 1661586 à 1662585
bulk : {
  "took" : 104,
  "errors" : ...
13: 314001 adresses traitées
13: 315001 adresses traitées
adresse : bulk pour les ids de 1662586 à 1663585
bulk : {
  "took" : 93,
  "errors" :  ...
13: 316001 adresses traitées
adresse : bulk pour les ids de 1663586 à 1664585
bulk : {
  "took" : 104,
  "errors" : ...
13: 317001 adresses traitées
13: 318001 adresses traitées
adresse : bulk pour les ids de 1664586 à 1665585
bulk : {
  "took" : 89,
  "errors" :  ...
13: 319001 adresses traitées
adresse : bulk pour les ids de 1665586 à 1666585
bulk : {
  "took" : 82,
  "errors" :  ...
13: 320001 adresses traitées
adresse : bulk pour les ids de 1666586 à 1667585
bulk : {
  "took" : 65,
  "errors" :  ...
13: 321001 adresses traitées
13: 322001 adresses traitées
adresse : bulk pour les ids de 1667586 à 1668585
bulk : {
  "took" : 109,
  "errors" : ...
13: 323001 adresses traitées
adresse : bulk pour les ids de 1668586 à 1669585
bulk : {
  "took" : 99,
  "errors" :  ...
13: 324001 adresses traitées
13: 325001 adresses traitées
adresse : bulk pour les ids de 1669586 à 1670585
bulk : {
  "took" : 99,
  "errors" :  ...
13: 326001 adresses traitées
adresse : bulk pour les ids de 1670586 à 1671585
bulk : {
  "took" : 64,
  "errors" :  ...
13: 327001 adresses traitées
adresse : bulk pour les ids de 1671586 à 1672585
bulk : {
  "took" : 112,
  "errors" : ...
13: 328001 adresses traitées
adresse : bulk pour les ids de 1672586 à 1673585
bulk : {
  "took" : 69,
  "errors" :  ...
13: 329001 adresses traitées
adresse : bulk pour les ids de 1673586 à 1674585
bulk : {
  "took" : 93,
  "errors" :  ...
13: 330001 adresses traitées
adresse : bulk pour les ids de 1674586 à 1675585
bulk : {
  "took" : 65,
  "errors" :  ...
13: 331001 adresses traitées
13: 332001 adresses traitées
adresse : bulk pour les ids de 1675586 à 1676585
bulk : {
  "took" : 100,
  "errors" : ...
13: 333001 adresses traitées
adresse : bulk pour les ids de 1676586 à 1677585
bulk : {
  "took" : 67,
  "errors" :  ...
13: 334001 adresses traitées
adresse : bulk pour les ids de 1677586 à 1678585
bulk : {
  "took" : 73,
  "errors" :  ...
13: 335001 adresses traitées
adresse : bulk pour les ids de 1678586 à 1679585
bulk : {
  "took" : 105,
  "errors" : ...
13: 336001 adresses traitées
adresse : bulk pour les ids de 1679586 à 1680585
bulk : {
  "took" : 86,
  "errors" :  ...
13: 337001 adresses traitées
adresse : bulk pour les ids de 1680586 à 1681585
bulk : {
  "took" : 79,
  "errors" :  ...
13: 338001 adresses traitées
adresse : bulk pour les ids de 1681586 à 1682585
bulk : {
  "took" : 89,
  "errors" :  ...
13: 339001 adresses traitées
adresse : bulk pour les ids de 1682586 à 1683585
bulk : {
  "took" : 100,
  "errors" : ...
13: 340001 adresses traitées
adresse : bulk pour les ids de 1683586 à 1684585
bulk : {
  "took" : 65,
  "errors" :  ...
13: 341001 adresses traitées
13: 342001 adresses traitées
adresse : bulk pour les ids de 1684586 à 1685585
bulk : {
  "took" : 102,
  "errors" : ...
13: 343001 adresses traitées
adresse : bulk pour les ids de 1685586 à 1686585
bulk : {
  "took" : 63,
  "errors" :  ...
13: 344001 adresses traitées
adresse : bulk pour les ids de 1686586 à 1687585
bulk : {
  "took" : 100,
  "errors" : ...
13: 345001 adresses traitées
adresse : bulk pour les ids de 1687586 à 1688585
bulk : {
  "took" : 87,
  "errors" :  ...
13: 346001 adresses traitées
adresse : bulk pour les ids de 1688586 à 1689585
bulk : {
  "took" : 75,
  "errors" :  ...
13: 347001 adresses traitées
adresse : bulk pour les ids de 1689586 à 1690585
bulk : {
  "took" : 88,
  "errors" :  ...
13: 348001 adresses traitées
adresse : bulk pour les ids de 1690586 à 1691585
bulk : {
  "took" : 74,
  "errors" :  ...
13: 349001 adresses traitées
adresse : bulk pour les ids de 1691586 à 1692585
bulk : {
  "took" : 86,
  "errors" :  ...
13: 350001 adresses traitées
adresse : bulk pour les ids de 1692586 à 1693585
bulk : {
  "took" : 73,
  "errors" :  ...
13: 351001 adresses traitées
adresse : bulk pour les ids de 1693586 à 1694585
bulk : {
  "took" : 85,
  "errors" :  ...
13: 352001 adresses traitées
adresse : bulk pour les ids de 1694586 à 1695377
bulk : {
  "took" : 58,
  "errors" :  ...
dpt 14 : voies
14: 1 voies traitées
voie : bulk pour les ids de 134769 à 134968
bulk : {
  "took" : 13,
  "errors" :  ...
14: 201 voies traitées
voie : bulk pour les ids de 134969 à 135168
bulk : {
  "took" : 12,
  "errors" :  ...
14: 401 voies traitées
voie : bulk pour les ids de 135169 à 135368
bulk : {
  "took" : 11,
  "errors" :  ...
14: 601 voies traitées
voie : bulk pour les ids de 135369 à 135568
bulk : {
  "took" : 12,
  "errors" :  ...
14: 801 voies traitées
voie : bulk pour les ids de 135569 à 135768
bulk : {
  "took" : 11,
  "errors" :  ...
14: 1001 voies traitées
voie : bulk pour les ids de 135769 à 135968
bulk : {
  "took" : 11,
  "errors" :  ...
14: 1201 voies traitées
voie : bulk pour les ids de 135969 à 136168
bulk : {
  "took" : 12,
  "errors" :  ...
14: 1401 voies traitées
voie : bulk pour les ids de 136169 à 136368
bulk : {
  "took" : 12,
  "errors" :  ...
14: 1601 voies traitées
voie : bulk pour les ids de 136369 à 136568
bulk : {
  "took" : 12,
  "errors" :  ...
14: 1801 voies traitées
voie : bulk pour les ids de 136569 à 136768
bulk : {
  "took" : 12,
  "errors" :  ...
14: 2001 voies traitées
voie : bulk pour les ids de 136769 à 136968
bulk : {
  "took" : 36,
  "errors" :  ...
14: 2201 voies traitées
voie : bulk pour les ids de 136969 à 137168
bulk : {
  "took" : 12,
  "errors" :  ...
14: 2401 voies traitées
voie : bulk pour les ids de 137169 à 137368
bulk : {
  "took" : 11,
  "errors" :  ...
14: 2601 voies traitées
voie : bulk pour les ids de 137369 à 137568
bulk : {
  "took" : 12,
  "errors" :  ...
14: 2801 voies traitées
voie : bulk pour les ids de 137569 à 137768
bulk : {
  "took" : 11,
  "errors" :  ...
14: 3001 voies traitées
voie : bulk pour les ids de 137769 à 137968
bulk : {
  "took" : 12,
  "errors" :  ...
14: 3201 voies traitées
voie : bulk pour les ids de 137969 à 138168
bulk : {
  "took" : 11,
  "errors" :  ...
14: 3401 voies traitées
voie : bulk pour les ids de 138169 à 138368
bulk : {
  "took" : 11,
  "errors" :  ...
14: 3601 voies traitées
voie : bulk pour les ids de 138369 à 138568
bulk : {
  "took" : 25,
  "errors" :  ...
14: 3801 voies traitées
voie : bulk pour les ids de 138569 à 138768
bulk : {
  "took" : 36,
  "errors" :  ...
14: 4001 voies traitées
voie : bulk pour les ids de 138769 à 138968
bulk : {
  "took" : 12,
  "errors" :  ...
14: 4201 voies traitées
voie : bulk pour les ids de 138969 à 139168
bulk : {
  "took" : 12,
  "errors" :  ...
14: 4401 voies traitées
voie : bulk pour les ids de 139169 à 139368
bulk : {
  "took" : 12,
  "errors" :  ...
14: 4601 voies traitées
voie : bulk pour les ids de 139369 à 139568
bulk : {
  "took" : 12,
  "errors" :  ...
14: 4801 voies traitées
voie : bulk pour les ids de 139569 à 139768
bulk : {
  "took" : 12,
  "errors" :  ...
14: 5001 voies traitées
voie : bulk pour les ids de 139769 à 139968
bulk : {
  "took" : 12,
  "errors" :  ...
14: 5201 voies traitées
voie : bulk pour les ids de 139969 à 140168
bulk : {
  "took" : 11,
  "errors" :  ...
14: 5401 voies traitées
voie : bulk pour les ids de 140169 à 140368
bulk : {
  "took" : 12,
  "errors" :  ...
14: 5601 voies traitées
voie : bulk pour les ids de 140369 à 140568
bulk : {
  "took" : 13,
  "errors" :  ...
14: 5801 voies traitées
voie : bulk pour les ids de 140569 à 140768
bulk : {
  "took" : 12,
  "errors" :  ...
14: 6001 voies traitées
voie : bulk pour les ids de 140769 à 140968
bulk : {
  "took" : 32,
  "errors" :  ...
14: 6201 voies traitées
voie : bulk pour les ids de 140969 à 141168
bulk : {
  "took" : 12,
  "errors" :  ...
14: 6401 voies traitées
voie : bulk pour les ids de 141169 à 141368
bulk : {
  "took" : 12,
  "errors" :  ...
14: 6601 voies traitées
voie : bulk pour les ids de 141369 à 141568
bulk : {
  "took" : 13,
  "errors" :  ...
14: 6801 voies traitées
voie : bulk pour les ids de 141569 à 141768
bulk : {
  "took" : 12,
  "errors" :  ...
14: 7001 voies traitées
voie : bulk pour les ids de 141769 à 141968
bulk : {
  "took" : 12,
  "errors" :  ...
14: 7201 voies traitées
voie : bulk pour les ids de 141969 à 142168
bulk : {
  "took" : 11,
  "errors" :  ...
14: 7401 voies traitées
voie : bulk pour les ids de 142169 à 142368
bulk : {
  "took" : 23,
  "errors" :  ...
14: 7601 voies traitées
voie : bulk pour les ids de 142369 à 142568
bulk : {
  "took" : 13,
  "errors" :  ...
14: 7801 voies traitées
voie : bulk pour les ids de 142569 à 142768
bulk : {
  "took" : 31,
  "errors" :  ...
14: 8001 voies traitées
voie : bulk pour les ids de 142769 à 142968
bulk : {
  "took" : 12,
  "errors" :  ...
14: 8201 voies traitées
voie : bulk pour les ids de 142969 à 143168
bulk : {
  "took" : 12,
  "errors" :  ...
14: 8401 voies traitées
voie : bulk pour les ids de 143169 à 143368
bulk : {
  "took" : 12,
  "errors" :  ...
14: 8601 voies traitées
voie : bulk pour les ids de 143369 à 143568
bulk : {
  "took" : 12,
  "errors" :  ...
14: 8801 voies traitées
voie : bulk pour les ids de 143569 à 143768
bulk : {
  "took" : 12,
  "errors" :  ...
14: 9001 voies traitées
voie : bulk pour les ids de 143769 à 143968
bulk : {
  "took" : 12,
  "errors" :  ...
14: 9201 voies traitées
voie : bulk pour les ids de 143969 à 144168
bulk : {
  "took" : 12,
  "errors" :  ...
14: 9401 voies traitées
voie : bulk pour les ids de 144169 à 144368
bulk : {
  "took" : 12,
  "errors" :  ...
14: 9601 voies traitées
voie : bulk pour les ids de 144369 à 144568
bulk : {
  "took" : 12,
  "errors" :  ...
14: 9801 voies traitées
voie : bulk pour les ids de 144569 à 144768
bulk : {
  "took" : 39,
  "errors" :  ...
14: 10001 voies traitées
voie : bulk pour les ids de 144769 à 144968
bulk : {
  "took" : 11,
  "errors" :  ...
14: 10201 voies traitées
voie : bulk pour les ids de 144969 à 145168
bulk : {
  "took" : 11,
  "errors" :  ...
14: 10401 voies traitées
voie : bulk pour les ids de 145169 à 145368
bulk : {
  "took" : 12,
  "errors" :  ...
14: 10601 voies traitées
voie : bulk pour les ids de 145369 à 145568
bulk : {
  "took" : 227,
  "errors" : ...
14: 10801 voies traitées
voie : bulk pour les ids de 145569 à 145768
bulk : {
  "took" : 12,
  "errors" :  ...
14: 11001 voies traitées
voie : bulk pour les ids de 145769 à 145968
bulk : {
  "took" : 23,
  "errors" :  ...
14: 11201 voies traitées
voie : bulk pour les ids de 145969 à 146168
bulk : {
  "took" : 12,
  "errors" :  ...
14: 11401 voies traitées
voie : bulk pour les ids de 146169 à 146368
bulk : {
  "took" : 11,
  "errors" :  ...
14: 11601 voies traitées
voie : bulk pour les ids de 146369 à 146568
bulk : {
  "took" : 12,
  "errors" :  ...
14: 11801 voies traitées
voie : bulk pour les ids de 146569 à 146768
bulk : {
  "took" : 41,
  "errors" :  ...
14: 12001 voies traitées
voie : bulk pour les ids de 146769 à 146968
bulk : {
  "took" : 11,
  "errors" :  ...
14: 12201 voies traitées
voie : bulk pour les ids de 146969 à 147168
bulk : {
  "took" : 12,
  "errors" :  ...
14: 12401 voies traitées
voie : bulk pour les ids de 147169 à 147368
bulk : {
  "took" : 11,
  "errors" :  ...
14: 12601 voies traitées
voie : bulk pour les ids de 147369 à 147568
bulk : {
  "took" : 12,
  "errors" :  ...
14: 12801 voies traitées
voie : bulk pour les ids de 147569 à 147768
bulk : {
  "took" : 12,
  "errors" :  ...
14: 13001 voies traitées
voie : bulk pour les ids de 147769 à 147968
bulk : {
  "took" : 12,
  "errors" :  ...
14: 13201 voies traitées
voie : bulk pour les ids de 147969 à 148168
bulk : {
  "took" : 12,
  "errors" :  ...
14: 13401 voies traitées
voie : bulk pour les ids de 148169 à 148368
bulk : {
  "took" : 12,
  "errors" :  ...
14: 13601 voies traitées
voie : bulk pour les ids de 148369 à 148568
bulk : {
  "took" : 12,
  "errors" :  ...
14: 13801 voies traitées
voie : bulk pour les ids de 148569 à 148768
bulk : {
  "took" : 36,
  "errors" :  ...
14: 14001 voies traitées
voie : bulk pour les ids de 148769 à 148968
bulk : {
  "took" : 12,
  "errors" :  ...
14: 14201 voies traitées
voie : bulk pour les ids de 148969 à 149168
bulk : {
  "took" : 13,
  "errors" :  ...
14: 14401 voies traitées
voie : bulk pour les ids de 149169 à 149368
bulk : {
  "took" : 17,
  "errors" :  ...
14: 14601 voies traitées
voie : bulk pour les ids de 149369 à 149568
bulk : {
  "took" : 21,
  "errors" :  ...
14: 14801 voies traitées
voie : bulk pour les ids de 149569 à 149768
bulk : {
  "took" : 12,
  "errors" :  ...
14: 15001 voies traitées
voie : bulk pour les ids de 149769 à 149968
bulk : {
  "took" : 12,
  "errors" :  ...
14: 15201 voies traitées
voie : bulk pour les ids de 149969 à 150168
bulk : {
  "took" : 12,
  "errors" :  ...
14: 15401 voies traitées
voie : bulk pour les ids de 150169 à 150368
bulk : {
  "took" : 30,
  "errors" :  ...
14: 15601 voies traitées
voie : bulk pour les ids de 150369 à 150568
bulk : {
  "took" : 11,
  "errors" :  ...
14: 15801 voies traitées
voie : bulk pour les ids de 150569 à 150768
bulk : {
  "took" : 12,
  "errors" :  ...
14: 16001 voies traitées
voie : bulk pour les ids de 150769 à 150968
bulk : {
  "took" : 12,
  "errors" :  ...
14: 16201 voies traitées
voie : bulk pour les ids de 150969 à 151168
bulk : {
  "took" : 12,
  "errors" :  ...
14: 16401 voies traitées
voie : bulk pour les ids de 151169 à 151368
bulk : {
  "took" : 12,
  "errors" :  ...
14: 16601 voies traitées
voie : bulk pour les ids de 151369 à 151568
bulk : {
  "took" : 11,
  "errors" :  ...
14: 16801 voies traitées
voie : bulk pour les ids de 151569 à 151711
bulk : {
  "took" : 8,
  "errors" : f ...
dpt 14 : adresses
14: 1 adresses traitées
14: 1001 adresses traitées
adresse : bulk pour les ids de 1695378 à 1696377
bulk : {
  "took" : 90,
  "errors" :  ...
14: 2001 adresses traitées
adresse : bulk pour les ids de 1696378 à 1697377
bulk : {
  "took" : 76,
  "errors" :  ...
14: 3001 adresses traitées
adresse : bulk pour les ids de 1697378 à 1698377
bulk : {
  "took" : 67,
  "errors" :  ...
14: 4001 adresses traitées
adresse : bulk pour les ids de 1698378 à 1699377
bulk : {
  "took" : 86,
  "errors" :  ...
14: 5001 adresses traitées
adresse : bulk pour les ids de 1699378 à 1700377
bulk : {
  "took" : 87,
  "errors" :  ...
14: 6001 adresses traitées
adresse : bulk pour les ids de 1700378 à 1701377
bulk : {
  "took" : 76,
  "errors" :  ...
14: 7001 adresses traitées
14: 8001 adresses traitées
adresse : bulk pour les ids de 1701378 à 1702377
bulk : {
  "took" : 93,
  "errors" :  ...
14: 9001 adresses traitées
adresse : bulk pour les ids de 1702378 à 1703377
bulk : {
  "took" : 72,
  "errors" :  ...
14: 10001 adresses traitées
adresse : bulk pour les ids de 1703378 à 1704377
bulk : {
  "took" : 90,
  "errors" :  ...
14: 11001 adresses traitées
adresse : bulk pour les ids de 1704378 à 1705377
bulk : {
  "took" : 69,
  "errors" :  ...
14: 12001 adresses traitées
adresse : bulk pour les ids de 1705378 à 1706377
bulk : {
  "took" : 91,
  "errors" :  ...
14: 13001 adresses traitées
14: 14001 adresses traitées
adresse : bulk pour les ids de 1706378 à 1707377
bulk : {
  "took" : 71,
  "errors" :  ...
14: 15001 adresses traitées
adresse : bulk pour les ids de 1707378 à 1708377
bulk : {
  "took" : 90,
  "errors" :  ...
14: 16001 adresses traitées
adresse : bulk pour les ids de 1708378 à 1709377
bulk : {
  "took" : 68,
  "errors" :  ...
14: 17001 adresses traitées
adresse : bulk pour les ids de 1709378 à 1710377
bulk : {
  "took" : 70,
  "errors" :  ...
14: 18001 adresses traitées
adresse : bulk pour les ids de 1710378 à 1711377
bulk : {
  "took" : 88,
  "errors" :  ...
14: 19001 adresses traitées
adresse : bulk pour les ids de 1711378 à 1712377
bulk : {
  "took" : 68,
  "errors" :  ...
14: 20001 adresses traitées
adresse : bulk pour les ids de 1712378 à 1713377
bulk : {
  "took" : 88,
  "errors" :  ...
14: 21001 adresses traitées
adresse : bulk pour les ids de 1713378 à 1714377
bulk : {
  "took" : 70,
  "errors" :  ...
14: 22001 adresses traitées
adresse : bulk pour les ids de 1714378 à 1715377
bulk : {
  "took" : 88,
  "errors" :  ...
14: 23001 adresses traitées
adresse : bulk pour les ids de 1715378 à 1716377
bulk : {
  "took" : 70,
  "errors" :  ...
14: 24001 adresses traitées
adresse : bulk pour les ids de 1716378 à 1717377
bulk : {
  "took" : 96,
  "errors" :  ...
14: 25001 adresses traitées
14: 26001 adresses traitées
adresse : bulk pour les ids de 1717378 à 1718377
bulk : {
  "took" : 69,
  "errors" :  ...
14: 27001 adresses traitées
adresse : bulk pour les ids de 1718378 à 1719377
bulk : {
  "took" : 99,
  "errors" :  ...
14: 28001 adresses traitées
adresse : bulk pour les ids de 1719378 à 1720377
bulk : {
  "took" : 70,
  "errors" :  ...
14: 29001 adresses traitées
adresse : bulk pour les ids de 1720378 à 1721377
bulk : {
  "took" : 95,
  "errors" :  ...
14: 30001 adresses traitées
adresse : bulk pour les ids de 1721378 à 1722377
bulk : {
  "took" : 74,
  "errors" :  ...
14: 31001 adresses traitées
adresse : bulk pour les ids de 1722378 à 1723377
bulk : {
  "took" : 88,
  "errors" :  ...
14: 32001 adresses traitées
adresse : bulk pour les ids de 1723378 à 1724377
bulk : {
  "took" : 70,
  "errors" :  ...
14: 33001 adresses traitées
adresse : bulk pour les ids de 1724378 à 1725377
bulk : {
  "took" : 87,
  "errors" :  ...
14: 34001 adresses traitées
adresse : bulk pour les ids de 1725378 à 1726377
bulk : {
  "took" : 69,
  "errors" :  ...
14: 35001 adresses traitées
14: 36001 adresses traitées
adresse : bulk pour les ids de 1726378 à 1727377
bulk : {
  "took" : 90,
  "errors" :  ...
14: 37001 adresses traitées
adresse : bulk pour les ids de 1727378 à 1728377
bulk : {
  "took" : 71,
  "errors" :  ...
14: 38001 adresses traitées
adresse : bulk pour les ids de 1728378 à 1729377
bulk : {
  "took" : 97,
  "errors" :  ...
14: 39001 adresses traitées
adresse : bulk pour les ids de 1729378 à 1730377
bulk : {
  "took" : 72,
  "errors" :  ...
14: 40001 adresses traitées
adresse : bulk pour les ids de 1730378 à 1731377
bulk : {
  "took" : 69,
  "errors" :  ...
14: 41001 adresses traitées
adresse : bulk pour les ids de 1731378 à 1732377
bulk : {
  "took" : 100,
  "errors" : ...
14: 42001 adresses traitées
adresse : bulk pour les ids de 1732378 à 1733377
bulk : {
  "took" : 67,
  "errors" :  ...
14: 43001 adresses traitées
adresse : bulk pour les ids de 1733378 à 1734377
bulk : {
  "took" : 86,
  "errors" :  ...
14: 44001 adresses traitées
adresse : bulk pour les ids de 1734378 à 1735377
bulk : {
  "took" : 69,
  "errors" :  ...
14: 45001 adresses traitées
adresse : bulk pour les ids de 1735378 à 1736377
bulk : {
  "took" : 88,
  "errors" :  ...
14: 46001 adresses traitées
adresse : bulk pour les ids de 1736378 à 1737377
bulk : {
  "took" : 70,
  "errors" :  ...
14: 47001 adresses traitées
14: 48001 adresses traitées
adresse : bulk pour les ids de 1737378 à 1738377
bulk : {
  "took" : 89,
  "errors" :  ...
14: 49001 adresses traitées
adresse : bulk pour les ids de 1738378 à 1739377
bulk : {
  "took" : 70,
  "errors" :  ...
14: 50001 adresses traitées
adresse : bulk pour les ids de 1739378 à 1740377
bulk : {
  "took" : 93,
  "errors" :  ...
14: 51001 adresses traitées
adresse : bulk pour les ids de 1740378 à 1741377
bulk : {
  "took" : 68,
  "errors" :  ...
14: 52001 adresses traitées
adresse : bulk pour les ids de 1741378 à 1742377
bulk : {
  "took" : 89,
  "errors" :  ...
14: 53001 adresses traitées
adresse : bulk pour les ids de 1742378 à 1743377
bulk : {
  "took" : 66,
  "errors" :  ...
14: 54001 adresses traitées
adresse : bulk pour les ids de 1743378 à 1744377
bulk : {
  "took" : 90,
  "errors" :  ...
14: 55001 adresses traitées
adresse : bulk pour les ids de 1744378 à 1745377
bulk : {
  "took" : 67,
  "errors" :  ...
14: 56001 adresses traitées
adresse : bulk pour les ids de 1745378 à 1746377
bulk : {
  "took" : 92,
  "errors" :  ...
14: 57001 adresses traitées
adresse : bulk pour les ids de 1746378 à 1747377
bulk : {
  "took" : 70,
  "errors" :  ...
14: 58001 adresses traitées
adresse : bulk pour les ids de 1747378 à 1748377
bulk : {
  "took" : 91,
  "errors" :  ...
14: 59001 adresses traitées
adresse : bulk pour les ids de 1748378 à 1749377
bulk : {
  "took" : 68,
  "errors" :  ...
14: 60001 adresses traitées
adresse : bulk pour les ids de 1749378 à 1750377
bulk : {
  "took" : 94,
  "errors" :  ...
14: 61001 adresses traitées
adresse : bulk pour les ids de 1750378 à 1751377
bulk : {
  "took" : 70,
  "errors" :  ...
14: 62001 adresses traitées
adresse : bulk pour les ids de 1751378 à 1752377
bulk : {
  "took" : 90,
  "errors" :  ...
14: 63001 adresses traitées
adresse : bulk pour les ids de 1752378 à 1753377
bulk : {
  "took" : 67,
  "errors" :  ...
14: 64001 adresses traitées
adresse : bulk pour les ids de 1753378 à 1754377
bulk : {
  "took" : 88,
  "errors" :  ...
14: 65001 adresses traitées
adresse : bulk pour les ids de 1754378 à 1755377
bulk : {
  "took" : 69,
  "errors" :  ...
14: 66001 adresses traitées
14: 67001 adresses traitées
adresse : bulk pour les ids de 1755378 à 1756377
bulk : {
  "took" : 93,
  "errors" :  ...
14: 68001 adresses traitées
adresse : bulk pour les ids de 1756378 à 1757377
bulk : {
  "took" : 75,
  "errors" :  ...
14: 69001 adresses traitées
adresse : bulk pour les ids de 1757378 à 1758377
bulk : {
  "took" : 94,
  "errors" :  ...
14: 70001 adresses traitées
adresse : bulk pour les ids de 1758378 à 1759377
bulk : {
  "took" : 91,
  "errors" :  ...
14: 71001 adresses traitées
adresse : bulk pour les ids de 1759378 à 1760377
bulk : {
  "took" : 71,
  "errors" :  ...
14: 72001 adresses traitées
adresse : bulk pour les ids de 1760378 à 1761377
bulk : {
  "took" : 89,
  "errors" :  ...
14: 73001 adresses traitées
adresse : bulk pour les ids de 1761378 à 1762377
bulk : {
  "took" : 74,
  "errors" :  ...
14: 74001 adresses traitées
adresse : bulk pour les ids de 1762378 à 1763377
bulk : {
  "took" : 97,
  "errors" :  ...
14: 75001 adresses traitées
adresse : bulk pour les ids de 1763378 à 1764377
bulk : {
  "took" : 76,
  "errors" :  ...
14: 76001 adresses traitées
14: 77001 adresses traitées
adresse : bulk pour les ids de 1764378 à 1765377
bulk : {
  "took" : 89,
  "errors" :  ...
14: 78001 adresses traitées
adresse : bulk pour les ids de 1765378 à 1766377
bulk : {
  "took" : 68,
  "errors" :  ...
14: 79001 adresses traitées
adresse : bulk pour les ids de 1766378 à 1767377
bulk : {
  "took" : 89,
  "errors" :  ...
14: 80001 adresses traitées
adresse : bulk pour les ids de 1767378 à 1768377
bulk : {
  "took" : 70,
  "errors" :  ...
14: 81001 adresses traitées
14: 82001 adresses traitées
adresse : bulk pour les ids de 1768378 à 1769377
bulk : {
  "took" : 91,
  "errors" :  ...
14: 83001 adresses traitées
adresse : bulk pour les ids de 1769378 à 1770377
bulk : {
  "took" : 69,
  "errors" :  ...
14: 84001 adresses traitées
adresse : bulk pour les ids de 1770378 à 1771377
bulk : {
  "took" : 96,
  "errors" :  ...
14: 85001 adresses traitées
adresse : bulk pour les ids de 1771378 à 1772377
bulk : {
  "took" : 70,
  "errors" :  ...
14: 86001 adresses traitées
adresse : bulk pour les ids de 1772378 à 1773377
bulk : {
  "took" : 97,
  "errors" :  ...
14: 87001 adresses traitées
adresse : bulk pour les ids de 1773378 à 1774377
bulk : {
  "took" : 69,
  "errors" :  ...
14: 88001 adresses traitées
adresse : bulk pour les ids de 1774378 à 1775377
bulk : {
  "took" : 100,
  "errors" : ...
14: 89001 adresses traitées
14: 90001 adresses traitées
adresse : bulk pour les ids de 1775378 à 1776377
bulk : {
  "took" : 74,
  "errors" :  ...
14: 91001 adresses traitées
adresse : bulk pour les ids de 1776378 à 1777377
bulk : {
  "took" : 102,
  "errors" : ...
14: 92001 adresses traitées
adresse : bulk pour les ids de 1777378 à 1778377
bulk : {
  "took" : 69,
  "errors" :  ...
14: 93001 adresses traitées
adresse : bulk pour les ids de 1778378 à 1779377
bulk : {
  "took" : 91,
  "errors" :  ...
14: 94001 adresses traitées
adresse : bulk pour les ids de 1779378 à 1780377
bulk : {
  "took" : 71,
  "errors" :  ...
14: 95001 adresses traitées
adresse : bulk pour les ids de 1780378 à 1781377
bulk : {
  "took" : 88,
  "errors" :  ...
14: 96001 adresses traitées
adresse : bulk pour les ids de 1781378 à 1782377
bulk : {
  "took" : 68,
  "errors" :  ...
14: 97001 adresses traitées
adresse : bulk pour les ids de 1782378 à 1783377
bulk : {
  "took" : 91,
  "errors" :  ...
14: 98001 adresses traitées
adresse : bulk pour les ids de 1783378 à 1784377
bulk : {
  "took" : 68,
  "errors" :  ...
14: 99001 adresses traitées
adresse : bulk pour les ids de 1784378 à 1785377
bulk : {
  "took" : 68,
  "errors" :  ...
14: 100001 adresses traitées
adresse : bulk pour les ids de 1785378 à 1786377
bulk : {
  "took" : 96,
  "errors" :  ...
14: 101001 adresses traitées
14: 102001 adresses traitées
adresse : bulk pour les ids de 1786378 à 1787377
bulk : {
  "took" : 69,
  "errors" :  ...
14: 103001 adresses traitées
adresse : bulk pour les ids de 1787378 à 1788377
bulk : {
  "took" : 90,
  "errors" :  ...
14: 104001 adresses traitées
adresse : bulk pour les ids de 1788378 à 1789377
bulk : {
  "took" : 74,
  "errors" :  ...
14: 105001 adresses traitées
adresse : bulk pour les ids de 1789378 à 1790377
bulk : {
  "took" : 91,
  "errors" :  ...
14: 106001 adresses traitées
adresse : bulk pour les ids de 1790378 à 1791377
bulk : {
  "took" : 66,
  "errors" :  ...
14: 107001 adresses traitées
adresse : bulk pour les ids de 1791378 à 1792377
bulk : {
  "took" : 92,
  "errors" :  ...
14: 108001 adresses traitées
adresse : bulk pour les ids de 1792378 à 1793377
bulk : {
  "took" : 67,
  "errors" :  ...
14: 109001 adresses traitées
adresse : bulk pour les ids de 1793378 à 1794377
bulk : {
  "took" : 86,
  "errors" :  ...
14: 110001 adresses traitées
adresse : bulk pour les ids de 1794378 à 1795377
bulk : {
  "took" : 69,
  "errors" :  ...
14: 111001 adresses traitées
adresse : bulk pour les ids de 1795378 à 1796377
bulk : {
  "took" : 96,
  "errors" :  ...
14: 112001 adresses traitées
adresse : bulk pour les ids de 1796378 à 1797377
bulk : {
  "took" : 68,
  "errors" :  ...
14: 113001 adresses traitées
adresse : bulk pour les ids de 1797378 à 1798377
bulk : {
  "took" : 95,
  "errors" :  ...
14: 114001 adresses traitées
adresse : bulk pour les ids de 1798378 à 1799377
bulk : {
  "took" : 68,
  "errors" :  ...
14: 115001 adresses traitées
adresse : bulk pour les ids de 1799378 à 1800377
bulk : {
  "took" : 98,
  "errors" :  ...
14: 116001 adresses traitées
14: 117001 adresses traitées
adresse : bulk pour les ids de 1800378 à 1801377
bulk : {
  "took" : 68,
  "errors" :  ...
14: 118001 adresses traitées
adresse : bulk pour les ids de 1801378 à 1802377
bulk : {
  "took" : 92,
  "errors" :  ...
14: 119001 adresses traitées
adresse : bulk pour les ids de 1802378 à 1803377
bulk : {
  "took" : 69,
  "errors" :  ...
14: 120001 adresses traitées
adresse : bulk pour les ids de 1803378 à 1804377
bulk : {
  "took" : 89,
  "errors" :  ...
14: 121001 adresses traitées
adresse : bulk pour les ids de 1804378 à 1805377
bulk : {
  "took" : 67,
  "errors" :  ...
14: 122001 adresses traitées
adresse : bulk pour les ids de 1805378 à 1806377
bulk : {
  "took" : 91,
  "errors" :  ...
14: 123001 adresses traitées
adresse : bulk pour les ids de 1806378 à 1807377
bulk : {
  "took" : 67,
  "errors" :  ...
14: 124001 adresses traitées
adresse : bulk pour les ids de 1807378 à 1808377
bulk : {
  "took" : 89,
  "errors" :  ...
14: 125001 adresses traitées
adresse : bulk pour les ids de 1808378 à 1809377
bulk : {
  "took" : 67,
  "errors" :  ...
14: 126001 adresses traitées
adresse : bulk pour les ids de 1809378 à 1810377
bulk : {
  "took" : 101,
  "errors" : ...
14: 127001 adresses traitées
adresse : bulk pour les ids de 1810378 à 1811377
bulk : {
  "took" : 68,
  "errors" :  ...
14: 128001 adresses traitées
adresse : bulk pour les ids de 1811378 à 1812377
bulk : {
  "took" : 97,
  "errors" :  ...
14: 129001 adresses traitées
adresse : bulk pour les ids de 1812378 à 1813377
bulk : {
  "took" : 69,
  "errors" :  ...
14: 130001 adresses traitées
adresse : bulk pour les ids de 1813378 à 1814377
bulk : {
  "took" : 91,
  "errors" :  ...
14: 131001 adresses traitées
adresse : bulk pour les ids de 1814378 à 1815377
bulk : {
  "took" : 68,
  "errors" :  ...
14: 132001 adresses traitées
adresse : bulk pour les ids de 1815378 à 1816377
bulk : {
  "took" : 93,
  "errors" :  ...
14: 133001 adresses traitées
adresse : bulk pour les ids de 1816378 à 1817377
bulk : {
  "took" : 67,
  "errors" :  ...
14: 134001 adresses traitées
adresse : bulk pour les ids de 1817378 à 1818377
bulk : {
  "took" : 87,
  "errors" :  ...
14: 135001 adresses traitées
adresse : bulk pour les ids de 1818378 à 1819377
bulk : {
  "took" : 69,
  "errors" :  ...
14: 136001 adresses traitées
adresse : bulk pour les ids de 1819378 à 1820377
bulk : {
  "took" : 92,
  "errors" :  ...
14: 137001 adresses traitées
adresse : bulk pour les ids de 1820378 à 1821377
bulk : {
  "took" : 95,
  "errors" :  ...
14: 138001 adresses traitées
adresse : bulk pour les ids de 1821378 à 1822377
bulk : {
  "took" : 68,
  "errors" :  ...
14: 139001 adresses traitées
14: 140001 adresses traitées
adresse : bulk pour les ids de 1822378 à 1823377
bulk : {
  "took" : 89,
  "errors" :  ...
14: 141001 adresses traitées
adresse : bulk pour les ids de 1823378 à 1824377
bulk : {
  "took" : 69,
  "errors" :  ...
14: 142001 adresses traitées
adresse : bulk pour les ids de 1824378 à 1825377
bulk : {
  "took" : 88,
  "errors" :  ...
14: 143001 adresses traitées
adresse : bulk pour les ids de 1825378 à 1826377
bulk : {
  "took" : 69,
  "errors" :  ...
14: 144001 adresses traitées
adresse : bulk pour les ids de 1826378 à 1827377
bulk : {
  "took" : 97,
  "errors" :  ...
14: 145001 adresses traitées
adresse : bulk pour les ids de 1827378 à 1828377
bulk : {
  "took" : 71,
  "errors" :  ...
14: 146001 adresses traitées
adresse : bulk pour les ids de 1828378 à 1829377
bulk : {
  "took" : 93,
  "errors" :  ...
14: 147001 adresses traitées
adresse : bulk pour les ids de 1829378 à 1830377
bulk : {
  "took" : 82,
  "errors" :  ...
14: 148001 adresses traitées
adresse : bulk pour les ids de 1830378 à 1831377
bulk : {
  "took" : 95,
  "errors" :  ...
14: 149001 adresses traitées
adresse : bulk pour les ids de 1831378 à 1832377
bulk : {
  "took" : 70,
  "errors" :  ...
14: 150001 adresses traitées
adresse : bulk pour les ids de 1832378 à 1833377
bulk : {
  "took" : 95,
  "errors" :  ...
14: 151001 adresses traitées
adresse : bulk pour les ids de 1833378 à 1834377
bulk : {
  "took" : 70,
  "errors" :  ...
14: 152001 adresses traitées
adresse : bulk pour les ids de 1834378 à 1835377
bulk : {
  "took" : 90,
  "errors" :  ...
14: 153001 adresses traitées
adresse : bulk pour les ids de 1835378 à 1836377
bulk : {
  "took" : 68,
  "errors" :  ...
14: 154001 adresses traitées
14: 155001 adresses traitées
adresse : bulk pour les ids de 1836378 à 1837377
bulk : {
  "took" : 91,
  "errors" :  ...
14: 156001 adresses traitées
adresse : bulk pour les ids de 1837378 à 1838377
bulk : {
  "took" : 67,
  "errors" :  ...
14: 157001 adresses traitées
adresse : bulk pour les ids de 1838378 à 1839377
bulk : {
  "took" : 89,
  "errors" :  ...
14: 158001 adresses traitées
adresse : bulk pour les ids de 1839378 à 1840377
bulk : {
  "took" : 68,
  "errors" :  ...
14: 159001 adresses traitées
adresse : bulk pour les ids de 1840378 à 1841377
bulk : {
  "took" : 88,
  "errors" :  ...
14: 160001 adresses traitées
adresse : bulk pour les ids de 1841378 à 1842377
bulk : {
  "took" : 67,
  "errors" :  ...
14: 161001 adresses traitées
adresse : bulk pour les ids de 1842378 à 1843377
bulk : {
  "took" : 93,
  "errors" :  ...
14: 162001 adresses traitées
adresse : bulk pour les ids de 1843378 à 1844377
bulk : {
  "took" : 69,
  "errors" :  ...
14: 163001 adresses traitées
adresse : bulk pour les ids de 1844378 à 1845377
bulk : {
  "took" : 91,
  "errors" :  ...
14: 164001 adresses traitées
adresse : bulk pour les ids de 1845378 à 1846377
bulk : {
  "took" : 68,
  "errors" :  ...
14: 165001 adresses traitées
adresse : bulk pour les ids de 1846378 à 1847377
bulk : {
  "took" : 88,
  "errors" :  ...
14: 166001 adresses traitées
adresse : bulk pour les ids de 1847378 à 1848377
bulk : {
  "took" : 69,
  "errors" :  ...
14: 167001 adresses traitées
adresse : bulk pour les ids de 1848378 à 1849377
bulk : {
  "took" : 90,
  "errors" :  ...
14: 168001 adresses traitées
adresse : bulk pour les ids de 1849378 à 1850377
bulk : {
  "took" : 88,
  "errors" :  ...
14: 169001 adresses traitées
adresse : bulk pour les ids de 1850378 à 1851377
bulk : {
  "took" : 69,
  "errors" :  ...
14: 170001 adresses traitées
adresse : bulk pour les ids de 1851378 à 1852377
bulk : {
  "took" : 90,
  "errors" :  ...
14: 171001 adresses traitées
14: 172001 adresses traitées
adresse : bulk pour les ids de 1852378 à 1853377
bulk : {
  "took" : 72,
  "errors" :  ...
14: 173001 adresses traitées
adresse : bulk pour les ids de 1853378 à 1854377
bulk : {
  "took" : 90,
  "errors" :  ...
14: 174001 adresses traitées
adresse : bulk pour les ids de 1854378 à 1855377
bulk : {
  "took" : 69,
  "errors" :  ...
14: 175001 adresses traitées
adresse : bulk pour les ids de 1855378 à 1856377
bulk : {
  "took" : 87,
  "errors" :  ...
14: 176001 adresses traitées
adresse : bulk pour les ids de 1856378 à 1857377
bulk : {
  "took" : 76,
  "errors" :  ...
14: 177001 adresses traitées
adresse : bulk pour les ids de 1857378 à 1858377
bulk : {
  "took" : 97,
  "errors" :  ...
14: 178001 adresses traitées
14: 179001 adresses traitées
adresse : bulk pour les ids de 1858378 à 1859377
bulk : {
  "took" : 68,
  "errors" :  ...
14: 180001 adresses traitées
adresse : bulk pour les ids de 1859378 à 1860377
bulk : {
  "took" : 89,
  "errors" :  ...
14: 181001 adresses traitées
adresse : bulk pour les ids de 1860378 à 1861377
bulk : {
  "took" : 70,
  "errors" :  ...
14: 182001 adresses traitées
14: 183001 adresses traitées
adresse : bulk pour les ids de 1861378 à 1862377
bulk : {
  "took" : 106,
  "errors" : ...
14: 184001 adresses traitées
adresse : bulk pour les ids de 1862378 à 1863377
bulk : {
  "took" : 69,
  "errors" :  ...
14: 185001 adresses traitées
adresse : bulk pour les ids de 1863378 à 1864377
bulk : {
  "took" : 95,
  "errors" :  ...
14: 186001 adresses traitées
adresse : bulk pour les ids de 1864378 à 1865377
bulk : {
  "took" : 69,
  "errors" :  ...
14: 187001 adresses traitées
14: 188001 adresses traitées
adresse : bulk pour les ids de 1865378 à 1866377
bulk : {
  "took" : 89,
  "errors" :  ...
14: 189001 adresses traitées
adresse : bulk pour les ids de 1866378 à 1867377
bulk : {
  "took" : 70,
  "errors" :  ...
14: 190001 adresses traitées
adresse : bulk pour les ids de 1867378 à 1868377
bulk : {
  "took" : 96,
  "errors" :  ...
14: 191001 adresses traitées
adresse : bulk pour les ids de 1868378 à 1869377
bulk : {
  "took" : 70,
  "errors" :  ...
14: 192001 adresses traitées
14: 193001 adresses traitées
adresse : bulk pour les ids de 1869378 à 1870377
bulk : {
  "took" : 90,
  "errors" :  ...
14: 194001 adresses traitées
adresse : bulk pour les ids de 1870378 à 1871377
bulk : {
  "took" : 71,
  "errors" :  ...
14: 195001 adresses traitées
adresse : bulk pour les ids de 1871378 à 1872377
bulk : {
  "took" : 95,
  "errors" :  ...
14: 196001 adresses traitées
adresse : bulk pour les ids de 1872378 à 1873377
bulk : {
  "took" : 68,
  "errors" :  ...
14: 197001 adresses traitées
adresse : bulk pour les ids de 1873378 à 1874377
bulk : {
  "took" : 68,
  "errors" :  ...
14: 198001 adresses traitées
adresse : bulk pour les ids de 1874378 à 1875377
bulk : {
  "took" : 88,
  "errors" :  ...
14: 199001 adresses traitées
adresse : bulk pour les ids de 1875378 à 1876377
bulk : {
  "took" : 71,
  "errors" :  ...
14: 200001 adresses traitées
14: 201001 adresses traitées
adresse : bulk pour les ids de 1876378 à 1877377
bulk : {
  "took" : 88,
  "errors" :  ...
14: 202001 adresses traitées
adresse : bulk pour les ids de 1877378 à 1878377
bulk : {
  "took" : 68,
  "errors" :  ...
14: 203001 adresses traitées
14: 204001 adresses traitées
adresse : bulk pour les ids de 1878378 à 1879377
bulk : {
  "took" : 91,
  "errors" :  ...
14: 205001 adresses traitées
adresse : bulk pour les ids de 1879378 à 1880377
bulk : {
  "took" : 68,
  "errors" :  ...
14: 206001 adresses traitées
adresse : bulk pour les ids de 1880378 à 1881377
bulk : {
  "took" : 93,
  "errors" :  ...
14: 207001 adresses traitées
adresse : bulk pour les ids de 1881378 à 1882377
bulk : {
  "took" : 68,
  "errors" :  ...
14: 208001 adresses traitées
14: 209001 adresses traitées
adresse : bulk pour les ids de 1882378 à 1883377
bulk : {
  "took" : 91,
  "errors" :  ...
14: 210001 adresses traitées
adresse : bulk pour les ids de 1883378 à 1884377
bulk : {
  "took" : 67,
  "errors" :  ...
14: 211001 adresses traitées
adresse : bulk pour les ids de 1884378 à 1885377
bulk : {
  "took" : 89,
  "errors" :  ...
14: 212001 adresses traitées
adresse : bulk pour les ids de 1885378 à 1886377
bulk : {
  "took" : 69,
  "errors" :  ...
14: 213001 adresses traitées
14: 214001 adresses traitées
adresse : bulk pour les ids de 1886378 à 1887377
bulk : {
  "took" : 99,
  "errors" :  ...
14: 215001 adresses traitées
adresse : bulk pour les ids de 1887378 à 1888377
bulk : {
  "took" : 68,
  "errors" :  ...
14: 216001 adresses traitées
adresse : bulk pour les ids de 1888378 à 1889377
bulk : {
  "took" : 89,
  "errors" :  ...
14: 217001 adresses traitées
adresse : bulk pour les ids de 1889378 à 1890377
bulk : {
  "took" : 68,
  "errors" :  ...
14: 218001 adresses traitées
adresse : bulk pour les ids de 1890378 à 1891377
bulk : {
  "took" : 93,
  "errors" :  ...
14: 219001 adresses traitées
adresse : bulk pour les ids de 1891378 à 1892377
bulk : {
  "took" : 71,
  "errors" :  ...
14: 220001 adresses traitées
adresse : bulk pour les ids de 1892378 à 1893377
bulk : {
  "took" : 95,
  "errors" :  ...
14: 221001 adresses traitées
adresse : bulk pour les ids de 1893378 à 1894377
bulk : {
  "took" : 70,
  "errors" :  ...
14: 222001 adresses traitées
adresse : bulk pour les ids de 1894378 à 1895377
bulk : {
  "took" : 91,
  "errors" :  ...
14: 223001 adresses traitées
adresse : bulk pour les ids de 1895378 à 1896377
bulk : {
  "took" : 70,
  "errors" :  ...
14: 224001 adresses traitées
adresse : bulk pour les ids de 1896378 à 1897377
bulk : {
  "took" : 84,
  "errors" :  ...
14: 225001 adresses traitées
14: 226001 adresses traitées
adresse : bulk pour les ids de 1897378 à 1898377
bulk : {
  "took" : 71,
  "errors" :  ...
14: 227001 adresses traitées
adresse : bulk pour les ids de 1898378 à 1899377
bulk : {
  "took" : 89,
  "errors" :  ...
14: 228001 adresses traitées
adresse : bulk pour les ids de 1899378 à 1900377
bulk : {
  "took" : 69,
  "errors" :  ...
adresse : bulk pour les ids de 1900378 à 1900989
bulk : {
  "took" : 70,
  "errors" :  ...
dpt 15 : voies
15: 1 voies traitées
voie : bulk pour les ids de 151712 à 151911
bulk : {
  "took" : 13,
  "errors" :  ...
15: 201 voies traitées
voie : bulk pour les ids de 151912 à 152111
bulk : {
  "took" : 12,
  "errors" :  ...
15: 401 voies traitées
voie : bulk pour les ids de 152112 à 152311
bulk : {
  "took" : 12,
  "errors" :  ...
15: 601 voies traitées
voie : bulk pour les ids de 152312 à 152511
bulk : {
  "took" : 12,
  "errors" :  ...
15: 801 voies traitées
voie : bulk pour les ids de 152512 à 152711
bulk : {
  "took" : 11,
  "errors" :  ...
15: 1001 voies traitées
voie : bulk pour les ids de 152712 à 152911
bulk : {
  "took" : 12,
  "errors" :  ...
15: 1201 voies traitées
voie : bulk pour les ids de 152912 à 153111
bulk : {
  "took" : 12,
  "errors" :  ...
15: 1401 voies traitées
voie : bulk pour les ids de 153112 à 153311
bulk : {
  "took" : 11,
  "errors" :  ...
15: 1601 voies traitées
voie : bulk pour les ids de 153312 à 153511
bulk : {
  "took" : 46,
  "errors" :  ...
15: 1801 voies traitées
voie : bulk pour les ids de 153512 à 153711
bulk : {
  "took" : 12,
  "errors" :  ...
15: 2001 voies traitées
voie : bulk pour les ids de 153712 à 153911
bulk : {
  "took" : 12,
  "errors" :  ...
15: 2201 voies traitées
voie : bulk pour les ids de 153912 à 154111
bulk : {
  "took" : 12,
  "errors" :  ...
15: 2401 voies traitées
voie : bulk pour les ids de 154112 à 154311
bulk : {
  "took" : 13,
  "errors" :  ...
15: 2601 voies traitées
voie : bulk pour les ids de 154312 à 154511
bulk : {
  "took" : 11,
  "errors" :  ...
15: 2801 voies traitées
voie : bulk pour les ids de 154512 à 154657
bulk : {
  "took" : 9,
  "errors" : f ...
dpt 15 : adresses
15: 1 adresses traitées
15: 1001 adresses traitées
adresse : bulk pour les ids de 1900990 à 1901989
bulk : {
  "took" : 88,
  "errors" :  ...
15: 2001 adresses traitées
adresse : bulk pour les ids de 1901990 à 1902989
bulk : {
  "took" : 67,
  "errors" :  ...
15: 3001 adresses traitées
adresse : bulk pour les ids de 1902990 à 1903989
bulk : {
  "took" : 94,
  "errors" :  ...
15: 4001 adresses traitées
adresse : bulk pour les ids de 1903990 à 1904989
bulk : {
  "took" : 70,
  "errors" :  ...
15: 5001 adresses traitées
adresse : bulk pour les ids de 1904990 à 1905989
bulk : {
  "took" : 94,
  "errors" :  ...
15: 6001 adresses traitées
15: 7001 adresses traitées
adresse : bulk pour les ids de 1905990 à 1906989
bulk : {
  "took" : 67,
  "errors" :  ...
15: 8001 adresses traitées
adresse : bulk pour les ids de 1906990 à 1907989
bulk : {
  "took" : 93,
  "errors" :  ...
15: 9001 adresses traitées
15: 10001 adresses traitées
adresse : bulk pour les ids de 1907990 à 1908989
bulk : {
  "took" : 68,
  "errors" :  ...
15: 11001 adresses traitées
adresse : bulk pour les ids de 1908990 à 1909989
bulk : {
  "took" : 91,
  "errors" :  ...
15: 12001 adresses traitées
adresse : bulk pour les ids de 1909990 à 1910989
bulk : {
  "took" : 67,
  "errors" :  ...
15: 13001 adresses traitées
adresse : bulk pour les ids de 1910990 à 1911989
bulk : {
  "took" : 92,
  "errors" :  ...
15: 14001 adresses traitées
15: 15001 adresses traitées
adresse : bulk pour les ids de 1911990 à 1912989
bulk : {
  "took" : 69,
  "errors" :  ...
15: 16001 adresses traitées
adresse : bulk pour les ids de 1912990 à 1913989
bulk : {
  "took" : 88,
  "errors" :  ...
15: 17001 adresses traitées
adresse : bulk pour les ids de 1913990 à 1914989
bulk : {
  "took" : 69,
  "errors" :  ...
15: 18001 adresses traitées
adresse : bulk pour les ids de 1914990 à 1915989
bulk : {
  "took" : 93,
  "errors" :  ...
15: 19001 adresses traitées
adresse : bulk pour les ids de 1915990 à 1916989
bulk : {
  "took" : 67,
  "errors" :  ...
15: 20001 adresses traitées
adresse : bulk pour les ids de 1916990 à 1917989
bulk : {
  "took" : 91,
  "errors" :  ...
15: 21001 adresses traitées
adresse : bulk pour les ids de 1917990 à 1918989
bulk : {
  "took" : 68,
  "errors" :  ...
15: 22001 adresses traitées
adresse : bulk pour les ids de 1918990 à 1919989
bulk : {
  "took" : 85,
  "errors" :  ...
15: 23001 adresses traitées
15: 24001 adresses traitées
adresse : bulk pour les ids de 1919990 à 1920989
bulk : {
  "took" : 68,
  "errors" :  ...
15: 25001 adresses traitées
adresse : bulk pour les ids de 1920990 à 1921989
bulk : {
  "took" : 87,
  "errors" :  ...
15: 26001 adresses traitées
adresse : bulk pour les ids de 1921990 à 1922989
bulk : {
  "took" : 69,
  "errors" :  ...
15: 27001 adresses traitées
adresse : bulk pour les ids de 1922990 à 1923989
bulk : {
  "took" : 68,
  "errors" :  ...
15: 28001 adresses traitées
adresse : bulk pour les ids de 1923990 à 1924989
bulk : {
  "took" : 87,
  "errors" :  ...
15: 29001 adresses traitées
adresse : bulk pour les ids de 1924990 à 1925989
bulk : {
  "took" : 69,
  "errors" :  ...
15: 30001 adresses traitées
15: 31001 adresses traitées
adresse : bulk pour les ids de 1925990 à 1926989
bulk : {
  "took" : 88,
  "errors" :  ...
15: 32001 adresses traitées
adresse : bulk pour les ids de 1926990 à 1927989
bulk : {
  "took" : 68,
  "errors" :  ...
15: 33001 adresses traitées
adresse : bulk pour les ids de 1927990 à 1928989
bulk : {
  "took" : 89,
  "errors" :  ...
15: 34001 adresses traitées
adresse : bulk pour les ids de 1928990 à 1929665
bulk : {
  "took" : 49,
  "errors" :  ...
dpt 16 : voies
16: 1 voies traitées
voie : bulk pour les ids de 154658 à 154857
bulk : {
  "took" : 12,
  "errors" :  ...
16: 201 voies traitées
voie : bulk pour les ids de 154858 à 155057
bulk : {
  "took" : 11,
  "errors" :  ...
16: 401 voies traitées
voie : bulk pour les ids de 155058 à 155257
bulk : {
  "took" : 11,
  "errors" :  ...
16: 601 voies traitées
voie : bulk pour les ids de 155258 à 155457
bulk : {
  "took" : 11,
  "errors" :  ...
16: 801 voies traitées
voie : bulk pour les ids de 155458 à 155657
bulk : {
  "took" : 52,
  "errors" :  ...
16: 1001 voies traitées
voie : bulk pour les ids de 155658 à 155857
bulk : {
  "took" : 12,
  "errors" :  ...
16: 1201 voies traitées
voie : bulk pour les ids de 155858 à 156057
bulk : {
  "took" : 12,
  "errors" :  ...
16: 1401 voies traitées
voie : bulk pour les ids de 156058 à 156257
bulk : {
  "took" : 12,
  "errors" :  ...
16: 1601 voies traitées
voie : bulk pour les ids de 156258 à 156457
bulk : {
  "took" : 11,
  "errors" :  ...
16: 1801 voies traitées
voie : bulk pour les ids de 156458 à 156657
bulk : {
  "took" : 12,
  "errors" :  ...
16: 2001 voies traitées
voie : bulk pour les ids de 156658 à 156857
bulk : {
  "took" : 12,
  "errors" :  ...
16: 2201 voies traitées
voie : bulk pour les ids de 156858 à 157057
bulk : {
  "took" : 12,
  "errors" :  ...
16: 2401 voies traitées
voie : bulk pour les ids de 157058 à 157257
bulk : {
  "took" : 12,
  "errors" :  ...
16: 2601 voies traitées
voie : bulk pour les ids de 157258 à 157457
bulk : {
  "took" : 12,
  "errors" :  ...
16: 2801 voies traitées
voie : bulk pour les ids de 157458 à 157657
bulk : {
  "took" : 11,
  "errors" :  ...
16: 3001 voies traitées
voie : bulk pour les ids de 157658 à 157857
bulk : {
  "took" : 12,
  "errors" :  ...
16: 3201 voies traitées
voie : bulk pour les ids de 157858 à 158057
bulk : {
  "took" : 11,
  "errors" :  ...
16: 3401 voies traitées
voie : bulk pour les ids de 158058 à 158257
bulk : {
  "took" : 12,
  "errors" :  ...
16: 3601 voies traitées
voie : bulk pour les ids de 158258 à 158457
bulk : {
  "took" : 12,
  "errors" :  ...
16: 3801 voies traitées
voie : bulk pour les ids de 158458 à 158657
bulk : {
  "took" : 11,
  "errors" :  ...
16: 4001 voies traitées
voie : bulk pour les ids de 158658 à 158857
bulk : {
  "took" : 11,
  "errors" :  ...
16: 4201 voies traitées
voie : bulk pour les ids de 158858 à 159057
bulk : {
  "took" : 11,
  "errors" :  ...
16: 4401 voies traitées
voie : bulk pour les ids de 159058 à 159257
bulk : {
  "took" : 12,
  "errors" :  ...
16: 4601 voies traitées
voie : bulk pour les ids de 159258 à 159457
bulk : {
  "took" : 21,
  "errors" :  ...
16: 4801 voies traitées
voie : bulk pour les ids de 159458 à 159657
bulk : {
  "took" : 16,
  "errors" :  ...
16: 5001 voies traitées
voie : bulk pour les ids de 159658 à 159857
bulk : {
  "took" : 35,
  "errors" :  ...
16: 5201 voies traitées
voie : bulk pour les ids de 159858 à 160057
bulk : {
  "took" : 12,
  "errors" :  ...
16: 5401 voies traitées
voie : bulk pour les ids de 160058 à 160257
bulk : {
  "took" : 12,
  "errors" :  ...
16: 5601 voies traitées
voie : bulk pour les ids de 160258 à 160457
bulk : {
  "took" : 12,
  "errors" :  ...
16: 5801 voies traitées
voie : bulk pour les ids de 160458 à 160657
bulk : {
  "took" : 11,
  "errors" :  ...
16: 6001 voies traitées
voie : bulk pour les ids de 160658 à 160857
bulk : {
  "took" : 30,
  "errors" :  ...
16: 6201 voies traitées
voie : bulk pour les ids de 160858 à 161057
bulk : {
  "took" : 13,
  "errors" :  ...
16: 6401 voies traitées
voie : bulk pour les ids de 161058 à 161257
bulk : {
  "took" : 12,
  "errors" :  ...
16: 6601 voies traitées
voie : bulk pour les ids de 161258 à 161457
bulk : {
  "took" : 13,
  "errors" :  ...
16: 6801 voies traitées
voie : bulk pour les ids de 161458 à 161657
bulk : {
  "took" : 12,
  "errors" :  ...
16: 7001 voies traitées
voie : bulk pour les ids de 161658 à 161857
bulk : {
  "took" : 12,
  "errors" :  ...
16: 7201 voies traitées
voie : bulk pour les ids de 161858 à 162057
bulk : {
  "took" : 12,
  "errors" :  ...
16: 7401 voies traitées
voie : bulk pour les ids de 162058 à 162257
bulk : {
  "took" : 12,
  "errors" :  ...
16: 7601 voies traitées
voie : bulk pour les ids de 162258 à 162457
bulk : {
  "took" : 12,
  "errors" :  ...
16: 7801 voies traitées
voie : bulk pour les ids de 162458 à 162657
bulk : {
  "took" : 11,
  "errors" :  ...
16: 8001 voies traitées
voie : bulk pour les ids de 162658 à 162857
bulk : {
  "took" : 12,
  "errors" :  ...
16: 8201 voies traitées
voie : bulk pour les ids de 162858 à 163057
bulk : {
  "took" : 30,
  "errors" :  ...
16: 8401 voies traitées
voie : bulk pour les ids de 163058 à 163257
bulk : {
  "took" : 11,
  "errors" :  ...
16: 8601 voies traitées
voie : bulk pour les ids de 163258 à 163457
bulk : {
  "took" : 22,
  "errors" :  ...
16: 8801 voies traitées
voie : bulk pour les ids de 163458 à 163657
bulk : {
  "took" : 16,
  "errors" :  ...
16: 9001 voies traitées
voie : bulk pour les ids de 163658 à 163857
bulk : {
  "took" : 11,
  "errors" :  ...
16: 9201 voies traitées
voie : bulk pour les ids de 163858 à 164057
bulk : {
  "took" : 11,
  "errors" :  ...
16: 9401 voies traitées
voie : bulk pour les ids de 164058 à 164257
bulk : {
  "took" : 12,
  "errors" :  ...
16: 9601 voies traitées
voie : bulk pour les ids de 164258 à 164457
bulk : {
  "took" : 11,
  "errors" :  ...
16: 9801 voies traitées
voie : bulk pour les ids de 164458 à 164657
bulk : {
  "took" : 12,
  "errors" :  ...
16: 10001 voies traitées
voie : bulk pour les ids de 164658 à 164857
bulk : {
  "took" : 34,
  "errors" :  ...
16: 10201 voies traitées
voie : bulk pour les ids de 164858 à 164927
bulk : {
  "took" : 4,
  "errors" : f ...
dpt 16 : adresses
16: 1 adresses traitées
16: 1001 adresses traitées
adresse : bulk pour les ids de 1929666 à 1930665
bulk : {
  "took" : 69,
  "errors" :  ...
16: 2001 adresses traitées
16: 3001 adresses traitées
adresse : bulk pour les ids de 1930666 à 1931665
bulk : {
  "took" : 103,
  "errors" : ...
16: 4001 adresses traitées
adresse : bulk pour les ids de 1931666 à 1932665
bulk : {
  "took" : 85,
  "errors" :  ...
16: 5001 adresses traitées
adresse : bulk pour les ids de 1932666 à 1933665
bulk : {
  "took" : 69,
  "errors" :  ...
16: 6001 adresses traitées
16: 7001 adresses traitées
adresse : bulk pour les ids de 1933666 à 1934665
bulk : {
  "took" : 87,
  "errors" :  ...
16: 8001 adresses traitées
16: 9001 adresses traitées
adresse : bulk pour les ids de 1934666 à 1935665
bulk : {
  "took" : 85,
  "errors" :  ...
16: 10001 adresses traitées
16: 11001 adresses traitées
adresse : bulk pour les ids de 1935666 à 1936665
bulk : {
  "took" : 89,
  "errors" :  ...
16: 12001 adresses traitées
16: 13001 adresses traitées
adresse : bulk pour les ids de 1936666 à 1937665
bulk : {
  "took" : 104,
  "errors" : ...
16: 14001 adresses traitées
adresse : bulk pour les ids de 1937666 à 1938665
bulk : {
  "took" : 76,
  "errors" :  ...
16: 15001 adresses traitées
16: 16001 adresses traitées
16: 17001 adresses traitées
adresse : bulk pour les ids de 1938666 à 1939665
bulk : {
  "took" : 89,
  "errors" :  ...
16: 18001 adresses traitées
16: 19001 adresses traitées
adresse : bulk pour les ids de 1939666 à 1940665
bulk : {
  "took" : 74,
  "errors" :  ...
16: 20001 adresses traitées
16: 21001 adresses traitées
adresse : bulk pour les ids de 1940666 à 1941665
bulk : {
  "took" : 79,
  "errors" :  ...
16: 22001 adresses traitées
adresse : bulk pour les ids de 1941666 à 1942665
bulk : {
  "took" : 99,
  "errors" :  ...
16: 23001 adresses traitées
adresse : bulk pour les ids de 1942666 à 1943665
bulk : {
  "took" : 72,
  "errors" :  ...
16: 24001 adresses traitées
16: 25001 adresses traitées
adresse : bulk pour les ids de 1943666 à 1944665
bulk : {
  "took" : 87,
  "errors" :  ...
16: 26001 adresses traitées
adresse : bulk pour les ids de 1944666 à 1945665
bulk : {
  "took" : 106,
  "errors" : ...
16: 27001 adresses traitées
16: 28001 adresses traitées
adresse : bulk pour les ids de 1945666 à 1946665
bulk : {
  "took" : 71,
  "errors" :  ...
16: 29001 adresses traitées
adresse : bulk pour les ids de 1946666 à 1947665
bulk : {
  "took" : 88,
  "errors" :  ...
16: 30001 adresses traitées
adresse : bulk pour les ids de 1947666 à 1948665
bulk : {
  "took" : 96,
  "errors" :  ...
16: 31001 adresses traitées
adresse : bulk pour les ids de 1948666 à 1949665
bulk : {
  "took" : 71,
  "errors" :  ...
16: 32001 adresses traitées
adresse : bulk pour les ids de 1949666 à 1950665
bulk : {
  "took" : 90,
  "errors" :  ...
16: 33001 adresses traitées
16: 34001 adresses traitées
adresse : bulk pour les ids de 1950666 à 1951665
bulk : {
  "took" : 78,
  "errors" :  ...
16: 35001 adresses traitées
adresse : bulk pour les ids de 1951666 à 1952665
bulk : {
  "took" : 88,
  "errors" :  ...
16: 36001 adresses traitées
adresse : bulk pour les ids de 1952666 à 1953665
bulk : {
  "took" : 103,
  "errors" : ...
16: 37001 adresses traitées
adresse : bulk pour les ids de 1953666 à 1954665
bulk : {
  "took" : 65,
  "errors" :  ...
16: 38001 adresses traitées
adresse : bulk pour les ids de 1954666 à 1955665
bulk : {
  "took" : 89,
  "errors" :  ...
16: 39001 adresses traitées
adresse : bulk pour les ids de 1955666 à 1956665
bulk : {
  "took" : 65,
  "errors" :  ...
16: 40001 adresses traitées
adresse : bulk pour les ids de 1956666 à 1957665
bulk : {
  "took" : 97,
  "errors" :  ...
16: 41001 adresses traitées
adresse : bulk pour les ids de 1957666 à 1958665
bulk : {
  "took" : 90,
  "errors" :  ...
16: 42001 adresses traitées
adresse : bulk pour les ids de 1958666 à 1959665
bulk : {
  "took" : 80,
  "errors" :  ...
16: 43001 adresses traitées
adresse : bulk pour les ids de 1959666 à 1960665
bulk : {
  "took" : 97,
  "errors" :  ...
16: 44001 adresses traitées
adresse : bulk pour les ids de 1960666 à 1961665
bulk : {
  "took" : 76,
  "errors" :  ...
16: 45001 adresses traitées
adresse : bulk pour les ids de 1961666 à 1962665
bulk : {
  "took" : 67,
  "errors" :  ...
16: 46001 adresses traitées
adresse : bulk pour les ids de 1962666 à 1963665
bulk : {
  "took" : 105,
  "errors" : ...
16: 47001 adresses traitées
adresse : bulk pour les ids de 1963666 à 1964665
bulk : {
  "took" : 75,
  "errors" :  ...
16: 48001 adresses traitées
adresse : bulk pour les ids de 1964666 à 1965665
bulk : {
  "took" : 96,
  "errors" :  ...
16: 49001 adresses traitées
16: 50001 adresses traitées
adresse : bulk pour les ids de 1965666 à 1966665
bulk : {
  "took" : 67,
  "errors" :  ...
16: 51001 adresses traitées
adresse : bulk pour les ids de 1966666 à 1967665
bulk : {
  "took" : 90,
  "errors" :  ...
16: 52001 adresses traitées
adresse : bulk pour les ids de 1967666 à 1968665
bulk : {
  "took" : 93,
  "errors" :  ...
16: 53001 adresses traitées
adresse : bulk pour les ids de 1968666 à 1969665
bulk : {
  "took" : 81,
  "errors" :  ...
16: 54001 adresses traitées
adresse : bulk pour les ids de 1969666 à 1970665
bulk : {
  "took" : 85,
  "errors" :  ...
16: 55001 adresses traitées
adresse : bulk pour les ids de 1970666 à 1971665
bulk : {
  "took" : 102,
  "errors" : ...
16: 56001 adresses traitées
adresse : bulk pour les ids de 1971666 à 1972665
bulk : {
  "took" : 66,
  "errors" :  ...
16: 57001 adresses traitées
adresse : bulk pour les ids de 1972666 à 1973665
bulk : {
  "took" : 102,
  "errors" : ...
16: 58001 adresses traitées
adresse : bulk pour les ids de 1973666 à 1974665
bulk : {
  "took" : 67,
  "errors" :  ...
16: 59001 adresses traitées
adresse : bulk pour les ids de 1974666 à 1975665
bulk : {
  "took" : 101,
  "errors" : ...
16: 60001 adresses traitées
adresse : bulk pour les ids de 1975666 à 1976665
bulk : {
  "took" : 96,
  "errors" :  ...
16: 61001 adresses traitées
adresse : bulk pour les ids de 1976666 à 1977665
bulk : {
  "took" : 74,
  "errors" :  ...
16: 62001 adresses traitées
adresse : bulk pour les ids de 1977666 à 1978665
bulk : {
  "took" : 93,
  "errors" :  ...
16: 63001 adresses traitées
adresse : bulk pour les ids de 1978666 à 1979665
bulk : {
  "took" : 97,
  "errors" :  ...
16: 64001 adresses traitées
adresse : bulk pour les ids de 1979666 à 1980665
bulk : {
  "took" : 77,
  "errors" :  ...
16: 65001 adresses traitées
16: 66001 adresses traitées
adresse : bulk pour les ids de 1980666 à 1981665
bulk : {
  "took" : 84,
  "errors" :  ...
16: 67001 adresses traitées
adresse : bulk pour les ids de 1981666 à 1982665
bulk : {
  "took" : 108,
  "errors" : ...
16: 68001 adresses traitées
adresse : bulk pour les ids de 1982666 à 1983665
bulk : {
  "took" : 69,
  "errors" :  ...
16: 69001 adresses traitées
adresse : bulk pour les ids de 1983666 à 1984665
bulk : {
  "took" : 100,
  "errors" : ...
16: 70001 adresses traitées
adresse : bulk pour les ids de 1984666 à 1985665
bulk : {
  "took" : 94,
  "errors" :  ...
16: 71001 adresses traitées
adresse : bulk pour les ids de 1985666 à 1986665
bulk : {
  "took" : 76,
  "errors" :  ...
16: 72001 adresses traitées
adresse : bulk pour les ids de 1986666 à 1987665
bulk : {
  "took" : 87,
  "errors" :  ...
16: 73001 adresses traitées
adresse : bulk pour les ids de 1987666 à 1988665
bulk : {
  "took" : 81,
  "errors" :  ...
16: 74001 adresses traitées
adresse : bulk pour les ids de 1988666 à 1989665
bulk : {
  "took" : 85,
  "errors" :  ...
16: 75001 adresses traitées
adresse : bulk pour les ids de 1989666 à 1990665
bulk : {
  "took" : 75,
  "errors" :  ...
16: 76001 adresses traitées
adresse : bulk pour les ids de 1990666 à 1991665
bulk : {
  "took" : 66,
  "errors" :  ...
16: 77001 adresses traitées
adresse : bulk pour les ids de 1991666 à 1992665
bulk : {
  "took" : 98,
  "errors" :  ...
16: 78001 adresses traitées
16: 79001 adresses traitées
adresse : bulk pour les ids de 1992666 à 1993665
bulk : {
  "took" : 66,
  "errors" :  ...
16: 80001 adresses traitées
adresse : bulk pour les ids de 1993666 à 1994665
bulk : {
  "took" : 73,
  "errors" :  ...
16: 81001 adresses traitées
adresse : bulk pour les ids de 1994666 à 1995665
bulk : {
  "took" : 101,
  "errors" : ...
16: 82001 adresses traitées
adresse : bulk pour les ids de 1995666 à 1996665
bulk : {
  "took" : 76,
  "errors" :  ...
16: 83001 adresses traitées
adresse : bulk pour les ids de 1996666 à 1997665
bulk : {
  "took" : 65,
  "errors" :  ...
16: 84001 adresses traitées
adresse : bulk pour les ids de 1997666 à 1998665
bulk : {
  "took" : 96,
  "errors" :  ...
16: 85001 adresses traitées
adresse : bulk pour les ids de 1998666 à 1999665
bulk : {
  "took" : 65,
  "errors" :  ...
16: 86001 adresses traitées
adresse : bulk pour les ids de 1999666 à 2000665
bulk : {
  "took" : 98,
  "errors" :  ...
16: 87001 adresses traitées
adresse : bulk pour les ids de 2000666 à 2001665
bulk : {
  "took" : 83,
  "errors" :  ...
16: 88001 adresses traitées
adresse : bulk pour les ids de 2001666 à 2002665
bulk : {
  "took" : 79,
  "errors" :  ...
16: 89001 adresses traitées
adresse : bulk pour les ids de 2002666 à 2003665
bulk : {
  "took" : 89,
  "errors" :  ...
16: 90001 adresses traitées
adresse : bulk pour les ids de 2003666 à 2004665
bulk : {
  "took" : 73,
  "errors" :  ...
16: 91001 adresses traitées
adresse : bulk pour les ids de 2004666 à 2005665
bulk : {
  "took" : 65,
  "errors" :  ...
16: 92001 adresses traitées
adresse : bulk pour les ids de 2005666 à 2006665
bulk : {
  "took" : 93,
  "errors" :  ...
16: 93001 adresses traitées
adresse : bulk pour les ids de 2006666 à 2007665
bulk : {
  "took" : 66,
  "errors" :  ...
16: 94001 adresses traitées
adresse : bulk pour les ids de 2007666 à 2008665
bulk : {
  "took" : 96,
  "errors" :  ...
16: 95001 adresses traitées
adresse : bulk pour les ids de 2008666 à 2009665
bulk : {
  "took" : 64,
  "errors" :  ...
16: 96001 adresses traitées
adresse : bulk pour les ids de 2009666 à 2010665
bulk : {
  "took" : 81,
  "errors" :  ...
16: 97001 adresses traitées
adresse : bulk pour les ids de 2010666 à 2011665
bulk : {
  "took" : 89,
  "errors" :  ...
16: 98001 adresses traitées
16: 99001 adresses traitées
adresse : bulk pour les ids de 2011666 à 2012665
bulk : {
  "took" : 86,
  "errors" :  ...
16: 100001 adresses traitées
adresse : bulk pour les ids de 2012666 à 2013665
bulk : {
  "took" : 84,
  "errors" :  ...
16: 101001 adresses traitées
adresse : bulk pour les ids de 2013666 à 2014665
bulk : {
  "took" : 95,
  "errors" :  ...
16: 102001 adresses traitées
adresse : bulk pour les ids de 2014666 à 2015665
bulk : {
  "took" : 66,
  "errors" :  ...
16: 103001 adresses traitées
adresse : bulk pour les ids de 2015666 à 2016665
bulk : {
  "took" : 108,
  "errors" : ...
16: 104001 adresses traitées
adresse : bulk pour les ids de 2016666 à 2017665
bulk : {
  "took" : 65,
  "errors" :  ...
16: 105001 adresses traitées
adresse : bulk pour les ids de 2017666 à 2018665
bulk : {
  "took" : 84,
  "errors" :  ...
16: 106001 adresses traitées
adresse : bulk pour les ids de 2018666 à 2019665
bulk : {
  "took" : 88,
  "errors" :  ...
16: 107001 adresses traitées
16: 108001 adresses traitées
adresse : bulk pour les ids de 2019666 à 2020665
bulk : {
  "took" : 75,
  "errors" :  ...
16: 109001 adresses traitées
adresse : bulk pour les ids de 2020666 à 2021665
bulk : {
  "took" : 68,
  "errors" :  ...
16: 110001 adresses traitées
adresse : bulk pour les ids de 2021666 à 2022665
bulk : {
  "took" : 92,
  "errors" :  ...
16: 111001 adresses traitées
16: 112001 adresses traitées
adresse : bulk pour les ids de 2022666 à 2023665
bulk : {
  "took" : 67,
  "errors" :  ...
16: 113001 adresses traitées
adresse : bulk pour les ids de 2023666 à 2024665
bulk : {
  "took" : 98,
  "errors" :  ...
16: 114001 adresses traitées
16: 115001 adresses traitées
adresse : bulk pour les ids de 2024666 à 2025665
bulk : {
  "took" : 67,
  "errors" :  ...
16: 116001 adresses traitées
adresse : bulk pour les ids de 2025666 à 2026665
bulk : {
  "took" : 93,
  "errors" :  ...
16: 117001 adresses traitées
16: 118001 adresses traitées
adresse : bulk pour les ids de 2026666 à 2027665
bulk : {
  "took" : 84,
  "errors" :  ...
16: 119001 adresses traitées
adresse : bulk pour les ids de 2027666 à 2028665
bulk : {
  "took" : 75,
  "errors" :  ...
16: 120001 adresses traitées
adresse : bulk pour les ids de 2028666 à 2029665
bulk : {
  "took" : 67,
  "errors" :  ...
16: 121001 adresses traitées
adresse : bulk pour les ids de 2029666 à 2030665
bulk : {
  "took" : 97,
  "errors" :  ...
16: 122001 adresses traitées
adresse : bulk pour les ids de 2030666 à 2031665
bulk : {
  "took" : 68,
  "errors" :  ...
16: 123001 adresses traitées
adresse : bulk pour les ids de 2031666 à 2032665
bulk : {
  "took" : 92,
  "errors" :  ...
16: 124001 adresses traitées
adresse : bulk pour les ids de 2032666 à 2033665
bulk : {
  "took" : 85,
  "errors" :  ...
16: 125001 adresses traitées
16: 126001 adresses traitées
adresse : bulk pour les ids de 2033666 à 2034665
bulk : {
  "took" : 84,
  "errors" :  ...
16: 127001 adresses traitées
adresse : bulk pour les ids de 2034666 à 2035665
bulk : {
  "took" : 75,
  "errors" :  ...
16: 128001 adresses traitées
adresse : bulk pour les ids de 2035666 à 2036665
bulk : {
  "took" : 94,
  "errors" :  ...
16: 129001 adresses traitées
adresse : bulk pour les ids de 2036666 à 2037665
bulk : {
  "took" : 74,
  "errors" :  ...
adresse : bulk pour les ids de 2037666 à 2037862
bulk : {
  "took" : 16,
  "errors" :  ...
dpt 17 : voies
17: 1 voies traitées
voie : bulk pour les ids de 164928 à 165127
bulk : {
  "took" : 31,
  "errors" :  ...
17: 201 voies traitées
voie : bulk pour les ids de 165128 à 165327
bulk : {
  "took" : 12,
  "errors" :  ...
17: 401 voies traitées
voie : bulk pour les ids de 165328 à 165527
bulk : {
  "took" : 13,
  "errors" :  ...
17: 601 voies traitées
voie : bulk pour les ids de 165528 à 165727
bulk : {
  "took" : 12,
  "errors" :  ...
17: 801 voies traitées
voie : bulk pour les ids de 165728 à 165927
bulk : {
  "took" : 12,
  "errors" :  ...
17: 1001 voies traitées
voie : bulk pour les ids de 165928 à 166127
bulk : {
  "took" : 12,
  "errors" :  ...
17: 1201 voies traitées
voie : bulk pour les ids de 166128 à 166327
bulk : {
  "took" : 11,
  "errors" :  ...
17: 1401 voies traitées
voie : bulk pour les ids de 166328 à 166527
bulk : {
  "took" : 12,
  "errors" :  ...
17: 1601 voies traitées
voie : bulk pour les ids de 166528 à 166727
bulk : {
  "took" : 12,
  "errors" :  ...
17: 1801 voies traitées
voie : bulk pour les ids de 166728 à 166927
bulk : {
  "took" : 13,
  "errors" :  ...
17: 2001 voies traitées
voie : bulk pour les ids de 166928 à 167127
bulk : {
  "took" : 12,
  "errors" :  ...
17: 2201 voies traitées
voie : bulk pour les ids de 167128 à 167327
bulk : {
  "took" : 31,
  "errors" :  ...
17: 2401 voies traitées
voie : bulk pour les ids de 167328 à 167527
bulk : {
  "took" : 13,
  "errors" :  ...
17: 2601 voies traitées
voie : bulk pour les ids de 167528 à 167727
bulk : {
  "took" : 13,
  "errors" :  ...
17: 2801 voies traitées
voie : bulk pour les ids de 167728 à 167927
bulk : {
  "took" : 12,
  "errors" :  ...
17: 3001 voies traitées
voie : bulk pour les ids de 167928 à 168127
bulk : {
  "took" : 12,
  "errors" :  ...
17: 3201 voies traitées
voie : bulk pour les ids de 168128 à 168327
bulk : {
  "took" : 12,
  "errors" :  ...
17: 3401 voies traitées
voie : bulk pour les ids de 168328 à 168527
bulk : {
  "took" : 12,
  "errors" :  ...
17: 3601 voies traitées
voie : bulk pour les ids de 168528 à 168727
bulk : {
  "took" : 15,
  "errors" :  ...
17: 3801 voies traitées
voie : bulk pour les ids de 168728 à 168927
bulk : {
  "took" : 12,
  "errors" :  ...
17: 4001 voies traitées
voie : bulk pour les ids de 168928 à 169127
bulk : {
  "took" : 34,
  "errors" :  ...
17: 4201 voies traitées
voie : bulk pour les ids de 169128 à 169327
bulk : {
  "took" : 12,
  "errors" :  ...
17: 4401 voies traitées
voie : bulk pour les ids de 169328 à 169527
bulk : {
  "took" : 12,
  "errors" :  ...
17: 4601 voies traitées
voie : bulk pour les ids de 169528 à 169727
bulk : {
  "took" : 12,
  "errors" :  ...
17: 4801 voies traitées
voie : bulk pour les ids de 169728 à 169927
bulk : {
  "took" : 13,
  "errors" :  ...
17: 5001 voies traitées
voie : bulk pour les ids de 169928 à 170127
bulk : {
  "took" : 12,
  "errors" :  ...
17: 5201 voies traitées
voie : bulk pour les ids de 170128 à 170327
bulk : {
  "took" : 12,
  "errors" :  ...
17: 5401 voies traitées
voie : bulk pour les ids de 170328 à 170527
bulk : {
  "took" : 13,
  "errors" :  ...
17: 5601 voies traitées
voie : bulk pour les ids de 170528 à 170727
bulk : {
  "took" : 12,
  "errors" :  ...
17: 5801 voies traitées
voie : bulk pour les ids de 170728 à 170927
bulk : {
  "took" : 12,
  "errors" :  ...
17: 6001 voies traitées
voie : bulk pour les ids de 170928 à 171127
bulk : {
  "took" : 12,
  "errors" :  ...
17: 6201 voies traitées
voie : bulk pour les ids de 171128 à 171327
bulk : {
  "took" : 35,
  "errors" :  ...
17: 6401 voies traitées
voie : bulk pour les ids de 171328 à 171527
bulk : {
  "took" : 12,
  "errors" :  ...
17: 6601 voies traitées
voie : bulk pour les ids de 171528 à 171727
bulk : {
  "took" : 13,
  "errors" :  ...
17: 6801 voies traitées
voie : bulk pour les ids de 171728 à 171927
bulk : {
  "took" : 12,
  "errors" :  ...
17: 7001 voies traitées
voie : bulk pour les ids de 171928 à 172127
bulk : {
  "took" : 12,
  "errors" :  ...
17: 7201 voies traitées
voie : bulk pour les ids de 172128 à 172327
bulk : {
  "took" : 14,
  "errors" :  ...
17: 7401 voies traitées
voie : bulk pour les ids de 172328 à 172527
bulk : {
  "took" : 13,
  "errors" :  ...
17: 7601 voies traitées
voie : bulk pour les ids de 172528 à 172727
bulk : {
  "took" : 12,
  "errors" :  ...
17: 7801 voies traitées
voie : bulk pour les ids de 172728 à 172927
bulk : {
  "took" : 12,
  "errors" :  ...
17: 8001 voies traitées
voie : bulk pour les ids de 172928 à 173127
bulk : {
  "took" : 34,
  "errors" :  ...
17: 8201 voies traitées
voie : bulk pour les ids de 173128 à 173327
bulk : {
  "took" : 13,
  "errors" :  ...
17: 8401 voies traitées
voie : bulk pour les ids de 173328 à 173527
bulk : {
  "took" : 12,
  "errors" :  ...
17: 8601 voies traitées
voie : bulk pour les ids de 173528 à 173727
bulk : {
  "took" : 12,
  "errors" :  ...
17: 8801 voies traitées
voie : bulk pour les ids de 173728 à 173927
bulk : {
  "took" : 12,
  "errors" :  ...
17: 9001 voies traitées
voie : bulk pour les ids de 173928 à 174127
bulk : {
  "took" : 12,
  "errors" :  ...
17: 9201 voies traitées
voie : bulk pour les ids de 174128 à 174327
bulk : {
  "took" : 11,
  "errors" :  ...
17: 9401 voies traitées
voie : bulk pour les ids de 174328 à 174527
bulk : {
  "took" : 12,
  "errors" :  ...
17: 9601 voies traitées
voie : bulk pour les ids de 174528 à 174727
bulk : {
  "took" : 12,
  "errors" :  ...
17: 9801 voies traitées
voie : bulk pour les ids de 174728 à 174927
bulk : {
  "took" : 12,
  "errors" :  ...
17: 10001 voies traitées
voie : bulk pour les ids de 174928 à 175127
bulk : {
  "took" : 12,
  "errors" :  ...
17: 10201 voies traitées
voie : bulk pour les ids de 175128 à 175327
bulk : {
  "took" : 30,
  "errors" :  ...
17: 10401 voies traitées
voie : bulk pour les ids de 175328 à 175527
bulk : {
  "took" : 11,
  "errors" :  ...
17: 10601 voies traitées
voie : bulk pour les ids de 175528 à 175727
bulk : {
  "took" : 12,
  "errors" :  ...
17: 10801 voies traitées
voie : bulk pour les ids de 175728 à 175927
bulk : {
  "took" : 14,
  "errors" :  ...
17: 11001 voies traitées
voie : bulk pour les ids de 175928 à 176127
bulk : {
  "took" : 12,
  "errors" :  ...
17: 11201 voies traitées
voie : bulk pour les ids de 176128 à 176327
bulk : {
  "took" : 16,
  "errors" :  ...
17: 11401 voies traitées
voie : bulk pour les ids de 176328 à 176527
bulk : {
  "took" : 12,
  "errors" :  ...
17: 11601 voies traitées
voie : bulk pour les ids de 176528 à 176727
bulk : {
  "took" : 12,
  "errors" :  ...
17: 11801 voies traitées
voie : bulk pour les ids de 176728 à 176927
bulk : {
  "took" : 13,
  "errors" :  ...
17: 12001 voies traitées
voie : bulk pour les ids de 176928 à 177127
bulk : {
  "took" : 34,
  "errors" :  ...
17: 12201 voies traitées
voie : bulk pour les ids de 177128 à 177327
bulk : {
  "took" : 12,
  "errors" :  ...
17: 12401 voies traitées
voie : bulk pour les ids de 177328 à 177527
bulk : {
  "took" : 13,
  "errors" :  ...
17: 12601 voies traitées
voie : bulk pour les ids de 177528 à 177727
bulk : {
  "took" : 12,
  "errors" :  ...
17: 12801 voies traitées
voie : bulk pour les ids de 177728 à 177927
bulk : {
  "took" : 12,
  "errors" :  ...
17: 13001 voies traitées
voie : bulk pour les ids de 177928 à 178127
bulk : {
  "took" : 12,
  "errors" :  ...
17: 13201 voies traitées
voie : bulk pour les ids de 178128 à 178327
bulk : {
  "took" : 12,
  "errors" :  ...
17: 13401 voies traitées
voie : bulk pour les ids de 178328 à 178527
bulk : {
  "took" : 12,
  "errors" :  ...
17: 13601 voies traitées
voie : bulk pour les ids de 178528 à 178727
bulk : {
  "took" : 35,
  "errors" :  ...
17: 13801 voies traitées
voie : bulk pour les ids de 178728 à 178927
bulk : {
  "took" : 12,
  "errors" :  ...
17: 14001 voies traitées
voie : bulk pour les ids de 178928 à 179127
bulk : {
  "took" : 12,
  "errors" :  ...
17: 14201 voies traitées
voie : bulk pour les ids de 179128 à 179327
bulk : {
  "took" : 27,
  "errors" :  ...
17: 14401 voies traitées
voie : bulk pour les ids de 179328 à 179527
bulk : {
  "took" : 12,
  "errors" :  ...
17: 14601 voies traitées
voie : bulk pour les ids de 179528 à 179727
bulk : {
  "took" : 16,
  "errors" :  ...
17: 14801 voies traitées
voie : bulk pour les ids de 179728 à 179927
bulk : {
  "took" : 18,
  "errors" :  ...
17: 15001 voies traitées
voie : bulk pour les ids de 179928 à 180127
bulk : {
  "took" : 13,
  "errors" :  ...
17: 15201 voies traitées
voie : bulk pour les ids de 180128 à 180327
bulk : {
  "took" : 13,
  "errors" :  ...
17: 15401 voies traitées
voie : bulk pour les ids de 180328 à 180527
bulk : {
  "took" : 12,
  "errors" :  ...
17: 15601 voies traitées
voie : bulk pour les ids de 180528 à 180727
bulk : {
  "took" : 28,
  "errors" :  ...
17: 15801 voies traitées
voie : bulk pour les ids de 180728 à 180927
bulk : {
  "took" : 12,
  "errors" :  ...
17: 16001 voies traitées
voie : bulk pour les ids de 180928 à 181127
bulk : {
  "took" : 13,
  "errors" :  ...
17: 16201 voies traitées
voie : bulk pour les ids de 181128 à 181327
bulk : {
  "took" : 13,
  "errors" :  ...
17: 16401 voies traitées
voie : bulk pour les ids de 181328 à 181527
bulk : {
  "took" : 12,
  "errors" :  ...
17: 16601 voies traitées
voie : bulk pour les ids de 181528 à 181727
bulk : {
  "took" : 12,
  "errors" :  ...
17: 16801 voies traitées
voie : bulk pour les ids de 181728 à 181927
bulk : {
  "took" : 12,
  "errors" :  ...
17: 17001 voies traitées
voie : bulk pour les ids de 181928 à 182127
bulk : {
  "took" : 33,
  "errors" :  ...
17: 17201 voies traitées
voie : bulk pour les ids de 182128 à 182327
bulk : {
  "took" : 12,
  "errors" :  ...
17: 17401 voies traitées
voie : bulk pour les ids de 182328 à 182527
bulk : {
  "took" : 13,
  "errors" :  ...
17: 17601 voies traitées
voie : bulk pour les ids de 182528 à 182727
bulk : {
  "took" : 13,
  "errors" :  ...
17: 17801 voies traitées
voie : bulk pour les ids de 182728 à 182927
bulk : {
  "took" : 13,
  "errors" :  ...
17: 18001 voies traitées
voie : bulk pour les ids de 182928 à 183127
bulk : {
  "took" : 16,
  "errors" :  ...
17: 18201 voies traitées
voie : bulk pour les ids de 183128 à 183327
bulk : {
  "took" : 13,
  "errors" :  ...
17: 18401 voies traitées
voie : bulk pour les ids de 183328 à 183527
bulk : {
  "took" : 13,
  "errors" :  ...
17: 18601 voies traitées
voie : bulk pour les ids de 183528 à 183727
bulk : {
  "took" : 15,
  "errors" :  ...
17: 18801 voies traitées
voie : bulk pour les ids de 183728 à 183927
bulk : {
  "took" : 33,
  "errors" :  ...
17: 19001 voies traitées
voie : bulk pour les ids de 183928 à 184127
bulk : {
  "took" : 12,
  "errors" :  ...
17: 19201 voies traitées
voie : bulk pour les ids de 184128 à 184327
bulk : {
  "took" : 12,
  "errors" :  ...
17: 19401 voies traitées
voie : bulk pour les ids de 184328 à 184527
bulk : {
  "took" : 13,
  "errors" :  ...
17: 19601 voies traitées
voie : bulk pour les ids de 184528 à 184727
bulk : {
  "took" : 13,
  "errors" :  ...
17: 19801 voies traitées
voie : bulk pour les ids de 184728 à 184927
bulk : {
  "took" : 12,
  "errors" :  ...
17: 20001 voies traitées
voie : bulk pour les ids de 184928 à 185127
bulk : {
  "took" : 12,
  "errors" :  ...
17: 20201 voies traitées
voie : bulk pour les ids de 185128 à 185327
bulk : {
  "took" : 12,
  "errors" :  ...
17: 20401 voies traitées
voie : bulk pour les ids de 185328 à 185527
bulk : {
  "took" : 13,
  "errors" :  ...
17: 20601 voies traitées
voie : bulk pour les ids de 185528 à 185727
bulk : {
  "took" : 13,
  "errors" :  ...
17: 20801 voies traitées
voie : bulk pour les ids de 185728 à 185927
bulk : {
  "took" : 12,
  "errors" :  ...
17: 21001 voies traitées
voie : bulk pour les ids de 185928 à 186127
bulk : {
  "took" : 16,
  "errors" :  ...
17: 21201 voies traitées
voie : bulk pour les ids de 186128 à 186327
bulk : {
  "took" : 13,
  "errors" :  ...
17: 21401 voies traitées
voie : bulk pour les ids de 186328 à 186527
bulk : {
  "took" : 13,
  "errors" :  ...
17: 21601 voies traitées
voie : bulk pour les ids de 186528 à 186727
bulk : {
  "took" : 13,
  "errors" :  ...
17: 21801 voies traitées
voie : bulk pour les ids de 186728 à 186927
bulk : {
  "took" : 29,
  "errors" :  ...
17: 22001 voies traitées
voie : bulk pour les ids de 186928 à 187127
bulk : {
  "took" : 18,
  "errors" :  ...
17: 22201 voies traitées
voie : bulk pour les ids de 187128 à 187327
bulk : {
  "took" : 28,
  "errors" :  ...
17: 22401 voies traitées
voie : bulk pour les ids de 187328 à 187527
bulk : {
  "took" : 14,
  "errors" :  ...
17: 22601 voies traitées
voie : bulk pour les ids de 187528 à 187727
bulk : {
  "took" : 12,
  "errors" :  ...
17: 22801 voies traitées
voie : bulk pour les ids de 187728 à 187927
bulk : {
  "took" : 21,
  "errors" :  ...
17: 23001 voies traitées
voie : bulk pour les ids de 187928 à 188127
bulk : {
  "took" : 12,
  "errors" :  ...
17: 23201 voies traitées
voie : bulk pour les ids de 188128 à 188327
bulk : {
  "took" : 11,
  "errors" :  ...
17: 23401 voies traitées
voie : bulk pour les ids de 188328 à 188527
bulk : {
  "took" : 12,
  "errors" :  ...
17: 23601 voies traitées
voie : bulk pour les ids de 188528 à 188727
bulk : {
  "took" : 31,
  "errors" :  ...
17: 23801 voies traitées
voie : bulk pour les ids de 188728 à 188927
bulk : {
  "took" : 15,
  "errors" :  ...
17: 24001 voies traitées
voie : bulk pour les ids de 188928 à 189127
bulk : {
  "took" : 12,
  "errors" :  ...
17: 24201 voies traitées
voie : bulk pour les ids de 189128 à 189327
bulk : {
  "took" : 13,
  "errors" :  ...
17: 24401 voies traitées
voie : bulk pour les ids de 189328 à 189527
bulk : {
  "took" : 12,
  "errors" :  ...
17: 24601 voies traitées
voie : bulk pour les ids de 189528 à 189727
bulk : {
  "took" : 13,
  "errors" :  ...
17: 24801 voies traitées
voie : bulk pour les ids de 189728 à 189927
bulk : {
  "took" : 13,
  "errors" :  ...
17: 25001 voies traitées
voie : bulk pour les ids de 189928 à 190127
bulk : {
  "took" : 12,
  "errors" :  ...
17: 25201 voies traitées
voie : bulk pour les ids de 190128 à 190327
bulk : {
  "took" : 12,
  "errors" :  ...
17: 25401 voies traitées
voie : bulk pour les ids de 190328 à 190527
bulk : {
  "took" : 16,
  "errors" :  ...
17: 25601 voies traitées
voie : bulk pour les ids de 190528 à 190727
bulk : {
  "took" : 33,
  "errors" :  ...
17: 25801 voies traitées
voie : bulk pour les ids de 190728 à 190927
bulk : {
  "took" : 19,
  "errors" :  ...
17: 26001 voies traitées
voie : bulk pour les ids de 190928 à 191127
bulk : {
  "took" : 18,
  "errors" :  ...
17: 26201 voies traitées
voie : bulk pour les ids de 191128 à 191327
bulk : {
  "took" : 11,
  "errors" :  ...
17: 26401 voies traitées
voie : bulk pour les ids de 191328 à 191527
bulk : {
  "took" : 12,
  "errors" :  ...
17: 26601 voies traitées
voie : bulk pour les ids de 191528 à 191727
bulk : {
  "took" : 13,
  "errors" :  ...
17: 26801 voies traitées
voie : bulk pour les ids de 191728 à 191734
bulk : {
  "took" : 1,
  "errors" : f ...
dpt 17 : adresses
17: 1 adresses traitées
17: 1001 adresses traitées
adresse : bulk pour les ids de 2037863 à 2038862
bulk : {
  "took" : 102,
  "errors" : ...
17: 2001 adresses traitées
adresse : bulk pour les ids de 2038863 à 2039862
bulk : {
  "took" : 83,
  "errors" :  ...
17: 3001 adresses traitées
adresse : bulk pour les ids de 2039863 à 2040862
bulk : {
  "took" : 101,
  "errors" : ...
17: 4001 adresses traitées
adresse : bulk pour les ids de 2040863 à 2041862
bulk : {
  "took" : 74,
  "errors" :  ...
17: 5001 adresses traitées
adresse : bulk pour les ids de 2041863 à 2042862
bulk : {
  "took" : 89,
  "errors" :  ...
17: 6001 adresses traitées
adresse : bulk pour les ids de 2042863 à 2043862
bulk : {
  "took" : 105,
  "errors" : ...
17: 7001 adresses traitées
adresse : bulk pour les ids de 2043863 à 2044862
bulk : {
  "took" : 91,
  "errors" :  ...
17: 8001 adresses traitées
adresse : bulk pour les ids de 2044863 à 2045862
bulk : {
  "took" : 91,
  "errors" :  ...
17: 9001 adresses traitées
adresse : bulk pour les ids de 2045863 à 2046862
bulk : {
  "took" : 105,
  "errors" : ...
17: 10001 adresses traitées
adresse : bulk pour les ids de 2046863 à 2047862
bulk : {
  "took" : 104,
  "errors" : ...
17: 11001 adresses traitées
adresse : bulk pour les ids de 2047863 à 2048862
bulk : {
  "took" : 71,
  "errors" :  ...
17: 12001 adresses traitées
17: 13001 adresses traitées
adresse : bulk pour les ids de 2048863 à 2049862
bulk : {
  "took" : 95,
  "errors" :  ...
17: 14001 adresses traitées
adresse : bulk pour les ids de 2049863 à 2050862
bulk : {
  "took" : 68,
  "errors" :  ...
17: 15001 adresses traitées
adresse : bulk pour les ids de 2050863 à 2051862
bulk : {
  "took" : 71,
  "errors" :  ...
17: 16001 adresses traitées
adresse : bulk pour les ids de 2051863 à 2052862
bulk : {
  "took" : 92,
  "errors" :  ...
17: 17001 adresses traitées
adresse : bulk pour les ids de 2052863 à 2053862
bulk : {
  "took" : 86,
  "errors" :  ...
17: 18001 adresses traitées
adresse : bulk pour les ids de 2053863 à 2054862
bulk : {
  "took" : 89,
  "errors" :  ...
17: 19001 adresses traitées
adresse : bulk pour les ids de 2054863 à 2055862
bulk : {
  "took" : 96,
  "errors" :  ...
17: 20001 adresses traitées
adresse : bulk pour les ids de 2055863 à 2056862
bulk : {
  "took" : 86,
  "errors" :  ...
17: 21001 adresses traitées
adresse : bulk pour les ids de 2056863 à 2057862
bulk : {
  "took" : 102,
  "errors" : ...
17: 22001 adresses traitées
adresse : bulk pour les ids de 2057863 à 2058862
bulk : {
  "took" : 105,
  "errors" : ...
17: 23001 adresses traitées
adresse : bulk pour les ids de 2058863 à 2059862
bulk : {
  "took" : 76,
  "errors" :  ...
17: 24001 adresses traitées
17: 25001 adresses traitées
adresse : bulk pour les ids de 2059863 à 2060862
bulk : {
  "took" : 71,
  "errors" :  ...
17: 26001 adresses traitées
adresse : bulk pour les ids de 2060863 à 2061862
bulk : {
  "took" : 94,
  "errors" :  ...
17: 27001 adresses traitées
adresse : bulk pour les ids de 2061863 à 2062862
bulk : {
  "took" : 93,
  "errors" :  ...
17: 28001 adresses traitées
adresse : bulk pour les ids de 2062863 à 2063862
bulk : {
  "took" : 77,
  "errors" :  ...
17: 29001 adresses traitées
adresse : bulk pour les ids de 2063863 à 2064862
bulk : {
  "took" : 86,
  "errors" :  ...
17: 30001 adresses traitées
adresse : bulk pour les ids de 2064863 à 2065862
bulk : {
  "took" : 77,
  "errors" :  ...
17: 31001 adresses traitées
adresse : bulk pour les ids de 2065863 à 2066862
bulk : {
  "took" : 96,
  "errors" :  ...
17: 32001 adresses traitées
adresse : bulk pour les ids de 2066863 à 2067862
bulk : {
  "took" : 98,
  "errors" :  ...
17: 33001 adresses traitées
adresse : bulk pour les ids de 2067863 à 2068862
bulk : {
  "took" : 70,
  "errors" :  ...
17: 34001 adresses traitées
adresse : bulk pour les ids de 2068863 à 2069862
bulk : {
  "took" : 95,
  "errors" :  ...
17: 35001 adresses traitées
adresse : bulk pour les ids de 2069863 à 2070862
bulk : {
  "took" : 89,
  "errors" :  ...
17: 36001 adresses traitées
adresse : bulk pour les ids de 2070863 à 2071862
bulk : {
  "took" : 76,
  "errors" :  ...
17: 37001 adresses traitées
adresse : bulk pour les ids de 2071863 à 2072862
bulk : {
  "took" : 91,
  "errors" :  ...
17: 38001 adresses traitées
adresse : bulk pour les ids de 2072863 à 2073862
bulk : {
  "took" : 83,
  "errors" :  ...
17: 39001 adresses traitées
adresse : bulk pour les ids de 2073863 à 2074862
bulk : {
  "took" : 89,
  "errors" :  ...
17: 40001 adresses traitées
adresse : bulk pour les ids de 2074863 à 2075862
bulk : {
  "took" : 98,
  "errors" :  ...
17: 41001 adresses traitées
17: 42001 adresses traitées
adresse : bulk pour les ids de 2075863 à 2076862
bulk : {
  "took" : 67,
  "errors" :  ...
17: 43001 adresses traitées
adresse : bulk pour les ids de 2076863 à 2077862
bulk : {
  "took" : 95,
  "errors" :  ...
17: 44001 adresses traitées
adresse : bulk pour les ids de 2077863 à 2078862
bulk : {
  "took" : 86,
  "errors" :  ...
17: 45001 adresses traitées
adresse : bulk pour les ids de 2078863 à 2079862
bulk : {
  "took" : 77,
  "errors" :  ...
17: 46001 adresses traitées
adresse : bulk pour les ids de 2079863 à 2080862
bulk : {
  "took" : 68,
  "errors" :  ...
17: 47001 adresses traitées
adresse : bulk pour les ids de 2080863 à 2081862
bulk : {
  "took" : 105,
  "errors" : ...
17: 48001 adresses traitées
adresse : bulk pour les ids de 2081863 à 2082862
bulk : {
  "took" : 66,
  "errors" :  ...
17: 49001 adresses traitées
adresse : bulk pour les ids de 2082863 à 2083862
bulk : {
  "took" : 104,
  "errors" : ...
17: 50001 adresses traitées
adresse : bulk pour les ids de 2083863 à 2084862
bulk : {
  "took" : 84,
  "errors" :  ...
17: 51001 adresses traitées
adresse : bulk pour les ids de 2084863 à 2085862
bulk : {
  "took" : 74,
  "errors" :  ...
17: 52001 adresses traitées
adresse : bulk pour les ids de 2085863 à 2086862
bulk : {
  "took" : 88,
  "errors" :  ...
17: 53001 adresses traitées
adresse : bulk pour les ids de 2086863 à 2087862
bulk : {
  "took" : 94,
  "errors" :  ...
17: 54001 adresses traitées
adresse : bulk pour les ids de 2087863 à 2088862
bulk : {
  "took" : 69,
  "errors" :  ...
17: 55001 adresses traitées
adresse : bulk pour les ids de 2088863 à 2089862
bulk : {
  "took" : 92,
  "errors" :  ...
17: 56001 adresses traitées
adresse : bulk pour les ids de 2089863 à 2090862
bulk : {
  "took" : 94,
  "errors" :  ...
17: 57001 adresses traitées
adresse : bulk pour les ids de 2090863 à 2091862
bulk : {
  "took" : 75,
  "errors" :  ...
17: 58001 adresses traitées
adresse : bulk pour les ids de 2091863 à 2092862
bulk : {
  "took" : 85,
  "errors" :  ...
17: 59001 adresses traitées
adresse : bulk pour les ids de 2092863 à 2093862
bulk : {
  "took" : 75,
  "errors" :  ...
17: 60001 adresses traitées
adresse : bulk pour les ids de 2093863 à 2094862
bulk : {
  "took" : 67,
  "errors" :  ...
17: 61001 adresses traitées
adresse : bulk pour les ids de 2094863 à 2095862
bulk : {
  "took" : 99,
  "errors" :  ...
17: 62001 adresses traitées
adresse : bulk pour les ids de 2095863 à 2096862
bulk : {
  "took" : 86,
  "errors" :  ...
17: 63001 adresses traitées
adresse : bulk pour les ids de 2096863 à 2097862
bulk : {
  "took" : 82,
  "errors" :  ...
17: 64001 adresses traitées
adresse : bulk pour les ids de 2097863 à 2098862
bulk : {
  "took" : 65,
  "errors" :  ...
17: 65001 adresses traitées
adresse : bulk pour les ids de 2098863 à 2099862
bulk : {
  "took" : 100,
  "errors" : ...
17: 66001 adresses traitées
adresse : bulk pour les ids de 2099863 à 2100862
bulk : {
  "took" : 66,
  "errors" :  ...
17: 67001 adresses traitées
adresse : bulk pour les ids de 2100863 à 2101862
bulk : {
  "took" : 107,
  "errors" : ...
17: 68001 adresses traitées
17: 69001 adresses traitées
adresse : bulk pour les ids de 2101863 à 2102862
bulk : {
  "took" : 86,
  "errors" :  ...
17: 70001 adresses traitées
adresse : bulk pour les ids de 2102863 à 2103862
bulk : {
  "took" : 82,
  "errors" :  ...
17: 71001 adresses traitées
adresse : bulk pour les ids de 2103863 à 2104862
bulk : {
  "took" : 82,
  "errors" :  ...
17: 72001 adresses traitées
adresse : bulk pour les ids de 2104863 à 2105862
bulk : {
  "took" : 82,
  "errors" :  ...
17: 73001 adresses traitées
adresse : bulk pour les ids de 2105863 à 2106862
bulk : {
  "took" : 67,
  "errors" :  ...
17: 74001 adresses traitées
adresse : bulk pour les ids de 2106863 à 2107862
bulk : {
  "took" : 101,
  "errors" : ...
17: 75001 adresses traitées
adresse : bulk pour les ids de 2107863 à 2108862
bulk : {
  "took" : 65,
  "errors" :  ...
17: 76001 adresses traitées
adresse : bulk pour les ids de 2108863 à 2109862
bulk : {
  "took" : 102,
  "errors" : ...
17: 77001 adresses traitées
adresse : bulk pour les ids de 2109863 à 2110862
bulk : {
  "took" : 68,
  "errors" :  ...
17: 78001 adresses traitées
adresse : bulk pour les ids de 2110863 à 2111862
bulk : {
  "took" : 101,
  "errors" : ...
17: 79001 adresses traitées
adresse : bulk pour les ids de 2111863 à 2112862
bulk : {
  "took" : 88,
  "errors" :  ...
17: 80001 adresses traitées
adresse : bulk pour les ids de 2112863 à 2113862
bulk : {
  "took" : 101,
  "errors" : ...
17: 81001 adresses traitées
adresse : bulk pour les ids de 2113863 à 2114862
bulk : {
  "took" : 68,
  "errors" :  ...
17: 82001 adresses traitées
adresse : bulk pour les ids de 2114863 à 2115862
bulk : {
  "took" : 101,
  "errors" : ...
17: 83001 adresses traitées
adresse : bulk pour les ids de 2115863 à 2116862
bulk : {
  "took" : 91,
  "errors" :  ...
17: 84001 adresses traitées
adresse : bulk pour les ids de 2116863 à 2117862
bulk : {
  "took" : 82,
  "errors" :  ...
17: 85001 adresses traitées
adresse : bulk pour les ids de 2117863 à 2118862
bulk : {
  "took" : 64,
  "errors" :  ...
17: 86001 adresses traitées
adresse : bulk pour les ids de 2118863 à 2119862
bulk : {
  "took" : 102,
  "errors" : ...
17: 87001 adresses traitées
adresse : bulk pour les ids de 2119863 à 2120862
bulk : {
  "took" : 67,
  "errors" :  ...
17: 88001 adresses traitées
adresse : bulk pour les ids de 2120863 à 2121862
bulk : {
  "took" : 79,
  "errors" :  ...
17: 89001 adresses traitées
17: 90001 adresses traitées
adresse : bulk pour les ids de 2121863 à 2122862
bulk : {
  "took" : 82,
  "errors" :  ...
17: 91001 adresses traitées
adresse : bulk pour les ids de 2122863 à 2123862
bulk : {
  "took" : 80,
  "errors" :  ...
17: 92001 adresses traitées
adresse : bulk pour les ids de 2123863 à 2124862
bulk : {
  "took" : 65,
  "errors" :  ...
17: 93001 adresses traitées
adresse : bulk pour les ids de 2124863 à 2125862
bulk : {
  "took" : 100,
  "errors" : ...
17: 94001 adresses traitées
adresse : bulk pour les ids de 2125863 à 2126862
bulk : {
  "took" : 67,
  "errors" :  ...
17: 95001 adresses traitées
adresse : bulk pour les ids de 2126863 à 2127862
bulk : {
  "took" : 105,
  "errors" : ...
17: 96001 adresses traitées
adresse : bulk pour les ids de 2127863 à 2128862
bulk : {
  "took" : 64,
  "errors" :  ...
17: 97001 adresses traitées
adresse : bulk pour les ids de 2128863 à 2129862
bulk : {
  "took" : 104,
  "errors" : ...
17: 98001 adresses traitées
adresse : bulk pour les ids de 2129863 à 2130862
bulk : {
  "took" : 67,
  "errors" :  ...
17: 99001 adresses traitées
adresse : bulk pour les ids de 2130863 à 2131862
bulk : {
  "took" : 81,
  "errors" :  ...
17: 100001 adresses traitées
adresse : bulk pour les ids de 2131863 à 2132862
bulk : {
  "took" : 63,
  "errors" :  ...
17: 101001 adresses traitées
17: 102001 adresses traitées
adresse : bulk pour les ids de 2132863 à 2133862
bulk : {
  "took" : 99,
  "errors" :  ...
17: 103001 adresses traitées
adresse : bulk pour les ids de 2133863 à 2134862
bulk : {
  "took" : 88,
  "errors" :  ...
17: 104001 adresses traitées
adresse : bulk pour les ids de 2134863 à 2135862
bulk : {
  "took" : 80,
  "errors" :  ...
17: 105001 adresses traitées
adresse : bulk pour les ids de 2135863 à 2136862
bulk : {
  "took" : 84,
  "errors" :  ...
17: 106001 adresses traitées
adresse : bulk pour les ids de 2136863 à 2137862
bulk : {
  "took" : 100,
  "errors" : ...
17: 107001 adresses traitées
adresse : bulk pour les ids de 2137863 à 2138862
bulk : {
  "took" : 65,
  "errors" :  ...
17: 108001 adresses traitées
adresse : bulk pour les ids de 2138863 à 2139862
bulk : {
  "took" : 100,
  "errors" : ...
17: 109001 adresses traitées
adresse : bulk pour les ids de 2139863 à 2140862
bulk : {
  "took" : 84,
  "errors" :  ...
17: 110001 adresses traitées
adresse : bulk pour les ids de 2140863 à 2141862
bulk : {
  "took" : 79,
  "errors" :  ...
17: 111001 adresses traitées
adresse : bulk pour les ids de 2141863 à 2142862
bulk : {
  "took" : 66,
  "errors" :  ...
17: 112001 adresses traitées
adresse : bulk pour les ids de 2142863 à 2143862
bulk : {
  "took" : 100,
  "errors" : ...
17: 113001 adresses traitées
adresse : bulk pour les ids de 2143863 à 2144862
bulk : {
  "took" : 64,
  "errors" :  ...
17: 114001 adresses traitées
17: 115001 adresses traitées
adresse : bulk pour les ids de 2144863 à 2145862
bulk : {
  "took" : 93,
  "errors" :  ...
17: 116001 adresses traitées
adresse : bulk pour les ids de 2145863 à 2146862
bulk : {
  "took" : 76,
  "errors" :  ...
17: 117001 adresses traitées
adresse : bulk pour les ids de 2146863 à 2147862
bulk : {
  "took" : 69,
  "errors" :  ...
17: 118001 adresses traitées
adresse : bulk pour les ids de 2147863 à 2148862
bulk : {
  "took" : 75,
  "errors" :  ...
17: 119001 adresses traitées
adresse : bulk pour les ids de 2148863 à 2149862
bulk : {
  "took" : 87,
  "errors" :  ...
17: 120001 adresses traitées
adresse : bulk pour les ids de 2149863 à 2150862
bulk : {
  "took" : 95,
  "errors" :  ...
17: 121001 adresses traitées
adresse : bulk pour les ids de 2150863 à 2151862
bulk : {
  "took" : 67,
  "errors" :  ...
17: 122001 adresses traitées
adresse : bulk pour les ids de 2151863 à 2152862
bulk : {
  "took" : 82,
  "errors" :  ...
17: 123001 adresses traitées
adresse : bulk pour les ids de 2152863 à 2153862
bulk : {
  "took" : 93,
  "errors" :  ...
17: 124001 adresses traitées
adresse : bulk pour les ids de 2153863 à 2154862
bulk : {
  "took" : 84,
  "errors" :  ...
17: 125001 adresses traitées
adresse : bulk pour les ids de 2154863 à 2155862
bulk : {
  "took" : 86,
  "errors" :  ...
17: 126001 adresses traitées
adresse : bulk pour les ids de 2155863 à 2156862
bulk : {
  "took" : 110,
  "errors" : ...
17: 127001 adresses traitées
17: 128001 adresses traitées
adresse : bulk pour les ids de 2156863 à 2157862
bulk : {
  "took" : 66,
  "errors" :  ...
17: 129001 adresses traitées
adresse : bulk pour les ids de 2157863 à 2158862
bulk : {
  "took" : 108,
  "errors" : ...
17: 130001 adresses traitées
adresse : bulk pour les ids de 2158863 à 2159862
bulk : {
  "took" : 88,
  "errors" :  ...
17: 131001 adresses traitées
adresse : bulk pour les ids de 2159863 à 2160862
bulk : {
  "took" : 102,
  "errors" : ...
17: 132001 adresses traitées
adresse : bulk pour les ids de 2160863 à 2161862
bulk : {
  "took" : 64,
  "errors" :  ...
17: 133001 adresses traitées
adresse : bulk pour les ids de 2161863 à 2162862
bulk : {
  "took" : 103,
  "errors" : ...
17: 134001 adresses traitées
adresse : bulk pour les ids de 2162863 à 2163862
bulk : {
  "took" : 64,
  "errors" :  ...
17: 135001 adresses traitées
adresse : bulk pour les ids de 2163863 à 2164862
bulk : {
  "took" : 100,
  "errors" : ...
17: 136001 adresses traitées
adresse : bulk pour les ids de 2164863 à 2165862
bulk : {
  "took" : 92,
  "errors" :  ...
17: 137001 adresses traitées
adresse : bulk pour les ids de 2165863 à 2166862
bulk : {
  "took" : 87,
  "errors" :  ...
17: 138001 adresses traitées
adresse : bulk pour les ids de 2166863 à 2167862
bulk : {
  "took" : 84,
  "errors" :  ...
17: 139001 adresses traitées
adresse : bulk pour les ids de 2167863 à 2168862
bulk : {
  "took" : 67,
  "errors" :  ...
17: 140001 adresses traitées
adresse : bulk pour les ids de 2168863 à 2169862
bulk : {
  "took" : 98,
  "errors" :  ...
17: 141001 adresses traitées
adresse : bulk pour les ids de 2169863 à 2170862
bulk : {
  "took" : 65,
  "errors" :  ...
17: 142001 adresses traitées
adresse : bulk pour les ids de 2170863 à 2171862
bulk : {
  "took" : 108,
  "errors" : ...
17: 143001 adresses traitées
adresse : bulk pour les ids de 2171863 à 2172862
bulk : {
  "took" : 84,
  "errors" :  ...
17: 144001 adresses traitées
adresse : bulk pour les ids de 2172863 à 2173862
bulk : {
  "took" : 81,
  "errors" :  ...
17: 145001 adresses traitées
adresse : bulk pour les ids de 2173863 à 2174862
bulk : {
  "took" : 84,
  "errors" :  ...
17: 146001 adresses traitées
17: 147001 adresses traitées
adresse : bulk pour les ids de 2174863 à 2175862
bulk : {
  "took" : 81,
  "errors" :  ...
17: 148001 adresses traitées
adresse : bulk pour les ids de 2175863 à 2176862
bulk : {
  "took" : 65,
  "errors" :  ...
17: 149001 adresses traitées
adresse : bulk pour les ids de 2176863 à 2177862
bulk : {
  "took" : 103,
  "errors" : ...
17: 150001 adresses traitées
adresse : bulk pour les ids de 2177863 à 2178862
bulk : {
  "took" : 85,
  "errors" :  ...
17: 151001 adresses traitées
adresse : bulk pour les ids de 2178863 à 2179862
bulk : {
  "took" : 80,
  "errors" :  ...
17: 152001 adresses traitées
adresse : bulk pour les ids de 2179863 à 2180862
bulk : {
  "took" : 85,
  "errors" :  ...
17: 153001 adresses traitées
adresse : bulk pour les ids de 2180863 à 2181862
bulk : {
  "took" : 80,
  "errors" :  ...
17: 154001 adresses traitées
adresse : bulk pour les ids de 2181863 à 2182862
bulk : {
  "took" : 65,
  "errors" :  ...
17: 155001 adresses traitées
adresse : bulk pour les ids de 2182863 à 2183862
bulk : {
  "took" : 100,
  "errors" : ...
17: 156001 adresses traitées
adresse : bulk pour les ids de 2183863 à 2184862
bulk : {
  "took" : 81,
  "errors" :  ...
17: 157001 adresses traitées
adresse : bulk pour les ids de 2184863 à 2185862
bulk : {
  "took" : 81,
  "errors" :  ...
17: 158001 adresses traitées
adresse : bulk pour les ids de 2185863 à 2186862
bulk : {
  "took" : 66,
  "errors" :  ...
17: 159001 adresses traitées
adresse : bulk pour les ids de 2186863 à 2187862
bulk : {
  "took" : 93,
  "errors" :  ...
17: 160001 adresses traitées
17: 161001 adresses traitées
adresse : bulk pour les ids de 2187863 à 2188862
bulk : {
  "took" : 66,
  "errors" :  ...
17: 162001 adresses traitées
adresse : bulk pour les ids de 2188863 à 2189862
bulk : {
  "took" : 103,
  "errors" : ...
17: 163001 adresses traitées
adresse : bulk pour les ids de 2189863 à 2190862
bulk : {
  "took" : 88,
  "errors" :  ...
17: 164001 adresses traitées
adresse : bulk pour les ids de 2190863 à 2191862
bulk : {
  "took" : 93,
  "errors" :  ...
17: 165001 adresses traitées
adresse : bulk pour les ids de 2191863 à 2192862
bulk : {
  "took" : 75,
  "errors" :  ...
17: 166001 adresses traitées
adresse : bulk pour les ids de 2192863 à 2193862
bulk : {
  "took" : 92,
  "errors" :  ...
17: 167001 adresses traitées
adresse : bulk pour les ids de 2193863 à 2194862
bulk : {
  "took" : 73,
  "errors" :  ...
17: 168001 adresses traitées
adresse : bulk pour les ids de 2194863 à 2195862
bulk : {
  "took" : 68,
  "errors" :  ...
17: 169001 adresses traitées
adresse : bulk pour les ids de 2195863 à 2196862
bulk : {
  "took" : 94,
  "errors" :  ...
17: 170001 adresses traitées
adresse : bulk pour les ids de 2196863 à 2197862
bulk : {
  "took" : 65,
  "errors" :  ...
17: 171001 adresses traitées
adresse : bulk pour les ids de 2197863 à 2198862
bulk : {
  "took" : 108,
  "errors" : ...
17: 172001 adresses traitées
adresse : bulk pour les ids de 2198863 à 2199862
bulk : {
  "took" : 73,
  "errors" :  ...
17: 173001 adresses traitées
adresse : bulk pour les ids de 2199863 à 2200862
bulk : {
  "took" : 78,
  "errors" :  ...
17: 174001 adresses traitées
adresse : bulk pour les ids de 2200863 à 2201862
bulk : {
  "took" : 99,
  "errors" :  ...
17: 175001 adresses traitées
adresse : bulk pour les ids de 2201863 à 2202862
bulk : {
  "took" : 100,
  "errors" : ...
17: 176001 adresses traitées
adresse : bulk pour les ids de 2202863 à 2203862
bulk : {
  "took" : 67,
  "errors" :  ...
17: 177001 adresses traitées
adresse : bulk pour les ids de 2203863 à 2204862
bulk : {
  "took" : 103,
  "errors" : ...
17: 178001 adresses traitées
adresse : bulk pour les ids de 2204863 à 2205862
bulk : {
  "took" : 64,
  "errors" :  ...
17: 179001 adresses traitées
adresse : bulk pour les ids de 2205863 à 2206862
bulk : {
  "took" : 98,
  "errors" :  ...
17: 180001 adresses traitées
17: 181001 adresses traitées
adresse : bulk pour les ids de 2206863 à 2207862
bulk : {
  "took" : 65,
  "errors" :  ...
17: 182001 adresses traitées
adresse : bulk pour les ids de 2207863 à 2208862
bulk : {
  "took" : 81,
  "errors" :  ...
17: 183001 adresses traitées
adresse : bulk pour les ids de 2208863 à 2209862
bulk : {
  "took" : 88,
  "errors" :  ...
17: 184001 adresses traitées
adresse : bulk pour les ids de 2209863 à 2210862
bulk : {
  "took" : 73,
  "errors" :  ...
17: 185001 adresses traitées
adresse : bulk pour les ids de 2210863 à 2211862
bulk : {
  "took" : 65,
  "errors" :  ...
17: 186001 adresses traitées
adresse : bulk pour les ids de 2211863 à 2212862
bulk : {
  "took" : 108,
  "errors" : ...
17: 187001 adresses traitées
adresse : bulk pour les ids de 2212863 à 2213862
bulk : {
  "took" : 65,
  "errors" :  ...
17: 188001 adresses traitées
adresse : bulk pour les ids de 2213863 à 2214862
bulk : {
  "took" : 105,
  "errors" : ...
17: 189001 adresses traitées
17: 190001 adresses traitées
adresse : bulk pour les ids de 2214863 à 2215862
bulk : {
  "took" : 65,
  "errors" :  ...
17: 191001 adresses traitées
adresse : bulk pour les ids de 2215863 à 2216862
bulk : {
  "took" : 102,
  "errors" : ...
17: 192001 adresses traitées
adresse : bulk pour les ids de 2216863 à 2217862
bulk : {
  "took" : 85,
  "errors" :  ...
17: 193001 adresses traitées
adresse : bulk pour les ids de 2217863 à 2218862
bulk : {
  "took" : 118,
  "errors" : ...
17: 194001 adresses traitées
adresse : bulk pour les ids de 2218863 à 2219862
bulk : {
  "took" : 69,
  "errors" :  ...
17: 195001 adresses traitées
adresse : bulk pour les ids de 2219863 à 2220862
bulk : {
  "took" : 98,
  "errors" :  ...
17: 196001 adresses traitées
adresse : bulk pour les ids de 2220863 à 2221862
bulk : {
  "took" : 65,
  "errors" :  ...
17: 197001 adresses traitées
adresse : bulk pour les ids de 2221863 à 2222862
bulk : {
  "took" : 73,
  "errors" :  ...
17: 198001 adresses traitées
adresse : bulk pour les ids de 2222863 à 2223862
bulk : {
  "took" : 89,
  "errors" :  ...
17: 199001 adresses traitées
adresse : bulk pour les ids de 2223863 à 2224862
bulk : {
  "took" : 83,
  "errors" :  ...
17: 200001 adresses traitées
adresse : bulk pour les ids de 2224863 à 2225862
bulk : {
  "took" : 91,
  "errors" :  ...
17: 201001 adresses traitées
adresse : bulk pour les ids de 2225863 à 2226862
bulk : {
  "took" : 99,
  "errors" :  ...
17: 202001 adresses traitées
adresse : bulk pour les ids de 2226863 à 2227862
bulk : {
  "took" : 74,
  "errors" :  ...
17: 203001 adresses traitées
adresse : bulk pour les ids de 2227863 à 2228862
bulk : {
  "took" : 96,
  "errors" :  ...
17: 204001 adresses traitées
adresse : bulk pour les ids de 2228863 à 2229862
bulk : {
  "took" : 77,
  "errors" :  ...
17: 205001 adresses traitées
adresse : bulk pour les ids de 2229863 à 2230862
bulk : {
  "took" : 83,
  "errors" :  ...
17: 206001 adresses traitées
17: 207001 adresses traitées
adresse : bulk pour les ids de 2230863 à 2231862
bulk : {
  "took" : 103,
  "errors" : ...
17: 208001 adresses traitées
adresse : bulk pour les ids de 2231863 à 2232862
bulk : {
  "took" : 64,
  "errors" :  ...
17: 209001 adresses traitées
adresse : bulk pour les ids de 2232863 à 2233862
bulk : {
  "took" : 99,
  "errors" :  ...
17: 210001 adresses traitées
adresse : bulk pour les ids de 2233863 à 2234862
bulk : {
  "took" : 65,
  "errors" :  ...
17: 211001 adresses traitées
adresse : bulk pour les ids de 2234863 à 2235862
bulk : {
  "took" : 100,
  "errors" : ...
17: 212001 adresses traitées
adresse : bulk pour les ids de 2235863 à 2236862
bulk : {
  "took" : 89,
  "errors" :  ...
17: 213001 adresses traitées
adresse : bulk pour les ids de 2236863 à 2237862
bulk : {
  "took" : 78,
  "errors" :  ...
17: 214001 adresses traitées
adresse : bulk pour les ids de 2237863 à 2238862
bulk : {
  "took" : 89,
  "errors" :  ...
17: 215001 adresses traitées
adresse : bulk pour les ids de 2238863 à 2239862
bulk : {
  "took" : 92,
  "errors" :  ...
17: 216001 adresses traitées
adresse : bulk pour les ids de 2239863 à 2240862
bulk : {
  "took" : 65,
  "errors" :  ...
17: 217001 adresses traitées
adresse : bulk pour les ids de 2240863 à 2241862
bulk : {
  "took" : 95,
  "errors" :  ...
17: 218001 adresses traitées
adresse : bulk pour les ids de 2241863 à 2242862
bulk : {
  "took" : 65,
  "errors" :  ...
17: 219001 adresses traitées
adresse : bulk pour les ids de 2242863 à 2243862
bulk : {
  "took" : 98,
  "errors" :  ...
17: 220001 adresses traitées
adresse : bulk pour les ids de 2243863 à 2244862
bulk : {
  "took" : 88,
  "errors" :  ...
17: 221001 adresses traitées
adresse : bulk pour les ids de 2244863 à 2245862
bulk : {
  "took" : 74,
  "errors" :  ...
17: 222001 adresses traitées
adresse : bulk pour les ids de 2245863 à 2246862
bulk : {
  "took" : 89,
  "errors" :  ...
17: 223001 adresses traitées
17: 224001 adresses traitées
adresse : bulk pour les ids de 2246863 à 2247862
bulk : {
  "took" : 81,
  "errors" :  ...
17: 225001 adresses traitées
adresse : bulk pour les ids de 2247863 à 2248862
bulk : {
  "took" : 84,
  "errors" :  ...
17: 226001 adresses traitées
adresse : bulk pour les ids de 2248863 à 2249862
bulk : {
  "took" : 97,
  "errors" :  ...
17: 227001 adresses traitées
adresse : bulk pour les ids de 2249863 à 2250862
bulk : {
  "took" : 65,
  "errors" :  ...
17: 228001 adresses traitées
adresse : bulk pour les ids de 2250863 à 2251862
bulk : {
  "took" : 97,
  "errors" :  ...
17: 229001 adresses traitées
adresse : bulk pour les ids de 2251863 à 2252862
bulk : {
  "took" : 65,
  "errors" :  ...
17: 230001 adresses traitées
adresse : bulk pour les ids de 2252863 à 2253862
bulk : {
  "took" : 97,
  "errors" :  ...
17: 231001 adresses traitées
adresse : bulk pour les ids de 2253863 à 2254862
bulk : {
  "took" : 83,
  "errors" :  ...
17: 232001 adresses traitées
adresse : bulk pour les ids de 2254863 à 2255862
bulk : {
  "took" : 79,
  "errors" :  ...
17: 233001 adresses traitées
adresse : bulk pour les ids de 2255863 à 2256862
bulk : {
  "took" : 84,
  "errors" :  ...
17: 234001 adresses traitées
adresse : bulk pour les ids de 2256863 à 2257862
bulk : {
  "took" : 79,
  "errors" :  ...
17: 235001 adresses traitées
adresse : bulk pour les ids de 2257863 à 2258862
bulk : {
  "took" : 86,
  "errors" :  ...
17: 236001 adresses traitées
adresse : bulk pour les ids de 2258863 à 2259862
bulk : {
  "took" : 101,
  "errors" : ...
17: 237001 adresses traitées
adresse : bulk pour les ids de 2259863 à 2260862
bulk : {
  "took" : 64,
  "errors" :  ...
17: 238001 adresses traitées
adresse : bulk pour les ids de 2260863 à 2261862
bulk : {
  "took" : 98,
  "errors" :  ...
17: 239001 adresses traitées
adresse : bulk pour les ids de 2261863 à 2262862
bulk : {
  "took" : 81,
  "errors" :  ...
17: 240001 adresses traitées
adresse : bulk pour les ids de 2262863 à 2263862
bulk : {
  "took" : 78,
  "errors" :  ...
17: 241001 adresses traitées
adresse : bulk pour les ids de 2263863 à 2264862
bulk : {
  "took" : 87,
  "errors" :  ...
17: 242001 adresses traitées
adresse : bulk pour les ids de 2264863 à 2265862
bulk : {
  "took" : 79,
  "errors" :  ...
17: 243001 adresses traitées
17: 244001 adresses traitées
adresse : bulk pour les ids de 2265863 à 2266862
bulk : {
  "took" : 80,
  "errors" :  ...
17: 245001 adresses traitées
adresse : bulk pour les ids de 2266863 à 2267862
bulk : {
  "took" : 104,
  "errors" : ...
17: 246001 adresses traitées
adresse : bulk pour les ids de 2267863 à 2268862
bulk : {
  "took" : 65,
  "errors" :  ...
17: 247001 adresses traitées
adresse : bulk pour les ids de 2268863 à 2269862
bulk : {
  "took" : 120,
  "errors" : ...
17: 248001 adresses traitées
adresse : bulk pour les ids de 2269863 à 2270862
bulk : {
  "took" : 63,
  "errors" :  ...
17: 249001 adresses traitées
adresse : bulk pour les ids de 2270863 à 2271862
bulk : {
  "took" : 105,
  "errors" : ...
17: 250001 adresses traitées
adresse : bulk pour les ids de 2271863 à 2272862
bulk : {
  "took" : 64,
  "errors" :  ...
17: 251001 adresses traitées
adresse : bulk pour les ids de 2272863 à 2273862
bulk : {
  "took" : 103,
  "errors" : ...
17: 252001 adresses traitées
adresse : bulk pour les ids de 2273863 à 2274862
bulk : {
  "took" : 89,
  "errors" :  ...
17: 253001 adresses traitées
adresse : bulk pour les ids de 2274863 à 2275862
bulk : {
  "took" : 83,
  "errors" :  ...
17: 254001 adresses traitées
adresse : bulk pour les ids de 2275863 à 2276862
bulk : {
  "took" : 88,
  "errors" :  ...
17: 255001 adresses traitées
adresse : bulk pour les ids de 2276863 à 2277862
bulk : {
  "took" : 105,
  "errors" : ...
17: 256001 adresses traitées
adresse : bulk pour les ids de 2277863 à 2278862
bulk : {
  "took" : 64,
  "errors" :  ...
17: 257001 adresses traitées
adresse : bulk pour les ids de 2278863 à 2279862
bulk : {
  "took" : 104,
  "errors" : ...
17: 258001 adresses traitées
17: 259001 adresses traitées
adresse : bulk pour les ids de 2279863 à 2280862
bulk : {
  "took" : 83,
  "errors" :  ...
17: 260001 adresses traitées
adresse : bulk pour les ids de 2280863 à 2281862
bulk : {
  "took" : 83,
  "errors" :  ...
17: 261001 adresses traitées
adresse : bulk pour les ids de 2281863 à 2282862
bulk : {
  "took" : 85,
  "errors" :  ...
17: 262001 adresses traitées
adresse : bulk pour les ids de 2282863 à 2283862
bulk : {
  "took" : 82,
  "errors" :  ...
17: 263001 adresses traitées
adresse : bulk pour les ids de 2283863 à 2284862
bulk : {
  "took" : 65,
  "errors" :  ...
17: 264001 adresses traitées
adresse : bulk pour les ids de 2284863 à 2285862
bulk : {
  "took" : 100,
  "errors" : ...
17: 265001 adresses traitées
adresse : bulk pour les ids de 2285863 à 2286862
bulk : {
  "took" : 64,
  "errors" :  ...
17: 266001 adresses traitées
adresse : bulk pour les ids de 2286863 à 2287862
bulk : {
  "took" : 95,
  "errors" :  ...
17: 267001 adresses traitées
adresse : bulk pour les ids de 2287863 à 2288862
bulk : {
  "took" : 63,
  "errors" :  ...
17: 268001 adresses traitées
adresse : bulk pour les ids de 2288863 à 2289862
bulk : {
  "took" : 97,
  "errors" :  ...
17: 269001 adresses traitées
adresse : bulk pour les ids de 2289863 à 2290862
bulk : {
  "took" : 91,
  "errors" :  ...
17: 270001 adresses traitées
adresse : bulk pour les ids de 2290863 à 2291862
bulk : {
  "took" : 86,
  "errors" :  ...
17: 271001 adresses traitées
adresse : bulk pour les ids de 2291863 à 2292862
bulk : {
  "took" : 79,
  "errors" :  ...
17: 272001 adresses traitées
adresse : bulk pour les ids de 2292863 à 2293862
bulk : {
  "took" : 86,
  "errors" :  ...
17: 273001 adresses traitées
adresse : bulk pour les ids de 2293863 à 2294862
bulk : {
  "took" : 73,
  "errors" :  ...
17: 274001 adresses traitées
adresse : bulk pour les ids de 2294863 à 2295862
bulk : {
  "took" : 64,
  "errors" :  ...
17: 275001 adresses traitées
adresse : bulk pour les ids de 2295863 à 2296862
bulk : {
  "took" : 93,
  "errors" :  ...
17: 276001 adresses traitées
adresse : bulk pour les ids de 2296863 à 2297862
bulk : {
  "took" : 67,
  "errors" :  ...
17: 277001 adresses traitées
adresse : bulk pour les ids de 2297863 à 2298862
bulk : {
  "took" : 93,
  "errors" :  ...
17: 278001 adresses traitées
adresse : bulk pour les ids de 2298863 à 2299862
bulk : {
  "took" : 90,
  "errors" :  ...
17: 279001 adresses traitées
adresse : bulk pour les ids de 2299863 à 2300862
bulk : {
  "took" : 74,
  "errors" :  ...
17: 280001 adresses traitées
adresse : bulk pour les ids de 2300863 à 2301862
bulk : {
  "took" : 84,
  "errors" :  ...
17: 281001 adresses traitées
adresse : bulk pour les ids de 2301863 à 2302862
bulk : {
  "took" : 75,
  "errors" :  ...
17: 282001 adresses traitées
adresse : bulk pour les ids de 2302863 à 2303862
bulk : {
  "took" : 92,
  "errors" :  ...
17: 283001 adresses traitées
adresse : bulk pour les ids de 2303863 à 2304862
bulk : {
  "took" : 101,
  "errors" : ...
17: 284001 adresses traitées
17: 285001 adresses traitées
adresse : bulk pour les ids de 2304863 à 2305862
bulk : {
  "took" : 62,
  "errors" :  ...
17: 286001 adresses traitées
adresse : bulk pour les ids de 2305863 à 2306862
bulk : {
  "took" : 106,
  "errors" : ...
17: 287001 adresses traitées
adresse : bulk pour les ids de 2306863 à 2307862
bulk : {
  "took" : 85,
  "errors" :  ...
17: 288001 adresses traitées
adresse : bulk pour les ids de 2307863 à 2308862
bulk : {
  "took" : 71,
  "errors" :  ...
17: 289001 adresses traitées
adresse : bulk pour les ids de 2308863 à 2309862
bulk : {
  "took" : 90,
  "errors" :  ...
17: 290001 adresses traitées
adresse : bulk pour les ids de 2309863 à 2310862
bulk : {
  "took" : 85,
  "errors" :  ...
17: 291001 adresses traitées
adresse : bulk pour les ids de 2310863 à 2311862
bulk : {
  "took" : 63,
  "errors" :  ...
17: 292001 adresses traitées
adresse : bulk pour les ids de 2311863 à 2312862
bulk : {
  "took" : 97,
  "errors" :  ...
17: 293001 adresses traitées
adresse : bulk pour les ids de 2312863 à 2313862
bulk : {
  "took" : 64,
  "errors" :  ...
17: 294001 adresses traitées
adresse : bulk pour les ids de 2313863 à 2314862
bulk : {
  "took" : 98,
  "errors" :  ...
17: 295001 adresses traitées
adresse : bulk pour les ids de 2314863 à 2315862
bulk : {
  "took" : 65,
  "errors" :  ...
17: 296001 adresses traitées
adresse : bulk pour les ids de 2315863 à 2316862
bulk : {
  "took" : 93,
  "errors" :  ...
17: 297001 adresses traitées
adresse : bulk pour les ids de 2316863 à 2317862
bulk : {
  "took" : 82,
  "errors" :  ...
17: 298001 adresses traitées
adresse : bulk pour les ids de 2317863 à 2318862
bulk : {
  "took" : 71,
  "errors" :  ...
17: 299001 adresses traitées
adresse : bulk pour les ids de 2318863 à 2319862
bulk : {
  "took" : 64,
  "errors" :  ...
17: 300001 adresses traitées
adresse : bulk pour les ids de 2319863 à 2320862
bulk : {
  "took" : 98,
  "errors" :  ...
17: 301001 adresses traitées
adresse : bulk pour les ids de 2320863 à 2321862
bulk : {
  "took" : 66,
  "errors" :  ...
17: 302001 adresses traitées
adresse : bulk pour les ids de 2321863 à 2322862
bulk : {
  "took" : 109,
  "errors" : ...
17: 303001 adresses traitées
adresse : bulk pour les ids de 2322863 à 2323862
bulk : {
  "took" : 66,
  "errors" :  ...
17: 304001 adresses traitées
adresse : bulk pour les ids de 2323863 à 2324862
bulk : {
  "took" : 111,
  "errors" : ...
17: 305001 adresses traitées
adresse : bulk pour les ids de 2324863 à 2325862
bulk : {
  "took" : 93,
  "errors" :  ...
17: 306001 adresses traitées
adresse : bulk pour les ids de 2325863 à 2326862
bulk : {
  "took" : 83,
  "errors" :  ...
17: 307001 adresses traitées
adresse : bulk pour les ids de 2326863 à 2327862
bulk : {
  "took" : 66,
  "errors" :  ...
17: 308001 adresses traitées
adresse : bulk pour les ids de 2327863 à 2328862
bulk : {
  "took" : 104,
  "errors" : ...
17: 309001 adresses traitées
adresse : bulk pour les ids de 2328863 à 2329862
bulk : {
  "took" : 85,
  "errors" :  ...
17: 310001 adresses traitées
adresse : bulk pour les ids de 2329863 à 2330862
bulk : {
  "took" : 81,
  "errors" :  ...
17: 311001 adresses traitées
adresse : bulk pour les ids de 2330863 à 2331862
bulk : {
  "took" : 84,
  "errors" :  ...
17: 312001 adresses traitées
adresse : bulk pour les ids de 2331863 à 2332862
bulk : {
  "took" : 79,
  "errors" :  ...
17: 313001 adresses traitées
adresse : bulk pour les ids de 2332863 à 2333862
bulk : {
  "took" : 89,
  "errors" :  ...
17: 314001 adresses traitées
adresse : bulk pour les ids de 2333863 à 2334862
bulk : {
  "took" : 99,
  "errors" :  ...
17: 315001 adresses traitées
adresse : bulk pour les ids de 2334863 à 2335862
bulk : {
  "took" : 66,
  "errors" :  ...
17: 316001 adresses traitées
adresse : bulk pour les ids de 2335863 à 2336862
bulk : {
  "took" : 100,
  "errors" : ...
17: 317001 adresses traitées
adresse : bulk pour les ids de 2336863 à 2337862
bulk : {
  "took" : 65,
  "errors" :  ...
17: 318001 adresses traitées
adresse : bulk pour les ids de 2337863 à 2338862
bulk : {
  "took" : 80,
  "errors" :  ...
17: 319001 adresses traitées
adresse : bulk pour les ids de 2338863 à 2339862
bulk : {
  "took" : 87,
  "errors" :  ...
17: 320001 adresses traitées
17: 321001 adresses traitées
adresse : bulk pour les ids de 2339863 à 2340862
bulk : {
  "took" : 80,
  "errors" :  ...
17: 322001 adresses traitées
adresse : bulk pour les ids de 2340863 à 2341862
bulk : {
  "took" : 88,
  "errors" :  ...
17: 323001 adresses traitées
adresse : bulk pour les ids de 2341863 à 2342862
bulk : {
  "took" : 87,
  "errors" :  ...
17: 324001 adresses traitées
adresse : bulk pour les ids de 2342863 à 2343862
bulk : {
  "took" : 69,
  "errors" :  ...
17: 325001 adresses traitées
adresse : bulk pour les ids de 2343863 à 2344862
bulk : {
  "took" : 104,
  "errors" : ...
17: 326001 adresses traitées
adresse : bulk pour les ids de 2344863 à 2345862
bulk : {
  "took" : 97,
  "errors" :  ...
17: 327001 adresses traitées
adresse : bulk pour les ids de 2345863 à 2346862
bulk : {
  "took" : 86,
  "errors" :  ...
17: 328001 adresses traitées
adresse : bulk pour les ids de 2346863 à 2347862
bulk : {
  "took" : 74,
  "errors" :  ...
17: 329001 adresses traitées
adresse : bulk pour les ids de 2347863 à 2348862
bulk : {
  "took" : 91,
  "errors" :  ...
17: 330001 adresses traitées
adresse : bulk pour les ids de 2348863 à 2349862
bulk : {
  "took" : 81,
  "errors" :  ...
17: 331001 adresses traitées
17: 332001 adresses traitées
adresse : bulk pour les ids de 2349863 à 2350862
bulk : {
  "took" : 88,
  "errors" :  ...
17: 333001 adresses traitées
adresse : bulk pour les ids de 2350863 à 2351862
bulk : {
  "took" : 106,
  "errors" : ...
17: 334001 adresses traitées
adresse : bulk pour les ids de 2351863 à 2352862
bulk : {
  "took" : 63,
  "errors" :  ...
17: 335001 adresses traitées
adresse : bulk pour les ids de 2352863 à 2353862
bulk : {
  "took" : 93,
  "errors" :  ...
17: 336001 adresses traitées
adresse : bulk pour les ids de 2353863 à 2354862
bulk : {
  "took" : 95,
  "errors" :  ...
17: 337001 adresses traitées
adresse : bulk pour les ids de 2354863 à 2355862
bulk : {
  "took" : 77,
  "errors" :  ...
17: 338001 adresses traitées
adresse : bulk pour les ids de 2355863 à 2356862
bulk : {
  "took" : 94,
  "errors" :  ...
17: 339001 adresses traitées
adresse : bulk pour les ids de 2356863 à 2357862
bulk : {
  "took" : 74,
  "errors" :  ...
17: 340001 adresses traitées
adresse : bulk pour les ids de 2357863 à 2358862
bulk : {
  "took" : 85,
  "errors" :  ...
17: 341001 adresses traitées
adresse : bulk pour les ids de 2358863 à 2359862
bulk : {
  "took" : 77,
  "errors" :  ...
17: 342001 adresses traitées
17: 343001 adresses traitées
adresse : bulk pour les ids de 2359863 à 2360862
bulk : {
  "took" : 69,
  "errors" :  ...
17: 344001 adresses traitées
adresse : bulk pour les ids de 2360863 à 2361862
bulk : {
  "took" : 97,
  "errors" :  ...
17: 345001 adresses traitées
adresse : bulk pour les ids de 2361863 à 2362862
bulk : {
  "took" : 84,
  "errors" :  ...
17: 346001 adresses traitées
adresse : bulk pour les ids de 2362863 à 2363862
bulk : {
  "took" : 82,
  "errors" :  ...
17: 347001 adresses traitées
adresse : bulk pour les ids de 2363863 à 2364862
bulk : {
  "took" : 68,
  "errors" :  ...
17: 348001 adresses traitées
adresse : bulk pour les ids de 2364863 à 2365862
bulk : {
  "took" : 96,
  "errors" :  ...
17: 349001 adresses traitées
adresse : bulk pour les ids de 2365863 à 2366862
bulk : {
  "took" : 75,
  "errors" :  ...
17: 350001 adresses traitées
adresse : bulk pour les ids de 2366863 à 2367862
bulk : {
  "took" : 93,
  "errors" :  ...
17: 351001 adresses traitées
17: 352001 adresses traitées
adresse : bulk pour les ids de 2367863 à 2368862
bulk : {
  "took" : 106,
  "errors" : ...
17: 353001 adresses traitées
adresse : bulk pour les ids de 2368863 à 2369862
bulk : {
  "took" : 67,
  "errors" :  ...
17: 354001 adresses traitées
adresse : bulk pour les ids de 2369863 à 2370862
bulk : {
  "took" : 103,
  "errors" : ...
17: 355001 adresses traitées
adresse : bulk pour les ids de 2370863 à 2371862
bulk : {
  "took" : 90,
  "errors" :  ...
17: 356001 adresses traitées
adresse : bulk pour les ids de 2371863 à 2372862
bulk : {
  "took" : 83,
  "errors" :  ...
17: 357001 adresses traitées
adresse : bulk pour les ids de 2372863 à 2373862
bulk : {
  "took" : 66,
  "errors" :  ...
17: 358001 adresses traitées
adresse : bulk pour les ids de 2373863 à 2374862
bulk : {
  "took" : 106,
  "errors" : ...
adresse : bulk pour les ids de 2374863 à 2375009
bulk : {
  "took" : 10,
  "errors" :  ...
dpt 18 : voies
18: 1 voies traitées
voie : bulk pour les ids de 191735 à 191934
bulk : {
  "took" : 13,
  "errors" :  ...
18: 201 voies traitées
voie : bulk pour les ids de 191935 à 192134
bulk : {
  "took" : 12,
  "errors" :  ...
18: 401 voies traitées
voie : bulk pour les ids de 192135 à 192334
bulk : {
  "took" : 11,
  "errors" :  ...
18: 601 voies traitées
voie : bulk pour les ids de 192335 à 192534
bulk : {
  "took" : 12,
  "errors" :  ...
18: 801 voies traitées
voie : bulk pour les ids de 192535 à 192734
bulk : {
  "took" : 11,
  "errors" :  ...
18: 1001 voies traitées
voie : bulk pour les ids de 192735 à 192934
bulk : {
  "took" : 11,
  "errors" :  ...
18: 1201 voies traitées
voie : bulk pour les ids de 192935 à 193134
bulk : {
  "took" : 12,
  "errors" :  ...
18: 1401 voies traitées
voie : bulk pour les ids de 193135 à 193334
bulk : {
  "took" : 11,
  "errors" :  ...
18: 1601 voies traitées
voie : bulk pour les ids de 193335 à 193534
bulk : {
  "took" : 35,
  "errors" :  ...
18: 1801 voies traitées
voie : bulk pour les ids de 193535 à 193734
bulk : {
  "took" : 11,
  "errors" :  ...
18: 2001 voies traitées
voie : bulk pour les ids de 193735 à 193934
bulk : {
  "took" : 12,
  "errors" :  ...
18: 2201 voies traitées
voie : bulk pour les ids de 193935 à 194134
bulk : {
  "took" : 11,
  "errors" :  ...
18: 2401 voies traitées
voie : bulk pour les ids de 194135 à 194334
bulk : {
  "took" : 12,
  "errors" :  ...
18: 2601 voies traitées
voie : bulk pour les ids de 194335 à 194534
bulk : {
  "took" : 12,
  "errors" :  ...
18: 2801 voies traitées
voie : bulk pour les ids de 194535 à 194734
bulk : {
  "took" : 11,
  "errors" :  ...
18: 3001 voies traitées
voie : bulk pour les ids de 194735 à 194934
bulk : {
  "took" : 11,
  "errors" :  ...
18: 3201 voies traitées
voie : bulk pour les ids de 194935 à 195134
bulk : {
  "took" : 11,
  "errors" :  ...
18: 3401 voies traitées
voie : bulk pour les ids de 195135 à 195334
bulk : {
  "took" : 12,
  "errors" :  ...
18: 3601 voies traitées
voie : bulk pour les ids de 195335 à 195534
bulk : {
  "took" : 53,
  "errors" :  ...
18: 3801 voies traitées
voie : bulk pour les ids de 195535 à 195734
bulk : {
  "took" : 11,
  "errors" :  ...
18: 4001 voies traitées
voie : bulk pour les ids de 195735 à 195934
bulk : {
  "took" : 11,
  "errors" :  ...
18: 4201 voies traitées
voie : bulk pour les ids de 195935 à 196134
bulk : {
  "took" : 13,
  "errors" :  ...
18: 4401 voies traitées
voie : bulk pour les ids de 196135 à 196334
bulk : {
  "took" : 11,
  "errors" :  ...
18: 4601 voies traitées
voie : bulk pour les ids de 196335 à 196534
bulk : {
  "took" : 12,
  "errors" :  ...
18: 4801 voies traitées
voie : bulk pour les ids de 196535 à 196734
bulk : {
  "took" : 12,
  "errors" :  ...
18: 5001 voies traitées
voie : bulk pour les ids de 196735 à 196934
bulk : {
  "took" : 11,
  "errors" :  ...
18: 5201 voies traitées
voie : bulk pour les ids de 196935 à 197134
bulk : {
  "took" : 11,
  "errors" :  ...
18: 5401 voies traitées
voie : bulk pour les ids de 197135 à 197334
bulk : {
  "took" : 11,
  "errors" :  ...
18: 5601 voies traitées
voie : bulk pour les ids de 197335 à 197534
bulk : {
  "took" : 34,
  "errors" :  ...
18: 5801 voies traitées
voie : bulk pour les ids de 197535 à 197734
bulk : {
  "took" : 12,
  "errors" :  ...
18: 6001 voies traitées
voie : bulk pour les ids de 197735 à 197934
bulk : {
  "took" : 11,
  "errors" :  ...
18: 6201 voies traitées
voie : bulk pour les ids de 197935 à 198134
bulk : {
  "took" : 12,
  "errors" :  ...
18: 6401 voies traitées
voie : bulk pour les ids de 198135 à 198334
bulk : {
  "took" : 12,
  "errors" :  ...
18: 6601 voies traitées
voie : bulk pour les ids de 198335 à 198534
bulk : {
  "took" : 12,
  "errors" :  ...
18: 6801 voies traitées
voie : bulk pour les ids de 198535 à 198734
bulk : {
  "took" : 12,
  "errors" :  ...
18: 7001 voies traitées
voie : bulk pour les ids de 198735 à 198934
bulk : {
  "took" : 12,
  "errors" :  ...
18: 7201 voies traitées
voie : bulk pour les ids de 198935 à 199134
bulk : {
  "took" : 23,
  "errors" :  ...
18: 7401 voies traitées
voie : bulk pour les ids de 199135 à 199334
bulk : {
  "took" : 39,
  "errors" :  ...
18: 7601 voies traitées
voie : bulk pour les ids de 199335 à 199534
bulk : {
  "took" : 11,
  "errors" :  ...
18: 7801 voies traitées
voie : bulk pour les ids de 199535 à 199734
bulk : {
  "took" : 11,
  "errors" :  ...
18: 8001 voies traitées
voie : bulk pour les ids de 199735 à 199934
bulk : {
  "took" : 12,
  "errors" :  ...
18: 8201 voies traitées
voie : bulk pour les ids de 199935 à 200134
bulk : {
  "took" : 12,
  "errors" :  ...
18: 8401 voies traitées
voie : bulk pour les ids de 200135 à 200334
bulk : {
  "took" : 11,
  "errors" :  ...
18: 8601 voies traitées
voie : bulk pour les ids de 200335 à 200534
bulk : {
  "took" : 12,
  "errors" :  ...
18: 8801 voies traitées
voie : bulk pour les ids de 200535 à 200734
bulk : {
  "took" : 11,
  "errors" :  ...
18: 9001 voies traitées
voie : bulk pour les ids de 200735 à 200934
bulk : {
  "took" : 11,
  "errors" :  ...
18: 9201 voies traitées
voie : bulk pour les ids de 200935 à 201115
bulk : {
  "took" : 11,
  "errors" :  ...
dpt 18 : adresses
18: 1 adresses traitées
18: 1001 adresses traitées
adresse : bulk pour les ids de 2375010 à 2376009
bulk : {
  "took" : 96,
  "errors" :  ...
18: 2001 adresses traitées
adresse : bulk pour les ids de 2376010 à 2377009
bulk : {
  "took" : 85,
  "errors" :  ...
18: 3001 adresses traitées
adresse : bulk pour les ids de 2377010 à 2378009
bulk : {
  "took" : 80,
  "errors" :  ...
18: 4001 adresses traitées
adresse : bulk pour les ids de 2378010 à 2379009
bulk : {
  "took" : 66,
  "errors" :  ...
18: 5001 adresses traitées
adresse : bulk pour les ids de 2379010 à 2380009
bulk : {
  "took" : 99,
  "errors" :  ...
18: 6001 adresses traitées
adresse : bulk pour les ids de 2380010 à 2381009
bulk : {
  "took" : 88,
  "errors" :  ...
18: 7001 adresses traitées
adresse : bulk pour les ids de 2381010 à 2382009
bulk : {
  "took" : 73,
  "errors" :  ...
18: 8001 adresses traitées
adresse : bulk pour les ids de 2382010 à 2383009
bulk : {
  "took" : 88,
  "errors" :  ...
18: 9001 adresses traitées
adresse : bulk pour les ids de 2383010 à 2384009
bulk : {
  "took" : 73,
  "errors" :  ...
18: 10001 adresses traitées
adresse : bulk pour les ids de 2384010 à 2385009
bulk : {
  "took" : 88,
  "errors" :  ...
18: 11001 adresses traitées
adresse : bulk pour les ids de 2385010 à 2386009
bulk : {
  "took" : 104,
  "errors" : ...
18: 12001 adresses traitées
adresse : bulk pour les ids de 2386010 à 2387009
bulk : {
  "took" : 67,
  "errors" :  ...
18: 13001 adresses traitées
adresse : bulk pour les ids de 2387010 à 2388009
bulk : {
  "took" : 95,
  "errors" :  ...
18: 14001 adresses traitées
adresse : bulk pour les ids de 2388010 à 2389009
bulk : {
  "took" : 94,
  "errors" :  ...
18: 15001 adresses traitées
adresse : bulk pour les ids de 2389010 à 2390009
bulk : {
  "took" : 84,
  "errors" :  ...
18: 16001 adresses traitées
adresse : bulk pour les ids de 2390010 à 2391009
bulk : {
  "took" : 67,
  "errors" :  ...
18: 17001 adresses traitées
adresse : bulk pour les ids de 2391010 à 2392009
bulk : {
  "took" : 104,
  "errors" : ...
18: 18001 adresses traitées
adresse : bulk pour les ids de 2392010 à 2393009
bulk : {
  "took" : 67,
  "errors" :  ...
18: 19001 adresses traitées
adresse : bulk pour les ids de 2393010 à 2394009
bulk : {
  "took" : 100,
  "errors" : ...
18: 20001 adresses traitées
adresse : bulk pour les ids de 2394010 à 2395009
bulk : {
  "took" : 85,
  "errors" :  ...
18: 21001 adresses traitées
adresse : bulk pour les ids de 2395010 à 2396009
bulk : {
  "took" : 80,
  "errors" :  ...
18: 22001 adresses traitées
adresse : bulk pour les ids de 2396010 à 2397009
bulk : {
  "took" : 67,
  "errors" :  ...
18: 23001 adresses traitées
adresse : bulk pour les ids de 2397010 à 2398009
bulk : {
  "took" : 99,
  "errors" :  ...
18: 24001 adresses traitées
adresse : bulk pour les ids de 2398010 à 2399009
bulk : {
  "took" : 67,
  "errors" :  ...
18: 25001 adresses traitées
adresse : bulk pour les ids de 2399010 à 2400009
bulk : {
  "took" : 107,
  "errors" : ...
18: 26001 adresses traitées
adresse : bulk pour les ids de 2400010 à 2401009
bulk : {
  "took" : 84,
  "errors" :  ...
18: 27001 adresses traitées
adresse : bulk pour les ids de 2401010 à 2402009
bulk : {
  "took" : 80,
  "errors" :  ...
18: 28001 adresses traitées
adresse : bulk pour les ids de 2402010 à 2403009
bulk : {
  "took" : 89,
  "errors" :  ...
18: 29001 adresses traitées
adresse : bulk pour les ids de 2403010 à 2404009
bulk : {
  "took" : 100,
  "errors" : ...
18: 30001 adresses traitées
adresse : bulk pour les ids de 2404010 à 2405009
bulk : {
  "took" : 66,
  "errors" :  ...
18: 31001 adresses traitées
adresse : bulk pour les ids de 2405010 à 2406009
bulk : {
  "took" : 112,
  "errors" : ...
18: 32001 adresses traitées
adresse : bulk pour les ids de 2406010 à 2407009
bulk : {
  "took" : 90,
  "errors" :  ...
18: 33001 adresses traitées
adresse : bulk pour les ids de 2407010 à 2408009
bulk : {
  "took" : 104,
  "errors" : ...
18: 34001 adresses traitées
18: 35001 adresses traitées
adresse : bulk pour les ids de 2408010 à 2409009
bulk : {
  "took" : 66,
  "errors" :  ...
18: 36001 adresses traitées
adresse : bulk pour les ids de 2409010 à 2410009
bulk : {
  "took" : 113,
  "errors" : ...
18: 37001 adresses traitées
adresse : bulk pour les ids de 2410010 à 2411009
bulk : {
  "took" : 85,
  "errors" :  ...
18: 38001 adresses traitées
adresse : bulk pour les ids de 2411010 à 2412009
bulk : {
  "took" : 85,
  "errors" :  ...
18: 39001 adresses traitées
adresse : bulk pour les ids de 2412010 à 2413009
bulk : {
  "took" : 68,
  "errors" :  ...
18: 40001 adresses traitées
adresse : bulk pour les ids de 2413010 à 2414009
bulk : {
  "took" : 84,
  "errors" :  ...
18: 41001 adresses traitées
adresse : bulk pour les ids de 2414010 à 2415009
bulk : {
  "took" : 66,
  "errors" :  ...
18: 42001 adresses traitées
adresse : bulk pour les ids de 2415010 à 2416009
bulk : {
  "took" : 115,
  "errors" : ...
18: 43001 adresses traitées
adresse : bulk pour les ids de 2416010 à 2417009
bulk : {
  "took" : 66,
  "errors" :  ...
18: 44001 adresses traitées
adresse : bulk pour les ids de 2417010 à 2418009
bulk : {
  "took" : 101,
  "errors" : ...
18: 45001 adresses traitées
adresse : bulk pour les ids de 2418010 à 2419009
bulk : {
  "took" : 92,
  "errors" :  ...
18: 46001 adresses traitées
adresse : bulk pour les ids de 2419010 à 2420009
bulk : {
  "took" : 84,
  "errors" :  ...
18: 47001 adresses traitées
adresse : bulk pour les ids de 2420010 à 2421009
bulk : {
  "took" : 92,
  "errors" :  ...
18: 48001 adresses traitées
adresse : bulk pour les ids de 2421010 à 2422009
bulk : {
  "took" : 82,
  "errors" :  ...
18: 49001 adresses traitées
adresse : bulk pour les ids de 2422010 à 2423009
bulk : {
  "took" : 67,
  "errors" :  ...
18: 50001 adresses traitées
adresse : bulk pour les ids de 2423010 à 2424009
bulk : {
  "took" : 92,
  "errors" :  ...
18: 51001 adresses traitées
adresse : bulk pour les ids de 2424010 à 2425009
bulk : {
  "took" : 68,
  "errors" :  ...
18: 52001 adresses traitées
adresse : bulk pour les ids de 2425010 à 2426009
bulk : {
  "took" : 98,
  "errors" :  ...
18: 53001 adresses traitées
adresse : bulk pour les ids de 2426010 à 2427009
bulk : {
  "took" : 87,
  "errors" :  ...
18: 54001 adresses traitées
adresse : bulk pour les ids de 2427010 à 2428009
bulk : {
  "took" : 76,
  "errors" :  ...
18: 55001 adresses traitées
adresse : bulk pour les ids de 2428010 à 2429009
bulk : {
  "took" : 87,
  "errors" :  ...
18: 56001 adresses traitées
adresse : bulk pour les ids de 2429010 à 2430009
bulk : {
  "took" : 75,
  "errors" :  ...
18: 57001 adresses traitées
adresse : bulk pour les ids de 2430010 à 2431009
bulk : {
  "took" : 89,
  "errors" :  ...
18: 58001 adresses traitées
adresse : bulk pour les ids de 2431010 à 2432009
bulk : {
  "took" : 100,
  "errors" : ...
18: 59001 adresses traitées
adresse : bulk pour les ids de 2432010 à 2433009
bulk : {
  "took" : 81,
  "errors" :  ...
18: 60001 adresses traitées
18: 61001 adresses traitées
adresse : bulk pour les ids de 2433010 à 2434009
bulk : {
  "took" : 86,
  "errors" :  ...
18: 62001 adresses traitées
adresse : bulk pour les ids de 2434010 à 2435009
bulk : {
  "took" : 94,
  "errors" :  ...
18: 63001 adresses traitées
adresse : bulk pour les ids de 2435010 à 2436009
bulk : {
  "took" : 68,
  "errors" :  ...
18: 64001 adresses traitées
adresse : bulk pour les ids de 2436010 à 2437009
bulk : {
  "took" : 88,
  "errors" :  ...
18: 65001 adresses traitées
adresse : bulk pour les ids de 2437010 à 2438009
bulk : {
  "took" : 74,
  "errors" :  ...
18: 66001 adresses traitées
adresse : bulk pour les ids de 2438010 à 2439009
bulk : {
  "took" : 87,
  "errors" :  ...
18: 67001 adresses traitées
adresse : bulk pour les ids de 2439010 à 2440009
bulk : {
  "took" : 93,
  "errors" :  ...
18: 68001 adresses traitées
adresse : bulk pour les ids de 2440010 à 2441009
bulk : {
  "took" : 74,
  "errors" :  ...
18: 69001 adresses traitées
adresse : bulk pour les ids de 2441010 à 2442009
bulk : {
  "took" : 90,
  "errors" :  ...
18: 70001 adresses traitées
adresse : bulk pour les ids de 2442010 à 2443009
bulk : {
  "took" : 75,
  "errors" :  ...
18: 71001 adresses traitées
adresse : bulk pour les ids de 2443010 à 2444009
bulk : {
  "took" : 85,
  "errors" :  ...
18: 72001 adresses traitées
adresse : bulk pour les ids de 2444010 à 2445009
bulk : {
  "took" : 74,
  "errors" :  ...
18: 73001 adresses traitées
adresse : bulk pour les ids de 2445010 à 2446009
bulk : {
  "took" : 65,
  "errors" :  ...
18: 74001 adresses traitées
adresse : bulk pour les ids de 2446010 à 2447009
bulk : {
  "took" : 93,
  "errors" :  ...
18: 75001 adresses traitées
adresse : bulk pour les ids de 2447010 à 2448009
bulk : {
  "took" : 64,
  "errors" :  ...
18: 76001 adresses traitées
adresse : bulk pour les ids de 2448010 à 2449009
bulk : {
  "took" : 98,
  "errors" :  ...
18: 77001 adresses traitées
adresse : bulk pour les ids de 2449010 à 2450009
bulk : {
  "took" : 64,
  "errors" :  ...
18: 78001 adresses traitées
adresse : bulk pour les ids de 2450010 à 2451009
bulk : {
  "took" : 79,
  "errors" :  ...
18: 79001 adresses traitées
adresse : bulk pour les ids de 2451010 à 2452009
bulk : {
  "took" : 94,
  "errors" :  ...
18: 80001 adresses traitées
adresse : bulk pour les ids de 2452010 à 2453009
bulk : {
  "took" : 74,
  "errors" :  ...
18: 81001 adresses traitées
adresse : bulk pour les ids de 2453010 à 2454009
bulk : {
  "took" : 84,
  "errors" :  ...
18: 82001 adresses traitées
adresse : bulk pour les ids de 2454010 à 2455009
bulk : {
  "took" : 92,
  "errors" :  ...
18: 83001 adresses traitées
adresse : bulk pour les ids de 2455010 à 2456009
bulk : {
  "took" : 66,
  "errors" :  ...
18: 84001 adresses traitées
adresse : bulk pour les ids de 2456010 à 2457009
bulk : {
  "took" : 97,
  "errors" :  ...
18: 85001 adresses traitées
adresse : bulk pour les ids de 2457010 à 2458009
bulk : {
  "took" : 65,
  "errors" :  ...
18: 86001 adresses traitées
adresse : bulk pour les ids de 2458010 à 2459009
bulk : {
  "took" : 94,
  "errors" :  ...
18: 87001 adresses traitées
adresse : bulk pour les ids de 2459010 à 2460009
bulk : {
  "took" : 90,
  "errors" :  ...
18: 88001 adresses traitées
adresse : bulk pour les ids de 2460010 à 2461009
bulk : {
  "took" : 75,
  "errors" :  ...
18: 89001 adresses traitées
adresse : bulk pour les ids de 2461010 à 2462009
bulk : {
  "took" : 91,
  "errors" :  ...
18: 90001 adresses traitées
18: 91001 adresses traitées
adresse : bulk pour les ids de 2462010 à 2463009
bulk : {
  "took" : 82,
  "errors" :  ...
18: 92001 adresses traitées
adresse : bulk pour les ids de 2463010 à 2464009
bulk : {
  "took" : 91,
  "errors" :  ...
18: 93001 adresses traitées
adresse : bulk pour les ids de 2464010 à 2465009
bulk : {
  "took" : 75,
  "errors" :  ...
18: 94001 adresses traitées
adresse : bulk pour les ids de 2465010 à 2466009
bulk : {
  "took" : 67,
  "errors" :  ...
18: 95001 adresses traitées
adresse : bulk pour les ids de 2466010 à 2467009
bulk : {
  "took" : 105,
  "errors" : ...
18: 96001 adresses traitées
adresse : bulk pour les ids de 2467010 à 2468009
bulk : {
  "took" : 85,
  "errors" :  ...
18: 97001 adresses traitées
adresse : bulk pour les ids de 2468010 à 2469009
bulk : {
  "took" : 74,
  "errors" :  ...
18: 98001 adresses traitées
adresse : bulk pour les ids de 2469010 à 2470009
bulk : {
  "took" : 86,
  "errors" :  ...
18: 99001 adresses traitées
adresse : bulk pour les ids de 2470010 à 2471009
bulk : {
  "took" : 74,
  "errors" :  ...
18: 100001 adresses traitées
adresse : bulk pour les ids de 2471010 à 2472009
bulk : {
  "took" : 89,
  "errors" :  ...
18: 101001 adresses traitées
adresse : bulk pour les ids de 2472010 à 2473009
bulk : {
  "took" : 100,
  "errors" : ...
18: 102001 adresses traitées
adresse : bulk pour les ids de 2473010 à 2474009
bulk : {
  "took" : 67,
  "errors" :  ...
18: 103001 adresses traitées
adresse : bulk pour les ids de 2474010 à 2475009
bulk : {
  "took" : 94,
  "errors" :  ...
18: 104001 adresses traitées
adresse : bulk pour les ids de 2475010 à 2476009
bulk : {
  "took" : 68,
  "errors" :  ...
18: 105001 adresses traitées
adresse : bulk pour les ids de 2476010 à 2477009
bulk : {
  "took" : 69,
  "errors" :  ...
18: 106001 adresses traitées
adresse : bulk pour les ids de 2477010 à 2478009
bulk : {
  "took" : 86,
  "errors" :  ...
18: 107001 adresses traitées
adresse : bulk pour les ids de 2478010 à 2479009
bulk : {
  "took" : 67,
  "errors" :  ...
18: 108001 adresses traitées
adresse : bulk pour les ids de 2479010 à 2480009
bulk : {
  "took" : 89,
  "errors" :  ...
18: 109001 adresses traitées
adresse : bulk pour les ids de 2480010 à 2481009
bulk : {
  "took" : 67,
  "errors" :  ...
18: 110001 adresses traitées
adresse : bulk pour les ids de 2481010 à 2482009
bulk : {
  "took" : 88,
  "errors" :  ...
18: 111001 adresses traitées
adresse : bulk pour les ids de 2482010 à 2483009
bulk : {
  "took" : 69,
  "errors" :  ...
18: 112001 adresses traitées
adresse : bulk pour les ids de 2483010 à 2484009
bulk : {
  "took" : 96,
  "errors" :  ...
18: 113001 adresses traitées
adresse : bulk pour les ids de 2484010 à 2485009
bulk : {
  "took" : 67,
  "errors" :  ...
18: 114001 adresses traitées
adresse : bulk pour les ids de 2485010 à 2486009
bulk : {
  "took" : 89,
  "errors" :  ...
18: 115001 adresses traitées
adresse : bulk pour les ids de 2486010 à 2487009
bulk : {
  "took" : 67,
  "errors" :  ...
18: 116001 adresses traitées
adresse : bulk pour les ids de 2487010 à 2488009
bulk : {
  "took" : 91,
  "errors" :  ...
18: 117001 adresses traitées
adresse : bulk pour les ids de 2488010 à 2489009
bulk : {
  "took" : 66,
  "errors" :  ...
18: 118001 adresses traitées
18: 119001 adresses traitées
adresse : bulk pour les ids de 2489010 à 2490009
bulk : {
  "took" : 89,
  "errors" :  ...
18: 120001 adresses traitées
adresse : bulk pour les ids de 2490010 à 2491009
bulk : {
  "took" : 70,
  "errors" :  ...
18: 121001 adresses traitées
adresse : bulk pour les ids de 2491010 à 2492009
bulk : {
  "took" : 67,
  "errors" :  ...
18: 122001 adresses traitées
adresse : bulk pour les ids de 2492010 à 2493009
bulk : {
  "took" : 87,
  "errors" :  ...
18: 123001 adresses traitées
adresse : bulk pour les ids de 2493010 à 2494009
bulk : {
  "took" : 67,
  "errors" :  ...
18: 124001 adresses traitées
adresse : bulk pour les ids de 2494010 à 2495009
bulk : {
  "took" : 86,
  "errors" :  ...
18: 125001 adresses traitées
adresse : bulk pour les ids de 2495010 à 2496009
bulk : {
  "took" : 68,
  "errors" :  ...
18: 126001 adresses traitées
adresse : bulk pour les ids de 2496010 à 2497009
bulk : {
  "took" : 87,
  "errors" :  ...
18: 127001 adresses traitées
adresse : bulk pour les ids de 2497010 à 2498009
bulk : {
  "took" : 67,
  "errors" :  ...
18: 128001 adresses traitées
adresse : bulk pour les ids de 2498010 à 2499009
bulk : {
  "took" : 88,
  "errors" :  ...
18: 129001 adresses traitées
adresse : bulk pour les ids de 2499010 à 2500009
bulk : {
  "took" : 68,
  "errors" :  ...
18: 130001 adresses traitées
adresse : bulk pour les ids de 2500010 à 2501009
bulk : {
  "took" : 95,
  "errors" :  ...
18: 131001 adresses traitées
adresse : bulk pour les ids de 2501010 à 2502009
bulk : {
  "took" : 68,
  "errors" :  ...
18: 132001 adresses traitées
adresse : bulk pour les ids de 2502010 à 2503009
bulk : {
  "took" : 114,
  "errors" : ...
18: 133001 adresses traitées
adresse : bulk pour les ids de 2503010 à 2504009
bulk : {
  "took" : 68,
  "errors" :  ...
18: 134001 adresses traitées
adresse : bulk pour les ids de 2504010 à 2505009
bulk : {
  "took" : 113,
  "errors" : ...
18: 135001 adresses traitées
adresse : bulk pour les ids de 2505010 à 2506009
bulk : {
  "took" : 74,
  "errors" :  ...
18: 136001 adresses traitées
adresse : bulk pour les ids de 2506010 à 2507009
bulk : {
  "took" : 94,
  "errors" :  ...
18: 137001 adresses traitées
adresse : bulk pour les ids de 2507010 à 2508009
bulk : {
  "took" : 68,
  "errors" :  ...
18: 138001 adresses traitées
adresse : bulk pour les ids de 2508010 à 2509009
bulk : {
  "took" : 88,
  "errors" :  ...
18: 139001 adresses traitées
adresse : bulk pour les ids de 2509010 à 2510009
bulk : {
  "took" : 70,
  "errors" :  ...
18: 140001 adresses traitées
adresse : bulk pour les ids de 2510010 à 2511009
bulk : {
  "took" : 86,
  "errors" :  ...
18: 141001 adresses traitées
adresse : bulk pour les ids de 2511010 à 2512009
bulk : {
  "took" : 71,
  "errors" :  ...
18: 142001 adresses traitées
adresse : bulk pour les ids de 2512010 à 2513009
bulk : {
  "took" : 97,
  "errors" :  ...
18: 143001 adresses traitées
adresse : bulk pour les ids de 2513010 à 2514009
bulk : {
  "took" : 68,
  "errors" :  ...
18: 144001 adresses traitées
adresse : bulk pour les ids de 2514010 à 2514456
bulk : {
  "took" : 55,
  "errors" :  ...
dpt 19 : voies
19: 1 voies traitées
voie : bulk pour les ids de 201116 à 201315
bulk : {
  "took" : 12,
  "errors" :  ...
19: 201 voies traitées
voie : bulk pour les ids de 201316 à 201515
bulk : {
  "took" : 11,
  "errors" :  ...
19: 401 voies traitées
voie : bulk pour les ids de 201516 à 201715
bulk : {
  "took" : 13,
  "errors" :  ...
19: 601 voies traitées
voie : bulk pour les ids de 201716 à 201915
bulk : {
  "took" : 12,
  "errors" :  ...
19: 801 voies traitées
voie : bulk pour les ids de 201916 à 202115
bulk : {
  "took" : 12,
  "errors" :  ...
19: 1001 voies traitées
voie : bulk pour les ids de 202116 à 202315
bulk : {
  "took" : 12,
  "errors" :  ...
19: 1201 voies traitées
voie : bulk pour les ids de 202316 à 202515
bulk : {
  "took" : 11,
  "errors" :  ...
19: 1401 voies traitées
voie : bulk pour les ids de 202516 à 202715
bulk : {
  "took" : 11,
  "errors" :  ...
19: 1601 voies traitées
voie : bulk pour les ids de 202716 à 202915
bulk : {
  "took" : 59,
  "errors" :  ...
19: 1801 voies traitées
voie : bulk pour les ids de 202916 à 203115
bulk : {
  "took" : 12,
  "errors" :  ...
19: 2001 voies traitées
voie : bulk pour les ids de 203116 à 203315
bulk : {
  "took" : 11,
  "errors" :  ...
19: 2201 voies traitées
voie : bulk pour les ids de 203316 à 203515
bulk : {
  "took" : 12,
  "errors" :  ...
19: 2401 voies traitées
voie : bulk pour les ids de 203516 à 203715
bulk : {
  "took" : 12,
  "errors" :  ...
19: 2601 voies traitées
voie : bulk pour les ids de 203716 à 203915
bulk : {
  "took" : 11,
  "errors" :  ...
19: 2801 voies traitées
voie : bulk pour les ids de 203916 à 204115
bulk : {
  "took" : 11,
  "errors" :  ...
19: 3001 voies traitées
voie : bulk pour les ids de 204116 à 204315
bulk : {
  "took" : 12,
  "errors" :  ...
19: 3201 voies traitées
voie : bulk pour les ids de 204316 à 204515
bulk : {
  "took" : 11,
  "errors" :  ...
19: 3401 voies traitées
voie : bulk pour les ids de 204516 à 204715
bulk : {
  "took" : 13,
  "errors" :  ...
19: 3601 voies traitées
voie : bulk pour les ids de 204716 à 204915
bulk : {
  "took" : 12,
  "errors" :  ...
19: 3801 voies traitées
voie : bulk pour les ids de 204916 à 205115
bulk : {
  "took" : 12,
  "errors" :  ...
19: 4001 voies traitées
voie : bulk pour les ids de 205116 à 205315
bulk : {
  "took" : 11,
  "errors" :  ...
19: 4201 voies traitées
voie : bulk pour les ids de 205316 à 205515
bulk : {
  "took" : 11,
  "errors" :  ...
19: 4401 voies traitées
voie : bulk pour les ids de 205516 à 205715
bulk : {
  "took" : 12,
  "errors" :  ...
19: 4601 voies traitées
voie : bulk pour les ids de 205716 à 205915
bulk : {
  "took" : 12,
  "errors" :  ...
19: 4801 voies traitées
voie : bulk pour les ids de 205916 à 206115
bulk : {
  "took" : 12,
  "errors" :  ...
19: 5001 voies traitées
voie : bulk pour les ids de 206116 à 206315
bulk : {
  "took" : 11,
  "errors" :  ...
19: 5201 voies traitées
voie : bulk pour les ids de 206316 à 206415
bulk : {
  "took" : 6,
  "errors" : f ...
dpt 19 : adresses
19: 1 adresses traitées
19: 1001 adresses traitées
adresse : bulk pour les ids de 2514457 à 2515456
bulk : {
  "took" : 87,
  "errors" :  ...
19: 2001 adresses traitées
adresse : bulk pour les ids de 2515457 à 2516456
bulk : {
  "took" : 70,
  "errors" :  ...
19: 3001 adresses traitées
adresse : bulk pour les ids de 2516457 à 2517456
bulk : {
  "took" : 97,
  "errors" :  ...
19: 4001 adresses traitées
adresse : bulk pour les ids de 2517457 à 2518456
bulk : {
  "took" : 66,
  "errors" :  ...
19: 5001 adresses traitées
adresse : bulk pour les ids de 2518457 à 2519456
bulk : {
  "took" : 87,
  "errors" :  ...
19: 6001 adresses traitées
adresse : bulk pour les ids de 2519457 à 2520456
bulk : {
  "took" : 68,
  "errors" :  ...
19: 7001 adresses traitées
adresse : bulk pour les ids de 2520457 à 2521456
bulk : {
  "took" : 87,
  "errors" :  ...
19: 8001 adresses traitées
adresse : bulk pour les ids de 2521457 à 2522456
bulk : {
  "took" : 67,
  "errors" :  ...
19: 9001 adresses traitées
19: 10001 adresses traitées
adresse : bulk pour les ids de 2522457 à 2523456
bulk : {
  "took" : 87,
  "errors" :  ...
19: 11001 adresses traitées
adresse : bulk pour les ids de 2523457 à 2524456
bulk : {
  "took" : 68,
  "errors" :  ...
19: 12001 adresses traitées
adresse : bulk pour les ids de 2524457 à 2525456
bulk : {
  "took" : 90,
  "errors" :  ...
19: 13001 adresses traitées
adresse : bulk pour les ids de 2525457 à 2526456
bulk : {
  "took" : 68,
  "errors" :  ...
19: 14001 adresses traitées
adresse : bulk pour les ids de 2526457 à 2527456
bulk : {
  "took" : 67,
  "errors" :  ...
19: 15001 adresses traitées
adresse : bulk pour les ids de 2527457 à 2528456
bulk : {
  "took" : 89,
  "errors" :  ...
19: 16001 adresses traitées
19: 17001 adresses traitées
adresse : bulk pour les ids de 2528457 à 2529456
bulk : {
  "took" : 68,
  "errors" :  ...
19: 18001 adresses traitées
adresse : bulk pour les ids de 2529457 à 2530456
bulk : {
  "took" : 89,
  "errors" :  ...
19: 19001 adresses traitées
adresse : bulk pour les ids de 2530457 à 2531456
bulk : {
  "took" : 72,
  "errors" :  ...
19: 20001 adresses traitées
adresse : bulk pour les ids de 2531457 à 2532456
bulk : {
  "took" : 88,
  "errors" :  ...
19: 21001 adresses traitées
19: 22001 adresses traitées
adresse : bulk pour les ids de 2532457 à 2533456
bulk : {
  "took" : 66,
  "errors" :  ...
19: 23001 adresses traitées
adresse : bulk pour les ids de 2533457 à 2534456
bulk : {
  "took" : 90,
  "errors" :  ...
19: 24001 adresses traitées
adresse : bulk pour les ids de 2534457 à 2535456
bulk : {
  "took" : 69,
  "errors" :  ...
19: 25001 adresses traitées
adresse : bulk pour les ids de 2535457 à 2536456
bulk : {
  "took" : 109,
  "errors" : ...
19: 26001 adresses traitées
adresse : bulk pour les ids de 2536457 à 2537456
bulk : {
  "took" : 74,
  "errors" :  ...
19: 27001 adresses traitées
adresse : bulk pour les ids de 2537457 à 2538456
bulk : {
  "took" : 95,
  "errors" :  ...
19: 28001 adresses traitées
adresse : bulk pour les ids de 2538457 à 2539456
bulk : {
  "took" : 67,
  "errors" :  ...
19: 29001 adresses traitées
19: 30001 adresses traitées
adresse : bulk pour les ids de 2539457 à 2540456
bulk : {
  "took" : 91,
  "errors" :  ...
19: 31001 adresses traitées
adresse : bulk pour les ids de 2540457 à 2541456
bulk : {
  "took" : 69,
  "errors" :  ...
19: 32001 adresses traitées
adresse : bulk pour les ids de 2541457 à 2542456
bulk : {
  "took" : 88,
  "errors" :  ...
19: 33001 adresses traitées
adresse : bulk pour les ids de 2542457 à 2543456
bulk : {
  "took" : 67,
  "errors" :  ...
19: 34001 adresses traitées
adresse : bulk pour les ids de 2543457 à 2544456
bulk : {
  "took" : 92,
  "errors" :  ...
19: 35001 adresses traitées
adresse : bulk pour les ids de 2544457 à 2545456
bulk : {
  "took" : 68,
  "errors" :  ...
19: 36001 adresses traitées
adresse : bulk pour les ids de 2545457 à 2546456
bulk : {
  "took" : 86,
  "errors" :  ...
19: 37001 adresses traitées
adresse : bulk pour les ids de 2546457 à 2547456
bulk : {
  "took" : 70,
  "errors" :  ...
19: 38001 adresses traitées
19: 39001 adresses traitées
adresse : bulk pour les ids de 2547457 à 2548456
bulk : {
  "took" : 92,
  "errors" :  ...
19: 40001 adresses traitées
adresse : bulk pour les ids de 2548457 à 2549456
bulk : {
  "took" : 71,
  "errors" :  ...
19: 41001 adresses traitées
adresse : bulk pour les ids de 2549457 à 2550456
bulk : {
  "took" : 103,
  "errors" : ...
19: 42001 adresses traitées
adresse : bulk pour les ids de 2550457 à 2551456
bulk : {
  "took" : 70,
  "errors" :  ...
19: 43001 adresses traitées
adresse : bulk pour les ids de 2551457 à 2552456
bulk : {
  "took" : 94,
  "errors" :  ...
19: 44001 adresses traitées
adresse : bulk pour les ids de 2552457 à 2553456
bulk : {
  "took" : 93,
  "errors" :  ...
19: 45001 adresses traitées
adresse : bulk pour les ids de 2553457 à 2554456
bulk : {
  "took" : 69,
  "errors" :  ...
19: 46001 adresses traitées
adresse : bulk pour les ids de 2554457 à 2555456
bulk : {
  "took" : 90,
  "errors" :  ...
19: 47001 adresses traitées
adresse : bulk pour les ids de 2555457 à 2556456
bulk : {
  "took" : 70,
  "errors" :  ...
19: 48001 adresses traitées
19: 49001 adresses traitées
adresse : bulk pour les ids de 2556457 à 2557456
bulk : {
  "took" : 104,
  "errors" : ...
19: 50001 adresses traitées
adresse : bulk pour les ids de 2557457 à 2558456
bulk : {
  "took" : 73,
  "errors" :  ...
19: 51001 adresses traitées
adresse : bulk pour les ids de 2558457 à 2559456
bulk : {
  "took" : 88,
  "errors" :  ...
19: 52001 adresses traitées
adresse : bulk pour les ids de 2559457 à 2560456
bulk : {
  "took" : 70,
  "errors" :  ...
19: 53001 adresses traitées
adresse : bulk pour les ids de 2560457 à 2561456
bulk : {
  "took" : 89,
  "errors" :  ...
19: 54001 adresses traitées
adresse : bulk pour les ids de 2561457 à 2562456
bulk : {
  "took" : 71,
  "errors" :  ...
19: 55001 adresses traitées
adresse : bulk pour les ids de 2562457 à 2563456
bulk : {
  "took" : 89,
  "errors" :  ...
19: 56001 adresses traitées
adresse : bulk pour les ids de 2563457 à 2564456
bulk : {
  "took" : 71,
  "errors" :  ...
19: 57001 adresses traitées
adresse : bulk pour les ids de 2564457 à 2565456
bulk : {
  "took" : 90,
  "errors" :  ...
19: 58001 adresses traitées
adresse : bulk pour les ids de 2565457 à 2566456
bulk : {
  "took" : 69,
  "errors" :  ...
19: 59001 adresses traitées
adresse : bulk pour les ids de 2566457 à 2567456
bulk : {
  "took" : 70,
  "errors" :  ...
19: 60001 adresses traitées
adresse : bulk pour les ids de 2567457 à 2568456
bulk : {
  "took" : 89,
  "errors" :  ...
19: 61001 adresses traitées
adresse : bulk pour les ids de 2568457 à 2569456
bulk : {
  "took" : 70,
  "errors" :  ...
19: 62001 adresses traitées
19: 63001 adresses traitées
adresse : bulk pour les ids de 2569457 à 2570456
bulk : {
  "took" : 90,
  "errors" :  ...
19: 64001 adresses traitées
adresse : bulk pour les ids de 2570457 à 2571456
bulk : {
  "took" : 69,
  "errors" :  ...
19: 65001 adresses traitées
adresse : bulk pour les ids de 2571457 à 2572456
bulk : {
  "took" : 92,
  "errors" :  ...
19: 66001 adresses traitées
adresse : bulk pour les ids de 2572457 à 2573456
bulk : {
  "took" : 69,
  "errors" :  ...
19: 67001 adresses traitées
adresse : bulk pour les ids de 2573457 à 2574456
bulk : {
  "took" : 89,
  "errors" :  ...
19: 68001 adresses traitées
19: 69001 adresses traitées
adresse : bulk pour les ids de 2574457 à 2575456
bulk : {
  "took" : 71,
  "errors" :  ...
19: 70001 adresses traitées
adresse : bulk pour les ids de 2575457 à 2576456
bulk : {
  "took" : 100,
  "errors" : ...
19: 71001 adresses traitées
19: 72001 adresses traitées
adresse : bulk pour les ids de 2576457 à 2577456
bulk : {
  "took" : 70,
  "errors" :  ...
adresse : bulk pour les ids de 2577457 à 2578276
bulk : {
  "took" : 88,
  "errors" :  ...
dpt 20_a : voies
20_a: 1 voies traitées
voie : bulk pour les ids de 206416 à 206615
bulk : {
  "took" : 13,
  "errors" :  ...
20_a: 201 voies traitées
voie : bulk pour les ids de 206616 à 206815
bulk : {
  "took" : 12,
  "errors" :  ...
20_a: 401 voies traitées
voie : bulk pour les ids de 206816 à 207015
bulk : {
  "took" : 12,
  "errors" :  ...
20_a: 601 voies traitées
voie : bulk pour les ids de 207016 à 207215
bulk : {
  "took" : 12,
  "errors" :  ...
20_a: 801 voies traitées
voie : bulk pour les ids de 207216 à 207279
bulk : {
  "took" : 4,
  "errors" : f ...
dpt 20_a : adresses
20_a: 1 adresses traitées
20_a: 1001 adresses traitées
20_a: 2001 adresses traitées
adresse : bulk pour les ids de 2578277 à 2579276
bulk : {
  "took" : 87,
  "errors" :  ...
20_a: 3001 adresses traitées
adresse : bulk pour les ids de 2579277 à 2580276
bulk : {
  "took" : 68,
  "errors" :  ...
20_a: 4001 adresses traitées
20_a: 5001 adresses traitées
adresse : bulk pour les ids de 2580277 à 2581276
bulk : {
  "took" : 88,
  "errors" :  ...
20_a: 6001 adresses traitées
20_a: 7001 adresses traitées
adresse : bulk pour les ids de 2581277 à 2582276
bulk : {
  "took" : 68,
  "errors" :  ...
20_a: 8001 adresses traitées
adresse : bulk pour les ids de 2582277 à 2583276
bulk : {
  "took" : 91,
  "errors" :  ...
20_a: 9001 adresses traitées
adresse : bulk pour les ids de 2583277 à 2583834
bulk : {
  "took" : 41,
  "errors" :  ...
dpt 20_b : voies
20_b: 1 voies traitées
voie : bulk pour les ids de 207280 à 207479
bulk : {
  "took" : 11,
  "errors" :  ...
20_b: 201 voies traitées
voie : bulk pour les ids de 207480 à 207679
bulk : {
  "took" : 12,
  "errors" :  ...
20_b: 401 voies traitées
voie : bulk pour les ids de 207680 à 207879
bulk : {
  "took" : 12,
  "errors" :  ...
20_b: 601 voies traitées
voie : bulk pour les ids de 207880 à 208079
bulk : {
  "took" : 11,
  "errors" :  ...
20_b: 801 voies traitées
voie : bulk pour les ids de 208080 à 208279
bulk : {
  "took" : 12,
  "errors" :  ...
20_b: 1001 voies traitées
voie : bulk pour les ids de 208280 à 208435
bulk : {
  "took" : 10,
  "errors" :  ...
dpt 20_b : adresses
20_b: 1 adresses traitées
20_b: 1001 adresses traitées
adresse : bulk pour les ids de 2583835 à 2584834
bulk : {
  "took" : 91,
  "errors" :  ...
20_b: 2001 adresses traitées
20_b: 3001 adresses traitées
adresse : bulk pour les ids de 2584835 à 2585834
bulk : {
  "took" : 316,
  "errors" : ...
20_b: 4001 adresses traitées
adresse : bulk pour les ids de 2585835 à 2586834
bulk : {
  "took" : 67,
  "errors" :  ...
20_b: 5001 adresses traitées
adresse : bulk pour les ids de 2586835 à 2587834
bulk : {
  "took" : 67,
  "errors" :  ...
20_b: 6001 adresses traitées
20_b: 7001 adresses traitées
adresse : bulk pour les ids de 2587835 à 2588834
bulk : {
  "took" : 68,
  "errors" :  ...
20_b: 8001 adresses traitées
adresse : bulk pour les ids de 2588835 à 2589834
bulk : {
  "took" : 86,
  "errors" :  ...
20_b: 9001 adresses traitées
20_b: 10001 adresses traitées
adresse : bulk pour les ids de 2589835 à 2590834
bulk : {
  "took" : 68,
  "errors" :  ...
20_b: 11001 adresses traitées
adresse : bulk pour les ids de 2590835 à 2591834
bulk : {
  "took" : 90,
  "errors" :  ...
20_b: 12001 adresses traitées
adresse : bulk pour les ids de 2591835 à 2592335
bulk : {
  "took" : 34,
  "errors" :  ...
dpt 21 : voies
21: 1 voies traitées
voie : bulk pour les ids de 208436 à 208635
bulk : {
  "took" : 12,
  "errors" :  ...
21: 201 voies traitées
voie : bulk pour les ids de 208636 à 208835
bulk : {
  "took" : 11,
  "errors" :  ...
21: 401 voies traitées
voie : bulk pour les ids de 208836 à 209035
bulk : {
  "took" : 12,
  "errors" :  ...
21: 601 voies traitées
voie : bulk pour les ids de 209036 à 209235
bulk : {
  "took" : 12,
  "errors" :  ...
21: 801 voies traitées
voie : bulk pour les ids de 209236 à 209435
bulk : {
  "took" : 11,
  "errors" :  ...
21: 1001 voies traitées
voie : bulk pour les ids de 209436 à 209635
bulk : {
  "took" : 32,
  "errors" :  ...
21: 1201 voies traitées
voie : bulk pour les ids de 209636 à 209835
bulk : {
  "took" : 12,
  "errors" :  ...
21: 1401 voies traitées
voie : bulk pour les ids de 209836 à 210035
bulk : {
  "took" : 11,
  "errors" :  ...
21: 1601 voies traitées
voie : bulk pour les ids de 210036 à 210235
bulk : {
  "took" : 12,
  "errors" :  ...
21: 1801 voies traitées
voie : bulk pour les ids de 210236 à 210435
bulk : {
  "took" : 12,
  "errors" :  ...
21: 2001 voies traitées
voie : bulk pour les ids de 210436 à 210635
bulk : {
  "took" : 11,
  "errors" :  ...
21: 2201 voies traitées
voie : bulk pour les ids de 210636 à 210835
bulk : {
  "took" : 12,
  "errors" :  ...
21: 2401 voies traitées
voie : bulk pour les ids de 210836 à 211035
bulk : {
  "took" : 12,
  "errors" :  ...
21: 2601 voies traitées
voie : bulk pour les ids de 211036 à 211235
bulk : {
  "took" : 11,
  "errors" :  ...
21: 2801 voies traitées
voie : bulk pour les ids de 211236 à 211435
bulk : {
  "took" : 12,
  "errors" :  ...
21: 3001 voies traitées
voie : bulk pour les ids de 211436 à 211635
bulk : {
  "took" : 12,
  "errors" :  ...
21: 3201 voies traitées
voie : bulk pour les ids de 211636 à 211835
bulk : {
  "took" : 32,
  "errors" :  ...
21: 3401 voies traitées
voie : bulk pour les ids de 211836 à 212035
bulk : {
  "took" : 11,
  "errors" :  ...
21: 3601 voies traitées
voie : bulk pour les ids de 212036 à 212235
bulk : {
  "took" : 11,
  "errors" :  ...
21: 3801 voies traitées
voie : bulk pour les ids de 212236 à 212435
bulk : {
  "took" : 12,
  "errors" :  ...
21: 4001 voies traitées
voie : bulk pour les ids de 212436 à 212635
bulk : {
  "took" : 12,
  "errors" :  ...
21: 4201 voies traitées
voie : bulk pour les ids de 212636 à 212835
bulk : {
  "took" : 11,
  "errors" :  ...
21: 4401 voies traitées
voie : bulk pour les ids de 212836 à 213035
bulk : {
  "took" : 12,
  "errors" :  ...
21: 4601 voies traitées
voie : bulk pour les ids de 213036 à 213235
bulk : {
  "took" : 12,
  "errors" :  ...
21: 4801 voies traitées
voie : bulk pour les ids de 213236 à 213435
bulk : {
  "took" : 11,
  "errors" :  ...
21: 5001 voies traitées
voie : bulk pour les ids de 213436 à 213635
bulk : {
  "took" : 12,
  "errors" :  ...
21: 5201 voies traitées
voie : bulk pour les ids de 213636 à 213835
bulk : {
  "took" : 28,
  "errors" :  ...
21: 5401 voies traitées
voie : bulk pour les ids de 213836 à 214035
bulk : {
  "took" : 11,
  "errors" :  ...
21: 5601 voies traitées
voie : bulk pour les ids de 214036 à 214235
bulk : {
  "took" : 11,
  "errors" :  ...
21: 5801 voies traitées
voie : bulk pour les ids de 214236 à 214435
bulk : {
  "took" : 11,
  "errors" :  ...
21: 6001 voies traitées
voie : bulk pour les ids de 214436 à 214635
bulk : {
  "took" : 12,
  "errors" :  ...
21: 6201 voies traitées
voie : bulk pour les ids de 214636 à 214835
bulk : {
  "took" : 11,
  "errors" :  ...
21: 6401 voies traitées
voie : bulk pour les ids de 214836 à 215035
bulk : {
  "took" : 11,
  "errors" :  ...
21: 6601 voies traitées
voie : bulk pour les ids de 215036 à 215235
bulk : {
  "took" : 12,
  "errors" :  ...
21: 6801 voies traitées
voie : bulk pour les ids de 215236 à 215435
bulk : {
  "took" : 12,
  "errors" :  ...
21: 7001 voies traitées
voie : bulk pour les ids de 215436 à 215635
bulk : {
  "took" : 11,
  "errors" :  ...
21: 7201 voies traitées
voie : bulk pour les ids de 215636 à 215835
bulk : {
  "took" : 11,
  "errors" :  ...
21: 7401 voies traitées
voie : bulk pour les ids de 215836 à 216035
bulk : {
  "took" : 29,
  "errors" :  ...
21: 7601 voies traitées
voie : bulk pour les ids de 216036 à 216235
bulk : {
  "took" : 12,
  "errors" :  ...
21: 7801 voies traitées
voie : bulk pour les ids de 216236 à 216435
bulk : {
  "took" : 12,
  "errors" :  ...
21: 8001 voies traitées
voie : bulk pour les ids de 216436 à 216635
bulk : {
  "took" : 12,
  "errors" :  ...
21: 8201 voies traitées
voie : bulk pour les ids de 216636 à 216835
bulk : {
  "took" : 12,
  "errors" :  ...
21: 8401 voies traitées
voie : bulk pour les ids de 216836 à 217035
bulk : {
  "took" : 11,
  "errors" :  ...
21: 8601 voies traitées
voie : bulk pour les ids de 217036 à 217235
bulk : {
  "took" : 11,
  "errors" :  ...
21: 8801 voies traitées
voie : bulk pour les ids de 217236 à 217435
bulk : {
  "took" : 11,
  "errors" :  ...
21: 9001 voies traitées
voie : bulk pour les ids de 217436 à 217635
bulk : {
  "took" : 11,
  "errors" :  ...
21: 9201 voies traitées
voie : bulk pour les ids de 217636 à 217835
bulk : {
  "took" : 12,
  "errors" :  ...
21: 9401 voies traitées
voie : bulk pour les ids de 217836 à 218035
bulk : {
  "took" : 29,
  "errors" :  ...
21: 9601 voies traitées
voie : bulk pour les ids de 218036 à 218235
bulk : {
  "took" : 13,
  "errors" :  ...
21: 9801 voies traitées
voie : bulk pour les ids de 218236 à 218435
bulk : {
  "took" : 12,
  "errors" :  ...
21: 10001 voies traitées
voie : bulk pour les ids de 218436 à 218635
bulk : {
  "took" : 11,
  "errors" :  ...
21: 10201 voies traitées
voie : bulk pour les ids de 218636 à 218835
bulk : {
  "took" : 12,
  "errors" :  ...
21: 10401 voies traitées
voie : bulk pour les ids de 218836 à 219035
bulk : {
  "took" : 12,
  "errors" :  ...
21: 10601 voies traitées
voie : bulk pour les ids de 219036 à 219235
bulk : {
  "took" : 12,
  "errors" :  ...
21: 10801 voies traitées
voie : bulk pour les ids de 219236 à 219435
bulk : {
  "took" : 12,
  "errors" :  ...
21: 11001 voies traitées
voie : bulk pour les ids de 219436 à 219635
bulk : {
  "took" : 12,
  "errors" :  ...
21: 11201 voies traitées
voie : bulk pour les ids de 219636 à 219835
bulk : {
  "took" : 11,
  "errors" :  ...
21: 11401 voies traitées
voie : bulk pour les ids de 219836 à 220035
bulk : {
  "took" : 12,
  "errors" :  ...
21: 11601 voies traitées
voie : bulk pour les ids de 220036 à 220235
bulk : {
  "took" : 32,
  "errors" :  ...
21: 11801 voies traitées
voie : bulk pour les ids de 220236 à 220435
bulk : {
  "took" : 12,
  "errors" :  ...
21: 12001 voies traitées
voie : bulk pour les ids de 220436 à 220635
bulk : {
  "took" : 11,
  "errors" :  ...
21: 12201 voies traitées
voie : bulk pour les ids de 220636 à 220835
bulk : {
  "took" : 11,
  "errors" :  ...
21: 12401 voies traitées
voie : bulk pour les ids de 220836 à 221035
bulk : {
  "took" : 12,
  "errors" :  ...
21: 12601 voies traitées
voie : bulk pour les ids de 221036 à 221235
bulk : {
  "took" : 12,
  "errors" :  ...
21: 12801 voies traitées
voie : bulk pour les ids de 221236 à 221435
bulk : {
  "took" : 12,
  "errors" :  ...
21: 13001 voies traitées
voie : bulk pour les ids de 221436 à 221635
bulk : {
  "took" : 11,
  "errors" :  ...
21: 13201 voies traitées
voie : bulk pour les ids de 221636 à 221835
bulk : {
  "took" : 12,
  "errors" :  ...
21: 13401 voies traitées
voie : bulk pour les ids de 221836 à 222035
bulk : {
  "took" : 12,
  "errors" :  ...
21: 13601 voies traitées
voie : bulk pour les ids de 222036 à 222235
bulk : {
  "took" : 28,
  "errors" :  ...
21: 13801 voies traitées
voie : bulk pour les ids de 222236 à 222435
bulk : {
  "took" : 12,
  "errors" :  ...
21: 14001 voies traitées
voie : bulk pour les ids de 222436 à 222635
bulk : {
  "took" : 11,
  "errors" :  ...
21: 14201 voies traitées
voie : bulk pour les ids de 222636 à 222835
bulk : {
  "took" : 11,
  "errors" :  ...
21: 14401 voies traitées
voie : bulk pour les ids de 222836 à 223035
bulk : {
  "took" : 11,
  "errors" :  ...
21: 14601 voies traitées
voie : bulk pour les ids de 223036 à 223235
bulk : {
  "took" : 11,
  "errors" :  ...
21: 14801 voies traitées
voie : bulk pour les ids de 223236 à 223435
bulk : {
  "took" : 11,
  "errors" :  ...
21: 15001 voies traitées
voie : bulk pour les ids de 223436 à 223635
bulk : {
  "took" : 12,
  "errors" :  ...
21: 15201 voies traitées
voie : bulk pour les ids de 223636 à 223835
bulk : {
  "took" : 13,
  "errors" :  ...
21: 15401 voies traitées
voie : bulk pour les ids de 223836 à 224035
bulk : {
  "took" : 12,
  "errors" :  ...
21: 15601 voies traitées
voie : bulk pour les ids de 224036 à 224235
bulk : {
  "took" : 12,
  "errors" :  ...
21: 15801 voies traitées
voie : bulk pour les ids de 224236 à 224435
bulk : {
  "took" : 33,
  "errors" :  ...
21: 16001 voies traitées
voie : bulk pour les ids de 224436 à 224635
bulk : {
  "took" : 12,
  "errors" :  ...
21: 16201 voies traitées
voie : bulk pour les ids de 224636 à 224835
bulk : {
  "took" : 11,
  "errors" :  ...
21: 16401 voies traitées
voie : bulk pour les ids de 224836 à 224978
bulk : {
  "took" : 9,
  "errors" : f ...
dpt 21 : adresses
21: 1 adresses traitées
21: 1001 adresses traitées
adresse : bulk pour les ids de 2592336 à 2593335
bulk : {
  "took" : 70,
  "errors" :  ...
21: 2001 adresses traitées
adresse : bulk pour les ids de 2593336 à 2594335
bulk : {
  "took" : 84,
  "errors" :  ...
21: 3001 adresses traitées
21: 4001 adresses traitées
adresse : bulk pour les ids de 2594336 à 2595335
bulk : {
  "took" : 82,
  "errors" :  ...
21: 5001 adresses traitées
adresse : bulk pour les ids de 2595336 à 2596335
bulk : {
  "took" : 67,
  "errors" :  ...
21: 6001 adresses traitées
adresse : bulk pour les ids de 2596336 à 2597335
bulk : {
  "took" : 83,
  "errors" :  ...
21: 7001 adresses traitées
21: 8001 adresses traitées
adresse : bulk pour les ids de 2597336 à 2598335
bulk : {
  "took" : 85,
  "errors" :  ...
21: 9001 adresses traitées
adresse : bulk pour les ids de 2598336 à 2599335
bulk : {
  "took" : 64,
  "errors" :  ...
21: 10001 adresses traitées
21: 11001 adresses traitées
adresse : bulk pour les ids de 2599336 à 2600335
bulk : {
  "took" : 84,
  "errors" :  ...
21: 12001 adresses traitées
21: 13001 adresses traitées
adresse : bulk pour les ids de 2600336 à 2601335
bulk : {
  "took" : 65,
  "errors" :  ...
21: 14001 adresses traitées
adresse : bulk pour les ids de 2601336 à 2602335
bulk : {
  "took" : 85,
  "errors" :  ...
21: 15001 adresses traitées
adresse : bulk pour les ids de 2602336 à 2603335
bulk : {
  "took" : 63,
  "errors" :  ...
21: 16001 adresses traitées
adresse : bulk pour les ids de 2603336 à 2604335
bulk : {
  "took" : 89,
  "errors" :  ...
21: 17001 adresses traitées
21: 18001 adresses traitées
adresse : bulk pour les ids de 2604336 à 2605335
bulk : {
  "took" : 66,
  "errors" :  ...
21: 19001 adresses traitées
adresse : bulk pour les ids de 2605336 à 2606335
bulk : {
  "took" : 86,
  "errors" :  ...
21: 20001 adresses traitées
adresse : bulk pour les ids de 2606336 à 2607335
bulk : {
  "took" : 65,
  "errors" :  ...
21: 21001 adresses traitées
adresse : bulk pour les ids de 2607336 à 2608335
bulk : {
  "took" : 93,
  "errors" :  ...
21: 22001 adresses traitées
adresse : bulk pour les ids de 2608336 à 2609335
bulk : {
  "took" : 68,
  "errors" :  ...
21: 23001 adresses traitées
21: 24001 adresses traitées
adresse : bulk pour les ids de 2609336 à 2610335
bulk : {
  "took" : 96,
  "errors" :  ...
21: 25001 adresses traitées
adresse : bulk pour les ids de 2610336 à 2611335
bulk : {
  "took" : 67,
  "errors" :  ...
21: 26001 adresses traitées
adresse : bulk pour les ids de 2611336 à 2612335
bulk : {
  "took" : 92,
  "errors" :  ...
21: 27001 adresses traitées
adresse : bulk pour les ids de 2612336 à 2613335
bulk : {
  "took" : 66,
  "errors" :  ...
21: 28001 adresses traitées
adresse : bulk pour les ids de 2613336 à 2614335
bulk : {
  "took" : 90,
  "errors" :  ...
21: 29001 adresses traitées
adresse : bulk pour les ids de 2614336 à 2615335
bulk : {
  "took" : 66,
  "errors" :  ...
21: 30001 adresses traitées
adresse : bulk pour les ids de 2615336 à 2616335
bulk : {
  "took" : 86,
  "errors" :  ...
21: 31001 adresses traitées
adresse : bulk pour les ids de 2616336 à 2617335
bulk : {
  "took" : 65,
  "errors" :  ...
21: 32001 adresses traitées
21: 33001 adresses traitées
adresse : bulk pour les ids de 2617336 à 2618335
bulk : {
  "took" : 87,
  "errors" :  ...
21: 34001 adresses traitées
adresse : bulk pour les ids de 2618336 à 2619335
bulk : {
  "took" : 67,
  "errors" :  ...
21: 35001 adresses traitées
adresse : bulk pour les ids de 2619336 à 2620335
bulk : {
  "took" : 91,
  "errors" :  ...
21: 36001 adresses traitées
adresse : bulk pour les ids de 2620336 à 2621335
bulk : {
  "took" : 67,
  "errors" :  ...
21: 37001 adresses traitées
adresse : bulk pour les ids de 2621336 à 2622335
bulk : {
  "took" : 86,
  "errors" :  ...
21: 38001 adresses traitées
adresse : bulk pour les ids de 2622336 à 2623335
bulk : {
  "took" : 69,
  "errors" :  ...
21: 39001 adresses traitées
adresse : bulk pour les ids de 2623336 à 2624335
bulk : {
  "took" : 72,
  "errors" :  ...
21: 40001 adresses traitées
21: 41001 adresses traitées
adresse : bulk pour les ids de 2624336 à 2625335
bulk : {
  "took" : 85,
  "errors" :  ...
21: 42001 adresses traitées
adresse : bulk pour les ids de 2625336 à 2626335
bulk : {
  "took" : 66,
  "errors" :  ...
21: 43001 adresses traitées
adresse : bulk pour les ids de 2626336 à 2627335
bulk : {
  "took" : 89,
  "errors" :  ...
21: 44001 adresses traitées
adresse : bulk pour les ids de 2627336 à 2628335
bulk : {
  "took" : 67,
  "errors" :  ...
21: 45001 adresses traitées
adresse : bulk pour les ids de 2628336 à 2629335
bulk : {
  "took" : 85,
  "errors" :  ...
21: 46001 adresses traitées
adresse : bulk pour les ids de 2629336 à 2630335
bulk : {
  "took" : 76,
  "errors" :  ...
21: 47001 adresses traitées
adresse : bulk pour les ids de 2630336 à 2631335
bulk : {
  "took" : 85,
  "errors" :  ...
21: 48001 adresses traitées
adresse : bulk pour les ids de 2631336 à 2632335
bulk : {
  "took" : 67,
  "errors" :  ...
21: 49001 adresses traitées
adresse : bulk pour les ids de 2632336 à 2633335
bulk : {
  "took" : 100,
  "errors" : ...
21: 50001 adresses traitées
adresse : bulk pour les ids de 2633336 à 2634335
bulk : {
  "took" : 67,
  "errors" :  ...
21: 51001 adresses traitées
adresse : bulk pour les ids de 2634336 à 2635335
bulk : {
  "took" : 90,
  "errors" :  ...
21: 52001 adresses traitées
21: 53001 adresses traitées
adresse : bulk pour les ids de 2635336 à 2636335
bulk : {
  "took" : 66,
  "errors" :  ...
21: 54001 adresses traitées
adresse : bulk pour les ids de 2636336 à 2637335
bulk : {
  "took" : 90,
  "errors" :  ...
21: 55001 adresses traitées
adresse : bulk pour les ids de 2637336 à 2638335
bulk : {
  "took" : 66,
  "errors" :  ...
21: 56001 adresses traitées
adresse : bulk pour les ids de 2638336 à 2639335
bulk : {
  "took" : 94,
  "errors" :  ...
21: 57001 adresses traitées
adresse : bulk pour les ids de 2639336 à 2640335
bulk : {
  "took" : 67,
  "errors" :  ...
21: 58001 adresses traitées
adresse : bulk pour les ids de 2640336 à 2641335
bulk : {
  "took" : 83,
  "errors" :  ...
21: 59001 adresses traitées
adresse : bulk pour les ids de 2641336 à 2642335
bulk : {
  "took" : 68,
  "errors" :  ...
21: 60001 adresses traitées
adresse : bulk pour les ids de 2642336 à 2643335
bulk : {
  "took" : 90,
  "errors" :  ...
21: 61001 adresses traitées
adresse : bulk pour les ids de 2643336 à 2644335
bulk : {
  "took" : 66,
  "errors" :  ...
21: 62001 adresses traitées
adresse : bulk pour les ids de 2644336 à 2645335
bulk : {
  "took" : 202,
  "errors" : ...
21: 63001 adresses traitées
adresse : bulk pour les ids de 2645336 à 2646335
bulk : {
  "took" : 65,
  "errors" :  ...
21: 64001 adresses traitées
adresse : bulk pour les ids de 2646336 à 2647335
bulk : {
  "took" : 85,
  "errors" :  ...
21: 65001 adresses traitées
adresse : bulk pour les ids de 2647336 à 2648335
bulk : {
  "took" : 67,
  "errors" :  ...
21: 66001 adresses traitées
adresse : bulk pour les ids de 2648336 à 2649335
bulk : {
  "took" : 90,
  "errors" :  ...
21: 67001 adresses traitées
adresse : bulk pour les ids de 2649336 à 2650335
bulk : {
  "took" : 67,
  "errors" :  ...
21: 68001 adresses traitées
adresse : bulk pour les ids de 2650336 à 2651335
bulk : {
  "took" : 66,
  "errors" :  ...
21: 69001 adresses traitées
adresse : bulk pour les ids de 2651336 à 2652335
bulk : {
  "took" : 84,
  "errors" :  ...
21: 70001 adresses traitées
adresse : bulk pour les ids de 2652336 à 2653335
bulk : {
  "took" : 65,
  "errors" :  ...
21: 71001 adresses traitées
adresse : bulk pour les ids de 2653336 à 2654335
bulk : {
  "took" : 85,
  "errors" :  ...
21: 72001 adresses traitées
adresse : bulk pour les ids de 2654336 à 2655335
bulk : {
  "took" : 72,
  "errors" :  ...
21: 73001 adresses traitées
adresse : bulk pour les ids de 2655336 à 2656335
bulk : {
  "took" : 85,
  "errors" :  ...
21: 74001 adresses traitées
adresse : bulk pour les ids de 2656336 à 2657335
bulk : {
  "took" : 64,
  "errors" :  ...
21: 75001 adresses traitées
adresse : bulk pour les ids de 2657336 à 2658335
bulk : {
  "took" : 86,
  "errors" :  ...
21: 76001 adresses traitées
adresse : bulk pour les ids de 2658336 à 2659335
bulk : {
  "took" : 66,
  "errors" :  ...
21: 77001 adresses traitées
adresse : bulk pour les ids de 2659336 à 2660335
bulk : {
  "took" : 86,
  "errors" :  ...
21: 78001 adresses traitées
adresse : bulk pour les ids de 2660336 à 2661335
bulk : {
  "took" : 65,
  "errors" :  ...
21: 79001 adresses traitées
adresse : bulk pour les ids de 2661336 à 2662335
bulk : {
  "took" : 89,
  "errors" :  ...
21: 80001 adresses traitées
adresse : bulk pour les ids de 2662336 à 2663335
bulk : {
  "took" : 65,
  "errors" :  ...
21: 81001 adresses traitées
adresse : bulk pour les ids de 2663336 à 2664335
bulk : {
  "took" : 96,
  "errors" :  ...
21: 82001 adresses traitées
adresse : bulk pour les ids de 2664336 à 2665335
bulk : {
  "took" : 64,
  "errors" :  ...
21: 83001 adresses traitées
adresse : bulk pour les ids de 2665336 à 2666335
bulk : {
  "took" : 88,
  "errors" :  ...
21: 84001 adresses traitées
adresse : bulk pour les ids de 2666336 à 2667335
bulk : {
  "took" : 64,
  "errors" :  ...
21: 85001 adresses traitées
adresse : bulk pour les ids de 2667336 à 2668335
bulk : {
  "took" : 88,
  "errors" :  ...
21: 86001 adresses traitées
adresse : bulk pour les ids de 2668336 à 2669335
bulk : {
  "took" : 69,
  "errors" :  ...
21: 87001 adresses traitées
adresse : bulk pour les ids de 2669336 à 2670335
bulk : {
  "took" : 87,
  "errors" :  ...
21: 88001 adresses traitées
adresse : bulk pour les ids de 2670336 à 2671335
bulk : {
  "took" : 65,
  "errors" :  ...
21: 89001 adresses traitées
adresse : bulk pour les ids de 2671336 à 2672335
bulk : {
  "took" : 92,
  "errors" :  ...
21: 90001 adresses traitées
adresse : bulk pour les ids de 2672336 à 2673335
bulk : {
  "took" : 66,
  "errors" :  ...
21: 91001 adresses traitées
adresse : bulk pour les ids de 2673336 à 2674335
bulk : {
  "took" : 90,
  "errors" :  ...
21: 92001 adresses traitées
adresse : bulk pour les ids de 2674336 à 2675335
bulk : {
  "took" : 68,
  "errors" :  ...
21: 93001 adresses traitées
adresse : bulk pour les ids de 2675336 à 2676335
bulk : {
  "took" : 92,
  "errors" :  ...
21: 94001 adresses traitées
adresse : bulk pour les ids de 2676336 à 2677335
bulk : {
  "took" : 70,
  "errors" :  ...
21: 95001 adresses traitées
adresse : bulk pour les ids de 2677336 à 2678335
bulk : {
  "took" : 88,
  "errors" :  ...
21: 96001 adresses traitées
adresse : bulk pour les ids de 2678336 à 2679335
bulk : {
  "took" : 69,
  "errors" :  ...
21: 97001 adresses traitées
adresse : bulk pour les ids de 2679336 à 2680335
bulk : {
  "took" : 67,
  "errors" :  ...
21: 98001 adresses traitées
adresse : bulk pour les ids de 2680336 à 2681335
bulk : {
  "took" : 85,
  "errors" :  ...
21: 99001 adresses traitées
adresse : bulk pour les ids de 2681336 à 2682335
bulk : {
  "took" : 65,
  "errors" :  ...
21: 100001 adresses traitées
adresse : bulk pour les ids de 2682336 à 2683335
bulk : {
  "took" : 81,
  "errors" :  ...
21: 101001 adresses traitées
adresse : bulk pour les ids de 2683336 à 2684335
bulk : {
  "took" : 69,
  "errors" :  ...
21: 102001 adresses traitées
adresse : bulk pour les ids de 2684336 à 2685335
bulk : {
  "took" : 90,
  "errors" :  ...
21: 103001 adresses traitées
adresse : bulk pour les ids de 2685336 à 2686335
bulk : {
  "took" : 67,
  "errors" :  ...
21: 104001 adresses traitées
adresse : bulk pour les ids de 2686336 à 2687335
bulk : {
  "took" : 92,
  "errors" :  ...
21: 105001 adresses traitées
adresse : bulk pour les ids de 2687336 à 2688335
bulk : {
  "took" : 68,
  "errors" :  ...
21: 106001 adresses traitées
21: 107001 adresses traitées
adresse : bulk pour les ids de 2688336 à 2689335
bulk : {
  "took" : 91,
  "errors" :  ...
21: 108001 adresses traitées
adresse : bulk pour les ids de 2689336 à 2690335
bulk : {
  "took" : 66,
  "errors" :  ...
21: 109001 adresses traitées
adresse : bulk pour les ids de 2690336 à 2691335
bulk : {
  "took" : 90,
  "errors" :  ...
21: 110001 adresses traitées
adresse : bulk pour les ids de 2691336 à 2692335
bulk : {
  "took" : 70,
  "errors" :  ...
21: 111001 adresses traitées
adresse : bulk pour les ids de 2692336 à 2693335
bulk : {
  "took" : 89,
  "errors" :  ...
21: 112001 adresses traitées
adresse : bulk pour les ids de 2693336 à 2694335
bulk : {
  "took" : 68,
  "errors" :  ...
21: 113001 adresses traitées
adresse : bulk pour les ids de 2694336 à 2695335
bulk : {
  "took" : 96,
  "errors" :  ...
21: 114001 adresses traitées
adresse : bulk pour les ids de 2695336 à 2696335
bulk : {
  "took" : 69,
  "errors" :  ...
21: 115001 adresses traitées
adresse : bulk pour les ids de 2696336 à 2697335
bulk : {
  "took" : 104,
  "errors" : ...
21: 116001 adresses traitées
adresse : bulk pour les ids de 2697336 à 2698335
bulk : {
  "took" : 68,
  "errors" :  ...
21: 117001 adresses traitées
adresse : bulk pour les ids de 2698336 à 2699335
bulk : {
  "took" : 100,
  "errors" : ...
21: 118001 adresses traitées
adresse : bulk pour les ids de 2699336 à 2700335
bulk : {
  "took" : 70,
  "errors" :  ...
21: 119001 adresses traitées
adresse : bulk pour les ids de 2700336 à 2701335
bulk : {
  "took" : 99,
  "errors" :  ...
21: 120001 adresses traitées
adresse : bulk pour les ids de 2701336 à 2702335
bulk : {
  "took" : 68,
  "errors" :  ...
21: 121001 adresses traitées
adresse : bulk pour les ids de 2702336 à 2703335
bulk : {
  "took" : 88,
  "errors" :  ...
21: 122001 adresses traitées
adresse : bulk pour les ids de 2703336 à 2704335
bulk : {
  "took" : 68,
  "errors" :  ...
21: 123001 adresses traitées
adresse : bulk pour les ids de 2704336 à 2705335
bulk : {
  "took" : 86,
  "errors" :  ...
21: 124001 adresses traitées
21: 125001 adresses traitées
adresse : bulk pour les ids de 2705336 à 2706335
bulk : {
  "took" : 69,
  "errors" :  ...
21: 126001 adresses traitées
adresse : bulk pour les ids de 2706336 à 2707335
bulk : {
  "took" : 68,
  "errors" :  ...
21: 127001 adresses traitées
adresse : bulk pour les ids de 2707336 à 2708335
bulk : {
  "took" : 89,
  "errors" :  ...
21: 128001 adresses traitées
adresse : bulk pour les ids de 2708336 à 2709335
bulk : {
  "took" : 73,
  "errors" :  ...
21: 129001 adresses traitées
adresse : bulk pour les ids de 2709336 à 2710335
bulk : {
  "took" : 89,
  "errors" :  ...
21: 130001 adresses traitées
adresse : bulk pour les ids de 2710336 à 2711335
bulk : {
  "took" : 70,
  "errors" :  ...
21: 131001 adresses traitées
adresse : bulk pour les ids de 2711336 à 2712335
bulk : {
  "took" : 88,
  "errors" :  ...
21: 132001 adresses traitées
adresse : bulk pour les ids de 2712336 à 2713335
bulk : {
  "took" : 69,
  "errors" :  ...
21: 133001 adresses traitées
adresse : bulk pour les ids de 2713336 à 2714335
bulk : {
  "took" : 92,
  "errors" :  ...
21: 134001 adresses traitées
adresse : bulk pour les ids de 2714336 à 2715335
bulk : {
  "took" : 70,
  "errors" :  ...
21: 135001 adresses traitées
adresse : bulk pour les ids de 2715336 à 2716335
bulk : {
  "took" : 90,
  "errors" :  ...
21: 136001 adresses traitées
adresse : bulk pour les ids de 2716336 à 2717335
bulk : {
  "took" : 67,
  "errors" :  ...
21: 137001 adresses traitées
adresse : bulk pour les ids de 2717336 à 2718335
bulk : {
  "took" : 93,
  "errors" :  ...
21: 138001 adresses traitées
adresse : bulk pour les ids de 2718336 à 2719335
bulk : {
  "took" : 80,
  "errors" :  ...
21: 139001 adresses traitées
21: 140001 adresses traitées
adresse : bulk pour les ids de 2719336 à 2720335
bulk : {
  "took" : 90,
  "errors" :  ...
21: 141001 adresses traitées
adresse : bulk pour les ids de 2720336 à 2721335
bulk : {
  "took" : 68,
  "errors" :  ...
21: 142001 adresses traitées
adresse : bulk pour les ids de 2721336 à 2722335
bulk : {
  "took" : 92,
  "errors" :  ...
21: 143001 adresses traitées
adresse : bulk pour les ids de 2722336 à 2723335
bulk : {
  "took" : 68,
  "errors" :  ...
21: 144001 adresses traitées
adresse : bulk pour les ids de 2723336 à 2724335
bulk : {
  "took" : 91,
  "errors" :  ...
21: 145001 adresses traitées
adresse : bulk pour les ids de 2724336 à 2725335
bulk : {
  "took" : 68,
  "errors" :  ...
21: 146001 adresses traitées
adresse : bulk pour les ids de 2725336 à 2726335
bulk : {
  "took" : 93,
  "errors" :  ...
21: 147001 adresses traitées
adresse : bulk pour les ids de 2726336 à 2727335
bulk : {
  "took" : 69,
  "errors" :  ...
21: 148001 adresses traitées
adresse : bulk pour les ids de 2727336 à 2728335
bulk : {
  "took" : 90,
  "errors" :  ...
21: 149001 adresses traitées
adresse : bulk pour les ids de 2728336 à 2729335
bulk : {
  "took" : 68,
  "errors" :  ...
21: 150001 adresses traitées
adresse : bulk pour les ids de 2729336 à 2730335
bulk : {
  "took" : 87,
  "errors" :  ...
21: 151001 adresses traitées
adresse : bulk pour les ids de 2730336 à 2731335
bulk : {
  "took" : 87,
  "errors" :  ...
21: 152001 adresses traitées
21: 153001 adresses traitées
adresse : bulk pour les ids de 2731336 à 2732335
bulk : {
  "took" : 69,
  "errors" :  ...
21: 154001 adresses traitées
adresse : bulk pour les ids de 2732336 à 2733335
bulk : {
  "took" : 95,
  "errors" :  ...
21: 155001 adresses traitées
adresse : bulk pour les ids de 2733336 à 2734335
bulk : {
  "took" : 70,
  "errors" :  ...
21: 156001 adresses traitées
adresse : bulk pour les ids de 2734336 à 2735335
bulk : {
  "took" : 89,
  "errors" :  ...
21: 157001 adresses traitées
adresse : bulk pour les ids de 2735336 à 2736335
bulk : {
  "took" : 67,
  "errors" :  ...
21: 158001 adresses traitées
21: 159001 adresses traitées
adresse : bulk pour les ids de 2736336 à 2737335
bulk : {
  "took" : 88,
  "errors" :  ...
21: 160001 adresses traitées
adresse : bulk pour les ids de 2737336 à 2738335
bulk : {
  "took" : 69,
  "errors" :  ...
21: 161001 adresses traitées
adresse : bulk pour les ids de 2738336 à 2739335
bulk : {
  "took" : 88,
  "errors" :  ...
21: 162001 adresses traitées
adresse : bulk pour les ids de 2739336 à 2740335
bulk : {
  "took" : 66,
  "errors" :  ...
21: 163001 adresses traitées
adresse : bulk pour les ids de 2740336 à 2741335
bulk : {
  "took" : 95,
  "errors" :  ...
21: 164001 adresses traitées
adresse : bulk pour les ids de 2741336 à 2742335
bulk : {
  "took" : 68,
  "errors" :  ...
21: 165001 adresses traitées
adresse : bulk pour les ids de 2742336 à 2743335
bulk : {
  "took" : 89,
  "errors" :  ...
21: 166001 adresses traitées
adresse : bulk pour les ids de 2743336 à 2744335
bulk : {
  "took" : 68,
  "errors" :  ...
21: 167001 adresses traitées
adresse : bulk pour les ids de 2744336 à 2745335
bulk : {
  "took" : 85,
  "errors" :  ...
21: 168001 adresses traitées
adresse : bulk pour les ids de 2745336 à 2746335
bulk : {
  "took" : 69,
  "errors" :  ...
21: 169001 adresses traitées
21: 170001 adresses traitées
adresse : bulk pour les ids de 2746336 à 2747335
bulk : {
  "took" : 98,
  "errors" :  ...
21: 171001 adresses traitées
adresse : bulk pour les ids de 2747336 à 2748335
bulk : {
  "took" : 69,
  "errors" :  ...
21: 172001 adresses traitées
adresse : bulk pour les ids de 2748336 à 2749335
bulk : {
  "took" : 88,
  "errors" :  ...
21: 173001 adresses traitées
adresse : bulk pour les ids de 2749336 à 2750335
bulk : {
  "took" : 68,
  "errors" :  ...
21: 174001 adresses traitées
adresse : bulk pour les ids de 2750336 à 2751335
bulk : {
  "took" : 92,
  "errors" :  ...
21: 175001 adresses traitées
adresse : bulk pour les ids de 2751336 à 2752335
bulk : {
  "took" : 68,
  "errors" :  ...
21: 176001 adresses traitées
adresse : bulk pour les ids de 2752336 à 2753335
bulk : {
  "took" : 88,
  "errors" :  ...
21: 177001 adresses traitées
adresse : bulk pour les ids de 2753336 à 2754335
bulk : {
  "took" : 68,
  "errors" :  ...
21: 178001 adresses traitées
adresse : bulk pour les ids de 2754336 à 2755335
bulk : {
  "took" : 89,
  "errors" :  ...
21: 179001 adresses traitées
adresse : bulk pour les ids de 2755336 à 2756335
bulk : {
  "took" : 70,
  "errors" :  ...
21: 180001 adresses traitées
21: 181001 adresses traitées
adresse : bulk pour les ids de 2756336 à 2757335
bulk : {
  "took" : 94,
  "errors" :  ...
21: 182001 adresses traitées
adresse : bulk pour les ids de 2757336 à 2758335
bulk : {
  "took" : 91,
  "errors" :  ...
21: 183001 adresses traitées
adresse : bulk pour les ids de 2758336 à 2759335
bulk : {
  "took" : 71,
  "errors" :  ...
21: 184001 adresses traitées
adresse : bulk pour les ids de 2759336 à 2760335
bulk : {
  "took" : 89,
  "errors" :  ...
21: 185001 adresses traitées
adresse : bulk pour les ids de 2760336 à 2761335
bulk : {
  "took" : 67,
  "errors" :  ...
21: 186001 adresses traitées
adresse : bulk pour les ids de 2761336 à 2762335
bulk : {
  "took" : 87,
  "errors" :  ...
adresse : bulk pour les ids de 2762336 à 2762461
bulk : {
  "took" : 9,
  "errors" : f ...
dpt 22 : voies
22: 1 voies traitées
voie : bulk pour les ids de 224979 à 225178
bulk : {
  "took" : 12,
  "errors" :  ...
22: 201 voies traitées
voie : bulk pour les ids de 225179 à 225378
bulk : {
  "took" : 12,
  "errors" :  ...
22: 401 voies traitées
voie : bulk pour les ids de 225379 à 225578
bulk : {
  "took" : 12,
  "errors" :  ...
22: 601 voies traitées
voie : bulk pour les ids de 225579 à 225778
bulk : {
  "took" : 12,
  "errors" :  ...
22: 801 voies traitées
voie : bulk pour les ids de 225779 à 225978
bulk : {
  "took" : 12,
  "errors" :  ...
22: 1001 voies traitées
voie : bulk pour les ids de 225979 à 226178
bulk : {
  "took" : 12,
  "errors" :  ...
22: 1201 voies traitées
voie : bulk pour les ids de 226179 à 226378
bulk : {
  "took" : 12,
  "errors" :  ...
22: 1401 voies traitées
voie : bulk pour les ids de 226379 à 226578
bulk : {
  "took" : 12,
  "errors" :  ...
22: 1601 voies traitées
voie : bulk pour les ids de 226579 à 226778
bulk : {
  "took" : 12,
  "errors" :  ...
22: 1801 voies traitées
voie : bulk pour les ids de 226779 à 226978
bulk : {
  "took" : 37,
  "errors" :  ...
22: 2001 voies traitées
voie : bulk pour les ids de 226979 à 227178
bulk : {
  "took" : 12,
  "errors" :  ...
22: 2201 voies traitées
voie : bulk pour les ids de 227179 à 227378
bulk : {
  "took" : 12,
  "errors" :  ...
22: 2401 voies traitées
voie : bulk pour les ids de 227379 à 227578
bulk : {
  "took" : 11,
  "errors" :  ...
22: 2601 voies traitées
voie : bulk pour les ids de 227579 à 227778
bulk : {
  "took" : 12,
  "errors" :  ...
22: 2801 voies traitées
voie : bulk pour les ids de 227779 à 227978
bulk : {
  "took" : 11,
  "errors" :  ...
22: 3001 voies traitées
voie : bulk pour les ids de 227979 à 228178
bulk : {
  "took" : 12,
  "errors" :  ...
22: 3201 voies traitées
voie : bulk pour les ids de 228179 à 228378
bulk : {
  "took" : 12,
  "errors" :  ...
22: 3401 voies traitées
voie : bulk pour les ids de 228379 à 228578
bulk : {
  "took" : 12,
  "errors" :  ...
22: 3601 voies traitées
voie : bulk pour les ids de 228579 à 228778
bulk : {
  "took" : 12,
  "errors" :  ...
22: 3801 voies traitées
voie : bulk pour les ids de 228779 à 228978
bulk : {
  "took" : 36,
  "errors" :  ...
22: 4001 voies traitées
voie : bulk pour les ids de 228979 à 229178
bulk : {
  "took" : 12,
  "errors" :  ...
22: 4201 voies traitées
voie : bulk pour les ids de 229179 à 229378
bulk : {
  "took" : 12,
  "errors" :  ...
22: 4401 voies traitées
voie : bulk pour les ids de 229379 à 229578
bulk : {
  "took" : 12,
  "errors" :  ...
22: 4601 voies traitées
voie : bulk pour les ids de 229579 à 229778
bulk : {
  "took" : 13,
  "errors" :  ...
22: 4801 voies traitées
voie : bulk pour les ids de 229779 à 229978
bulk : {
  "took" : 12,
  "errors" :  ...
22: 5001 voies traitées
voie : bulk pour les ids de 229979 à 230178
bulk : {
  "took" : 11,
  "errors" :  ...
22: 5201 voies traitées
voie : bulk pour les ids de 230179 à 230378
bulk : {
  "took" : 13,
  "errors" :  ...
22: 5401 voies traitées
voie : bulk pour les ids de 230379 à 230578
bulk : {
  "took" : 12,
  "errors" :  ...
22: 5601 voies traitées
voie : bulk pour les ids de 230579 à 230778
bulk : {
  "took" : 13,
  "errors" :  ...
22: 5801 voies traitées
voie : bulk pour les ids de 230779 à 230978
bulk : {
  "took" : 12,
  "errors" :  ...
22: 6001 voies traitées
voie : bulk pour les ids de 230979 à 231178
bulk : {
  "took" : 32,
  "errors" :  ...
22: 6201 voies traitées
voie : bulk pour les ids de 231179 à 231378
bulk : {
  "took" : 12,
  "errors" :  ...
22: 6401 voies traitées
voie : bulk pour les ids de 231379 à 231578
bulk : {
  "took" : 12,
  "errors" :  ...
22: 6601 voies traitées
voie : bulk pour les ids de 231579 à 231778
bulk : {
  "took" : 12,
  "errors" :  ...
22: 6801 voies traitées
voie : bulk pour les ids de 231779 à 231978
bulk : {
  "took" : 12,
  "errors" :  ...
22: 7001 voies traitées
voie : bulk pour les ids de 231979 à 232178
bulk : {
  "took" : 12,
  "errors" :  ...
22: 7201 voies traitées
voie : bulk pour les ids de 232179 à 232378
bulk : {
  "took" : 11,
  "errors" :  ...
22: 7401 voies traitées
voie : bulk pour les ids de 232379 à 232578
bulk : {
  "took" : 12,
  "errors" :  ...
22: 7601 voies traitées
voie : bulk pour les ids de 232579 à 232778
bulk : {
  "took" : 12,
  "errors" :  ...
22: 7801 voies traitées
voie : bulk pour les ids de 232779 à 232978
bulk : {
  "took" : 12,
  "errors" :  ...
22: 8001 voies traitées
voie : bulk pour les ids de 232979 à 233178
bulk : {
  "took" : 31,
  "errors" :  ...
22: 8201 voies traitées
voie : bulk pour les ids de 233179 à 233378
bulk : {
  "took" : 13,
  "errors" :  ...
22: 8401 voies traitées
voie : bulk pour les ids de 233379 à 233578
bulk : {
  "took" : 12,
  "errors" :  ...
22: 8601 voies traitées
voie : bulk pour les ids de 233579 à 233778
bulk : {
  "took" : 12,
  "errors" :  ...
22: 8801 voies traitées
voie : bulk pour les ids de 233779 à 233978
bulk : {
  "took" : 12,
  "errors" :  ...
22: 9001 voies traitées
voie : bulk pour les ids de 233979 à 234178
bulk : {
  "took" : 12,
  "errors" :  ...
22: 9201 voies traitées
voie : bulk pour les ids de 234179 à 234378
bulk : {
  "took" : 11,
  "errors" :  ...
22: 9401 voies traitées
voie : bulk pour les ids de 234379 à 234578
bulk : {
  "took" : 12,
  "errors" :  ...
22: 9601 voies traitées
voie : bulk pour les ids de 234579 à 234778
bulk : {
  "took" : 13,
  "errors" :  ...
22: 9801 voies traitées
voie : bulk pour les ids de 234779 à 234978
bulk : {
  "took" : 13,
  "errors" :  ...
22: 10001 voies traitées
voie : bulk pour les ids de 234979 à 235178
bulk : {
  "took" : 12,
  "errors" :  ...
22: 10201 voies traitées
voie : bulk pour les ids de 235179 à 235378
bulk : {
  "took" : 31,
  "errors" :  ...
22: 10401 voies traitées
voie : bulk pour les ids de 235379 à 235578
bulk : {
  "took" : 12,
  "errors" :  ...
22: 10601 voies traitées
voie : bulk pour les ids de 235579 à 235778
bulk : {
  "took" : 11,
  "errors" :  ...
22: 10801 voies traitées
voie : bulk pour les ids de 235779 à 235978
bulk : {
  "took" : 12,
  "errors" :  ...
22: 11001 voies traitées
voie : bulk pour les ids de 235979 à 236178
bulk : {
  "took" : 12,
  "errors" :  ...
22: 11201 voies traitées
voie : bulk pour les ids de 236179 à 236378
bulk : {
  "took" : 13,
  "errors" :  ...
22: 11401 voies traitées
voie : bulk pour les ids de 236379 à 236578
bulk : {
  "took" : 12,
  "errors" :  ...
22: 11601 voies traitées
voie : bulk pour les ids de 236579 à 236778
bulk : {
  "took" : 12,
  "errors" :  ...
22: 11801 voies traitées
voie : bulk pour les ids de 236779 à 236978
bulk : {
  "took" : 12,
  "errors" :  ...
22: 12001 voies traitées
voie : bulk pour les ids de 236979 à 237178
bulk : {
  "took" : 12,
  "errors" :  ...
22: 12201 voies traitées
voie : bulk pour les ids de 237179 à 237378
bulk : {
  "took" : 13,
  "errors" :  ...
22: 12401 voies traitées
voie : bulk pour les ids de 237379 à 237578
bulk : {
  "took" : 35,
  "errors" :  ...
22: 12601 voies traitées
voie : bulk pour les ids de 237579 à 237778
bulk : {
  "took" : 12,
  "errors" :  ...
22: 12801 voies traitées
voie : bulk pour les ids de 237779 à 237978
bulk : {
  "took" : 13,
  "errors" :  ...
22: 13001 voies traitées
voie : bulk pour les ids de 237979 à 238178
bulk : {
  "took" : 13,
  "errors" :  ...
22: 13201 voies traitées
voie : bulk pour les ids de 238179 à 238378
bulk : {
  "took" : 12,
  "errors" :  ...
22: 13401 voies traitées
voie : bulk pour les ids de 238379 à 238578
bulk : {
  "took" : 12,
  "errors" :  ...
22: 13601 voies traitées
voie : bulk pour les ids de 238579 à 238778
bulk : {
  "took" : 12,
  "errors" :  ...
22: 13801 voies traitées
voie : bulk pour les ids de 238779 à 238978
bulk : {
  "took" : 12,
  "errors" :  ...
22: 14001 voies traitées
voie : bulk pour les ids de 238979 à 239178
bulk : {
  "took" : 13,
  "errors" :  ...
22: 14201 voies traitées
voie : bulk pour les ids de 239179 à 239378
bulk : {
  "took" : 12,
  "errors" :  ...
22: 14401 voies traitées
voie : bulk pour les ids de 239379 à 239578
bulk : {
  "took" : 34,
  "errors" :  ...
22: 14601 voies traitées
voie : bulk pour les ids de 239579 à 239721
bulk : {
  "took" : 9,
  "errors" : f ...
dpt 22 : adresses
22: 1 adresses traitées
22: 1001 adresses traitées
adresse : bulk pour les ids de 2762462 à 2763461
bulk : {
  "took" : 71,
  "errors" :  ...
22: 2001 adresses traitées
adresse : bulk pour les ids de 2763462 à 2764461
bulk : {
  "took" : 93,
  "errors" :  ...
22: 3001 adresses traitées
adresse : bulk pour les ids de 2764462 à 2765461
bulk : {
  "took" : 69,
  "errors" :  ...
22: 4001 adresses traitées
adresse : bulk pour les ids de 2765462 à 2766461
bulk : {
  "took" : 95,
  "errors" :  ...
22: 5001 adresses traitées
adresse : bulk pour les ids de 2766462 à 2767461
bulk : {
  "took" : 68,
  "errors" :  ...
22: 6001 adresses traitées
22: 7001 adresses traitées
adresse : bulk pour les ids de 2767462 à 2768461
bulk : {
  "took" : 106,
  "errors" : ...
22: 8001 adresses traitées
adresse : bulk pour les ids de 2768462 à 2769461
bulk : {
  "took" : 71,
  "errors" :  ...
22: 9001 adresses traitées
adresse : bulk pour les ids de 2769462 à 2770461
bulk : {
  "took" : 103,
  "errors" : ...
22: 10001 adresses traitées
adresse : bulk pour les ids de 2770462 à 2771461
bulk : {
  "took" : 99,
  "errors" :  ...
22: 11001 adresses traitées
adresse : bulk pour les ids de 2771462 à 2772461
bulk : {
  "took" : 70,
  "errors" :  ...
22: 12001 adresses traitées
22: 13001 adresses traitées
adresse : bulk pour les ids de 2772462 à 2773461
bulk : {
  "took" : 104,
  "errors" : ...
22: 14001 adresses traitées
adresse : bulk pour les ids de 2773462 à 2774461
bulk : {
  "took" : 68,
  "errors" :  ...
22: 15001 adresses traitées
adresse : bulk pour les ids de 2774462 à 2775461
bulk : {
  "took" : 90,
  "errors" :  ...
22: 16001 adresses traitées
adresse : bulk pour les ids de 2775462 à 2776461
bulk : {
  "took" : 71,
  "errors" :  ...
22: 17001 adresses traitées
adresse : bulk pour les ids de 2776462 à 2777461
bulk : {
  "took" : 91,
  "errors" :  ...
22: 18001 adresses traitées
22: 19001 adresses traitées
adresse : bulk pour les ids de 2777462 à 2778461
bulk : {
  "took" : 70,
  "errors" :  ...
22: 20001 adresses traitées
adresse : bulk pour les ids de 2778462 à 2779461
bulk : {
  "took" : 90,
  "errors" :  ...
22: 21001 adresses traitées
adresse : bulk pour les ids de 2779462 à 2780461
bulk : {
  "took" : 70,
  "errors" :  ...
22: 22001 adresses traitées
adresse : bulk pour les ids de 2780462 à 2781461
bulk : {
  "took" : 90,
  "errors" :  ...
22: 23001 adresses traitées
adresse : bulk pour les ids de 2781462 à 2782461
bulk : {
  "took" : 69,
  "errors" :  ...
22: 24001 adresses traitées
adresse : bulk pour les ids de 2782462 à 2783461
bulk : {
  "took" : 92,
  "errors" :  ...
22: 25001 adresses traitées
adresse : bulk pour les ids de 2783462 à 2784461
bulk : {
  "took" : 68,
  "errors" :  ...
22: 26001 adresses traitées
22: 27001 adresses traitées
adresse : bulk pour les ids de 2784462 à 2785461
bulk : {
  "took" : 85,
  "errors" :  ...
22: 28001 adresses traitées
adresse : bulk pour les ids de 2785462 à 2786461
bulk : {
  "took" : 68,
  "errors" :  ...
22: 29001 adresses traitées
adresse : bulk pour les ids de 2786462 à 2787461
bulk : {
  "took" : 91,
  "errors" :  ...
22: 30001 adresses traitées
adresse : bulk pour les ids de 2787462 à 2788461
bulk : {
  "took" : 69,
  "errors" :  ...
22: 31001 adresses traitées
adresse : bulk pour les ids de 2788462 à 2789461
bulk : {
  "took" : 86,
  "errors" :  ...
22: 32001 adresses traitées
adresse : bulk pour les ids de 2789462 à 2790461
bulk : {
  "took" : 69,
  "errors" :  ...
22: 33001 adresses traitées
22: 34001 adresses traitées
adresse : bulk pour les ids de 2790462 à 2791461
bulk : {
  "took" : 88,
  "errors" :  ...
22: 35001 adresses traitées
adresse : bulk pour les ids de 2791462 à 2792461
bulk : {
  "took" : 71,
  "errors" :  ...
22: 36001 adresses traitées
adresse : bulk pour les ids de 2792462 à 2793461
bulk : {
  "took" : 88,
  "errors" :  ...
22: 37001 adresses traitées
adresse : bulk pour les ids de 2793462 à 2794461
bulk : {
  "took" : 69,
  "errors" :  ...
22: 38001 adresses traitées
adresse : bulk pour les ids de 2794462 à 2795461
bulk : {
  "took" : 90,
  "errors" :  ...
22: 39001 adresses traitées
adresse : bulk pour les ids de 2795462 à 2796461
bulk : {
  "took" : 68,
  "errors" :  ...
22: 40001 adresses traitées
22: 41001 adresses traitées
adresse : bulk pour les ids de 2796462 à 2797461
bulk : {
  "took" : 88,
  "errors" :  ...
22: 42001 adresses traitées
adresse : bulk pour les ids de 2797462 à 2798461
bulk : {
  "took" : 69,
  "errors" :  ...
22: 43001 adresses traitées
adresse : bulk pour les ids de 2798462 à 2799461
bulk : {
  "took" : 95,
  "errors" :  ...
22: 44001 adresses traitées
adresse : bulk pour les ids de 2799462 à 2800461
bulk : {
  "took" : 89,
  "errors" :  ...
22: 45001 adresses traitées
adresse : bulk pour les ids de 2800462 à 2801461
bulk : {
  "took" : 70,
  "errors" :  ...
22: 46001 adresses traitées
adresse : bulk pour les ids de 2801462 à 2802461
bulk : {
  "took" : 89,
  "errors" :  ...
22: 47001 adresses traitées
adresse : bulk pour les ids de 2802462 à 2803461
bulk : {
  "took" : 72,
  "errors" :  ...
22: 48001 adresses traitées
22: 49001 adresses traitées
adresse : bulk pour les ids de 2803462 à 2804461
bulk : {
  "took" : 94,
  "errors" :  ...
22: 50001 adresses traitées
adresse : bulk pour les ids de 2804462 à 2805461
bulk : {
  "took" : 70,
  "errors" :  ...
22: 51001 adresses traitées
adresse : bulk pour les ids de 2805462 à 2806461
bulk : {
  "took" : 93,
  "errors" :  ...
22: 52001 adresses traitées
adresse : bulk pour les ids de 2806462 à 2807461
bulk : {
  "took" : 71,
  "errors" :  ...
22: 53001 adresses traitées
22: 54001 adresses traitées
adresse : bulk pour les ids de 2807462 à 2808461
bulk : {
  "took" : 90,
  "errors" :  ...
22: 55001 adresses traitées
adresse : bulk pour les ids de 2808462 à 2809461
bulk : {
  "took" : 73,
  "errors" :  ...
22: 56001 adresses traitées
adresse : bulk pour les ids de 2809462 à 2810461
bulk : {
  "took" : 94,
  "errors" :  ...
22: 57001 adresses traitées
adresse : bulk pour les ids de 2810462 à 2811461
bulk : {
  "took" : 69,
  "errors" :  ...
22: 58001 adresses traitées
22: 59001 adresses traitées
adresse : bulk pour les ids de 2811462 à 2812461
bulk : {
  "took" : 93,
  "errors" :  ...
22: 60001 adresses traitées
adresse : bulk pour les ids de 2812462 à 2813461
bulk : {
  "took" : 70,
  "errors" :  ...
22: 61001 adresses traitées
adresse : bulk pour les ids de 2813462 à 2814461
bulk : {
  "took" : 96,
  "errors" :  ...
22: 62001 adresses traitées
adresse : bulk pour les ids de 2814462 à 2815461
bulk : {
  "took" : 71,
  "errors" :  ...
22: 63001 adresses traitées
adresse : bulk pour les ids de 2815462 à 2816461
bulk : {
  "took" : 101,
  "errors" : ...
22: 64001 adresses traitées
adresse : bulk pour les ids de 2816462 à 2817461
bulk : {
  "took" : 70,
  "errors" :  ...
22: 65001 adresses traitées
adresse : bulk pour les ids de 2817462 à 2818461
bulk : {
  "took" : 96,
  "errors" :  ...
22: 66001 adresses traitées
adresse : bulk pour les ids de 2818462 à 2819461
bulk : {
  "took" : 70,
  "errors" :  ...
22: 67001 adresses traitées
adresse : bulk pour les ids de 2819462 à 2820461
bulk : {
  "took" : 97,
  "errors" :  ...
22: 68001 adresses traitées
22: 69001 adresses traitées
adresse : bulk pour les ids de 2820462 à 2821461
bulk : {
  "took" : 71,
  "errors" :  ...
22: 70001 adresses traitées
adresse : bulk pour les ids de 2821462 à 2822461
bulk : {
  "took" : 95,
  "errors" :  ...
22: 71001 adresses traitées
adresse : bulk pour les ids de 2822462 à 2823461
bulk : {
  "took" : 72,
  "errors" :  ...
22: 72001 adresses traitées
22: 73001 adresses traitées
adresse : bulk pour les ids de 2823462 à 2824461
bulk : {
  "took" : 91,
  "errors" :  ...
22: 74001 adresses traitées
adresse : bulk pour les ids de 2824462 à 2825461
bulk : {
  "took" : 73,
  "errors" :  ...
22: 75001 adresses traitées
adresse : bulk pour les ids de 2825462 à 2826461
bulk : {
  "took" : 92,
  "errors" :  ...
22: 76001 adresses traitées
adresse : bulk pour les ids de 2826462 à 2827461
bulk : {
  "took" : 92,
  "errors" :  ...
22: 77001 adresses traitées
adresse : bulk pour les ids de 2827462 à 2828461
bulk : {
  "took" : 70,
  "errors" :  ...
22: 78001 adresses traitées
adresse : bulk pour les ids de 2828462 à 2829461
bulk : {
  "took" : 93,
  "errors" :  ...
22: 79001 adresses traitées
adresse : bulk pour les ids de 2829462 à 2830461
bulk : {
  "took" : 70,
  "errors" :  ...
22: 80001 adresses traitées
22: 81001 adresses traitées
adresse : bulk pour les ids de 2830462 à 2831461
bulk : {
  "took" : 93,
  "errors" :  ...
22: 82001 adresses traitées
adresse : bulk pour les ids de 2831462 à 2832461
bulk : {
  "took" : 69,
  "errors" :  ...
22: 83001 adresses traitées
adresse : bulk pour les ids de 2832462 à 2833461
bulk : {
  "took" : 94,
  "errors" :  ...
22: 84001 adresses traitées
adresse : bulk pour les ids de 2833462 à 2834461
bulk : {
  "took" : 71,
  "errors" :  ...
22: 85001 adresses traitées
adresse : bulk pour les ids de 2834462 à 2835461
bulk : {
  "took" : 88,
  "errors" :  ...
22: 86001 adresses traitées
adresse : bulk pour les ids de 2835462 à 2836461
bulk : {
  "took" : 71,
  "errors" :  ...
22: 87001 adresses traitées
adresse : bulk pour les ids de 2836462 à 2837461
bulk : {
  "took" : 93,
  "errors" :  ...
22: 88001 adresses traitées
adresse : bulk pour les ids de 2837462 à 2838461
bulk : {
  "took" : 70,
  "errors" :  ...
22: 89001 adresses traitées
adresse : bulk pour les ids de 2838462 à 2839461
bulk : {
  "took" : 96,
  "errors" :  ...
22: 90001 adresses traitées
adresse : bulk pour les ids de 2839462 à 2840461
bulk : {
  "took" : 69,
  "errors" :  ...
22: 91001 adresses traitées
22: 92001 adresses traitées
adresse : bulk pour les ids de 2840462 à 2841461
bulk : {
  "took" : 96,
  "errors" :  ...
22: 93001 adresses traitées
adresse : bulk pour les ids de 2841462 à 2842461
bulk : {
  "took" : 69,
  "errors" :  ...
22: 94001 adresses traitées
adresse : bulk pour les ids de 2842462 à 2843461
bulk : {
  "took" : 96,
  "errors" :  ...
22: 95001 adresses traitées
adresse : bulk pour les ids de 2843462 à 2844461
bulk : {
  "took" : 94,
  "errors" :  ...
22: 96001 adresses traitées
adresse : bulk pour les ids de 2844462 à 2845461
bulk : {
  "took" : 93,
  "errors" :  ...
22: 97001 adresses traitées
adresse : bulk pour les ids de 2845462 à 2846461
bulk : {
  "took" : 75,
  "errors" :  ...
22: 98001 adresses traitées
adresse : bulk pour les ids de 2846462 à 2847461
bulk : {
  "took" : 101,
  "errors" : ...
22: 99001 adresses traitées
adresse : bulk pour les ids de 2847462 à 2848461
bulk : {
  "took" : 69,
  "errors" :  ...
22: 100001 adresses traitées
adresse : bulk pour les ids de 2848462 à 2849461
bulk : {
  "took" : 89,
  "errors" :  ...
22: 101001 adresses traitées
adresse : bulk pour les ids de 2849462 à 2850461
bulk : {
  "took" : 68,
  "errors" :  ...
22: 102001 adresses traitées
adresse : bulk pour les ids de 2850462 à 2851461
bulk : {
  "took" : 86,
  "errors" :  ...
22: 103001 adresses traitées
adresse : bulk pour les ids de 2851462 à 2852461
bulk : {
  "took" : 70,
  "errors" :  ...
22: 104001 adresses traitées
adresse : bulk pour les ids de 2852462 à 2853461
bulk : {
  "took" : 87,
  "errors" :  ...
22: 105001 adresses traitées
adresse : bulk pour les ids de 2853462 à 2854461
bulk : {
  "took" : 90,
  "errors" :  ...
22: 106001 adresses traitées
22: 107001 adresses traitées
adresse : bulk pour les ids de 2854462 à 2855461
bulk : {
  "took" : 73,
  "errors" :  ...
22: 108001 adresses traitées
adresse : bulk pour les ids de 2855462 à 2856461
bulk : {
  "took" : 91,
  "errors" :  ...
22: 109001 adresses traitées
adresse : bulk pour les ids de 2856462 à 2857461
bulk : {
  "took" : 70,
  "errors" :  ...
22: 110001 adresses traitées
adresse : bulk pour les ids de 2857462 à 2858461
bulk : {
  "took" : 93,
  "errors" :  ...
22: 111001 adresses traitées
adresse : bulk pour les ids de 2858462 à 2859461
bulk : {
  "took" : 73,
  "errors" :  ...
22: 112001 adresses traitées
adresse : bulk pour les ids de 2859462 à 2860461
bulk : {
  "took" : 86,
  "errors" :  ...
22: 113001 adresses traitées
adresse : bulk pour les ids de 2860462 à 2861461
bulk : {
  "took" : 68,
  "errors" :  ...
22: 114001 adresses traitées
adresse : bulk pour les ids de 2861462 à 2862461
bulk : {
  "took" : 93,
  "errors" :  ...
22: 115001 adresses traitées
adresse : bulk pour les ids de 2862462 à 2863461
bulk : {
  "took" : 68,
  "errors" :  ...
22: 116001 adresses traitées
adresse : bulk pour les ids de 2863462 à 2864461
bulk : {
  "took" : 87,
  "errors" :  ...
22: 117001 adresses traitées
22: 118001 adresses traitées
adresse : bulk pour les ids de 2864462 à 2865461
bulk : {
  "took" : 68,
  "errors" :  ...
22: 119001 adresses traitées
adresse : bulk pour les ids de 2865462 à 2866461
bulk : {
  "took" : 95,
  "errors" :  ...
22: 120001 adresses traitées
adresse : bulk pour les ids de 2866462 à 2867461
bulk : {
  "took" : 69,
  "errors" :  ...
22: 121001 adresses traitées
adresse : bulk pour les ids de 2867462 à 2868461
bulk : {
  "took" : 93,
  "errors" :  ...
22: 122001 adresses traitées
adresse : bulk pour les ids de 2868462 à 2869461
bulk : {
  "took" : 69,
  "errors" :  ...
22: 123001 adresses traitées
adresse : bulk pour les ids de 2869462 à 2870461
bulk : {
  "took" : 88,
  "errors" :  ...
22: 124001 adresses traitées
adresse : bulk pour les ids de 2870462 à 2871461
bulk : {
  "took" : 69,
  "errors" :  ...
22: 125001 adresses traitées
adresse : bulk pour les ids de 2871462 à 2872461
bulk : {
  "took" : 88,
  "errors" :  ...
22: 126001 adresses traitées
adresse : bulk pour les ids de 2872462 à 2873461
bulk : {
  "took" : 70,
  "errors" :  ...
22: 127001 adresses traitées
adresse : bulk pour les ids de 2873462 à 2874461
bulk : {
  "took" : 90,
  "errors" :  ...
22: 128001 adresses traitées
adresse : bulk pour les ids de 2874462 à 2875461
bulk : {
  "took" : 70,
  "errors" :  ...
22: 129001 adresses traitées
adresse : bulk pour les ids de 2875462 à 2876461
bulk : {
  "took" : 92,
  "errors" :  ...
22: 130001 adresses traitées
adresse : bulk pour les ids de 2876462 à 2877461
bulk : {
  "took" : 71,
  "errors" :  ...
22: 131001 adresses traitées
adresse : bulk pour les ids de 2877462 à 2878461
bulk : {
  "took" : 90,
  "errors" :  ...
22: 132001 adresses traitées
adresse : bulk pour les ids de 2878462 à 2879461
bulk : {
  "took" : 68,
  "errors" :  ...
22: 133001 adresses traitées
adresse : bulk pour les ids de 2879462 à 2880461
bulk : {
  "took" : 96,
  "errors" :  ...
22: 134001 adresses traitées
adresse : bulk pour les ids de 2880462 à 2881461
bulk : {
  "took" : 70,
  "errors" :  ...
22: 135001 adresses traitées
adresse : bulk pour les ids de 2881462 à 2882461
bulk : {
  "took" : 95,
  "errors" :  ...
22: 136001 adresses traitées
adresse : bulk pour les ids de 2882462 à 2883461
bulk : {
  "took" : 97,
  "errors" :  ...
22: 137001 adresses traitées
adresse : bulk pour les ids de 2883462 à 2884461
bulk : {
  "took" : 71,
  "errors" :  ...
22: 138001 adresses traitées
adresse : bulk pour les ids de 2884462 à 2885461
bulk : {
  "took" : 93,
  "errors" :  ...
22: 139001 adresses traitées
adresse : bulk pour les ids de 2885462 à 2886461
bulk : {
  "took" : 71,
  "errors" :  ...
22: 140001 adresses traitées
22: 141001 adresses traitées
adresse : bulk pour les ids de 2886462 à 2887461
bulk : {
  "took" : 95,
  "errors" :  ...
22: 142001 adresses traitées
adresse : bulk pour les ids de 2887462 à 2888461
bulk : {
  "took" : 68,
  "errors" :  ...
22: 143001 adresses traitées
adresse : bulk pour les ids de 2888462 à 2889461
bulk : {
  "took" : 92,
  "errors" :  ...
22: 144001 adresses traitées
adresse : bulk pour les ids de 2889462 à 2890461
bulk : {
  "took" : 69,
  "errors" :  ...
22: 145001 adresses traitées
adresse : bulk pour les ids de 2890462 à 2891461
bulk : {
  "took" : 96,
  "errors" :  ...
22: 146001 adresses traitées
adresse : bulk pour les ids de 2891462 à 2892461
bulk : {
  "took" : 70,
  "errors" :  ...
22: 147001 adresses traitées
adresse : bulk pour les ids de 2892462 à 2893461
bulk : {
  "took" : 87,
  "errors" :  ...
22: 148001 adresses traitées
adresse : bulk pour les ids de 2893462 à 2894461
bulk : {
  "took" : 69,
  "errors" :  ...
22: 149001 adresses traitées
adresse : bulk pour les ids de 2894462 à 2895461
bulk : {
  "took" : 86,
  "errors" :  ...
22: 150001 adresses traitées
adresse : bulk pour les ids de 2895462 à 2896461
bulk : {
  "took" : 70,
  "errors" :  ...
22: 151001 adresses traitées
adresse : bulk pour les ids de 2896462 à 2897461
bulk : {
  "took" : 90,
  "errors" :  ...
22: 152001 adresses traitées
adresse : bulk pour les ids de 2897462 à 2898461
bulk : {
  "took" : 69,
  "errors" :  ...
22: 153001 adresses traitées
adresse : bulk pour les ids de 2898462 à 2899461
bulk : {
  "took" : 92,
  "errors" :  ...
22: 154001 adresses traitées
adresse : bulk pour les ids de 2899462 à 2900461
bulk : {
  "took" : 69,
  "errors" :  ...
22: 155001 adresses traitées
adresse : bulk pour les ids de 2900462 à 2901461
bulk : {
  "took" : 97,
  "errors" :  ...
22: 156001 adresses traitées
adresse : bulk pour les ids de 2901462 à 2902461
bulk : {
  "took" : 71,
  "errors" :  ...
22: 157001 adresses traitées
adresse : bulk pour les ids de 2902462 à 2903461
bulk : {
  "took" : 89,
  "errors" :  ...
22: 158001 adresses traitées
22: 159001 adresses traitées
adresse : bulk pour les ids de 2903462 à 2904461
bulk : {
  "took" : 70,
  "errors" :  ...
22: 160001 adresses traitées
adresse : bulk pour les ids de 2904462 à 2905461
bulk : {
  "took" : 98,
  "errors" :  ...
22: 161001 adresses traitées
adresse : bulk pour les ids de 2905462 à 2906461
bulk : {
  "took" : 85,
  "errors" :  ...
22: 162001 adresses traitées
adresse : bulk pour les ids de 2906462 à 2907461
bulk : {
  "took" : 93,
  "errors" :  ...
22: 163001 adresses traitées
adresse : bulk pour les ids de 2907462 à 2908461
bulk : {
  "took" : 71,
  "errors" :  ...
22: 164001 adresses traitées
adresse : bulk pour les ids de 2908462 à 2909461
bulk : {
  "took" : 90,
  "errors" :  ...
22: 165001 adresses traitées
adresse : bulk pour les ids de 2909462 à 2910461
bulk : {
  "took" : 69,
  "errors" :  ...
22: 166001 adresses traitées
adresse : bulk pour les ids de 2910462 à 2911461
bulk : {
  "took" : 96,
  "errors" :  ...
22: 167001 adresses traitées
adresse : bulk pour les ids de 2911462 à 2912461
bulk : {
  "took" : 68,
  "errors" :  ...
22: 168001 adresses traitées
adresse : bulk pour les ids de 2912462 à 2913461
bulk : {
  "took" : 70,
  "errors" :  ...
22: 169001 adresses traitées
adresse : bulk pour les ids de 2913462 à 2914461
bulk : {
  "took" : 86,
  "errors" :  ...
22: 170001 adresses traitées
22: 171001 adresses traitées
adresse : bulk pour les ids de 2914462 à 2915461
bulk : {
  "took" : 67,
  "errors" :  ...
22: 172001 adresses traitées
adresse : bulk pour les ids de 2915462 à 2916461
bulk : {
  "took" : 95,
  "errors" :  ...
22: 173001 adresses traitées
adresse : bulk pour les ids de 2916462 à 2917461
bulk : {
  "took" : 69,
  "errors" :  ...
22: 174001 adresses traitées
adresse : bulk pour les ids de 2917462 à 2918461
bulk : {
  "took" : 98,
  "errors" :  ...
22: 175001 adresses traitées
adresse : bulk pour les ids de 2918462 à 2919461
bulk : {
  "took" : 82,
  "errors" :  ...
22: 176001 adresses traitées
adresse : bulk pour les ids de 2919462 à 2920461
bulk : {
  "took" : 83,
  "errors" :  ...
22: 177001 adresses traitées
adresse : bulk pour les ids de 2920462 à 2921461
bulk : {
  "took" : 76,
  "errors" :  ...
22: 178001 adresses traitées
adresse : bulk pour les ids de 2921462 à 2922461
bulk : {
  "took" : 90,
  "errors" :  ...
22: 179001 adresses traitées
adresse : bulk pour les ids de 2922462 à 2923461
bulk : {
  "took" : 68,
  "errors" :  ...
22: 180001 adresses traitées
adresse : bulk pour les ids de 2923462 à 2924461
bulk : {
  "took" : 88,
  "errors" :  ...
22: 181001 adresses traitées
22: 182001 adresses traitées
adresse : bulk pour les ids de 2924462 à 2925461
bulk : {
  "took" : 69,
  "errors" :  ...
22: 183001 adresses traitées
adresse : bulk pour les ids de 2925462 à 2926461
bulk : {
  "took" : 89,
  "errors" :  ...
22: 184001 adresses traitées
adresse : bulk pour les ids de 2926462 à 2927461
bulk : {
  "took" : 67,
  "errors" :  ...
22: 185001 adresses traitées
adresse : bulk pour les ids de 2927462 à 2928461
bulk : {
  "took" : 92,
  "errors" :  ...
22: 186001 adresses traitées
adresse : bulk pour les ids de 2928462 à 2929461
bulk : {
  "took" : 67,
  "errors" :  ...
22: 187001 adresses traitées
adresse : bulk pour les ids de 2929462 à 2930461
bulk : {
  "took" : 87,
  "errors" :  ...
22: 188001 adresses traitées
22: 189001 adresses traitées
adresse : bulk pour les ids de 2930462 à 2931461
bulk : {
  "took" : 69,
  "errors" :  ...
22: 190001 adresses traitées
adresse : bulk pour les ids de 2931462 à 2932461
bulk : {
  "took" : 84,
  "errors" :  ...
22: 191001 adresses traitées
adresse : bulk pour les ids de 2932462 à 2933461
bulk : {
  "took" : 68,
  "errors" :  ...
22: 192001 adresses traitées
adresse : bulk pour les ids de 2933462 à 2934461
bulk : {
  "took" : 86,
  "errors" :  ...
22: 193001 adresses traitées
22: 194001 adresses traitées
adresse : bulk pour les ids de 2934462 à 2935461
bulk : {
  "took" : 70,
  "errors" :  ...
22: 195001 adresses traitées
adresse : bulk pour les ids de 2935462 à 2936461
bulk : {
  "took" : 91,
  "errors" :  ...
22: 196001 adresses traitées
adresse : bulk pour les ids de 2936462 à 2937461
bulk : {
  "took" : 70,
  "errors" :  ...
22: 197001 adresses traitées
adresse : bulk pour les ids de 2937462 à 2938461
bulk : {
  "took" : 68,
  "errors" :  ...
22: 198001 adresses traitées
adresse : bulk pour les ids de 2938462 à 2939461
bulk : {
  "took" : 89,
  "errors" :  ...
22: 199001 adresses traitées
22: 200001 adresses traitées
adresse : bulk pour les ids de 2939462 à 2940461
bulk : {
  "took" : 67,
  "errors" :  ...
22: 201001 adresses traitées
adresse : bulk pour les ids de 2940462 à 2941461
bulk : {
  "took" : 93,
  "errors" :  ...
22: 202001 adresses traitées
adresse : bulk pour les ids de 2941462 à 2942461
bulk : {
  "took" : 70,
  "errors" :  ...
22: 203001 adresses traitées
adresse : bulk pour les ids de 2942462 à 2943461
bulk : {
  "took" : 92,
  "errors" :  ...
22: 204001 adresses traitées
adresse : bulk pour les ids de 2943462 à 2944461
bulk : {
  "took" : 68,
  "errors" :  ...
22: 205001 adresses traitées
adresse : bulk pour les ids de 2944462 à 2945461
bulk : {
  "took" : 87,
  "errors" :  ...
22: 206001 adresses traitées
adresse : bulk pour les ids de 2945462 à 2946461
bulk : {
  "took" : 69,
  "errors" :  ...
22: 207001 adresses traitées
adresse : bulk pour les ids de 2946462 à 2947461
bulk : {
  "took" : 88,
  "errors" :  ...
22: 208001 adresses traitées
adresse : bulk pour les ids de 2947462 à 2948461
bulk : {
  "took" : 69,
  "errors" :  ...
22: 209001 adresses traitées
adresse : bulk pour les ids de 2948462 à 2949461
bulk : {
  "took" : 88,
  "errors" :  ...
22: 210001 adresses traitées
22: 211001 adresses traitées
adresse : bulk pour les ids de 2949462 à 2950461
bulk : {
  "took" : 69,
  "errors" :  ...
22: 212001 adresses traitées
adresse : bulk pour les ids de 2950462 à 2951461
bulk : {
  "took" : 88,
  "errors" :  ...
22: 213001 adresses traitées
adresse : bulk pour les ids de 2951462 à 2952461
bulk : {
  "took" : 68,
  "errors" :  ...
22: 214001 adresses traitées
adresse : bulk pour les ids de 2952462 à 2953461
bulk : {
  "took" : 88,
  "errors" :  ...
22: 215001 adresses traitées
adresse : bulk pour les ids de 2953462 à 2954461
bulk : {
  "took" : 68,
  "errors" :  ...
22: 216001 adresses traitées
adresse : bulk pour les ids de 2954462 à 2955461
bulk : {
  "took" : 94,
  "errors" :  ...
22: 217001 adresses traitées
adresse : bulk pour les ids de 2955462 à 2956461
bulk : {
  "took" : 69,
  "errors" :  ...
22: 218001 adresses traitées
adresse : bulk pour les ids de 2956462 à 2957461
bulk : {
  "took" : 125,
  "errors" : ...
22: 219001 adresses traitées
adresse : bulk pour les ids de 2957462 à 2958461
bulk : {
  "took" : 70,
  "errors" :  ...
22: 220001 adresses traitées
adresse : bulk pour les ids de 2958462 à 2959461
bulk : {
  "took" : 109,
  "errors" : ...
22: 221001 adresses traitées
adresse : bulk pour les ids de 2959462 à 2960461
bulk : {
  "took" : 67,
  "errors" :  ...
22: 222001 adresses traitées
adresse : bulk pour les ids de 2960462 à 2961461
bulk : {
  "took" : 92,
  "errors" :  ...
22: 223001 adresses traitées
adresse : bulk pour les ids de 2961462 à 2962461
bulk : {
  "took" : 71,
  "errors" :  ...
22: 224001 adresses traitées
adresse : bulk pour les ids de 2962462 à 2963461
bulk : {
  "took" : 98,
  "errors" :  ...
22: 225001 adresses traitées
22: 226001 adresses traitées
adresse : bulk pour les ids de 2963462 à 2964461
bulk : {
  "took" : 69,
  "errors" :  ...
22: 227001 adresses traitées
adresse : bulk pour les ids de 2964462 à 2965461
bulk : {
  "took" : 92,
  "errors" :  ...
22: 228001 adresses traitées
adresse : bulk pour les ids de 2965462 à 2966461
bulk : {
  "took" : 70,
  "errors" :  ...
22: 229001 adresses traitées
adresse : bulk pour les ids de 2966462 à 2967461
bulk : {
  "took" : 92,
  "errors" :  ...
22: 230001 adresses traitées
adresse : bulk pour les ids de 2967462 à 2968461
bulk : {
  "took" : 70,
  "errors" :  ...
22: 231001 adresses traitées
adresse : bulk pour les ids de 2968462 à 2969432
bulk : {
  "took" : 88,
  "errors" :  ...
dpt 23 : voies
23: 1 voies traitées
voie : bulk pour les ids de 239722 à 239921
bulk : {
  "took" : 13,
  "errors" :  ...
23: 201 voies traitées
voie : bulk pour les ids de 239922 à 240121
bulk : {
  "took" : 12,
  "errors" :  ...
23: 401 voies traitées
voie : bulk pour les ids de 240122 à 240321
bulk : {
  "took" : 12,
  "errors" :  ...
23: 601 voies traitées
voie : bulk pour les ids de 240322 à 240521
bulk : {
  "took" : 13,
  "errors" :  ...
23: 801 voies traitées
voie : bulk pour les ids de 240522 à 240721
bulk : {
  "took" : 12,
  "errors" :  ...
23: 1001 voies traitées
voie : bulk pour les ids de 240722 à 240921
bulk : {
  "took" : 41,
  "errors" :  ...
23: 1201 voies traitées
voie : bulk pour les ids de 240922 à 241121
bulk : {
  "took" : 12,
  "errors" :  ...
23: 1401 voies traitées
voie : bulk pour les ids de 241122 à 241321
bulk : {
  "took" : 12,
  "errors" :  ...
23: 1601 voies traitées
voie : bulk pour les ids de 241322 à 241521
bulk : {
  "took" : 12,
  "errors" :  ...
23: 1801 voies traitées
voie : bulk pour les ids de 241522 à 241721
bulk : {
  "took" : 13,
  "errors" :  ...
23: 2001 voies traitées
voie : bulk pour les ids de 241722 à 241921
bulk : {
  "took" : 12,
  "errors" :  ...
23: 2201 voies traitées
voie : bulk pour les ids de 241922 à 242121
bulk : {
  "took" : 13,
  "errors" :  ...
23: 2401 voies traitées
voie : bulk pour les ids de 242122 à 242321
bulk : {
  "took" : 13,
  "errors" :  ...
23: 2601 voies traitées
voie : bulk pour les ids de 242322 à 242521
bulk : {
  "took" : 13,
  "errors" :  ...
23: 2801 voies traitées
voie : bulk pour les ids de 242522 à 242584
bulk : {
  "took" : 4,
  "errors" : f ...
dpt 23 : adresses
23: 1 adresses traitées
23: 1001 adresses traitées
adresse : bulk pour les ids de 2969433 à 2970432
bulk : {
  "took" : 88,
  "errors" :  ...
23: 2001 adresses traitées
adresse : bulk pour les ids de 2970433 à 2971432
bulk : {
  "took" : 67,
  "errors" :  ...
23: 3001 adresses traitées
adresse : bulk pour les ids de 2971433 à 2972432
bulk : {
  "took" : 89,
  "errors" :  ...
23: 4001 adresses traitées
adresse : bulk pour les ids de 2972433 à 2973432
bulk : {
  "took" : 70,
  "errors" :  ...
23: 5001 adresses traitées
adresse : bulk pour les ids de 2973433 à 2974432
bulk : {
  "took" : 89,
  "errors" :  ...
23: 6001 adresses traitées
23: 7001 adresses traitées
adresse : bulk pour les ids de 2974433 à 2975432
bulk : {
  "took" : 69,
  "errors" :  ...
23: 8001 adresses traitées
adresse : bulk pour les ids de 2975433 à 2976432
bulk : {
  "took" : 71,
  "errors" :  ...
23: 9001 adresses traitées
adresse : bulk pour les ids de 2976433 à 2977432
bulk : {
  "took" : 89,
  "errors" :  ...
23: 10001 adresses traitées
adresse : bulk pour les ids de 2977433 à 2978432
bulk : {
  "took" : 69,
  "errors" :  ...
23: 11001 adresses traitées
adresse : bulk pour les ids de 2978433 à 2979432
bulk : {
  "took" : 88,
  "errors" :  ...
23: 12001 adresses traitées
adresse : bulk pour les ids de 2979433 à 2980432
bulk : {
  "took" : 69,
  "errors" :  ...
23: 13001 adresses traitées
adresse : bulk pour les ids de 2980433 à 2981432
bulk : {
  "took" : 90,
  "errors" :  ...
23: 14001 adresses traitées
adresse : bulk pour les ids de 2981433 à 2982432
bulk : {
  "took" : 65,
  "errors" :  ...
23: 15001 adresses traitées
adresse : bulk pour les ids de 2982433 à 2983432
bulk : {
  "took" : 93,
  "errors" :  ...
23: 16001 adresses traitées
adresse : bulk pour les ids de 2983433 à 2984432
bulk : {
  "took" : 67,
  "errors" :  ...
23: 17001 adresses traitées
adresse : bulk pour les ids de 2984433 à 2985432
bulk : {
  "took" : 89,
  "errors" :  ...
23: 18001 adresses traitées
23: 19001 adresses traitées
adresse : bulk pour les ids de 2985433 à 2986432
bulk : {
  "took" : 101,
  "errors" : ...
23: 20001 adresses traitées
adresse : bulk pour les ids de 2986433 à 2987432
bulk : {
  "took" : 90,
  "errors" :  ...
23: 21001 adresses traitées
adresse : bulk pour les ids de 2987433 à 2988432
bulk : {
  "took" : 68,
  "errors" :  ...
23: 22001 adresses traitées
adresse : bulk pour les ids de 2988433 à 2989432
bulk : {
  "took" : 87,
  "errors" :  ...
23: 23001 adresses traitées
adresse : bulk pour les ids de 2989433 à 2990432
bulk : {
  "took" : 69,
  "errors" :  ...
23: 24001 adresses traitées
adresse : bulk pour les ids de 2990433 à 2991432
bulk : {
  "took" : 94,
  "errors" :  ...
23: 25001 adresses traitées
adresse : bulk pour les ids de 2991433 à 2992432
bulk : {
  "took" : 67,
  "errors" :  ...
23: 26001 adresses traitées
23: 27001 adresses traitées
adresse : bulk pour les ids de 2992433 à 2993432
bulk : {
  "took" : 89,
  "errors" :  ...
23: 28001 adresses traitées
adresse : bulk pour les ids de 2993433 à 2994432
bulk : {
  "took" : 70,
  "errors" :  ...
23: 29001 adresses traitées
adresse : bulk pour les ids de 2994433 à 2995432
bulk : {
  "took" : 85,
  "errors" :  ...
23: 30001 adresses traitées
adresse : bulk pour les ids de 2995433 à 2996432
bulk : {
  "took" : 67,
  "errors" :  ...
23: 31001 adresses traitées
adresse : bulk pour les ids de 2996433 à 2997432
bulk : {
  "took" : 94,
  "errors" :  ...
23: 32001 adresses traitées
adresse : bulk pour les ids de 2997433 à 2998432
bulk : {
  "took" : 67,
  "errors" :  ...
23: 33001 adresses traitées
adresse : bulk pour les ids de 2998433 à 2999432
bulk : {
  "took" : 86,
  "errors" :  ...
23: 34001 adresses traitées
23: 35001 adresses traitées
adresse : bulk pour les ids de 2999433 à 3000432
bulk : {
  "took" : 68,
  "errors" :  ...
adresse : bulk pour les ids de 3000433 à 3000978
bulk : {
  "took" : 57,
  "errors" :  ...
dpt 24 : voies
24: 1 voies traitées
voie : bulk pour les ids de 242585 à 242784
bulk : {
  "took" : 12,
  "errors" :  ...
24: 201 voies traitées
voie : bulk pour les ids de 242785 à 242984
bulk : {
  "took" : 12,
  "errors" :  ...
24: 401 voies traitées
voie : bulk pour les ids de 242985 à 243184
bulk : {
  "took" : 12,
  "errors" :  ...
24: 601 voies traitées
voie : bulk pour les ids de 243185 à 243384
bulk : {
  "took" : 11,
  "errors" :  ...
24: 801 voies traitées
voie : bulk pour les ids de 243385 à 243584
bulk : {
  "took" : 30,
  "errors" :  ...
24: 1001 voies traitées
voie : bulk pour les ids de 243585 à 243784
bulk : {
  "took" : 11,
  "errors" :  ...
24: 1201 voies traitées
voie : bulk pour les ids de 243785 à 243984
bulk : {
  "took" : 11,
  "errors" :  ...
24: 1401 voies traitées
voie : bulk pour les ids de 243985 à 244184
bulk : {
  "took" : 12,
  "errors" :  ...
24: 1601 voies traitées
voie : bulk pour les ids de 244185 à 244384
bulk : {
  "took" : 12,
  "errors" :  ...
24: 1801 voies traitées
voie : bulk pour les ids de 244385 à 244584
bulk : {
  "took" : 12,
  "errors" :  ...
24: 2001 voies traitées
voie : bulk pour les ids de 244585 à 244784
bulk : {
  "took" : 12,
  "errors" :  ...
24: 2201 voies traitées
voie : bulk pour les ids de 244785 à 244984
bulk : {
  "took" : 12,
  "errors" :  ...
24: 2401 voies traitées
voie : bulk pour les ids de 244985 à 245184
bulk : {
  "took" : 11,
  "errors" :  ...
24: 2601 voies traitées
voie : bulk pour les ids de 245185 à 245384
bulk : {
  "took" : 13,
  "errors" :  ...
24: 2801 voies traitées
voie : bulk pour les ids de 245385 à 245584
bulk : {
  "took" : 30,
  "errors" :  ...
24: 3001 voies traitées
voie : bulk pour les ids de 245585 à 245784
bulk : {
  "took" : 12,
  "errors" :  ...
24: 3201 voies traitées
voie : bulk pour les ids de 245785 à 245984
bulk : {
  "took" : 12,
  "errors" :  ...
24: 3401 voies traitées
voie : bulk pour les ids de 245985 à 246184
bulk : {
  "took" : 12,
  "errors" :  ...
24: 3601 voies traitées
voie : bulk pour les ids de 246185 à 246384
bulk : {
  "took" : 13,
  "errors" :  ...
24: 3801 voies traitées
voie : bulk pour les ids de 246385 à 246584
bulk : {
  "took" : 13,
  "errors" :  ...
24: 4001 voies traitées
voie : bulk pour les ids de 246585 à 246784
bulk : {
  "took" : 12,
  "errors" :  ...
24: 4201 voies traitées
voie : bulk pour les ids de 246785 à 246984
bulk : {
  "took" : 13,
  "errors" :  ...
24: 4401 voies traitées
voie : bulk pour les ids de 246985 à 247184
bulk : {
  "took" : 15,
  "errors" :  ...
24: 4601 voies traitées
voie : bulk pour les ids de 247185 à 247384
bulk : {
  "took" : 20,
  "errors" :  ...
24: 4801 voies traitées
voie : bulk pour les ids de 247385 à 247584
bulk : {
  "took" : 30,
  "errors" :  ...
24: 5001 voies traitées
voie : bulk pour les ids de 247585 à 247784
bulk : {
  "took" : 12,
  "errors" :  ...
24: 5201 voies traitées
voie : bulk pour les ids de 247785 à 247984
bulk : {
  "took" : 12,
  "errors" :  ...
24: 5401 voies traitées
voie : bulk pour les ids de 247985 à 248184
bulk : {
  "took" : 12,
  "errors" :  ...
24: 5601 voies traitées
voie : bulk pour les ids de 248185 à 248384
bulk : {
  "took" : 13,
  "errors" :  ...
24: 5801 voies traitées
voie : bulk pour les ids de 248385 à 248584
bulk : {
  "took" : 12,
  "errors" :  ...
24: 6001 voies traitées
voie : bulk pour les ids de 248585 à 248784
bulk : {
  "took" : 12,
  "errors" :  ...
24: 6201 voies traitées
voie : bulk pour les ids de 248785 à 248984
bulk : {
  "took" : 12,
  "errors" :  ...
24: 6401 voies traitées
voie : bulk pour les ids de 248985 à 249184
bulk : {
  "took" : 12,
  "errors" :  ...
24: 6601 voies traitées
voie : bulk pour les ids de 249185 à 249384
bulk : {
  "took" : 12,
  "errors" :  ...
24: 6801 voies traitées
voie : bulk pour les ids de 249385 à 249584
bulk : {
  "took" : 12,
  "errors" :  ...
24: 7001 voies traitées
voie : bulk pour les ids de 249585 à 249784
bulk : {
  "took" : 12,
  "errors" :  ...
24: 7201 voies traitées
voie : bulk pour les ids de 249785 à 249984
bulk : {
  "took" : 11,
  "errors" :  ...
24: 7401 voies traitées
voie : bulk pour les ids de 249985 à 250184
bulk : {
  "took" : 33,
  "errors" :  ...
24: 7601 voies traitées
voie : bulk pour les ids de 250185 à 250384
bulk : {
  "took" : 11,
  "errors" :  ...
24: 7801 voies traitées
voie : bulk pour les ids de 250385 à 250421
bulk : {
  "took" : 2,
  "errors" : f ...
dpt 24 : adresses
24: 1 adresses traitées
24: 1001 adresses traitées
adresse : bulk pour les ids de 3000979 à 3001978
bulk : {
  "took" : 88,
  "errors" :  ...
24: 2001 adresses traitées
adresse : bulk pour les ids de 3001979 à 3002978
bulk : {
  "took" : 93,
  "errors" :  ...
24: 3001 adresses traitées
adresse : bulk pour les ids de 3002979 à 3003978
bulk : {
  "took" : 84,
  "errors" :  ...
24: 4001 adresses traitées
adresse : bulk pour les ids de 3003979 à 3004978
bulk : {
  "took" : 90,
  "errors" :  ...
24: 5001 adresses traitées
adresse : bulk pour les ids de 3004979 à 3005978
bulk : {
  "took" : 69,
  "errors" :  ...
24: 6001 adresses traitées
adresse : bulk pour les ids de 3005979 à 3006978
bulk : {
  "took" : 100,
  "errors" : ...
24: 7001 adresses traitées
adresse : bulk pour les ids de 3006979 à 3007978
bulk : {
  "took" : 79,
  "errors" :  ...
24: 8001 adresses traitées
adresse : bulk pour les ids de 3007979 à 3008978
bulk : {
  "took" : 90,
  "errors" :  ...
24: 9001 adresses traitées
adresse : bulk pour les ids de 3008979 à 3009978
bulk : {
  "took" : 107,
  "errors" : ...
24: 10001 adresses traitées
adresse : bulk pour les ids de 3009979 à 3010978
bulk : {
  "took" : 73,
  "errors" :  ...
24: 11001 adresses traitées
adresse : bulk pour les ids de 3010979 à 3011978
bulk : {
  "took" : 89,
  "errors" :  ...
24: 12001 adresses traitées
adresse : bulk pour les ids de 3011979 à 3012978
bulk : {
  "took" : 95,
  "errors" :  ...
24: 13001 adresses traitées
adresse : bulk pour les ids de 3012979 à 3013978
bulk : {
  "took" : 73,
  "errors" :  ...
24: 14001 adresses traitées
adresse : bulk pour les ids de 3013979 à 3014978
bulk : {
  "took" : 80,
  "errors" :  ...
24: 15001 adresses traitées
adresse : bulk pour les ids de 3014979 à 3015978
bulk : {
  "took" : 90,
  "errors" :  ...
24: 16001 adresses traitées
adresse : bulk pour les ids de 3015979 à 3016978
bulk : {
  "took" : 86,
  "errors" :  ...
24: 17001 adresses traitées
adresse : bulk pour les ids de 3016979 à 3017978
bulk : {
  "took" : 93,
  "errors" :  ...
24: 18001 adresses traitées
adresse : bulk pour les ids de 3017979 à 3018978
bulk : {
  "took" : 70,
  "errors" :  ...
24: 19001 adresses traitées
adresse : bulk pour les ids de 3018979 à 3019978
bulk : {
  "took" : 79,
  "errors" :  ...
24: 20001 adresses traitées
adresse : bulk pour les ids de 3019979 à 3020978
bulk : {
  "took" : 92,
  "errors" :  ...
24: 21001 adresses traitées
adresse : bulk pour les ids de 3020979 à 3021978
bulk : {
  "took" : 70,
  "errors" :  ...
24: 22001 adresses traitées
adresse : bulk pour les ids de 3021979 à 3022978
bulk : {
  "took" : 96,
  "errors" :  ...
24: 23001 adresses traitées
adresse : bulk pour les ids de 3022979 à 3023978
bulk : {
  "took" : 87,
  "errors" :  ...
24: 24001 adresses traitées
adresse : bulk pour les ids de 3023979 à 3024978
bulk : {
  "took" : 77,
  "errors" :  ...
24: 25001 adresses traitées
adresse : bulk pour les ids de 3024979 à 3025978
bulk : {
  "took" : 92,
  "errors" :  ...
24: 26001 adresses traitées
adresse : bulk pour les ids de 3025979 à 3026978
bulk : {
  "took" : 73,
  "errors" :  ...
24: 27001 adresses traitées
adresse : bulk pour les ids de 3026979 à 3027978
bulk : {
  "took" : 88,
  "errors" :  ...
24: 28001 adresses traitées
adresse : bulk pour les ids de 3027979 à 3028978
bulk : {
  "took" : 98,
  "errors" :  ...
24: 29001 adresses traitées
adresse : bulk pour les ids de 3028979 à 3029978
bulk : {
  "took" : 83,
  "errors" :  ...
24: 30001 adresses traitées
adresse : bulk pour les ids de 3029979 à 3030978
bulk : {
  "took" : 72,
  "errors" :  ...
24: 31001 adresses traitées
24: 32001 adresses traitées
adresse : bulk pour les ids de 3030979 à 3031978
bulk : {
  "took" : 90,
  "errors" :  ...
24: 33001 adresses traitées
adresse : bulk pour les ids de 3031979 à 3032978
bulk : {
  "took" : 81,
  "errors" :  ...
24: 34001 adresses traitées
adresse : bulk pour les ids de 3032979 à 3033978
bulk : {
  "took" : 90,
  "errors" :  ...
24: 35001 adresses traitées
adresse : bulk pour les ids de 3033979 à 3034978
bulk : {
  "took" : 91,
  "errors" :  ...
24: 36001 adresses traitées
adresse : bulk pour les ids de 3034979 à 3035978
bulk : {
  "took" : 68,
  "errors" :  ...
24: 37001 adresses traitées
adresse : bulk pour les ids de 3035979 à 3036978
bulk : {
  "took" : 101,
  "errors" : ...
24: 38001 adresses traitées
adresse : bulk pour les ids de 3036979 à 3037978
bulk : {
  "took" : 71,
  "errors" :  ...
24: 39001 adresses traitées
adresse : bulk pour les ids de 3037979 à 3038978
bulk : {
  "took" : 99,
  "errors" :  ...
24: 40001 adresses traitées
adresse : bulk pour les ids de 3038979 à 3039978
bulk : {
  "took" : 87,
  "errors" :  ...
24: 41001 adresses traitées
adresse : bulk pour les ids de 3039979 à 3040978
bulk : {
  "took" : 80,
  "errors" :  ...
24: 42001 adresses traitées
adresse : bulk pour les ids de 3040979 à 3041978
bulk : {
  "took" : 92,
  "errors" :  ...
24: 43001 adresses traitées
adresse : bulk pour les ids de 3041979 à 3042978
bulk : {
  "took" : 94,
  "errors" :  ...
24: 44001 adresses traitées
adresse : bulk pour les ids de 3042979 à 3043978
bulk : {
  "took" : 69,
  "errors" :  ...
24: 45001 adresses traitées
adresse : bulk pour les ids de 3043979 à 3044978
bulk : {
  "took" : 94,
  "errors" :  ...
24: 46001 adresses traitées
adresse : bulk pour les ids de 3044979 à 3045978
bulk : {
  "took" : 68,
  "errors" :  ...
24: 47001 adresses traitées
adresse : bulk pour les ids de 3045979 à 3046978
bulk : {
  "took" : 101,
  "errors" : ...
24: 48001 adresses traitées
adresse : bulk pour les ids de 3046979 à 3047978
bulk : {
  "took" : 92,
  "errors" :  ...
24: 49001 adresses traitées
adresse : bulk pour les ids de 3047979 à 3048978
bulk : {
  "took" : 77,
  "errors" :  ...
24: 50001 adresses traitées
adresse : bulk pour les ids de 3048979 à 3049978
bulk : {
  "took" : 70,
  "errors" :  ...
24: 51001 adresses traitées
adresse : bulk pour les ids de 3049979 à 3050978
bulk : {
  "took" : 98,
  "errors" :  ...
24: 52001 adresses traitées
adresse : bulk pour les ids de 3050979 à 3051978
bulk : {
  "took" : 71,
  "errors" :  ...
24: 53001 adresses traitées
adresse : bulk pour les ids de 3051979 à 3052978
bulk : {
  "took" : 95,
  "errors" :  ...
24: 54001 adresses traitées
adresse : bulk pour les ids de 3052979 à 3053978
bulk : {
  "took" : 83,
  "errors" :  ...
24: 55001 adresses traitées
adresse : bulk pour les ids de 3053979 à 3054978
bulk : {
  "took" : 83,
  "errors" :  ...
24: 56001 adresses traitées
adresse : bulk pour les ids de 3054979 à 3055978
bulk : {
  "took" : 70,
  "errors" :  ...
24: 57001 adresses traitées
adresse : bulk pour les ids de 3055979 à 3056978
bulk : {
  "took" : 111,
  "errors" : ...
24: 58001 adresses traitées
adresse : bulk pour les ids de 3056979 à 3057978
bulk : {
  "took" : 68,
  "errors" :  ...
24: 59001 adresses traitées
adresse : bulk pour les ids de 3057979 à 3058978
bulk : {
  "took" : 112,
  "errors" : ...
24: 60001 adresses traitées
adresse : bulk pour les ids de 3058979 à 3059978
bulk : {
  "took" : 66,
  "errors" :  ...
24: 61001 adresses traitées
adresse : bulk pour les ids de 3059979 à 3060978
bulk : {
  "took" : 83,
  "errors" :  ...
24: 62001 adresses traitées
adresse : bulk pour les ids de 3060979 à 3061978
bulk : {
  "took" : 90,
  "errors" :  ...
24: 63001 adresses traitées
adresse : bulk pour les ids de 3061979 à 3062978
bulk : {
  "took" : 83,
  "errors" :  ...
24: 64001 adresses traitées
adresse : bulk pour les ids de 3062979 à 3063978
bulk : {
  "took" : 68,
  "errors" :  ...
24: 65001 adresses traitées
adresse : bulk pour les ids de 3063979 à 3064978
bulk : {
  "took" : 103,
  "errors" : ...
24: 66001 adresses traitées
adresse : bulk pour les ids de 3064979 à 3065978
bulk : {
  "took" : 85,
  "errors" :  ...
24: 67001 adresses traitées
adresse : bulk pour les ids de 3065979 à 3066978
bulk : {
  "took" : 84,
  "errors" :  ...
24: 68001 adresses traitées
adresse : bulk pour les ids de 3066979 à 3067978
bulk : {
  "took" : 89,
  "errors" :  ...
24: 69001 adresses traitées
24: 70001 adresses traitées
adresse : bulk pour les ids de 3067979 à 3068978
bulk : {
  "took" : 84,
  "errors" :  ...
24: 71001 adresses traitées
adresse : bulk pour les ids de 3068979 à 3069978
bulk : {
  "took" : 68,
  "errors" :  ...
24: 72001 adresses traitées
adresse : bulk pour les ids de 3069979 à 3070978
bulk : {
  "took" : 106,
  "errors" : ...
24: 73001 adresses traitées
adresse : bulk pour les ids de 3070979 à 3071978
bulk : {
  "took" : 68,
  "errors" :  ...
24: 74001 adresses traitées
adresse : bulk pour les ids de 3071979 à 3072978
bulk : {
  "took" : 99,
  "errors" :  ...
24: 75001 adresses traitées
adresse : bulk pour les ids de 3072979 à 3073978
bulk : {
  "took" : 89,
  "errors" :  ...
24: 76001 adresses traitées
24: 77001 adresses traitées
adresse : bulk pour les ids de 3073979 à 3074978
bulk : {
  "took" : 75,
  "errors" :  ...
24: 78001 adresses traitées
adresse : bulk pour les ids de 3074979 à 3075978
bulk : {
  "took" : 95,
  "errors" :  ...
24: 79001 adresses traitées
adresse : bulk pour les ids de 3075979 à 3076978
bulk : {
  "took" : 89,
  "errors" :  ...
24: 80001 adresses traitées
adresse : bulk pour les ids de 3076979 à 3077978
bulk : {
  "took" : 76,
  "errors" :  ...
24: 81001 adresses traitées
adresse : bulk pour les ids de 3077979 à 3078978
bulk : {
  "took" : 87,
  "errors" :  ...
24: 82001 adresses traitées
adresse : bulk pour les ids de 3078979 à 3079978
bulk : {
  "took" : 75,
  "errors" :  ...
24: 83001 adresses traitées
adresse : bulk pour les ids de 3079979 à 3080978
bulk : {
  "took" : 85,
  "errors" :  ...
24: 84001 adresses traitées
adresse : bulk pour les ids de 3080979 à 3081978
bulk : {
  "took" : 108,
  "errors" : ...
24: 85001 adresses traitées
adresse : bulk pour les ids de 3081979 à 3082978
bulk : {
  "took" : 90,
  "errors" :  ...
24: 86001 adresses traitées
adresse : bulk pour les ids de 3082979 à 3083978
bulk : {
  "took" : 75,
  "errors" :  ...
24: 87001 adresses traitées
adresse : bulk pour les ids de 3083979 à 3084978
bulk : {
  "took" : 88,
  "errors" :  ...
24: 88001 adresses traitées
adresse : bulk pour les ids de 3084979 à 3085978
bulk : {
  "took" : 78,
  "errors" :  ...
24: 89001 adresses traitées
24: 90001 adresses traitées
adresse : bulk pour les ids de 3085979 à 3086978
bulk : {
  "took" : 68,
  "errors" :  ...
24: 91001 adresses traitées
adresse : bulk pour les ids de 3086979 à 3087978
bulk : {
  "took" : 81,
  "errors" :  ...
24: 92001 adresses traitées
adresse : bulk pour les ids de 3087979 à 3088978
bulk : {
  "took" : 87,
  "errors" :  ...
24: 93001 adresses traitées
adresse : bulk pour les ids de 3088979 à 3089978
bulk : {
  "took" : 94,
  "errors" :  ...
24: 94001 adresses traitées
adresse : bulk pour les ids de 3089979 à 3090978
bulk : {
  "took" : 69,
  "errors" :  ...
24: 95001 adresses traitées
adresse : bulk pour les ids de 3090979 à 3091978
bulk : {
  "took" : 93,
  "errors" :  ...
24: 96001 adresses traitées
adresse : bulk pour les ids de 3091979 à 3092978
bulk : {
  "took" : 68,
  "errors" :  ...
24: 97001 adresses traitées
adresse : bulk pour les ids de 3092979 à 3093978
bulk : {
  "took" : 77,
  "errors" :  ...
24: 98001 adresses traitées
adresse : bulk pour les ids de 3093979 à 3094978
bulk : {
  "took" : 91,
  "errors" :  ...
24: 99001 adresses traitées
adresse : bulk pour les ids de 3094979 à 3095978
bulk : {
  "took" : 101,
  "errors" : ...
24: 100001 adresses traitées
adresse : bulk pour les ids de 3095979 à 3096978
bulk : {
  "took" : 66,
  "errors" :  ...
24: 101001 adresses traitées
adresse : bulk pour les ids de 3096979 à 3097978
bulk : {
  "took" : 101,
  "errors" : ...
24: 102001 adresses traitées
adresse : bulk pour les ids de 3097979 à 3098978
bulk : {
  "took" : 86,
  "errors" :  ...
24: 103001 adresses traitées
adresse : bulk pour les ids de 3098979 à 3099978
bulk : {
  "took" : 86,
  "errors" :  ...
24: 104001 adresses traitées
adresse : bulk pour les ids de 3099979 à 3100978
bulk : {
  "took" : 65,
  "errors" :  ...
24: 105001 adresses traitées
adresse : bulk pour les ids de 3100979 à 3101978
bulk : {
  "took" : 84,
  "errors" :  ...
24: 106001 adresses traitées
adresse : bulk pour les ids de 3101979 à 3102978
bulk : {
  "took" : 88,
  "errors" :  ...
24: 107001 adresses traitées
24: 108001 adresses traitées
adresse : bulk pour les ids de 3102979 à 3103978
bulk : {
  "took" : 81,
  "errors" :  ...
24: 109001 adresses traitées
adresse : bulk pour les ids de 3103979 à 3104978
bulk : {
  "took" : 86,
  "errors" :  ...
24: 110001 adresses traitées
adresse : bulk pour les ids de 3104979 à 3105978
bulk : {
  "took" : 107,
  "errors" : ...
24: 111001 adresses traitées
adresse : bulk pour les ids de 3105979 à 3106978
bulk : {
  "took" : 72,
  "errors" :  ...
24: 112001 adresses traitées
adresse : bulk pour les ids de 3106979 à 3107978
bulk : {
  "took" : 102,
  "errors" : ...
24: 113001 adresses traitées
adresse : bulk pour les ids de 3107979 à 3108978
bulk : {
  "took" : 69,
  "errors" :  ...
24: 114001 adresses traitées
adresse : bulk pour les ids de 3108979 à 3109978
bulk : {
  "took" : 105,
  "errors" : ...
24: 115001 adresses traitées
adresse : bulk pour les ids de 3109979 à 3110978
bulk : {
  "took" : 70,
  "errors" :  ...
24: 116001 adresses traitées
adresse : bulk pour les ids de 3110979 à 3111978
bulk : {
  "took" : 96,
  "errors" :  ...
24: 117001 adresses traitées
adresse : bulk pour les ids de 3111979 à 3112978
bulk : {
  "took" : 96,
  "errors" :  ...
24: 118001 adresses traitées
adresse : bulk pour les ids de 3112979 à 3113978
bulk : {
  "took" : 69,
  "errors" :  ...
adresse : bulk pour les ids de 3113979 à 3114375
bulk : {
  "took" : 49,
  "errors" :  ...
dpt 25 : voies
25: 1 voies traitées
voie : bulk pour les ids de 250422 à 250621
bulk : {
  "took" : 12,
  "errors" :  ...
25: 201 voies traitées
voie : bulk pour les ids de 250622 à 250821
bulk : {
  "took" : 30,
  "errors" :  ...
25: 401 voies traitées
voie : bulk pour les ids de 250822 à 251021
bulk : {
  "took" : 12,
  "errors" :  ...
25: 601 voies traitées
voie : bulk pour les ids de 251022 à 251221
bulk : {
  "took" : 12,
  "errors" :  ...
25: 801 voies traitées
voie : bulk pour les ids de 251222 à 251421
bulk : {
  "took" : 11,
  "errors" :  ...
25: 1001 voies traitées
voie : bulk pour les ids de 251422 à 251621
bulk : {
  "took" : 12,
  "errors" :  ...
25: 1201 voies traitées
voie : bulk pour les ids de 251622 à 251821
bulk : {
  "took" : 11,
  "errors" :  ...
25: 1401 voies traitées
voie : bulk pour les ids de 251822 à 252021
bulk : {
  "took" : 30,
  "errors" :  ...
25: 1601 voies traitées
voie : bulk pour les ids de 252022 à 252221
bulk : {
  "took" : 12,
  "errors" :  ...
25: 1801 voies traitées
voie : bulk pour les ids de 252222 à 252421
bulk : {
  "took" : 12,
  "errors" :  ...
25: 2001 voies traitées
voie : bulk pour les ids de 252422 à 252621
bulk : {
  "took" : 12,
  "errors" :  ...
25: 2201 voies traitées
voie : bulk pour les ids de 252622 à 252821
bulk : {
  "took" : 12,
  "errors" :  ...
25: 2401 voies traitées
voie : bulk pour les ids de 252822 à 253021
bulk : {
  "took" : 12,
  "errors" :  ...
25: 2601 voies traitées
voie : bulk pour les ids de 253022 à 253221
bulk : {
  "took" : 11,
  "errors" :  ...
25: 2801 voies traitées
voie : bulk pour les ids de 253222 à 253421
bulk : {
  "took" : 12,
  "errors" :  ...
25: 3001 voies traitées
voie : bulk pour les ids de 253422 à 253621
bulk : {
  "took" : 12,
  "errors" :  ...
25: 3201 voies traitées
voie : bulk pour les ids de 253622 à 253821
bulk : {
  "took" : 12,
  "errors" :  ...
25: 3401 voies traitées
voie : bulk pour les ids de 253822 à 254021
bulk : {
  "took" : 12,
  "errors" :  ...
25: 3601 voies traitées
voie : bulk pour les ids de 254022 à 254221
bulk : {
  "took" : 29,
  "errors" :  ...
25: 3801 voies traitées
voie : bulk pour les ids de 254222 à 254421
bulk : {
  "took" : 12,
  "errors" :  ...
25: 4001 voies traitées
voie : bulk pour les ids de 254422 à 254621
bulk : {
  "took" : 30,
  "errors" :  ...
25: 4201 voies traitées
voie : bulk pour les ids de 254622 à 254821
bulk : {
  "took" : 11,
  "errors" :  ...
25: 4401 voies traitées
voie : bulk pour les ids de 254822 à 255021
bulk : {
  "took" : 11,
  "errors" :  ...
25: 4601 voies traitées
voie : bulk pour les ids de 255022 à 255221
bulk : {
  "took" : 12,
  "errors" :  ...
25: 4801 voies traitées
voie : bulk pour les ids de 255222 à 255421
bulk : {
  "took" : 11,
  "errors" :  ...
25: 5001 voies traitées
voie : bulk pour les ids de 255422 à 255621
bulk : {
  "took" : 13,
  "errors" :  ...
25: 5201 voies traitées
voie : bulk pour les ids de 255622 à 255821
bulk : {
  "took" : 12,
  "errors" :  ...
25: 5401 voies traitées
voie : bulk pour les ids de 255822 à 256021
bulk : {
  "took" : 29,
  "errors" :  ...
25: 5601 voies traitées
voie : bulk pour les ids de 256022 à 256221
bulk : {
  "took" : 11,
  "errors" :  ...
25: 5801 voies traitées
voie : bulk pour les ids de 256222 à 256421
bulk : {
  "took" : 12,
  "errors" :  ...
25: 6001 voies traitées
voie : bulk pour les ids de 256422 à 256621
bulk : {
  "took" : 12,
  "errors" :  ...
25: 6201 voies traitées
voie : bulk pour les ids de 256622 à 256821
bulk : {
  "took" : 11,
  "errors" :  ...
25: 6401 voies traitées
voie : bulk pour les ids de 256822 à 257021
bulk : {
  "took" : 12,
  "errors" :  ...
25: 6601 voies traitées
voie : bulk pour les ids de 257022 à 257221
bulk : {
  "took" : 12,
  "errors" :  ...
25: 6801 voies traitées
voie : bulk pour les ids de 257222 à 257421
bulk : {
  "took" : 12,
  "errors" :  ...
25: 7001 voies traitées
voie : bulk pour les ids de 257422 à 257621
bulk : {
  "took" : 12,
  "errors" :  ...
25: 7201 voies traitées
voie : bulk pour les ids de 257622 à 257821
bulk : {
  "took" : 12,
  "errors" :  ...
25: 7401 voies traitées
voie : bulk pour les ids de 257822 à 258021
bulk : {
  "took" : 12,
  "errors" :  ...
25: 7601 voies traitées
voie : bulk pour les ids de 258022 à 258221
bulk : {
  "took" : 34,
  "errors" :  ...
25: 7801 voies traitées
voie : bulk pour les ids de 258222 à 258421
bulk : {
  "took" : 30,
  "errors" :  ...
25: 8001 voies traitées
voie : bulk pour les ids de 258422 à 258621
bulk : {
  "took" : 11,
  "errors" :  ...
25: 8201 voies traitées
voie : bulk pour les ids de 258622 à 258821
bulk : {
  "took" : 12,
  "errors" :  ...
25: 8401 voies traitées
voie : bulk pour les ids de 258822 à 259021
bulk : {
  "took" : 12,
  "errors" :  ...
25: 8601 voies traitées
voie : bulk pour les ids de 259022 à 259221
bulk : {
  "took" : 13,
  "errors" :  ...
25: 8801 voies traitées
voie : bulk pour les ids de 259222 à 259421
bulk : {
  "took" : 12,
  "errors" :  ...
25: 9001 voies traitées
voie : bulk pour les ids de 259422 à 259621
bulk : {
  "took" : 12,
  "errors" :  ...
25: 9201 voies traitées
voie : bulk pour les ids de 259622 à 259821
bulk : {
  "took" : 12,
  "errors" :  ...
25: 9401 voies traitées
voie : bulk pour les ids de 259822 à 260021
bulk : {
  "took" : 29,
  "errors" :  ...
25: 9601 voies traitées
voie : bulk pour les ids de 260022 à 260221
bulk : {
  "took" : 12,
  "errors" :  ...
25: 9801 voies traitées
voie : bulk pour les ids de 260222 à 260421
bulk : {
  "took" : 12,
  "errors" :  ...
25: 10001 voies traitées
voie : bulk pour les ids de 260422 à 260621
bulk : {
  "took" : 12,
  "errors" :  ...
25: 10201 voies traitées
voie : bulk pour les ids de 260622 à 260821
bulk : {
  "took" : 12,
  "errors" :  ...
25: 10401 voies traitées
voie : bulk pour les ids de 260822 à 261021
bulk : {
  "took" : 12,
  "errors" :  ...
25: 10601 voies traitées
voie : bulk pour les ids de 261022 à 261221
bulk : {
  "took" : 11,
  "errors" :  ...
25: 10801 voies traitées
voie : bulk pour les ids de 261222 à 261421
bulk : {
  "took" : 11,
  "errors" :  ...
25: 11001 voies traitées
voie : bulk pour les ids de 261422 à 261621
bulk : {
  "took" : 12,
  "errors" :  ...
25: 11201 voies traitées
voie : bulk pour les ids de 261622 à 261821
bulk : {
  "took" : 11,
  "errors" :  ...
25: 11401 voies traitées
voie : bulk pour les ids de 261822 à 262021
bulk : {
  "took" : 12,
  "errors" :  ...
25: 11601 voies traitées
voie : bulk pour les ids de 262022 à 262221
bulk : {
  "took" : 52,
  "errors" :  ...
25: 11801 voies traitées
voie : bulk pour les ids de 262222 à 262421
bulk : {
  "took" : 13,
  "errors" :  ...
25: 12001 voies traitées
voie : bulk pour les ids de 262422 à 262621
bulk : {
  "took" : 12,
  "errors" :  ...
25: 12201 voies traitées
voie : bulk pour les ids de 262622 à 262821
bulk : {
  "took" : 11,
  "errors" :  ...
25: 12401 voies traitées
voie : bulk pour les ids de 262822 à 263021
bulk : {
  "took" : 12,
  "errors" :  ...
25: 12601 voies traitées
voie : bulk pour les ids de 263022 à 263221
bulk : {
  "took" : 11,
  "errors" :  ...
25: 12801 voies traitées
voie : bulk pour les ids de 263222 à 263421
bulk : {
  "took" : 12,
  "errors" :  ...
25: 13001 voies traitées
voie : bulk pour les ids de 263422 à 263621
bulk : {
  "took" : 12,
  "errors" :  ...
25: 13201 voies traitées
voie : bulk pour les ids de 263622 à 263821
bulk : {
  "took" : 12,
  "errors" :  ...
25: 13401 voies traitées
voie : bulk pour les ids de 263822 à 264021
bulk : {
  "took" : 30,
  "errors" :  ...
25: 13601 voies traitées
voie : bulk pour les ids de 264022 à 264221
bulk : {
  "took" : 12,
  "errors" :  ...
25: 13801 voies traitées
voie : bulk pour les ids de 264222 à 264326
bulk : {
  "took" : 6,
  "errors" : f ...
dpt 25 : adresses
25: 1 adresses traitées
25: 1001 adresses traitées
adresse : bulk pour les ids de 3114376 à 3115375
bulk : {
  "took" : 90,
  "errors" :  ...
25: 2001 adresses traitées
adresse : bulk pour les ids de 3115376 à 3116375
bulk : {
  "took" : 67,
  "errors" :  ...
25: 3001 adresses traitées
adresse : bulk pour les ids de 3116376 à 3117375
bulk : {
  "took" : 104,
  "errors" : ...
25: 4001 adresses traitées
adresse : bulk pour les ids de 3117376 à 3118375
bulk : {
  "took" : 86,
  "errors" :  ...
25: 5001 adresses traitées
adresse : bulk pour les ids de 3118376 à 3119375
bulk : {
  "took" : 84,
  "errors" :  ...
25: 6001 adresses traitées
adresse : bulk pour les ids de 3119376 à 3120375
bulk : {
  "took" : 90,
  "errors" :  ...
25: 7001 adresses traitées
adresse : bulk pour les ids de 3120376 à 3121375
bulk : {
  "took" : 85,
  "errors" :  ...
25: 8001 adresses traitées
adresse : bulk pour les ids de 3121376 à 3122375
bulk : {
  "took" : 67,
  "errors" :  ...
25: 9001 adresses traitées
adresse : bulk pour les ids de 3122376 à 3123375
bulk : {
  "took" : 105,
  "errors" : ...
25: 10001 adresses traitées
adresse : bulk pour les ids de 3123376 à 3124375
bulk : {
  "took" : 66,
  "errors" :  ...
25: 11001 adresses traitées
adresse : bulk pour les ids de 3124376 à 3125375
bulk : {
  "took" : 103,
  "errors" : ...
25: 12001 adresses traitées
adresse : bulk pour les ids de 3125376 à 3126375
bulk : {
  "took" : 86,
  "errors" :  ...
25: 13001 adresses traitées
adresse : bulk pour les ids de 3126376 à 3127375
bulk : {
  "took" : 80,
  "errors" :  ...
25: 14001 adresses traitées
adresse : bulk pour les ids de 3127376 à 3128375
bulk : {
  "took" : 88,
  "errors" :  ...
25: 15001 adresses traitées
adresse : bulk pour les ids de 3128376 à 3129375
bulk : {
  "took" : 82,
  "errors" :  ...
25: 16001 adresses traitées
adresse : bulk pour les ids de 3129376 à 3130375
bulk : {
  "took" : 95,
  "errors" :  ...
25: 17001 adresses traitées
adresse : bulk pour les ids de 3130376 à 3131375
bulk : {
  "took" : 104,
  "errors" : ...
25: 18001 adresses traitées
adresse : bulk pour les ids de 3131376 à 3132375
bulk : {
  "took" : 67,
  "errors" :  ...
25: 19001 adresses traitées
adresse : bulk pour les ids de 3132376 à 3133375
bulk : {
  "took" : 102,
  "errors" : ...
25: 20001 adresses traitées
adresse : bulk pour les ids de 3133376 à 3134375
bulk : {
  "took" : 83,
  "errors" :  ...
25: 21001 adresses traitées
adresse : bulk pour les ids de 3134376 à 3135375
bulk : {
  "took" : 82,
  "errors" :  ...
25: 22001 adresses traitées
adresse : bulk pour les ids de 3135376 à 3136375
bulk : {
  "took" : 65,
  "errors" :  ...
25: 23001 adresses traitées
adresse : bulk pour les ids de 3136376 à 3137375
bulk : {
  "took" : 107,
  "errors" : ...
25: 24001 adresses traitées
adresse : bulk pour les ids de 3137376 à 3138375
bulk : {
  "took" : 66,
  "errors" :  ...
25: 25001 adresses traitées
adresse : bulk pour les ids de 3138376 à 3139375
bulk : {
  "took" : 108,
  "errors" : ...
25: 26001 adresses traitées
adresse : bulk pour les ids de 3139376 à 3140375
bulk : {
  "took" : 87,
  "errors" :  ...
25: 27001 adresses traitées
adresse : bulk pour les ids de 3140376 à 3141375
bulk : {
  "took" : 82,
  "errors" :  ...
25: 28001 adresses traitées
adresse : bulk pour les ids de 3141376 à 3142375
bulk : {
  "took" : 86,
  "errors" :  ...
25: 29001 adresses traitées
adresse : bulk pour les ids de 3142376 à 3143375
bulk : {
  "took" : 81,
  "errors" :  ...
25: 30001 adresses traitées
adresse : bulk pour les ids de 3143376 à 3144375
bulk : {
  "took" : 93,
  "errors" :  ...
25: 31001 adresses traitées
adresse : bulk pour les ids de 3144376 à 3145375
bulk : {
  "took" : 105,
  "errors" : ...
25: 32001 adresses traitées
25: 33001 adresses traitées
adresse : bulk pour les ids de 3145376 à 3146375
bulk : {
  "took" : 66,
  "errors" :  ...
25: 34001 adresses traitées
adresse : bulk pour les ids de 3146376 à 3147375
bulk : {
  "took" : 108,
  "errors" : ...
25: 35001 adresses traitées
adresse : bulk pour les ids de 3147376 à 3148375
bulk : {
  "took" : 92,
  "errors" :  ...
25: 36001 adresses traitées
adresse : bulk pour les ids de 3148376 à 3149375
bulk : {
  "took" : 81,
  "errors" :  ...
25: 37001 adresses traitées
adresse : bulk pour les ids de 3149376 à 3150375
bulk : {
  "took" : 88,
  "errors" :  ...
25: 38001 adresses traitées
adresse : bulk pour les ids de 3150376 à 3151375
bulk : {
  "took" : 81,
  "errors" :  ...
25: 39001 adresses traitées
adresse : bulk pour les ids de 3151376 à 3152375
bulk : {
  "took" : 67,
  "errors" :  ...
25: 40001 adresses traitées
adresse : bulk pour les ids de 3152376 à 3153375
bulk : {
  "took" : 106,
  "errors" : ...
25: 41001 adresses traitées
adresse : bulk pour les ids de 3153376 à 3154375
bulk : {
  "took" : 87,
  "errors" :  ...
25: 42001 adresses traitées
adresse : bulk pour les ids de 3154376 à 3155375
bulk : {
  "took" : 85,
  "errors" :  ...
25: 43001 adresses traitées
adresse : bulk pour les ids de 3155376 à 3156375
bulk : {
  "took" : 89,
  "errors" :  ...
25: 44001 adresses traitées
adresse : bulk pour les ids de 3156376 à 3157375
bulk : {
  "took" : 84,
  "errors" :  ...
25: 45001 adresses traitées
adresse : bulk pour les ids de 3157376 à 3158375
bulk : {
  "took" : 72,
  "errors" :  ...
25: 46001 adresses traitées
adresse : bulk pour les ids de 3158376 à 3159375
bulk : {
  "took" : 134,
  "errors" : ...
25: 47001 adresses traitées
adresse : bulk pour les ids de 3159376 à 3160375
bulk : {
  "took" : 66,
  "errors" :  ...
25: 48001 adresses traitées
adresse : bulk pour les ids de 3160376 à 3161375
bulk : {
  "took" : 110,
  "errors" : ...
25: 49001 adresses traitées
adresse : bulk pour les ids de 3161376 à 3162375
bulk : {
  "took" : 86,
  "errors" :  ...
25: 50001 adresses traitées
adresse : bulk pour les ids de 3162376 à 3163375
bulk : {
  "took" : 81,
  "errors" :  ...
25: 51001 adresses traitées
adresse : bulk pour les ids de 3163376 à 3164375
bulk : {
  "took" : 99,
  "errors" :  ...
25: 52001 adresses traitées
adresse : bulk pour les ids de 3164376 à 3165375
bulk : {
  "took" : 125,
  "errors" : ...
25: 53001 adresses traitées
25: 54001 adresses traitées
adresse : bulk pour les ids de 3165376 à 3166375
bulk : {
  "took" : 84,
  "errors" :  ...
25: 55001 adresses traitées
adresse : bulk pour les ids de 3166376 à 3167375
bulk : {
  "took" : 100,
  "errors" : ...
25: 56001 adresses traitées
adresse : bulk pour les ids de 3167376 à 3168375
bulk : {
  "took" : 70,
  "errors" :  ...
25: 57001 adresses traitées
adresse : bulk pour les ids de 3168376 à 3169375
bulk : {
  "took" : 91,
  "errors" :  ...
25: 58001 adresses traitées
adresse : bulk pour les ids de 3169376 à 3170375
bulk : {
  "took" : 80,
  "errors" :  ...
25: 59001 adresses traitées
adresse : bulk pour les ids de 3170376 à 3171375
bulk : {
  "took" : 102,
  "errors" : ...
25: 60001 adresses traitées
adresse : bulk pour les ids de 3171376 à 3172375
bulk : {
  "took" : 83,
  "errors" :  ...
25: 61001 adresses traitées
adresse : bulk pour les ids de 3172376 à 3173375
bulk : {
  "took" : 72,
  "errors" :  ...
25: 62001 adresses traitées
adresse : bulk pour les ids de 3173376 à 3174375
bulk : {
  "took" : 99,
  "errors" :  ...
25: 63001 adresses traitées
adresse : bulk pour les ids de 3174376 à 3175375
bulk : {
  "took" : 88,
  "errors" :  ...
25: 64001 adresses traitées
adresse : bulk pour les ids de 3175376 à 3176375
bulk : {
  "took" : 88,
  "errors" :  ...
25: 65001 adresses traitées
adresse : bulk pour les ids de 3176376 à 3177375
bulk : {
  "took" : 65,
  "errors" :  ...
25: 66001 adresses traitées
25: 67001 adresses traitées
adresse : bulk pour les ids de 3177376 à 3178375
bulk : {
  "took" : 90,
  "errors" :  ...
25: 68001 adresses traitées
adresse : bulk pour les ids de 3178376 à 3179375
bulk : {
  "took" : 65,
  "errors" :  ...
25: 69001 adresses traitées
adresse : bulk pour les ids de 3179376 à 3180375
bulk : {
  "took" : 93,
  "errors" :  ...
25: 70001 adresses traitées
adresse : bulk pour les ids de 3180376 à 3181375
bulk : {
  "took" : 87,
  "errors" :  ...
25: 71001 adresses traitées
adresse : bulk pour les ids de 3181376 à 3182375
bulk : {
  "took" : 81,
  "errors" :  ...
25: 72001 adresses traitées
adresse : bulk pour les ids de 3182376 à 3183375
bulk : {
  "took" : 86,
  "errors" :  ...
25: 73001 adresses traitées
adresse : bulk pour les ids de 3183376 à 3184375
bulk : {
  "took" : 82,
  "errors" :  ...
25: 74001 adresses traitées
adresse : bulk pour les ids de 3184376 à 3185375
bulk : {
  "took" : 86,
  "errors" :  ...
25: 75001 adresses traitées
adresse : bulk pour les ids de 3185376 à 3186375
bulk : {
  "took" : 95,
  "errors" :  ...
25: 76001 adresses traitées
adresse : bulk pour les ids de 3186376 à 3187375
bulk : {
  "took" : 64,
  "errors" :  ...
25: 77001 adresses traitées
adresse : bulk pour les ids de 3187376 à 3188375
bulk : {
  "took" : 90,
  "errors" :  ...
25: 78001 adresses traitées
adresse : bulk pour les ids de 3188376 à 3189375
bulk : {
  "took" : 86,
  "errors" :  ...
25: 79001 adresses traitées
adresse : bulk pour les ids de 3189376 à 3190375
bulk : {
  "took" : 74,
  "errors" :  ...
25: 80001 adresses traitées
25: 81001 adresses traitées
adresse : bulk pour les ids de 3190376 à 3191375
bulk : {
  "took" : 81,
  "errors" :  ...
25: 82001 adresses traitées
adresse : bulk pour les ids de 3191376 à 3192375
bulk : {
  "took" : 73,
  "errors" :  ...
25: 83001 adresses traitées
adresse : bulk pour les ids de 3192376 à 3193375
bulk : {
  "took" : 90,
  "errors" :  ...
25: 84001 adresses traitées
adresse : bulk pour les ids de 3193376 à 3194375
bulk : {
  "took" : 100,
  "errors" : ...
25: 85001 adresses traitées
adresse : bulk pour les ids de 3194376 à 3195375
bulk : {
  "took" : 86,
  "errors" :  ...
25: 86001 adresses traitées
adresse : bulk pour les ids de 3195376 à 3196375
bulk : {
  "took" : 107,
  "errors" : ...
25: 87001 adresses traitées
adresse : bulk pour les ids de 3196376 à 3197375
bulk : {
  "took" : 87,
  "errors" :  ...
25: 88001 adresses traitées
adresse : bulk pour les ids de 3197376 à 3198375
bulk : {
  "took" : 92,
  "errors" :  ...
25: 89001 adresses traitées
adresse : bulk pour les ids de 3198376 à 3199375
bulk : {
  "took" : 67,
  "errors" :  ...
25: 90001 adresses traitées
adresse : bulk pour les ids de 3199376 à 3200375
bulk : {
  "took" : 102,
  "errors" : ...
25: 91001 adresses traitées
adresse : bulk pour les ids de 3200376 à 3201375
bulk : {
  "took" : 66,
  "errors" :  ...
25: 92001 adresses traitées
adresse : bulk pour les ids de 3201376 à 3202375
bulk : {
  "took" : 95,
  "errors" :  ...
25: 93001 adresses traitées
adresse : bulk pour les ids de 3202376 à 3203375
bulk : {
  "took" : 85,
  "errors" :  ...
25: 94001 adresses traitées
adresse : bulk pour les ids de 3203376 à 3204375
bulk : {
  "took" : 81,
  "errors" :  ...
25: 95001 adresses traitées
adresse : bulk pour les ids de 3204376 à 3205375
bulk : {
  "took" : 91,
  "errors" :  ...
25: 96001 adresses traitées
adresse : bulk pour les ids de 3205376 à 3206375
bulk : {
  "took" : 75,
  "errors" :  ...
25: 97001 adresses traitées
adresse : bulk pour les ids de 3206376 à 3207375
bulk : {
  "took" : 75,
  "errors" :  ...
25: 98001 adresses traitées
adresse : bulk pour les ids de 3207376 à 3208375
bulk : {
  "took" : 98,
  "errors" :  ...
25: 99001 adresses traitées
adresse : bulk pour les ids de 3208376 à 3209375
bulk : {
  "took" : 74,
  "errors" :  ...
25: 100001 adresses traitées
adresse : bulk pour les ids de 3209376 à 3210375
bulk : {
  "took" : 92,
  "errors" :  ...
25: 101001 adresses traitées
adresse : bulk pour les ids de 3210376 à 3211375
bulk : {
  "took" : 90,
  "errors" :  ...
25: 102001 adresses traitées
adresse : bulk pour les ids de 3211376 à 3212375
bulk : {
  "took" : 78,
  "errors" :  ...
25: 103001 adresses traitées
adresse : bulk pour les ids de 3212376 à 3213375
bulk : {
  "took" : 84,
  "errors" :  ...
25: 104001 adresses traitées
adresse : bulk pour les ids de 3213376 à 3214375
bulk : {
  "took" : 74,
  "errors" :  ...
25: 105001 adresses traitées
adresse : bulk pour les ids de 3214376 à 3215375
bulk : {
  "took" : 85,
  "errors" :  ...
25: 106001 adresses traitées
adresse : bulk pour les ids de 3215376 à 3216375
bulk : {
  "took" : 75,
  "errors" :  ...
25: 107001 adresses traitées
adresse : bulk pour les ids de 3216376 à 3217375
bulk : {
  "took" : 66,
  "errors" :  ...
25: 108001 adresses traitées
adresse : bulk pour les ids de 3217376 à 3218375
bulk : {
  "took" : 96,
  "errors" :  ...
25: 109001 adresses traitées
adresse : bulk pour les ids de 3218376 à 3219375
bulk : {
  "took" : 103,
  "errors" : ...
25: 110001 adresses traitées
adresse : bulk pour les ids de 3219376 à 3220375
bulk : {
  "took" : 75,
  "errors" :  ...
25: 111001 adresses traitées
adresse : bulk pour les ids de 3220376 à 3221375
bulk : {
  "took" : 93,
  "errors" :  ...
25: 112001 adresses traitées
25: 113001 adresses traitées
adresse : bulk pour les ids de 3221376 à 3222375
bulk : {
  "took" : 78,
  "errors" :  ...
25: 114001 adresses traitées
adresse : bulk pour les ids de 3222376 à 3223375
bulk : {
  "took" : 83,
  "errors" :  ...
25: 115001 adresses traitées
adresse : bulk pour les ids de 3223376 à 3224375
bulk : {
  "took" : 98,
  "errors" :  ...
25: 116001 adresses traitées
adresse : bulk pour les ids de 3224376 à 3225375
bulk : {
  "took" : 84,
  "errors" :  ...
25: 117001 adresses traitées
adresse : bulk pour les ids de 3225376 à 3226375
bulk : {
  "took" : 76,
  "errors" :  ...
25: 118001 adresses traitées
adresse : bulk pour les ids de 3226376 à 3227375
bulk : {
  "took" : 89,
  "errors" :  ...
25: 119001 adresses traitées
adresse : bulk pour les ids de 3227376 à 3228375
bulk : {
  "took" : 76,
  "errors" :  ...
25: 120001 adresses traitées
adresse : bulk pour les ids de 3228376 à 3229375
bulk : {
  "took" : 73,
  "errors" :  ...
25: 121001 adresses traitées
adresse : bulk pour les ids de 3229376 à 3230375
bulk : {
  "took" : 99,
  "errors" :  ...
25: 122001 adresses traitées
adresse : bulk pour les ids de 3230376 à 3231375
bulk : {
  "took" : 68,
  "errors" :  ...
25: 123001 adresses traitées
adresse : bulk pour les ids de 3231376 à 3232375
bulk : {
  "took" : 95,
  "errors" :  ...
25: 124001 adresses traitées
adresse : bulk pour les ids de 3232376 à 3233375
bulk : {
  "took" : 91,
  "errors" :  ...
25: 125001 adresses traitées
adresse : bulk pour les ids de 3233376 à 3234375
bulk : {
  "took" : 80,
  "errors" :  ...
25: 126001 adresses traitées
adresse : bulk pour les ids de 3234376 à 3235375
bulk : {
  "took" : 89,
  "errors" :  ...
25: 127001 adresses traitées
adresse : bulk pour les ids de 3235376 à 3236375
bulk : {
  "took" : 77,
  "errors" :  ...
25: 128001 adresses traitées
adresse : bulk pour les ids de 3236376 à 3237375
bulk : {
  "took" : 89,
  "errors" :  ...
25: 129001 adresses traitées
adresse : bulk pour les ids de 3237376 à 3238375
bulk : {
  "took" : 104,
  "errors" : ...
25: 130001 adresses traitées
25: 131001 adresses traitées
adresse : bulk pour les ids de 3238376 à 3239375
bulk : {
  "took" : 68,
  "errors" :  ...
25: 132001 adresses traitées
adresse : bulk pour les ids de 3239376 à 3240375
bulk : {
  "took" : 100,
  "errors" : ...
25: 133001 adresses traitées
adresse : bulk pour les ids de 3240376 à 3241375
bulk : {
  "took" : 90,
  "errors" :  ...
25: 134001 adresses traitées
adresse : bulk pour les ids de 3241376 à 3242375
bulk : {
  "took" : 84,
  "errors" :  ...
25: 135001 adresses traitées
adresse : bulk pour les ids de 3242376 à 3243375
bulk : {
  "took" : 85,
  "errors" :  ...
25: 136001 adresses traitées
adresse : bulk pour les ids de 3243376 à 3244375
bulk : {
  "took" : 99,
  "errors" :  ...
25: 137001 adresses traitées
adresse : bulk pour les ids de 3244376 à 3245375
bulk : {
  "took" : 65,
  "errors" :  ...
25: 138001 adresses traitées
adresse : bulk pour les ids de 3245376 à 3246375
bulk : {
  "took" : 100,
  "errors" : ...
25: 139001 adresses traitées
adresse : bulk pour les ids de 3246376 à 3247375
bulk : {
  "took" : 84,
  "errors" :  ...
25: 140001 adresses traitées
adresse : bulk pour les ids de 3247376 à 3248375
bulk : {
  "took" : 84,
  "errors" :  ...
25: 141001 adresses traitées
adresse : bulk pour les ids de 3248376 à 3249375
bulk : {
  "took" : 87,
  "errors" :  ...
25: 142001 adresses traitées
adresse : bulk pour les ids de 3249376 à 3250375
bulk : {
  "took" : 82,
  "errors" :  ...
25: 143001 adresses traitées
adresse : bulk pour les ids de 3250376 à 3251375
bulk : {
  "took" : 66,
  "errors" :  ...
25: 144001 adresses traitées
adresse : bulk pour les ids de 3251376 à 3252375
bulk : {
  "took" : 100,
  "errors" : ...
25: 145001 adresses traitées
adresse : bulk pour les ids de 3252376 à 3253375
bulk : {
  "took" : 67,
  "errors" :  ...
25: 146001 adresses traitées
adresse : bulk pour les ids de 3253376 à 3254375
bulk : {
  "took" : 100,
  "errors" : ...
25: 147001 adresses traitées
adresse : bulk pour les ids de 3254376 à 3255375
bulk : {
  "took" : 89,
  "errors" :  ...
25: 148001 adresses traitées
25: 149001 adresses traitées
adresse : bulk pour les ids de 3255376 à 3256375
bulk : {
  "took" : 83,
  "errors" :  ...
25: 150001 adresses traitées
adresse : bulk pour les ids de 3256376 à 3257375
bulk : {
  "took" : 86,
  "errors" :  ...
25: 151001 adresses traitées
adresse : bulk pour les ids de 3257376 à 3258375
bulk : {
  "took" : 88,
  "errors" :  ...
25: 152001 adresses traitées
adresse : bulk pour les ids de 3258376 à 3259375
bulk : {
  "took" : 66,
  "errors" :  ...
25: 153001 adresses traitées
adresse : bulk pour les ids de 3259376 à 3260375
bulk : {
  "took" : 100,
  "errors" : ...
25: 154001 adresses traitées
adresse : bulk pour les ids de 3260376 à 3261375
bulk : {
  "took" : 86,
  "errors" :  ...
25: 155001 adresses traitées
adresse : bulk pour les ids de 3261376 à 3262375
bulk : {
  "took" : 105,
  "errors" : ...
25: 156001 adresses traitées
adresse : bulk pour les ids de 3262376 à 3263375
bulk : {
  "took" : 65,
  "errors" :  ...
25: 157001 adresses traitées
adresse : bulk pour les ids de 3263376 à 3264375
bulk : {
  "took" : 99,
  "errors" :  ...
25: 158001 adresses traitées
adresse : bulk pour les ids de 3264376 à 3265375
bulk : {
  "took" : 70,
  "errors" :  ...
25: 159001 adresses traitées
adresse : bulk pour les ids de 3265376 à 3266375
bulk : {
  "took" : 80,
  "errors" :  ...
25: 160001 adresses traitées
adresse : bulk pour les ids de 3266376 à 3267375
bulk : {
  "took" : 97,
  "errors" :  ...
25: 161001 adresses traitées
adresse : bulk pour les ids de 3267376 à 3268375
bulk : {
  "took" : 83,
  "errors" :  ...
25: 162001 adresses traitées
adresse : bulk pour les ids de 3268376 à 3269375
bulk : {
  "took" : 88,
  "errors" :  ...
25: 163001 adresses traitées
adresse : bulk pour les ids de 3269376 à 3270375
bulk : {
  "took" : 82,
  "errors" :  ...
25: 164001 adresses traitées
adresse : bulk pour les ids de 3270376 à 3271375
bulk : {
  "took" : 88,
  "errors" :  ...
25: 165001 adresses traitées
adresse : bulk pour les ids de 3271376 à 3272375
bulk : {
  "took" : 83,
  "errors" :  ...
25: 166001 adresses traitées
adresse : bulk pour les ids de 3272376 à 3273375
bulk : {
  "took" : 99,
  "errors" :  ...
25: 167001 adresses traitées
adresse : bulk pour les ids de 3273376 à 3274375
bulk : {
  "took" : 110,
  "errors" : ...
25: 168001 adresses traitées
adresse : bulk pour les ids de 3274376 à 3275375
bulk : {
  "took" : 68,
  "errors" :  ...
25: 169001 adresses traitées
adresse : bulk pour les ids de 3275376 à 3276375
bulk : {
  "took" : 107,
  "errors" : ...
25: 170001 adresses traitées
adresse : bulk pour les ids de 3276376 à 3277375
bulk : {
  "took" : 88,
  "errors" :  ...
25: 171001 adresses traitées
adresse : bulk pour les ids de 3277376 à 3278375
bulk : {
  "took" : 84,
  "errors" :  ...
25: 172001 adresses traitées
adresse : bulk pour les ids de 3278376 à 3279375
bulk : {
  "took" : 77,
  "errors" :  ...
25: 173001 adresses traitées
adresse : bulk pour les ids de 3279376 à 3280375
bulk : {
  "took" : 87,
  "errors" :  ...
25: 174001 adresses traitées
adresse : bulk pour les ids de 3280376 à 3281375
bulk : {
  "took" : 76,
  "errors" :  ...
25: 175001 adresses traitées
adresse : bulk pour les ids de 3281376 à 3282375
bulk : {
  "took" : 86,
  "errors" :  ...
25: 176001 adresses traitées
25: 177001 adresses traitées
adresse : bulk pour les ids de 3282376 à 3283375
bulk : {
  "took" : 103,
  "errors" : ...
25: 178001 adresses traitées
adresse : bulk pour les ids de 3283376 à 3284375
bulk : {
  "took" : 70,
  "errors" :  ...
adresse : bulk pour les ids de 3284376 à 3285064
bulk : {
  "took" : 55,
  "errors" :  ...
dpt 26 : voies
26: 1 voies traitées
voie : bulk pour les ids de 264327 à 264526
bulk : {
  "took" : 13,
  "errors" :  ...
26: 201 voies traitées
voie : bulk pour les ids de 264527 à 264726
bulk : {
  "took" : 12,
  "errors" :  ...
26: 401 voies traitées
voie : bulk pour les ids de 264727 à 264926
bulk : {
  "took" : 11,
  "errors" :  ...
26: 601 voies traitées
voie : bulk pour les ids de 264927 à 265126
bulk : {
  "took" : 12,
  "errors" :  ...
26: 801 voies traitées
voie : bulk pour les ids de 265127 à 265326
bulk : {
  "took" : 13,
  "errors" :  ...
26: 1001 voies traitées
voie : bulk pour les ids de 265327 à 265526
bulk : {
  "took" : 11,
  "errors" :  ...
26: 1201 voies traitées
voie : bulk pour les ids de 265527 à 265726
bulk : {
  "took" : 12,
  "errors" :  ...
26: 1401 voies traitées
voie : bulk pour les ids de 265727 à 265926
bulk : {
  "took" : 37,
  "errors" :  ...
26: 1601 voies traitées
voie : bulk pour les ids de 265927 à 266126
bulk : {
  "took" : 13,
  "errors" :  ...
26: 1801 voies traitées
voie : bulk pour les ids de 266127 à 266326
bulk : {
  "took" : 13,
  "errors" :  ...
26: 2001 voies traitées
voie : bulk pour les ids de 266327 à 266526
bulk : {
  "took" : 12,
  "errors" :  ...
26: 2201 voies traitées
voie : bulk pour les ids de 266527 à 266726
bulk : {
  "took" : 13,
  "errors" :  ...
26: 2401 voies traitées
voie : bulk pour les ids de 266727 à 266926
bulk : {
  "took" : 12,
  "errors" :  ...
26: 2601 voies traitées
voie : bulk pour les ids de 266927 à 267126
bulk : {
  "took" : 13,
  "errors" :  ...
26: 2801 voies traitées
voie : bulk pour les ids de 267127 à 267326
bulk : {
  "took" : 13,
  "errors" :  ...
26: 3001 voies traitées
voie : bulk pour les ids de 267327 à 267526
bulk : {
  "took" : 13,
  "errors" :  ...
26: 3201 voies traitées
voie : bulk pour les ids de 267527 à 267726
bulk : {
  "took" : 12,
  "errors" :  ...
26: 3401 voies traitées
voie : bulk pour les ids de 267727 à 267926
bulk : {
  "took" : 12,
  "errors" :  ...
26: 3601 voies traitées
voie : bulk pour les ids de 267927 à 268126
bulk : {
  "took" : 23,
  "errors" :  ...
26: 3801 voies traitées
voie : bulk pour les ids de 268127 à 268326
bulk : {
  "took" : 12,
  "errors" :  ...
26: 4001 voies traitées
voie : bulk pour les ids de 268327 à 268526
bulk : {
  "took" : 12,
  "errors" :  ...
26: 4201 voies traitées
voie : bulk pour les ids de 268527 à 268726
bulk : {
  "took" : 11,
  "errors" :  ...
26: 4401 voies traitées
voie : bulk pour les ids de 268727 à 268926
bulk : {
  "took" : 13,
  "errors" :  ...
26: 4601 voies traitées
voie : bulk pour les ids de 268927 à 269126
bulk : {
  "took" : 13,
  "errors" :  ...
26: 4801 voies traitées
voie : bulk pour les ids de 269127 à 269326
bulk : {
  "took" : 13,
  "errors" :  ...
26: 5001 voies traitées
voie : bulk pour les ids de 269327 à 269526
bulk : {
  "took" : 13,
  "errors" :  ...
26: 5201 voies traitées
voie : bulk pour les ids de 269527 à 269726
bulk : {
  "took" : 13,
  "errors" :  ...
26: 5401 voies traitées
voie : bulk pour les ids de 269727 à 269926
bulk : {
  "took" : 12,
  "errors" :  ...
26: 5601 voies traitées
voie : bulk pour les ids de 269927 à 270126
bulk : {
  "took" : 13,
  "errors" :  ...
26: 5801 voies traitées
voie : bulk pour les ids de 270127 à 270326
bulk : {
  "took" : 12,
  "errors" :  ...
26: 6001 voies traitées
voie : bulk pour les ids de 270327 à 270526
bulk : {
  "took" : 12,
  "errors" :  ...
26: 6201 voies traitées
voie : bulk pour les ids de 270527 à 270726
bulk : {
  "took" : 12,
  "errors" :  ...
26: 6401 voies traitées
voie : bulk pour les ids de 270727 à 270926
bulk : {
  "took" : 12,
  "errors" :  ...
26: 6601 voies traitées
voie : bulk pour les ids de 270927 à 271126
bulk : {
  "took" : 12,
  "errors" :  ...
26: 6801 voies traitées
voie : bulk pour les ids de 271127 à 271326
bulk : {
  "took" : 12,
  "errors" :  ...
26: 7001 voies traitées
voie : bulk pour les ids de 271327 à 271526
bulk : {
  "took" : 12,
  "errors" :  ...
26: 7201 voies traitées
voie : bulk pour les ids de 271527 à 271726
bulk : {
  "took" : 12,
  "errors" :  ...
26: 7401 voies traitées
voie : bulk pour les ids de 271727 à 271926
bulk : {
  "took" : 12,
  "errors" :  ...
26: 7601 voies traitées
voie : bulk pour les ids de 271927 à 272126
bulk : {
  "took" : 29,
  "errors" :  ...
26: 7801 voies traitées
voie : bulk pour les ids de 272127 à 272326
bulk : {
  "took" : 12,
  "errors" :  ...
26: 8001 voies traitées
voie : bulk pour les ids de 272327 à 272526
bulk : {
  "took" : 12,
  "errors" :  ...
26: 8201 voies traitées
voie : bulk pour les ids de 272527 à 272726
bulk : {
  "took" : 12,
  "errors" :  ...
26: 8401 voies traitées
voie : bulk pour les ids de 272727 à 272926
bulk : {
  "took" : 18,
  "errors" :  ...
26: 8601 voies traitées
voie : bulk pour les ids de 272927 à 273126
bulk : {
  "took" : 13,
  "errors" :  ...
26: 8801 voies traitées
voie : bulk pour les ids de 273127 à 273326
bulk : {
  "took" : 13,
  "errors" :  ...
26: 9001 voies traitées
voie : bulk pour les ids de 273327 à 273526
bulk : {
  "took" : 23,
  "errors" :  ...
26: 9201 voies traitées
voie : bulk pour les ids de 273527 à 273726
bulk : {
  "took" : 13,
  "errors" :  ...
26: 9401 voies traitées
voie : bulk pour les ids de 273727 à 273926
bulk : {
  "took" : 18,
  "errors" :  ...
26: 9601 voies traitées
voie : bulk pour les ids de 273927 à 274126
bulk : {
  "took" : 13,
  "errors" :  ...
26: 9801 voies traitées
voie : bulk pour les ids de 274127 à 274326
bulk : {
  "took" : 13,
  "errors" :  ...
26: 10001 voies traitées
voie : bulk pour les ids de 274327 à 274526
bulk : {
  "took" : 13,
  "errors" :  ...
26: 10201 voies traitées
voie : bulk pour les ids de 274527 à 274726
bulk : {
  "took" : 13,
  "errors" :  ...
26: 10401 voies traitées
voie : bulk pour les ids de 274727 à 274926
bulk : {
  "took" : 13,
  "errors" :  ...
26: 10601 voies traitées
voie : bulk pour les ids de 274927 à 275126
bulk : {
  "took" : 28,
  "errors" :  ...
26: 10801 voies traitées
voie : bulk pour les ids de 275127 à 275326
bulk : {
  "took" : 15,
  "errors" :  ...
26: 11001 voies traitées
voie : bulk pour les ids de 275327 à 275526
bulk : {
  "took" : 16,
  "errors" :  ...
26: 11201 voies traitées
voie : bulk pour les ids de 275527 à 275726
bulk : {
  "took" : 20,
  "errors" :  ...
26: 11401 voies traitées
voie : bulk pour les ids de 275727 à 275926
bulk : {
  "took" : 13,
  "errors" :  ...
26: 11601 voies traitées
voie : bulk pour les ids de 275927 à 276126
bulk : {
  "took" : 13,
  "errors" :  ...
26: 11801 voies traitées
voie : bulk pour les ids de 276127 à 276326
bulk : {
  "took" : 12,
  "errors" :  ...
26: 12001 voies traitées
voie : bulk pour les ids de 276327 à 276526
bulk : {
  "took" : 12,
  "errors" :  ...
26: 12201 voies traitées
voie : bulk pour les ids de 276527 à 276726
bulk : {
  "took" : 15,
  "errors" :  ...
26: 12401 voies traitées
voie : bulk pour les ids de 276727 à 276926
bulk : {
  "took" : 12,
  "errors" :  ...
26: 12601 voies traitées
voie : bulk pour les ids de 276927 à 277126
bulk : {
  "took" : 12,
  "errors" :  ...
26: 12801 voies traitées
voie : bulk pour les ids de 277127 à 277326
bulk : {
  "took" : 13,
  "errors" :  ...
26: 13001 voies traitées
voie : bulk pour les ids de 277327 à 277331
bulk : {
  "took" : 1,
  "errors" : f ...
dpt 26 : adresses
26: 1 adresses traitées
26: 1001 adresses traitées
adresse : bulk pour les ids de 3285065 à 3286064
bulk : {
  "took" : 88,
  "errors" :  ...
26: 2001 adresses traitées
adresse : bulk pour les ids de 3286065 à 3287064
bulk : {
  "took" : 94,
  "errors" :  ...
26: 3001 adresses traitées
26: 4001 adresses traitées
adresse : bulk pour les ids de 3287065 à 3288064
bulk : {
  "took" : 85,
  "errors" :  ...
26: 5001 adresses traitées
adresse : bulk pour les ids de 3288065 à 3289064
bulk : {
  "took" : 92,
  "errors" :  ...
26: 6001 adresses traitées
adresse : bulk pour les ids de 3289065 à 3290064
bulk : {
  "took" : 91,
  "errors" :  ...
26: 7001 adresses traitées
adresse : bulk pour les ids de 3290065 à 3291064
bulk : {
  "took" : 90,
  "errors" :  ...
26: 8001 adresses traitées
adresse : bulk pour les ids de 3291065 à 3292064
bulk : {
  "took" : 103,
  "errors" : ...
26: 9001 adresses traitées
26: 10001 adresses traitées
adresse : bulk pour les ids de 3292065 à 3293064
bulk : {
  "took" : 93,
  "errors" :  ...
26: 11001 adresses traitées
adresse : bulk pour les ids de 3293065 à 3294064
bulk : {
  "took" : 86,
  "errors" :  ...
26: 12001 adresses traitées
adresse : bulk pour les ids de 3294065 à 3295064
bulk : {
  "took" : 89,
  "errors" :  ...
26: 13001 adresses traitées
adresse : bulk pour les ids de 3295065 à 3296064
bulk : {
  "took" : 93,
  "errors" :  ...
26: 14001 adresses traitées
26: 15001 adresses traitées
adresse : bulk pour les ids de 3296065 à 3297064
bulk : {
  "took" : 82,
  "errors" :  ...
26: 16001 adresses traitées
adresse : bulk pour les ids de 3297065 à 3298064
bulk : {
  "took" : 87,
  "errors" :  ...
26: 17001 adresses traitées
adresse : bulk pour les ids de 3298065 à 3299064
bulk : {
  "took" : 77,
  "errors" :  ...
26: 18001 adresses traitées
adresse : bulk pour les ids de 3299065 à 3300064
bulk : {
  "took" : 85,
  "errors" :  ...
26: 19001 adresses traitées
adresse : bulk pour les ids de 3300065 à 3301064
bulk : {
  "took" : 99,
  "errors" :  ...
26: 20001 adresses traitées
adresse : bulk pour les ids de 3301065 à 3302064
bulk : {
  "took" : 68,
  "errors" :  ...
26: 21001 adresses traitées
adresse : bulk pour les ids de 3302065 à 3303064
bulk : {
  "took" : 100,
  "errors" : ...
26: 22001 adresses traitées
adresse : bulk pour les ids de 3303065 à 3304064
bulk : {
  "took" : 85,
  "errors" :  ...
26: 23001 adresses traitées
adresse : bulk pour les ids de 3304065 à 3305064
bulk : {
  "took" : 79,
  "errors" :  ...
26: 24001 adresses traitées
adresse : bulk pour les ids de 3305065 à 3306064
bulk : {
  "took" : 96,
  "errors" :  ...
26: 25001 adresses traitées
adresse : bulk pour les ids de 3306065 à 3307064
bulk : {
  "took" : 93,
  "errors" :  ...
26: 26001 adresses traitées
adresse : bulk pour les ids de 3307065 à 3308064
bulk : {
  "took" : 77,
  "errors" :  ...
26: 27001 adresses traitées
26: 28001 adresses traitées
adresse : bulk pour les ids de 3308065 à 3309064
bulk : {
  "took" : 93,
  "errors" :  ...
26: 29001 adresses traitées
adresse : bulk pour les ids de 3309065 à 3310064
bulk : {
  "took" : 87,
  "errors" :  ...
26: 30001 adresses traitées
adresse : bulk pour les ids de 3310065 à 3311064
bulk : {
  "took" : 80,
  "errors" :  ...
26: 31001 adresses traitées
adresse : bulk pour les ids de 3311065 à 3312064
bulk : {
  "took" : 86,
  "errors" :  ...
26: 32001 adresses traitées
adresse : bulk pour les ids de 3312065 à 3313064
bulk : {
  "took" : 98,
  "errors" :  ...
26: 33001 adresses traitées
adresse : bulk pour les ids de 3313065 à 3314064
bulk : {
  "took" : 69,
  "errors" :  ...
26: 34001 adresses traitées
adresse : bulk pour les ids de 3314065 à 3315064
bulk : {
  "took" : 101,
  "errors" : ...
26: 35001 adresses traitées
26: 36001 adresses traitées
adresse : bulk pour les ids de 3315065 à 3316064
bulk : {
  "took" : 85,
  "errors" :  ...
26: 37001 adresses traitées
adresse : bulk pour les ids de 3316065 à 3317064
bulk : {
  "took" : 85,
  "errors" :  ...
26: 38001 adresses traitées
adresse : bulk pour les ids de 3317065 à 3318064
bulk : {
  "took" : 84,
  "errors" :  ...
26: 39001 adresses traitées
adresse : bulk pour les ids de 3318065 à 3319064
bulk : {
  "took" : 86,
  "errors" :  ...
26: 40001 adresses traitées
adresse : bulk pour les ids de 3319065 à 3320064
bulk : {
  "took" : 85,
  "errors" :  ...
26: 41001 adresses traitées
adresse : bulk pour les ids de 3320065 à 3321064
bulk : {
  "took" : 101,
  "errors" : ...
26: 42001 adresses traitées
adresse : bulk pour les ids de 3321065 à 3322064
bulk : {
  "took" : 67,
  "errors" :  ...
26: 43001 adresses traitées
adresse : bulk pour les ids de 3322065 à 3323064
bulk : {
  "took" : 101,
  "errors" : ...
26: 44001 adresses traitées
adresse : bulk pour les ids de 3323065 à 3324064
bulk : {
  "took" : 66,
  "errors" :  ...
26: 45001 adresses traitées
adresse : bulk pour les ids de 3324065 à 3325064
bulk : {
  "took" : 100,
  "errors" : ...
26: 46001 adresses traitées
adresse : bulk pour les ids de 3325065 à 3326064
bulk : {
  "took" : 66,
  "errors" :  ...
26: 47001 adresses traitées
adresse : bulk pour les ids de 3326065 à 3327064
bulk : {
  "took" : 97,
  "errors" :  ...
26: 48001 adresses traitées
adresse : bulk pour les ids de 3327065 à 3328064
bulk : {
  "took" : 68,
  "errors" :  ...
26: 49001 adresses traitées
adresse : bulk pour les ids de 3328065 à 3329064
bulk : {
  "took" : 79,
  "errors" :  ...
26: 50001 adresses traitées
adresse : bulk pour les ids de 3329065 à 3330064
bulk : {
  "took" : 82,
  "errors" :  ...
26: 51001 adresses traitées
adresse : bulk pour les ids de 3330065 à 3331064
bulk : {
  "took" : 81,
  "errors" :  ...
26: 52001 adresses traitées
adresse : bulk pour les ids de 3331065 à 3332064
bulk : {
  "took" : 65,
  "errors" :  ...
26: 53001 adresses traitées
adresse : bulk pour les ids de 3332065 à 3333064
bulk : {
  "took" : 118,
  "errors" : ...
26: 54001 adresses traitées
adresse : bulk pour les ids de 3333065 à 3334064
bulk : {
  "took" : 67,
  "errors" :  ...
26: 55001 adresses traitées
adresse : bulk pour les ids de 3334065 à 3335064
bulk : {
  "took" : 113,
  "errors" : ...
26: 56001 adresses traitées
adresse : bulk pour les ids de 3335065 à 3336064
bulk : {
  "took" : 65,
  "errors" :  ...
26: 57001 adresses traitées
adresse : bulk pour les ids de 3336065 à 3337064
bulk : {
  "took" : 98,
  "errors" :  ...
26: 58001 adresses traitées
adresse : bulk pour les ids de 3337065 à 3338064
bulk : {
  "took" : 87,
  "errors" :  ...
26: 59001 adresses traitées
adresse : bulk pour les ids de 3338065 à 3339064
bulk : {
  "took" : 84,
  "errors" :  ...
26: 60001 adresses traitées
adresse : bulk pour les ids de 3339065 à 3340064
bulk : {
  "took" : 93,
  "errors" :  ...
26: 61001 adresses traitées
26: 62001 adresses traitées
adresse : bulk pour les ids de 3340065 à 3341064
bulk : {
  "took" : 110,
  "errors" : ...
26: 63001 adresses traitées
adresse : bulk pour les ids de 3341065 à 3342064
bulk : {
  "took" : 70,
  "errors" :  ...
26: 64001 adresses traitées
adresse : bulk pour les ids de 3342065 à 3343064
bulk : {
  "took" : 100,
  "errors" : ...
26: 65001 adresses traitées
adresse : bulk pour les ids de 3343065 à 3344064
bulk : {
  "took" : 67,
  "errors" :  ...
26: 66001 adresses traitées
adresse : bulk pour les ids de 3344065 à 3345064
bulk : {
  "took" : 95,
  "errors" :  ...
26: 67001 adresses traitées
adresse : bulk pour les ids de 3345065 à 3346064
bulk : {
  "took" : 80,
  "errors" :  ...
26: 68001 adresses traitées
26: 69001 adresses traitées
adresse : bulk pour les ids de 3346065 à 3347064
bulk : {
  "took" : 92,
  "errors" :  ...
26: 70001 adresses traitées
adresse : bulk pour les ids de 3347065 à 3348064
bulk : {
  "took" : 68,
  "errors" :  ...
26: 71001 adresses traitées
adresse : bulk pour les ids de 3348065 à 3349064
bulk : {
  "took" : 97,
  "errors" :  ...
26: 72001 adresses traitées
adresse : bulk pour les ids de 3349065 à 3350064
bulk : {
  "took" : 65,
  "errors" :  ...
26: 73001 adresses traitées
adresse : bulk pour les ids de 3350065 à 3351064
bulk : {
  "took" : 108,
  "errors" : ...
26: 74001 adresses traitées
adresse : bulk pour les ids de 3351065 à 3352064
bulk : {
  "took" : 88,
  "errors" :  ...
26: 75001 adresses traitées
26: 76001 adresses traitées
adresse : bulk pour les ids de 3352065 à 3353064
bulk : {
  "took" : 79,
  "errors" :  ...
26: 77001 adresses traitées
adresse : bulk pour les ids de 3353065 à 3354064
bulk : {
  "took" : 87,
  "errors" :  ...
26: 78001 adresses traitées
adresse : bulk pour les ids de 3354065 à 3355064
bulk : {
  "took" : 82,
  "errors" :  ...
26: 79001 adresses traitées
adresse : bulk pour les ids de 3355065 à 3356064
bulk : {
  "took" : 69,
  "errors" :  ...
26: 80001 adresses traitées
26: 81001 adresses traitées
adresse : bulk pour les ids de 3356065 à 3357064
bulk : {
  "took" : 101,
  "errors" : ...
26: 82001 adresses traitées
adresse : bulk pour les ids de 3357065 à 3358064
bulk : {
  "took" : 87,
  "errors" :  ...
26: 83001 adresses traitées
adresse : bulk pour les ids de 3358065 à 3359064
bulk : {
  "took" : 81,
  "errors" :  ...
26: 84001 adresses traitées
adresse : bulk pour les ids de 3359065 à 3360064
bulk : {
  "took" : 83,
  "errors" :  ...
26: 85001 adresses traitées
26: 86001 adresses traitées
adresse : bulk pour les ids de 3360065 à 3361064
bulk : {
  "took" : 81,
  "errors" :  ...
26: 87001 adresses traitées
adresse : bulk pour les ids de 3361065 à 3362064
bulk : {
  "took" : 83,
  "errors" :  ...
26: 88001 adresses traitées
adresse : bulk pour les ids de 3362065 à 3363064
bulk : {
  "took" : 84,
  "errors" :  ...
26: 89001 adresses traitées
adresse : bulk pour les ids de 3363065 à 3364064
bulk : {
  "took" : 64,
  "errors" :  ...
26: 90001 adresses traitées
adresse : bulk pour les ids de 3364065 à 3365064
bulk : {
  "took" : 83,
  "errors" :  ...
26: 91001 adresses traitées
adresse : bulk pour les ids de 3365065 à 3366064
bulk : {
  "took" : 87,
  "errors" :  ...
26: 92001 adresses traitées
adresse : bulk pour les ids de 3366065 à 3367064
bulk : {
  "took" : 83,
  "errors" :  ...
26: 93001 adresses traitées
adresse : bulk pour les ids de 3367065 à 3368064
bulk : {
  "took" : 68,
  "errors" :  ...
26: 94001 adresses traitées
26: 95001 adresses traitées
adresse : bulk pour les ids de 3368065 à 3369064
bulk : {
  "took" : 96,
  "errors" :  ...
26: 96001 adresses traitées
adresse : bulk pour les ids de 3369065 à 3370064
bulk : {
  "took" : 66,
  "errors" :  ...
26: 97001 adresses traitées
adresse : bulk pour les ids de 3370065 à 3371064
bulk : {
  "took" : 91,
  "errors" :  ...
26: 98001 adresses traitées
26: 99001 adresses traitées
adresse : bulk pour les ids de 3371065 à 3372064
bulk : {
  "took" : 67,
  "errors" :  ...
26: 100001 adresses traitées
26: 101001 adresses traitées
adresse : bulk pour les ids de 3372065 à 3373064
bulk : {
  "took" : 94,
  "errors" :  ...
26: 102001 adresses traitées
adresse : bulk pour les ids de 3373065 à 3374064
bulk : {
  "took" : 66,
  "errors" :  ...
26: 103001 adresses traitées
adresse : bulk pour les ids de 3374065 à 3375064
bulk : {
  "took" : 74,
  "errors" :  ...
26: 104001 adresses traitées
adresse : bulk pour les ids de 3375065 à 3376064
bulk : {
  "took" : 89,
  "errors" :  ...
26: 105001 adresses traitées
adresse : bulk pour les ids de 3376065 à 3377064
bulk : {
  "took" : 76,
  "errors" :  ...
26: 106001 adresses traitées
adresse : bulk pour les ids de 3377065 à 3378064
bulk : {
  "took" : 67,
  "errors" :  ...
26: 107001 adresses traitées
adresse : bulk pour les ids de 3378065 à 3379064
bulk : {
  "took" : 92,
  "errors" :  ...
26: 108001 adresses traitées
26: 109001 adresses traitées
adresse : bulk pour les ids de 3379065 à 3380064
bulk : {
  "took" : 69,
  "errors" :  ...
26: 110001 adresses traitées
adresse : bulk pour les ids de 3380065 à 3381064
bulk : {
  "took" : 96,
  "errors" :  ...
26: 111001 adresses traitées
adresse : bulk pour les ids de 3381065 à 3382064
bulk : {
  "took" : 69,
  "errors" :  ...
26: 112001 adresses traitées
adresse : bulk pour les ids de 3382065 à 3383064
bulk : {
  "took" : 102,
  "errors" : ...
26: 113001 adresses traitées
26: 114001 adresses traitées
adresse : bulk pour les ids de 3383065 à 3384064
bulk : {
  "took" : 83,
  "errors" :  ...
26: 115001 adresses traitées
adresse : bulk pour les ids de 3384065 à 3385064
bulk : {
  "took" : 84,
  "errors" :  ...
26: 116001 adresses traitées
26: 117001 adresses traitées
adresse : bulk pour les ids de 3385065 à 3386064
bulk : {
  "took" : 83,
  "errors" :  ...
26: 118001 adresses traitées
adresse : bulk pour les ids de 3386065 à 3387064
bulk : {
  "took" : 100,
  "errors" : ...
26: 119001 adresses traitées
adresse : bulk pour les ids de 3387065 à 3388064
bulk : {
  "took" : 67,
  "errors" :  ...
26: 120001 adresses traitées
adresse : bulk pour les ids de 3388065 à 3389064
bulk : {
  "took" : 105,
  "errors" : ...
26: 121001 adresses traitées
adresse : bulk pour les ids de 3389065 à 3390064
bulk : {
  "took" : 68,
  "errors" :  ...
26: 122001 adresses traitées
adresse : bulk pour les ids de 3390065 à 3391064
bulk : {
  "took" : 105,
  "errors" : ...
26: 123001 adresses traitées
adresse : bulk pour les ids de 3391065 à 3392064
bulk : {
  "took" : 84,
  "errors" :  ...
26: 124001 adresses traitées
adresse : bulk pour les ids de 3392065 à 3393064
bulk : {
  "took" : 84,
  "errors" :  ...
26: 125001 adresses traitées
adresse : bulk pour les ids de 3393065 à 3394064
bulk : {
  "took" : 84,
  "errors" :  ...
26: 126001 adresses traitées
adresse : bulk pour les ids de 3394065 à 3395064
bulk : {
  "took" : 100,
  "errors" : ...
26: 127001 adresses traitées
adresse : bulk pour les ids de 3395065 à 3396064
bulk : {
  "took" : 69,
  "errors" :  ...
26: 128001 adresses traitées
adresse : bulk pour les ids de 3396065 à 3397064
bulk : {
  "took" : 109,
  "errors" : ...
26: 129001 adresses traitées
adresse : bulk pour les ids de 3397065 à 3398064
bulk : {
  "took" : 77,
  "errors" :  ...
26: 130001 adresses traitées
adresse : bulk pour les ids de 3398065 à 3398785
bulk : {
  "took" : 65,
  "errors" :  ...
dpt 27 : voies
27: 1 voies traitées
voie : bulk pour les ids de 277332 à 277531
bulk : {
  "took" : 12,
  "errors" :  ...
27: 201 voies traitées
voie : bulk pour les ids de 277532 à 277731
bulk : {
  "took" : 12,
  "errors" :  ...
27: 401 voies traitées
voie : bulk pour les ids de 277732 à 277931
bulk : {
  "took" : 12,
  "errors" :  ...
27: 601 voies traitées
voie : bulk pour les ids de 277932 à 278131
bulk : {
  "took" : 12,
  "errors" :  ...
27: 801 voies traitées
voie : bulk pour les ids de 278132 à 278331
bulk : {
  "took" : 12,
  "errors" :  ...
27: 1001 voies traitées
voie : bulk pour les ids de 278332 à 278531
bulk : {
  "took" : 11,
  "errors" :  ...
27: 1201 voies traitées
voie : bulk pour les ids de 278532 à 278731
bulk : {
  "took" : 34,
  "errors" :  ...
27: 1401 voies traitées
voie : bulk pour les ids de 278732 à 278931
bulk : {
  "took" : 21,
  "errors" :  ...
27: 1601 voies traitées
voie : bulk pour les ids de 278932 à 279131
bulk : {
  "took" : 15,
  "errors" :  ...
27: 1801 voies traitées
voie : bulk pour les ids de 279132 à 279331
bulk : {
  "took" : 15,
  "errors" :  ...
27: 2001 voies traitées
voie : bulk pour les ids de 279332 à 279531
bulk : {
  "took" : 12,
  "errors" :  ...
27: 2201 voies traitées
voie : bulk pour les ids de 279532 à 279731
bulk : {
  "took" : 12,
  "errors" :  ...
27: 2401 voies traitées
voie : bulk pour les ids de 279732 à 279931
bulk : {
  "took" : 11,
  "errors" :  ...
27: 2601 voies traitées
voie : bulk pour les ids de 279932 à 280131
bulk : {
  "took" : 12,
  "errors" :  ...
27: 2801 voies traitées
voie : bulk pour les ids de 280132 à 280331
bulk : {
  "took" : 12,
  "errors" :  ...
27: 3001 voies traitées
voie : bulk pour les ids de 280332 à 280531
bulk : {
  "took" : 32,
  "errors" :  ...
27: 3201 voies traitées
voie : bulk pour les ids de 280532 à 280731
bulk : {
  "took" : 12,
  "errors" :  ...
27: 3401 voies traitées
voie : bulk pour les ids de 280732 à 280931
bulk : {
  "took" : 13,
  "errors" :  ...
27: 3601 voies traitées
voie : bulk pour les ids de 280932 à 281131
bulk : {
  "took" : 12,
  "errors" :  ...
27: 3801 voies traitées
voie : bulk pour les ids de 281132 à 281331
bulk : {
  "took" : 12,
  "errors" :  ...
27: 4001 voies traitées
voie : bulk pour les ids de 281332 à 281531
bulk : {
  "took" : 13,
  "errors" :  ...
27: 4201 voies traitées
voie : bulk pour les ids de 281532 à 281731
bulk : {
  "took" : 12,
  "errors" :  ...
27: 4401 voies traitées
voie : bulk pour les ids de 281732 à 281931
bulk : {
  "took" : 14,
  "errors" :  ...
27: 4601 voies traitées
voie : bulk pour les ids de 281932 à 282131
bulk : {
  "took" : 12,
  "errors" :  ...
27: 4801 voies traitées
voie : bulk pour les ids de 282132 à 282331
bulk : {
  "took" : 12,
  "errors" :  ...
27: 5001 voies traitées
voie : bulk pour les ids de 282332 à 282531
bulk : {
  "took" : 21,
  "errors" :  ...
27: 5201 voies traitées
voie : bulk pour les ids de 282532 à 282731
bulk : {
  "took" : 16,
  "errors" :  ...
27: 5401 voies traitées
voie : bulk pour les ids de 282732 à 282931
bulk : {
  "took" : 36,
  "errors" :  ...
27: 5601 voies traitées
voie : bulk pour les ids de 282932 à 283131
bulk : {
  "took" : 11,
  "errors" :  ...
27: 5801 voies traitées
voie : bulk pour les ids de 283132 à 283331
bulk : {
  "took" : 12,
  "errors" :  ...
27: 6001 voies traitées
voie : bulk pour les ids de 283332 à 283531
bulk : {
  "took" : 11,
  "errors" :  ...
27: 6201 voies traitées
voie : bulk pour les ids de 283532 à 283731
bulk : {
  "took" : 12,
  "errors" :  ...
27: 6401 voies traitées
voie : bulk pour les ids de 283732 à 283931
bulk : {
  "took" : 13,
  "errors" :  ...
27: 6601 voies traitées
voie : bulk pour les ids de 283932 à 284131
bulk : {
  "took" : 12,
  "errors" :  ...
27: 6801 voies traitées
voie : bulk pour les ids de 284132 à 284331
bulk : {
  "took" : 12,
  "errors" :  ...
27: 7001 voies traitées
voie : bulk pour les ids de 284332 à 284531
bulk : {
  "took" : 12,
  "errors" :  ...
27: 7201 voies traitées
voie : bulk pour les ids de 284532 à 284731
bulk : {
  "took" : 11,
  "errors" :  ...
27: 7401 voies traitées
voie : bulk pour les ids de 284732 à 284931
bulk : {
  "took" : 35,
  "errors" :  ...
27: 7601 voies traitées
voie : bulk pour les ids de 284932 à 285131
bulk : {
  "took" : 12,
  "errors" :  ...
27: 7801 voies traitées
voie : bulk pour les ids de 285132 à 285331
bulk : {
  "took" : 12,
  "errors" :  ...
27: 8001 voies traitées
voie : bulk pour les ids de 285332 à 285531
bulk : {
  "took" : 12,
  "errors" :  ...
27: 8201 voies traitées
voie : bulk pour les ids de 285532 à 285731
bulk : {
  "took" : 12,
  "errors" :  ...
27: 8401 voies traitées
voie : bulk pour les ids de 285732 à 285931
bulk : {
  "took" : 12,
  "errors" :  ...
27: 8601 voies traitées
voie : bulk pour les ids de 285932 à 286131
bulk : {
  "took" : 12,
  "errors" :  ...
27: 8801 voies traitées
voie : bulk pour les ids de 286132 à 286331
bulk : {
  "took" : 22,
  "errors" :  ...
27: 9001 voies traitées
voie : bulk pour les ids de 286332 à 286531
bulk : {
  "took" : 16,
  "errors" :  ...
27: 9201 voies traitées
voie : bulk pour les ids de 286532 à 286731
bulk : {
  "took" : 17,
  "errors" :  ...
27: 9401 voies traitées
voie : bulk pour les ids de 286732 à 286931
bulk : {
  "took" : 41,
  "errors" :  ...
27: 9601 voies traitées
voie : bulk pour les ids de 286932 à 287131
bulk : {
  "took" : 11,
  "errors" :  ...
27: 9801 voies traitées
voie : bulk pour les ids de 287132 à 287331
bulk : {
  "took" : 11,
  "errors" :  ...
27: 10001 voies traitées
voie : bulk pour les ids de 287332 à 287531
bulk : {
  "took" : 12,
  "errors" :  ...
27: 10201 voies traitées
voie : bulk pour les ids de 287532 à 287731
bulk : {
  "took" : 11,
  "errors" :  ...
27: 10401 voies traitées
voie : bulk pour les ids de 287732 à 287931
bulk : {
  "took" : 11,
  "errors" :  ...
27: 10601 voies traitées
voie : bulk pour les ids de 287932 à 288131
bulk : {
  "took" : 12,
  "errors" :  ...
27: 10801 voies traitées
voie : bulk pour les ids de 288132 à 288331
bulk : {
  "took" : 12,
  "errors" :  ...
27: 11001 voies traitées
voie : bulk pour les ids de 288332 à 288531
bulk : {
  "took" : 12,
  "errors" :  ...
27: 11201 voies traitées
voie : bulk pour les ids de 288532 à 288731
bulk : {
  "took" : 11,
  "errors" :  ...
27: 11401 voies traitées
voie : bulk pour les ids de 288732 à 288931
bulk : {
  "took" : 28,
  "errors" :  ...
27: 11601 voies traitées
voie : bulk pour les ids de 288932 à 289131
bulk : {
  "took" : 12,
  "errors" :  ...
27: 11801 voies traitées
voie : bulk pour les ids de 289132 à 289331
bulk : {
  "took" : 11,
  "errors" :  ...
27: 12001 voies traitées
voie : bulk pour les ids de 289332 à 289531
bulk : {
  "took" : 12,
  "errors" :  ...
27: 12201 voies traitées
voie : bulk pour les ids de 289532 à 289731
bulk : {
  "took" : 12,
  "errors" :  ...
27: 12401 voies traitées
voie : bulk pour les ids de 289732 à 289931
bulk : {
  "took" : 21,
  "errors" :  ...
27: 12601 voies traitées
voie : bulk pour les ids de 289932 à 290131
bulk : {
  "took" : 17,
  "errors" :  ...
27: 12801 voies traitées
voie : bulk pour les ids de 290132 à 290331
bulk : {
  "took" : 16,
  "errors" :  ...
27: 13001 voies traitées
voie : bulk pour les ids de 290332 à 290531
bulk : {
  "took" : 12,
  "errors" :  ...
27: 13201 voies traitées
voie : bulk pour les ids de 290532 à 290731
bulk : {
  "took" : 12,
  "errors" :  ...
27: 13401 voies traitées
voie : bulk pour les ids de 290732 à 290931
bulk : {
  "took" : 32,
  "errors" :  ...
27: 13601 voies traitées
voie : bulk pour les ids de 290932 à 291131
bulk : {
  "took" : 13,
  "errors" :  ...
27: 13801 voies traitées
voie : bulk pour les ids de 291132 à 291331
bulk : {
  "took" : 12,
  "errors" :  ...
27: 14001 voies traitées
voie : bulk pour les ids de 291332 à 291531
bulk : {
  "took" : 12,
  "errors" :  ...
27: 14201 voies traitées
voie : bulk pour les ids de 291532 à 291731
bulk : {
  "took" : 12,
  "errors" :  ...
27: 14401 voies traitées
voie : bulk pour les ids de 291732 à 291931
bulk : {
  "took" : 13,
  "errors" :  ...
27: 14601 voies traitées
voie : bulk pour les ids de 291932 à 292131
bulk : {
  "took" : 12,
  "errors" :  ...
27: 14801 voies traitées
voie : bulk pour les ids de 292132 à 292331
bulk : {
  "took" : 13,
  "errors" :  ...
27: 15001 voies traitées
voie : bulk pour les ids de 292332 à 292531
bulk : {
  "took" : 12,
  "errors" :  ...
27: 15201 voies traitées
voie : bulk pour les ids de 292532 à 292731
bulk : {
  "took" : 12,
  "errors" :  ...
27: 15401 voies traitées
voie : bulk pour les ids de 292732 à 292931
bulk : {
  "took" : 32,
  "errors" :  ...
27: 15601 voies traitées
voie : bulk pour les ids de 292932 à 293131
bulk : {
  "took" : 12,
  "errors" :  ...
27: 15801 voies traitées
voie : bulk pour les ids de 293132 à 293331
bulk : {
  "took" : 11,
  "errors" :  ...
27: 16001 voies traitées
voie : bulk pour les ids de 293332 à 293531
bulk : {
  "took" : 22,
  "errors" :  ...
27: 16201 voies traitées
voie : bulk pour les ids de 293532 à 293731
bulk : {
  "took" : 16,
  "errors" :  ...
27: 16401 voies traitées
voie : bulk pour les ids de 293732 à 293931
bulk : {
  "took" : 12,
  "errors" :  ...
27: 16601 voies traitées
voie : bulk pour les ids de 293932 à 294131
bulk : {
  "took" : 13,
  "errors" :  ...
27: 16801 voies traitées
voie : bulk pour les ids de 294132 à 294331
bulk : {
  "took" : 11,
  "errors" :  ...
27: 17001 voies traitées
voie : bulk pour les ids de 294332 à 294531
bulk : {
  "took" : 12,
  "errors" :  ...
27: 17201 voies traitées
voie : bulk pour les ids de 294532 à 294731
bulk : {
  "took" : 28,
  "errors" :  ...
27: 17401 voies traitées
voie : bulk pour les ids de 294732 à 294931
bulk : {
  "took" : 12,
  "errors" :  ...
27: 17601 voies traitées
voie : bulk pour les ids de 294932 à 294977
bulk : {
  "took" : 3,
  "errors" : f ...
dpt 27 : adresses
27: 1 adresses traitées
27: 1001 adresses traitées
adresse : bulk pour les ids de 3398786 à 3399785
bulk : {
  "took" : 71,
  "errors" :  ...
27: 2001 adresses traitées
adresse : bulk pour les ids de 3399786 à 3400785
bulk : {
  "took" : 100,
  "errors" : ...
27: 3001 adresses traitées
adresse : bulk pour les ids de 3400786 à 3401785
bulk : {
  "took" : 101,
  "errors" : ...
27: 4001 adresses traitées
adresse : bulk pour les ids de 3401786 à 3402785
bulk : {
  "took" : 85,
  "errors" :  ...
27: 5001 adresses traitées
adresse : bulk pour les ids de 3402786 à 3403785
bulk : {
  "took" : 85,
  "errors" :  ...
27: 6001 adresses traitées
adresse : bulk pour les ids de 3403786 à 3404785
bulk : {
  "took" : 84,
  "errors" :  ...
27: 7001 adresses traitées
adresse : bulk pour les ids de 3404786 à 3405785
bulk : {
  "took" : 108,
  "errors" : ...
27: 8001 adresses traitées
adresse : bulk pour les ids de 3405786 à 3406785
bulk : {
  "took" : 68,
  "errors" :  ...
27: 9001 adresses traitées
adresse : bulk pour les ids de 3406786 à 3407785
bulk : {
  "took" : 102,
  "errors" : ...
27: 10001 adresses traitées
adresse : bulk pour les ids de 3407786 à 3408785
bulk : {
  "took" : 66,
  "errors" :  ...
27: 11001 adresses traitées
adresse : bulk pour les ids de 3408786 à 3409785
bulk : {
  "took" : 108,
  "errors" : ...
27: 12001 adresses traitées
adresse : bulk pour les ids de 3409786 à 3410785
bulk : {
  "took" : 75,
  "errors" :  ...
27: 13001 adresses traitées
adresse : bulk pour les ids de 3410786 à 3411785
bulk : {
  "took" : 75,
  "errors" :  ...
27: 14001 adresses traitées
adresse : bulk pour les ids de 3411786 à 3412785
bulk : {
  "took" : 79,
  "errors" :  ...
27: 15001 adresses traitées
adresse : bulk pour les ids de 3412786 à 3413785
bulk : {
  "took" : 88,
  "errors" :  ...
27: 16001 adresses traitées
adresse : bulk pour les ids de 3413786 à 3414785
bulk : {
  "took" : 76,
  "errors" :  ...
27: 17001 adresses traitées
adresse : bulk pour les ids de 3414786 à 3415785
bulk : {
  "took" : 85,
  "errors" :  ...
27: 18001 adresses traitées
27: 19001 adresses traitées
adresse : bulk pour les ids de 3415786 à 3416785
bulk : {
  "took" : 83,
  "errors" :  ...
27: 20001 adresses traitées
adresse : bulk pour les ids de 3416786 à 3417785
bulk : {
  "took" : 68,
  "errors" :  ...
27: 21001 adresses traitées
adresse : bulk pour les ids de 3417786 à 3418785
bulk : {
  "took" : 90,
  "errors" :  ...
27: 22001 adresses traitées
adresse : bulk pour les ids de 3418786 à 3419785
bulk : {
  "took" : 92,
  "errors" :  ...
27: 23001 adresses traitées
adresse : bulk pour les ids de 3419786 à 3420785
bulk : {
  "took" : 86,
  "errors" :  ...
27: 24001 adresses traitées
adresse : bulk pour les ids de 3420786 à 3421785
bulk : {
  "took" : 68,
  "errors" :  ...
27: 25001 adresses traitées
adresse : bulk pour les ids de 3421786 à 3422785
bulk : {
  "took" : 109,
  "errors" : ...
27: 26001 adresses traitées
adresse : bulk pour les ids de 3422786 à 3423785
bulk : {
  "took" : 66,
  "errors" :  ...
27: 27001 adresses traitées
adresse : bulk pour les ids de 3423786 à 3424785
bulk : {
  "took" : 103,
  "errors" : ...
27: 28001 adresses traitées
adresse : bulk pour les ids de 3424786 à 3425785
bulk : {
  "took" : 76,
  "errors" :  ...
27: 29001 adresses traitées
adresse : bulk pour les ids de 3425786 à 3426785
bulk : {
  "took" : 88,
  "errors" :  ...
27: 30001 adresses traitées
adresse : bulk pour les ids de 3426786 à 3427785
bulk : {
  "took" : 97,
  "errors" :  ...
27: 31001 adresses traitées
adresse : bulk pour les ids de 3427786 à 3428785
bulk : {
  "took" : 89,
  "errors" :  ...
27: 32001 adresses traitées
adresse : bulk pour les ids de 3428786 à 3429785
bulk : {
  "took" : 82,
  "errors" :  ...
27: 33001 adresses traitées
adresse : bulk pour les ids de 3429786 à 3430785
bulk : {
  "took" : 85,
  "errors" :  ...
27: 34001 adresses traitées
adresse : bulk pour les ids de 3430786 à 3431785
bulk : {
  "took" : 85,
  "errors" :  ...
27: 35001 adresses traitées
adresse : bulk pour les ids de 3431786 à 3432785
bulk : {
  "took" : 68,
  "errors" :  ...
27: 36001 adresses traitées
adresse : bulk pour les ids de 3432786 à 3433785
bulk : {
  "took" : 102,
  "errors" : ...
27: 37001 adresses traitées
adresse : bulk pour les ids de 3433786 à 3434785
bulk : {
  "took" : 88,
  "errors" :  ...
27: 38001 adresses traitées
adresse : bulk pour les ids de 3434786 à 3435785
bulk : {
  "took" : 84,
  "errors" :  ...
27: 39001 adresses traitées
adresse : bulk pour les ids de 3435786 à 3436785
bulk : {
  "took" : 83,
  "errors" :  ...
27: 40001 adresses traitées
adresse : bulk pour les ids de 3436786 à 3437785
bulk : {
  "took" : 100,
  "errors" : ...
27: 41001 adresses traitées
adresse : bulk pour les ids de 3437786 à 3438785
bulk : {
  "took" : 67,
  "errors" :  ...
27: 42001 adresses traitées
adresse : bulk pour les ids de 3438786 à 3439785
bulk : {
  "took" : 99,
  "errors" :  ...
27: 43001 adresses traitées
adresse : bulk pour les ids de 3439786 à 3440785
bulk : {
  "took" : 66,
  "errors" :  ...
27: 44001 adresses traitées
adresse : bulk pour les ids de 3440786 à 3441785
bulk : {
  "took" : 107,
  "errors" : ...
27: 45001 adresses traitées
adresse : bulk pour les ids de 3441786 à 3442785
bulk : {
  "took" : 99,
  "errors" :  ...
27: 46001 adresses traitées
adresse : bulk pour les ids de 3442786 à 3443785
bulk : {
  "took" : 68,
  "errors" :  ...
27: 47001 adresses traitées
adresse : bulk pour les ids de 3443786 à 3444785
bulk : {
  "took" : 83,
  "errors" :  ...
27: 48001 adresses traitées
adresse : bulk pour les ids de 3444786 à 3445785
bulk : {
  "took" : 66,
  "errors" :  ...
27: 49001 adresses traitées
adresse : bulk pour les ids de 3445786 à 3446785
bulk : {
  "took" : 102,
  "errors" : ...
27: 50001 adresses traitées
adresse : bulk pour les ids de 3446786 à 3447785
bulk : {
  "took" : 84,
  "errors" :  ...
27: 51001 adresses traitées
27: 52001 adresses traitées
adresse : bulk pour les ids de 3447786 à 3448785
bulk : {
  "took" : 81,
  "errors" :  ...
27: 53001 adresses traitées
adresse : bulk pour les ids de 3448786 à 3449785
bulk : {
  "took" : 82,
  "errors" :  ...
27: 54001 adresses traitées
adresse : bulk pour les ids de 3449786 à 3450785
bulk : {
  "took" : 80,
  "errors" :  ...
27: 55001 adresses traitées
adresse : bulk pour les ids de 3450786 à 3451785
bulk : {
  "took" : 92,
  "errors" :  ...
27: 56001 adresses traitées
adresse : bulk pour les ids de 3451786 à 3452785
bulk : {
  "took" : 82,
  "errors" :  ...
27: 57001 adresses traitées
adresse : bulk pour les ids de 3452786 à 3453785
bulk : {
  "took" : 93,
  "errors" :  ...
27: 58001 adresses traitées
adresse : bulk pour les ids de 3453786 à 3454785
bulk : {
  "took" : 81,
  "errors" :  ...
27: 59001 adresses traitées
adresse : bulk pour les ids de 3454786 à 3455785
bulk : {
  "took" : 65,
  "errors" :  ...
27: 60001 adresses traitées
adresse : bulk pour les ids de 3455786 à 3456785
bulk : {
  "took" : 102,
  "errors" : ...
27: 61001 adresses traitées
adresse : bulk pour les ids de 3456786 à 3457785
bulk : {
  "took" : 65,
  "errors" :  ...
27: 62001 adresses traitées
adresse : bulk pour les ids de 3457786 à 3458785
bulk : {
  "took" : 102,
  "errors" : ...
27: 63001 adresses traitées
adresse : bulk pour les ids de 3458786 à 3459785
bulk : {
  "took" : 68,
  "errors" :  ...
27: 64001 adresses traitées
adresse : bulk pour les ids de 3459786 à 3460785
bulk : {
  "took" : 100,
  "errors" : ...
27: 65001 adresses traitées
adresse : bulk pour les ids de 3460786 à 3461785
bulk : {
  "took" : 94,
  "errors" :  ...
27: 66001 adresses traitées
adresse : bulk pour les ids de 3461786 à 3462785
bulk : {
  "took" : 68,
  "errors" :  ...
27: 67001 adresses traitées
adresse : bulk pour les ids de 3462786 à 3463785
bulk : {
  "took" : 104,
  "errors" : ...
27: 68001 adresses traitées
adresse : bulk pour les ids de 3463786 à 3464785
bulk : {
  "took" : 66,
  "errors" :  ...
27: 69001 adresses traitées
adresse : bulk pour les ids de 3464786 à 3465785
bulk : {
  "took" : 73,
  "errors" :  ...
27: 70001 adresses traitées
adresse : bulk pour les ids de 3465786 à 3466785
bulk : {
  "took" : 82,
  "errors" :  ...
27: 71001 adresses traitées
adresse : bulk pour les ids de 3466786 à 3467785
bulk : {
  "took" : 82,
  "errors" :  ...
27: 72001 adresses traitées
adresse : bulk pour les ids de 3467786 à 3468785
bulk : {
  "took" : 66,
  "errors" :  ...
27: 73001 adresses traitées
adresse : bulk pour les ids de 3468786 à 3469785
bulk : {
  "took" : 113,
  "errors" : ...
27: 74001 adresses traitées
adresse : bulk pour les ids de 3469786 à 3470785
bulk : {
  "took" : 83,
  "errors" :  ...
27: 75001 adresses traitées
adresse : bulk pour les ids de 3470786 à 3471785
bulk : {
  "took" : 109,
  "errors" : ...
27: 76001 adresses traitées
adresse : bulk pour les ids de 3471786 à 3472785
bulk : {
  "took" : 89,
  "errors" :  ...
27: 77001 adresses traitées
adresse : bulk pour les ids de 3472786 à 3473785
bulk : {
  "took" : 120,
  "errors" : ...
27: 78001 adresses traitées
27: 79001 adresses traitées
adresse : bulk pour les ids de 3473786 à 3474785
bulk : {
  "took" : 82,
  "errors" :  ...
27: 80001 adresses traitées
adresse : bulk pour les ids de 3474786 à 3475785
bulk : {
  "took" : 101,
  "errors" : ...
27: 81001 adresses traitées
adresse : bulk pour les ids de 3475786 à 3476785
bulk : {
  "took" : 70,
  "errors" :  ...
27: 82001 adresses traitées
adresse : bulk pour les ids de 3476786 à 3477785
bulk : {
  "took" : 86,
  "errors" :  ...
27: 83001 adresses traitées
adresse : bulk pour les ids de 3477786 à 3478785
bulk : {
  "took" : 83,
  "errors" :  ...
27: 84001 adresses traitées
adresse : bulk pour les ids de 3478786 à 3479785
bulk : {
  "took" : 68,
  "errors" :  ...
27: 85001 adresses traitées
adresse : bulk pour les ids de 3479786 à 3480785
bulk : {
  "took" : 85,
  "errors" :  ...
27: 86001 adresses traitées
adresse : bulk pour les ids de 3480786 à 3481785
bulk : {
  "took" : 69,
  "errors" :  ...
27: 87001 adresses traitées
adresse : bulk pour les ids de 3481786 à 3482785
bulk : {
  "took" : 85,
  "errors" :  ...
27: 88001 adresses traitées
adresse : bulk pour les ids de 3482786 à 3483785
bulk : {
  "took" : 68,
  "errors" :  ...
27: 89001 adresses traitées
adresse : bulk pour les ids de 3483786 à 3484785
bulk : {
  "took" : 97,
  "errors" :  ...
27: 90001 adresses traitées
adresse : bulk pour les ids de 3484786 à 3485785
bulk : {
  "took" : 67,
  "errors" :  ...
27: 91001 adresses traitées
adresse : bulk pour les ids de 3485786 à 3486785
bulk : {
  "took" : 93,
  "errors" :  ...
27: 92001 adresses traitées
adresse : bulk pour les ids de 3486786 à 3487785
bulk : {
  "took" : 67,
  "errors" :  ...
27: 93001 adresses traitées
adresse : bulk pour les ids de 3487786 à 3488785
bulk : {
  "took" : 97,
  "errors" :  ...
27: 94001 adresses traitées
adresse : bulk pour les ids de 3488786 à 3489785
bulk : {
  "took" : 68,
  "errors" :  ...
27: 95001 adresses traitées
adresse : bulk pour les ids de 3489786 à 3490785
bulk : {
  "took" : 95,
  "errors" :  ...
27: 96001 adresses traitées
adresse : bulk pour les ids de 3490786 à 3491785
bulk : {
  "took" : 66,
  "errors" :  ...
27: 97001 adresses traitées
adresse : bulk pour les ids de 3491786 à 3492785
bulk : {
  "took" : 70,
  "errors" :  ...
27: 98001 adresses traitées
adresse : bulk pour les ids de 3492786 à 3493785
bulk : {
  "took" : 84,
  "errors" :  ...
27: 99001 adresses traitées
adresse : bulk pour les ids de 3493786 à 3494785
bulk : {
  "took" : 68,
  "errors" :  ...
27: 100001 adresses traitées
adresse : bulk pour les ids de 3494786 à 3495785
bulk : {
  "took" : 88,
  "errors" :  ...
27: 101001 adresses traitées
adresse : bulk pour les ids de 3495786 à 3496785
bulk : {
  "took" : 67,
  "errors" :  ...
27: 102001 adresses traitées
adresse : bulk pour les ids de 3496786 à 3497785
bulk : {
  "took" : 88,
  "errors" :  ...
27: 103001 adresses traitées
adresse : bulk pour les ids de 3497786 à 3498785
bulk : {
  "took" : 68,
  "errors" :  ...
27: 104001 adresses traitées
adresse : bulk pour les ids de 3498786 à 3499785
bulk : {
  "took" : 87,
  "errors" :  ...
27: 105001 adresses traitées
27: 106001 adresses traitées
adresse : bulk pour les ids de 3499786 à 3500785
bulk : {
  "took" : 68,
  "errors" :  ...
27: 107001 adresses traitées
adresse : bulk pour les ids de 3500786 à 3501785
bulk : {
  "took" : 89,
  "errors" :  ...
27: 108001 adresses traitées
adresse : bulk pour les ids de 3501786 à 3502785
bulk : {
  "took" : 67,
  "errors" :  ...
27: 109001 adresses traitées
adresse : bulk pour les ids de 3502786 à 3503785
bulk : {
  "took" : 94,
  "errors" :  ...
27: 110001 adresses traitées
adresse : bulk pour les ids de 3503786 à 3504785
bulk : {
  "took" : 69,
  "errors" :  ...
27: 111001 adresses traitées
adresse : bulk pour les ids de 3504786 à 3505785
bulk : {
  "took" : 84,
  "errors" :  ...
27: 112001 adresses traitées
adresse : bulk pour les ids de 3505786 à 3506785
bulk : {
  "took" : 68,
  "errors" :  ...
27: 113001 adresses traitées
adresse : bulk pour les ids de 3506786 à 3507785
bulk : {
  "took" : 90,
  "errors" :  ...
27: 114001 adresses traitées
adresse : bulk pour les ids de 3507786 à 3508785
bulk : {
  "took" : 74,
  "errors" :  ...
27: 115001 adresses traitées
adresse : bulk pour les ids de 3508786 à 3509785
bulk : {
  "took" : 91,
  "errors" :  ...
27: 116001 adresses traitées
adresse : bulk pour les ids de 3509786 à 3510785
bulk : {
  "took" : 70,
  "errors" :  ...
27: 117001 adresses traitées
adresse : bulk pour les ids de 3510786 à 3511785
bulk : {
  "took" : 93,
  "errors" :  ...
27: 118001 adresses traitées
adresse : bulk pour les ids de 3511786 à 3512785
bulk : {
  "took" : 67,
  "errors" :  ...
27: 119001 adresses traitées
adresse : bulk pour les ids de 3512786 à 3513785
bulk : {
  "took" : 93,
  "errors" :  ...
27: 120001 adresses traitées
adresse : bulk pour les ids de 3513786 à 3514785
bulk : {
  "took" : 69,
  "errors" :  ...
27: 121001 adresses traitées
adresse : bulk pour les ids de 3514786 à 3515785
bulk : {
  "took" : 87,
  "errors" :  ...
27: 122001 adresses traitées
adresse : bulk pour les ids de 3515786 à 3516785
bulk : {
  "took" : 67,
  "errors" :  ...
27: 123001 adresses traitées
adresse : bulk pour les ids de 3516786 à 3517785
bulk : {
  "took" : 69,
  "errors" :  ...
27: 124001 adresses traitées
adresse : bulk pour les ids de 3517786 à 3518785
bulk : {
  "took" : 83,
  "errors" :  ...
27: 125001 adresses traitées
adresse : bulk pour les ids de 3518786 à 3519785
bulk : {
  "took" : 65,
  "errors" :  ...
27: 126001 adresses traitées
adresse : bulk pour les ids de 3519786 à 3520785
bulk : {
  "took" : 83,
  "errors" :  ...
27: 127001 adresses traitées
adresse : bulk pour les ids de 3520786 à 3521785
bulk : {
  "took" : 68,
  "errors" :  ...
27: 128001 adresses traitées
adresse : bulk pour les ids de 3521786 à 3522785
bulk : {
  "took" : 87,
  "errors" :  ...
27: 129001 adresses traitées
adresse : bulk pour les ids de 3522786 à 3523785
bulk : {
  "took" : 67,
  "errors" :  ...
27: 130001 adresses traitées
adresse : bulk pour les ids de 3523786 à 3524785
bulk : {
  "took" : 88,
  "errors" :  ...
27: 131001 adresses traitées
adresse : bulk pour les ids de 3524786 à 3525785
bulk : {
  "took" : 68,
  "errors" :  ...
27: 132001 adresses traitées
adresse : bulk pour les ids de 3525786 à 3526785
bulk : {
  "took" : 90,
  "errors" :  ...
27: 133001 adresses traitées
adresse : bulk pour les ids de 3526786 à 3527785
bulk : {
  "took" : 66,
  "errors" :  ...
27: 134001 adresses traitées
adresse : bulk pour les ids de 3527786 à 3528785
bulk : {
  "took" : 90,
  "errors" :  ...
27: 135001 adresses traitées
adresse : bulk pour les ids de 3528786 à 3529785
bulk : {
  "took" : 66,
  "errors" :  ...
27: 136001 adresses traitées
adresse : bulk pour les ids de 3529786 à 3530785
bulk : {
  "took" : 84,
  "errors" :  ...
27: 137001 adresses traitées
adresse : bulk pour les ids de 3530786 à 3531785
bulk : {
  "took" : 67,
  "errors" :  ...
27: 138001 adresses traitées
adresse : bulk pour les ids de 3531786 à 3532785
bulk : {
  "took" : 86,
  "errors" :  ...
27: 139001 adresses traitées
adresse : bulk pour les ids de 3532786 à 3533785
bulk : {
  "took" : 67,
  "errors" :  ...
27: 140001 adresses traitées
27: 141001 adresses traitées
adresse : bulk pour les ids de 3533786 à 3534785
bulk : {
  "took" : 90,
  "errors" :  ...
27: 142001 adresses traitées
adresse : bulk pour les ids de 3534786 à 3535785
bulk : {
  "took" : 68,
  "errors" :  ...
27: 143001 adresses traitées
adresse : bulk pour les ids de 3535786 à 3536785
bulk : {
  "took" : 87,
  "errors" :  ...
27: 144001 adresses traitées
adresse : bulk pour les ids de 3536786 à 3537785
bulk : {
  "took" : 66,
  "errors" :  ...
27: 145001 adresses traitées
adresse : bulk pour les ids de 3537786 à 3538785
bulk : {
  "took" : 92,
  "errors" :  ...
27: 146001 adresses traitées
adresse : bulk pour les ids de 3538786 à 3539785
bulk : {
  "took" : 76,
  "errors" :  ...
27: 147001 adresses traitées
adresse : bulk pour les ids de 3539786 à 3540785
bulk : {
  "took" : 88,
  "errors" :  ...
27: 148001 adresses traitées
adresse : bulk pour les ids de 3540786 à 3541785
bulk : {
  "took" : 67,
  "errors" :  ...
27: 149001 adresses traitées
adresse : bulk pour les ids de 3541786 à 3542785
bulk : {
  "took" : 92,
  "errors" :  ...
27: 150001 adresses traitées
adresse : bulk pour les ids de 3542786 à 3543785
bulk : {
  "took" : 73,
  "errors" :  ...
27: 151001 adresses traitées
adresse : bulk pour les ids de 3543786 à 3544785
bulk : {
  "took" : 87,
  "errors" :  ...
27: 152001 adresses traitées
adresse : bulk pour les ids de 3544786 à 3545785
bulk : {
  "took" : 83,
  "errors" :  ...
27: 153001 adresses traitées
adresse : bulk pour les ids de 3545786 à 3546785
bulk : {
  "took" : 67,
  "errors" :  ...
27: 154001 adresses traitées
adresse : bulk pour les ids de 3546786 à 3547785
bulk : {
  "took" : 84,
  "errors" :  ...
27: 155001 adresses traitées
adresse : bulk pour les ids de 3547786 à 3548785
bulk : {
  "took" : 67,
  "errors" :  ...
27: 156001 adresses traitées
adresse : bulk pour les ids de 3548786 à 3549785
bulk : {
  "took" : 93,
  "errors" :  ...
27: 157001 adresses traitées
adresse : bulk pour les ids de 3549786 à 3550785
bulk : {
  "took" : 66,
  "errors" :  ...
27: 158001 adresses traitées
adresse : bulk pour les ids de 3550786 à 3551785
bulk : {
  "took" : 92,
  "errors" :  ...
27: 159001 adresses traitées
adresse : bulk pour les ids de 3551786 à 3552785
bulk : {
  "took" : 70,
  "errors" :  ...
27: 160001 adresses traitées
adresse : bulk pour les ids de 3552786 à 3553785
bulk : {
  "took" : 84,
  "errors" :  ...
27: 161001 adresses traitées
adresse : bulk pour les ids de 3553786 à 3554785
bulk : {
  "took" : 65,
  "errors" :  ...
27: 162001 adresses traitées
adresse : bulk pour les ids de 3554786 à 3555785
bulk : {
  "took" : 89,
  "errors" :  ...
27: 163001 adresses traitées
adresse : bulk pour les ids de 3555786 à 3556785
bulk : {
  "took" : 68,
  "errors" :  ...
27: 164001 adresses traitées
adresse : bulk pour les ids de 3556786 à 3557785
bulk : {
  "took" : 95,
  "errors" :  ...
27: 165001 adresses traitées
adresse : bulk pour les ids de 3557786 à 3558785
bulk : {
  "took" : 69,
  "errors" :  ...
27: 166001 adresses traitées
adresse : bulk pour les ids de 3558786 à 3559785
bulk : {
  "took" : 100,
  "errors" : ...
27: 167001 adresses traitées
adresse : bulk pour les ids de 3559786 à 3560785
bulk : {
  "took" : 67,
  "errors" :  ...
27: 168001 adresses traitées
adresse : bulk pour les ids de 3560786 à 3561785
bulk : {
  "took" : 90,
  "errors" :  ...
27: 169001 adresses traitées
adresse : bulk pour les ids de 3561786 à 3562785
bulk : {
  "took" : 71,
  "errors" :  ...
27: 170001 adresses traitées
adresse : bulk pour les ids de 3562786 à 3563785
bulk : {
  "took" : 86,
  "errors" :  ...
27: 171001 adresses traitées
adresse : bulk pour les ids de 3563786 à 3564785
bulk : {
  "took" : 69,
  "errors" :  ...
27: 172001 adresses traitées
adresse : bulk pour les ids de 3564786 à 3565785
bulk : {
  "took" : 87,
  "errors" :  ...
27: 173001 adresses traitées
adresse : bulk pour les ids de 3565786 à 3566785
bulk : {
  "took" : 69,
  "errors" :  ...
27: 174001 adresses traitées
adresse : bulk pour les ids de 3566786 à 3567785
bulk : {
  "took" : 86,
  "errors" :  ...
27: 175001 adresses traitées
adresse : bulk pour les ids de 3567786 à 3568785
bulk : {
  "took" : 68,
  "errors" :  ...
27: 176001 adresses traitées
27: 177001 adresses traitées
adresse : bulk pour les ids de 3568786 à 3569785
bulk : {
  "took" : 92,
  "errors" :  ...
27: 178001 adresses traitées
adresse : bulk pour les ids de 3569786 à 3570785
bulk : {
  "took" : 68,
  "errors" :  ...
27: 179001 adresses traitées
adresse : bulk pour les ids de 3570786 à 3571785
bulk : {
  "took" : 92,
  "errors" :  ...
27: 180001 adresses traitées
adresse : bulk pour les ids de 3571786 à 3572785
bulk : {
  "took" : 88,
  "errors" :  ...
27: 181001 adresses traitées
adresse : bulk pour les ids de 3572786 à 3573785
bulk : {
  "took" : 69,
  "errors" :  ...
27: 182001 adresses traitées
adresse : bulk pour les ids de 3573786 à 3574785
bulk : {
  "took" : 86,
  "errors" :  ...
27: 183001 adresses traitées
adresse : bulk pour les ids de 3574786 à 3575785
bulk : {
  "took" : 69,
  "errors" :  ...
27: 184001 adresses traitées
adresse : bulk pour les ids de 3575786 à 3576785
bulk : {
  "took" : 85,
  "errors" :  ...
27: 185001 adresses traitées
adresse : bulk pour les ids de 3576786 à 3577785
bulk : {
  "took" : 68,
  "errors" :  ...
27: 186001 adresses traitées
adresse : bulk pour les ids de 3577786 à 3578785
bulk : {
  "took" : 87,
  "errors" :  ...
27: 187001 adresses traitées
adresse : bulk pour les ids de 3578786 à 3579785
bulk : {
  "took" : 69,
  "errors" :  ...
27: 188001 adresses traitées
adresse : bulk pour les ids de 3579786 à 3580785
bulk : {
  "took" : 89,
  "errors" :  ...
27: 189001 adresses traitées
adresse : bulk pour les ids de 3580786 à 3581785
bulk : {
  "took" : 66,
  "errors" :  ...
27: 190001 adresses traitées
adresse : bulk pour les ids de 3581786 à 3582785
bulk : {
  "took" : 92,
  "errors" :  ...
27: 191001 adresses traitées
adresse : bulk pour les ids de 3582786 à 3583785
bulk : {
  "took" : 71,
  "errors" :  ...
27: 192001 adresses traitées
adresse : bulk pour les ids de 3583786 à 3584785
bulk : {
  "took" : 95,
  "errors" :  ...
27: 193001 adresses traitées
adresse : bulk pour les ids de 3584786 à 3585785
bulk : {
  "took" : 72,
  "errors" :  ...
27: 194001 adresses traitées
adresse : bulk pour les ids de 3585786 à 3586785
bulk : {
  "took" : 93,
  "errors" :  ...
27: 195001 adresses traitées
adresse : bulk pour les ids de 3586786 à 3587785
bulk : {
  "took" : 68,
  "errors" :  ...
27: 196001 adresses traitées
adresse : bulk pour les ids de 3587786 à 3588785
bulk : {
  "took" : 90,
  "errors" :  ...
27: 197001 adresses traitées
adresse : bulk pour les ids de 3588786 à 3589785
bulk : {
  "took" : 69,
  "errors" :  ...
27: 198001 adresses traitées
adresse : bulk pour les ids de 3589786 à 3590785
bulk : {
  "took" : 93,
  "errors" :  ...
27: 199001 adresses traitées
adresse : bulk pour les ids de 3590786 à 3591785
bulk : {
  "took" : 68,
  "errors" :  ...
27: 200001 adresses traitées
adresse : bulk pour les ids de 3591786 à 3592785
bulk : {
  "took" : 90,
  "errors" :  ...
27: 201001 adresses traitées
adresse : bulk pour les ids de 3592786 à 3593785
bulk : {
  "took" : 69,
  "errors" :  ...
27: 202001 adresses traitées
adresse : bulk pour les ids de 3593786 à 3594785
bulk : {
  "took" : 88,
  "errors" :  ...
27: 203001 adresses traitées
adresse : bulk pour les ids de 3594786 à 3595785
bulk : {
  "took" : 67,
  "errors" :  ...
27: 204001 adresses traitées
adresse : bulk pour les ids de 3595786 à 3596785
bulk : {
  "took" : 69,
  "errors" :  ...
27: 205001 adresses traitées
adresse : bulk pour les ids de 3596786 à 3597785
bulk : {
  "took" : 84,
  "errors" :  ...
27: 206001 adresses traitées
adresse : bulk pour les ids de 3597786 à 3598785
bulk : {
  "took" : 68,
  "errors" :  ...
27: 207001 adresses traitées
adresse : bulk pour les ids de 3598786 à 3599785
bulk : {
  "took" : 88,
  "errors" :  ...
27: 208001 adresses traitées
adresse : bulk pour les ids de 3599786 à 3600785
bulk : {
  "took" : 70,
  "errors" :  ...
27: 209001 adresses traitées
adresse : bulk pour les ids de 3600786 à 3601785
bulk : {
  "took" : 97,
  "errors" :  ...
27: 210001 adresses traitées
adresse : bulk pour les ids de 3601786 à 3602785
bulk : {
  "took" : 68,
  "errors" :  ...
27: 211001 adresses traitées
adresse : bulk pour les ids de 3602786 à 3603785
bulk : {
  "took" : 92,
  "errors" :  ...
27: 212001 adresses traitées
27: 213001 adresses traitées
adresse : bulk pour les ids de 3603786 à 3604785
bulk : {
  "took" : 69,
  "errors" :  ...
27: 214001 adresses traitées
adresse : bulk pour les ids de 3604786 à 3605785
bulk : {
  "took" : 93,
  "errors" :  ...
27: 215001 adresses traitées
adresse : bulk pour les ids de 3605786 à 3606785
bulk : {
  "took" : 68,
  "errors" :  ...
27: 216001 adresses traitées
adresse : bulk pour les ids de 3606786 à 3607785
bulk : {
  "took" : 94,
  "errors" :  ...
27: 217001 adresses traitées
adresse : bulk pour les ids de 3607786 à 3608785
bulk : {
  "took" : 68,
  "errors" :  ...
27: 218001 adresses traitées
adresse : bulk pour les ids de 3608786 à 3609785
bulk : {
  "took" : 93,
  "errors" :  ...
27: 219001 adresses traitées
adresse : bulk pour les ids de 3609786 à 3610785
bulk : {
  "took" : 70,
  "errors" :  ...
27: 220001 adresses traitées
adresse : bulk pour les ids de 3610786 à 3611785
bulk : {
  "took" : 91,
  "errors" :  ...
27: 221001 adresses traitées
adresse : bulk pour les ids de 3611786 à 3612785
bulk : {
  "took" : 68,
  "errors" :  ...
27: 222001 adresses traitées
adresse : bulk pour les ids de 3612786 à 3613785
bulk : {
  "took" : 88,
  "errors" :  ...
27: 223001 adresses traitées
adresse : bulk pour les ids de 3613786 à 3614785
bulk : {
  "took" : 69,
  "errors" :  ...
27: 224001 adresses traitées
adresse : bulk pour les ids de 3614786 à 3615785
bulk : {
  "took" : 88,
  "errors" :  ...
27: 225001 adresses traitées
adresse : bulk pour les ids de 3615786 à 3616785
bulk : {
  "took" : 70,
  "errors" :  ...
27: 226001 adresses traitées
adresse : bulk pour les ids de 3616786 à 3617785
bulk : {
  "took" : 90,
  "errors" :  ...
27: 227001 adresses traitées
adresse : bulk pour les ids de 3617786 à 3618785
bulk : {
  "took" : 70,
  "errors" :  ...
27: 228001 adresses traitées
adresse : bulk pour les ids de 3618786 à 3619785
bulk : {
  "took" : 97,
  "errors" :  ...
27: 229001 adresses traitées
adresse : bulk pour les ids de 3619786 à 3620785
bulk : {
  "took" : 89,
  "errors" :  ...
27: 230001 adresses traitées
adresse : bulk pour les ids de 3620786 à 3621785
bulk : {
  "took" : 71,
  "errors" :  ...
27: 231001 adresses traitées
adresse : bulk pour les ids de 3621786 à 3622785
bulk : {
  "took" : 89,
  "errors" :  ...
27: 232001 adresses traitées
adresse : bulk pour les ids de 3622786 à 3623785
bulk : {
  "took" : 68,
  "errors" :  ...
27: 233001 adresses traitées
adresse : bulk pour les ids de 3623786 à 3624785
bulk : {
  "took" : 91,
  "errors" :  ...
27: 234001 adresses traitées
adresse : bulk pour les ids de 3624786 à 3625349
bulk : {
  "took" : 40,
  "errors" :  ...
dpt 28 : voies
28: 1 voies traitées
voie : bulk pour les ids de 294978 à 295177
bulk : {
  "took" : 12,
  "errors" :  ...
28: 201 voies traitées
voie : bulk pour les ids de 295178 à 295377
bulk : {
  "took" : 11,
  "errors" :  ...
28: 401 voies traitées
voie : bulk pour les ids de 295378 à 295577
bulk : {
  "took" : 11,
  "errors" :  ...
28: 601 voies traitées
voie : bulk pour les ids de 295578 à 295777
bulk : {
  "took" : 12,
  "errors" :  ...
28: 801 voies traitées
voie : bulk pour les ids de 295778 à 295977
bulk : {
  "took" : 12,
  "errors" :  ...
28: 1001 voies traitées
voie : bulk pour les ids de 295978 à 296177
bulk : {
  "took" : 32,
  "errors" :  ...
28: 1201 voies traitées
voie : bulk pour les ids de 296178 à 296377
bulk : {
  "took" : 11,
  "errors" :  ...
28: 1401 voies traitées
voie : bulk pour les ids de 296378 à 296577
bulk : {
  "took" : 12,
  "errors" :  ...
28: 1601 voies traitées
voie : bulk pour les ids de 296578 à 296777
bulk : {
  "took" : 11,
  "errors" :  ...
28: 1801 voies traitées
voie : bulk pour les ids de 296778 à 296977
bulk : {
  "took" : 12,
  "errors" :  ...
28: 2001 voies traitées
voie : bulk pour les ids de 296978 à 297177
bulk : {
  "took" : 11,
  "errors" :  ...
28: 2201 voies traitées
voie : bulk pour les ids de 297178 à 297377
bulk : {
  "took" : 11,
  "errors" :  ...
28: 2401 voies traitées
voie : bulk pour les ids de 297378 à 297577
bulk : {
  "took" : 14,
  "errors" :  ...
28: 2601 voies traitées
voie : bulk pour les ids de 297578 à 297777
bulk : {
  "took" : 11,
  "errors" :  ...
28: 2801 voies traitées
voie : bulk pour les ids de 297778 à 297977
bulk : {
  "took" : 12,
  "errors" :  ...
28: 3001 voies traitées
voie : bulk pour les ids de 297978 à 298177
bulk : {
  "took" : 12,
  "errors" :  ...
28: 3201 voies traitées
voie : bulk pour les ids de 298178 à 298377
bulk : {
  "took" : 12,
  "errors" :  ...
28: 3401 voies traitées
voie : bulk pour les ids de 298378 à 298577
bulk : {
  "took" : 13,
  "errors" :  ...
28: 3601 voies traitées
voie : bulk pour les ids de 298578 à 298777
bulk : {
  "took" : 37,
  "errors" :  ...
28: 3801 voies traitées
voie : bulk pour les ids de 298778 à 298977
bulk : {
  "took" : 12,
  "errors" :  ...
28: 4001 voies traitées
voie : bulk pour les ids de 298978 à 299177
bulk : {
  "took" : 12,
  "errors" :  ...
28: 4201 voies traitées
voie : bulk pour les ids de 299178 à 299377
bulk : {
  "took" : 12,
  "errors" :  ...
28: 4401 voies traitées
voie : bulk pour les ids de 299378 à 299577
bulk : {
  "took" : 12,
  "errors" :  ...
28: 4601 voies traitées
voie : bulk pour les ids de 299578 à 299777
bulk : {
  "took" : 12,
  "errors" :  ...
28: 4801 voies traitées
voie : bulk pour les ids de 299778 à 299977
bulk : {
  "took" : 13,
  "errors" :  ...
28: 5001 voies traitées
voie : bulk pour les ids de 299978 à 300177
bulk : {
  "took" : 15,
  "errors" :  ...
28: 5201 voies traitées
voie : bulk pour les ids de 300178 à 300377
bulk : {
  "took" : 12,
  "errors" :  ...
28: 5401 voies traitées
voie : bulk pour les ids de 300378 à 300577
bulk : {
  "took" : 32,
  "errors" :  ...
28: 5601 voies traitées
voie : bulk pour les ids de 300578 à 300777
bulk : {
  "took" : 12,
  "errors" :  ...
28: 5801 voies traitées
voie : bulk pour les ids de 300778 à 300977
bulk : {
  "took" : 12,
  "errors" :  ...
28: 6001 voies traitées
voie : bulk pour les ids de 300978 à 301177
bulk : {
  "took" : 13,
  "errors" :  ...
28: 6201 voies traitées
voie : bulk pour les ids de 301178 à 301377
bulk : {
  "took" : 17,
  "errors" :  ...
28: 6401 voies traitées
voie : bulk pour les ids de 301378 à 301577
bulk : {
  "took" : 12,
  "errors" :  ...
28: 6601 voies traitées
voie : bulk pour les ids de 301578 à 301777
bulk : {
  "took" : 12,
  "errors" :  ...
28: 6801 voies traitées
voie : bulk pour les ids de 301778 à 301977
bulk : {
  "took" : 12,
  "errors" :  ...
28: 7001 voies traitées
voie : bulk pour les ids de 301978 à 302177
bulk : {
  "took" : 16,
  "errors" :  ...
28: 7201 voies traitées
voie : bulk pour les ids de 302178 à 302377
bulk : {
  "took" : 12,
  "errors" :  ...
28: 7401 voies traitées
voie : bulk pour les ids de 302378 à 302577
bulk : {
  "took" : 12,
  "errors" :  ...
28: 7601 voies traitées
voie : bulk pour les ids de 302578 à 302777
bulk : {
  "took" : 29,
  "errors" :  ...
28: 7801 voies traitées
voie : bulk pour les ids de 302778 à 302977
bulk : {
  "took" : 13,
  "errors" :  ...
28: 8001 voies traitées
voie : bulk pour les ids de 302978 à 303177
bulk : {
  "took" : 13,
  "errors" :  ...
28: 8201 voies traitées
voie : bulk pour les ids de 303178 à 303377
bulk : {
  "took" : 14,
  "errors" :  ...
28: 8401 voies traitées
voie : bulk pour les ids de 303378 à 303577
bulk : {
  "took" : 13,
  "errors" :  ...
28: 8601 voies traitées
voie : bulk pour les ids de 303578 à 303777
bulk : {
  "took" : 16,
  "errors" :  ...
28: 8801 voies traitées
voie : bulk pour les ids de 303778 à 303977
bulk : {
  "took" : 12,
  "errors" :  ...
28: 9001 voies traitées
voie : bulk pour les ids de 303978 à 304177
bulk : {
  "took" : 12,
  "errors" :  ...
28: 9201 voies traitées
voie : bulk pour les ids de 304178 à 304377
bulk : {
  "took" : 13,
  "errors" :  ...
28: 9401 voies traitées
voie : bulk pour les ids de 304378 à 304577
bulk : {
  "took" : 12,
  "errors" :  ...
28: 9601 voies traitées
voie : bulk pour les ids de 304578 à 304777
bulk : {
  "took" : 12,
  "errors" :  ...
28: 9801 voies traitées
voie : bulk pour les ids de 304778 à 304977
bulk : {
  "took" : 16,
  "errors" :  ...
28: 10001 voies traitées
voie : bulk pour les ids de 304978 à 305177
bulk : {
  "took" : 12,
  "errors" :  ...
28: 10201 voies traitées
voie : bulk pour les ids de 305178 à 305377
bulk : {
  "took" : 12,
  "errors" :  ...
28: 10401 voies traitées
voie : bulk pour les ids de 305378 à 305577
bulk : {
  "took" : 31,
  "errors" :  ...
28: 10601 voies traitées
voie : bulk pour les ids de 305578 à 305777
bulk : {
  "took" : 18,
  "errors" :  ...
28: 10801 voies traitées
voie : bulk pour les ids de 305778 à 305977
bulk : {
  "took" : 14,
  "errors" :  ...
28: 11001 voies traitées
voie : bulk pour les ids de 305978 à 306177
bulk : {
  "took" : 13,
  "errors" :  ...
28: 11201 voies traitées
voie : bulk pour les ids de 306178 à 306377
bulk : {
  "took" : 12,
  "errors" :  ...
28: 11401 voies traitées
voie : bulk pour les ids de 306378 à 306577
bulk : {
  "took" : 12,
  "errors" :  ...
28: 11601 voies traitées
voie : bulk pour les ids de 306578 à 306777
bulk : {
  "took" : 23,
  "errors" :  ...
28: 11801 voies traitées
voie : bulk pour les ids de 306778 à 306931
bulk : {
  "took" : 9,
  "errors" : f ...
dpt 28 : adresses
28: 1 adresses traitées
28: 1001 adresses traitées
adresse : bulk pour les ids de 3625350 à 3626349
bulk : {
  "took" : 93,
  "errors" :  ...
28: 2001 adresses traitées
adresse : bulk pour les ids de 3626350 à 3627349
bulk : {
  "took" : 98,
  "errors" :  ...
28: 3001 adresses traitées
adresse : bulk pour les ids de 3627350 à 3628349
bulk : {
  "took" : 121,
  "errors" : ...
28: 4001 adresses traitées
adresse : bulk pour les ids de 3628350 à 3629349
bulk : {
  "took" : 70,
  "errors" :  ...
28: 5001 adresses traitées
adresse : bulk pour les ids de 3629350 à 3630349
bulk : {
  "took" : 85,
  "errors" :  ...
28: 6001 adresses traitées
adresse : bulk pour les ids de 3630350 à 3631349
bulk : {
  "took" : 84,
  "errors" :  ...
28: 7001 adresses traitées
adresse : bulk pour les ids de 3631350 à 3632349
bulk : {
  "took" : 65,
  "errors" :  ...
28: 8001 adresses traitées
adresse : bulk pour les ids de 3632350 à 3633349
bulk : {
  "took" : 101,
  "errors" : ...
28: 9001 adresses traitées
adresse : bulk pour les ids de 3633350 à 3634349
bulk : {
  "took" : 82,
  "errors" :  ...
28: 10001 adresses traitées
adresse : bulk pour les ids de 3634350 à 3635349
bulk : {
  "took" : 84,
  "errors" :  ...
28: 11001 adresses traitées
adresse : bulk pour les ids de 3635350 à 3636349
bulk : {
  "took" : 85,
  "errors" :  ...
28: 12001 adresses traitées
adresse : bulk pour les ids de 3636350 à 3637349
bulk : {
  "took" : 85,
  "errors" :  ...
28: 13001 adresses traitées
adresse : bulk pour les ids de 3637350 à 3638349
bulk : {
  "took" : 84,
  "errors" :  ...
28: 14001 adresses traitées
adresse : bulk pour les ids de 3638350 à 3639349
bulk : {
  "took" : 84,
  "errors" :  ...
28: 15001 adresses traitées
adresse : bulk pour les ids de 3639350 à 3640349
bulk : {
  "took" : 85,
  "errors" :  ...
28: 16001 adresses traitées
adresse : bulk pour les ids de 3640350 à 3641349
bulk : {
  "took" : 99,
  "errors" :  ...
28: 17001 adresses traitées
adresse : bulk pour les ids de 3641350 à 3642349
bulk : {
  "took" : 110,
  "errors" : ...
28: 18001 adresses traitées
adresse : bulk pour les ids de 3642350 à 3643349
bulk : {
  "took" : 121,
  "errors" : ...
28: 19001 adresses traitées
adresse : bulk pour les ids de 3643350 à 3644349
bulk : {
  "took" : 92,
  "errors" :  ...
28: 20001 adresses traitées
adresse : bulk pour les ids de 3644350 à 3645349
bulk : {
  "took" : 105,
  "errors" : ...
28: 21001 adresses traitées
adresse : bulk pour les ids de 3645350 à 3646349
bulk : {
  "took" : 86,
  "errors" :  ...
28: 22001 adresses traitées
adresse : bulk pour les ids de 3646350 à 3647349
bulk : {
  "took" : 87,
  "errors" :  ...
28: 23001 adresses traitées
adresse : bulk pour les ids de 3647350 à 3648349
bulk : {
  "took" : 90,
  "errors" :  ...
28: 24001 adresses traitées
adresse : bulk pour les ids de 3648350 à 3649349
bulk : {
  "took" : 85,
  "errors" :  ...
28: 25001 adresses traitées
adresse : bulk pour les ids de 3649350 à 3650349
bulk : {
  "took" : 97,
  "errors" :  ...
28: 26001 adresses traitées
adresse : bulk pour les ids de 3650350 à 3651349
bulk : {
  "took" : 100,
  "errors" : ...
28: 27001 adresses traitées
adresse : bulk pour les ids de 3651350 à 3652349
bulk : {
  "took" : 124,
  "errors" : ...
28: 28001 adresses traitées
adresse : bulk pour les ids de 3652350 à 3653349
bulk : {
  "took" : 86,
  "errors" :  ...
28: 29001 adresses traitées
adresse : bulk pour les ids de 3653350 à 3654349
bulk : {
  "took" : 93,
  "errors" :  ...
28: 30001 adresses traitées
adresse : bulk pour les ids de 3654350 à 3655349
bulk : {
  "took" : 131,
  "errors" : ...
28: 31001 adresses traitées
adresse : bulk pour les ids de 3655350 à 3656349
bulk : {
  "took" : 69,
  "errors" :  ...
28: 32001 adresses traitées
adresse : bulk pour les ids de 3656350 à 3657349
bulk : {
  "took" : 105,
  "errors" : ...
28: 33001 adresses traitées
adresse : bulk pour les ids de 3657350 à 3658349
bulk : {
  "took" : 113,
  "errors" : ...
28: 34001 adresses traitées
adresse : bulk pour les ids de 3658350 à 3659349
bulk : {
  "took" : 116,
  "errors" : ...
28: 35001 adresses traitées
adresse : bulk pour les ids de 3659350 à 3660349
bulk : {
  "took" : 70,
  "errors" :  ...
28: 36001 adresses traitées
adresse : bulk pour les ids de 3660350 à 3661349
bulk : {
  "took" : 107,
  "errors" : ...
28: 37001 adresses traitées
adresse : bulk pour les ids de 3661350 à 3662349
bulk : {
  "took" : 66,
  "errors" :  ...
28: 38001 adresses traitées
adresse : bulk pour les ids de 3662350 à 3663349
bulk : {
  "took" : 103,
  "errors" : ...
28: 39001 adresses traitées
adresse : bulk pour les ids de 3663350 à 3664349
bulk : {
  "took" : 95,
  "errors" :  ...
28: 40001 adresses traitées
adresse : bulk pour les ids de 3664350 à 3665349
bulk : {
  "took" : 79,
  "errors" :  ...
28: 41001 adresses traitées
adresse : bulk pour les ids de 3665350 à 3666349
bulk : {
  "took" : 93,
  "errors" :  ...
28: 42001 adresses traitées
adresse : bulk pour les ids de 3666350 à 3667349
bulk : {
  "took" : 69,
  "errors" :  ...
28: 43001 adresses traitées
adresse : bulk pour les ids de 3667350 à 3668349
bulk : {
  "took" : 78,
  "errors" :  ...
28: 44001 adresses traitées
adresse : bulk pour les ids de 3668350 à 3669349
bulk : {
  "took" : 88,
  "errors" :  ...
28: 45001 adresses traitées
adresse : bulk pour les ids de 3669350 à 3670349
bulk : {
  "took" : 76,
  "errors" :  ...
28: 46001 adresses traitées
adresse : bulk pour les ids de 3670350 à 3671349
bulk : {
  "took" : 91,
  "errors" :  ...
28: 47001 adresses traitées
adresse : bulk pour les ids de 3671350 à 3672349
bulk : {
  "took" : 76,
  "errors" :  ...
28: 48001 adresses traitées
adresse : bulk pour les ids de 3672350 à 3673349
bulk : {
  "took" : 67,
  "errors" :  ...
28: 49001 adresses traitées
adresse : bulk pour les ids de 3673350 à 3674349
bulk : {
  "took" : 94,
  "errors" :  ...
28: 50001 adresses traitées
adresse : bulk pour les ids de 3674350 à 3675349
bulk : {
  "took" : 68,
  "errors" :  ...
28: 51001 adresses traitées
28: 52001 adresses traitées
adresse : bulk pour les ids de 3675350 à 3676349
bulk : {
  "took" : 104,
  "errors" : ...
28: 53001 adresses traitées
adresse : bulk pour les ids de 3676350 à 3677349
bulk : {
  "took" : 84,
  "errors" :  ...
28: 54001 adresses traitées
adresse : bulk pour les ids de 3677350 à 3678349
bulk : {
  "took" : 76,
  "errors" :  ...
28: 55001 adresses traitées
adresse : bulk pour les ids de 3678350 à 3679349
bulk : {
  "took" : 87,
  "errors" :  ...
28: 56001 adresses traitées
adresse : bulk pour les ids de 3679350 à 3680349
bulk : {
  "took" : 83,
  "errors" :  ...
28: 57001 adresses traitées
adresse : bulk pour les ids de 3680350 à 3681349
bulk : {
  "took" : 393,
  "errors" : ...
28: 58001 adresses traitées
adresse : bulk pour les ids de 3681350 à 3682349
bulk : {
  "took" : 99,
  "errors" :  ...
28: 59001 adresses traitées
adresse : bulk pour les ids de 3682350 à 3683349
bulk : {
  "took" : 68,
  "errors" :  ...
28: 60001 adresses traitées
adresse : bulk pour les ids de 3683350 à 3684349
bulk : {
  "took" : 99,
  "errors" :  ...
28: 61001 adresses traitées
adresse : bulk pour les ids de 3684350 à 3685349
bulk : {
  "took" : 88,
  "errors" :  ...
28: 62001 adresses traitées
adresse : bulk pour les ids de 3685350 à 3686349
bulk : {
  "took" : 83,
  "errors" :  ...
28: 63001 adresses traitées
adresse : bulk pour les ids de 3686350 à 3687349
bulk : {
  "took" : 98,
  "errors" :  ...
28: 64001 adresses traitées
adresse : bulk pour les ids de 3687350 à 3688349
bulk : {
  "took" : 86,
  "errors" :  ...
28: 65001 adresses traitées
adresse : bulk pour les ids de 3688350 à 3689349
bulk : {
  "took" : 67,
  "errors" :  ...
28: 66001 adresses traitées
adresse : bulk pour les ids de 3689350 à 3690349
bulk : {
  "took" : 104,
  "errors" : ...
28: 67001 adresses traitées
adresse : bulk pour les ids de 3690350 à 3691349
bulk : {
  "took" : 67,
  "errors" :  ...
28: 68001 adresses traitées
adresse : bulk pour les ids de 3691350 à 3692349
bulk : {
  "took" : 104,
  "errors" : ...
28: 69001 adresses traitées
adresse : bulk pour les ids de 3692350 à 3693349
bulk : {
  "took" : 70,
  "errors" :  ...
28: 70001 adresses traitées
adresse : bulk pour les ids de 3693350 à 3694349
bulk : {
  "took" : 100,
  "errors" : ...
28: 71001 adresses traitées
adresse : bulk pour les ids de 3694350 à 3695349
bulk : {
  "took" : 95,
  "errors" :  ...
28: 72001 adresses traitées
adresse : bulk pour les ids de 3695350 à 3696349
bulk : {
  "took" : 87,
  "errors" :  ...
28: 73001 adresses traitées
adresse : bulk pour les ids de 3696350 à 3697349
bulk : {
  "took" : 89,
  "errors" :  ...
28: 74001 adresses traitées
adresse : bulk pour les ids de 3697350 à 3698349
bulk : {
  "took" : 81,
  "errors" :  ...
28: 75001 adresses traitées
adresse : bulk pour les ids de 3698350 à 3699349
bulk : {
  "took" : 69,
  "errors" :  ...
28: 76001 adresses traitées
adresse : bulk pour les ids de 3699350 à 3700349
bulk : {
  "took" : 97,
  "errors" :  ...
28: 77001 adresses traitées
adresse : bulk pour les ids de 3700350 à 3701349
bulk : {
  "took" : 67,
  "errors" :  ...
28: 78001 adresses traitées
adresse : bulk pour les ids de 3701350 à 3702349
bulk : {
  "took" : 99,
  "errors" :  ...
28: 79001 adresses traitées
adresse : bulk pour les ids de 3702350 à 3703349
bulk : {
  "took" : 84,
  "errors" :  ...
28: 80001 adresses traitées
adresse : bulk pour les ids de 3703350 à 3704349
bulk : {
  "took" : 97,
  "errors" :  ...
28: 81001 adresses traitées
adresse : bulk pour les ids de 3704350 à 3705349
bulk : {
  "took" : 67,
  "errors" :  ...
28: 82001 adresses traitées
adresse : bulk pour les ids de 3705350 à 3706349
bulk : {
  "took" : 101,
  "errors" : ...
28: 83001 adresses traitées
adresse : bulk pour les ids de 3706350 à 3707349
bulk : {
  "took" : 66,
  "errors" :  ...
28: 84001 adresses traitées
adresse : bulk pour les ids de 3707350 à 3708349
bulk : {
  "took" : 103,
  "errors" : ...
28: 85001 adresses traitées
adresse : bulk pour les ids de 3708350 à 3709349
bulk : {
  "took" : 67,
  "errors" :  ...
28: 86001 adresses traitées
adresse : bulk pour les ids de 3709350 à 3710349
bulk : {
  "took" : 96,
  "errors" :  ...
28: 87001 adresses traitées
adresse : bulk pour les ids de 3710350 à 3711349
bulk : {
  "took" : 83,
  "errors" :  ...
28: 88001 adresses traitées
adresse : bulk pour les ids de 3711350 à 3712349
bulk : {
  "took" : 82,
  "errors" :  ...
28: 89001 adresses traitées
adresse : bulk pour les ids de 3712350 à 3713349
bulk : {
  "took" : 65,
  "errors" :  ...
28: 90001 adresses traitées
adresse : bulk pour les ids de 3713350 à 3714349
bulk : {
  "took" : 102,
  "errors" : ...
28: 91001 adresses traitées
adresse : bulk pour les ids de 3714350 à 3715349
bulk : {
  "took" : 67,
  "errors" :  ...
28: 92001 adresses traitées
adresse : bulk pour les ids de 3715350 à 3716349
bulk : {
  "took" : 103,
  "errors" : ...
28: 93001 adresses traitées
adresse : bulk pour les ids de 3716350 à 3717349
bulk : {
  "took" : 83,
  "errors" :  ...
28: 94001 adresses traitées
adresse : bulk pour les ids de 3717350 à 3718349
bulk : {
  "took" : 81,
  "errors" :  ...
28: 95001 adresses traitées
adresse : bulk pour les ids de 3718350 à 3719349
bulk : {
  "took" : 93,
  "errors" :  ...
28: 96001 adresses traitées
adresse : bulk pour les ids de 3719350 à 3720349
bulk : {
  "took" : 81,
  "errors" :  ...
28: 97001 adresses traitées
adresse : bulk pour les ids de 3720350 à 3721349
bulk : {
  "took" : 85,
  "errors" :  ...
28: 98001 adresses traitées
adresse : bulk pour les ids de 3721350 à 3722349
bulk : {
  "took" : 97,
  "errors" :  ...
28: 99001 adresses traitées
adresse : bulk pour les ids de 3722350 à 3723349
bulk : {
  "took" : 68,
  "errors" :  ...
28: 100001 adresses traitées
adresse : bulk pour les ids de 3723350 à 3724349
bulk : {
  "took" : 103,
  "errors" : ...
28: 101001 adresses traitées
adresse : bulk pour les ids de 3724350 à 3725349
bulk : {
  "took" : 67,
  "errors" :  ...
28: 102001 adresses traitées
adresse : bulk pour les ids de 3725350 à 3726349
bulk : {
  "took" : 101,
  "errors" : ...
28: 103001 adresses traitées
adresse : bulk pour les ids de 3726350 à 3727349
bulk : {
  "took" : 69,
  "errors" :  ...
28: 104001 adresses traitées
adresse : bulk pour les ids de 3727350 à 3728349
bulk : {
  "took" : 106,
  "errors" : ...
28: 105001 adresses traitées
28: 106001 adresses traitées
adresse : bulk pour les ids de 3728350 à 3729349
bulk : {
  "took" : 91,
  "errors" :  ...
28: 107001 adresses traitées
adresse : bulk pour les ids de 3729350 à 3730349
bulk : {
  "took" : 84,
  "errors" :  ...
28: 108001 adresses traitées
adresse : bulk pour les ids de 3730350 à 3731349
bulk : {
  "took" : 85,
  "errors" :  ...
28: 109001 adresses traitées
adresse : bulk pour les ids de 3731350 à 3732349
bulk : {
  "took" : 100,
  "errors" : ...
28: 110001 adresses traitées
adresse : bulk pour les ids de 3732350 à 3733349
bulk : {
  "took" : 67,
  "errors" :  ...
28: 111001 adresses traitées
adresse : bulk pour les ids de 3733350 à 3734349
bulk : {
  "took" : 104,
  "errors" : ...
28: 112001 adresses traitées
adresse : bulk pour les ids de 3734350 à 3735349
bulk : {
  "took" : 66,
  "errors" :  ...
28: 113001 adresses traitées
adresse : bulk pour les ids de 3735350 à 3736349
bulk : {
  "took" : 84,
  "errors" :  ...
28: 114001 adresses traitées
adresse : bulk pour les ids de 3736350 à 3737349
bulk : {
  "took" : 89,
  "errors" :  ...
28: 115001 adresses traitées
adresse : bulk pour les ids de 3737350 à 3738349
bulk : {
  "took" : 83,
  "errors" :  ...
28: 116001 adresses traitées
adresse : bulk pour les ids de 3738350 à 3739349
bulk : {
  "took" : 85,
  "errors" :  ...
28: 117001 adresses traitées
adresse : bulk pour les ids de 3739350 à 3740349
bulk : {
  "took" : 84,
  "errors" :  ...
28: 118001 adresses traitées
adresse : bulk pour les ids de 3740350 à 3741349
bulk : {
  "took" : 68,
  "errors" :  ...
28: 119001 adresses traitées
adresse : bulk pour les ids de 3741350 à 3742349
bulk : {
  "took" : 101,
  "errors" : ...
28: 120001 adresses traitées
adresse : bulk pour les ids de 3742350 à 3743349
bulk : {
  "took" : 68,
  "errors" :  ...
28: 121001 adresses traitées
adresse : bulk pour les ids de 3743350 à 3744349
bulk : {
  "took" : 100,
  "errors" : ...
28: 122001 adresses traitées
adresse : bulk pour les ids de 3744350 à 3745349
bulk : {
  "took" : 68,
  "errors" :  ...
28: 123001 adresses traitées
adresse : bulk pour les ids de 3745350 à 3746349
bulk : {
  "took" : 102,
  "errors" : ...
28: 124001 adresses traitées
adresse : bulk pour les ids de 3746350 à 3747349
bulk : {
  "took" : 68,
  "errors" :  ...
28: 125001 adresses traitées
adresse : bulk pour les ids de 3747350 à 3748349
bulk : {
  "took" : 106,
  "errors" : ...
28: 126001 adresses traitées
adresse : bulk pour les ids de 3748350 à 3749349
bulk : {
  "took" : 86,
  "errors" :  ...
28: 127001 adresses traitées
adresse : bulk pour les ids de 3749350 à 3750349
bulk : {
  "took" : 84,
  "errors" :  ...
28: 128001 adresses traitées
adresse : bulk pour les ids de 3750350 à 3751349
bulk : {
  "took" : 67,
  "errors" :  ...
28: 129001 adresses traitées
adresse : bulk pour les ids de 3751350 à 3752349
bulk : {
  "took" : 106,
  "errors" : ...
28: 130001 adresses traitées
adresse : bulk pour les ids de 3752350 à 3753349
bulk : {
  "took" : 67,
  "errors" :  ...
28: 131001 adresses traitées
adresse : bulk pour les ids de 3753350 à 3754349
bulk : {
  "took" : 101,
  "errors" : ...
28: 132001 adresses traitées
adresse : bulk pour les ids de 3754350 à 3755349
bulk : {
  "took" : 89,
  "errors" :  ...
28: 133001 adresses traitées
adresse : bulk pour les ids de 3755350 à 3756349
bulk : {
  "took" : 82,
  "errors" :  ...
28: 134001 adresses traitées
adresse : bulk pour les ids de 3756350 à 3757349
bulk : {
  "took" : 83,
  "errors" :  ...
28: 135001 adresses traitées
adresse : bulk pour les ids de 3757350 à 3758349
bulk : {
  "took" : 83,
  "errors" :  ...
28: 136001 adresses traitées
adresse : bulk pour les ids de 3758350 à 3759349
bulk : {
  "took" : 82,
  "errors" :  ...
28: 137001 adresses traitées
adresse : bulk pour les ids de 3759350 à 3760349
bulk : {
  "took" : 107,
  "errors" : ...
28: 138001 adresses traitées
adresse : bulk pour les ids de 3760350 à 3761349
bulk : {
  "took" : 67,
  "errors" :  ...
28: 139001 adresses traitées
adresse : bulk pour les ids de 3761350 à 3762349
bulk : {
  "took" : 99,
  "errors" :  ...
28: 140001 adresses traitées
adresse : bulk pour les ids de 3762350 à 3763349
bulk : {
  "took" : 66,
  "errors" :  ...
28: 141001 adresses traitées
adresse : bulk pour les ids de 3763350 à 3764349
bulk : {
  "took" : 101,
  "errors" : ...
28: 142001 adresses traitées
adresse : bulk pour les ids de 3764350 à 3765349
bulk : {
  "took" : 65,
  "errors" :  ...
28: 143001 adresses traitées
adresse : bulk pour les ids de 3765350 à 3766349
bulk : {
  "took" : 99,
  "errors" :  ...
28: 144001 adresses traitées
adresse : bulk pour les ids de 3766350 à 3767349
bulk : {
  "took" : 86,
  "errors" :  ...
28: 145001 adresses traitées
adresse : bulk pour les ids de 3767350 à 3768349
bulk : {
  "took" : 84,
  "errors" :  ...
28: 146001 adresses traitées
adresse : bulk pour les ids de 3768350 à 3769349
bulk : {
  "took" : 85,
  "errors" :  ...
28: 147001 adresses traitées
adresse : bulk pour les ids de 3769350 à 3770349
bulk : {
  "took" : 100,
  "errors" : ...
28: 148001 adresses traitées
adresse : bulk pour les ids de 3770350 à 3771349
bulk : {
  "took" : 65,
  "errors" :  ...
28: 149001 adresses traitées
adresse : bulk pour les ids de 3771350 à 3772349
bulk : {
  "took" : 103,
  "errors" : ...
28: 150001 adresses traitées
adresse : bulk pour les ids de 3772350 à 3773349
bulk : {
  "took" : 90,
  "errors" :  ...
28: 151001 adresses traitées
adresse : bulk pour les ids de 3773350 à 3774349
bulk : {
  "took" : 84,
  "errors" :  ...
28: 152001 adresses traitées
adresse : bulk pour les ids de 3774350 à 3775349
bulk : {
  "took" : 88,
  "errors" :  ...
28: 153001 adresses traitées
adresse : bulk pour les ids de 3775350 à 3776349
bulk : {
  "took" : 80,
  "errors" :  ...
28: 154001 adresses traitées
adresse : bulk pour les ids de 3776350 à 3777349
bulk : {
  "took" : 66,
  "errors" :  ...
28: 155001 adresses traitées
adresse : bulk pour les ids de 3777350 à 3778349
bulk : {
  "took" : 95,
  "errors" :  ...
28: 156001 adresses traitées
adresse : bulk pour les ids de 3778350 à 3779349
bulk : {
  "took" : 74,
  "errors" :  ...
28: 157001 adresses traitées
adresse : bulk pour les ids de 3779350 à 3780349
bulk : {
  "took" : 85,
  "errors" :  ...
28: 158001 adresses traitées
adresse : bulk pour les ids de 3780350 à 3781349
bulk : {
  "took" : 85,
  "errors" :  ...
28: 159001 adresses traitées
adresse : bulk pour les ids de 3781350 à 3782349
bulk : {
  "took" : 95,
  "errors" :  ...
28: 160001 adresses traitées
adresse : bulk pour les ids de 3782350 à 3783349
bulk : {
  "took" : 82,
  "errors" :  ...
28: 161001 adresses traitées
adresse : bulk pour les ids de 3783350 à 3784349
bulk : {
  "took" : 70,
  "errors" :  ...
28: 162001 adresses traitées
adresse : bulk pour les ids de 3784350 à 3785349
bulk : {
  "took" : 99,
  "errors" :  ...
28: 163001 adresses traitées
adresse : bulk pour les ids de 3785350 à 3786349
bulk : {
  "took" : 86,
  "errors" :  ...
28: 164001 adresses traitées
adresse : bulk pour les ids de 3786350 à 3787349
bulk : {
  "took" : 86,
  "errors" :  ...
28: 165001 adresses traitées
adresse : bulk pour les ids de 3787350 à 3788069
bulk : {
  "took" : 49,
  "errors" :  ...
dpt 29 : voies
29: 1 voies traitées
voie : bulk pour les ids de 306932 à 307131
bulk : {
  "took" : 13,
  "errors" :  ...
29: 201 voies traitées
voie : bulk pour les ids de 307132 à 307331
bulk : {
  "took" : 12,
  "errors" :  ...
29: 401 voies traitées
voie : bulk pour les ids de 307332 à 307531
bulk : {
  "took" : 11,
  "errors" :  ...
29: 601 voies traitées
voie : bulk pour les ids de 307532 à 307731
bulk : {
  "took" : 13,
  "errors" :  ...
29: 801 voies traitées
voie : bulk pour les ids de 307732 à 307931
bulk : {
  "took" : 12,
  "errors" :  ...
29: 1001 voies traitées
voie : bulk pour les ids de 307932 à 308131
bulk : {
  "took" : 12,
  "errors" :  ...
29: 1201 voies traitées
voie : bulk pour les ids de 308132 à 308331
bulk : {
  "took" : 11,
  "errors" :  ...
29: 1401 voies traitées
voie : bulk pour les ids de 308332 à 308531
bulk : {
  "took" : 11,
  "errors" :  ...
29: 1601 voies traitées
voie : bulk pour les ids de 308532 à 308731
bulk : {
  "took" : 11,
  "errors" :  ...
29: 1801 voies traitées
voie : bulk pour les ids de 308732 à 308931
bulk : {
  "took" : 35,
  "errors" :  ...
29: 2001 voies traitées
voie : bulk pour les ids de 308932 à 309131
bulk : {
  "took" : 12,
  "errors" :  ...
29: 2201 voies traitées
voie : bulk pour les ids de 309132 à 309331
bulk : {
  "took" : 12,
  "errors" :  ...
29: 2401 voies traitées
voie : bulk pour les ids de 309332 à 309531
bulk : {
  "took" : 12,
  "errors" :  ...
29: 2601 voies traitées
voie : bulk pour les ids de 309532 à 309731
bulk : {
  "took" : 12,
  "errors" :  ...
29: 2801 voies traitées
voie : bulk pour les ids de 309732 à 309931
bulk : {
  "took" : 12,
  "errors" :  ...
29: 3001 voies traitées
voie : bulk pour les ids de 309932 à 310131
bulk : {
  "took" : 12,
  "errors" :  ...
29: 3201 voies traitées
voie : bulk pour les ids de 310132 à 310331
bulk : {
  "took" : 11,
  "errors" :  ...
29: 3401 voies traitées
voie : bulk pour les ids de 310332 à 310531
bulk : {
  "took" : 12,
  "errors" :  ...
29: 3601 voies traitées
voie : bulk pour les ids de 310532 à 310731
bulk : {
  "took" : 17,
  "errors" :  ...
29: 3801 voies traitées
voie : bulk pour les ids de 310732 à 310931
bulk : {
  "took" : 12,
  "errors" :  ...
29: 4001 voies traitées
voie : bulk pour les ids de 310932 à 311131
bulk : {
  "took" : 12,
  "errors" :  ...
29: 4201 voies traitées
voie : bulk pour les ids de 311132 à 311331
bulk : {
  "took" : 12,
  "errors" :  ...
29: 4401 voies traitées
voie : bulk pour les ids de 311332 à 311531
bulk : {
  "took" : 12,
  "errors" :  ...
29: 4601 voies traitées
voie : bulk pour les ids de 311532 à 311731
bulk : {
  "took" : 12,
  "errors" :  ...
29: 4801 voies traitées
voie : bulk pour les ids de 311732 à 311931
bulk : {
  "took" : 12,
  "errors" :  ...
29: 5001 voies traitées
voie : bulk pour les ids de 311932 à 312131
bulk : {
  "took" : 12,
  "errors" :  ...
29: 5201 voies traitées
voie : bulk pour les ids de 312132 à 312331
bulk : {
  "took" : 12,
  "errors" :  ...
29: 5401 voies traitées
voie : bulk pour les ids de 312332 à 312531
bulk : {
  "took" : 12,
  "errors" :  ...
29: 5601 voies traitées
voie : bulk pour les ids de 312532 à 312731
bulk : {
  "took" : 12,
  "errors" :  ...
29: 5801 voies traitées
voie : bulk pour les ids de 312732 à 312931
bulk : {
  "took" : 33,
  "errors" :  ...
29: 6001 voies traitées
voie : bulk pour les ids de 312932 à 313131
bulk : {
  "took" : 12,
  "errors" :  ...
29: 6201 voies traitées
voie : bulk pour les ids de 313132 à 313331
bulk : {
  "took" : 12,
  "errors" :  ...
29: 6401 voies traitées
voie : bulk pour les ids de 313332 à 313531
bulk : {
  "took" : 12,
  "errors" :  ...
29: 6601 voies traitées
voie : bulk pour les ids de 313532 à 313731
bulk : {
  "took" : 12,
  "errors" :  ...
29: 6801 voies traitées
voie : bulk pour les ids de 313732 à 313931
bulk : {
  "took" : 12,
  "errors" :  ...
29: 7001 voies traitées
voie : bulk pour les ids de 313932 à 314131
bulk : {
  "took" : 12,
  "errors" :  ...
29: 7201 voies traitées
voie : bulk pour les ids de 314132 à 314331
bulk : {
  "took" : 15,
  "errors" :  ...
29: 7401 voies traitées
voie : bulk pour les ids de 314332 à 314531
bulk : {
  "took" : 11,
  "errors" :  ...
29: 7601 voies traitées
voie : bulk pour les ids de 314532 à 314731
bulk : {
  "took" : 29,
  "errors" :  ...
29: 7801 voies traitées
voie : bulk pour les ids de 314732 à 314931
bulk : {
  "took" : 12,
  "errors" :  ...
29: 8001 voies traitées
voie : bulk pour les ids de 314932 à 315131
bulk : {
  "took" : 12,
  "errors" :  ...
29: 8201 voies traitées
voie : bulk pour les ids de 315132 à 315331
bulk : {
  "took" : 12,
  "errors" :  ...
29: 8401 voies traitées
voie : bulk pour les ids de 315332 à 315531
bulk : {
  "took" : 13,
  "errors" :  ...
29: 8601 voies traitées
voie : bulk pour les ids de 315532 à 315731
bulk : {
  "took" : 12,
  "errors" :  ...
29: 8801 voies traitées
voie : bulk pour les ids de 315732 à 315931
bulk : {
  "took" : 12,
  "errors" :  ...
29: 9001 voies traitées
voie : bulk pour les ids de 315932 à 316131
bulk : {
  "took" : 12,
  "errors" :  ...
29: 9201 voies traitées
voie : bulk pour les ids de 316132 à 316331
bulk : {
  "took" : 13,
  "errors" :  ...
29: 9401 voies traitées
voie : bulk pour les ids de 316332 à 316531
bulk : {
  "took" : 12,
  "errors" :  ...
29: 9601 voies traitées
voie : bulk pour les ids de 316532 à 316731
bulk : {
  "took" : 12,
  "errors" :  ...
29: 9801 voies traitées
voie : bulk pour les ids de 316732 à 316931
bulk : {
  "took" : 31,
  "errors" :  ...
29: 10001 voies traitées
voie : bulk pour les ids de 316932 à 317131
bulk : {
  "took" : 12,
  "errors" :  ...
29: 10201 voies traitées
voie : bulk pour les ids de 317132 à 317331
bulk : {
  "took" : 12,
  "errors" :  ...
29: 10401 voies traitées
voie : bulk pour les ids de 317332 à 317531
bulk : {
  "took" : 12,
  "errors" :  ...
29: 10601 voies traitées
voie : bulk pour les ids de 317532 à 317731
bulk : {
  "took" : 12,
  "errors" :  ...
29: 10801 voies traitées
voie : bulk pour les ids de 317732 à 317931
bulk : {
  "took" : 17,
  "errors" :  ...
29: 11001 voies traitées
voie : bulk pour les ids de 317932 à 318131
bulk : {
  "took" : 15,
  "errors" :  ...
29: 11201 voies traitées
voie : bulk pour les ids de 318132 à 318331
bulk : {
  "took" : 15,
  "errors" :  ...
29: 11401 voies traitées
voie : bulk pour les ids de 318332 à 318531
bulk : {
  "took" : 13,
  "errors" :  ...
29: 11601 voies traitées
voie : bulk pour les ids de 318532 à 318731
bulk : {
  "took" : 29,
  "errors" :  ...
29: 11801 voies traitées
voie : bulk pour les ids de 318732 à 318931
bulk : {
  "took" : 12,
  "errors" :  ...
29: 12001 voies traitées
voie : bulk pour les ids de 318932 à 319131
bulk : {
  "took" : 11,
  "errors" :  ...
29: 12201 voies traitées
voie : bulk pour les ids de 319132 à 319331
bulk : {
  "took" : 12,
  "errors" :  ...
29: 12401 voies traitées
voie : bulk pour les ids de 319332 à 319531
bulk : {
  "took" : 12,
  "errors" :  ...
29: 12601 voies traitées
voie : bulk pour les ids de 319532 à 319731
bulk : {
  "took" : 12,
  "errors" :  ...
29: 12801 voies traitées
voie : bulk pour les ids de 319732 à 319931
bulk : {
  "took" : 12,
  "errors" :  ...
29: 13001 voies traitées
voie : bulk pour les ids de 319932 à 320131
bulk : {
  "took" : 12,
  "errors" :  ...
29: 13201 voies traitées
voie : bulk pour les ids de 320132 à 320331
bulk : {
  "took" : 12,
  "errors" :  ...
29: 13401 voies traitées
voie : bulk pour les ids de 320332 à 320531
bulk : {
  "took" : 12,
  "errors" :  ...
29: 13601 voies traitées
voie : bulk pour les ids de 320532 à 320731
bulk : {
  "took" : 12,
  "errors" :  ...
29: 13801 voies traitées
voie : bulk pour les ids de 320732 à 320931
bulk : {
  "took" : 31,
  "errors" :  ...
29: 14001 voies traitées
voie : bulk pour les ids de 320932 à 321131
bulk : {
  "took" : 12,
  "errors" :  ...
29: 14201 voies traitées
voie : bulk pour les ids de 321132 à 321331
bulk : {
  "took" : 12,
  "errors" :  ...
29: 14401 voies traitées
voie : bulk pour les ids de 321332 à 321531
bulk : {
  "took" : 14,
  "errors" :  ...
29: 14601 voies traitées
voie : bulk pour les ids de 321532 à 321731
bulk : {
  "took" : 13,
  "errors" :  ...
29: 14801 voies traitées
voie : bulk pour les ids de 321732 à 321931
bulk : {
  "took" : 16,
  "errors" :  ...
29: 15001 voies traitées
voie : bulk pour les ids de 321932 à 322131
bulk : {
  "took" : 12,
  "errors" :  ...
29: 15201 voies traitées
voie : bulk pour les ids de 322132 à 322331
bulk : {
  "took" : 13,
  "errors" :  ...
29: 15401 voies traitées
voie : bulk pour les ids de 322332 à 322531
bulk : {
  "took" : 12,
  "errors" :  ...
29: 15601 voies traitées
voie : bulk pour les ids de 322532 à 322731
bulk : {
  "took" : 26,
  "errors" :  ...
29: 15801 voies traitées
voie : bulk pour les ids de 322732 à 322931
bulk : {
  "took" : 12,
  "errors" :  ...
29: 16001 voies traitées
voie : bulk pour les ids de 322932 à 323131
bulk : {
  "took" : 12,
  "errors" :  ...
29: 16201 voies traitées
voie : bulk pour les ids de 323132 à 323331
bulk : {
  "took" : 14,
  "errors" :  ...
29: 16401 voies traitées
voie : bulk pour les ids de 323332 à 323531
bulk : {
  "took" : 14,
  "errors" :  ...
29: 16601 voies traitées
voie : bulk pour les ids de 323532 à 323731
bulk : {
  "took" : 13,
  "errors" :  ...
29: 16801 voies traitées
voie : bulk pour les ids de 323732 à 323931
bulk : {
  "took" : 12,
  "errors" :  ...
29: 17001 voies traitées
voie : bulk pour les ids de 323932 à 324131
bulk : {
  "took" : 13,
  "errors" :  ...
29: 17201 voies traitées
voie : bulk pour les ids de 324132 à 324331
bulk : {
  "took" : 13,
  "errors" :  ...
29: 17401 voies traitées
voie : bulk pour les ids de 324332 à 324531
bulk : {
  "took" : 12,
  "errors" :  ...
29: 17601 voies traitées
voie : bulk pour les ids de 324532 à 324731
bulk : {
  "took" : 12,
  "errors" :  ...
29: 17801 voies traitées
voie : bulk pour les ids de 324732 à 324931
bulk : {
  "took" : 26,
  "errors" :  ...
29: 18001 voies traitées
voie : bulk pour les ids de 324932 à 325131
bulk : {
  "took" : 13,
  "errors" :  ...
29: 18201 voies traitées
voie : bulk pour les ids de 325132 à 325331
bulk : {
  "took" : 12,
  "errors" :  ...
29: 18401 voies traitées
voie : bulk pour les ids de 325332 à 325531
bulk : {
  "took" : 12,
  "errors" :  ...
29: 18601 voies traitées
voie : bulk pour les ids de 325532 à 325731
bulk : {
  "took" : 13,
  "errors" :  ...
29: 18801 voies traitées
voie : bulk pour les ids de 325732 à 325931
bulk : {
  "took" : 13,
  "errors" :  ...
29: 19001 voies traitées
voie : bulk pour les ids de 325932 à 326131
bulk : {
  "took" : 13,
  "errors" :  ...
29: 19201 voies traitées
voie : bulk pour les ids de 326132 à 326331
bulk : {
  "took" : 30,
  "errors" :  ...
29: 19401 voies traitées
voie : bulk pour les ids de 326332 à 326531
bulk : {
  "took" : 12,
  "errors" :  ...
29: 19601 voies traitées
voie : bulk pour les ids de 326532 à 326731
bulk : {
  "took" : 12,
  "errors" :  ...
29: 19801 voies traitées
voie : bulk pour les ids de 326732 à 326931
bulk : {
  "took" : 12,
  "errors" :  ...
29: 20001 voies traitées
voie : bulk pour les ids de 326932 à 327131
bulk : {
  "took" : 31,
  "errors" :  ...
29: 20201 voies traitées
voie : bulk pour les ids de 327132 à 327331
bulk : {
  "took" : 12,
  "errors" :  ...
29: 20401 voies traitées
voie : bulk pour les ids de 327332 à 327531
bulk : {
  "took" : 12,
  "errors" :  ...
29: 20601 voies traitées
voie : bulk pour les ids de 327532 à 327731
bulk : {
  "took" : 12,
  "errors" :  ...
29: 20801 voies traitées
voie : bulk pour les ids de 327732 à 327931
bulk : {
  "took" : 13,
  "errors" :  ...
29: 21001 voies traitées
voie : bulk pour les ids de 327932 à 328131
bulk : {
  "took" : 12,
  "errors" :  ...
29: 21201 voies traitées
voie : bulk pour les ids de 328132 à 328331
bulk : {
  "took" : 12,
  "errors" :  ...
29: 21401 voies traitées
voie : bulk pour les ids de 328332 à 328531
bulk : {
  "took" : 13,
  "errors" :  ...
29: 21601 voies traitées
voie : bulk pour les ids de 328532 à 328731
bulk : {
  "took" : 13,
  "errors" :  ...
29: 21801 voies traitées
voie : bulk pour les ids de 328732 à 328931
bulk : {
  "took" : 35,
  "errors" :  ...
29: 22001 voies traitées
voie : bulk pour les ids de 328932 à 329131
bulk : {
  "took" : 13,
  "errors" :  ...
29: 22201 voies traitées
voie : bulk pour les ids de 329132 à 329331
bulk : {
  "took" : 14,
  "errors" :  ...
29: 22401 voies traitées
voie : bulk pour les ids de 329332 à 329531
bulk : {
  "took" : 12,
  "errors" :  ...
29: 22601 voies traitées
voie : bulk pour les ids de 329532 à 329731
bulk : {
  "took" : 12,
  "errors" :  ...
29: 22801 voies traitées
voie : bulk pour les ids de 329732 à 329931
bulk : {
  "took" : 12,
  "errors" :  ...
29: 23001 voies traitées
voie : bulk pour les ids de 329932 à 330131
bulk : {
  "took" : 13,
  "errors" :  ...
29: 23201 voies traitées
voie : bulk pour les ids de 330132 à 330155
bulk : {
  "took" : 2,
  "errors" : f ...
dpt 29 : adresses
29: 1 adresses traitées
29: 1001 adresses traitées
adresse : bulk pour les ids de 3788070 à 3789069
bulk : {
  "took" : 72,
  "errors" :  ...
29: 2001 adresses traitées
adresse : bulk pour les ids de 3789070 à 3790069
bulk : {
  "took" : 104,
  "errors" : ...
29: 3001 adresses traitées
adresse : bulk pour les ids de 3790070 à 3791069
bulk : {
  "took" : 70,
  "errors" :  ...
29: 4001 adresses traitées
adresse : bulk pour les ids de 3791070 à 3792069
bulk : {
  "took" : 95,
  "errors" :  ...
29: 5001 adresses traitées
adresse : bulk pour les ids de 3792070 à 3793069
bulk : {
  "took" : 90,
  "errors" :  ...
29: 6001 adresses traitées
adresse : bulk pour les ids de 3793070 à 3794069
bulk : {
  "took" : 91,
  "errors" :  ...
29: 7001 adresses traitées
adresse : bulk pour les ids de 3794070 à 3795069
bulk : {
  "took" : 91,
  "errors" :  ...
29: 8001 adresses traitées
adresse : bulk pour les ids de 3795070 à 3796069
bulk : {
  "took" : 74,
  "errors" :  ...
29: 9001 adresses traitées
29: 10001 adresses traitées
adresse : bulk pour les ids de 3796070 à 3797069
bulk : {
  "took" : 100,
  "errors" : ...
29: 11001 adresses traitées
adresse : bulk pour les ids de 3797070 à 3798069
bulk : {
  "took" : 73,
  "errors" :  ...
29: 12001 adresses traitées
adresse : bulk pour les ids de 3798070 à 3799069
bulk : {
  "took" : 91,
  "errors" :  ...
29: 13001 adresses traitées
adresse : bulk pour les ids de 3799070 à 3800069
bulk : {
  "took" : 96,
  "errors" :  ...
29: 14001 adresses traitées
adresse : bulk pour les ids de 3800070 à 3801069
bulk : {
  "took" : 73,
  "errors" :  ...
29: 15001 adresses traitées
adresse : bulk pour les ids de 3801070 à 3802069
bulk : {
  "took" : 88,
  "errors" :  ...
29: 16001 adresses traitées
adresse : bulk pour les ids de 3802070 à 3803069
bulk : {
  "took" : 86,
  "errors" :  ...
29: 17001 adresses traitées
adresse : bulk pour les ids de 3803070 à 3804069
bulk : {
  "took" : 89,
  "errors" :  ...
29: 18001 adresses traitées
adresse : bulk pour les ids de 3804070 à 3805069
bulk : {
  "took" : 69,
  "errors" :  ...
29: 19001 adresses traitées
adresse : bulk pour les ids de 3805070 à 3806069
bulk : {
  "took" : 95,
  "errors" :  ...
29: 20001 adresses traitées
adresse : bulk pour les ids de 3806070 à 3807069
bulk : {
  "took" : 78,
  "errors" :  ...
29: 21001 adresses traitées
29: 22001 adresses traitées
adresse : bulk pour les ids de 3807070 à 3808069
bulk : {
  "took" : 87,
  "errors" :  ...
29: 23001 adresses traitées
adresse : bulk pour les ids de 3808070 à 3809069
bulk : {
  "took" : 101,
  "errors" : ...
29: 24001 adresses traitées
adresse : bulk pour les ids de 3809070 à 3810069
bulk : {
  "took" : 78,
  "errors" :  ...
29: 25001 adresses traitées
adresse : bulk pour les ids de 3810070 à 3811069
bulk : {
  "took" : 88,
  "errors" :  ...
29: 26001 adresses traitées
adresse : bulk pour les ids de 3811070 à 3812069
bulk : {
  "took" : 73,
  "errors" :  ...
29: 27001 adresses traitées
adresse : bulk pour les ids de 3812070 à 3813069
bulk : {
  "took" : 90,
  "errors" :  ...
29: 28001 adresses traitées
adresse : bulk pour les ids de 3813070 à 3814069
bulk : {
  "took" : 86,
  "errors" :  ...
29: 29001 adresses traitées
adresse : bulk pour les ids de 3814070 à 3815069
bulk : {
  "took" : 74,
  "errors" :  ...
29: 30001 adresses traitées
adresse : bulk pour les ids de 3815070 à 3816069
bulk : {
  "took" : 77,
  "errors" :  ...
29: 31001 adresses traitées
adresse : bulk pour les ids de 3816070 à 3817069
bulk : {
  "took" : 96,
  "errors" :  ...
29: 32001 adresses traitées
adresse : bulk pour les ids de 3817070 à 3818069
bulk : {
  "took" : 79,
  "errors" :  ...
29: 33001 adresses traitées
adresse : bulk pour les ids de 3818070 à 3819069
bulk : {
  "took" : 99,
  "errors" :  ...
29: 34001 adresses traitées
adresse : bulk pour les ids de 3819070 à 3820069
bulk : {
  "took" : 73,
  "errors" :  ...
29: 35001 adresses traitées
adresse : bulk pour les ids de 3820070 à 3821069
bulk : {
  "took" : 85,
  "errors" :  ...
29: 36001 adresses traitées
adresse : bulk pour les ids de 3821070 à 3822069
bulk : {
  "took" : 90,
  "errors" :  ...
29: 37001 adresses traitées
29: 38001 adresses traitées
adresse : bulk pour les ids de 3822070 à 3823069
bulk : {
  "took" : 79,
  "errors" :  ...
29: 39001 adresses traitées
adresse : bulk pour les ids de 3823070 à 3824069
bulk : {
  "took" : 76,
  "errors" :  ...
29: 40001 adresses traitées
adresse : bulk pour les ids de 3824070 à 3825069
bulk : {
  "took" : 93,
  "errors" :  ...
29: 41001 adresses traitées
adresse : bulk pour les ids de 3825070 à 3826069
bulk : {
  "took" : 69,
  "errors" :  ...
29: 42001 adresses traitées
adresse : bulk pour les ids de 3826070 à 3827069
bulk : {
  "took" : 100,
  "errors" : ...
29: 43001 adresses traitées
adresse : bulk pour les ids de 3827070 à 3828069
bulk : {
  "took" : 67,
  "errors" :  ...
29: 44001 adresses traitées
adresse : bulk pour les ids de 3828070 à 3829069
bulk : {
  "took" : 101,
  "errors" : ...
29: 45001 adresses traitées
adresse : bulk pour les ids de 3829070 à 3830069
bulk : {
  "took" : 85,
  "errors" :  ...
29: 46001 adresses traitées
adresse : bulk pour les ids de 3830070 à 3831069
bulk : {
  "took" : 80,
  "errors" :  ...
29: 47001 adresses traitées
adresse : bulk pour les ids de 3831070 à 3832069
bulk : {
  "took" : 91,
  "errors" :  ...
29: 48001 adresses traitées
adresse : bulk pour les ids de 3832070 à 3833069
bulk : {
  "took" : 83,
  "errors" :  ...
29: 49001 adresses traitées
adresse : bulk pour les ids de 3833070 à 3834069
bulk : {
  "took" : 70,
  "errors" :  ...
29: 50001 adresses traitées
adresse : bulk pour les ids de 3834070 à 3835069
bulk : {
  "took" : 95,
  "errors" :  ...
29: 51001 adresses traitées
adresse : bulk pour les ids de 3835070 à 3836069
bulk : {
  "took" : 69,
  "errors" :  ...
29: 52001 adresses traitées
adresse : bulk pour les ids de 3836070 à 3837069
bulk : {
  "took" : 99,
  "errors" :  ...
29: 53001 adresses traitées
adresse : bulk pour les ids de 3837070 à 3838069
bulk : {
  "took" : 103,
  "errors" : ...
29: 54001 adresses traitées
adresse : bulk pour les ids de 3838070 à 3839069
bulk : {
  "took" : 97,
  "errors" :  ...
29: 55001 adresses traitées
adresse : bulk pour les ids de 3839070 à 3840069
bulk : {
  "took" : 71,
  "errors" :  ...
29: 56001 adresses traitées
29: 57001 adresses traitées
adresse : bulk pour les ids de 3840070 à 3841069
bulk : {
  "took" : 97,
  "errors" :  ...
29: 58001 adresses traitées
adresse : bulk pour les ids de 3841070 à 3842069
bulk : {
  "took" : 79,
  "errors" :  ...
29: 59001 adresses traitées
adresse : bulk pour les ids de 3842070 à 3843069
bulk : {
  "took" : 77,
  "errors" :  ...
29: 60001 adresses traitées
adresse : bulk pour les ids de 3843070 à 3844069
bulk : {
  "took" : 93,
  "errors" :  ...
29: 61001 adresses traitées
adresse : bulk pour les ids de 3844070 à 3845069
bulk : {
  "took" : 76,
  "errors" :  ...
29: 62001 adresses traitées
adresse : bulk pour les ids de 3845070 à 3846069
bulk : {
  "took" : 88,
  "errors" :  ...
29: 63001 adresses traitées
adresse : bulk pour les ids de 3846070 à 3847069
bulk : {
  "took" : 87,
  "errors" :  ...
29: 64001 adresses traitées
adresse : bulk pour les ids de 3847070 à 3848069
bulk : {
  "took" : 86,
  "errors" :  ...
29: 65001 adresses traitées
adresse : bulk pour les ids de 3848070 à 3849069
bulk : {
  "took" : 79,
  "errors" :  ...
29: 66001 adresses traitées
adresse : bulk pour les ids de 3849070 à 3850069
bulk : {
  "took" : 85,
  "errors" :  ...
29: 67001 adresses traitées
adresse : bulk pour les ids de 3850070 à 3851069
bulk : {
  "took" : 95,
  "errors" :  ...
29: 68001 adresses traitées
adresse : bulk pour les ids de 3851070 à 3852069
bulk : {
  "took" : 92,
  "errors" :  ...
29: 69001 adresses traitées
adresse : bulk pour les ids de 3852070 à 3853069
bulk : {
  "took" : 82,
  "errors" :  ...
29: 70001 adresses traitées
adresse : bulk pour les ids de 3853070 à 3854069
bulk : {
  "took" : 106,
  "errors" : ...
29: 71001 adresses traitées
29: 72001 adresses traitées
adresse : bulk pour les ids de 3854070 à 3855069
bulk : {
  "took" : 77,
  "errors" :  ...
29: 73001 adresses traitées
adresse : bulk pour les ids de 3855070 à 3856069
bulk : {
  "took" : 70,
  "errors" :  ...
29: 74001 adresses traitées
adresse : bulk pour les ids de 3856070 à 3857069
bulk : {
  "took" : 101,
  "errors" : ...
29: 75001 adresses traitées
adresse : bulk pour les ids de 3857070 à 3858069
bulk : {
  "took" : 71,
  "errors" :  ...
29: 76001 adresses traitées
adresse : bulk pour les ids de 3858070 à 3859069
bulk : {
  "took" : 79,
  "errors" :  ...
29: 77001 adresses traitées
adresse : bulk pour les ids de 3859070 à 3860069
bulk : {
  "took" : 89,
  "errors" :  ...
29: 78001 adresses traitées
adresse : bulk pour les ids de 3860070 à 3861069
bulk : {
  "took" : 78,
  "errors" :  ...
29: 79001 adresses traitées
29: 80001 adresses traitées
adresse : bulk pour les ids de 3861070 à 3862069
bulk : {
  "took" : 90,
  "errors" :  ...
29: 81001 adresses traitées
adresse : bulk pour les ids de 3862070 à 3863069
bulk : {
  "took" : 93,
  "errors" :  ...
29: 82001 adresses traitées
adresse : bulk pour les ids de 3863070 à 3864069
bulk : {
  "took" : 77,
  "errors" :  ...
29: 83001 adresses traitées
adresse : bulk pour les ids de 3864070 à 3865069
bulk : {
  "took" : 102,
  "errors" : ...
29: 84001 adresses traitées
adresse : bulk pour les ids de 3865070 à 3866069
bulk : {
  "took" : 74,
  "errors" :  ...
29: 85001 adresses traitées
adresse : bulk pour les ids de 3866070 à 3867069
bulk : {
  "took" : 94,
  "errors" :  ...
29: 86001 adresses traitées
adresse : bulk pour les ids de 3867070 à 3868069
bulk : {
  "took" : 69,
  "errors" :  ...
29: 87001 adresses traitées
adresse : bulk pour les ids de 3868070 à 3869069
bulk : {
  "took" : 78,
  "errors" :  ...
29: 88001 adresses traitées
adresse : bulk pour les ids de 3869070 à 3870069
bulk : {
  "took" : 89,
  "errors" :  ...
29: 89001 adresses traitées
adresse : bulk pour les ids de 3870070 à 3871069
bulk : {
  "took" : 93,
  "errors" :  ...
29: 90001 adresses traitées
adresse : bulk pour les ids de 3871070 à 3872069
bulk : {
  "took" : 69,
  "errors" :  ...
29: 91001 adresses traitées
adresse : bulk pour les ids de 3872070 à 3873069
bulk : {
  "took" : 94,
  "errors" :  ...
29: 92001 adresses traitées
adresse : bulk pour les ids de 3873070 à 3874069
bulk : {
  "took" : 69,
  "errors" :  ...
29: 93001 adresses traitées
adresse : bulk pour les ids de 3874070 à 3875069
bulk : {
  "took" : 77,
  "errors" :  ...
29: 94001 adresses traitées
adresse : bulk pour les ids de 3875070 à 3876069
bulk : {
  "took" : 89,
  "errors" :  ...
29: 95001 adresses traitées
adresse : bulk pour les ids de 3876070 à 3877069
bulk : {
  "took" : 78,
  "errors" :  ...
29: 96001 adresses traitées
adresse : bulk pour les ids de 3877070 à 3878069
bulk : {
  "took" : 71,
  "errors" :  ...
29: 97001 adresses traitées
adresse : bulk pour les ids de 3878070 à 3879069
bulk : {
  "took" : 106,
  "errors" : ...
29: 98001 adresses traitées
adresse : bulk pour les ids de 3879070 à 3880069
bulk : {
  "took" : 69,
  "errors" :  ...
29: 99001 adresses traitées
29: 100001 adresses traitées
adresse : bulk pour les ids de 3880070 à 3881069
bulk : {
  "took" : 98,
  "errors" :  ...
29: 101001 adresses traitées
adresse : bulk pour les ids de 3881070 à 3882069
bulk : {
  "took" : 92,
  "errors" :  ...
29: 102001 adresses traitées
adresse : bulk pour les ids de 3882070 à 3883069
bulk : {
  "took" : 72,
  "errors" :  ...
29: 103001 adresses traitées
adresse : bulk pour les ids de 3883070 à 3884069
bulk : {
  "took" : 107,
  "errors" : ...
29: 104001 adresses traitées
adresse : bulk pour les ids de 3884070 à 3885069
bulk : {
  "took" : 69,
  "errors" :  ...
29: 105001 adresses traitées
adresse : bulk pour les ids de 3885070 à 3886069
bulk : {
  "took" : 99,
  "errors" :  ...
29: 106001 adresses traitées
adresse : bulk pour les ids de 3886070 à 3887069
bulk : {
  "took" : 87,
  "errors" :  ...
29: 107001 adresses traitées
adresse : bulk pour les ids de 3887070 à 3888069
bulk : {
  "took" : 76,
  "errors" :  ...
29: 108001 adresses traitées
adresse : bulk pour les ids de 3888070 à 3889069
bulk : {
  "took" : 89,
  "errors" :  ...
29: 109001 adresses traitées
adresse : bulk pour les ids de 3889070 à 3890069
bulk : {
  "took" : 93,
  "errors" :  ...
29: 110001 adresses traitées
adresse : bulk pour les ids de 3890070 à 3891069
bulk : {
  "took" : 68,
  "errors" :  ...
29: 111001 adresses traitées
adresse : bulk pour les ids de 3891070 à 3892069
bulk : {
  "took" : 91,
  "errors" :  ...
29: 112001 adresses traitées
adresse : bulk pour les ids de 3892070 à 3893069
bulk : {
  "took" : 96,
  "errors" :  ...
29: 113001 adresses traitées
adresse : bulk pour les ids de 3893070 à 3894069
bulk : {
  "took" : 77,
  "errors" :  ...
29: 114001 adresses traitées
adresse : bulk pour les ids de 3894070 à 3895069
bulk : {
  "took" : 89,
  "errors" :  ...
29: 115001 adresses traitées
adresse : bulk pour les ids de 3895070 à 3896069
bulk : {
  "took" : 95,
  "errors" :  ...
29: 116001 adresses traitées
adresse : bulk pour les ids de 3896070 à 3897069
bulk : {
  "took" : 70,
  "errors" :  ...
29: 117001 adresses traitées
adresse : bulk pour les ids de 3897070 à 3898069
bulk : {
  "took" : 97,
  "errors" :  ...
29: 118001 adresses traitées
adresse : bulk pour les ids de 3898070 à 3899069
bulk : {
  "took" : 68,
  "errors" :  ...
29: 119001 adresses traitées
adresse : bulk pour les ids de 3899070 à 3900069
bulk : {
  "took" : 97,
  "errors" :  ...
29: 120001 adresses traitées
adresse : bulk pour les ids de 3900070 à 3901069
bulk : {
  "took" : 70,
  "errors" :  ...
29: 121001 adresses traitées
adresse : bulk pour les ids de 3901070 à 3902069
bulk : {
  "took" : 104,
  "errors" : ...
29: 122001 adresses traitées
adresse : bulk pour les ids de 3902070 à 3903069
bulk : {
  "took" : 93,
  "errors" :  ...
29: 123001 adresses traitées
adresse : bulk pour les ids de 3903070 à 3904069
bulk : {
  "took" : 77,
  "errors" :  ...
29: 124001 adresses traitées
adresse : bulk pour les ids de 3904070 à 3905069
bulk : {
  "took" : 88,
  "errors" :  ...
29: 125001 adresses traitées
adresse : bulk pour les ids de 3905070 à 3906069
bulk : {
  "took" : 96,
  "errors" :  ...
29: 126001 adresses traitées
adresse : bulk pour les ids de 3906070 à 3907069
bulk : {
  "took" : 72,
  "errors" :  ...
29: 127001 adresses traitées
adresse : bulk pour les ids de 3907070 à 3908069
bulk : {
  "took" : 101,
  "errors" : ...
29: 128001 adresses traitées
adresse : bulk pour les ids de 3908070 à 3909069
bulk : {
  "took" : 95,
  "errors" :  ...
29: 129001 adresses traitées
adresse : bulk pour les ids de 3909070 à 3910069
bulk : {
  "took" : 99,
  "errors" :  ...
29: 130001 adresses traitées
adresse : bulk pour les ids de 3910070 à 3911069
bulk : {
  "took" : 67,
  "errors" :  ...
29: 131001 adresses traitées
adresse : bulk pour les ids de 3911070 à 3912069
bulk : {
  "took" : 109,
  "errors" : ...
29: 132001 adresses traitées
adresse : bulk pour les ids de 3912070 à 3913069
bulk : {
  "took" : 94,
  "errors" :  ...
29: 133001 adresses traitées
adresse : bulk pour les ids de 3913070 à 3914069
bulk : {
  "took" : 75,
  "errors" :  ...
29: 134001 adresses traitées
adresse : bulk pour les ids de 3914070 à 3915069
bulk : {
  "took" : 91,
  "errors" :  ...
29: 135001 adresses traitées
adresse : bulk pour les ids de 3915070 à 3916069
bulk : {
  "took" : 78,
  "errors" :  ...
29: 136001 adresses traitées
adresse : bulk pour les ids de 3916070 à 3917069
bulk : {
  "took" : 92,
  "errors" :  ...
29: 137001 adresses traitées
adresse : bulk pour les ids de 3917070 à 3918069
bulk : {
  "took" : 75,
  "errors" :  ...
29: 138001 adresses traitées
adresse : bulk pour les ids de 3918070 à 3919069
bulk : {
  "took" : 89,
  "errors" :  ...
29: 139001 adresses traitées
adresse : bulk pour les ids de 3919070 à 3920069
bulk : {
  "took" : 76,
  "errors" :  ...
29: 140001 adresses traitées
adresse : bulk pour les ids de 3920070 à 3921069
bulk : {
  "took" : 92,
  "errors" :  ...
29: 141001 adresses traitées
adresse : bulk pour les ids de 3921070 à 3922069
bulk : {
  "took" : 94,
  "errors" :  ...
29: 142001 adresses traitées
adresse : bulk pour les ids de 3922070 à 3923069
bulk : {
  "took" : 97,
  "errors" :  ...
29: 143001 adresses traitées
29: 144001 adresses traitées
adresse : bulk pour les ids de 3923070 à 3924069
bulk : {
  "took" : 79,
  "errors" :  ...
29: 145001 adresses traitées
adresse : bulk pour les ids de 3924070 à 3925069
bulk : {
  "took" : 85,
  "errors" :  ...
29: 146001 adresses traitées
adresse : bulk pour les ids de 3925070 à 3926069
bulk : {
  "took" : 80,
  "errors" :  ...
29: 147001 adresses traitées
adresse : bulk pour les ids de 3926070 à 3927069
bulk : {
  "took" : 68,
  "errors" :  ...
29: 148001 adresses traitées
adresse : bulk pour les ids de 3927070 à 3928069
bulk : {
  "took" : 97,
  "errors" :  ...
29: 149001 adresses traitées
adresse : bulk pour les ids de 3928070 à 3929069
bulk : {
  "took" : 95,
  "errors" :  ...
29: 150001 adresses traitées
adresse : bulk pour les ids de 3929070 à 3930069
bulk : {
  "took" : 95,
  "errors" :  ...
29: 151001 adresses traitées
adresse : bulk pour les ids de 3930070 à 3931069
bulk : {
  "took" : 91,
  "errors" :  ...
29: 152001 adresses traitées
adresse : bulk pour les ids de 3931070 à 3932069
bulk : {
  "took" : 93,
  "errors" :  ...
29: 153001 adresses traitées
adresse : bulk pour les ids de 3932070 à 3933069
bulk : {
  "took" : 69,
  "errors" :  ...
29: 154001 adresses traitées
adresse : bulk pour les ids de 3933070 à 3934069
bulk : {
  "took" : 94,
  "errors" :  ...
29: 155001 adresses traitées
adresse : bulk pour les ids de 3934070 à 3935069
bulk : {
  "took" : 81,
  "errors" :  ...
29: 156001 adresses traitées
adresse : bulk pour les ids de 3935070 à 3936069
bulk : {
  "took" : 96,
  "errors" :  ...
29: 157001 adresses traitées
adresse : bulk pour les ids de 3936070 à 3937069
bulk : {
  "took" : 73,
  "errors" :  ...
29: 158001 adresses traitées
adresse : bulk pour les ids de 3937070 à 3938069
bulk : {
  "took" : 97,
  "errors" :  ...
29: 159001 adresses traitées
adresse : bulk pour les ids de 3938070 à 3939069
bulk : {
  "took" : 97,
  "errors" :  ...
29: 160001 adresses traitées
adresse : bulk pour les ids de 3939070 à 3940069
bulk : {
  "took" : 77,
  "errors" :  ...
29: 161001 adresses traitées
adresse : bulk pour les ids de 3940070 à 3941069
bulk : {
  "took" : 68,
  "errors" :  ...
29: 162001 adresses traitées
29: 163001 adresses traitées
adresse : bulk pour les ids de 3941070 à 3942069
bulk : {
  "took" : 97,
  "errors" :  ...
29: 164001 adresses traitées
adresse : bulk pour les ids de 3942070 à 3943069
bulk : {
  "took" : 73,
  "errors" :  ...
29: 165001 adresses traitées
adresse : bulk pour les ids de 3943070 à 3944069
bulk : {
  "took" : 104,
  "errors" : ...
29: 166001 adresses traitées
adresse : bulk pour les ids de 3944070 à 3945069
bulk : {
  "took" : 92,
  "errors" :  ...
29: 167001 adresses traitées
adresse : bulk pour les ids de 3945070 à 3946069
bulk : {
  "took" : 87,
  "errors" :  ...
29: 168001 adresses traitées
adresse : bulk pour les ids de 3946070 à 3947069
bulk : {
  "took" : 68,
  "errors" :  ...
29: 169001 adresses traitées
adresse : bulk pour les ids de 3947070 à 3948069
bulk : {
  "took" : 102,
  "errors" : ...
29: 170001 adresses traitées
adresse : bulk pour les ids de 3948070 à 3949069
bulk : {
  "took" : 86,
  "errors" :  ...
29: 171001 adresses traitées
adresse : bulk pour les ids de 3949070 à 3950069
bulk : {
  "took" : 79,
  "errors" :  ...
29: 172001 adresses traitées
adresse : bulk pour les ids de 3950070 à 3951069
bulk : {
  "took" : 94,
  "errors" :  ...
29: 173001 adresses traitées
adresse : bulk pour les ids de 3951070 à 3952069
bulk : {
  "took" : 91,
  "errors" :  ...
29: 174001 adresses traitées
adresse : bulk pour les ids de 3952070 à 3953069
bulk : {
  "took" : 98,
  "errors" :  ...
29: 175001 adresses traitées
adresse : bulk pour les ids de 3953070 à 3954069
bulk : {
  "took" : 81,
  "errors" :  ...
29: 176001 adresses traitées
adresse : bulk pour les ids de 3954070 à 3955069
bulk : {
  "took" : 97,
  "errors" :  ...
29: 177001 adresses traitées
adresse : bulk pour les ids de 3955070 à 3956069
bulk : {
  "took" : 76,
  "errors" :  ...
29: 178001 adresses traitées
29: 179001 adresses traitées
adresse : bulk pour les ids de 3956070 à 3957069
bulk : {
  "took" : 74,
  "errors" :  ...
29: 180001 adresses traitées
adresse : bulk pour les ids de 3957070 à 3958069
bulk : {
  "took" : 103,
  "errors" : ...
29: 181001 adresses traitées
adresse : bulk pour les ids de 3958070 à 3959069
bulk : {
  "took" : 99,
  "errors" :  ...
29: 182001 adresses traitées
adresse : bulk pour les ids de 3959070 à 3960069
bulk : {
  "took" : 82,
  "errors" :  ...
29: 183001 adresses traitées
adresse : bulk pour les ids de 3960070 à 3961069
bulk : {
  "took" : 102,
  "errors" : ...
29: 184001 adresses traitées
adresse : bulk pour les ids de 3961070 à 3962069
bulk : {
  "took" : 96,
  "errors" :  ...
29: 185001 adresses traitées
adresse : bulk pour les ids de 3962070 à 3963069
bulk : {
  "took" : 79,
  "errors" :  ...
29: 186001 adresses traitées
adresse : bulk pour les ids de 3963070 à 3964069
bulk : {
  "took" : 69,
  "errors" :  ...
29: 187001 adresses traitées
adresse : bulk pour les ids de 3964070 à 3965069
bulk : {
  "took" : 94,
  "errors" :  ...
29: 188001 adresses traitées
adresse : bulk pour les ids de 3965070 à 3966069
bulk : {
  "took" : 68,
  "errors" :  ...
29: 189001 adresses traitées
adresse : bulk pour les ids de 3966070 à 3967069
bulk : {
  "took" : 77,
  "errors" :  ...
29: 190001 adresses traitées
adresse : bulk pour les ids de 3967070 à 3968069
bulk : {
  "took" : 92,
  "errors" :  ...
29: 191001 adresses traitées
adresse : bulk pour les ids de 3968070 à 3969069
bulk : {
  "took" : 69,
  "errors" :  ...
29: 192001 adresses traitées
adresse : bulk pour les ids de 3969070 à 3970069
bulk : {
  "took" : 97,
  "errors" :  ...
29: 193001 adresses traitées
adresse : bulk pour les ids de 3970070 à 3971069
bulk : {
  "took" : 70,
  "errors" :  ...
29: 194001 adresses traitées
adresse : bulk pour les ids de 3971070 à 3972069
bulk : {
  "took" : 96,
  "errors" :  ...
29: 195001 adresses traitées
adresse : bulk pour les ids de 3972070 à 3973069
bulk : {
  "took" : 84,
  "errors" :  ...
29: 196001 adresses traitées
adresse : bulk pour les ids de 3973070 à 3974069
bulk : {
  "took" : 91,
  "errors" :  ...
29: 197001 adresses traitées
29: 198001 adresses traitées
adresse : bulk pour les ids de 3974070 à 3975069
bulk : {
  "took" : 95,
  "errors" :  ...
29: 199001 adresses traitées
adresse : bulk pour les ids de 3975070 à 3976069
bulk : {
  "took" : 98,
  "errors" :  ...
29: 200001 adresses traitées
adresse : bulk pour les ids de 3976070 à 3977069
bulk : {
  "took" : 75,
  "errors" :  ...
29: 201001 adresses traitées
adresse : bulk pour les ids de 3977070 à 3978069
bulk : {
  "took" : 92,
  "errors" :  ...
29: 202001 adresses traitées
adresse : bulk pour les ids de 3978070 à 3979069
bulk : {
  "took" : 81,
  "errors" :  ...
29: 203001 adresses traitées
adresse : bulk pour les ids de 3979070 à 3980069
bulk : {
  "took" : 67,
  "errors" :  ...
29: 204001 adresses traitées
adresse : bulk pour les ids de 3980070 à 3981069
bulk : {
  "took" : 76,
  "errors" :  ...
29: 205001 adresses traitées
adresse : bulk pour les ids de 3981070 à 3982069
bulk : {
  "took" : 89,
  "errors" :  ...
29: 206001 adresses traitées
adresse : bulk pour les ids de 3982070 à 3983069
bulk : {
  "took" : 76,
  "errors" :  ...
29: 207001 adresses traitées
adresse : bulk pour les ids de 3983070 à 3984069
bulk : {
  "took" : 90,
  "errors" :  ...
29: 208001 adresses traitées
adresse : bulk pour les ids de 3984070 à 3985069
bulk : {
  "took" : 76,
  "errors" :  ...
29: 209001 adresses traitées
adresse : bulk pour les ids de 3985070 à 3986069
bulk : {
  "took" : 84,
  "errors" :  ...
29: 210001 adresses traitées
adresse : bulk pour les ids de 3986070 à 3987069
bulk : {
  "took" : 96,
  "errors" :  ...
29: 211001 adresses traitées
adresse : bulk pour les ids de 3987070 à 3988069
bulk : {
  "took" : 91,
  "errors" :  ...
29: 212001 adresses traitées
adresse : bulk pour les ids de 3988070 à 3989069
bulk : {
  "took" : 71,
  "errors" :  ...
29: 213001 adresses traitées
adresse : bulk pour les ids de 3989070 à 3990069
bulk : {
  "took" : 99,
  "errors" :  ...
29: 214001 adresses traitées
29: 215001 adresses traitées
adresse : bulk pour les ids de 3990070 à 3991069
bulk : {
  "took" : 70,
  "errors" :  ...
29: 216001 adresses traitées
adresse : bulk pour les ids de 3991070 à 3992069
bulk : {
  "took" : 98,
  "errors" :  ...
29: 217001 adresses traitées
adresse : bulk pour les ids de 3992070 à 3993069
bulk : {
  "took" : 92,
  "errors" :  ...
29: 218001 adresses traitées
adresse : bulk pour les ids de 3993070 à 3994069
bulk : {
  "took" : 87,
  "errors" :  ...
29: 219001 adresses traitées
adresse : bulk pour les ids de 3994070 à 3995069
bulk : {
  "took" : 75,
  "errors" :  ...
29: 220001 adresses traitées
adresse : bulk pour les ids de 3995070 à 3996069
bulk : {
  "took" : 87,
  "errors" :  ...
29: 221001 adresses traitées
adresse : bulk pour les ids de 3996070 à 3997069
bulk : {
  "took" : 76,
  "errors" :  ...
29: 222001 adresses traitées
adresse : bulk pour les ids de 3997070 à 3998069
bulk : {
  "took" : 67,
  "errors" :  ...
29: 223001 adresses traitées
adresse : bulk pour les ids de 3998070 à 3999069
bulk : {
  "took" : 98,
  "errors" :  ...
29: 224001 adresses traitées
adresse : bulk pour les ids de 3999070 à 4000069
bulk : {
  "took" : 68,
  "errors" :  ...
29: 225001 adresses traitées
adresse : bulk pour les ids de 4000070 à 4001069
bulk : {
  "took" : 75,
  "errors" :  ...
29: 226001 adresses traitées
adresse : bulk pour les ids de 4001070 à 4002069
bulk : {
  "took" : 90,
  "errors" :  ...
29: 227001 adresses traitées
29: 228001 adresses traitées
adresse : bulk pour les ids de 4002070 à 4003069
bulk : {
  "took" : 75,
  "errors" :  ...
29: 229001 adresses traitées
adresse : bulk pour les ids de 4003070 à 4004069
bulk : {
  "took" : 89,
  "errors" :  ...
29: 230001 adresses traitées
adresse : bulk pour les ids de 4004070 à 4005069
bulk : {
  "took" : 77,
  "errors" :  ...
29: 231001 adresses traitées
adresse : bulk pour les ids de 4005070 à 4006069
bulk : {
  "took" : 91,
  "errors" :  ...
29: 232001 adresses traitées
adresse : bulk pour les ids de 4006070 à 4007069
bulk : {
  "took" : 92,
  "errors" :  ...
29: 233001 adresses traitées
adresse : bulk pour les ids de 4007070 à 4008069
bulk : {
  "took" : 67,
  "errors" :  ...
29: 234001 adresses traitées
adresse : bulk pour les ids de 4008070 à 4009069
bulk : {
  "took" : 96,
  "errors" :  ...
29: 235001 adresses traitées
adresse : bulk pour les ids de 4009070 à 4010069
bulk : {
  "took" : 67,
  "errors" :  ...
29: 236001 adresses traitées
adresse : bulk pour les ids de 4010070 à 4011069
bulk : {
  "took" : 97,
  "errors" :  ...
29: 237001 adresses traitées
adresse : bulk pour les ids de 4011070 à 4012069
bulk : {
  "took" : 94,
  "errors" :  ...
29: 238001 adresses traitées
adresse : bulk pour les ids de 4012070 à 4013069
bulk : {
  "took" : 94,
  "errors" :  ...
29: 239001 adresses traitées
adresse : bulk pour les ids de 4013070 à 4014069
bulk : {
  "took" : 67,
  "errors" :  ...
29: 240001 adresses traitées
adresse : bulk pour les ids de 4014070 à 4015069
bulk : {
  "took" : 94,
  "errors" :  ...
29: 241001 adresses traitées
adresse : bulk pour les ids de 4015070 à 4016069
bulk : {
  "took" : 86,
  "errors" :  ...
29: 242001 adresses traitées
adresse : bulk pour les ids de 4016070 à 4017069
bulk : {
  "took" : 76,
  "errors" :  ...
29: 243001 adresses traitées
adresse : bulk pour les ids de 4017070 à 4018069
bulk : {
  "took" : 86,
  "errors" :  ...
29: 244001 adresses traitées
adresse : bulk pour les ids de 4018070 à 4019069
bulk : {
  "took" : 102,
  "errors" : ...
29: 245001 adresses traitées
adresse : bulk pour les ids de 4019070 à 4020069
bulk : {
  "took" : 75,
  "errors" :  ...
29: 246001 adresses traitées
adresse : bulk pour les ids de 4020070 à 4021069
bulk : {
  "took" : 93,
  "errors" :  ...
29: 247001 adresses traitées
adresse : bulk pour les ids de 4021070 à 4022069
bulk : {
  "took" : 66,
  "errors" :  ...
29: 248001 adresses traitées
adresse : bulk pour les ids de 4022070 à 4023069
bulk : {
  "took" : 98,
  "errors" :  ...
29: 249001 adresses traitées
adresse : bulk pour les ids de 4023070 à 4024069
bulk : {
  "took" : 66,
  "errors" :  ...
29: 250001 adresses traitées
adresse : bulk pour les ids de 4024070 à 4025069
bulk : {
  "took" : 91,
  "errors" :  ...
29: 251001 adresses traitées
adresse : bulk pour les ids de 4025070 à 4026069
bulk : {
  "took" : 94,
  "errors" :  ...
29: 252001 adresses traitées
adresse : bulk pour les ids de 4026070 à 4027069
bulk : {
  "took" : 76,
  "errors" :  ...
29: 253001 adresses traitées
adresse : bulk pour les ids de 4027070 à 4028069
bulk : {
  "took" : 91,
  "errors" :  ...
29: 254001 adresses traitées
adresse : bulk pour les ids de 4028070 à 4029069
bulk : {
  "took" : 105,
  "errors" : ...
29: 255001 adresses traitées
adresse : bulk pour les ids de 4029070 à 4030069
bulk : {
  "took" : 67,
  "errors" :  ...
29: 256001 adresses traitées
adresse : bulk pour les ids de 4030070 à 4031069
bulk : {
  "took" : 93,
  "errors" :  ...
29: 257001 adresses traitées
adresse : bulk pour les ids de 4031070 à 4032069
bulk : {
  "took" : 86,
  "errors" :  ...
29: 258001 adresses traitées
adresse : bulk pour les ids de 4032070 à 4033069
bulk : {
  "took" : 79,
  "errors" :  ...
29: 259001 adresses traitées
adresse : bulk pour les ids de 4033070 à 4034069
bulk : {
  "took" : 92,
  "errors" :  ...
29: 260001 adresses traitées
adresse : bulk pour les ids de 4034070 à 4035069
bulk : {
  "took" : 100,
  "errors" : ...
29: 261001 adresses traitées
adresse : bulk pour les ids de 4035070 à 4036069
bulk : {
  "took" : 73,
  "errors" :  ...
29: 262001 adresses traitées
adresse : bulk pour les ids de 4036070 à 4037069
bulk : {
  "took" : 98,
  "errors" :  ...
29: 263001 adresses traitées
29: 264001 adresses traitées
adresse : bulk pour les ids de 4037070 à 4038069
bulk : {
  "took" : 94,
  "errors" :  ...
29: 265001 adresses traitées
adresse : bulk pour les ids de 4038070 à 4039069
bulk : {
  "took" : 75,
  "errors" :  ...
29: 266001 adresses traitées
adresse : bulk pour les ids de 4039070 à 4040069
bulk : {
  "took" : 92,
  "errors" :  ...
29: 267001 adresses traitées
adresse : bulk pour les ids de 4040070 à 4041069
bulk : {
  "took" : 79,
  "errors" :  ...
29: 268001 adresses traitées
adresse : bulk pour les ids de 4041070 à 4042069
bulk : {
  "took" : 99,
  "errors" :  ...
29: 269001 adresses traitées
adresse : bulk pour les ids de 4042070 à 4043069
bulk : {
  "took" : 105,
  "errors" : ...
29: 270001 adresses traitées
adresse : bulk pour les ids de 4043070 à 4044069
bulk : {
  "took" : 68,
  "errors" :  ...
29: 271001 adresses traitées
adresse : bulk pour les ids de 4044070 à 4045069
bulk : {
  "took" : 94,
  "errors" :  ...
29: 272001 adresses traitées
adresse : bulk pour les ids de 4045070 à 4046069
bulk : {
  "took" : 71,
  "errors" :  ...
29: 273001 adresses traitées
adresse : bulk pour les ids de 4046070 à 4047069
bulk : {
  "took" : 78,
  "errors" :  ...
29: 274001 adresses traitées
adresse : bulk pour les ids de 4047070 à 4048069
bulk : {
  "took" : 95,
  "errors" :  ...
29: 275001 adresses traitées
adresse : bulk pour les ids de 4048070 à 4049069
bulk : {
  "took" : 98,
  "errors" :  ...
29: 276001 adresses traitées
adresse : bulk pour les ids de 4049070 à 4050069
bulk : {
  "took" : 69,
  "errors" :  ...
29: 277001 adresses traitées
adresse : bulk pour les ids de 4050070 à 4051069
bulk : {
  "took" : 98,
  "errors" :  ...
29: 278001 adresses traitées
29: 279001 adresses traitées
adresse : bulk pour les ids de 4051070 à 4052069
bulk : {
  "took" : 94,
  "errors" :  ...
29: 280001 adresses traitées
adresse : bulk pour les ids de 4052070 à 4053069
bulk : {
  "took" : 78,
  "errors" :  ...
29: 281001 adresses traitées
adresse : bulk pour les ids de 4053070 à 4054069
bulk : {
  "took" : 98,
  "errors" :  ...
29: 282001 adresses traitées
adresse : bulk pour les ids de 4054070 à 4055069
bulk : {
  "took" : 77,
  "errors" :  ...
29: 283001 adresses traitées
adresse : bulk pour les ids de 4055070 à 4056069
bulk : {
  "took" : 68,
  "errors" :  ...
29: 284001 adresses traitées
adresse : bulk pour les ids de 4056070 à 4057069
bulk : {
  "took" : 93,
  "errors" :  ...
29: 285001 adresses traitées
adresse : bulk pour les ids de 4057070 à 4058069
bulk : {
  "took" : 69,
  "errors" :  ...
29: 286001 adresses traitées
adresse : bulk pour les ids de 4058070 à 4059069
bulk : {
  "took" : 101,
  "errors" : ...
29: 287001 adresses traitées
adresse : bulk pour les ids de 4059070 à 4060069
bulk : {
  "took" : 73,
  "errors" :  ...
29: 288001 adresses traitées
adresse : bulk pour les ids de 4060070 à 4061069
bulk : {
  "took" : 101,
  "errors" : ...
29: 289001 adresses traitées
adresse : bulk pour les ids de 4061070 à 4062069
bulk : {
  "took" : 100,
  "errors" : ...
29: 290001 adresses traitées
adresse : bulk pour les ids de 4062070 à 4063069
bulk : {
  "took" : 77,
  "errors" :  ...
29: 291001 adresses traitées
adresse : bulk pour les ids de 4063070 à 4064069
bulk : {
  "took" : 99,
  "errors" :  ...
29: 292001 adresses traitées
adresse : bulk pour les ids de 4064070 à 4065069
bulk : {
  "took" : 94,
  "errors" :  ...
29: 293001 adresses traitées
adresse : bulk pour les ids de 4065070 à 4066069
bulk : {
  "took" : 67,
  "errors" :  ...
29: 294001 adresses traitées
adresse : bulk pour les ids de 4066070 à 4067069
bulk : {
  "took" : 100,
  "errors" : ...
29: 295001 adresses traitées
adresse : bulk pour les ids de 4067070 à 4068069
bulk : {
  "took" : 92,
  "errors" :  ...
29: 296001 adresses traitées
adresse : bulk pour les ids de 4068070 à 4069069
bulk : {
  "took" : 78,
  "errors" :  ...
29: 297001 adresses traitées
29: 298001 adresses traitées
adresse : bulk pour les ids de 4069070 à 4070069
bulk : {
  "took" : 86,
  "errors" :  ...
29: 299001 adresses traitées
adresse : bulk pour les ids de 4070070 à 4071069
bulk : {
  "took" : 98,
  "errors" :  ...
29: 300001 adresses traitées
adresse : bulk pour les ids de 4071070 à 4072069
bulk : {
  "took" : 68,
  "errors" :  ...
29: 301001 adresses traitées
adresse : bulk pour les ids de 4072070 à 4073069
bulk : {
  "took" : 99,
  "errors" :  ...
29: 302001 adresses traitées
adresse : bulk pour les ids de 4073070 à 4074069
bulk : {
  "took" : 89,
  "errors" :  ...
29: 303001 adresses traitées
adresse : bulk pour les ids de 4074070 à 4075069
bulk : {
  "took" : 76,
  "errors" :  ...
29: 304001 adresses traitées
adresse : bulk pour les ids de 4075070 à 4076069
bulk : {
  "took" : 88,
  "errors" :  ...
29: 305001 adresses traitées
adresse : bulk pour les ids de 4076070 à 4077069
bulk : {
  "took" : 78,
  "errors" :  ...
29: 306001 adresses traitées
adresse : bulk pour les ids de 4077070 à 4078069
bulk : {
  "took" : 86,
  "errors" :  ...
29: 307001 adresses traitées
adresse : bulk pour les ids de 4078070 à 4079069
bulk : {
  "took" : 77,
  "errors" :  ...
29: 308001 adresses traitées
adresse : bulk pour les ids de 4079070 à 4080069
bulk : {
  "took" : 93,
  "errors" :  ...
29: 309001 adresses traitées
adresse : bulk pour les ids de 4080070 à 4081069
bulk : {
  "took" : 96,
  "errors" :  ...
29: 310001 adresses traitées
adresse : bulk pour les ids de 4081070 à 4082069
bulk : {
  "took" : 68,
  "errors" :  ...
29: 311001 adresses traitées
29: 312001 adresses traitées
adresse : bulk pour les ids de 4082070 à 4083069
bulk : {
  "took" : 99,
  "errors" :  ...
29: 313001 adresses traitées
adresse : bulk pour les ids de 4083070 à 4084069
bulk : {
  "took" : 85,
  "errors" :  ...
29: 314001 adresses traitées
adresse : bulk pour les ids de 4084070 à 4085069
bulk : {
  "took" : 94,
  "errors" :  ...
29: 315001 adresses traitées
adresse : bulk pour les ids de 4085070 à 4086069
bulk : {
  "took" : 78,
  "errors" :  ...
29: 316001 adresses traitées
adresse : bulk pour les ids de 4086070 à 4087069
bulk : {
  "took" : 87,
  "errors" :  ...
29: 317001 adresses traitées
adresse : bulk pour les ids de 4087070 à 4088069
bulk : {
  "took" : 98,
  "errors" :  ...
29: 318001 adresses traitées
adresse : bulk pour les ids de 4088070 à 4089069
bulk : {
  "took" : 69,
  "errors" :  ...
29: 319001 adresses traitées
29: 320001 adresses traitées
adresse : bulk pour les ids de 4089070 à 4090069
bulk : {
  "took" : 96,
  "errors" :  ...
29: 321001 adresses traitées
adresse : bulk pour les ids de 4090070 à 4091069
bulk : {
  "took" : 86,
  "errors" :  ...
29: 322001 adresses traitées
adresse : bulk pour les ids de 4091070 à 4092069
bulk : {
  "took" : 76,
  "errors" :  ...
29: 323001 adresses traitées
adresse : bulk pour les ids de 4092070 à 4093069
bulk : {
  "took" : 97,
  "errors" :  ...
29: 324001 adresses traitées
adresse : bulk pour les ids de 4093070 à 4094069
bulk : {
  "took" : 78,
  "errors" :  ...
29: 325001 adresses traitées
adresse : bulk pour les ids de 4094070 à 4095069
bulk : {
  "took" : 90,
  "errors" :  ...
29: 326001 adresses traitées
29: 327001 adresses traitées
adresse : bulk pour les ids de 4095070 à 4096069
bulk : {
  "took" : 79,
  "errors" :  ...
29: 328001 adresses traitées
adresse : bulk pour les ids de 4096070 à 4097069
bulk : {
  "took" : 91,
  "errors" :  ...
29: 329001 adresses traitées
adresse : bulk pour les ids de 4097070 à 4098069
bulk : {
  "took" : 99,
  "errors" :  ...
29: 330001 adresses traitées
adresse : bulk pour les ids de 4098070 à 4099069
bulk : {
  "took" : 68,
  "errors" :  ...
29: 331001 adresses traitées
adresse : bulk pour les ids de 4099070 à 4100069
bulk : {
  "took" : 96,
  "errors" :  ...
29: 332001 adresses traitées
adresse : bulk pour les ids de 4100070 à 4101069
bulk : {
  "took" : 93,
  "errors" :  ...
29: 333001 adresses traitées
adresse : bulk pour les ids de 4101070 à 4102069
bulk : {
  "took" : 76,
  "errors" :  ...
29: 334001 adresses traitées
adresse : bulk pour les ids de 4102070 à 4103069
bulk : {
  "took" : 95,
  "errors" :  ...
29: 335001 adresses traitées
adresse : bulk pour les ids de 4103070 à 4104069
bulk : {
  "took" : 95,
  "errors" :  ...
29: 336001 adresses traitées
adresse : bulk pour les ids de 4104070 à 4105069
bulk : {
  "took" : 77,
  "errors" :  ...
29: 337001 adresses traitées
29: 338001 adresses traitées
adresse : bulk pour les ids de 4105070 à 4106069
bulk : {
  "took" : 77,
  "errors" :  ...
29: 339001 adresses traitées
adresse : bulk pour les ids de 4106070 à 4107069
bulk : {
  "took" : 90,
  "errors" :  ...
29: 340001 adresses traitées
adresse : bulk pour les ids de 4107070 à 4108069
bulk : {
  "took" : 79,
  "errors" :  ...
29: 341001 adresses traitées
adresse : bulk pour les ids de 4108070 à 4109069
bulk : {
  "took" : 91,
  "errors" :  ...
29: 342001 adresses traitées
adresse : bulk pour les ids de 4109070 à 4110069
bulk : {
  "took" : 76,
  "errors" :  ...
29: 343001 adresses traitées
adresse : bulk pour les ids de 4110070 à 4111069
bulk : {
  "took" : 68,
  "errors" :  ...
29: 344001 adresses traitées
adresse : bulk pour les ids de 4111070 à 4112069
bulk : {
  "took" : 98,
  "errors" :  ...
29: 345001 adresses traitées
adresse : bulk pour les ids de 4112070 à 4113069
bulk : {
  "took" : 69,
  "errors" :  ...
29: 346001 adresses traitées
adresse : bulk pour les ids de 4113070 à 4114069
bulk : {
  "took" : 101,
  "errors" : ...
29: 347001 adresses traitées
adresse : bulk pour les ids de 4114070 à 4115069
bulk : {
  "took" : 68,
  "errors" :  ...
29: 348001 adresses traitées
adresse : bulk pour les ids de 4115070 à 4116069
bulk : {
  "took" : 101,
  "errors" : ...
29: 349001 adresses traitées
adresse : bulk pour les ids de 4116070 à 4117069
bulk : {
  "took" : 88,
  "errors" :  ...
29: 350001 adresses traitées
adresse : bulk pour les ids de 4117070 à 4118069
bulk : {
  "took" : 78,
  "errors" :  ...
29: 351001 adresses traitées
adresse : bulk pour les ids de 4118070 à 4119069
bulk : {
  "took" : 90,
  "errors" :  ...
29: 352001 adresses traitées
adresse : bulk pour les ids de 4119070 à 4119934
bulk : {
  "took" : 68,
  "errors" :  ...
dpt 30 : voies
30: 1 voies traitées
voie : bulk pour les ids de 330156 à 330355
bulk : {
  "took" : 13,
  "errors" :  ...
30: 201 voies traitées
voie : bulk pour les ids de 330356 à 330555
bulk : {
  "took" : 13,
  "errors" :  ...
30: 401 voies traitées
voie : bulk pour les ids de 330556 à 330755
bulk : {
  "took" : 12,
  "errors" :  ...
30: 601 voies traitées
voie : bulk pour les ids de 330756 à 330955
bulk : {
  "took" : 12,
  "errors" :  ...
30: 801 voies traitées
voie : bulk pour les ids de 330956 à 331155
bulk : {
  "took" : 12,
  "errors" :  ...
30: 1001 voies traitées
voie : bulk pour les ids de 331156 à 331355
bulk : {
  "took" : 13,
  "errors" :  ...
30: 1201 voies traitées
voie : bulk pour les ids de 331356 à 331555
bulk : {
  "took" : 12,
  "errors" :  ...
30: 1401 voies traitées
voie : bulk pour les ids de 331556 à 331755
bulk : {
  "took" : 12,
  "errors" :  ...
30: 1601 voies traitées
voie : bulk pour les ids de 331756 à 331955
bulk : {
  "took" : 34,
  "errors" :  ...
30: 1801 voies traitées
voie : bulk pour les ids de 331956 à 332155
bulk : {
  "took" : 12,
  "errors" :  ...
30: 2001 voies traitées
voie : bulk pour les ids de 332156 à 332355
bulk : {
  "took" : 12,
  "errors" :  ...
30: 2201 voies traitées
voie : bulk pour les ids de 332356 à 332555
bulk : {
  "took" : 12,
  "errors" :  ...
30: 2401 voies traitées
voie : bulk pour les ids de 332556 à 332755
bulk : {
  "took" : 13,
  "errors" :  ...
30: 2601 voies traitées
voie : bulk pour les ids de 332756 à 332955
bulk : {
  "took" : 12,
  "errors" :  ...
30: 2801 voies traitées
voie : bulk pour les ids de 332956 à 333155
bulk : {
  "took" : 12,
  "errors" :  ...
30: 3001 voies traitées
voie : bulk pour les ids de 333156 à 333355
bulk : {
  "took" : 12,
  "errors" :  ...
30: 3201 voies traitées
voie : bulk pour les ids de 333356 à 333555
bulk : {
  "took" : 12,
  "errors" :  ...
30: 3401 voies traitées
voie : bulk pour les ids de 333556 à 333755
bulk : {
  "took" : 12,
  "errors" :  ...
30: 3601 voies traitées
voie : bulk pour les ids de 333756 à 333955
bulk : {
  "took" : 37,
  "errors" :  ...
30: 3801 voies traitées
voie : bulk pour les ids de 333956 à 334155
bulk : {
  "took" : 12,
  "errors" :  ...
30: 4001 voies traitées
voie : bulk pour les ids de 334156 à 334355
bulk : {
  "took" : 13,
  "errors" :  ...
30: 4201 voies traitées
voie : bulk pour les ids de 334356 à 334555
bulk : {
  "took" : 11,
  "errors" :  ...
30: 4401 voies traitées
voie : bulk pour les ids de 334556 à 334755
bulk : {
  "took" : 12,
  "errors" :  ...
30: 4601 voies traitées
voie : bulk pour les ids de 334756 à 334955
bulk : {
  "took" : 13,
  "errors" :  ...
30: 4801 voies traitées
voie : bulk pour les ids de 334956 à 335155
bulk : {
  "took" : 12,
  "errors" :  ...
30: 5001 voies traitées
voie : bulk pour les ids de 335156 à 335355
bulk : {
  "took" : 13,
  "errors" :  ...
30: 5201 voies traitées
voie : bulk pour les ids de 335356 à 335555
bulk : {
  "took" : 13,
  "errors" :  ...
30: 5401 voies traitées
voie : bulk pour les ids de 335556 à 335755
bulk : {
  "took" : 59,
  "errors" :  ...
30: 5601 voies traitées
voie : bulk pour les ids de 335756 à 335955
bulk : {
  "took" : 24,
  "errors" :  ...
30: 5801 voies traitées
voie : bulk pour les ids de 335956 à 336155
bulk : {
  "took" : 12,
  "errors" :  ...
30: 6001 voies traitées
voie : bulk pour les ids de 336156 à 336355
bulk : {
  "took" : 29,
  "errors" :  ...
30: 6201 voies traitées
voie : bulk pour les ids de 336356 à 336555
bulk : {
  "took" : 13,
  "errors" :  ...
30: 6401 voies traitées
voie : bulk pour les ids de 336556 à 336755
bulk : {
  "took" : 13,
  "errors" :  ...
30: 6601 voies traitées
voie : bulk pour les ids de 336756 à 336955
bulk : {
  "took" : 14,
  "errors" :  ...
30: 6801 voies traitées
voie : bulk pour les ids de 336956 à 337155
bulk : {
  "took" : 13,
  "errors" :  ...
30: 7001 voies traitées
voie : bulk pour les ids de 337156 à 337355
bulk : {
  "took" : 14,
  "errors" :  ...
30: 7201 voies traitées
voie : bulk pour les ids de 337356 à 337555
bulk : {
  "took" : 13,
  "errors" :  ...
30: 7401 voies traitées
voie : bulk pour les ids de 337556 à 337755
bulk : {
  "took" : 22,
  "errors" :  ...
30: 7601 voies traitées
voie : bulk pour les ids de 337756 à 337955
bulk : {
  "took" : 14,
  "errors" :  ...
30: 7801 voies traitées
voie : bulk pour les ids de 337956 à 338155
bulk : {
  "took" : 30,
  "errors" :  ...
30: 8001 voies traitées
voie : bulk pour les ids de 338156 à 338355
bulk : {
  "took" : 13,
  "errors" :  ...
30: 8201 voies traitées
voie : bulk pour les ids de 338356 à 338555
bulk : {
  "took" : 12,
  "errors" :  ...
30: 8401 voies traitées
voie : bulk pour les ids de 338556 à 338755
bulk : {
  "took" : 12,
  "errors" :  ...
30: 8601 voies traitées
voie : bulk pour les ids de 338756 à 338955
bulk : {
  "took" : 12,
  "errors" :  ...
30: 8801 voies traitées
voie : bulk pour les ids de 338956 à 339155
bulk : {
  "took" : 13,
  "errors" :  ...
30: 9001 voies traitées
voie : bulk pour les ids de 339156 à 339355
bulk : {
  "took" : 12,
  "errors" :  ...
30: 9201 voies traitées
voie : bulk pour les ids de 339356 à 339555
bulk : {
  "took" : 13,
  "errors" :  ...
30: 9401 voies traitées
voie : bulk pour les ids de 339556 à 339755
bulk : {
  "took" : 13,
  "errors" :  ...
30: 9601 voies traitées
voie : bulk pour les ids de 339756 à 339955
bulk : {
  "took" : 12,
  "errors" :  ...
30: 9801 voies traitées
voie : bulk pour les ids de 339956 à 340155
bulk : {
  "took" : 12,
  "errors" :  ...
30: 10001 voies traitées
voie : bulk pour les ids de 340156 à 340355
bulk : {
  "took" : 27,
  "errors" :  ...
30: 10201 voies traitées
voie : bulk pour les ids de 340356 à 340555
bulk : {
  "took" : 12,
  "errors" :  ...
30: 10401 voies traitées
voie : bulk pour les ids de 340556 à 340755
bulk : {
  "took" : 13,
  "errors" :  ...
30: 10601 voies traitées
voie : bulk pour les ids de 340756 à 340955
bulk : {
  "took" : 13,
  "errors" :  ...
30: 10801 voies traitées
voie : bulk pour les ids de 340956 à 341155
bulk : {
  "took" : 12,
  "errors" :  ...
30: 11001 voies traitées
voie : bulk pour les ids de 341156 à 341355
bulk : {
  "took" : 18,
  "errors" :  ...
30: 11201 voies traitées
voie : bulk pour les ids de 341356 à 341555
bulk : {
  "took" : 13,
  "errors" :  ...
30: 11401 voies traitées
voie : bulk pour les ids de 341556 à 341755
bulk : {
  "took" : 12,
  "errors" :  ...
30: 11601 voies traitées
voie : bulk pour les ids de 341756 à 341955
bulk : {
  "took" : 12,
  "errors" :  ...
30: 11801 voies traitées
voie : bulk pour les ids de 341956 à 342155
bulk : {
  "took" : 27,
  "errors" :  ...
30: 12001 voies traitées
voie : bulk pour les ids de 342156 à 342355
bulk : {
  "took" : 12,
  "errors" :  ...
30: 12201 voies traitées
voie : bulk pour les ids de 342356 à 342555
bulk : {
  "took" : 12,
  "errors" :  ...
30: 12401 voies traitées
voie : bulk pour les ids de 342556 à 342755
bulk : {
  "took" : 12,
  "errors" :  ...
30: 12601 voies traitées
voie : bulk pour les ids de 342756 à 342955
bulk : {
  "took" : 44,
  "errors" :  ...
30: 12801 voies traitées
voie : bulk pour les ids de 342956 à 343155
bulk : {
  "took" : 12,
  "errors" :  ...
30: 13001 voies traitées
voie : bulk pour les ids de 343156 à 343355
bulk : {
  "took" : 13,
  "errors" :  ...
30: 13201 voies traitées
voie : bulk pour les ids de 343356 à 343555
bulk : {
  "took" : 12,
  "errors" :  ...
30: 13401 voies traitées
voie : bulk pour les ids de 343556 à 343755
bulk : {
  "took" : 12,
  "errors" :  ...
30: 13601 voies traitées
voie : bulk pour les ids de 343756 à 343955
bulk : {
  "took" : 13,
  "errors" :  ...
30: 13801 voies traitées
voie : bulk pour les ids de 343956 à 344155
bulk : {
  "took" : 12,
  "errors" :  ...
30: 14001 voies traitées
voie : bulk pour les ids de 344156 à 344355
bulk : {
  "took" : 31,
  "errors" :  ...
30: 14201 voies traitées
voie : bulk pour les ids de 344356 à 344555
bulk : {
  "took" : 13,
  "errors" :  ...
30: 14401 voies traitées
voie : bulk pour les ids de 344556 à 344755
bulk : {
  "took" : 12,
  "errors" :  ...
30: 14601 voies traitées
voie : bulk pour les ids de 344756 à 344955
bulk : {
  "took" : 15,
  "errors" :  ...
30: 14801 voies traitées
voie : bulk pour les ids de 344956 à 345155
bulk : {
  "took" : 25,
  "errors" :  ...
30: 15001 voies traitées
voie : bulk pour les ids de 345156 à 345355
bulk : {
  "took" : 13,
  "errors" :  ...
30: 15201 voies traitées
voie : bulk pour les ids de 345356 à 345555
bulk : {
  "took" : 13,
  "errors" :  ...
30: 15401 voies traitées
voie : bulk pour les ids de 345556 à 345755
bulk : {
  "took" : 13,
  "errors" :  ...
30: 15601 voies traitées
voie : bulk pour les ids de 345756 à 345955
bulk : {
  "took" : 13,
  "errors" :  ...
30: 15801 voies traitées
voie : bulk pour les ids de 345956 à 346155
bulk : {
  "took" : 32,
  "errors" :  ...
30: 16001 voies traitées
voie : bulk pour les ids de 346156 à 346355
bulk : {
  "took" : 13,
  "errors" :  ...
30: 16201 voies traitées
voie : bulk pour les ids de 346356 à 346555
bulk : {
  "took" : 13,
  "errors" :  ...
30: 16401 voies traitées
voie : bulk pour les ids de 346556 à 346755
bulk : {
  "took" : 12,
  "errors" :  ...
30: 16601 voies traitées
voie : bulk pour les ids de 346756 à 346955
bulk : {
  "took" : 13,
  "errors" :  ...
30: 16801 voies traitées
voie : bulk pour les ids de 346956 à 347155
bulk : {
  "took" : 13,
  "errors" :  ...
30: 17001 voies traitées
voie : bulk pour les ids de 347156 à 347355
bulk : {
  "took" : 13,
  "errors" :  ...
30: 17201 voies traitées
voie : bulk pour les ids de 347356 à 347555
bulk : {
  "took" : 12,
  "errors" :  ...
30: 17401 voies traitées
voie : bulk pour les ids de 347556 à 347755
bulk : {
  "took" : 13,
  "errors" :  ...
30: 17601 voies traitées
voie : bulk pour les ids de 347756 à 347955
bulk : {
  "took" : 14,
  "errors" :  ...
30: 17801 voies traitées
voie : bulk pour les ids de 347956 à 348155
bulk : {
  "took" : 33,
  "errors" :  ...
30: 18001 voies traitées
voie : bulk pour les ids de 348156 à 348355
bulk : {
  "took" : 16,
  "errors" :  ...
30: 18201 voies traitées
voie : bulk pour les ids de 348356 à 348555
bulk : {
  "took" : 22,
  "errors" :  ...
30: 18401 voies traitées
voie : bulk pour les ids de 348556 à 348755
bulk : {
  "took" : 13,
  "errors" :  ...
30: 18601 voies traitées
voie : bulk pour les ids de 348756 à 348955
bulk : {
  "took" : 16,
  "errors" :  ...
30: 18801 voies traitées
voie : bulk pour les ids de 348956 à 349155
bulk : {
  "took" : 13,
  "errors" :  ...
30: 19001 voies traitées
voie : bulk pour les ids de 349156 à 349355
bulk : {
  "took" : 13,
  "errors" :  ...
30: 19201 voies traitées
voie : bulk pour les ids de 349356 à 349555
bulk : {
  "took" : 13,
  "errors" :  ...
30: 19401 voies traitées
voie : bulk pour les ids de 349556 à 349755
bulk : {
  "took" : 12,
  "errors" :  ...
30: 19601 voies traitées
voie : bulk pour les ids de 349756 à 349955
bulk : {
  "took" : 34,
  "errors" :  ...
30: 19801 voies traitées
voie : bulk pour les ids de 349956 à 350155
bulk : {
  "took" : 12,
  "errors" :  ...
30: 20001 voies traitées
voie : bulk pour les ids de 350156 à 350355
bulk : {
  "took" : 12,
  "errors" :  ...
30: 20201 voies traitées
voie : bulk pour les ids de 350356 à 350555
bulk : {
  "took" : 13,
  "errors" :  ...
30: 20401 voies traitées
voie : bulk pour les ids de 350556 à 350755
bulk : {
  "took" : 12,
  "errors" :  ...
30: 20601 voies traitées
voie : bulk pour les ids de 350756 à 350955
bulk : {
  "took" : 13,
  "errors" :  ...
30: 20801 voies traitées
voie : bulk pour les ids de 350956 à 351155
bulk : {
  "took" : 13,
  "errors" :  ...
30: 21001 voies traitées
voie : bulk pour les ids de 351156 à 351355
bulk : {
  "took" : 13,
  "errors" :  ...
30: 21201 voies traitées
voie : bulk pour les ids de 351356 à 351555
bulk : {
  "took" : 13,
  "errors" :  ...
30: 21401 voies traitées
voie : bulk pour les ids de 351556 à 351755
bulk : {
  "took" : 13,
  "errors" :  ...
30: 21601 voies traitées
voie : bulk pour les ids de 351756 à 351955
bulk : {
  "took" : 13,
  "errors" :  ...
30: 21801 voies traitées
voie : bulk pour les ids de 351956 à 352113
bulk : {
  "took" : 41,
  "errors" :  ...
dpt 30 : adresses
30: 1 adresses traitées
30: 1001 adresses traitées
adresse : bulk pour les ids de 4119935 à 4120934
bulk : {
  "took" : 69,
  "errors" :  ...
30: 2001 adresses traitées
30: 3001 adresses traitées
adresse : bulk pour les ids de 4120935 à 4121934
bulk : {
  "took" : 101,
  "errors" : ...
30: 4001 adresses traitées
adresse : bulk pour les ids de 4121935 à 4122934
bulk : {
  "took" : 68,
  "errors" :  ...
30: 5001 adresses traitées
30: 6001 adresses traitées
adresse : bulk pour les ids de 4122935 à 4123934
bulk : {
  "took" : 91,
  "errors" :  ...
30: 7001 adresses traitées
adresse : bulk pour les ids de 4123935 à 4124934
bulk : {
  "took" : 93,
  "errors" :  ...
30: 8001 adresses traitées
adresse : bulk pour les ids de 4124935 à 4125934
bulk : {
  "took" : 74,
  "errors" :  ...
30: 9001 adresses traitées
adresse : bulk pour les ids de 4125935 à 4126934
bulk : {
  "took" : 91,
  "errors" :  ...
30: 10001 adresses traitées
adresse : bulk pour les ids de 4126935 à 4127934
bulk : {
  "took" : 100,
  "errors" : ...
30: 11001 adresses traitées
adresse : bulk pour les ids de 4127935 à 4128934
bulk : {
  "took" : 78,
  "errors" :  ...
30: 12001 adresses traitées
30: 13001 adresses traitées
adresse : bulk pour les ids de 4128935 à 4129934
bulk : {
  "took" : 98,
  "errors" :  ...
30: 14001 adresses traitées
30: 15001 adresses traitées
adresse : bulk pour les ids de 4129935 à 4130934
bulk : {
  "took" : 75,
  "errors" :  ...
30: 16001 adresses traitées
30: 17001 adresses traitées
adresse : bulk pour les ids de 4130935 à 4131934
bulk : {
  "took" : 69,
  "errors" :  ...
30: 18001 adresses traitées
adresse : bulk pour les ids de 4131935 à 4132934
bulk : {
  "took" : 93,
  "errors" :  ...
30: 19001 adresses traitées
30: 20001 adresses traitées
adresse : bulk pour les ids de 4132935 à 4133934
bulk : {
  "took" : 72,
  "errors" :  ...
30: 21001 adresses traitées
30: 22001 adresses traitées
adresse : bulk pour les ids de 4133935 à 4134934
bulk : {
  "took" : 96,
  "errors" :  ...
30: 23001 adresses traitées
adresse : bulk pour les ids de 4134935 à 4135934
bulk : {
  "took" : 67,
  "errors" :  ...
30: 24001 adresses traitées
adresse : bulk pour les ids de 4135935 à 4136934
bulk : {
  "took" : 76,
  "errors" :  ...
30: 25001 adresses traitées
adresse : bulk pour les ids de 4136935 à 4137934
bulk : {
  "took" : 91,
  "errors" :  ...
30: 26001 adresses traitées
adresse : bulk pour les ids de 4137935 à 4138934
bulk : {
  "took" : 76,
  "errors" :  ...
30: 27001 adresses traitées
adresse : bulk pour les ids de 4138935 à 4139934
bulk : {
  "took" : 83,
  "errors" :  ...
30: 28001 adresses traitées
30: 29001 adresses traitées
adresse : bulk pour les ids de 4139935 à 4140934
bulk : {
  "took" : 92,
  "errors" :  ...
30: 30001 adresses traitées
adresse : bulk pour les ids de 4140935 à 4141934
bulk : {
  "took" : 68,
  "errors" :  ...
30: 31001 adresses traitées
adresse : bulk pour les ids de 4141935 à 4142934
bulk : {
  "took" : 75,
  "errors" :  ...
30: 32001 adresses traitées
adresse : bulk pour les ids de 4142935 à 4143934
bulk : {
  "took" : 89,
  "errors" :  ...
30: 33001 adresses traitées
adresse : bulk pour les ids de 4143935 à 4144934
bulk : {
  "took" : 74,
  "errors" :  ...
30: 34001 adresses traitées
30: 35001 adresses traitées
adresse : bulk pour les ids de 4144935 à 4145934
bulk : {
  "took" : 71,
  "errors" :  ...
30: 36001 adresses traitées
adresse : bulk pour les ids de 4145935 à 4146934
bulk : {
  "took" : 97,
  "errors" :  ...
30: 37001 adresses traitées
adresse : bulk pour les ids de 4146935 à 4147934
bulk : {
  "took" : 67,
  "errors" :  ...
30: 38001 adresses traitées
adresse : bulk pour les ids de 4147935 à 4148934
bulk : {
  "took" : 94,
  "errors" :  ...
30: 39001 adresses traitées
adresse : bulk pour les ids de 4148935 à 4149934
bulk : {
  "took" : 63,
  "errors" :  ...
30: 40001 adresses traitées
30: 41001 adresses traitées
adresse : bulk pour les ids de 4149935 à 4150934
bulk : {
  "took" : 95,
  "errors" :  ...
30: 42001 adresses traitées
adresse : bulk pour les ids de 4150935 à 4151934
bulk : {
  "took" : 63,
  "errors" :  ...
30: 43001 adresses traitées
adresse : bulk pour les ids de 4151935 à 4152934
bulk : {
  "took" : 75,
  "errors" :  ...
30: 44001 adresses traitées
adresse : bulk pour les ids de 4152935 à 4153934
bulk : {
  "took" : 89,
  "errors" :  ...
30: 45001 adresses traitées
adresse : bulk pour les ids de 4153935 à 4154934
bulk : {
  "took" : 74,
  "errors" :  ...
30: 46001 adresses traitées
adresse : bulk pour les ids de 4154935 à 4155934
bulk : {
  "took" : 64,
  "errors" :  ...
30: 47001 adresses traitées
adresse : bulk pour les ids de 4155935 à 4156934
bulk : {
  "took" : 91,
  "errors" :  ...
30: 48001 adresses traitées
adresse : bulk pour les ids de 4156935 à 4157934
bulk : {
  "took" : 67,
  "errors" :  ...
30: 49001 adresses traitées
adresse : bulk pour les ids de 4157935 à 4158934
bulk : {
  "took" : 73,
  "errors" :  ...
30: 50001 adresses traitées
adresse : bulk pour les ids de 4158935 à 4159934
bulk : {
  "took" : 66,
  "errors" :  ...
30: 51001 adresses traitées
30: 52001 adresses traitées
adresse : bulk pour les ids de 4159935 à 4160934
bulk : {
  "took" : 101,
  "errors" : ...
30: 53001 adresses traitées
adresse : bulk pour les ids de 4160935 à 4161934
bulk : {
  "took" : 74,
  "errors" :  ...
30: 54001 adresses traitées
adresse : bulk pour les ids de 4161935 à 4162934
bulk : {
  "took" : 86,
  "errors" :  ...
30: 55001 adresses traitées
adresse : bulk pour les ids de 4162935 à 4163934
bulk : {
  "took" : 94,
  "errors" :  ...
30: 56001 adresses traitées
30: 57001 adresses traitées
adresse : bulk pour les ids de 4163935 à 4164934
bulk : {
  "took" : 68,
  "errors" :  ...
30: 58001 adresses traitées
adresse : bulk pour les ids de 4164935 à 4165934
bulk : {
  "took" : 106,
  "errors" : ...
30: 59001 adresses traitées
adresse : bulk pour les ids de 4165935 à 4166934
bulk : {
  "took" : 68,
  "errors" :  ...
30: 60001 adresses traitées
30: 61001 adresses traitées
adresse : bulk pour les ids de 4166935 à 4167934
bulk : {
  "took" : 97,
  "errors" :  ...
30: 62001 adresses traitées
adresse : bulk pour les ids de 4167935 à 4168934
bulk : {
  "took" : 85,
  "errors" :  ...
30: 63001 adresses traitées
adresse : bulk pour les ids de 4168935 à 4169934
bulk : {
  "took" : 97,
  "errors" :  ...
30: 64001 adresses traitées
adresse : bulk pour les ids de 4169935 à 4170934
bulk : {
  "took" : 91,
  "errors" :  ...
30: 65001 adresses traitées
adresse : bulk pour les ids de 4170935 à 4171934
bulk : {
  "took" : 80,
  "errors" :  ...
30: 66001 adresses traitées
30: 67001 adresses traitées
adresse : bulk pour les ids de 4171935 à 4172934
bulk : {
  "took" : 68,
  "errors" :  ...
30: 68001 adresses traitées
adresse : bulk pour les ids de 4172935 à 4173934
bulk : {
  "took" : 98,
  "errors" :  ...
30: 69001 adresses traitées
adresse : bulk pour les ids de 4173935 à 4174934
bulk : {
  "took" : 70,
  "errors" :  ...
30: 70001 adresses traitées
adresse : bulk pour les ids de 4174935 à 4175934
bulk : {
  "took" : 75,
  "errors" :  ...
30: 71001 adresses traitées
30: 72001 adresses traitées
adresse : bulk pour les ids de 4175935 à 4176934
bulk : {
  "took" : 66,
  "errors" :  ...
30: 73001 adresses traitées
adresse : bulk pour les ids de 4176935 à 4177934
bulk : {
  "took" : 96,
  "errors" :  ...
30: 74001 adresses traitées
30: 75001 adresses traitées
adresse : bulk pour les ids de 4177935 à 4178934
bulk : {
  "took" : 74,
  "errors" :  ...
30: 76001 adresses traitées
adresse : bulk pour les ids de 4178935 à 4179934
bulk : {
  "took" : 70,
  "errors" :  ...
30: 77001 adresses traitées
30: 78001 adresses traitées
adresse : bulk pour les ids de 4179935 à 4180934
bulk : {
  "took" : 95,
  "errors" :  ...
30: 79001 adresses traitées
30: 80001 adresses traitées
adresse : bulk pour les ids de 4180935 à 4181934
bulk : {
  "took" : 67,
  "errors" :  ...
30: 81001 adresses traitées
adresse : bulk pour les ids de 4181935 à 4182934
bulk : {
  "took" : 98,
  "errors" :  ...
30: 82001 adresses traitées
adresse : bulk pour les ids de 4182935 à 4183934
bulk : {
  "took" : 67,
  "errors" :  ...
30: 83001 adresses traitées
30: 84001 adresses traitées
adresse : bulk pour les ids de 4183935 à 4184934
bulk : {
  "took" : 91,
  "errors" :  ...
30: 85001 adresses traitées
30: 86001 adresses traitées
adresse : bulk pour les ids de 4184935 à 4185934
bulk : {
  "took" : 84,
  "errors" :  ...
30: 87001 adresses traitées
30: 88001 adresses traitées
adresse : bulk pour les ids de 4185935 à 4186934
bulk : {
  "took" : 72,
  "errors" :  ...
30: 89001 adresses traitées
adresse : bulk pour les ids de 4186935 à 4187934
bulk : {
  "took" : 82,
  "errors" :  ...
30: 90001 adresses traitées
adresse : bulk pour les ids de 4187935 à 4188934
bulk : {
  "took" : 73,
  "errors" :  ...
30: 91001 adresses traitées
30: 92001 adresses traitées
adresse : bulk pour les ids de 4188935 à 4189934
bulk : {
  "took" : 101,
  "errors" : ...
30: 93001 adresses traitées
30: 94001 adresses traitées
adresse : bulk pour les ids de 4189935 à 4190934
bulk : {
  "took" : 76,
  "errors" :  ...
30: 95001 adresses traitées
30: 96001 adresses traitées
adresse : bulk pour les ids de 4190935 à 4191934
bulk : {
  "took" : 85,
  "errors" :  ...
30: 97001 adresses traitées
adresse : bulk pour les ids de 4191935 à 4192934
bulk : {
  "took" : 114,
  "errors" : ...
30: 98001 adresses traitées
30: 99001 adresses traitées
adresse : bulk pour les ids de 4192935 à 4193934
bulk : {
  "took" : 85,
  "errors" :  ...
30: 100001 adresses traitées
adresse : bulk pour les ids de 4193935 à 4194934
bulk : {
  "took" : 88,
  "errors" :  ...
30: 101001 adresses traitées
adresse : bulk pour les ids de 4194935 à 4195934
bulk : {
  "took" : 75,
  "errors" :  ...
30: 102001 adresses traitées
30: 103001 adresses traitées
adresse : bulk pour les ids de 4195935 à 4196934
bulk : {
  "took" : 76,
  "errors" :  ...
30: 104001 adresses traitées
adresse : bulk pour les ids de 4196935 à 4197934
bulk : {
  "took" : 68,
  "errors" :  ...
30: 105001 adresses traitées
adresse : bulk pour les ids de 4197935 à 4198934
bulk : {
  "took" : 92,
  "errors" :  ...
30: 106001 adresses traitées
adresse : bulk pour les ids de 4198935 à 4199934
bulk : {
  "took" : 73,
  "errors" :  ...
30: 107001 adresses traitées
30: 108001 adresses traitées
adresse : bulk pour les ids de 4199935 à 4200934
bulk : {
  "took" : 94,
  "errors" :  ...
30: 109001 adresses traitées
adresse : bulk pour les ids de 4200935 à 4201934
bulk : {
  "took" : 94,
  "errors" :  ...
30: 110001 adresses traitées
adresse : bulk pour les ids de 4201935 à 4202934
bulk : {
  "took" : 74,
  "errors" :  ...
30: 111001 adresses traitées
30: 112001 adresses traitées
adresse : bulk pour les ids de 4202935 à 4203934
bulk : {
  "took" : 89,
  "errors" :  ...
30: 113001 adresses traitées
adresse : bulk pour les ids de 4203935 à 4204934
bulk : {
  "took" : 75,
  "errors" :  ...
30: 114001 adresses traitées
adresse : bulk pour les ids de 4204935 à 4205934
bulk : {
  "took" : 92,
  "errors" :  ...
30: 115001 adresses traitées
30: 116001 adresses traitées
adresse : bulk pour les ids de 4205935 à 4206934
bulk : {
  "took" : 96,
  "errors" :  ...
30: 117001 adresses traitées
30: 118001 adresses traitées
adresse : bulk pour les ids de 4206935 à 4207934
bulk : {
  "took" : 69,
  "errors" :  ...
30: 119001 adresses traitées
adresse : bulk pour les ids de 4207935 à 4208934
bulk : {
  "took" : 94,
  "errors" :  ...
30: 120001 adresses traitées
adresse : bulk pour les ids de 4208935 à 4209934
bulk : {
  "took" : 66,
  "errors" :  ...
30: 121001 adresses traitées
30: 122001 adresses traitées
adresse : bulk pour les ids de 4209935 à 4210934
bulk : {
  "took" : 75,
  "errors" :  ...
30: 123001 adresses traitées
adresse : bulk pour les ids de 4210935 à 4211934
bulk : {
  "took" : 83,
  "errors" :  ...
30: 124001 adresses traitées
adresse : bulk pour les ids de 4211935 à 4212934
bulk : {
  "took" : 102,
  "errors" : ...
30: 125001 adresses traitées
30: 126001 adresses traitées
adresse : bulk pour les ids de 4212935 à 4213934
bulk : {
  "took" : 67,
  "errors" :  ...
30: 127001 adresses traitées
adresse : bulk pour les ids de 4213935 à 4214934
bulk : {
  "took" : 104,
  "errors" : ...
30: 128001 adresses traitées
adresse : bulk pour les ids de 4214935 à 4215934
bulk : {
  "took" : 65,
  "errors" :  ...
30: 129001 adresses traitées
30: 130001 adresses traitées
adresse : bulk pour les ids de 4215935 à 4216934
bulk : {
  "took" : 90,
  "errors" :  ...
30: 131001 adresses traitées
adresse : bulk pour les ids de 4216935 à 4217934
bulk : {
  "took" : 82,
  "errors" :  ...
30: 132001 adresses traitées
adresse : bulk pour les ids de 4217935 à 4218934
bulk : {
  "took" : 74,
  "errors" :  ...
30: 133001 adresses traitées
adresse : bulk pour les ids de 4218935 à 4219934
bulk : {
  "took" : 87,
  "errors" :  ...
30: 134001 adresses traitées
adresse : bulk pour les ids de 4219935 à 4220934
bulk : {
  "took" : 73,
  "errors" :  ...
30: 135001 adresses traitées
adresse : bulk pour les ids de 4220935 à 4221934
bulk : {
  "took" : 87,
  "errors" :  ...
30: 136001 adresses traitées
30: 137001 adresses traitées
adresse : bulk pour les ids de 4221935 à 4222934
bulk : {
  "took" : 73,
  "errors" :  ...
30: 138001 adresses traitées
adresse : bulk pour les ids de 4222935 à 4223934
bulk : {
  "took" : 66,
  "errors" :  ...
30: 139001 adresses traitées
adresse : bulk pour les ids de 4223935 à 4224934
bulk : {
  "took" : 98,
  "errors" :  ...
30: 140001 adresses traitées
adresse : bulk pour les ids de 4224935 à 4225934
bulk : {
  "took" : 67,
  "errors" :  ...
30: 141001 adresses traitées
adresse : bulk pour les ids de 4225935 à 4226934
bulk : {
  "took" : 91,
  "errors" :  ...
30: 142001 adresses traitées
adresse : bulk pour les ids de 4226935 à 4227934
bulk : {
  "took" : 92,
  "errors" :  ...
30: 143001 adresses traitées
30: 144001 adresses traitées
adresse : bulk pour les ids de 4227935 à 4228934
bulk : {
  "took" : 65,
  "errors" :  ...
30: 145001 adresses traitées
adresse : bulk pour les ids de 4228935 à 4229934
bulk : {
  "took" : 105,
  "errors" : ...
30: 146001 adresses traitées
adresse : bulk pour les ids de 4229935 à 4230934
bulk : {
  "took" : 82,
  "errors" :  ...
30: 147001 adresses traitées
adresse : bulk pour les ids de 4230935 à 4231934
bulk : {
  "took" : 77,
  "errors" :  ...
30: 148001 adresses traitées
adresse : bulk pour les ids de 4231935 à 4232934
bulk : {
  "took" : 67,
  "errors" :  ...
30: 149001 adresses traitées
adresse : bulk pour les ids de 4232935 à 4233934
bulk : {
  "took" : 86,
  "errors" :  ...
30: 150001 adresses traitées
adresse : bulk pour les ids de 4233935 à 4234934
bulk : {
  "took" : 67,
  "errors" :  ...
30: 151001 adresses traitées
adresse : bulk pour les ids de 4234935 à 4235934
bulk : {
  "took" : 89,
  "errors" :  ...
30: 152001 adresses traitées
30: 153001 adresses traitées
adresse : bulk pour les ids de 4235935 à 4236934
bulk : {
  "took" : 66,
  "errors" :  ...
30: 154001 adresses traitées
adresse : bulk pour les ids de 4236935 à 4237934
bulk : {
  "took" : 89,
  "errors" :  ...
30: 155001 adresses traitées
adresse : bulk pour les ids de 4237935 à 4238934
bulk : {
  "took" : 64,
  "errors" :  ...
30: 156001 adresses traitées
adresse : bulk pour les ids de 4238935 à 4239934
bulk : {
  "took" : 90,
  "errors" :  ...
30: 157001 adresses traitées
adresse : bulk pour les ids de 4239935 à 4240934
bulk : {
  "took" : 67,
  "errors" :  ...
30: 158001 adresses traitées
adresse : bulk pour les ids de 4240935 à 4241934
bulk : {
  "took" : 87,
  "errors" :  ...
30: 159001 adresses traitées
adresse : bulk pour les ids de 4241935 à 4242934
bulk : {
  "took" : 65,
  "errors" :  ...
30: 160001 adresses traitées
adresse : bulk pour les ids de 4242935 à 4243934
bulk : {
  "took" : 89,
  "errors" :  ...
30: 161001 adresses traitées
adresse : bulk pour les ids de 4243935 à 4244934
bulk : {
  "took" : 65,
  "errors" :  ...
30: 162001 adresses traitées
adresse : bulk pour les ids de 4244935 à 4245934
bulk : {
  "took" : 82,
  "errors" :  ...
30: 163001 adresses traitées
adresse : bulk pour les ids de 4245935 à 4246934
bulk : {
  "took" : 65,
  "errors" :  ...
30: 164001 adresses traitées
adresse : bulk pour les ids de 4246935 à 4247934
bulk : {
  "took" : 66,
  "errors" :  ...
30: 165001 adresses traitées
adresse : bulk pour les ids de 4247935 à 4248934
bulk : {
  "took" : 87,
  "errors" :  ...
30: 166001 adresses traitées
adresse : bulk pour les ids de 4248935 à 4249934
bulk : {
  "took" : 65,
  "errors" :  ...
30: 167001 adresses traitées
adresse : bulk pour les ids de 4249935 à 4250934
bulk : {
  "took" : 85,
  "errors" :  ...
30: 168001 adresses traitées
adresse : bulk pour les ids de 4250935 à 4251934
bulk : {
  "took" : 65,
  "errors" :  ...
30: 169001 adresses traitées
adresse : bulk pour les ids de 4251935 à 4252934
bulk : {
  "took" : 90,
  "errors" :  ...
30: 170001 adresses traitées
adresse : bulk pour les ids de 4252935 à 4253934
bulk : {
  "took" : 65,
  "errors" :  ...
30: 171001 adresses traitées
30: 172001 adresses traitées
adresse : bulk pour les ids de 4253935 à 4254934
bulk : {
  "took" : 90,
  "errors" :  ...
30: 173001 adresses traitées
adresse : bulk pour les ids de 4254935 à 4255934
bulk : {
  "took" : 65,
  "errors" :  ...
30: 174001 adresses traitées
adresse : bulk pour les ids de 4255935 à 4256934
bulk : {
  "took" : 87,
  "errors" :  ...
30: 175001 adresses traitées
adresse : bulk pour les ids de 4256935 à 4257934
bulk : {
  "took" : 65,
  "errors" :  ...
30: 176001 adresses traitées
adresse : bulk pour les ids de 4257935 à 4258934
bulk : {
  "took" : 84,
  "errors" :  ...
30: 177001 adresses traitées
adresse : bulk pour les ids de 4258935 à 4259934
bulk : {
  "took" : 68,
  "errors" :  ...
30: 178001 adresses traitées
adresse : bulk pour les ids de 4259935 à 4260934
bulk : {
  "took" : 87,
  "errors" :  ...
30: 179001 adresses traitées
adresse : bulk pour les ids de 4260935 à 4261934
bulk : {
  "took" : 66,
  "errors" :  ...
30: 180001 adresses traitées
adresse : bulk pour les ids de 4261935 à 4262934
bulk : {
  "took" : 86,
  "errors" :  ...
30: 181001 adresses traitées
adresse : bulk pour les ids de 4262935 à 4263934
bulk : {
  "took" : 65,
  "errors" :  ...
30: 182001 adresses traitées
adresse : bulk pour les ids de 4263935 à 4264934
bulk : {
  "took" : 93,
  "errors" :  ...
30: 183001 adresses traitées
adresse : bulk pour les ids de 4264935 à 4265934
bulk : {
  "took" : 69,
  "errors" :  ...
30: 184001 adresses traitées
30: 185001 adresses traitées
adresse : bulk pour les ids de 4265935 à 4266934
bulk : {
  "took" : 83,
  "errors" :  ...
30: 186001 adresses traitées
adresse : bulk pour les ids de 4266935 à 4267934
bulk : {
  "took" : 65,
  "errors" :  ...
30: 187001 adresses traitées
adresse : bulk pour les ids de 4267935 à 4268934
bulk : {
  "took" : 89,
  "errors" :  ...
30: 188001 adresses traitées
adresse : bulk pour les ids de 4268935 à 4269934
bulk : {
  "took" : 66,
  "errors" :  ...
30: 189001 adresses traitées
adresse : bulk pour les ids de 4269935 à 4270934
bulk : {
  "took" : 82,
  "errors" :  ...
30: 190001 adresses traitées
adresse : bulk pour les ids de 4270935 à 4271934
bulk : {
  "took" : 66,
  "errors" :  ...
30: 191001 adresses traitées
adresse : bulk pour les ids de 4271935 à 4272934
bulk : {
  "took" : 84,
  "errors" :  ...
30: 192001 adresses traitées
adresse : bulk pour les ids de 4272935 à 4273934
bulk : {
  "took" : 67,
  "errors" :  ...
30: 193001 adresses traitées
adresse : bulk pour les ids de 4273935 à 4274934
bulk : {
  "took" : 86,
  "errors" :  ...
30: 194001 adresses traitées
adresse : bulk pour les ids de 4274935 à 4275934
bulk : {
  "took" : 65,
  "errors" :  ...
30: 195001 adresses traitées
adresse : bulk pour les ids de 4275935 à 4276934
bulk : {
  "took" : 83,
  "errors" :  ...
30: 196001 adresses traitées
adresse : bulk pour les ids de 4276935 à 4277934
bulk : {
  "took" : 66,
  "errors" :  ...
30: 197001 adresses traitées
adresse : bulk pour les ids de 4277935 à 4278934
bulk : {
  "took" : 86,
  "errors" :  ...
30: 198001 adresses traitées
adresse : bulk pour les ids de 4278935 à 4279934
bulk : {
  "took" : 66,
  "errors" :  ...
30: 199001 adresses traitées
30: 200001 adresses traitées
adresse : bulk pour les ids de 4279935 à 4280934
bulk : {
  "took" : 67,
  "errors" :  ...
30: 201001 adresses traitées
adresse : bulk pour les ids de 4280935 à 4281934
bulk : {
  "took" : 84,
  "errors" :  ...
30: 202001 adresses traitées
adresse : bulk pour les ids de 4281935 à 4282934
bulk : {
  "took" : 66,
  "errors" :  ...
30: 203001 adresses traitées
adresse : bulk pour les ids de 4282935 à 4283934
bulk : {
  "took" : 84,
  "errors" :  ...
30: 204001 adresses traitées
adresse : bulk pour les ids de 4283935 à 4284934
bulk : {
  "took" : 66,
  "errors" :  ...
30: 205001 adresses traitées
adresse : bulk pour les ids de 4284935 à 4285934
bulk : {
  "took" : 84,
  "errors" :  ...
30: 206001 adresses traitées
adresse : bulk pour les ids de 4285935 à 4286934
bulk : {
  "took" : 67,
  "errors" :  ...
30: 207001 adresses traitées
adresse : bulk pour les ids de 4286935 à 4287934
bulk : {
  "took" : 84,
  "errors" :  ...
30: 208001 adresses traitées
adresse : bulk pour les ids de 4287935 à 4288934
bulk : {
  "took" : 67,
  "errors" :  ...
30: 209001 adresses traitées
adresse : bulk pour les ids de 4288935 à 4289934
bulk : {
  "took" : 87,
  "errors" :  ...
30: 210001 adresses traitées
adresse : bulk pour les ids de 4289935 à 4290934
bulk : {
  "took" : 66,
  "errors" :  ...
30: 211001 adresses traitées
adresse : bulk pour les ids de 4290935 à 4291934
bulk : {
  "took" : 87,
  "errors" :  ...
30: 212001 adresses traitées
adresse : bulk pour les ids de 4291935 à 4292934
bulk : {
  "took" : 66,
  "errors" :  ...
30: 213001 adresses traitées
30: 214001 adresses traitées
adresse : bulk pour les ids de 4292935 à 4293934
bulk : {
  "took" : 88,
  "errors" :  ...
30: 215001 adresses traitées
adresse : bulk pour les ids de 4293935 à 4294934
bulk : {
  "took" : 67,
  "errors" :  ...
30: 216001 adresses traitées
adresse : bulk pour les ids de 4294935 à 4295934
bulk : {
  "took" : 91,
  "errors" :  ...
30: 217001 adresses traitées
adresse : bulk pour les ids de 4295935 à 4296934
bulk : {
  "took" : 65,
  "errors" :  ...
30: 218001 adresses traitées
adresse : bulk pour les ids de 4296935 à 4297934
bulk : {
  "took" : 90,
  "errors" :  ...
30: 219001 adresses traitées
adresse : bulk pour les ids de 4297935 à 4298934
bulk : {
  "took" : 74,
  "errors" :  ...
30: 220001 adresses traitées
adresse : bulk pour les ids de 4298935 à 4299934
bulk : {
  "took" : 89,
  "errors" :  ...
30: 221001 adresses traitées
adresse : bulk pour les ids de 4299935 à 4300934
bulk : {
  "took" : 66,
  "errors" :  ...
30: 222001 adresses traitées
adresse : bulk pour les ids de 4300935 à 4301934
bulk : {
  "took" : 91,
  "errors" :  ...
30: 223001 adresses traitées
adresse : bulk pour les ids de 4301935 à 4302934
bulk : {
  "took" : 67,
  "errors" :  ...
30: 224001 adresses traitées
adresse : bulk pour les ids de 4302935 à 4303934
bulk : {
  "took" : 86,
  "errors" :  ...
30: 225001 adresses traitées
adresse : bulk pour les ids de 4303935 à 4304934
bulk : {
  "took" : 67,
  "errors" :  ...
30: 226001 adresses traitées
30: 227001 adresses traitées
adresse : bulk pour les ids de 4304935 à 4305934
bulk : {
  "took" : 85,
  "errors" :  ...
30: 228001 adresses traitées
adresse : bulk pour les ids de 4305935 à 4306934
bulk : {
  "took" : 69,
  "errors" :  ...
30: 229001 adresses traitées
adresse : bulk pour les ids de 4306935 à 4307934
bulk : {
  "took" : 90,
  "errors" :  ...
30: 230001 adresses traitées
adresse : bulk pour les ids de 4307935 à 4308934
bulk : {
  "took" : 66,
  "errors" :  ...
30: 231001 adresses traitées
adresse : bulk pour les ids de 4308935 à 4309934
bulk : {
  "took" : 90,
  "errors" :  ...
30: 232001 adresses traitées
adresse : bulk pour les ids de 4309935 à 4310934
bulk : {
  "took" : 65,
  "errors" :  ...
30: 233001 adresses traitées
adresse : bulk pour les ids de 4310935 à 4311934
bulk : {
  "took" : 85,
  "errors" :  ...
30: 234001 adresses traitées
adresse : bulk pour les ids de 4311935 à 4312934
bulk : {
  "took" : 68,
  "errors" :  ...
30: 235001 adresses traitées
adresse : bulk pour les ids de 4312935 à 4313934
bulk : {
  "took" : 91,
  "errors" :  ...
30: 236001 adresses traitées
30: 237001 adresses traitées
adresse : bulk pour les ids de 4313935 à 4314934
bulk : {
  "took" : 84,
  "errors" :  ...
30: 238001 adresses traitées
adresse : bulk pour les ids de 4314935 à 4315934
bulk : {
  "took" : 66,
  "errors" :  ...
30: 239001 adresses traitées
adresse : bulk pour les ids de 4315935 à 4316934
bulk : {
  "took" : 84,
  "errors" :  ...
30: 240001 adresses traitées
adresse : bulk pour les ids de 4316935 à 4317934
bulk : {
  "took" : 65,
  "errors" :  ...
30: 241001 adresses traitées
adresse : bulk pour les ids de 4317935 à 4318934
bulk : {
  "took" : 84,
  "errors" :  ...
30: 242001 adresses traitées
adresse : bulk pour les ids de 4318935 à 4319934
bulk : {
  "took" : 68,
  "errors" :  ...
30: 243001 adresses traitées
adresse : bulk pour les ids de 4319935 à 4320934
bulk : {
  "took" : 83,
  "errors" :  ...
30: 244001 adresses traitées
adresse : bulk pour les ids de 4320935 à 4321934
bulk : {
  "took" : 65,
  "errors" :  ...
30: 245001 adresses traitées
adresse : bulk pour les ids de 4321935 à 4322934
bulk : {
  "took" : 87,
  "errors" :  ...
30: 246001 adresses traitées
adresse : bulk pour les ids de 4322935 à 4323934
bulk : {
  "took" : 64,
  "errors" :  ...
30: 247001 adresses traitées
adresse : bulk pour les ids de 4323935 à 4324934
bulk : {
  "took" : 89,
  "errors" :  ...
30: 248001 adresses traitées
30: 249001 adresses traitées
adresse : bulk pour les ids de 4324935 à 4325934
bulk : {
  "took" : 69,
  "errors" :  ...
30: 250001 adresses traitées
adresse : bulk pour les ids de 4325935 à 4326934
bulk : {
  "took" : 91,
  "errors" :  ...
30: 251001 adresses traitées
adresse : bulk pour les ids de 4326935 à 4327934
bulk : {
  "took" : 69,
  "errors" :  ...
30: 252001 adresses traitées
adresse : bulk pour les ids de 4327935 à 4328934
bulk : {
  "took" : 91,
  "errors" :  ...
30: 253001 adresses traitées
adresse : bulk pour les ids de 4328935 à 4329934
bulk : {
  "took" : 66,
  "errors" :  ...
30: 254001 adresses traitées
adresse : bulk pour les ids de 4329935 à 4330934
bulk : {
  "took" : 89,
  "errors" :  ...
30: 255001 adresses traitées
adresse : bulk pour les ids de 4330935 à 4331934
bulk : {
  "took" : 70,
  "errors" :  ...
30: 256001 adresses traitées
30: 257001 adresses traitées
adresse : bulk pour les ids de 4331935 à 4332934
bulk : {
  "took" : 84,
  "errors" :  ...
30: 258001 adresses traitées
adresse : bulk pour les ids de 4332935 à 4333934
bulk : {
  "took" : 67,
  "errors" :  ...
30: 259001 adresses traitées
adresse : bulk pour les ids de 4333935 à 4334934
bulk : {
  "took" : 87,
  "errors" :  ...
30: 260001 adresses traitées
adresse : bulk pour les ids de 4334935 à 4335934
bulk : {
  "took" : 68,
  "errors" :  ...
30: 261001 adresses traitées
adresse : bulk pour les ids de 4335935 à 4336934
bulk : {
  "took" : 86,
  "errors" :  ...
30: 262001 adresses traitées
adresse : bulk pour les ids de 4336935 à 4337934
bulk : {
  "took" : 67,
  "errors" :  ...
30: 263001 adresses traitées
adresse : bulk pour les ids de 4337935 à 4338934
bulk : {
  "took" : 89,
  "errors" :  ...
30: 264001 adresses traitées
30: 265001 adresses traitées
adresse : bulk pour les ids de 4338935 à 4339934
bulk : {
  "took" : 67,
  "errors" :  ...
30: 266001 adresses traitées
adresse : bulk pour les ids de 4339935 à 4340934
bulk : {
  "took" : 68,
  "errors" :  ...
30: 267001 adresses traitées
adresse : bulk pour les ids de 4340935 à 4341934
bulk : {
  "took" : 88,
  "errors" :  ...
30: 268001 adresses traitées
adresse : bulk pour les ids de 4341935 à 4342934
bulk : {
  "took" : 66,
  "errors" :  ...
30: 269001 adresses traitées
adresse : bulk pour les ids de 4342935 à 4343934
bulk : {
  "took" : 86,
  "errors" :  ...
30: 270001 adresses traitées
30: 271001 adresses traitées
adresse : bulk pour les ids de 4343935 à 4344934
bulk : {
  "took" : 68,
  "errors" :  ...
30: 272001 adresses traitées
adresse : bulk pour les ids de 4344935 à 4345934
bulk : {
  "took" : 91,
  "errors" :  ...
30: 273001 adresses traitées
adresse : bulk pour les ids de 4345935 à 4346934
bulk : {
  "took" : 67,
  "errors" :  ...
30: 274001 adresses traitées
30: 275001 adresses traitées
adresse : bulk pour les ids de 4346935 à 4347934
bulk : {
  "took" : 85,
  "errors" :  ...
30: 276001 adresses traitées
adresse : bulk pour les ids de 4347935 à 4348934
bulk : {
  "took" : 69,
  "errors" :  ...
30: 277001 adresses traitées
adresse : bulk pour les ids de 4348935 à 4349934
bulk : {
  "took" : 84,
  "errors" :  ...
30: 278001 adresses traitées
adresse : bulk pour les ids de 4349935 à 4350934
bulk : {
  "took" : 72,
  "errors" :  ...
30: 279001 adresses traitées
adresse : bulk pour les ids de 4350935 à 4351934
bulk : {
  "took" : 88,
  "errors" :  ...
30: 280001 adresses traitées
30: 281001 adresses traitées
adresse : bulk pour les ids de 4351935 à 4352934
bulk : {
  "took" : 66,
  "errors" :  ...
30: 282001 adresses traitées
adresse : bulk pour les ids de 4352935 à 4353934
bulk : {
  "took" : 90,
  "errors" :  ...
30: 283001 adresses traitées
adresse : bulk pour les ids de 4353935 à 4354934
bulk : {
  "took" : 68,
  "errors" :  ...
30: 284001 adresses traitées
adresse : bulk pour les ids de 4354935 à 4355934
bulk : {
  "took" : 88,
  "errors" :  ...
30: 285001 adresses traitées
adresse : bulk pour les ids de 4355935 à 4356934
bulk : {
  "took" : 68,
  "errors" :  ...
30: 286001 adresses traitées
adresse : bulk pour les ids de 4356935 à 4357672
bulk : {
  "took" : 71,
  "errors" :  ...
dpt 31 : voies
31: 1 voies traitées
voie : bulk pour les ids de 352114 à 352313
bulk : {
  "took" : 12,
  "errors" :  ...
31: 201 voies traitées
voie : bulk pour les ids de 352314 à 352513
bulk : {
  "took" : 12,
  "errors" :  ...
31: 401 voies traitées
voie : bulk pour les ids de 352514 à 352713
bulk : {
  "took" : 12,
  "errors" :  ...
31: 601 voies traitées
voie : bulk pour les ids de 352714 à 352913
bulk : {
  "took" : 12,
  "errors" :  ...
31: 801 voies traitées
voie : bulk pour les ids de 352914 à 353113
bulk : {
  "took" : 29,
  "errors" :  ...
31: 1001 voies traitées
voie : bulk pour les ids de 353114 à 353313
bulk : {
  "took" : 12,
  "errors" :  ...
31: 1201 voies traitées
voie : bulk pour les ids de 353314 à 353513
bulk : {
  "took" : 12,
  "errors" :  ...
31: 1401 voies traitées
voie : bulk pour les ids de 353514 à 353713
bulk : {
  "took" : 12,
  "errors" :  ...
31: 1601 voies traitées
voie : bulk pour les ids de 353714 à 353913
bulk : {
  "took" : 12,
  "errors" :  ...
31: 1801 voies traitées
voie : bulk pour les ids de 353914 à 354113
bulk : {
  "took" : 12,
  "errors" :  ...
31: 2001 voies traitées
voie : bulk pour les ids de 354114 à 354313
bulk : {
  "took" : 11,
  "errors" :  ...
31: 2201 voies traitées
voie : bulk pour les ids de 354314 à 354513
bulk : {
  "took" : 11,
  "errors" :  ...
31: 2401 voies traitées
voie : bulk pour les ids de 354514 à 354713
bulk : {
  "took" : 11,
  "errors" :  ...
31: 2601 voies traitées
voie : bulk pour les ids de 354714 à 354913
bulk : {
  "took" : 12,
  "errors" :  ...
31: 2801 voies traitées
voie : bulk pour les ids de 354914 à 355113
bulk : {
  "took" : 29,
  "errors" :  ...
31: 3001 voies traitées
voie : bulk pour les ids de 355114 à 355313
bulk : {
  "took" : 12,
  "errors" :  ...
31: 3201 voies traitées
voie : bulk pour les ids de 355314 à 355513
bulk : {
  "took" : 11,
  "errors" :  ...
31: 3401 voies traitées
voie : bulk pour les ids de 355514 à 355713
bulk : {
  "took" : 11,
  "errors" :  ...
31: 3601 voies traitées
voie : bulk pour les ids de 355714 à 355913
bulk : {
  "took" : 11,
  "errors" :  ...
31: 3801 voies traitées
voie : bulk pour les ids de 355914 à 356113
bulk : {
  "took" : 29,
  "errors" :  ...
31: 4001 voies traitées
voie : bulk pour les ids de 356114 à 356313
bulk : {
  "took" : 11,
  "errors" :  ...
31: 4201 voies traitées
voie : bulk pour les ids de 356314 à 356513
bulk : {
  "took" : 12,
  "errors" :  ...
31: 4401 voies traitées
voie : bulk pour les ids de 356514 à 356713
bulk : {
  "took" : 11,
  "errors" :  ...
31: 4601 voies traitées
voie : bulk pour les ids de 356714 à 356913
bulk : {
  "took" : 11,
  "errors" :  ...
31: 4801 voies traitées
voie : bulk pour les ids de 356914 à 357113
bulk : {
  "took" : 35,
  "errors" :  ...
31: 5001 voies traitées
voie : bulk pour les ids de 357114 à 357313
bulk : {
  "took" : 11,
  "errors" :  ...
31: 5201 voies traitées
voie : bulk pour les ids de 357314 à 357513
bulk : {
  "took" : 12,
  "errors" :  ...
31: 5401 voies traitées
voie : bulk pour les ids de 357514 à 357713
bulk : {
  "took" : 12,
  "errors" :  ...
31: 5601 voies traitées
voie : bulk pour les ids de 357714 à 357913
bulk : {
  "took" : 34,
  "errors" :  ...
31: 5801 voies traitées
voie : bulk pour les ids de 357914 à 358113
bulk : {
  "took" : 11,
  "errors" :  ...
31: 6001 voies traitées
voie : bulk pour les ids de 358114 à 358313
bulk : {
  "took" : 12,
  "errors" :  ...
31: 6201 voies traitées
voie : bulk pour les ids de 358314 à 358513
bulk : {
  "took" : 12,
  "errors" :  ...
31: 6401 voies traitées
voie : bulk pour les ids de 358514 à 358713
bulk : {
  "took" : 11,
  "errors" :  ...
31: 6601 voies traitées
voie : bulk pour les ids de 358714 à 358913
bulk : {
  "took" : 11,
  "errors" :  ...
31: 6801 voies traitées
voie : bulk pour les ids de 358914 à 359113
bulk : {
  "took" : 11,
  "errors" :  ...
31: 7001 voies traitées
voie : bulk pour les ids de 359114 à 359313
bulk : {
  "took" : 31,
  "errors" :  ...
31: 7201 voies traitées
voie : bulk pour les ids de 359314 à 359513
bulk : {
  "took" : 12,
  "errors" :  ...
31: 7401 voies traitées
voie : bulk pour les ids de 359514 à 359713
bulk : {
  "took" : 12,
  "errors" :  ...
31: 7601 voies traitées
voie : bulk pour les ids de 359714 à 359913
bulk : {
  "took" : 30,
  "errors" :  ...
31: 7801 voies traitées
voie : bulk pour les ids de 359914 à 360113
bulk : {
  "took" : 12,
  "errors" :  ...
31: 8001 voies traitées
voie : bulk pour les ids de 360114 à 360313
bulk : {
  "took" : 11,
  "errors" :  ...
31: 8201 voies traitées
voie : bulk pour les ids de 360314 à 360513
bulk : {
  "took" : 12,
  "errors" :  ...
31: 8401 voies traitées
voie : bulk pour les ids de 360514 à 360713
bulk : {
  "took" : 11,
  "errors" :  ...
31: 8601 voies traitées
voie : bulk pour les ids de 360714 à 360913
bulk : {
  "took" : 11,
  "errors" :  ...
31: 8801 voies traitées
voie : bulk pour les ids de 360914 à 361113
bulk : {
  "took" : 40,
  "errors" :  ...
31: 9001 voies traitées
voie : bulk pour les ids de 361114 à 361313
bulk : {
  "took" : 12,
  "errors" :  ...
31: 9201 voies traitées
voie : bulk pour les ids de 361314 à 361513
bulk : {
  "took" : 11,
  "errors" :  ...
31: 9401 voies traitées
voie : bulk pour les ids de 361514 à 361713
bulk : {
  "took" : 12,
  "errors" :  ...
31: 9601 voies traitées
voie : bulk pour les ids de 361714 à 361913
bulk : {
  "took" : 11,
  "errors" :  ...
31: 9801 voies traitées
voie : bulk pour les ids de 361914 à 362113
bulk : {
  "took" : 11,
  "errors" :  ...
31: 10001 voies traitées
voie : bulk pour les ids de 362114 à 362313
bulk : {
  "took" : 12,
  "errors" :  ...
31: 10201 voies traitées
voie : bulk pour les ids de 362314 à 362513
bulk : {
  "took" : 12,
  "errors" :  ...
31: 10401 voies traitées
voie : bulk pour les ids de 362514 à 362713
bulk : {
  "took" : 11,
  "errors" :  ...
31: 10601 voies traitées
voie : bulk pour les ids de 362714 à 362913
bulk : {
  "took" : 11,
  "errors" :  ...
31: 10801 voies traitées
voie : bulk pour les ids de 362914 à 363113
bulk : {
  "took" : 12,
  "errors" :  ...
31: 11001 voies traitées
voie : bulk pour les ids de 363114 à 363313
bulk : {
  "took" : 12,
  "errors" :  ...
31: 11201 voies traitées
voie : bulk pour les ids de 363314 à 363513
bulk : {
  "took" : 40,
  "errors" :  ...
31: 11401 voies traitées
voie : bulk pour les ids de 363514 à 363713
bulk : {
  "took" : 31,
  "errors" :  ...
31: 11601 voies traitées
voie : bulk pour les ids de 363714 à 363913
bulk : {
  "took" : 12,
  "errors" :  ...
31: 11801 voies traitées
voie : bulk pour les ids de 363914 à 364113
bulk : {
  "took" : 12,
  "errors" :  ...
31: 12001 voies traitées
voie : bulk pour les ids de 364114 à 364313
bulk : {
  "took" : 12,
  "errors" :  ...
31: 12201 voies traitées
voie : bulk pour les ids de 364314 à 364513
bulk : {
  "took" : 12,
  "errors" :  ...
31: 12401 voies traitées
voie : bulk pour les ids de 364514 à 364713
bulk : {
  "took" : 11,
  "errors" :  ...
31: 12601 voies traitées
voie : bulk pour les ids de 364714 à 364913
bulk : {
  "took" : 11,
  "errors" :  ...
31: 12801 voies traitées
voie : bulk pour les ids de 364914 à 365113
bulk : {
  "took" : 12,
  "errors" :  ...
31: 13001 voies traitées
voie : bulk pour les ids de 365114 à 365313
bulk : {
  "took" : 26,
  "errors" :  ...
31: 13201 voies traitées
voie : bulk pour les ids de 365314 à 365513
bulk : {
  "took" : 12,
  "errors" :  ...
31: 13401 voies traitées
voie : bulk pour les ids de 365514 à 365713
bulk : {
  "took" : 12,
  "errors" :  ...
31: 13601 voies traitées
voie : bulk pour les ids de 365714 à 365913
bulk : {
  "took" : 11,
  "errors" :  ...
31: 13801 voies traitées
voie : bulk pour les ids de 365914 à 366113
bulk : {
  "took" : 12,
  "errors" :  ...
31: 14001 voies traitées
voie : bulk pour les ids de 366114 à 366313
bulk : {
  "took" : 12,
  "errors" :  ...
31: 14201 voies traitées
voie : bulk pour les ids de 366314 à 366513
bulk : {
  "took" : 12,
  "errors" :  ...
31: 14401 voies traitées
voie : bulk pour les ids de 366514 à 366713
bulk : {
  "took" : 11,
  "errors" :  ...
31: 14601 voies traitées
voie : bulk pour les ids de 366714 à 366913
bulk : {
  "took" : 13,
  "errors" :  ...
31: 14801 voies traitées
voie : bulk pour les ids de 366914 à 367113
bulk : {
  "took" : 12,
  "errors" :  ...
31: 15001 voies traitées
voie : bulk pour les ids de 367114 à 367313
bulk : {
  "took" : 44,
  "errors" :  ...
31: 15201 voies traitées
voie : bulk pour les ids de 367314 à 367513
bulk : {
  "took" : 12,
  "errors" :  ...
31: 15401 voies traitées
voie : bulk pour les ids de 367514 à 367713
bulk : {
  "took" : 11,
  "errors" :  ...
31: 15601 voies traitées
voie : bulk pour les ids de 367714 à 367913
bulk : {
  "took" : 12,
  "errors" :  ...
31: 15801 voies traitées
voie : bulk pour les ids de 367914 à 368113
bulk : {
  "took" : 11,
  "errors" :  ...
31: 16001 voies traitées
voie : bulk pour les ids de 368114 à 368313
bulk : {
  "took" : 11,
  "errors" :  ...
31: 16201 voies traitées
voie : bulk pour les ids de 368314 à 368513
bulk : {
  "took" : 11,
  "errors" :  ...
31: 16401 voies traitées
voie : bulk pour les ids de 368514 à 368713
bulk : {
  "took" : 11,
  "errors" :  ...
31: 16601 voies traitées
voie : bulk pour les ids de 368714 à 368913
bulk : {
  "took" : 11,
  "errors" :  ...
31: 16801 voies traitées
voie : bulk pour les ids de 368914 à 369113
bulk : {
  "took" : 12,
  "errors" :  ...
31: 17001 voies traitées
voie : bulk pour les ids de 369114 à 369313
bulk : {
  "took" : 32,
  "errors" :  ...
31: 17201 voies traitées
voie : bulk pour les ids de 369314 à 369513
bulk : {
  "took" : 11,
  "errors" :  ...
31: 17401 voies traitées
voie : bulk pour les ids de 369514 à 369713
bulk : {
  "took" : 11,
  "errors" :  ...
31: 17601 voies traitées
voie : bulk pour les ids de 369714 à 369913
bulk : {
  "took" : 11,
  "errors" :  ...
31: 17801 voies traitées
voie : bulk pour les ids de 369914 à 370113
bulk : {
  "took" : 11,
  "errors" :  ...
31: 18001 voies traitées
voie : bulk pour les ids de 370114 à 370313
bulk : {
  "took" : 11,
  "errors" :  ...
31: 18201 voies traitées
voie : bulk pour les ids de 370314 à 370513
bulk : {
  "took" : 11,
  "errors" :  ...
31: 18401 voies traitées
voie : bulk pour les ids de 370514 à 370713
bulk : {
  "took" : 11,
  "errors" :  ...
31: 18601 voies traitées
voie : bulk pour les ids de 370714 à 370913
bulk : {
  "took" : 11,
  "errors" :  ...
31: 18801 voies traitées
voie : bulk pour les ids de 370914 à 371113
bulk : {
  "took" : 11,
  "errors" :  ...
31: 19001 voies traitées
voie : bulk pour les ids de 371114 à 371313
bulk : {
  "took" : 50,
  "errors" :  ...
31: 19201 voies traitées
voie : bulk pour les ids de 371314 à 371513
bulk : {
  "took" : 11,
  "errors" :  ...
31: 19401 voies traitées
voie : bulk pour les ids de 371514 à 371713
bulk : {
  "took" : 12,
  "errors" :  ...
31: 19601 voies traitées
voie : bulk pour les ids de 371714 à 371913
bulk : {
  "took" : 12,
  "errors" :  ...
31: 19801 voies traitées
voie : bulk pour les ids de 371914 à 372113
bulk : {
  "took" : 12,
  "errors" :  ...
31: 20001 voies traitées
voie : bulk pour les ids de 372114 à 372313
bulk : {
  "took" : 11,
  "errors" :  ...
31: 20201 voies traitées
voie : bulk pour les ids de 372314 à 372513
bulk : {
  "took" : 12,
  "errors" :  ...
31: 20401 voies traitées
voie : bulk pour les ids de 372514 à 372713
bulk : {
  "took" : 11,
  "errors" :  ...
31: 20601 voies traitées
voie : bulk pour les ids de 372714 à 372804
bulk : {
  "took" : 5,
  "errors" : f ...
dpt 31 : adresses
31: 1 adresses traitées
31: 1001 adresses traitées
adresse : bulk pour les ids de 4357673 à 4358672
bulk : {
  "took" : 95,
  "errors" :  ...
31: 2001 adresses traitées
adresse : bulk pour les ids de 4358673 à 4359672
bulk : {
  "took" : 106,
  "errors" : ...
31: 3001 adresses traitées
adresse : bulk pour les ids de 4359673 à 4360672
bulk : {
  "took" : 74,
  "errors" :  ...
31: 4001 adresses traitées
adresse : bulk pour les ids de 4360673 à 4361672
bulk : {
  "took" : 89,
  "errors" :  ...
31: 5001 adresses traitées
adresse : bulk pour les ids de 4361673 à 4362672
bulk : {
  "took" : 78,
  "errors" :  ...
31: 6001 adresses traitées
adresse : bulk pour les ids de 4362673 à 4363672
bulk : {
  "took" : 89,
  "errors" :  ...
31: 7001 adresses traitées
adresse : bulk pour les ids de 4363673 à 4364672
bulk : {
  "took" : 107,
  "errors" : ...
31: 8001 adresses traitées
adresse : bulk pour les ids de 4364673 à 4365672
bulk : {
  "took" : 78,
  "errors" :  ...
31: 9001 adresses traitées
adresse : bulk pour les ids de 4365673 à 4366672
bulk : {
  "took" : 103,
  "errors" : ...
31: 10001 adresses traitées
adresse : bulk pour les ids de 4366673 à 4367672
bulk : {
  "took" : 90,
  "errors" :  ...
31: 11001 adresses traitées
adresse : bulk pour les ids de 4367673 à 4368672
bulk : {
  "took" : 72,
  "errors" :  ...
31: 12001 adresses traitées
adresse : bulk pour les ids de 4368673 à 4369672
bulk : {
  "took" : 82,
  "errors" :  ...
31: 13001 adresses traitées
adresse : bulk pour les ids de 4369673 à 4370672
bulk : {
  "took" : 92,
  "errors" :  ...
31: 14001 adresses traitées
adresse : bulk pour les ids de 4370673 à 4371672
bulk : {
  "took" : 105,
  "errors" : ...
31: 15001 adresses traitées
adresse : bulk pour les ids de 4371673 à 4372672
bulk : {
  "took" : 80,
  "errors" :  ...
31: 16001 adresses traitées
adresse : bulk pour les ids de 4372673 à 4373672
bulk : {
  "took" : 90,
  "errors" :  ...
31: 17001 adresses traitées
adresse : bulk pour les ids de 4373673 à 4374672
bulk : {
  "took" : 71,
  "errors" :  ...
31: 18001 adresses traitées
adresse : bulk pour les ids de 4374673 à 4375672
bulk : {
  "took" : 92,
  "errors" :  ...
31: 19001 adresses traitées
adresse : bulk pour les ids de 4375673 à 4376672
bulk : {
  "took" : 83,
  "errors" :  ...
31: 20001 adresses traitées
adresse : bulk pour les ids de 4376673 à 4377672
bulk : {
  "took" : 86,
  "errors" :  ...
31: 21001 adresses traitées
adresse : bulk pour les ids de 4377673 à 4378672
bulk : {
  "took" : 98,
  "errors" :  ...
31: 22001 adresses traitées
adresse : bulk pour les ids de 4378673 à 4379672
bulk : {
  "took" : 80,
  "errors" :  ...
31: 23001 adresses traitées
adresse : bulk pour les ids de 4379673 à 4380672
bulk : {
  "took" : 103,
  "errors" : ...
31: 24001 adresses traitées
31: 25001 adresses traitées
adresse : bulk pour les ids de 4380673 à 4381672
bulk : {
  "took" : 94,
  "errors" :  ...
31: 26001 adresses traitées
adresse : bulk pour les ids de 4381673 à 4382672
bulk : {
  "took" : 79,
  "errors" :  ...
31: 27001 adresses traitées
adresse : bulk pour les ids de 4382673 à 4383672
bulk : {
  "took" : 93,
  "errors" :  ...
31: 28001 adresses traitées
adresse : bulk pour les ids de 4383673 à 4384672
bulk : {
  "took" : 85,
  "errors" :  ...
31: 29001 adresses traitées
adresse : bulk pour les ids de 4384673 à 4385672
bulk : {
  "took" : 68,
  "errors" :  ...
31: 30001 adresses traitées
adresse : bulk pour les ids de 4385673 à 4386672
bulk : {
  "took" : 96,
  "errors" :  ...
31: 31001 adresses traitées
adresse : bulk pour les ids de 4386673 à 4387672
bulk : {
  "took" : 71,
  "errors" :  ...
31: 32001 adresses traitées
adresse : bulk pour les ids de 4387673 à 4388672
bulk : {
  "took" : 95,
  "errors" :  ...
31: 33001 adresses traitées
adresse : bulk pour les ids de 4388673 à 4389672
bulk : {
  "took" : 85,
  "errors" :  ...
31: 34001 adresses traitées
adresse : bulk pour les ids de 4389673 à 4390672
bulk : {
  "took" : 77,
  "errors" :  ...
31: 35001 adresses traitées
adresse : bulk pour les ids de 4390673 à 4391672
bulk : {
  "took" : 86,
  "errors" :  ...
31: 36001 adresses traitées
adresse : bulk pour les ids de 4391673 à 4392672
bulk : {
  "took" : 77,
  "errors" :  ...
31: 37001 adresses traitées
adresse : bulk pour les ids de 4392673 à 4393672
bulk : {
  "took" : 90,
  "errors" :  ...
31: 38001 adresses traitées
adresse : bulk pour les ids de 4393673 à 4394672
bulk : {
  "took" : 76,
  "errors" :  ...
31: 39001 adresses traitées
adresse : bulk pour les ids de 4394673 à 4395672
bulk : {
  "took" : 67,
  "errors" :  ...
31: 40001 adresses traitées
adresse : bulk pour les ids de 4395673 à 4396672
bulk : {
  "took" : 105,
  "errors" : ...
31: 41001 adresses traitées
adresse : bulk pour les ids de 4396673 à 4397672
bulk : {
  "took" : 67,
  "errors" :  ...
31: 42001 adresses traitées
adresse : bulk pour les ids de 4397673 à 4398672
bulk : {
  "took" : 100,
  "errors" : ...
31: 43001 adresses traitées
adresse : bulk pour les ids de 4398673 à 4399672
bulk : {
  "took" : 85,
  "errors" :  ...
31: 44001 adresses traitées
adresse : bulk pour les ids de 4399673 à 4400672
bulk : {
  "took" : 79,
  "errors" :  ...
31: 45001 adresses traitées
adresse : bulk pour les ids de 4400673 à 4401672
bulk : {
  "took" : 83,
  "errors" :  ...
31: 46001 adresses traitées
adresse : bulk pour les ids de 4401673 à 4402672
bulk : {
  "took" : 76,
  "errors" :  ...
31: 47001 adresses traitées
adresse : bulk pour les ids de 4402673 à 4403672
bulk : {
  "took" : 68,
  "errors" :  ...
31: 48001 adresses traitées
adresse : bulk pour les ids de 4403673 à 4404672
bulk : {
  "took" : 97,
  "errors" :  ...
31: 49001 adresses traitées
adresse : bulk pour les ids de 4404673 à 4405672
bulk : {
  "took" : 68,
  "errors" :  ...
31: 50001 adresses traitées
adresse : bulk pour les ids de 4405673 à 4406672
bulk : {
  "took" : 90,
  "errors" :  ...
31: 51001 adresses traitées
adresse : bulk pour les ids de 4406673 à 4407672
bulk : {
  "took" : 81,
  "errors" :  ...
31: 52001 adresses traitées
adresse : bulk pour les ids de 4407673 à 4408672
bulk : {
  "took" : 77,
  "errors" :  ...
31: 53001 adresses traitées
adresse : bulk pour les ids de 4408673 à 4409672
bulk : {
  "took" : 82,
  "errors" :  ...
31: 54001 adresses traitées
adresse : bulk pour les ids de 4409673 à 4410672
bulk : {
  "took" : 77,
  "errors" :  ...
31: 55001 adresses traitées
adresse : bulk pour les ids de 4410673 à 4411672
bulk : {
  "took" : 83,
  "errors" :  ...
31: 56001 adresses traitées
adresse : bulk pour les ids de 4411673 à 4412672
bulk : {
  "took" : 77,
  "errors" :  ...
31: 57001 adresses traitées
adresse : bulk pour les ids de 4412673 à 4413672
bulk : {
  "took" : 67,
  "errors" :  ...
31: 58001 adresses traitées
adresse : bulk pour les ids de 4413673 à 4414672
bulk : {
  "took" : 93,
  "errors" :  ...
31: 59001 adresses traitées
adresse : bulk pour les ids de 4414673 à 4415672
bulk : {
  "took" : 68,
  "errors" :  ...
31: 60001 adresses traitées
adresse : bulk pour les ids de 4415673 à 4416672
bulk : {
  "took" : 91,
  "errors" :  ...
31: 61001 adresses traitées
adresse : bulk pour les ids de 4416673 à 4417672
bulk : {
  "took" : 83,
  "errors" :  ...
31: 62001 adresses traitées
adresse : bulk pour les ids de 4417673 à 4418672
bulk : {
  "took" : 78,
  "errors" :  ...
31: 63001 adresses traitées
adresse : bulk pour les ids de 4418673 à 4419672
bulk : {
  "took" : 92,
  "errors" :  ...
31: 64001 adresses traitées
adresse : bulk pour les ids de 4419673 à 4420672
bulk : {
  "took" : 75,
  "errors" :  ...
31: 65001 adresses traitées
31: 66001 adresses traitées
adresse : bulk pour les ids de 4420673 à 4421672
bulk : {
  "took" : 69,
  "errors" :  ...
31: 67001 adresses traitées
adresse : bulk pour les ids de 4421673 à 4422672
bulk : {
  "took" : 92,
  "errors" :  ...
31: 68001 adresses traitées
adresse : bulk pour les ids de 4422673 à 4423672
bulk : {
  "took" : 67,
  "errors" :  ...
31: 69001 adresses traitées
adresse : bulk pour les ids de 4423673 à 4424672
bulk : {
  "took" : 92,
  "errors" :  ...
31: 70001 adresses traitées
adresse : bulk pour les ids de 4424673 à 4425672
bulk : {
  "took" : 86,
  "errors" :  ...
31: 71001 adresses traitées
adresse : bulk pour les ids de 4425673 à 4426672
bulk : {
  "took" : 74,
  "errors" :  ...
31: 72001 adresses traitées
adresse : bulk pour les ids de 4426673 à 4427672
bulk : {
  "took" : 84,
  "errors" :  ...
31: 73001 adresses traitées
adresse : bulk pour les ids de 4427673 à 4428672
bulk : {
  "took" : 83,
  "errors" :  ...
31: 74001 adresses traitées
adresse : bulk pour les ids de 4428673 à 4429672
bulk : {
  "took" : 81,
  "errors" :  ...
31: 75001 adresses traitées
adresse : bulk pour les ids de 4429673 à 4430672
bulk : {
  "took" : 86,
  "errors" :  ...
31: 76001 adresses traitées
adresse : bulk pour les ids de 4430673 à 4431672
bulk : {
  "took" : 66,
  "errors" :  ...
31: 77001 adresses traitées
adresse : bulk pour les ids de 4431673 à 4432672
bulk : {
  "took" : 93,
  "errors" :  ...
31: 78001 adresses traitées
adresse : bulk pour les ids de 4432673 à 4433672
bulk : {
  "took" : 66,
  "errors" :  ...
31: 79001 adresses traitées
adresse : bulk pour les ids de 4433673 à 4434672
bulk : {
  "took" : 90,
  "errors" :  ...
31: 80001 adresses traitées
adresse : bulk pour les ids de 4434673 à 4435672
bulk : {
  "took" : 85,
  "errors" :  ...
31: 81001 adresses traitées
adresse : bulk pour les ids de 4435673 à 4436672
bulk : {
  "took" : 75,
  "errors" :  ...
31: 82001 adresses traitées
adresse : bulk pour les ids de 4436673 à 4437672
bulk : {
  "took" : 95,
  "errors" :  ...
31: 83001 adresses traitées
adresse : bulk pour les ids de 4437673 à 4438672
bulk : {
  "took" : 90,
  "errors" :  ...
31: 84001 adresses traitées
adresse : bulk pour les ids de 4438673 à 4439672
bulk : {
  "took" : 74,
  "errors" :  ...
31: 85001 adresses traitées
adresse : bulk pour les ids de 4439673 à 4440672
bulk : {
  "took" : 86,
  "errors" :  ...
31: 86001 adresses traitées
adresse : bulk pour les ids de 4440673 à 4441672
bulk : {
  "took" : 73,
  "errors" :  ...
31: 87001 adresses traitées
adresse : bulk pour les ids de 4441673 à 4442672
bulk : {
  "took" : 89,
  "errors" :  ...
31: 88001 adresses traitées
adresse : bulk pour les ids de 4442673 à 4443672
bulk : {
  "took" : 94,
  "errors" :  ...
31: 89001 adresses traitées
adresse : bulk pour les ids de 4443673 à 4444672
bulk : {
  "took" : 68,
  "errors" :  ...
31: 90001 adresses traitées
adresse : bulk pour les ids de 4444673 à 4445672
bulk : {
  "took" : 95,
  "errors" :  ...
31: 91001 adresses traitées
adresse : bulk pour les ids de 4445673 à 4446672
bulk : {
  "took" : 66,
  "errors" :  ...
31: 92001 adresses traitées
adresse : bulk pour les ids de 4446673 à 4447672
bulk : {
  "took" : 90,
  "errors" :  ...
31: 93001 adresses traitées
adresse : bulk pour les ids de 4447673 à 4448672
bulk : {
  "took" : 82,
  "errors" :  ...
31: 94001 adresses traitées
adresse : bulk pour les ids de 4448673 à 4449672
bulk : {
  "took" : 74,
  "errors" :  ...
31: 95001 adresses traitées
adresse : bulk pour les ids de 4449673 à 4450672
bulk : {
  "took" : 86,
  "errors" :  ...
31: 96001 adresses traitées
adresse : bulk pour les ids de 4450673 à 4451672
bulk : {
  "took" : 74,
  "errors" :  ...
31: 97001 adresses traitées
adresse : bulk pour les ids de 4451673 à 4452672
bulk : {
  "took" : 87,
  "errors" :  ...
31: 98001 adresses traitées
adresse : bulk pour les ids de 4452673 à 4453672
bulk : {
  "took" : 94,
  "errors" :  ...
31: 99001 adresses traitées
adresse : bulk pour les ids de 4453673 à 4454672
bulk : {
  "took" : 75,
  "errors" :  ...
31: 100001 adresses traitées
adresse : bulk pour les ids de 4454673 à 4455672
bulk : {
  "took" : 92,
  "errors" :  ...
31: 101001 adresses traitées
adresse : bulk pour les ids de 4455673 à 4456672
bulk : {
  "took" : 86,
  "errors" :  ...
31: 102001 adresses traitées
adresse : bulk pour les ids de 4456673 à 4457672
bulk : {
  "took" : 75,
  "errors" :  ...
31: 103001 adresses traitées
adresse : bulk pour les ids de 4457673 à 4458672
bulk : {
  "took" : 85,
  "errors" :  ...
31: 104001 adresses traitées
adresse : bulk pour les ids de 4458673 à 4459672
bulk : {
  "took" : 90,
  "errors" :  ...
31: 105001 adresses traitées
adresse : bulk pour les ids de 4459673 à 4460672
bulk : {
  "took" : 65,
  "errors" :  ...
31: 106001 adresses traitées
adresse : bulk pour les ids de 4460673 à 4461672
bulk : {
  "took" : 91,
  "errors" :  ...
31: 107001 adresses traitées
adresse : bulk pour les ids de 4461673 à 4462672
bulk : {
  "took" : 68,
  "errors" :  ...
31: 108001 adresses traitées
adresse : bulk pour les ids de 4462673 à 4463672
bulk : {
  "took" : 91,
  "errors" :  ...
31: 109001 adresses traitées
adresse : bulk pour les ids de 4463673 à 4464672
bulk : {
  "took" : 69,
  "errors" :  ...
31: 110001 adresses traitées
adresse : bulk pour les ids de 4464673 à 4465672
bulk : {
  "took" : 96,
  "errors" :  ...
31: 111001 adresses traitées
adresse : bulk pour les ids de 4465673 à 4466672
bulk : {
  "took" : 90,
  "errors" :  ...
31: 112001 adresses traitées
adresse : bulk pour les ids de 4466673 à 4467672
bulk : {
  "took" : 77,
  "errors" :  ...
31: 113001 adresses traitées
adresse : bulk pour les ids de 4467673 à 4468672
bulk : {
  "took" : 73,
  "errors" :  ...
31: 114001 adresses traitées
adresse : bulk pour les ids de 4468673 à 4469672
bulk : {
  "took" : 91,
  "errors" :  ...
31: 115001 adresses traitées
adresse : bulk pour les ids de 4469673 à 4470672
bulk : {
  "took" : 82,
  "errors" :  ...
31: 116001 adresses traitées
adresse : bulk pour les ids de 4470673 à 4471672
bulk : {
  "took" : 95,
  "errors" :  ...
31: 117001 adresses traitées
adresse : bulk pour les ids de 4471673 à 4472672
bulk : {
  "took" : 90,
  "errors" :  ...
31: 118001 adresses traitées
adresse : bulk pour les ids de 4472673 à 4473672
bulk : {
  "took" : 74,
  "errors" :  ...
31: 119001 adresses traitées
adresse : bulk pour les ids de 4473673 à 4474672
bulk : {
  "took" : 96,
  "errors" :  ...
31: 120001 adresses traitées
adresse : bulk pour les ids de 4474673 à 4475672
bulk : {
  "took" : 95,
  "errors" :  ...
31: 121001 adresses traitées
adresse : bulk pour les ids de 4475673 à 4476672
bulk : {
  "took" : 74,
  "errors" :  ...
31: 122001 adresses traitées
adresse : bulk pour les ids de 4476673 à 4477672
bulk : {
  "took" : 91,
  "errors" :  ...
31: 123001 adresses traitées
adresse : bulk pour les ids de 4477673 à 4478672
bulk : {
  "took" : 74,
  "errors" :  ...
31: 124001 adresses traitées
adresse : bulk pour les ids de 4478673 à 4479672
bulk : {
  "took" : 91,
  "errors" :  ...
31: 125001 adresses traitées
adresse : bulk pour les ids de 4479673 à 4480672
bulk : {
  "took" : 91,
  "errors" :  ...
31: 126001 adresses traitées
adresse : bulk pour les ids de 4480673 à 4481672
bulk : {
  "took" : 73,
  "errors" :  ...
31: 127001 adresses traitées
adresse : bulk pour les ids de 4481673 à 4482672
bulk : {
  "took" : 91,
  "errors" :  ...
31: 128001 adresses traitées
adresse : bulk pour les ids de 4482673 à 4483672
bulk : {
  "took" : 74,
  "errors" :  ...
31: 129001 adresses traitées
adresse : bulk pour les ids de 4483673 à 4484672
bulk : {
  "took" : 89,
  "errors" :  ...
31: 130001 adresses traitées
adresse : bulk pour les ids de 4484673 à 4485672
bulk : {
  "took" : 91,
  "errors" :  ...
31: 131001 adresses traitées
adresse : bulk pour les ids de 4485673 à 4486672
bulk : {
  "took" : 73,
  "errors" :  ...
31: 132001 adresses traitées
adresse : bulk pour les ids de 4486673 à 4487672
bulk : {
  "took" : 91,
  "errors" :  ...
31: 133001 adresses traitées
adresse : bulk pour les ids de 4487673 à 4488672
bulk : {
  "took" : 73,
  "errors" :  ...
31: 134001 adresses traitées
adresse : bulk pour les ids de 4488673 à 4489672
bulk : {
  "took" : 74,
  "errors" :  ...
31: 135001 adresses traitées
adresse : bulk pour les ids de 4489673 à 4490672
bulk : {
  "took" : 96,
  "errors" :  ...
31: 136001 adresses traitées
31: 137001 adresses traitées
adresse : bulk pour les ids de 4490673 à 4491672
bulk : {
  "took" : 90,
  "errors" :  ...
31: 138001 adresses traitées
adresse : bulk pour les ids de 4491673 à 4492672
bulk : {
  "took" : 75,
  "errors" :  ...
31: 139001 adresses traitées
adresse : bulk pour les ids de 4492673 à 4493672
bulk : {
  "took" : 74,
  "errors" :  ...
31: 140001 adresses traitées
adresse : bulk pour les ids de 4493673 à 4494672
bulk : {
  "took" : 93,
  "errors" :  ...
31: 141001 adresses traitées
adresse : bulk pour les ids de 4494673 à 4495672
bulk : {
  "took" : 75,
  "errors" :  ...
31: 142001 adresses traitées
adresse : bulk pour les ids de 4495673 à 4496672
bulk : {
  "took" : 91,
  "errors" :  ...
31: 143001 adresses traitées
adresse : bulk pour les ids de 4496673 à 4497672
bulk : {
  "took" : 75,
  "errors" :  ...
31: 144001 adresses traitées
adresse : bulk pour les ids de 4497673 à 4498672
bulk : {
  "took" : 90,
  "errors" :  ...
31: 145001 adresses traitées
adresse : bulk pour les ids de 4498673 à 4499672
bulk : {
  "took" : 75,
  "errors" :  ...
31: 146001 adresses traitées
adresse : bulk pour les ids de 4499673 à 4500672
bulk : {
  "took" : 95,
  "errors" :  ...
31: 147001 adresses traitées
adresse : bulk pour les ids de 4500673 à 4501672
bulk : {
  "took" : 96,
  "errors" :  ...
31: 148001 adresses traitées
adresse : bulk pour les ids de 4501673 à 4502672
bulk : {
  "took" : 74,
  "errors" :  ...
31: 149001 adresses traitées
adresse : bulk pour les ids de 4502673 à 4503672
bulk : {
  "took" : 77,
  "errors" :  ...
31: 150001 adresses traitées
adresse : bulk pour les ids de 4503673 à 4504672
bulk : {
  "took" : 83,
  "errors" :  ...
31: 151001 adresses traitées
adresse : bulk pour les ids de 4504673 à 4505672
bulk : {
  "took" : 78,
  "errors" :  ...
31: 152001 adresses traitées
adresse : bulk pour les ids de 4505673 à 4506672
bulk : {
  "took" : 76,
  "errors" :  ...
31: 153001 adresses traitées
adresse : bulk pour les ids de 4506673 à 4507672
bulk : {
  "took" : 94,
  "errors" :  ...
31: 154001 adresses traitées
adresse : bulk pour les ids de 4507673 à 4508672
bulk : {
  "took" : 67,
  "errors" :  ...
31: 155001 adresses traitées
adresse : bulk pour les ids de 4508673 à 4509672
bulk : {
  "took" : 76,
  "errors" :  ...
31: 156001 adresses traitées
adresse : bulk pour les ids de 4509673 à 4510672
bulk : {
  "took" : 83,
  "errors" :  ...
31: 157001 adresses traitées
adresse : bulk pour les ids de 4510673 à 4511672
bulk : {
  "took" : 91,
  "errors" :  ...
31: 158001 adresses traitées
adresse : bulk pour les ids de 4511673 à 4512672
bulk : {
  "took" : 68,
  "errors" :  ...
31: 159001 adresses traitées
adresse : bulk pour les ids de 4512673 à 4513672
bulk : {
  "took" : 97,
  "errors" :  ...
31: 160001 adresses traitées
adresse : bulk pour les ids de 4513673 à 4514672
bulk : {
  "took" : 66,
  "errors" :  ...
31: 161001 adresses traitées
adresse : bulk pour les ids de 4514673 à 4515672
bulk : {
  "took" : 98,
  "errors" :  ...
31: 162001 adresses traitées
adresse : bulk pour les ids de 4515673 à 4516672
bulk : {
  "took" : 68,
  "errors" :  ...
31: 163001 adresses traitées
adresse : bulk pour les ids de 4516673 à 4517672
bulk : {
  "took" : 93,
  "errors" :  ...
31: 164001 adresses traitées
adresse : bulk pour les ids de 4517673 à 4518672
bulk : {
  "took" : 71,
  "errors" :  ...
31: 165001 adresses traitées
adresse : bulk pour les ids de 4518673 à 4519672
bulk : {
  "took" : 97,
  "errors" :  ...
31: 166001 adresses traitées
adresse : bulk pour les ids de 4519673 à 4520672
bulk : {
  "took" : 91,
  "errors" :  ...
31: 167001 adresses traitées
adresse : bulk pour les ids de 4520673 à 4521672
bulk : {
  "took" : 96,
  "errors" :  ...
31: 168001 adresses traitées
adresse : bulk pour les ids de 4521673 à 4522672
bulk : {
  "took" : 69,
  "errors" :  ...
31: 169001 adresses traitées
adresse : bulk pour les ids de 4522673 à 4523672
bulk : {
  "took" : 95,
  "errors" :  ...
31: 170001 adresses traitées
adresse : bulk pour les ids de 4523673 à 4524672
bulk : {
  "took" : 76,
  "errors" :  ...
31: 171001 adresses traitées
adresse : bulk pour les ids de 4524673 à 4525672
bulk : {
  "took" : 75,
  "errors" :  ...
31: 172001 adresses traitées
adresse : bulk pour les ids de 4525673 à 4526672
bulk : {
  "took" : 91,
  "errors" :  ...
31: 173001 adresses traitées
adresse : bulk pour les ids de 4526673 à 4527672
bulk : {
  "took" : 94,
  "errors" :  ...
31: 174001 adresses traitées
adresse : bulk pour les ids de 4527673 à 4528672
bulk : {
  "took" : 70,
  "errors" :  ...
31: 175001 adresses traitées
adresse : bulk pour les ids de 4528673 à 4529672
bulk : {
  "took" : 92,
  "errors" :  ...
31: 176001 adresses traitées
adresse : bulk pour les ids de 4529673 à 4530672
bulk : {
  "took" : 87,
  "errors" :  ...
31: 177001 adresses traitées
adresse : bulk pour les ids de 4530673 à 4531672
bulk : {
  "took" : 77,
  "errors" :  ...
31: 178001 adresses traitées
adresse : bulk pour les ids de 4531673 à 4532672
bulk : {
  "took" : 90,
  "errors" :  ...
31: 179001 adresses traitées
adresse : bulk pour les ids de 4532673 à 4533672
bulk : {
  "took" : 78,
  "errors" :  ...
31: 180001 adresses traitées
adresse : bulk pour les ids de 4533673 à 4534672
bulk : {
  "took" : 92,
  "errors" :  ...
31: 181001 adresses traitées
adresse : bulk pour les ids de 4534673 à 4535672
bulk : {
  "took" : 78,
  "errors" :  ...
31: 182001 adresses traitées
adresse : bulk pour les ids de 4535673 à 4536672
bulk : {
  "took" : 88,
  "errors" :  ...
31: 183001 adresses traitées
adresse : bulk pour les ids de 4536673 à 4537672
bulk : {
  "took" : 77,
  "errors" :  ...
31: 184001 adresses traitées
adresse : bulk pour les ids de 4537673 à 4538672
bulk : {
  "took" : 71,
  "errors" :  ...
31: 185001 adresses traitées
adresse : bulk pour les ids de 4538673 à 4539672
bulk : {
  "took" : 76,
  "errors" :  ...
31: 186001 adresses traitées
adresse : bulk pour les ids de 4539673 à 4540672
bulk : {
  "took" : 109,
  "errors" : ...
31: 187001 adresses traitées
adresse : bulk pour les ids de 4540673 à 4541672
bulk : {
  "took" : 77,
  "errors" :  ...
31: 188001 adresses traitées
adresse : bulk pour les ids de 4541673 à 4542672
bulk : {
  "took" : 94,
  "errors" :  ...
31: 189001 adresses traitées
adresse : bulk pour les ids de 4542673 à 4543672
bulk : {
  "took" : 93,
  "errors" :  ...
31: 190001 adresses traitées
adresse : bulk pour les ids de 4543673 à 4544672
bulk : {
  "took" : 68,
  "errors" :  ...
31: 191001 adresses traitées
adresse : bulk pour les ids de 4544673 à 4545672
bulk : {
  "took" : 97,
  "errors" :  ...
31: 192001 adresses traitées
adresse : bulk pour les ids de 4545673 à 4546672
bulk : {
  "took" : 91,
  "errors" :  ...
31: 193001 adresses traitées
adresse : bulk pour les ids de 4546673 à 4547672
bulk : {
  "took" : 84,
  "errors" :  ...
31: 194001 adresses traitées
adresse : bulk pour les ids de 4547673 à 4548672
bulk : {
  "took" : 67,
  "errors" :  ...
31: 195001 adresses traitées
adresse : bulk pour les ids de 4548673 à 4549672
bulk : {
  "took" : 95,
  "errors" :  ...
31: 196001 adresses traitées
adresse : bulk pour les ids de 4549673 à 4550672
bulk : {
  "took" : 68,
  "errors" :  ...
31: 197001 adresses traitées
adresse : bulk pour les ids de 4550673 à 4551672
bulk : {
  "took" : 92,
  "errors" :  ...
31: 198001 adresses traitées
adresse : bulk pour les ids de 4551673 à 4552672
bulk : {
  "took" : 67,
  "errors" :  ...
31: 199001 adresses traitées
adresse : bulk pour les ids de 4552673 à 4553672
bulk : {
  "took" : 99,
  "errors" :  ...
31: 200001 adresses traitées
adresse : bulk pour les ids de 4553673 à 4554672
bulk : {
  "took" : 68,
  "errors" :  ...
31: 201001 adresses traitées
adresse : bulk pour les ids de 4554673 à 4555672
bulk : {
  "took" : 95,
  "errors" :  ...
31: 202001 adresses traitées
adresse : bulk pour les ids de 4555673 à 4556672
bulk : {
  "took" : 82,
  "errors" :  ...
31: 203001 adresses traitées
adresse : bulk pour les ids de 4556673 à 4557672
bulk : {
  "took" : 92,
  "errors" :  ...
31: 204001 adresses traitées
31: 205001 adresses traitées
adresse : bulk pour les ids de 4557673 à 4558672
bulk : {
  "took" : 68,
  "errors" :  ...
31: 206001 adresses traitées
adresse : bulk pour les ids de 4558673 à 4559672
bulk : {
  "took" : 96,
  "errors" :  ...
31: 207001 adresses traitées
adresse : bulk pour les ids de 4559673 à 4560672
bulk : {
  "took" : 68,
  "errors" :  ...
31: 208001 adresses traitées
adresse : bulk pour les ids de 4560673 à 4561672
bulk : {
  "took" : 74,
  "errors" :  ...
31: 209001 adresses traitées
adresse : bulk pour les ids de 4561673 à 4562672
bulk : {
  "took" : 96,
  "errors" :  ...
31: 210001 adresses traitées
adresse : bulk pour les ids de 4562673 à 4563672
bulk : {
  "took" : 76,
  "errors" :  ...
31: 211001 adresses traitées
adresse : bulk pour les ids de 4563673 à 4564672
bulk : {
  "took" : 69,
  "errors" :  ...
31: 212001 adresses traitées
adresse : bulk pour les ids de 4564673 à 4565672
bulk : {
  "took" : 105,
  "errors" : ...
31: 213001 adresses traitées
adresse : bulk pour les ids de 4565673 à 4566672
bulk : {
  "took" : 66,
  "errors" :  ...
31: 214001 adresses traitées
adresse : bulk pour les ids de 4566673 à 4567672
bulk : {
  "took" : 76,
  "errors" :  ...
31: 215001 adresses traitées
adresse : bulk pour les ids de 4567673 à 4568672
bulk : {
  "took" : 85,
  "errors" :  ...
31: 216001 adresses traitées
adresse : bulk pour les ids de 4568673 à 4569672
bulk : {
  "took" : 83,
  "errors" :  ...
31: 217001 adresses traitées
adresse : bulk pour les ids de 4569673 à 4570672
bulk : {
  "took" : 85,
  "errors" :  ...
31: 218001 adresses traitées
adresse : bulk pour les ids de 4570673 à 4571672
bulk : {
  "took" : 77,
  "errors" :  ...
31: 219001 adresses traitées
adresse : bulk pour les ids de 4571673 à 4572672
bulk : {
  "took" : 88,
  "errors" :  ...
31: 220001 adresses traitées
adresse : bulk pour les ids de 4572673 à 4573672
bulk : {
  "took" : 77,
  "errors" :  ...
31: 221001 adresses traitées
adresse : bulk pour les ids de 4573673 à 4574672
bulk : {
  "took" : 68,
  "errors" :  ...
31: 222001 adresses traitées
adresse : bulk pour les ids de 4574673 à 4575672
bulk : {
  "took" : 93,
  "errors" :  ...
31: 223001 adresses traitées
adresse : bulk pour les ids de 4575673 à 4576672
bulk : {
  "took" : 85,
  "errors" :  ...
31: 224001 adresses traitées
adresse : bulk pour les ids de 4576673 à 4577672
bulk : {
  "took" : 76,
  "errors" :  ...
31: 225001 adresses traitées
adresse : bulk pour les ids de 4577673 à 4578672
bulk : {
  "took" : 88,
  "errors" :  ...
31: 226001 adresses traitées
adresse : bulk pour les ids de 4578673 à 4579672
bulk : {
  "took" : 80,
  "errors" :  ...
31: 227001 adresses traitées
adresse : bulk pour les ids de 4579673 à 4580672
bulk : {
  "took" : 69,
  "errors" :  ...
31: 228001 adresses traitées
adresse : bulk pour les ids de 4580673 à 4581672
bulk : {
  "took" : 99,
  "errors" :  ...
31: 229001 adresses traitées
adresse : bulk pour les ids de 4581673 à 4582672
bulk : {
  "took" : 86,
  "errors" :  ...
31: 230001 adresses traitées
adresse : bulk pour les ids de 4582673 à 4583672
bulk : {
  "took" : 77,
  "errors" :  ...
31: 231001 adresses traitées
adresse : bulk pour les ids de 4583673 à 4584672
bulk : {
  "took" : 87,
  "errors" :  ...
31: 232001 adresses traitées
adresse : bulk pour les ids de 4584673 à 4585672
bulk : {
  "took" : 79,
  "errors" :  ...
31: 233001 adresses traitées
adresse : bulk pour les ids de 4585673 à 4586672
bulk : {
  "took" : 89,
  "errors" :  ...
31: 234001 adresses traitées
adresse : bulk pour les ids de 4586673 à 4587672
bulk : {
  "took" : 77,
  "errors" :  ...
31: 235001 adresses traitées
adresse : bulk pour les ids de 4587673 à 4588672
bulk : {
  "took" : 94,
  "errors" :  ...
31: 236001 adresses traitées
adresse : bulk pour les ids de 4588673 à 4589672
bulk : {
  "took" : 75,
  "errors" :  ...
31: 237001 adresses traitées
adresse : bulk pour les ids de 4589673 à 4590672
bulk : {
  "took" : 91,
  "errors" :  ...
31: 238001 adresses traitées
adresse : bulk pour les ids de 4590673 à 4591672
bulk : {
  "took" : 96,
  "errors" :  ...
31: 239001 adresses traitées
adresse : bulk pour les ids de 4591673 à 4592672
bulk : {
  "took" : 80,
  "errors" :  ...
31: 240001 adresses traitées
adresse : bulk pour les ids de 4592673 à 4593672
bulk : {
  "took" : 71,
  "errors" :  ...
31: 241001 adresses traitées
adresse : bulk pour les ids de 4593673 à 4594672
bulk : {
  "took" : 98,
  "errors" :  ...
31: 242001 adresses traitées
31: 243001 adresses traitées
adresse : bulk pour les ids de 4594673 à 4595672
bulk : {
  "took" : 76,
  "errors" :  ...
31: 244001 adresses traitées
adresse : bulk pour les ids de 4595673 à 4596672
bulk : {
  "took" : 75,
  "errors" :  ...
31: 245001 adresses traitées
adresse : bulk pour les ids de 4596673 à 4597672
bulk : {
  "took" : 88,
  "errors" :  ...
31: 246001 adresses traitées
adresse : bulk pour les ids de 4597673 à 4598672
bulk : {
  "took" : 76,
  "errors" :  ...
31: 247001 adresses traitées
adresse : bulk pour les ids de 4598673 à 4599672
bulk : {
  "took" : 76,
  "errors" :  ...
31: 248001 adresses traitées
adresse : bulk pour les ids de 4599673 à 4600672
bulk : {
  "took" : 92,
  "errors" :  ...
31: 249001 adresses traitées
adresse : bulk pour les ids de 4600673 à 4601672
bulk : {
  "took" : 69,
  "errors" :  ...
31: 250001 adresses traitées
adresse : bulk pour les ids de 4601673 à 4602672
bulk : {
  "took" : 97,
  "errors" :  ...
31: 251001 adresses traitées
adresse : bulk pour les ids de 4602673 à 4603672
bulk : {
  "took" : 72,
  "errors" :  ...
31: 252001 adresses traitées
adresse : bulk pour les ids de 4603673 à 4604672
bulk : {
  "took" : 74,
  "errors" :  ...
31: 253001 adresses traitées
adresse : bulk pour les ids de 4604673 à 4605672
bulk : {
  "took" : 93,
  "errors" :  ...
31: 254001 adresses traitées
adresse : bulk pour les ids de 4605673 à 4606672
bulk : {
  "took" : 76,
  "errors" :  ...
31: 255001 adresses traitées
adresse : bulk pour les ids de 4606673 à 4607672
bulk : {
  "took" : 93,
  "errors" :  ...
31: 256001 adresses traitées
adresse : bulk pour les ids de 4607673 à 4608672
bulk : {
  "took" : 78,
  "errors" :  ...
31: 257001 adresses traitées
adresse : bulk pour les ids de 4608673 à 4609672
bulk : {
  "took" : 93,
  "errors" :  ...
31: 258001 adresses traitées
adresse : bulk pour les ids de 4609673 à 4610672
bulk : {
  "took" : 92,
  "errors" :  ...
31: 259001 adresses traitées
adresse : bulk pour les ids de 4610673 à 4611672
bulk : {
  "took" : 96,
  "errors" :  ...
31: 260001 adresses traitées
adresse : bulk pour les ids de 4611673 à 4612672
bulk : {
  "took" : 76,
  "errors" :  ...
31: 261001 adresses traitées
adresse : bulk pour les ids de 4612673 à 4613672
bulk : {
  "took" : 92,
  "errors" :  ...
31: 262001 adresses traitées
adresse : bulk pour les ids de 4613673 à 4614672
bulk : {
  "took" : 92,
  "errors" :  ...
31: 263001 adresses traitées
adresse : bulk pour les ids de 4614673 à 4615672
bulk : {
  "took" : 75,
  "errors" :  ...
31: 264001 adresses traitées
adresse : bulk pour les ids de 4615673 à 4616672
bulk : {
  "took" : 92,
  "errors" :  ...
31: 265001 adresses traitées
31: 266001 adresses traitées
adresse : bulk pour les ids de 4616673 à 4617672
bulk : {
  "took" : 92,
  "errors" :  ...
31: 267001 adresses traitées
adresse : bulk pour les ids de 4617673 à 4618672
bulk : {
  "took" : 77,
  "errors" :  ...
31: 268001 adresses traitées
adresse : bulk pour les ids de 4618673 à 4619672
bulk : {
  "took" : 106,
  "errors" : ...
31: 269001 adresses traitées
adresse : bulk pour les ids de 4619673 à 4620672
bulk : {
  "took" : 76,
  "errors" :  ...
31: 270001 adresses traitées
adresse : bulk pour les ids de 4620673 à 4621672
bulk : {
  "took" : 92,
  "errors" :  ...
31: 271001 adresses traitées
adresse : bulk pour les ids de 4621673 à 4622672
bulk : {
  "took" : 100,
  "errors" : ...
31: 272001 adresses traitées
adresse : bulk pour les ids de 4622673 à 4623672
bulk : {
  "took" : 68,
  "errors" :  ...
31: 273001 adresses traitées
adresse : bulk pour les ids de 4623673 à 4624672
bulk : {
  "took" : 112,
  "errors" : ...
31: 274001 adresses traitées
adresse : bulk pour les ids de 4624673 à 4625672
bulk : {
  "took" : 70,
  "errors" :  ...
31: 275001 adresses traitées
adresse : bulk pour les ids de 4625673 à 4626672
bulk : {
  "took" : 109,
  "errors" : ...
31: 276001 adresses traitées
adresse : bulk pour les ids de 4626673 à 4627672
bulk : {
  "took" : 91,
  "errors" :  ...
31: 277001 adresses traitées
adresse : bulk pour les ids de 4627673 à 4628672
bulk : {
  "took" : 85,
  "errors" :  ...
31: 278001 adresses traitées
adresse : bulk pour les ids de 4628673 à 4629672
bulk : {
  "took" : 71,
  "errors" :  ...
31: 279001 adresses traitées
adresse : bulk pour les ids de 4629673 à 4630672
bulk : {
  "took" : 108,
  "errors" : ...
31: 280001 adresses traitées
adresse : bulk pour les ids de 4630673 à 4631672
bulk : {
  "took" : 70,
  "errors" :  ...
31: 281001 adresses traitées
adresse : bulk pour les ids de 4631673 à 4632672
bulk : {
  "took" : 76,
  "errors" :  ...
31: 282001 adresses traitées
adresse : bulk pour les ids de 4632673 à 4633672
bulk : {
  "took" : 86,
  "errors" :  ...
31: 283001 adresses traitées
adresse : bulk pour les ids de 4633673 à 4634672
bulk : {
  "took" : 100,
  "errors" : ...
31: 284001 adresses traitées
adresse : bulk pour les ids de 4634673 à 4635672
bulk : {
  "took" : 67,
  "errors" :  ...
31: 285001 adresses traitées
adresse : bulk pour les ids de 4635673 à 4636672
bulk : {
  "took" : 99,
  "errors" :  ...
31: 286001 adresses traitées
adresse : bulk pour les ids de 4636673 à 4637672
bulk : {
  "took" : 86,
  "errors" :  ...
31: 287001 adresses traitées
adresse : bulk pour les ids de 4637673 à 4638672
bulk : {
  "took" : 75,
  "errors" :  ...
31: 288001 adresses traitées
adresse : bulk pour les ids de 4638673 à 4639672
bulk : {
  "took" : 97,
  "errors" :  ...
31: 289001 adresses traitées
adresse : bulk pour les ids de 4639673 à 4640672
bulk : {
  "took" : 76,
  "errors" :  ...
31: 290001 adresses traitées
adresse : bulk pour les ids de 4640673 à 4641672
bulk : {
  "took" : 94,
  "errors" :  ...
31: 291001 adresses traitées
adresse : bulk pour les ids de 4641673 à 4642672
bulk : {
  "took" : 76,
  "errors" :  ...
31: 292001 adresses traitées
adresse : bulk pour les ids de 4642673 à 4643672
bulk : {
  "took" : 91,
  "errors" :  ...
31: 293001 adresses traitées
31: 294001 adresses traitées
adresse : bulk pour les ids de 4643673 à 4644672
bulk : {
  "took" : 77,
  "errors" :  ...
31: 295001 adresses traitées
adresse : bulk pour les ids de 4644673 à 4645672
bulk : {
  "took" : 69,
  "errors" :  ...
31: 296001 adresses traitées
adresse : bulk pour les ids de 4645673 à 4646672
bulk : {
  "took" : 75,
  "errors" :  ...
31: 297001 adresses traitées
adresse : bulk pour les ids de 4646673 à 4647672
bulk : {
  "took" : 86,
  "errors" :  ...
31: 298001 adresses traitées
adresse : bulk pour les ids de 4647673 à 4648672
bulk : {
  "took" : 78,
  "errors" :  ...
31: 299001 adresses traitées
adresse : bulk pour les ids de 4648673 à 4649672
bulk : {
  "took" : 70,
  "errors" :  ...
31: 300001 adresses traitées
adresse : bulk pour les ids de 4649673 à 4650672
bulk : {
  "took" : 108,
  "errors" : ...
31: 301001 adresses traitées
adresse : bulk pour les ids de 4650673 à 4651672
bulk : {
  "took" : 77,
  "errors" :  ...
31: 302001 adresses traitées
adresse : bulk pour les ids de 4651673 à 4652672
bulk : {
  "took" : 94,
  "errors" :  ...
31: 303001 adresses traitées
adresse : bulk pour les ids de 4652673 à 4653672
bulk : {
  "took" : 97,
  "errors" :  ...
31: 304001 adresses traitées
adresse : bulk pour les ids de 4653673 à 4654672
bulk : {
  "took" : 89,
  "errors" :  ...
31: 305001 adresses traitées
adresse : bulk pour les ids de 4654673 à 4655672
bulk : {
  "took" : 75,
  "errors" :  ...
31: 306001 adresses traitées
adresse : bulk pour les ids de 4655673 à 4656672
bulk : {
  "took" : 86,
  "errors" :  ...
31: 307001 adresses traitées
adresse : bulk pour les ids de 4656673 à 4657672
bulk : {
  "took" : 77,
  "errors" :  ...
31: 308001 adresses traitées
adresse : bulk pour les ids de 4657673 à 4658672
bulk : {
  "took" : 95,
  "errors" :  ...
31: 309001 adresses traitées
adresse : bulk pour les ids de 4658673 à 4659672
bulk : {
  "took" : 78,
  "errors" :  ...
31: 310001 adresses traitées
adresse : bulk pour les ids de 4659673 à 4660672
bulk : {
  "took" : 89,
  "errors" :  ...
31: 311001 adresses traitées
adresse : bulk pour les ids de 4660673 à 4661672
bulk : {
  "took" : 94,
  "errors" :  ...
31: 312001 adresses traitées
adresse : bulk pour les ids de 4661673 à 4662672
bulk : {
  "took" : 76,
  "errors" :  ...
31: 313001 adresses traitées
adresse : bulk pour les ids de 4662673 à 4663672
bulk : {
  "took" : 76,
  "errors" :  ...
31: 314001 adresses traitées
adresse : bulk pour les ids de 4663673 à 4664672
bulk : {
  "took" : 104,
  "errors" : ...
31: 315001 adresses traitées
adresse : bulk pour les ids de 4664673 à 4665672
bulk : {
  "took" : 76,
  "errors" :  ...
31: 316001 adresses traitées
adresse : bulk pour les ids de 4665673 à 4666672
bulk : {
  "took" : 77,
  "errors" :  ...
31: 317001 adresses traitées
adresse : bulk pour les ids de 4666673 à 4667672
bulk : {
  "took" : 97,
  "errors" :  ...
31: 318001 adresses traitées
adresse : bulk pour les ids de 4667673 à 4668672
bulk : {
  "took" : 77,
  "errors" :  ...
31: 319001 adresses traitées
adresse : bulk pour les ids de 4668673 à 4669672
bulk : {
  "took" : 75,
  "errors" :  ...
31: 320001 adresses traitées
31: 321001 adresses traitées
adresse : bulk pour les ids de 4669673 à 4670672
bulk : {
  "took" : 68,
  "errors" :  ...
31: 322001 adresses traitées
adresse : bulk pour les ids de 4670673 à 4671672
bulk : {
  "took" : 98,
  "errors" :  ...
31: 323001 adresses traitées
adresse : bulk pour les ids de 4671673 à 4672672
bulk : {
  "took" : 75,
  "errors" :  ...
31: 324001 adresses traitées
adresse : bulk pour les ids de 4672673 à 4673672
bulk : {
  "took" : 101,
  "errors" : ...
31: 325001 adresses traitées
adresse : bulk pour les ids de 4673673 à 4674672
bulk : {
  "took" : 75,
  "errors" :  ...
31: 326001 adresses traitées
adresse : bulk pour les ids de 4674673 à 4675672
bulk : {
  "took" : 77,
  "errors" :  ...
31: 327001 adresses traitées
adresse : bulk pour les ids de 4675673 à 4676672
bulk : {
  "took" : 99,
  "errors" :  ...
31: 328001 adresses traitées
adresse : bulk pour les ids de 4676673 à 4677672
bulk : {
  "took" : 76,
  "errors" :  ...
31: 329001 adresses traitées
adresse : bulk pour les ids de 4677673 à 4678672
bulk : {
  "took" : 98,
  "errors" :  ...
31: 330001 adresses traitées
adresse : bulk pour les ids de 4678673 à 4679672
bulk : {
  "took" : 75,
  "errors" :  ...
31: 331001 adresses traitées
adresse : bulk pour les ids de 4679673 à 4680672
bulk : {
  "took" : 75,
  "errors" :  ...
adresse : bulk pour les ids de 4680673 à 4681102
bulk : {
  "took" : 47,
  "errors" :  ...
dpt 32 : voies
32: 1 voies traitées
voie : bulk pour les ids de 372805 à 373004
bulk : {
  "took" : 13,
  "errors" :  ...
32: 201 voies traitées
voie : bulk pour les ids de 373005 à 373204
bulk : {
  "took" : 12,
  "errors" :  ...
32: 401 voies traitées
voie : bulk pour les ids de 373205 à 373404
bulk : {
  "took" : 12,
  "errors" :  ...
32: 601 voies traitées
voie : bulk pour les ids de 373405 à 373604
bulk : {
  "took" : 12,
  "errors" :  ...
32: 801 voies traitées
voie : bulk pour les ids de 373605 à 373804
bulk : {
  "took" : 12,
  "errors" :  ...
32: 1001 voies traitées
voie : bulk pour les ids de 373805 à 374004
bulk : {
  "took" : 12,
  "errors" :  ...
32: 1201 voies traitées
voie : bulk pour les ids de 374005 à 374204
bulk : {
  "took" : 12,
  "errors" :  ...
32: 1401 voies traitées
voie : bulk pour les ids de 374205 à 374404
bulk : {
  "took" : 12,
  "errors" :  ...
32: 1601 voies traitées
voie : bulk pour les ids de 374405 à 374604
bulk : {
  "took" : 12,
  "errors" :  ...
32: 1801 voies traitées
voie : bulk pour les ids de 374605 à 374804
bulk : {
  "took" : 13,
  "errors" :  ...
32: 2001 voies traitées
voie : bulk pour les ids de 374805 à 375004
bulk : {
  "took" : 12,
  "errors" :  ...
32: 2201 voies traitées
voie : bulk pour les ids de 375005 à 375204
bulk : {
  "took" : 12,
  "errors" :  ...
32: 2401 voies traitées
voie : bulk pour les ids de 375205 à 375404
bulk : {
  "took" : 12,
  "errors" :  ...
32: 2601 voies traitées
voie : bulk pour les ids de 375405 à 375604
bulk : {
  "took" : 12,
  "errors" :  ...
32: 2801 voies traitées
voie : bulk pour les ids de 375605 à 375804
bulk : {
  "took" : 12,
  "errors" :  ...
32: 3001 voies traitées
voie : bulk pour les ids de 375805 à 376004
bulk : {
  "took" : 19,
  "errors" :  ...
32: 3201 voies traitées
voie : bulk pour les ids de 376005 à 376204
bulk : {
  "took" : 13,
  "errors" :  ...
32: 3401 voies traitées
voie : bulk pour les ids de 376205 à 376404
bulk : {
  "took" : 12,
  "errors" :  ...
32: 3601 voies traitées
voie : bulk pour les ids de 376405 à 376604
bulk : {
  "took" : 31,
  "errors" :  ...
32: 3801 voies traitées
voie : bulk pour les ids de 376605 à 376743
bulk : {
  "took" : 9,
  "errors" : f ...
dpt 32 : adresses
32: 1 adresses traitées
32: 1001 adresses traitées
adresse : bulk pour les ids de 4681103 à 4682102
bulk : {
  "took" : 79,
  "errors" :  ...
32: 2001 adresses traitées
adresse : bulk pour les ids de 4682103 à 4683102
bulk : {
  "took" : 87,
  "errors" :  ...
32: 3001 adresses traitées
32: 4001 adresses traitées
adresse : bulk pour les ids de 4683103 à 4684102
bulk : {
  "took" : 74,
  "errors" :  ...
32: 5001 adresses traitées
adresse : bulk pour les ids de 4684103 à 4685102
bulk : {
  "took" : 67,
  "errors" :  ...
32: 6001 adresses traitées
32: 7001 adresses traitées
adresse : bulk pour les ids de 4685103 à 4686102
bulk : {
  "took" : 95,
  "errors" :  ...
32: 8001 adresses traitées
adresse : bulk pour les ids de 4686103 à 4687102
bulk : {
  "took" : 67,
  "errors" :  ...
32: 9001 adresses traitées
adresse : bulk pour les ids de 4687103 à 4688102
bulk : {
  "took" : 92,
  "errors" :  ...
32: 10001 adresses traitées
32: 11001 adresses traitées
adresse : bulk pour les ids de 4688103 à 4689102
bulk : {
  "took" : 71,
  "errors" :  ...
32: 12001 adresses traitées
adresse : bulk pour les ids de 4689103 à 4690102
bulk : {
  "took" : 98,
  "errors" :  ...
32: 13001 adresses traitées
adresse : bulk pour les ids de 4690103 à 4691102
bulk : {
  "took" : 66,
  "errors" :  ...
32: 14001 adresses traitées
adresse : bulk pour les ids de 4691103 à 4692102
bulk : {
  "took" : 99,
  "errors" :  ...
32: 15001 adresses traitées
32: 16001 adresses traitées
adresse : bulk pour les ids de 4692103 à 4693102
bulk : {
  "took" : 67,
  "errors" :  ...
32: 17001 adresses traitées
32: 18001 adresses traitées
adresse : bulk pour les ids de 4693103 à 4694102
bulk : {
  "took" : 101,
  "errors" : ...
32: 19001 adresses traitées
adresse : bulk pour les ids de 4694103 à 4695102
bulk : {
  "took" : 83,
  "errors" :  ...
32: 20001 adresses traitées
adresse : bulk pour les ids de 4695103 à 4696102
bulk : {
  "took" : 75,
  "errors" :  ...
32: 21001 adresses traitées
32: 22001 adresses traitées
adresse : bulk pour les ids de 4696103 à 4697102
bulk : {
  "took" : 87,
  "errors" :  ...
32: 23001 adresses traitées
adresse : bulk pour les ids de 4697103 à 4698102
bulk : {
  "took" : 75,
  "errors" :  ...
32: 24001 adresses traitées
32: 25001 adresses traitées
adresse : bulk pour les ids de 4698103 à 4699102
bulk : {
  "took" : 70,
  "errors" :  ...
32: 26001 adresses traitées
adresse : bulk pour les ids de 4699103 à 4700102
bulk : {
  "took" : 94,
  "errors" :  ...
32: 27001 adresses traitées
adresse : bulk pour les ids de 4700103 à 4701102
bulk : {
  "took" : 67,
  "errors" :  ...
32: 28001 adresses traitées
adresse : bulk pour les ids de 4701103 à 4702102
bulk : {
  "took" : 74,
  "errors" :  ...
32: 29001 adresses traitées
adresse : bulk pour les ids de 4702103 à 4703102
bulk : {
  "took" : 88,
  "errors" :  ...
32: 30001 adresses traitées
adresse : bulk pour les ids de 4703103 à 4704102
bulk : {
  "took" : 73,
  "errors" :  ...
32: 31001 adresses traitées
adresse : bulk pour les ids de 4704103 à 4705102
bulk : {
  "took" : 67,
  "errors" :  ...
32: 32001 adresses traitées
adresse : bulk pour les ids de 4705103 à 4706102
bulk : {
  "took" : 92,
  "errors" :  ...
32: 33001 adresses traitées
32: 34001 adresses traitées
adresse : bulk pour les ids de 4706103 à 4707102
bulk : {
  "took" : 73,
  "errors" :  ...
32: 35001 adresses traitées
adresse : bulk pour les ids de 4707103 à 4708102
bulk : {
  "took" : 76,
  "errors" :  ...
32: 36001 adresses traitées
adresse : bulk pour les ids de 4708103 à 4709102
bulk : {
  "took" : 90,
  "errors" :  ...
32: 37001 adresses traitées
adresse : bulk pour les ids de 4709103 à 4710102
bulk : {
  "took" : 77,
  "errors" :  ...
32: 38001 adresses traitées
32: 39001 adresses traitées
adresse : bulk pour les ids de 4710103 à 4711102
bulk : {
  "took" : 86,
  "errors" :  ...
32: 40001 adresses traitées
adresse : bulk pour les ids de 4711103 à 4712102
bulk : {
  "took" : 77,
  "errors" :  ...
32: 41001 adresses traitées
32: 42001 adresses traitées
adresse : bulk pour les ids de 4712103 à 4713102
bulk : {
  "took" : 85,
  "errors" :  ...
32: 43001 adresses traitées
adresse : bulk pour les ids de 4713103 à 4714102
bulk : {
  "took" : 94,
  "errors" :  ...
32: 44001 adresses traitées
adresse : bulk pour les ids de 4714103 à 4715102
bulk : {
  "took" : 66,
  "errors" :  ...
32: 45001 adresses traitées
adresse : bulk pour les ids de 4715103 à 4716102
bulk : {
  "took" : 92,
  "errors" :  ...
32: 46001 adresses traitées
32: 47001 adresses traitées
adresse : bulk pour les ids de 4716103 à 4717102
bulk : {
  "took" : 67,
  "errors" :  ...
32: 48001 adresses traitées
adresse : bulk pour les ids de 4717103 à 4718102
bulk : {
  "took" : 142,
  "errors" : ...
32: 49001 adresses traitées
32: 50001 adresses traitées
adresse : bulk pour les ids de 4718103 à 4719102
bulk : {
  "took" : 94,
  "errors" :  ...
32: 51001 adresses traitées
adresse : bulk pour les ids de 4719103 à 4719901
bulk : {
  "took" : 56,
  "errors" :  ...
dpt 33 : voies
33: 1 voies traitées
voie : bulk pour les ids de 376744 à 376943
bulk : {
  "took" : 11,
  "errors" :  ...
33: 201 voies traitées
voie : bulk pour les ids de 376944 à 377143
bulk : {
  "took" : 12,
  "errors" :  ...
33: 401 voies traitées
voie : bulk pour les ids de 377144 à 377343
bulk : {
  "took" : 12,
  "errors" :  ...
33: 601 voies traitées
voie : bulk pour les ids de 377344 à 377543
bulk : {
  "took" : 12,
  "errors" :  ...
33: 801 voies traitées
voie : bulk pour les ids de 377544 à 377743
bulk : {
  "took" : 12,
  "errors" :  ...
33: 1001 voies traitées
voie : bulk pour les ids de 377744 à 377943
bulk : {
  "took" : 12,
  "errors" :  ...
33: 1201 voies traitées
voie : bulk pour les ids de 377944 à 378143
bulk : {
  "took" : 11,
  "errors" :  ...
33: 1401 voies traitées
voie : bulk pour les ids de 378144 à 378343
bulk : {
  "took" : 29,
  "errors" :  ...
33: 1601 voies traitées
voie : bulk pour les ids de 378344 à 378543
bulk : {
  "took" : 13,
  "errors" :  ...
33: 1801 voies traitées
voie : bulk pour les ids de 378544 à 378743
bulk : {
  "took" : 11,
  "errors" :  ...
33: 2001 voies traitées
voie : bulk pour les ids de 378744 à 378943
bulk : {
  "took" : 12,
  "errors" :  ...
33: 2201 voies traitées
voie : bulk pour les ids de 378944 à 379143
bulk : {
  "took" : 12,
  "errors" :  ...
33: 2401 voies traitées
voie : bulk pour les ids de 379144 à 379343
bulk : {
  "took" : 13,
  "errors" :  ...
33: 2601 voies traitées
voie : bulk pour les ids de 379344 à 379543
bulk : {
  "took" : 12,
  "errors" :  ...
33: 2801 voies traitées
voie : bulk pour les ids de 379544 à 379743
bulk : {
  "took" : 12,
  "errors" :  ...
33: 3001 voies traitées
voie : bulk pour les ids de 379744 à 379943
bulk : {
  "took" : 12,
  "errors" :  ...
33: 3201 voies traitées
voie : bulk pour les ids de 379944 à 380143
bulk : {
  "took" : 12,
  "errors" :  ...
33: 3401 voies traitées
voie : bulk pour les ids de 380144 à 380343
bulk : {
  "took" : 16,
  "errors" :  ...
33: 3601 voies traitées
voie : bulk pour les ids de 380344 à 380543
bulk : {
  "took" : 38,
  "errors" :  ...
33: 3801 voies traitées
voie : bulk pour les ids de 380544 à 380743
bulk : {
  "took" : 12,
  "errors" :  ...
33: 4001 voies traitées
voie : bulk pour les ids de 380744 à 380943
bulk : {
  "took" : 12,
  "errors" :  ...
33: 4201 voies traitées
voie : bulk pour les ids de 380944 à 381143
bulk : {
  "took" : 11,
  "errors" :  ...
33: 4401 voies traitées
voie : bulk pour les ids de 381144 à 381343
bulk : {
  "took" : 12,
  "errors" :  ...
33: 4601 voies traitées
voie : bulk pour les ids de 381344 à 381543
bulk : {
  "took" : 11,
  "errors" :  ...
33: 4801 voies traitées
voie : bulk pour les ids de 381544 à 381743
bulk : {
  "took" : 11,
  "errors" :  ...
33: 5001 voies traitées
voie : bulk pour les ids de 381744 à 381943
bulk : {
  "took" : 12,
  "errors" :  ...
33: 5201 voies traitées
voie : bulk pour les ids de 381944 à 382143
bulk : {
  "took" : 11,
  "errors" :  ...
33: 5401 voies traitées
voie : bulk pour les ids de 382144 à 382343
bulk : {
  "took" : 38,
  "errors" :  ...
33: 5601 voies traitées
voie : bulk pour les ids de 382344 à 382543
bulk : {
  "took" : 12,
  "errors" :  ...
33: 5801 voies traitées
voie : bulk pour les ids de 382544 à 382743
bulk : {
  "took" : 11,
  "errors" :  ...
33: 6001 voies traitées
voie : bulk pour les ids de 382744 à 382943
bulk : {
  "took" : 11,
  "errors" :  ...
33: 6201 voies traitées
voie : bulk pour les ids de 382944 à 383143
bulk : {
  "took" : 29,
  "errors" :  ...
33: 6401 voies traitées
voie : bulk pour les ids de 383144 à 383343
bulk : {
  "took" : 13,
  "errors" :  ...
33: 6601 voies traitées
voie : bulk pour les ids de 383344 à 383543
bulk : {
  "took" : 12,
  "errors" :  ...
33: 6801 voies traitées
voie : bulk pour les ids de 383544 à 383743
bulk : {
  "took" : 11,
  "errors" :  ...
33: 7001 voies traitées
voie : bulk pour les ids de 383744 à 383943
bulk : {
  "took" : 12,
  "errors" :  ...
33: 7201 voies traitées
voie : bulk pour les ids de 383944 à 384143
bulk : {
  "took" : 12,
  "errors" :  ...
33: 7401 voies traitées
voie : bulk pour les ids de 384144 à 384343
bulk : {
  "took" : 15,
  "errors" :  ...
33: 7601 voies traitées
voie : bulk pour les ids de 384344 à 384543
bulk : {
  "took" : 20,
  "errors" :  ...
33: 7801 voies traitées
voie : bulk pour les ids de 384544 à 384743
bulk : {
  "took" : 12,
  "errors" :  ...
33: 8001 voies traitées
voie : bulk pour les ids de 384744 à 384943
bulk : {
  "took" : 12,
  "errors" :  ...
33: 8201 voies traitées
voie : bulk pour les ids de 384944 à 385143
bulk : {
  "took" : 12,
  "errors" :  ...
33: 8401 voies traitées
voie : bulk pour les ids de 385144 à 385343
bulk : {
  "took" : 12,
  "errors" :  ...
33: 8601 voies traitées
voie : bulk pour les ids de 385344 à 385543
bulk : {
  "took" : 12,
  "errors" :  ...
33: 8801 voies traitées
voie : bulk pour les ids de 385544 à 385743
bulk : {
  "took" : 13,
  "errors" :  ...
33: 9001 voies traitées
voie : bulk pour les ids de 385744 à 385943
bulk : {
  "took" : 11,
  "errors" :  ...
33: 9201 voies traitées
voie : bulk pour les ids de 385944 à 386143
bulk : {
  "took" : 12,
  "errors" :  ...
33: 9401 voies traitées
voie : bulk pour les ids de 386144 à 386343
bulk : {
  "took" : 28,
  "errors" :  ...
33: 9601 voies traitées
voie : bulk pour les ids de 386344 à 386543
bulk : {
  "took" : 11,
  "errors" :  ...
33: 9801 voies traitées
voie : bulk pour les ids de 386544 à 386743
bulk : {
  "took" : 12,
  "errors" :  ...
33: 10001 voies traitées
voie : bulk pour les ids de 386744 à 386943
bulk : {
  "took" : 12,
  "errors" :  ...
33: 10201 voies traitées
voie : bulk pour les ids de 386944 à 387143
bulk : {
  "took" : 12,
  "errors" :  ...
33: 10401 voies traitées
voie : bulk pour les ids de 387144 à 387343
bulk : {
  "took" : 11,
  "errors" :  ...
33: 10601 voies traitées
voie : bulk pour les ids de 387344 à 387543
bulk : {
  "took" : 12,
  "errors" :  ...
33: 10801 voies traitées
voie : bulk pour les ids de 387544 à 387743
bulk : {
  "took" : 11,
  "errors" :  ...
33: 11001 voies traitées
voie : bulk pour les ids de 387744 à 387943
bulk : {
  "took" : 11,
  "errors" :  ...
33: 11201 voies traitées
voie : bulk pour les ids de 387944 à 388143
bulk : {
  "took" : 16,
  "errors" :  ...
33: 11401 voies traitées
voie : bulk pour les ids de 388144 à 388343
bulk : {
  "took" : 36,
  "errors" :  ...
33: 11601 voies traitées
voie : bulk pour les ids de 388344 à 388543
bulk : {
  "took" : 12,
  "errors" :  ...
33: 11801 voies traitées
voie : bulk pour les ids de 388544 à 388743
bulk : {
  "took" : 12,
  "errors" :  ...
33: 12001 voies traitées
voie : bulk pour les ids de 388744 à 388943
bulk : {
  "took" : 11,
  "errors" :  ...
33: 12201 voies traitées
voie : bulk pour les ids de 388944 à 389143
bulk : {
  "took" : 12,
  "errors" :  ...
33: 12401 voies traitées
voie : bulk pour les ids de 389144 à 389343
bulk : {
  "took" : 12,
  "errors" :  ...
33: 12601 voies traitées
voie : bulk pour les ids de 389344 à 389543
bulk : {
  "took" : 27,
  "errors" :  ...
33: 12801 voies traitées
voie : bulk pour les ids de 389544 à 389743
bulk : {
  "took" : 12,
  "errors" :  ...
33: 13001 voies traitées
voie : bulk pour les ids de 389744 à 389943
bulk : {
  "took" : 12,
  "errors" :  ...
33: 13201 voies traitées
voie : bulk pour les ids de 389944 à 390143
bulk : {
  "took" : 12,
  "errors" :  ...
33: 13401 voies traitées
voie : bulk pour les ids de 390144 à 390343
bulk : {
  "took" : 27,
  "errors" :  ...
33: 13601 voies traitées
voie : bulk pour les ids de 390344 à 390543
bulk : {
  "took" : 12,
  "errors" :  ...
33: 13801 voies traitées
voie : bulk pour les ids de 390544 à 390743
bulk : {
  "took" : 12,
  "errors" :  ...
33: 14001 voies traitées
voie : bulk pour les ids de 390744 à 390943
bulk : {
  "took" : 12,
  "errors" :  ...
33: 14201 voies traitées
voie : bulk pour les ids de 390944 à 391143
bulk : {
  "took" : 12,
  "errors" :  ...
33: 14401 voies traitées
voie : bulk pour les ids de 391144 à 391343
bulk : {
  "took" : 13,
  "errors" :  ...
33: 14601 voies traitées
voie : bulk pour les ids de 391344 à 391543
bulk : {
  "took" : 12,
  "errors" :  ...
33: 14801 voies traitées
voie : bulk pour les ids de 391544 à 391743
bulk : {
  "took" : 12,
  "errors" :  ...
33: 15001 voies traitées
voie : bulk pour les ids de 391744 à 391943
bulk : {
  "took" : 18,
  "errors" :  ...
33: 15201 voies traitées
voie : bulk pour les ids de 391944 à 392143
bulk : {
  "took" : 21,
  "errors" :  ...
33: 15401 voies traitées
voie : bulk pour les ids de 392144 à 392343
bulk : {
  "took" : 35,
  "errors" :  ...
33: 15601 voies traitées
voie : bulk pour les ids de 392344 à 392543
bulk : {
  "took" : 11,
  "errors" :  ...
33: 15801 voies traitées
voie : bulk pour les ids de 392544 à 392743
bulk : {
  "took" : 12,
  "errors" :  ...
33: 16001 voies traitées
voie : bulk pour les ids de 392744 à 392943
bulk : {
  "took" : 11,
  "errors" :  ...
33: 16201 voies traitées
voie : bulk pour les ids de 392944 à 393143
bulk : {
  "took" : 11,
  "errors" :  ...
33: 16401 voies traitées
voie : bulk pour les ids de 393144 à 393343
bulk : {
  "took" : 12,
  "errors" :  ...
33: 16601 voies traitées
voie : bulk pour les ids de 393344 à 393543
bulk : {
  "took" : 12,
  "errors" :  ...
33: 16801 voies traitées
voie : bulk pour les ids de 393544 à 393743
bulk : {
  "took" : 12,
  "errors" :  ...
33: 17001 voies traitées
voie : bulk pour les ids de 393744 à 393943
bulk : {
  "took" : 12,
  "errors" :  ...
33: 17201 voies traitées
voie : bulk pour les ids de 393944 à 394143
bulk : {
  "took" : 11,
  "errors" :  ...
33: 17401 voies traitées
voie : bulk pour les ids de 394144 à 394343
bulk : {
  "took" : 12,
  "errors" :  ...
33: 17601 voies traitées
voie : bulk pour les ids de 394344 à 394543
bulk : {
  "took" : 27,
  "errors" :  ...
33: 17801 voies traitées
voie : bulk pour les ids de 394544 à 394743
bulk : {
  "took" : 12,
  "errors" :  ...
33: 18001 voies traitées
voie : bulk pour les ids de 394744 à 394943
bulk : {
  "took" : 12,
  "errors" :  ...
33: 18201 voies traitées
voie : bulk pour les ids de 394944 à 395143
bulk : {
  "took" : 12,
  "errors" :  ...
33: 18401 voies traitées
voie : bulk pour les ids de 395144 à 395343
bulk : {
  "took" : 12,
  "errors" :  ...
33: 18601 voies traitées
voie : bulk pour les ids de 395344 à 395543
bulk : {
  "took" : 12,
  "errors" :  ...
33: 18801 voies traitées
voie : bulk pour les ids de 395544 à 395743
bulk : {
  "took" : 11,
  "errors" :  ...
33: 19001 voies traitées
voie : bulk pour les ids de 395744 à 395943
bulk : {
  "took" : 16,
  "errors" :  ...
33: 19201 voies traitées
voie : bulk pour les ids de 395944 à 396143
bulk : {
  "took" : 37,
  "errors" :  ...
33: 19401 voies traitées
voie : bulk pour les ids de 396144 à 396343
bulk : {
  "took" : 12,
  "errors" :  ...
33: 19601 voies traitées
voie : bulk pour les ids de 396344 à 396543
bulk : {
  "took" : 12,
  "errors" :  ...
33: 19801 voies traitées
voie : bulk pour les ids de 396544 à 396743
bulk : {
  "took" : 12,
  "errors" :  ...
33: 20001 voies traitées
voie : bulk pour les ids de 396744 à 396943
bulk : {
  "took" : 12,
  "errors" :  ...
33: 20201 voies traitées
voie : bulk pour les ids de 396944 à 397143
bulk : {
  "took" : 12,
  "errors" :  ...
33: 20401 voies traitées
voie : bulk pour les ids de 397144 à 397343
bulk : {
  "took" : 12,
  "errors" :  ...
33: 20601 voies traitées
voie : bulk pour les ids de 397344 à 397543
bulk : {
  "took" : 12,
  "errors" :  ...
33: 20801 voies traitées
voie : bulk pour les ids de 397544 à 397743
bulk : {
  "took" : 12,
  "errors" :  ...
33: 21001 voies traitées
voie : bulk pour les ids de 397744 à 397943
bulk : {
  "took" : 12,
  "errors" :  ...
33: 21201 voies traitées
voie : bulk pour les ids de 397944 à 398143
bulk : {
  "took" : 13,
  "errors" :  ...
33: 21401 voies traitées
voie : bulk pour les ids de 398144 à 398343
bulk : {
  "took" : 32,
  "errors" :  ...
33: 21601 voies traitées
voie : bulk pour les ids de 398344 à 398543
bulk : {
  "took" : 12,
  "errors" :  ...
33: 21801 voies traitées
voie : bulk pour les ids de 398544 à 398743
bulk : {
  "took" : 12,
  "errors" :  ...
33: 22001 voies traitées
voie : bulk pour les ids de 398744 à 398943
bulk : {
  "took" : 12,
  "errors" :  ...
33: 22201 voies traitées
voie : bulk pour les ids de 398944 à 399143
bulk : {
  "took" : 12,
  "errors" :  ...
33: 22401 voies traitées
voie : bulk pour les ids de 399144 à 399343
bulk : {
  "took" : 12,
  "errors" :  ...
33: 22601 voies traitées
voie : bulk pour les ids de 399344 à 399543
bulk : {
  "took" : 29,
  "errors" :  ...
33: 22801 voies traitées
voie : bulk pour les ids de 399544 à 399743
bulk : {
  "took" : 12,
  "errors" :  ...
33: 23001 voies traitées
voie : bulk pour les ids de 399744 à 399943
bulk : {
  "took" : 33,
  "errors" :  ...
33: 23201 voies traitées
voie : bulk pour les ids de 399944 à 400143
bulk : {
  "took" : 12,
  "errors" :  ...
33: 23401 voies traitées
voie : bulk pour les ids de 400144 à 400343
bulk : {
  "took" : 12,
  "errors" :  ...
33: 23601 voies traitées
voie : bulk pour les ids de 400344 à 400543
bulk : {
  "took" : 12,
  "errors" :  ...
33: 23801 voies traitées
voie : bulk pour les ids de 400544 à 400743
bulk : {
  "took" : 11,
  "errors" :  ...
33: 24001 voies traitées
voie : bulk pour les ids de 400744 à 400943
bulk : {
  "took" : 12,
  "errors" :  ...
33: 24201 voies traitées
voie : bulk pour les ids de 400944 à 401143
bulk : {
  "took" : 11,
  "errors" :  ...
33: 24401 voies traitées
voie : bulk pour les ids de 401144 à 401343
bulk : {
  "took" : 11,
  "errors" :  ...
33: 24601 voies traitées
voie : bulk pour les ids de 401344 à 401543
bulk : {
  "took" : 11,
  "errors" :  ...
33: 24801 voies traitées
voie : bulk pour les ids de 401544 à 401743
bulk : {
  "took" : 12,
  "errors" :  ...
33: 25001 voies traitées
voie : bulk pour les ids de 401744 à 401943
bulk : {
  "took" : 33,
  "errors" :  ...
33: 25201 voies traitées
voie : bulk pour les ids de 401944 à 402143
bulk : {
  "took" : 12,
  "errors" :  ...
33: 25401 voies traitées
voie : bulk pour les ids de 402144 à 402343
bulk : {
  "took" : 12,
  "errors" :  ...
33: 25601 voies traitées
voie : bulk pour les ids de 402344 à 402543
bulk : {
  "took" : 11,
  "errors" :  ...
33: 25801 voies traitées
voie : bulk pour les ids de 402544 à 402743
bulk : {
  "took" : 11,
  "errors" :  ...
33: 26001 voies traitées
voie : bulk pour les ids de 402744 à 402943
bulk : {
  "took" : 12,
  "errors" :  ...
33: 26201 voies traitées
voie : bulk pour les ids de 402944 à 403143
bulk : {
  "took" : 21,
  "errors" :  ...
33: 26401 voies traitées
voie : bulk pour les ids de 403144 à 403343
bulk : {
  "took" : 15,
  "errors" :  ...
33: 26601 voies traitées
voie : bulk pour les ids de 403344 à 403543
bulk : {
  "took" : 12,
  "errors" :  ...
33: 26801 voies traitées
voie : bulk pour les ids de 403544 à 403743
bulk : {
  "took" : 12,
  "errors" :  ...
33: 27001 voies traitées
voie : bulk pour les ids de 403744 à 403943
bulk : {
  "took" : 27,
  "errors" :  ...
33: 27201 voies traitées
voie : bulk pour les ids de 403944 à 404141
bulk : {
  "took" : 12,
  "errors" :  ...
dpt 33 : adresses
33: 1 adresses traitées
33: 1001 adresses traitées
adresse : bulk pour les ids de 4719902 à 4720901
bulk : {
  "took" : 105,
  "errors" : ...
33: 2001 adresses traitées
adresse : bulk pour les ids de 4720902 à 4721901
bulk : {
  "took" : 90,
  "errors" :  ...
33: 3001 adresses traitées
adresse : bulk pour les ids de 4721902 à 4722901
bulk : {
  "took" : 69,
  "errors" :  ...
33: 4001 adresses traitées
adresse : bulk pour les ids de 4722902 à 4723901
bulk : {
  "took" : 94,
  "errors" :  ...
33: 5001 adresses traitées
adresse : bulk pour les ids de 4723902 à 4724901
bulk : {
  "took" : 74,
  "errors" :  ...
33: 6001 adresses traitées
adresse : bulk pour les ids de 4724902 à 4725901
bulk : {
  "took" : 107,
  "errors" : ...
33: 7001 adresses traitées
adresse : bulk pour les ids de 4725902 à 4726901
bulk : {
  "took" : 76,
  "errors" :  ...
33: 8001 adresses traitées
adresse : bulk pour les ids de 4726902 à 4727901
bulk : {
  "took" : 95,
  "errors" :  ...
33: 9001 adresses traitées
adresse : bulk pour les ids de 4727902 à 4728901
bulk : {
  "took" : 97,
  "errors" :  ...
33: 10001 adresses traitées
adresse : bulk pour les ids de 4728902 à 4729901
bulk : {
  "took" : 76,
  "errors" :  ...
33: 11001 adresses traitées
adresse : bulk pour les ids de 4729902 à 4730901
bulk : {
  "took" : 90,
  "errors" :  ...
33: 12001 adresses traitées
adresse : bulk pour les ids de 4730902 à 4731901
bulk : {
  "took" : 101,
  "errors" : ...
33: 13001 adresses traitées
adresse : bulk pour les ids de 4731902 à 4732901
bulk : {
  "took" : 74,
  "errors" :  ...
33: 14001 adresses traitées
adresse : bulk pour les ids de 4732902 à 4733901
bulk : {
  "took" : 95,
  "errors" :  ...
33: 15001 adresses traitées
adresse : bulk pour les ids de 4733902 à 4734901
bulk : {
  "took" : 87,
  "errors" :  ...
33: 16001 adresses traitées
adresse : bulk pour les ids de 4734902 à 4735901
bulk : {
  "took" : 87,
  "errors" :  ...
33: 17001 adresses traitées
adresse : bulk pour les ids de 4735902 à 4736901
bulk : {
  "took" : 95,
  "errors" :  ...
33: 18001 adresses traitées
adresse : bulk pour les ids de 4736902 à 4737901
bulk : {
  "took" : 89,
  "errors" :  ...
33: 19001 adresses traitées
adresse : bulk pour les ids de 4737902 à 4738901
bulk : {
  "took" : 96,
  "errors" :  ...
33: 20001 adresses traitées
adresse : bulk pour les ids de 4738902 à 4739901
bulk : {
  "took" : 74,
  "errors" :  ...
33: 21001 adresses traitées
adresse : bulk pour les ids de 4739902 à 4740901
bulk : {
  "took" : 89,
  "errors" :  ...
33: 22001 adresses traitées
adresse : bulk pour les ids de 4740902 à 4741901
bulk : {
  "took" : 78,
  "errors" :  ...
33: 23001 adresses traitées
adresse : bulk pour les ids de 4741902 à 4742901
bulk : {
  "took" : 93,
  "errors" :  ...
33: 24001 adresses traitées
adresse : bulk pour les ids de 4742902 à 4743901
bulk : {
  "took" : 78,
  "errors" :  ...
33: 25001 adresses traitées
adresse : bulk pour les ids de 4743902 à 4744901
bulk : {
  "took" : 88,
  "errors" :  ...
33: 26001 adresses traitées
adresse : bulk pour les ids de 4744902 à 4745901
bulk : {
  "took" : 92,
  "errors" :  ...
33: 27001 adresses traitées
adresse : bulk pour les ids de 4745902 à 4746901
bulk : {
  "took" : 88,
  "errors" :  ...
33: 28001 adresses traitées
adresse : bulk pour les ids de 4746902 à 4747901
bulk : {
  "took" : 74,
  "errors" :  ...
33: 29001 adresses traitées
adresse : bulk pour les ids de 4747902 à 4748901
bulk : {
  "took" : 83,
  "errors" :  ...
33: 30001 adresses traitées
adresse : bulk pour les ids de 4748902 à 4749901
bulk : {
  "took" : 75,
  "errors" :  ...
33: 31001 adresses traitées
adresse : bulk pour les ids de 4749902 à 4750901
bulk : {
  "took" : 97,
  "errors" :  ...
33: 32001 adresses traitées
adresse : bulk pour les ids de 4750902 à 4751901
bulk : {
  "took" : 75,
  "errors" :  ...
33: 33001 adresses traitées
adresse : bulk pour les ids de 4751902 à 4752901
bulk : {
  "took" : 68,
  "errors" :  ...
33: 34001 adresses traitées
adresse : bulk pour les ids de 4752902 à 4753901
bulk : {
  "took" : 77,
  "errors" :  ...
33: 35001 adresses traitées
adresse : bulk pour les ids de 4753902 à 4754901
bulk : {
  "took" : 72,
  "errors" :  ...
33: 36001 adresses traitées
adresse : bulk pour les ids de 4754902 à 4755901
bulk : {
  "took" : 81,
  "errors" :  ...
33: 37001 adresses traitées
adresse : bulk pour les ids de 4755902 à 4756901
bulk : {
  "took" : 85,
  "errors" :  ...
33: 38001 adresses traitées
adresse : bulk pour les ids de 4756902 à 4757901
bulk : {
  "took" : 93,
  "errors" :  ...
33: 39001 adresses traitées
adresse : bulk pour les ids de 4757902 à 4758901
bulk : {
  "took" : 78,
  "errors" :  ...
33: 40001 adresses traitées
adresse : bulk pour les ids de 4758902 à 4759901
bulk : {
  "took" : 92,
  "errors" :  ...
33: 41001 adresses traitées
adresse : bulk pour les ids de 4759902 à 4760901
bulk : {
  "took" : 77,
  "errors" :  ...
33: 42001 adresses traitées
adresse : bulk pour les ids de 4760902 à 4761901
bulk : {
  "took" : 92,
  "errors" :  ...
33: 43001 adresses traitées
adresse : bulk pour les ids de 4761902 à 4762901
bulk : {
  "took" : 69,
  "errors" :  ...
33: 44001 adresses traitées
adresse : bulk pour les ids de 4762902 à 4763901
bulk : {
  "took" : 94,
  "errors" :  ...
33: 45001 adresses traitées
adresse : bulk pour les ids de 4763902 à 4764901
bulk : {
  "took" : 86,
  "errors" :  ...
33: 46001 adresses traitées
adresse : bulk pour les ids de 4764902 à 4765901
bulk : {
  "took" : 77,
  "errors" :  ...
33: 47001 adresses traitées
adresse : bulk pour les ids de 4765902 à 4766901
bulk : {
  "took" : 91,
  "errors" :  ...
33: 48001 adresses traitées
adresse : bulk pour les ids de 4766902 à 4767901
bulk : {
  "took" : 99,
  "errors" :  ...
33: 49001 adresses traitées
33: 50001 adresses traitées
adresse : bulk pour les ids de 4767902 à 4768901
bulk : {
  "took" : 70,
  "errors" :  ...
33: 51001 adresses traitées
adresse : bulk pour les ids de 4768902 à 4769901
bulk : {
  "took" : 96,
  "errors" :  ...
33: 52001 adresses traitées
adresse : bulk pour les ids de 4769902 à 4770901
bulk : {
  "took" : 69,
  "errors" :  ...
33: 53001 adresses traitées
adresse : bulk pour les ids de 4770902 à 4771901
bulk : {
  "took" : 94,
  "errors" :  ...
33: 54001 adresses traitées
adresse : bulk pour les ids de 4771902 à 4772901
bulk : {
  "took" : 86,
  "errors" :  ...
33: 55001 adresses traitées
adresse : bulk pour les ids de 4772902 à 4773901
bulk : {
  "took" : 106,
  "errors" : ...
33: 56001 adresses traitées
adresse : bulk pour les ids de 4773902 à 4774901
bulk : {
  "took" : 71,
  "errors" :  ...
33: 57001 adresses traitées
adresse : bulk pour les ids de 4774902 à 4775901
bulk : {
  "took" : 97,
  "errors" :  ...
33: 58001 adresses traitées
adresse : bulk pour les ids de 4775902 à 4776901
bulk : {
  "took" : 68,
  "errors" :  ...
33: 59001 adresses traitées
adresse : bulk pour les ids de 4776902 à 4777901
bulk : {
  "took" : 92,
  "errors" :  ...
33: 60001 adresses traitées
adresse : bulk pour les ids de 4777902 à 4778901
bulk : {
  "took" : 67,
  "errors" :  ...
33: 61001 adresses traitées
adresse : bulk pour les ids de 4778902 à 4779901
bulk : {
  "took" : 93,
  "errors" :  ...
33: 62001 adresses traitées
adresse : bulk pour les ids de 4779902 à 4780901
bulk : {
  "took" : 84,
  "errors" :  ...
33: 63001 adresses traitées
adresse : bulk pour les ids de 4780902 à 4781901
bulk : {
  "took" : 75,
  "errors" :  ...
33: 64001 adresses traitées
adresse : bulk pour les ids de 4781902 à 4782901
bulk : {
  "took" : 84,
  "errors" :  ...
33: 65001 adresses traitées
adresse : bulk pour les ids de 4782902 à 4783901
bulk : {
  "took" : 76,
  "errors" :  ...
33: 66001 adresses traitées
adresse : bulk pour les ids de 4783902 à 4784901
bulk : {
  "took" : 69,
  "errors" :  ...
33: 67001 adresses traitées
33: 68001 adresses traitées
adresse : bulk pour les ids de 4784902 à 4785901
bulk : {
  "took" : 99,
  "errors" :  ...
33: 69001 adresses traitées
adresse : bulk pour les ids de 4785902 à 4786901
bulk : {
  "took" : 68,
  "errors" :  ...
33: 70001 adresses traitées
adresse : bulk pour les ids de 4786902 à 4787901
bulk : {
  "took" : 97,
  "errors" :  ...
33: 71001 adresses traitées
adresse : bulk pour les ids de 4787902 à 4788901
bulk : {
  "took" : 87,
  "errors" :  ...
33: 72001 adresses traitées
adresse : bulk pour les ids de 4788902 à 4789901
bulk : {
  "took" : 77,
  "errors" :  ...
33: 73001 adresses traitées
adresse : bulk pour les ids de 4789902 à 4790901
bulk : {
  "took" : 89,
  "errors" :  ...
33: 74001 adresses traitées
adresse : bulk pour les ids de 4790902 à 4791901
bulk : {
  "took" : 115,
  "errors" : ...
33: 75001 adresses traitées
adresse : bulk pour les ids de 4791902 à 4792901
bulk : {
  "took" : 70,
  "errors" :  ...
33: 76001 adresses traitées
adresse : bulk pour les ids de 4792902 à 4793901
bulk : {
  "took" : 104,
  "errors" : ...
33: 77001 adresses traitées
adresse : bulk pour les ids de 4793902 à 4794901
bulk : {
  "took" : 89,
  "errors" :  ...
33: 78001 adresses traitées
adresse : bulk pour les ids de 4794902 à 4795901
bulk : {
  "took" : 90,
  "errors" :  ...
33: 79001 adresses traitées
adresse : bulk pour les ids de 4795902 à 4796901
bulk : {
  "took" : 91,
  "errors" :  ...
33: 80001 adresses traitées
adresse : bulk pour les ids de 4796902 à 4797901
bulk : {
  "took" : 86,
  "errors" :  ...
33: 81001 adresses traitées
adresse : bulk pour les ids de 4797902 à 4798901
bulk : {
  "took" : 89,
  "errors" :  ...
33: 82001 adresses traitées
adresse : bulk pour les ids de 4798902 à 4799901
bulk : {
  "took" : 95,
  "errors" :  ...
33: 83001 adresses traitées
adresse : bulk pour les ids de 4799902 à 4800901
bulk : {
  "took" : 77,
  "errors" :  ...
33: 84001 adresses traitées
adresse : bulk pour les ids de 4800902 à 4801901
bulk : {
  "took" : 95,
  "errors" :  ...
33: 85001 adresses traitées
adresse : bulk pour les ids de 4801902 à 4802901
bulk : {
  "took" : 94,
  "errors" :  ...
33: 86001 adresses traitées
adresse : bulk pour les ids de 4802902 à 4803901
bulk : {
  "took" : 71,
  "errors" :  ...
33: 87001 adresses traitées
adresse : bulk pour les ids de 4803902 à 4804901
bulk : {
  "took" : 102,
  "errors" : ...
33: 88001 adresses traitées
adresse : bulk pour les ids de 4804902 à 4805901
bulk : {
  "took" : 69,
  "errors" :  ...
33: 89001 adresses traitées
adresse : bulk pour les ids de 4805902 à 4806901
bulk : {
  "took" : 107,
  "errors" : ...
33: 90001 adresses traitées
adresse : bulk pour les ids de 4806902 à 4807901
bulk : {
  "took" : 70,
  "errors" :  ...
33: 91001 adresses traitées
adresse : bulk pour les ids de 4807902 à 4808901
bulk : {
  "took" : 104,
  "errors" : ...
33: 92001 adresses traitées
adresse : bulk pour les ids de 4808902 à 4809901
bulk : {
  "took" : 69,
  "errors" :  ...
33: 93001 adresses traitées
adresse : bulk pour les ids de 4809902 à 4810901
bulk : {
  "took" : 105,
  "errors" : ...
33: 94001 adresses traitées
adresse : bulk pour les ids de 4810902 à 4811901
bulk : {
  "took" : 86,
  "errors" :  ...
33: 95001 adresses traitées
adresse : bulk pour les ids de 4811902 à 4812901
bulk : {
  "took" : 86,
  "errors" :  ...
33: 96001 adresses traitées
adresse : bulk pour les ids de 4812902 à 4813901
bulk : {
  "took" : 92,
  "errors" :  ...
33: 97001 adresses traitées
adresse : bulk pour les ids de 4813902 à 4814901
bulk : {
  "took" : 86,
  "errors" :  ...
33: 98001 adresses traitées
adresse : bulk pour les ids de 4814902 à 4815901
bulk : {
  "took" : 87,
  "errors" :  ...
33: 99001 adresses traitées
adresse : bulk pour les ids de 4815902 à 4816901
bulk : {
  "took" : 85,
  "errors" :  ...
33: 100001 adresses traitées
33: 101001 adresses traitées
adresse : bulk pour les ids de 4816902 à 4817901
bulk : {
  "took" : 78,
  "errors" :  ...
33: 102001 adresses traitées
adresse : bulk pour les ids de 4817902 à 4818901
bulk : {
  "took" : 98,
  "errors" :  ...
33: 103001 adresses traitées
adresse : bulk pour les ids de 4818902 à 4819901
bulk : {
  "took" : 77,
  "errors" :  ...
33: 104001 adresses traitées
adresse : bulk pour les ids de 4819902 à 4820901
bulk : {
  "took" : 77,
  "errors" :  ...
33: 105001 adresses traitées
adresse : bulk pour les ids de 4820902 à 4821901
bulk : {
  "took" : 96,
  "errors" :  ...
33: 106001 adresses traitées
adresse : bulk pour les ids de 4821902 à 4822901
bulk : {
  "took" : 69,
  "errors" :  ...
33: 107001 adresses traitées
adresse : bulk pour les ids de 4822902 à 4823901
bulk : {
  "took" : 93,
  "errors" :  ...
33: 108001 adresses traitées
adresse : bulk pour les ids de 4823902 à 4824901
bulk : {
  "took" : 87,
  "errors" :  ...
33: 109001 adresses traitées
adresse : bulk pour les ids de 4824902 à 4825901
bulk : {
  "took" : 95,
  "errors" :  ...
33: 110001 adresses traitées
adresse : bulk pour les ids de 4825902 à 4826901
bulk : {
  "took" : 70,
  "errors" :  ...
33: 111001 adresses traitées
adresse : bulk pour les ids de 4826902 à 4827901
bulk : {
  "took" : 103,
  "errors" : ...
33: 112001 adresses traitées
adresse : bulk pour les ids de 4827902 à 4828901
bulk : {
  "took" : 76,
  "errors" :  ...
33: 113001 adresses traitées
adresse : bulk pour les ids de 4828902 à 4829901
bulk : {
  "took" : 94,
  "errors" :  ...
33: 114001 adresses traitées
adresse : bulk pour les ids de 4829902 à 4830901
bulk : {
  "took" : 92,
  "errors" :  ...
33: 115001 adresses traitées
adresse : bulk pour les ids de 4830902 à 4831901
bulk : {
  "took" : 76,
  "errors" :  ...
33: 116001 adresses traitées
adresse : bulk pour les ids de 4831902 à 4832901
bulk : {
  "took" : 84,
  "errors" :  ...
33: 117001 adresses traitées
adresse : bulk pour les ids de 4832902 à 4833901
bulk : {
  "took" : 77,
  "errors" :  ...
33: 118001 adresses traitées
adresse : bulk pour les ids de 4833902 à 4834901
bulk : {
  "took" : 94,
  "errors" :  ...
33: 119001 adresses traitées
adresse : bulk pour les ids de 4834902 à 4835901
bulk : {
  "took" : 91,
  "errors" :  ...
33: 120001 adresses traitées
adresse : bulk pour les ids de 4835902 à 4836901
bulk : {
  "took" : 76,
  "errors" :  ...
33: 121001 adresses traitées
adresse : bulk pour les ids de 4836902 à 4837901
bulk : {
  "took" : 100,
  "errors" : ...
33: 122001 adresses traitées
adresse : bulk pour les ids de 4837902 à 4838901
bulk : {
  "took" : 69,
  "errors" :  ...
33: 123001 adresses traitées
adresse : bulk pour les ids de 4838902 à 4839901
bulk : {
  "took" : 77,
  "errors" :  ...
33: 124001 adresses traitées
adresse : bulk pour les ids de 4839902 à 4840901
bulk : {
  "took" : 85,
  "errors" :  ...
33: 125001 adresses traitées
adresse : bulk pour les ids de 4840902 à 4841901
bulk : {
  "took" : 77,
  "errors" :  ...
33: 126001 adresses traitées
adresse : bulk pour les ids de 4841902 à 4842901
bulk : {
  "took" : 70,
  "errors" :  ...
33: 127001 adresses traitées
adresse : bulk pour les ids de 4842902 à 4843901
bulk : {
  "took" : 82,
  "errors" :  ...
33: 128001 adresses traitées
adresse : bulk pour les ids de 4843902 à 4844901
bulk : {
  "took" : 68,
  "errors" :  ...
33: 129001 adresses traitées
adresse : bulk pour les ids de 4844902 à 4845901
bulk : {
  "took" : 102,
  "errors" : ...
33: 130001 adresses traitées
adresse : bulk pour les ids de 4845902 à 4846901
bulk : {
  "took" : 68,
  "errors" :  ...
33: 131001 adresses traitées
adresse : bulk pour les ids de 4846902 à 4847901
bulk : {
  "took" : 109,
  "errors" : ...
33: 132001 adresses traitées
33: 133001 adresses traitées
adresse : bulk pour les ids de 4847902 à 4848901
bulk : {
  "took" : 69,
  "errors" :  ...
33: 134001 adresses traitées
adresse : bulk pour les ids de 4848902 à 4849901
bulk : {
  "took" : 180,
  "errors" : ...
33: 135001 adresses traitées
adresse : bulk pour les ids de 4849902 à 4850901
bulk : {
  "took" : 66,
  "errors" :  ...
33: 136001 adresses traitées
adresse : bulk pour les ids de 4850902 à 4851901
bulk : {
  "took" : 84,
  "errors" :  ...
33: 137001 adresses traitées
adresse : bulk pour les ids de 4851902 à 4852901
bulk : {
  "took" : 91,
  "errors" :  ...
33: 138001 adresses traitées
adresse : bulk pour les ids de 4852902 à 4853901
bulk : {
  "took" : 83,
  "errors" :  ...
33: 139001 adresses traitées
adresse : bulk pour les ids de 4853902 à 4854901
bulk : {
  "took" : 71,
  "errors" :  ...
33: 140001 adresses traitées
adresse : bulk pour les ids de 4854902 à 4855901
bulk : {
  "took" : 102,
  "errors" : ...
33: 141001 adresses traitées
adresse : bulk pour les ids de 4855902 à 4856901
bulk : {
  "took" : 69,
  "errors" :  ...
33: 142001 adresses traitées
adresse : bulk pour les ids de 4856902 à 4857901
bulk : {
  "took" : 103,
  "errors" : ...
33: 143001 adresses traitées
adresse : bulk pour les ids de 4857902 à 4858901
bulk : {
  "took" : 85,
  "errors" :  ...
33: 144001 adresses traitées
adresse : bulk pour les ids de 4858902 à 4859901
bulk : {
  "took" : 86,
  "errors" :  ...
33: 145001 adresses traitées
adresse : bulk pour les ids de 4859902 à 4860901
bulk : {
  "took" : 69,
  "errors" :  ...
33: 146001 adresses traitées
adresse : bulk pour les ids de 4860902 à 4861901
bulk : {
  "took" : 103,
  "errors" : ...
33: 147001 adresses traitées
adresse : bulk pour les ids de 4861902 à 4862901
bulk : {
  "took" : 71,
  "errors" :  ...
33: 148001 adresses traitées
adresse : bulk pour les ids de 4862902 à 4863901
bulk : {
  "took" : 99,
  "errors" :  ...
33: 149001 adresses traitées
adresse : bulk pour les ids de 4863902 à 4864901
bulk : {
  "took" : 76,
  "errors" :  ...
33: 150001 adresses traitées
adresse : bulk pour les ids de 4864902 à 4865901
bulk : {
  "took" : 94,
  "errors" :  ...
33: 151001 adresses traitées
adresse : bulk pour les ids de 4865902 à 4866901
bulk : {
  "took" : 96,
  "errors" :  ...
33: 152001 adresses traitées
adresse : bulk pour les ids de 4866902 à 4867901
bulk : {
  "took" : 69,
  "errors" :  ...
33: 153001 adresses traitées
adresse : bulk pour les ids de 4867902 à 4868901
bulk : {
  "took" : 99,
  "errors" :  ...
33: 154001 adresses traitées
adresse : bulk pour les ids de 4868902 à 4869901
bulk : {
  "took" : 68,
  "errors" :  ...
33: 155001 adresses traitées
adresse : bulk pour les ids de 4869902 à 4870901
bulk : {
  "took" : 98,
  "errors" :  ...
33: 156001 adresses traitées
adresse : bulk pour les ids de 4870902 à 4871901
bulk : {
  "took" : 86,
  "errors" :  ...
33: 157001 adresses traitées
adresse : bulk pour les ids de 4871902 à 4872901
bulk : {
  "took" : 77,
  "errors" :  ...
33: 158001 adresses traitées
adresse : bulk pour les ids de 4872902 à 4873901
bulk : {
  "took" : 90,
  "errors" :  ...
33: 159001 adresses traitées
adresse : bulk pour les ids de 4873902 à 4874901
bulk : {
  "took" : 93,
  "errors" :  ...
33: 160001 adresses traitées
adresse : bulk pour les ids de 4874902 à 4875901
bulk : {
  "took" : 144,
  "errors" : ...
33: 161001 adresses traitées
adresse : bulk pour les ids de 4875902 à 4876901
bulk : {
  "took" : 97,
  "errors" :  ...
33: 162001 adresses traitées
adresse : bulk pour les ids de 4876902 à 4877901
bulk : {
  "took" : 69,
  "errors" :  ...
33: 163001 adresses traitées
adresse : bulk pour les ids de 4877902 à 4878901
bulk : {
  "took" : 76,
  "errors" :  ...
33: 164001 adresses traitées
adresse : bulk pour les ids de 4878902 à 4879901
bulk : {
  "took" : 89,
  "errors" :  ...
33: 165001 adresses traitées
adresse : bulk pour les ids de 4879902 à 4880901
bulk : {
  "took" : 94,
  "errors" :  ...
33: 166001 adresses traitées
33: 167001 adresses traitées
adresse : bulk pour les ids de 4880902 à 4881901
bulk : {
  "took" : 75,
  "errors" :  ...
33: 168001 adresses traitées
adresse : bulk pour les ids de 4881902 à 4882901
bulk : {
  "took" : 100,
  "errors" : ...
33: 169001 adresses traitées
adresse : bulk pour les ids de 4882902 à 4883901
bulk : {
  "took" : 71,
  "errors" :  ...
33: 170001 adresses traitées
adresse : bulk pour les ids de 4883902 à 4884901
bulk : {
  "took" : 93,
  "errors" :  ...
33: 171001 adresses traitées
adresse : bulk pour les ids de 4884902 à 4885901
bulk : {
  "took" : 69,
  "errors" :  ...
33: 172001 adresses traitées
adresse : bulk pour les ids de 4885902 à 4886901
bulk : {
  "took" : 97,
  "errors" :  ...
33: 173001 adresses traitées
adresse : bulk pour les ids de 4886902 à 4887901
bulk : {
  "took" : 90,
  "errors" :  ...
33: 174001 adresses traitées
adresse : bulk pour les ids de 4887902 à 4888901
bulk : {
  "took" : 77,
  "errors" :  ...
33: 175001 adresses traitées
adresse : bulk pour les ids de 4888902 à 4889901
bulk : {
  "took" : 67,
  "errors" :  ...
33: 176001 adresses traitées
adresse : bulk pour les ids de 4889902 à 4890901
bulk : {
  "took" : 97,
  "errors" :  ...
33: 177001 adresses traitées
adresse : bulk pour les ids de 4890902 à 4891901
bulk : {
  "took" : 70,
  "errors" :  ...
33: 178001 adresses traitées
adresse : bulk pour les ids de 4891902 à 4892901
bulk : {
  "took" : 96,
  "errors" :  ...
33: 179001 adresses traitées
adresse : bulk pour les ids de 4892902 à 4893901
bulk : {
  "took" : 84,
  "errors" :  ...
33: 180001 adresses traitées
adresse : bulk pour les ids de 4893902 à 4894901
bulk : {
  "took" : 77,
  "errors" :  ...
33: 181001 adresses traitées
adresse : bulk pour les ids de 4894902 à 4895901
bulk : {
  "took" : 90,
  "errors" :  ...
33: 182001 adresses traitées
adresse : bulk pour les ids de 4895902 à 4896901
bulk : {
  "took" : 88,
  "errors" :  ...
33: 183001 adresses traitées
adresse : bulk pour les ids de 4896902 à 4897901
bulk : {
  "took" : 86,
  "errors" :  ...
33: 184001 adresses traitées
adresse : bulk pour les ids de 4897902 à 4898901
bulk : {
  "took" : 101,
  "errors" : ...
33: 185001 adresses traitées
adresse : bulk pour les ids de 4898902 à 4899901
bulk : {
  "took" : 69,
  "errors" :  ...
33: 186001 adresses traitées
adresse : bulk pour les ids de 4899902 à 4900901
bulk : {
  "took" : 105,
  "errors" : ...
33: 187001 adresses traitées
adresse : bulk pour les ids de 4900902 à 4901901
bulk : {
  "took" : 68,
  "errors" :  ...
33: 188001 adresses traitées
adresse : bulk pour les ids de 4901902 à 4902901
bulk : {
  "took" : 109,
  "errors" : ...
33: 189001 adresses traitées
adresse : bulk pour les ids de 4902902 à 4903901
bulk : {
  "took" : 68,
  "errors" :  ...
33: 190001 adresses traitées
adresse : bulk pour les ids de 4903902 à 4904901
bulk : {
  "took" : 109,
  "errors" : ...
33: 191001 adresses traitées
adresse : bulk pour les ids de 4904902 à 4905901
bulk : {
  "took" : 83,
  "errors" :  ...
33: 192001 adresses traitées
adresse : bulk pour les ids de 4905902 à 4906901
bulk : {
  "took" : 83,
  "errors" :  ...
33: 193001 adresses traitées
adresse : bulk pour les ids de 4906902 à 4907901
bulk : {
  "took" : 68,
  "errors" :  ...
33: 194001 adresses traitées
adresse : bulk pour les ids de 4907902 à 4908901
bulk : {
  "took" : 101,
  "errors" : ...
33: 195001 adresses traitées
adresse : bulk pour les ids de 4908902 à 4909901
bulk : {
  "took" : 68,
  "errors" :  ...
33: 196001 adresses traitées
adresse : bulk pour les ids de 4909902 à 4910901
bulk : {
  "took" : 98,
  "errors" :  ...
33: 197001 adresses traitées
adresse : bulk pour les ids de 4910902 à 4911901
bulk : {
  "took" : 68,
  "errors" :  ...
33: 198001 adresses traitées
adresse : bulk pour les ids de 4911902 à 4912901
bulk : {
  "took" : 83,
  "errors" :  ...
33: 199001 adresses traitées
adresse : bulk pour les ids de 4912902 à 4913901
bulk : {
  "took" : 87,
  "errors" :  ...
33: 200001 adresses traitées
adresse : bulk pour les ids de 4913902 à 4914901
bulk : {
  "took" : 104,
  "errors" : ...
33: 201001 adresses traitées
adresse : bulk pour les ids de 4914902 à 4915901
bulk : {
  "took" : 66,
  "errors" :  ...
33: 202001 adresses traitées
adresse : bulk pour les ids de 4915902 à 4916901
bulk : {
  "took" : 101,
  "errors" : ...
33: 203001 adresses traitées
adresse : bulk pour les ids de 4916902 à 4917901
bulk : {
  "took" : 66,
  "errors" :  ...
33: 204001 adresses traitées
adresse : bulk pour les ids de 4917902 à 4918901
bulk : {
  "took" : 104,
  "errors" : ...
33: 205001 adresses traitées
adresse : bulk pour les ids de 4918902 à 4919901
bulk : {
  "took" : 82,
  "errors" :  ...
33: 206001 adresses traitées
adresse : bulk pour les ids de 4919902 à 4920901
bulk : {
  "took" : 80,
  "errors" :  ...
33: 207001 adresses traitées
adresse : bulk pour les ids de 4920902 à 4921901
bulk : {
  "took" : 83,
  "errors" :  ...
33: 208001 adresses traitées
adresse : bulk pour les ids de 4921902 à 4922901
bulk : {
  "took" : 82,
  "errors" :  ...
33: 209001 adresses traitées
33: 210001 adresses traitées
adresse : bulk pour les ids de 4922902 à 4923901
bulk : {
  "took" : 88,
  "errors" :  ...
33: 211001 adresses traitées
adresse : bulk pour les ids de 4923902 à 4924901
bulk : {
  "took" : 99,
  "errors" :  ...
33: 212001 adresses traitées
adresse : bulk pour les ids de 4924902 à 4925901
bulk : {
  "took" : 67,
  "errors" :  ...
33: 213001 adresses traitées
adresse : bulk pour les ids de 4925902 à 4926901
bulk : {
  "took" : 100,
  "errors" : ...
33: 214001 adresses traitées
adresse : bulk pour les ids de 4926902 à 4927901
bulk : {
  "took" : 90,
  "errors" :  ...
33: 215001 adresses traitées
adresse : bulk pour les ids de 4927902 à 4928901
bulk : {
  "took" : 82,
  "errors" :  ...
33: 216001 adresses traitées
adresse : bulk pour les ids de 4928902 à 4929901
bulk : {
  "took" : 87,
  "errors" :  ...
33: 217001 adresses traitées
adresse : bulk pour les ids de 4929902 à 4930901
bulk : {
  "took" : 83,
  "errors" :  ...
33: 218001 adresses traitées
adresse : bulk pour les ids de 4930902 à 4931901
bulk : {
  "took" : 68,
  "errors" :  ...
33: 219001 adresses traitées
adresse : bulk pour les ids de 4931902 à 4932901
bulk : {
  "took" : 101,
  "errors" : ...
33: 220001 adresses traitées
adresse : bulk pour les ids de 4932902 à 4933901
bulk : {
  "took" : 86,
  "errors" :  ...
33: 221001 adresses traitées
adresse : bulk pour les ids de 4933902 à 4934901
bulk : {
  "took" : 113,
  "errors" : ...
33: 222001 adresses traitées
adresse : bulk pour les ids de 4934902 à 4935901
bulk : {
  "took" : 91,
  "errors" :  ...
33: 223001 adresses traitées
adresse : bulk pour les ids de 4935902 à 4936901
bulk : {
  "took" : 85,
  "errors" :  ...
33: 224001 adresses traitées
adresse : bulk pour les ids de 4936902 à 4937901
bulk : {
  "took" : 83,
  "errors" :  ...
33: 225001 adresses traitées
adresse : bulk pour les ids de 4937902 à 4938901
bulk : {
  "took" : 106,
  "errors" : ...
33: 226001 adresses traitées
adresse : bulk pour les ids de 4938902 à 4939901
bulk : {
  "took" : 92,
  "errors" :  ...
33: 227001 adresses traitées
adresse : bulk pour les ids de 4939902 à 4940901
bulk : {
  "took" : 84,
  "errors" :  ...
33: 228001 adresses traitées
adresse : bulk pour les ids de 4940902 à 4941901
bulk : {
  "took" : 94,
  "errors" :  ...
33: 229001 adresses traitées
adresse : bulk pour les ids de 4941902 à 4942901
bulk : {
  "took" : 83,
  "errors" :  ...
33: 230001 adresses traitées
adresse : bulk pour les ids de 4942902 à 4943901
bulk : {
  "took" : 66,
  "errors" :  ...
33: 231001 adresses traitées
adresse : bulk pour les ids de 4943902 à 4944901
bulk : {
  "took" : 98,
  "errors" :  ...
33: 232001 adresses traitées
adresse : bulk pour les ids de 4944902 à 4945901
bulk : {
  "took" : 68,
  "errors" :  ...
33: 233001 adresses traitées
adresse : bulk pour les ids de 4945902 à 4946901
bulk : {
  "took" : 84,
  "errors" :  ...
33: 234001 adresses traitées
adresse : bulk pour les ids de 4946902 à 4947901
bulk : {
  "took" : 82,
  "errors" :  ...
33: 235001 adresses traitées
adresse : bulk pour les ids de 4947902 à 4948901
bulk : {
  "took" : 81,
  "errors" :  ...
33: 236001 adresses traitées
adresse : bulk pour les ids de 4948902 à 4949901
bulk : {
  "took" : 67,
  "errors" :  ...
33: 237001 adresses traitées
adresse : bulk pour les ids de 4949902 à 4950901
bulk : {
  "took" : 100,
  "errors" : ...
33: 238001 adresses traitées
adresse : bulk pour les ids de 4950902 à 4951901
bulk : {
  "took" : 68,
  "errors" :  ...
33: 239001 adresses traitées
adresse : bulk pour les ids de 4951902 à 4952901
bulk : {
  "took" : 104,
  "errors" : ...
33: 240001 adresses traitées
adresse : bulk pour les ids de 4952902 à 4953901
bulk : {
  "took" : 66,
  "errors" :  ...
33: 241001 adresses traitées
adresse : bulk pour les ids de 4953902 à 4954901
bulk : {
  "took" : 102,
  "errors" : ...
33: 242001 adresses traitées
adresse : bulk pour les ids de 4954902 à 4955901
bulk : {
  "took" : 83,
  "errors" :  ...
33: 243001 adresses traitées
adresse : bulk pour les ids de 4955902 à 4956901
bulk : {
  "took" : 83,
  "errors" :  ...
33: 244001 adresses traitées
adresse : bulk pour les ids de 4956902 à 4957901
bulk : {
  "took" : 90,
  "errors" :  ...
33: 245001 adresses traitées
adresse : bulk pour les ids de 4957902 à 4958901
bulk : {
  "took" : 83,
  "errors" :  ...
33: 246001 adresses traitées
adresse : bulk pour les ids de 4958902 à 4959901
bulk : {
  "took" : 83,
  "errors" :  ...
33: 247001 adresses traitées
adresse : bulk pour les ids de 4959902 à 4960901
bulk : {
  "took" : 97,
  "errors" :  ...
33: 248001 adresses traitées
adresse : bulk pour les ids de 4960902 à 4961901
bulk : {
  "took" : 71,
  "errors" :  ...
33: 249001 adresses traitées
adresse : bulk pour les ids de 4961902 à 4962901
bulk : {
  "took" : 101,
  "errors" : ...
33: 250001 adresses traitées
adresse : bulk pour les ids de 4962902 à 4963901
bulk : {
  "took" : 99,
  "errors" :  ...
33: 251001 adresses traitées
adresse : bulk pour les ids de 4963902 à 4964901
bulk : {
  "took" : 75,
  "errors" :  ...
33: 252001 adresses traitées
adresse : bulk pour les ids de 4964902 à 4965901
bulk : {
  "took" : 95,
  "errors" :  ...
33: 253001 adresses traitées
adresse : bulk pour les ids de 4965902 à 4966901
bulk : {
  "took" : 67,
  "errors" :  ...
33: 254001 adresses traitées
adresse : bulk pour les ids de 4966902 à 4967901
bulk : {
  "took" : 73,
  "errors" :  ...
33: 255001 adresses traitées
adresse : bulk pour les ids de 4967902 à 4968901
bulk : {
  "took" : 84,
  "errors" :  ...
33: 256001 adresses traitées
adresse : bulk pour les ids de 4968902 à 4969901
bulk : {
  "took" : 77,
  "errors" :  ...
33: 257001 adresses traitées
adresse : bulk pour les ids de 4969902 à 4970901
bulk : {
  "took" : 89,
  "errors" :  ...
33: 258001 adresses traitées
adresse : bulk pour les ids de 4970902 à 4971901
bulk : {
  "took" : 95,
  "errors" :  ...
33: 259001 adresses traitées
adresse : bulk pour les ids de 4971902 à 4972901
bulk : {
  "took" : 65,
  "errors" :  ...
33: 260001 adresses traitées
adresse : bulk pour les ids de 4972902 à 4973901
bulk : {
  "took" : 103,
  "errors" : ...
33: 261001 adresses traitées
adresse : bulk pour les ids de 4973902 à 4974901
bulk : {
  "took" : 72,
  "errors" :  ...
33: 262001 adresses traitées
adresse : bulk pour les ids de 4974902 à 4975901
bulk : {
  "took" : 98,
  "errors" :  ...
33: 263001 adresses traitées
adresse : bulk pour les ids de 4975902 à 4976901
bulk : {
  "took" : 99,
  "errors" :  ...
33: 264001 adresses traitées
adresse : bulk pour les ids de 4976902 à 4977901
bulk : {
  "took" : 76,
  "errors" :  ...
33: 265001 adresses traitées
33: 266001 adresses traitées
adresse : bulk pour les ids de 4977902 à 4978901
bulk : {
  "took" : 96,
  "errors" :  ...
33: 267001 adresses traitées
adresse : bulk pour les ids de 4978902 à 4979901
bulk : {
  "took" : 75,
  "errors" :  ...
33: 268001 adresses traitées
adresse : bulk pour les ids de 4979902 à 4980901
bulk : {
  "took" : 91,
  "errors" :  ...
33: 269001 adresses traitées
adresse : bulk pour les ids de 4980902 à 4981901
bulk : {
  "took" : 102,
  "errors" : ...
33: 270001 adresses traitées
adresse : bulk pour les ids de 4981902 à 4982901
bulk : {
  "took" : 70,
  "errors" :  ...
33: 271001 adresses traitées
adresse : bulk pour les ids de 4982902 à 4983901
bulk : {
  "took" : 94,
  "errors" :  ...
33: 272001 adresses traitées
adresse : bulk pour les ids de 4983902 à 4984901
bulk : {
  "took" : 82,
  "errors" :  ...
33: 273001 adresses traitées
adresse : bulk pour les ids de 4984902 à 4985901
bulk : {
  "took" : 79,
  "errors" :  ...
33: 274001 adresses traitées
adresse : bulk pour les ids de 4985902 à 4986901
bulk : {
  "took" : 86,
  "errors" :  ...
33: 275001 adresses traitées
adresse : bulk pour les ids de 4986902 à 4987901
bulk : {
  "took" : 99,
  "errors" :  ...
33: 276001 adresses traitées
adresse : bulk pour les ids de 4987902 à 4988901
bulk : {
  "took" : 66,
  "errors" :  ...
33: 277001 adresses traitées
adresse : bulk pour les ids de 4988902 à 4989901
bulk : {
  "took" : 101,
  "errors" : ...
33: 278001 adresses traitées
adresse : bulk pour les ids de 4989902 à 4990901
bulk : {
  "took" : 71,
  "errors" :  ...
33: 279001 adresses traitées
adresse : bulk pour les ids de 4990902 à 4991901
bulk : {
  "took" : 92,
  "errors" :  ...
33: 280001 adresses traitées
adresse : bulk pour les ids de 4991902 à 4992901
bulk : {
  "took" : 73,
  "errors" :  ...
33: 281001 adresses traitées
adresse : bulk pour les ids de 4992902 à 4993901
bulk : {
  "took" : 93,
  "errors" :  ...
33: 282001 adresses traitées
adresse : bulk pour les ids de 4993902 à 4994901
bulk : {
  "took" : 95,
  "errors" :  ...
33: 283001 adresses traitées
adresse : bulk pour les ids de 4994902 à 4995901
bulk : {
  "took" : 75,
  "errors" :  ...
33: 284001 adresses traitées
adresse : bulk pour les ids de 4995902 à 4996901
bulk : {
  "took" : 89,
  "errors" :  ...
33: 285001 adresses traitées
adresse : bulk pour les ids de 4996902 à 4997901
bulk : {
  "took" : 91,
  "errors" :  ...
33: 286001 adresses traitées
adresse : bulk pour les ids de 4997902 à 4998901
bulk : {
  "took" : 73,
  "errors" :  ...
33: 287001 adresses traitées
adresse : bulk pour les ids de 4998902 à 4999901
bulk : {
  "took" : 97,
  "errors" :  ...
33: 288001 adresses traitées
adresse : bulk pour les ids de 4999902 à 5000901
bulk : {
  "took" : 89,
  "errors" :  ...
33: 289001 adresses traitées
adresse : bulk pour les ids de 5000902 à 5001901
bulk : {
  "took" : 74,
  "errors" :  ...
33: 290001 adresses traitées
adresse : bulk pour les ids de 5001902 à 5002901
bulk : {
  "took" : 89,
  "errors" :  ...
33: 291001 adresses traitées
adresse : bulk pour les ids de 5002902 à 5003901
bulk : {
  "took" : 90,
  "errors" :  ...
33: 292001 adresses traitées
adresse : bulk pour les ids de 5003902 à 5004901
bulk : {
  "took" : 70,
  "errors" :  ...
33: 293001 adresses traitées
adresse : bulk pour les ids de 5004902 à 5005901
bulk : {
  "took" : 98,
  "errors" :  ...
33: 294001 adresses traitées
adresse : bulk pour les ids de 5005902 à 5006901
bulk : {
  "took" : 66,
  "errors" :  ...
33: 295001 adresses traitées
adresse : bulk pour les ids de 5006902 à 5007901
bulk : {
  "took" : 92,
  "errors" :  ...
33: 296001 adresses traitées
adresse : bulk pour les ids de 5007902 à 5008901
bulk : {
  "took" : 72,
  "errors" :  ...
33: 297001 adresses traitées
adresse : bulk pour les ids de 5008902 à 5009901
bulk : {
  "took" : 100,
  "errors" : ...
33: 298001 adresses traitées
adresse : bulk pour les ids de 5009902 à 5010901
bulk : {
  "took" : 86,
  "errors" :  ...
33: 299001 adresses traitées
adresse : bulk pour les ids de 5010902 à 5011901
bulk : {
  "took" : 75,
  "errors" :  ...
33: 300001 adresses traitées
adresse : bulk pour les ids de 5011902 à 5012901
bulk : {
  "took" : 92,
  "errors" :  ...
33: 301001 adresses traitées
adresse : bulk pour les ids de 5012902 à 5013901
bulk : {
  "took" : 93,
  "errors" :  ...
33: 302001 adresses traitées
adresse : bulk pour les ids de 5013902 à 5014901
bulk : {
  "took" : 68,
  "errors" :  ...
33: 303001 adresses traitées
adresse : bulk pour les ids de 5014902 à 5015901
bulk : {
  "took" : 90,
  "errors" :  ...
33: 304001 adresses traitées
adresse : bulk pour les ids de 5015902 à 5016901
bulk : {
  "took" : 84,
  "errors" :  ...
33: 305001 adresses traitées
adresse : bulk pour les ids de 5016902 à 5017901
bulk : {
  "took" : 76,
  "errors" :  ...
33: 306001 adresses traitées
adresse : bulk pour les ids de 5017902 à 5018901
bulk : {
  "took" : 86,
  "errors" :  ...
33: 307001 adresses traitées
adresse : bulk pour les ids de 5018902 à 5019901
bulk : {
  "took" : 107,
  "errors" : ...
33: 308001 adresses traitées
adresse : bulk pour les ids de 5019902 à 5020901
bulk : {
  "took" : 66,
  "errors" :  ...
33: 309001 adresses traitées
adresse : bulk pour les ids de 5020902 à 5021901
bulk : {
  "took" : 84,
  "errors" :  ...
33: 310001 adresses traitées
adresse : bulk pour les ids de 5021902 à 5022901
bulk : {
  "took" : 90,
  "errors" :  ...
33: 311001 adresses traitées
adresse : bulk pour les ids de 5022902 à 5023901
bulk : {
  "took" : 83,
  "errors" :  ...
33: 312001 adresses traitées
adresse : bulk pour les ids de 5023902 à 5024901
bulk : {
  "took" : 88,
  "errors" :  ...
33: 313001 adresses traitées
adresse : bulk pour les ids de 5024902 à 5025901
bulk : {
  "took" : 87,
  "errors" :  ...
33: 314001 adresses traitées
adresse : bulk pour les ids de 5025902 à 5026901
bulk : {
  "took" : 85,
  "errors" :  ...
33: 315001 adresses traitées
adresse : bulk pour les ids de 5026902 à 5027901
bulk : {
  "took" : 76,
  "errors" :  ...
33: 316001 adresses traitées
adresse : bulk pour les ids de 5027902 à 5028901
bulk : {
  "took" : 90,
  "errors" :  ...
33: 317001 adresses traitées
adresse : bulk pour les ids de 5028902 à 5029901
bulk : {
  "took" : 94,
  "errors" :  ...
33: 318001 adresses traitées
adresse : bulk pour les ids de 5029902 à 5030901
bulk : {
  "took" : 70,
  "errors" :  ...
33: 319001 adresses traitées
adresse : bulk pour les ids de 5030902 à 5031901
bulk : {
  "took" : 75,
  "errors" :  ...
33: 320001 adresses traitées
adresse : bulk pour les ids de 5031902 à 5032901
bulk : {
  "took" : 92,
  "errors" :  ...
33: 321001 adresses traitées
adresse : bulk pour les ids de 5032902 à 5033901
bulk : {
  "took" : 86,
  "errors" :  ...
33: 322001 adresses traitées
adresse : bulk pour les ids de 5033902 à 5034901
bulk : {
  "took" : 87,
  "errors" :  ...
33: 323001 adresses traitées
adresse : bulk pour les ids de 5034902 à 5035901
bulk : {
  "took" : 100,
  "errors" : ...
33: 324001 adresses traitées
adresse : bulk pour les ids de 5035902 à 5036901
bulk : {
  "took" : 78,
  "errors" :  ...
33: 325001 adresses traitées
adresse : bulk pour les ids de 5036902 à 5037901
bulk : {
  "took" : 93,
  "errors" :  ...
33: 326001 adresses traitées
adresse : bulk pour les ids de 5037902 à 5038901
bulk : {
  "took" : 92,
  "errors" :  ...
33: 327001 adresses traitées
adresse : bulk pour les ids de 5038902 à 5039901
bulk : {
  "took" : 86,
  "errors" :  ...
33: 328001 adresses traitées
adresse : bulk pour les ids de 5039902 à 5040901
bulk : {
  "took" : 76,
  "errors" :  ...
33: 329001 adresses traitées
adresse : bulk pour les ids de 5040902 à 5041901
bulk : {
  "took" : 87,
  "errors" :  ...
33: 330001 adresses traitées
adresse : bulk pour les ids de 5041902 à 5042901
bulk : {
  "took" : 76,
  "errors" :  ...
33: 331001 adresses traitées
adresse : bulk pour les ids de 5042902 à 5043901
bulk : {
  "took" : 83,
  "errors" :  ...
33: 332001 adresses traitées
adresse : bulk pour les ids de 5043902 à 5044901
bulk : {
  "took" : 78,
  "errors" :  ...
33: 333001 adresses traitées
adresse : bulk pour les ids de 5044902 à 5045901
bulk : {
  "took" : 93,
  "errors" :  ...
33: 334001 adresses traitées
adresse : bulk pour les ids de 5045902 à 5046901
bulk : {
  "took" : 75,
  "errors" :  ...
33: 335001 adresses traitées
33: 336001 adresses traitées
adresse : bulk pour les ids de 5046902 à 5047901
bulk : {
  "took" : 67,
  "errors" :  ...
33: 337001 adresses traitées
adresse : bulk pour les ids de 5047902 à 5048901
bulk : {
  "took" : 98,
  "errors" :  ...
33: 338001 adresses traitées
adresse : bulk pour les ids de 5048902 à 5049901
bulk : {
  "took" : 97,
  "errors" :  ...
33: 339001 adresses traitées
adresse : bulk pour les ids de 5049902 à 5050901
bulk : {
  "took" : 76,
  "errors" :  ...
33: 340001 adresses traitées
adresse : bulk pour les ids de 5050902 à 5051901
bulk : {
  "took" : 86,
  "errors" :  ...
33: 341001 adresses traitées
adresse : bulk pour les ids de 5051902 à 5052901
bulk : {
  "took" : 102,
  "errors" : ...
33: 342001 adresses traitées
adresse : bulk pour les ids de 5052902 à 5053901
bulk : {
  "took" : 67,
  "errors" :  ...
33: 343001 adresses traitées
adresse : bulk pour les ids de 5053902 à 5054901
bulk : {
  "took" : 100,
  "errors" : ...
33: 344001 adresses traitées
adresse : bulk pour les ids de 5054902 à 5055901
bulk : {
  "took" : 71,
  "errors" :  ...
33: 345001 adresses traitées
adresse : bulk pour les ids de 5055902 à 5056901
bulk : {
  "took" : 75,
  "errors" :  ...
33: 346001 adresses traitées
adresse : bulk pour les ids de 5056902 à 5057901
bulk : {
  "took" : 86,
  "errors" :  ...
33: 347001 adresses traitées
adresse : bulk pour les ids de 5057902 à 5058901
bulk : {
  "took" : 92,
  "errors" :  ...
33: 348001 adresses traitées
adresse : bulk pour les ids de 5058902 à 5059901
bulk : {
  "took" : 71,
  "errors" :  ...
33: 349001 adresses traitées
adresse : bulk pour les ids de 5059902 à 5060901
bulk : {
  "took" : 98,
  "errors" :  ...
33: 350001 adresses traitées
adresse : bulk pour les ids de 5060902 à 5061901
bulk : {
  "took" : 68,
  "errors" :  ...
33: 351001 adresses traitées
adresse : bulk pour les ids de 5061902 à 5062901
bulk : {
  "took" : 98,
  "errors" :  ...
33: 352001 adresses traitées
adresse : bulk pour les ids de 5062902 à 5063901
bulk : {
  "took" : 72,
  "errors" :  ...
33: 353001 adresses traitées
adresse : bulk pour les ids de 5063902 à 5064901
bulk : {
  "took" : 93,
  "errors" :  ...
33: 354001 adresses traitées
adresse : bulk pour les ids de 5064902 à 5065901
bulk : {
  "took" : 94,
  "errors" :  ...
33: 355001 adresses traitées
adresse : bulk pour les ids de 5065902 à 5066901
bulk : {
  "took" : 76,
  "errors" :  ...
33: 356001 adresses traitées
adresse : bulk pour les ids de 5066902 à 5067901
bulk : {
  "took" : 69,
  "errors" :  ...
33: 357001 adresses traitées
adresse : bulk pour les ids de 5067902 à 5068901
bulk : {
  "took" : 98,
  "errors" :  ...
33: 358001 adresses traitées
adresse : bulk pour les ids de 5068902 à 5069901
bulk : {
  "took" : 77,
  "errors" :  ...
33: 359001 adresses traitées
adresse : bulk pour les ids de 5069902 à 5070901
bulk : {
  "took" : 94,
  "errors" :  ...
33: 360001 adresses traitées
adresse : bulk pour les ids de 5070902 à 5071901
bulk : {
  "took" : 96,
  "errors" :  ...
33: 361001 adresses traitées
adresse : bulk pour les ids de 5071902 à 5072901
bulk : {
  "took" : 79,
  "errors" :  ...
33: 362001 adresses traitées
adresse : bulk pour les ids de 5072902 à 5073901
bulk : {
  "took" : 99,
  "errors" :  ...
33: 363001 adresses traitées
adresse : bulk pour les ids de 5073902 à 5074901
bulk : {
  "took" : 99,
  "errors" :  ...
33: 364001 adresses traitées
adresse : bulk pour les ids de 5074902 à 5075901
bulk : {
  "took" : 79,
  "errors" :  ...
33: 365001 adresses traitées
adresse : bulk pour les ids de 5075902 à 5076901
bulk : {
  "took" : 104,
  "errors" : ...
33: 366001 adresses traitées
adresse : bulk pour les ids de 5076902 à 5077901
bulk : {
  "took" : 94,
  "errors" :  ...
33: 367001 adresses traitées
adresse : bulk pour les ids de 5077902 à 5078901
bulk : {
  "took" : 77,
  "errors" :  ...
33: 368001 adresses traitées
adresse : bulk pour les ids de 5078902 à 5079901
bulk : {
  "took" : 94,
  "errors" :  ...
33: 369001 adresses traitées
adresse : bulk pour les ids de 5079902 à 5080901
bulk : {
  "took" : 77,
  "errors" :  ...
33: 370001 adresses traitées
adresse : bulk pour les ids de 5080902 à 5081901
bulk : {
  "took" : 93,
  "errors" :  ...
33: 371001 adresses traitées
adresse : bulk pour les ids de 5081902 à 5082901
bulk : {
  "took" : 76,
  "errors" :  ...
33: 372001 adresses traitées
adresse : bulk pour les ids de 5082902 à 5083901
bulk : {
  "took" : 74,
  "errors" :  ...
33: 373001 adresses traitées
adresse : bulk pour les ids de 5083902 à 5084901
bulk : {
  "took" : 98,
  "errors" :  ...
33: 374001 adresses traitées
adresse : bulk pour les ids de 5084902 à 5085901
bulk : {
  "took" : 90,
  "errors" :  ...
33: 375001 adresses traitées
adresse : bulk pour les ids de 5085902 à 5086901
bulk : {
  "took" : 77,
  "errors" :  ...
33: 376001 adresses traitées
adresse : bulk pour les ids de 5086902 à 5087901
bulk : {
  "took" : 68,
  "errors" :  ...
33: 377001 adresses traitées
adresse : bulk pour les ids de 5087902 à 5088901
bulk : {
  "took" : 94,
  "errors" :  ...
33: 378001 adresses traitées
adresse : bulk pour les ids de 5088902 à 5089901
bulk : {
  "took" : 69,
  "errors" :  ...
33: 379001 adresses traitées
adresse : bulk pour les ids de 5089902 à 5090901
bulk : {
  "took" : 103,
  "errors" : ...
33: 380001 adresses traitées
adresse : bulk pour les ids de 5090902 à 5091901
bulk : {
  "took" : 86,
  "errors" :  ...
33: 381001 adresses traitées
adresse : bulk pour les ids de 5091902 à 5092901
bulk : {
  "took" : 85,
  "errors" :  ...
33: 382001 adresses traitées
adresse : bulk pour les ids de 5092902 à 5093901
bulk : {
  "took" : 68,
  "errors" :  ...
33: 383001 adresses traitées
adresse : bulk pour les ids de 5093902 à 5094901
bulk : {
  "took" : 110,
  "errors" : ...
33: 384001 adresses traitées
adresse : bulk pour les ids de 5094902 à 5095901
bulk : {
  "took" : 68,
  "errors" :  ...
33: 385001 adresses traitées
adresse : bulk pour les ids de 5095902 à 5096901
bulk : {
  "took" : 104,
  "errors" : ...
33: 386001 adresses traitées
adresse : bulk pour les ids de 5096902 à 5097901
bulk : {
  "took" : 68,
  "errors" :  ...
33: 387001 adresses traitées
adresse : bulk pour les ids de 5097902 à 5098901
bulk : {
  "took" : 103,
  "errors" : ...
33: 388001 adresses traitées
adresse : bulk pour les ids de 5098902 à 5099901
bulk : {
  "took" : 68,
  "errors" :  ...
33: 389001 adresses traitées
33: 390001 adresses traitées
adresse : bulk pour les ids de 5099902 à 5100901
bulk : {
  "took" : 97,
  "errors" :  ...
33: 391001 adresses traitées
adresse : bulk pour les ids de 5100902 à 5101901
bulk : {
  "took" : 88,
  "errors" :  ...
33: 392001 adresses traitées
adresse : bulk pour les ids de 5101902 à 5102901
bulk : {
  "took" : 101,
  "errors" : ...
33: 393001 adresses traitées
adresse : bulk pour les ids de 5102902 à 5103901
bulk : {
  "took" : 67,
  "errors" :  ...
33: 394001 adresses traitées
adresse : bulk pour les ids de 5103902 à 5104901
bulk : {
  "took" : 102,
  "errors" : ...
33: 395001 adresses traitées
adresse : bulk pour les ids de 5104902 à 5105901
bulk : {
  "took" : 87,
  "errors" :  ...
33: 396001 adresses traitées
adresse : bulk pour les ids de 5105902 à 5106901
bulk : {
  "took" : 83,
  "errors" :  ...
33: 397001 adresses traitées
adresse : bulk pour les ids de 5106902 à 5107901
bulk : {
  "took" : 88,
  "errors" :  ...
33: 398001 adresses traitées
adresse : bulk pour les ids de 5107902 à 5108901
bulk : {
  "took" : 78,
  "errors" :  ...
33: 399001 adresses traitées
adresse : bulk pour les ids de 5108902 à 5109901
bulk : {
  "took" : 82,
  "errors" :  ...
33: 400001 adresses traitées
adresse : bulk pour les ids de 5109902 à 5110901
bulk : {
  "took" : 83,
  "errors" :  ...
33: 401001 adresses traitées
adresse : bulk pour les ids de 5110902 à 5111901
bulk : {
  "took" : 86,
  "errors" :  ...
33: 402001 adresses traitées
adresse : bulk pour les ids de 5111902 à 5112901
bulk : {
  "took" : 78,
  "errors" :  ...
33: 403001 adresses traitées
adresse : bulk pour les ids de 5112902 à 5113901
bulk : {
  "took" : 85,
  "errors" :  ...
33: 404001 adresses traitées
adresse : bulk pour les ids de 5113902 à 5114901
bulk : {
  "took" : 83,
  "errors" :  ...
33: 405001 adresses traitées
adresse : bulk pour les ids de 5114902 à 5115901
bulk : {
  "took" : 88,
  "errors" :  ...
33: 406001 adresses traitées
adresse : bulk pour les ids de 5115902 à 5116901
bulk : {
  "took" : 93,
  "errors" :  ...
33: 407001 adresses traitées
adresse : bulk pour les ids de 5116902 à 5117901
bulk : {
  "took" : 69,
  "errors" :  ...
33: 408001 adresses traitées
adresse : bulk pour les ids de 5117902 à 5118901
bulk : {
  "took" : 105,
  "errors" : ...
33: 409001 adresses traitées
adresse : bulk pour les ids de 5118902 à 5119901
bulk : {
  "took" : 95,
  "errors" :  ...
33: 410001 adresses traitées
adresse : bulk pour les ids de 5119902 à 5120901
bulk : {
  "took" : 68,
  "errors" :  ...
33: 411001 adresses traitées
adresse : bulk pour les ids de 5120902 à 5121901
bulk : {
  "took" : 95,
  "errors" :  ...
33: 412001 adresses traitées
adresse : bulk pour les ids de 5121902 à 5122901
bulk : {
  "took" : 86,
  "errors" :  ...
33: 413001 adresses traitées
adresse : bulk pour les ids de 5122902 à 5123901
bulk : {
  "took" : 78,
  "errors" :  ...
33: 414001 adresses traitées
adresse : bulk pour les ids de 5123902 à 5124901
bulk : {
  "took" : 87,
  "errors" :  ...
33: 415001 adresses traitées
adresse : bulk pour les ids de 5124902 à 5125901
bulk : {
  "took" : 92,
  "errors" :  ...
33: 416001 adresses traitées
adresse : bulk pour les ids de 5125902 à 5126901
bulk : {
  "took" : 73,
  "errors" :  ...
33: 417001 adresses traitées
adresse : bulk pour les ids de 5126902 à 5127901
bulk : {
  "took" : 102,
  "errors" : ...
33: 418001 adresses traitées
adresse : bulk pour les ids de 5127902 à 5128901
bulk : {
  "took" : 85,
  "errors" :  ...
33: 419001 adresses traitées
adresse : bulk pour les ids de 5128902 à 5129901
bulk : {
  "took" : 125,
  "errors" : ...
33: 420001 adresses traitées
adresse : bulk pour les ids de 5129902 à 5130901
bulk : {
  "took" : 92,
  "errors" :  ...
33: 421001 adresses traitées
adresse : bulk pour les ids de 5130902 à 5131901
bulk : {
  "took" : 77,
  "errors" :  ...
33: 422001 adresses traitées
adresse : bulk pour les ids de 5131902 à 5132901
bulk : {
  "took" : 92,
  "errors" :  ...
33: 423001 adresses traitées
adresse : bulk pour les ids de 5132902 à 5133901
bulk : {
  "took" : 95,
  "errors" :  ...
33: 424001 adresses traitées
adresse : bulk pour les ids de 5133902 à 5134901
bulk : {
  "took" : 69,
  "errors" :  ...
33: 425001 adresses traitées
adresse : bulk pour les ids de 5134902 à 5135901
bulk : {
  "took" : 98,
  "errors" :  ...
33: 426001 adresses traitées
adresse : bulk pour les ids de 5135902 à 5136901
bulk : {
  "took" : 106,
  "errors" : ...
33: 427001 adresses traitées
adresse : bulk pour les ids de 5136902 à 5137901
bulk : {
  "took" : 75,
  "errors" :  ...
33: 428001 adresses traitées
adresse : bulk pour les ids de 5137902 à 5138901
bulk : {
  "took" : 82,
  "errors" :  ...
33: 429001 adresses traitées
adresse : bulk pour les ids de 5138902 à 5139901
bulk : {
  "took" : 76,
  "errors" :  ...
33: 430001 adresses traitées
adresse : bulk pour les ids de 5139902 à 5140901
bulk : {
  "took" : 96,
  "errors" :  ...
33: 431001 adresses traitées
adresse : bulk pour les ids de 5140902 à 5141901
bulk : {
  "took" : 76,
  "errors" :  ...
33: 432001 adresses traitées
adresse : bulk pour les ids de 5141902 à 5142901
bulk : {
  "took" : 94,
  "errors" :  ...
33: 433001 adresses traitées
adresse : bulk pour les ids de 5142902 à 5143901
bulk : {
  "took" : 103,
  "errors" : ...
33: 434001 adresses traitées
33: 435001 adresses traitées
adresse : bulk pour les ids de 5143902 à 5144901
bulk : {
  "took" : 93,
  "errors" :  ...
33: 436001 adresses traitées
adresse : bulk pour les ids de 5144902 à 5145901
bulk : {
  "took" : 83,
  "errors" :  ...
33: 437001 adresses traitées
adresse : bulk pour les ids de 5145902 à 5146901
bulk : {
  "took" : 78,
  "errors" :  ...
33: 438001 adresses traitées
adresse : bulk pour les ids de 5146902 à 5147901
bulk : {
  "took" : 99,
  "errors" :  ...
33: 439001 adresses traitées
adresse : bulk pour les ids de 5147902 à 5148901
bulk : {
  "took" : 88,
  "errors" :  ...
33: 440001 adresses traitées
adresse : bulk pour les ids de 5148902 à 5149901
bulk : {
  "took" : 77,
  "errors" :  ...
33: 441001 adresses traitées
adresse : bulk pour les ids de 5149902 à 5150901
bulk : {
  "took" : 97,
  "errors" :  ...
33: 442001 adresses traitées
adresse : bulk pour les ids de 5150902 à 5151901
bulk : {
  "took" : 78,
  "errors" :  ...
33: 443001 adresses traitées
adresse : bulk pour les ids de 5151902 à 5152901
bulk : {
  "took" : 86,
  "errors" :  ...
33: 444001 adresses traitées
adresse : bulk pour les ids de 5152902 à 5153901
bulk : {
  "took" : 78,
  "errors" :  ...
33: 445001 adresses traitées
adresse : bulk pour les ids de 5153902 à 5154901
bulk : {
  "took" : 68,
  "errors" :  ...
33: 446001 adresses traitées
adresse : bulk pour les ids de 5154902 à 5155901
bulk : {
  "took" : 100,
  "errors" : ...
33: 447001 adresses traitées
adresse : bulk pour les ids de 5155902 à 5156901
bulk : {
  "took" : 68,
  "errors" :  ...
33: 448001 adresses traitées
adresse : bulk pour les ids de 5156902 à 5157901
bulk : {
  "took" : 104,
  "errors" : ...
33: 449001 adresses traitées
adresse : bulk pour les ids de 5157902 à 5158901
bulk : {
  "took" : 91,
  "errors" :  ...
33: 450001 adresses traitées
adresse : bulk pour les ids de 5158902 à 5159901
bulk : {
  "took" : 84,
  "errors" :  ...
33: 451001 adresses traitées
adresse : bulk pour les ids de 5159902 à 5160901
bulk : {
  "took" : 90,
  "errors" :  ...
33: 452001 adresses traitées
adresse : bulk pour les ids de 5160902 à 5161901
bulk : {
  "took" : 82,
  "errors" :  ...
33: 453001 adresses traitées
adresse : bulk pour les ids de 5161902 à 5162901
bulk : {
  "took" : 83,
  "errors" :  ...
33: 454001 adresses traitées
adresse : bulk pour les ids de 5162902 à 5163901
bulk : {
  "took" : 77,
  "errors" :  ...
33: 455001 adresses traitées
adresse : bulk pour les ids de 5163902 à 5164901
bulk : {
  "took" : 86,
  "errors" :  ...
33: 456001 adresses traitées
adresse : bulk pour les ids de 5164902 à 5165901
bulk : {
  "took" : 78,
  "errors" :  ...
33: 457001 adresses traitées
adresse : bulk pour les ids de 5165902 à 5166901
bulk : {
  "took" : 92,
  "errors" :  ...
33: 458001 adresses traitées
adresse : bulk pour les ids de 5166902 à 5167901
bulk : {
  "took" : 78,
  "errors" :  ...
33: 459001 adresses traitées
adresse : bulk pour les ids de 5167902 à 5168901
bulk : {
  "took" : 88,
  "errors" :  ...
33: 460001 adresses traitées
adresse : bulk pour les ids de 5168902 à 5169901
bulk : {
  "took" : 96,
  "errors" :  ...
33: 461001 adresses traitées
33: 462001 adresses traitées
adresse : bulk pour les ids de 5169902 à 5170901
bulk : {
  "took" : 68,
  "errors" :  ...
33: 463001 adresses traitées
adresse : bulk pour les ids de 5170902 à 5171901
bulk : {
  "took" : 102,
  "errors" : ...
33: 464001 adresses traitées
adresse : bulk pour les ids de 5171902 à 5172901
bulk : {
  "took" : 68,
  "errors" :  ...
33: 465001 adresses traitées
adresse : bulk pour les ids de 5172902 à 5173901
bulk : {
  "took" : 76,
  "errors" :  ...
33: 466001 adresses traitées
adresse : bulk pour les ids de 5173902 à 5174901
bulk : {
  "took" : 87,
  "errors" :  ...
33: 467001 adresses traitées
adresse : bulk pour les ids de 5174902 à 5175901
bulk : {
  "took" : 79,
  "errors" :  ...
33: 468001 adresses traitées
adresse : bulk pour les ids de 5175902 à 5176901
bulk : {
  "took" : 88,
  "errors" :  ...
33: 469001 adresses traitées
adresse : bulk pour les ids de 5176902 à 5177901
bulk : {
  "took" : 94,
  "errors" :  ...
33: 470001 adresses traitées
adresse : bulk pour les ids de 5177902 à 5178901
bulk : {
  "took" : 72,
  "errors" :  ...
33: 471001 adresses traitées
adresse : bulk pour les ids de 5178902 à 5179901
bulk : {
  "took" : 94,
  "errors" :  ...
33: 472001 adresses traitées
adresse : bulk pour les ids de 5179902 à 5180901
bulk : {
  "took" : 70,
  "errors" :  ...
33: 473001 adresses traitées
adresse : bulk pour les ids de 5180902 à 5181901
bulk : {
  "took" : 78,
  "errors" :  ...
33: 474001 adresses traitées
adresse : bulk pour les ids de 5181902 à 5182901
bulk : {
  "took" : 84,
  "errors" :  ...
33: 475001 adresses traitées
adresse : bulk pour les ids de 5182902 à 5183901
bulk : {
  "took" : 98,
  "errors" :  ...
33: 476001 adresses traitées
adresse : bulk pour les ids de 5183902 à 5184901
bulk : {
  "took" : 76,
  "errors" :  ...
33: 477001 adresses traitées
adresse : bulk pour les ids de 5184902 à 5185901
bulk : {
  "took" : 95,
  "errors" :  ...
33: 478001 adresses traitées
adresse : bulk pour les ids de 5185902 à 5186901
bulk : {
  "took" : 77,
  "errors" :  ...
33: 479001 adresses traitées
adresse : bulk pour les ids de 5186902 à 5187901
bulk : {
  "took" : 86,
  "errors" :  ...
33: 480001 adresses traitées
adresse : bulk pour les ids de 5187902 à 5188901
bulk : {
  "took" : 76,
  "errors" :  ...
33: 481001 adresses traitées
adresse : bulk pour les ids de 5188902 à 5189901
bulk : {
  "took" : 77,
  "errors" :  ...
33: 482001 adresses traitées
adresse : bulk pour les ids de 5189902 à 5190901
bulk : {
  "took" : 98,
  "errors" :  ...
33: 483001 adresses traitées
adresse : bulk pour les ids de 5190902 à 5191901
bulk : {
  "took" : 76,
  "errors" :  ...
33: 484001 adresses traitées
adresse : bulk pour les ids de 5191902 à 5192901
bulk : {
  "took" : 95,
  "errors" :  ...
33: 485001 adresses traitées
adresse : bulk pour les ids de 5192902 à 5193901
bulk : {
  "took" : 89,
  "errors" :  ...
33: 486001 adresses traitées
adresse : bulk pour les ids de 5193902 à 5194901
bulk : {
  "took" : 75,
  "errors" :  ...
33: 487001 adresses traitées
adresse : bulk pour les ids de 5194902 à 5195901
bulk : {
  "took" : 88,
  "errors" :  ...
33: 488001 adresses traitées
adresse : bulk pour les ids de 5195902 à 5196901
bulk : {
  "took" : 66,
  "errors" :  ...
33: 489001 adresses traitées
adresse : bulk pour les ids de 5196902 à 5197901
bulk : {
  "took" : 95,
  "errors" :  ...
33: 490001 adresses traitées
33: 491001 adresses traitées
adresse : bulk pour les ids de 5197902 à 5198901
bulk : {
  "took" : 104,
  "errors" : ...
33: 492001 adresses traitées
adresse : bulk pour les ids de 5198902 à 5199901
bulk : {
  "took" : 75,
  "errors" :  ...
33: 493001 adresses traitées
adresse : bulk pour les ids de 5199902 à 5200901
bulk : {
  "took" : 91,
  "errors" :  ...
33: 494001 adresses traitées
adresse : bulk pour les ids de 5200902 à 5201901
bulk : {
  "took" : 87,
  "errors" :  ...
33: 495001 adresses traitées
adresse : bulk pour les ids de 5201902 à 5202901
bulk : {
  "took" : 75,
  "errors" :  ...
33: 496001 adresses traitées
adresse : bulk pour les ids de 5202902 à 5203901
bulk : {
  "took" : 94,
  "errors" :  ...
33: 497001 adresses traitées
adresse : bulk pour les ids de 5203902 à 5204901
bulk : {
  "took" : 79,
  "errors" :  ...
33: 498001 adresses traitées
adresse : bulk pour les ids de 5204902 à 5205901
bulk : {
  "took" : 86,
  "errors" :  ...
33: 499001 adresses traitées
adresse : bulk pour les ids de 5205902 à 5206901
bulk : {
  "took" : 76,
  "errors" :  ...
33: 500001 adresses traitées
adresse : bulk pour les ids de 5206902 à 5207901
bulk : {
  "took" : 72,
  "errors" :  ...
33: 501001 adresses traitées
adresse : bulk pour les ids de 5207902 à 5208901
bulk : {
  "took" : 95,
  "errors" :  ...
33: 502001 adresses traitées
adresse : bulk pour les ids de 5208902 à 5209901
bulk : {
  "took" : 71,
  "errors" :  ...
33: 503001 adresses traitées
adresse : bulk pour les ids de 5209902 à 5210901
bulk : {
  "took" : 95,
  "errors" :  ...
33: 504001 adresses traitées
adresse : bulk pour les ids de 5210902 à 5211901
bulk : {
  "took" : 84,
  "errors" :  ...
33: 505001 adresses traitées
adresse : bulk pour les ids de 5211902 à 5212901
bulk : {
  "took" : 76,
  "errors" :  ...
33: 506001 adresses traitées
adresse : bulk pour les ids de 5212902 à 5213901
bulk : {
  "took" : 87,
  "errors" :  ...
33: 507001 adresses traitées
adresse : bulk pour les ids de 5213902 à 5214901
bulk : {
  "took" : 77,
  "errors" :  ...
33: 508001 adresses traitées
adresse : bulk pour les ids de 5214902 à 5215901
bulk : {
  "took" : 98,
  "errors" :  ...
33: 509001 adresses traitées
adresse : bulk pour les ids de 5215902 à 5216901
bulk : {
  "took" : 101,
  "errors" : ...
33: 510001 adresses traitées
adresse : bulk pour les ids de 5216902 à 5217901
bulk : {
  "took" : 86,
  "errors" :  ...
33: 511001 adresses traitées
adresse : bulk pour les ids de 5217902 à 5218901
bulk : {
  "took" : 83,
  "errors" :  ...
33: 512001 adresses traitées
adresse : bulk pour les ids de 5218902 à 5219901
bulk : {
  "took" : 87,
  "errors" :  ...
33: 513001 adresses traitées
adresse : bulk pour les ids de 5219902 à 5220901
bulk : {
  "took" : 82,
  "errors" :  ...
33: 514001 adresses traitées
adresse : bulk pour les ids de 5220902 à 5221901
bulk : {
  "took" : 88,
  "errors" :  ...
33: 515001 adresses traitées
adresse : bulk pour les ids de 5221902 à 5222901
bulk : {
  "took" : 80,
  "errors" :  ...
33: 516001 adresses traitées
adresse : bulk pour les ids de 5222902 à 5223901
bulk : {
  "took" : 98,
  "errors" :  ...
33: 517001 adresses traitées
adresse : bulk pour les ids de 5223902 à 5224901
bulk : {
  "took" : 87,
  "errors" :  ...
33: 518001 adresses traitées
adresse : bulk pour les ids de 5224902 à 5225901
bulk : {
  "took" : 86,
  "errors" :  ...
33: 519001 adresses traitées
adresse : bulk pour les ids de 5225902 à 5226901
bulk : {
  "took" : 70,
  "errors" :  ...
33: 520001 adresses traitées
adresse : bulk pour les ids de 5226902 à 5227901
bulk : {
  "took" : 98,
  "errors" :  ...
33: 521001 adresses traitées
adresse : bulk pour les ids de 5227902 à 5228901
bulk : {
  "took" : 70,
  "errors" :  ...
33: 522001 adresses traitées
adresse : bulk pour les ids de 5228902 à 5229901
bulk : {
  "took" : 94,
  "errors" :  ...
33: 523001 adresses traitées
adresse : bulk pour les ids de 5229902 à 5230901
bulk : {
  "took" : 69,
  "errors" :  ...
33: 524001 adresses traitées
adresse : bulk pour les ids de 5230902 à 5231901
bulk : {
  "took" : 99,
  "errors" :  ...
33: 525001 adresses traitées
adresse : bulk pour les ids de 5231902 à 5232901
bulk : {
  "took" : 110,
  "errors" : ...
33: 526001 adresses traitées
adresse : bulk pour les ids de 5232902 à 5233901
bulk : {
  "took" : 101,
  "errors" : ...
33: 527001 adresses traitées
adresse : bulk pour les ids de 5233902 à 5234901
bulk : {
  "took" : 80,
  "errors" :  ...
33: 528001 adresses traitées
adresse : bulk pour les ids de 5234902 à 5235901
bulk : {
  "took" : 418,
  "errors" : ...
33: 529001 adresses traitées
adresse : bulk pour les ids de 5235902 à 5236302
bulk : {
  "took" : 28,
  "errors" :  ...
dpt 34 : voies
34: 1 voies traitées
voie : bulk pour les ids de 404142 à 404341
bulk : {
  "took" : 14,
  "errors" :  ...
34: 201 voies traitées
voie : bulk pour les ids de 404342 à 404541
bulk : {
  "took" : 12,
  "errors" :  ...
34: 401 voies traitées
voie : bulk pour les ids de 404542 à 404741
bulk : {
  "took" : 12,
  "errors" :  ...
34: 601 voies traitées
voie : bulk pour les ids de 404742 à 404941
bulk : {
  "took" : 12,
  "errors" :  ...
34: 801 voies traitées
voie : bulk pour les ids de 404942 à 405141
bulk : {
  "took" : 37,
  "errors" :  ...
34: 1001 voies traitées
voie : bulk pour les ids de 405142 à 405341
bulk : {
  "took" : 11,
  "errors" :  ...
34: 1201 voies traitées
voie : bulk pour les ids de 405342 à 405541
bulk : {
  "took" : 12,
  "errors" :  ...
34: 1401 voies traitées
voie : bulk pour les ids de 405542 à 405741
bulk : {
  "took" : 12,
  "errors" :  ...
34: 1601 voies traitées
voie : bulk pour les ids de 405742 à 405941
bulk : {
  "took" : 12,
  "errors" :  ...
34: 1801 voies traitées
voie : bulk pour les ids de 405942 à 406141
bulk : {
  "took" : 12,
  "errors" :  ...
34: 2001 voies traitées
voie : bulk pour les ids de 406142 à 406341
bulk : {
  "took" : 12,
  "errors" :  ...
34: 2201 voies traitées
voie : bulk pour les ids de 406342 à 406541
bulk : {
  "took" : 12,
  "errors" :  ...
34: 2401 voies traitées
voie : bulk pour les ids de 406542 à 406741
bulk : {
  "took" : 13,
  "errors" :  ...
34: 2601 voies traitées
voie : bulk pour les ids de 406742 à 406941
bulk : {
  "took" : 12,
  "errors" :  ...
34: 2801 voies traitées
voie : bulk pour les ids de 406942 à 407141
bulk : {
  "took" : 12,
  "errors" :  ...
34: 3001 voies traitées
voie : bulk pour les ids de 407142 à 407341
bulk : {
  "took" : 36,
  "errors" :  ...
34: 3201 voies traitées
voie : bulk pour les ids de 407342 à 407541
bulk : {
  "took" : 13,
  "errors" :  ...
34: 3401 voies traitées
voie : bulk pour les ids de 407542 à 407741
bulk : {
  "took" : 12,
  "errors" :  ...
34: 3601 voies traitées
voie : bulk pour les ids de 407742 à 407941
bulk : {
  "took" : 15,
  "errors" :  ...
34: 3801 voies traitées
voie : bulk pour les ids de 407942 à 408141
bulk : {
  "took" : 12,
  "errors" :  ...
34: 4001 voies traitées
voie : bulk pour les ids de 408142 à 408341
bulk : {
  "took" : 11,
  "errors" :  ...
34: 4201 voies traitées
voie : bulk pour les ids de 408342 à 408541
bulk : {
  "took" : 18,
  "errors" :  ...
34: 4401 voies traitées
voie : bulk pour les ids de 408542 à 408741
bulk : {
  "took" : 13,
  "errors" :  ...
34: 4601 voies traitées
voie : bulk pour les ids de 408742 à 408941
bulk : {
  "took" : 12,
  "errors" :  ...
34: 4801 voies traitées
voie : bulk pour les ids de 408942 à 409141
bulk : {
  "took" : 40,
  "errors" :  ...
34: 5001 voies traitées
voie : bulk pour les ids de 409142 à 409341
bulk : {
  "took" : 13,
  "errors" :  ...
34: 5201 voies traitées
voie : bulk pour les ids de 409342 à 409541
bulk : {
  "took" : 12,
  "errors" :  ...
34: 5401 voies traitées
voie : bulk pour les ids de 409542 à 409741
bulk : {
  "took" : 12,
  "errors" :  ...
34: 5601 voies traitées
voie : bulk pour les ids de 409742 à 409941
bulk : {
  "took" : 12,
  "errors" :  ...
34: 5801 voies traitées
voie : bulk pour les ids de 409942 à 410141
bulk : {
  "took" : 13,
  "errors" :  ...
34: 6001 voies traitées
voie : bulk pour les ids de 410142 à 410341
bulk : {
  "took" : 12,
  "errors" :  ...
34: 6201 voies traitées
voie : bulk pour les ids de 410342 à 410541
bulk : {
  "took" : 13,
  "errors" :  ...
34: 6401 voies traitées
voie : bulk pour les ids de 410542 à 410741
bulk : {
  "took" : 12,
  "errors" :  ...
34: 6601 voies traitées
voie : bulk pour les ids de 410742 à 410941
bulk : {
  "took" : 13,
  "errors" :  ...
34: 6801 voies traitées
voie : bulk pour les ids de 410942 à 411141
bulk : {
  "took" : 12,
  "errors" :  ...
34: 7001 voies traitées
voie : bulk pour les ids de 411142 à 411341
bulk : {
  "took" : 38,
  "errors" :  ...
34: 7201 voies traitées
voie : bulk pour les ids de 411342 à 411541
bulk : {
  "took" : 12,
  "errors" :  ...
34: 7401 voies traitées
voie : bulk pour les ids de 411542 à 411741
bulk : {
  "took" : 15,
  "errors" :  ...
34: 7601 voies traitées
voie : bulk pour les ids de 411742 à 411941
bulk : {
  "took" : 12,
  "errors" :  ...
34: 7801 voies traitées
voie : bulk pour les ids de 411942 à 412141
bulk : {
  "took" : 12,
  "errors" :  ...
34: 8001 voies traitées
voie : bulk pour les ids de 412142 à 412341
bulk : {
  "took" : 12,
  "errors" :  ...
34: 8201 voies traitées
voie : bulk pour les ids de 412342 à 412541
bulk : {
  "took" : 13,
  "errors" :  ...
34: 8401 voies traitées
voie : bulk pour les ids de 412542 à 412741
bulk : {
  "took" : 12,
  "errors" :  ...
34: 8601 voies traitées
voie : bulk pour les ids de 412742 à 412941
bulk : {
  "took" : 33,
  "errors" :  ...
34: 8801 voies traitées
voie : bulk pour les ids de 412942 à 413141
bulk : {
  "took" : 13,
  "errors" :  ...
34: 9001 voies traitées
voie : bulk pour les ids de 413142 à 413341
bulk : {
  "took" : 12,
  "errors" :  ...
34: 9201 voies traitées
voie : bulk pour les ids de 413342 à 413541
bulk : {
  "took" : 12,
  "errors" :  ...
34: 9401 voies traitées
voie : bulk pour les ids de 413542 à 413741
bulk : {
  "took" : 28,
  "errors" :  ...
34: 9601 voies traitées
voie : bulk pour les ids de 413742 à 413941
bulk : {
  "took" : 12,
  "errors" :  ...
34: 9801 voies traitées
voie : bulk pour les ids de 413942 à 414141
bulk : {
  "took" : 13,
  "errors" :  ...
34: 10001 voies traitées
voie : bulk pour les ids de 414142 à 414341
bulk : {
  "took" : 12,
  "errors" :  ...
34: 10201 voies traitées
voie : bulk pour les ids de 414342 à 414541
bulk : {
  "took" : 13,
  "errors" :  ...
34: 10401 voies traitées
voie : bulk pour les ids de 414542 à 414741
bulk : {
  "took" : 12,
  "errors" :  ...
34: 10601 voies traitées
voie : bulk pour les ids de 414742 à 414941
bulk : {
  "took" : 13,
  "errors" :  ...
34: 10801 voies traitées
voie : bulk pour les ids de 414942 à 415141
bulk : {
  "took" : 32,
  "errors" :  ...
34: 11001 voies traitées
voie : bulk pour les ids de 415142 à 415341
bulk : {
  "took" : 15,
  "errors" :  ...
34: 11201 voies traitées
voie : bulk pour les ids de 415342 à 415541
bulk : {
  "took" : 12,
  "errors" :  ...
34: 11401 voies traitées
voie : bulk pour les ids de 415542 à 415741
bulk : {
  "took" : 12,
  "errors" :  ...
34: 11601 voies traitées
voie : bulk pour les ids de 415742 à 415941
bulk : {
  "took" : 13,
  "errors" :  ...
34: 11801 voies traitées
voie : bulk pour les ids de 415942 à 416141
bulk : {
  "took" : 12,
  "errors" :  ...
34: 12001 voies traitées
voie : bulk pour les ids de 416142 à 416341
bulk : {
  "took" : 12,
  "errors" :  ...
34: 12201 voies traitées
voie : bulk pour les ids de 416342 à 416541
bulk : {
  "took" : 12,
  "errors" :  ...
34: 12401 voies traitées
voie : bulk pour les ids de 416542 à 416741
bulk : {
  "took" : 13,
  "errors" :  ...
34: 12601 voies traitées
voie : bulk pour les ids de 416742 à 416941
bulk : {
  "took" : 31,
  "errors" :  ...
34: 12801 voies traitées
voie : bulk pour les ids de 416942 à 417141
bulk : {
  "took" : 12,
  "errors" :  ...
34: 13001 voies traitées
voie : bulk pour les ids de 417142 à 417341
bulk : {
  "took" : 12,
  "errors" :  ...
34: 13201 voies traitées
voie : bulk pour les ids de 417342 à 417541
bulk : {
  "took" : 12,
  "errors" :  ...
34: 13401 voies traitées
voie : bulk pour les ids de 417542 à 417741
bulk : {
  "took" : 12,
  "errors" :  ...
34: 13601 voies traitées
voie : bulk pour les ids de 417742 à 417941
bulk : {
  "took" : 13,
  "errors" :  ...
34: 13801 voies traitées
voie : bulk pour les ids de 417942 à 418141
bulk : {
  "took" : 12,
  "errors" :  ...
34: 14001 voies traitées
voie : bulk pour les ids de 418142 à 418341
bulk : {
  "took" : 12,
  "errors" :  ...
34: 14201 voies traitées
voie : bulk pour les ids de 418342 à 418541
bulk : {
  "took" : 12,
  "errors" :  ...
34: 14401 voies traitées
voie : bulk pour les ids de 418542 à 418741
bulk : {
  "took" : 12,
  "errors" :  ...
34: 14601 voies traitées
voie : bulk pour les ids de 418742 à 418941
bulk : {
  "took" : 36,
  "errors" :  ...
34: 14801 voies traitées
voie : bulk pour les ids de 418942 à 419141
bulk : {
  "took" : 12,
  "errors" :  ...
34: 15001 voies traitées
voie : bulk pour les ids de 419142 à 419341
bulk : {
  "took" : 12,
  "errors" :  ...
34: 15201 voies traitées
voie : bulk pour les ids de 419342 à 419541
bulk : {
  "took" : 12,
  "errors" :  ...
34: 15401 voies traitées
voie : bulk pour les ids de 419542 à 419741
bulk : {
  "took" : 12,
  "errors" :  ...
34: 15601 voies traitées
voie : bulk pour les ids de 419742 à 419941
bulk : {
  "took" : 13,
  "errors" :  ...
34: 15801 voies traitées
voie : bulk pour les ids de 419942 à 420141
bulk : {
  "took" : 12,
  "errors" :  ...
34: 16001 voies traitées
voie : bulk pour les ids de 420142 à 420341
bulk : {
  "took" : 12,
  "errors" :  ...
34: 16201 voies traitées
voie : bulk pour les ids de 420342 à 420541
bulk : {
  "took" : 27,
  "errors" :  ...
34: 16401 voies traitées
voie : bulk pour les ids de 420542 à 420741
bulk : {
  "took" : 13,
  "errors" :  ...
34: 16601 voies traitées
voie : bulk pour les ids de 420742 à 420941
bulk : {
  "took" : 14,
  "errors" :  ...
34: 16801 voies traitées
voie : bulk pour les ids de 420942 à 421141
bulk : {
  "took" : 13,
  "errors" :  ...
34: 17001 voies traitées
voie : bulk pour les ids de 421142 à 421341
bulk : {
  "took" : 13,
  "errors" :  ...
34: 17201 voies traitées
voie : bulk pour les ids de 421342 à 421541
bulk : {
  "took" : 13,
  "errors" :  ...
34: 17401 voies traitées
voie : bulk pour les ids de 421542 à 421741
bulk : {
  "took" : 12,
  "errors" :  ...
34: 17601 voies traitées
voie : bulk pour les ids de 421742 à 421941
bulk : {
  "took" : 12,
  "errors" :  ...
34: 17801 voies traitées
voie : bulk pour les ids de 421942 à 422141
bulk : {
  "took" : 13,
  "errors" :  ...
34: 18001 voies traitées
voie : bulk pour les ids de 422142 à 422341
bulk : {
  "took" : 13,
  "errors" :  ...
34: 18201 voies traitées
voie : bulk pour les ids de 422342 à 422541
bulk : {
  "took" : 14,
  "errors" :  ...
34: 18401 voies traitées
voie : bulk pour les ids de 422542 à 422741
bulk : {
  "took" : 42,
  "errors" :  ...
34: 18601 voies traitées
voie : bulk pour les ids de 422742 à 422941
bulk : {
  "took" : 12,
  "errors" :  ...
34: 18801 voies traitées
voie : bulk pour les ids de 422942 à 423141
bulk : {
  "took" : 13,
  "errors" :  ...
34: 19001 voies traitées
voie : bulk pour les ids de 423142 à 423341
bulk : {
  "took" : 13,
  "errors" :  ...
34: 19201 voies traitées
voie : bulk pour les ids de 423342 à 423541
bulk : {
  "took" : 12,
  "errors" :  ...
34: 19401 voies traitées
voie : bulk pour les ids de 423542 à 423741
bulk : {
  "took" : 12,
  "errors" :  ...
34: 19601 voies traitées
voie : bulk pour les ids de 423742 à 423941
bulk : {
  "took" : 13,
  "errors" :  ...
34: 19801 voies traitées
voie : bulk pour les ids de 423942 à 424141
bulk : {
  "took" : 13,
  "errors" :  ...
34: 20001 voies traitées
voie : bulk pour les ids de 424142 à 424341
bulk : {
  "took" : 12,
  "errors" :  ...
34: 20201 voies traitées
voie : bulk pour les ids de 424342 à 424541
bulk : {
  "took" : 13,
  "errors" :  ...
34: 20401 voies traitées
voie : bulk pour les ids de 424542 à 424741
bulk : {
  "took" : 12,
  "errors" :  ...
34: 20601 voies traitées
voie : bulk pour les ids de 424742 à 424941
bulk : {
  "took" : 12,
  "errors" :  ...
34: 20801 voies traitées
voie : bulk pour les ids de 424942 à 425141
bulk : {
  "took" : 13,
  "errors" :  ...
34: 21001 voies traitées
voie : bulk pour les ids de 425142 à 425341
bulk : {
  "took" : 13,
  "errors" :  ...
34: 21201 voies traitées
voie : bulk pour les ids de 425342 à 425541
bulk : {
  "took" : 13,
  "errors" :  ...
34: 21401 voies traitées
voie : bulk pour les ids de 425542 à 425741
bulk : {
  "took" : 14,
  "errors" :  ...
34: 21601 voies traitées
voie : bulk pour les ids de 425742 à 425941
bulk : {
  "took" : 13,
  "errors" :  ...
34: 21801 voies traitées
voie : bulk pour les ids de 425942 à 426141
bulk : {
  "took" : 16,
  "errors" :  ...
34: 22001 voies traitées
voie : bulk pour les ids de 426142 à 426341
bulk : {
  "took" : 37,
  "errors" :  ...
34: 22201 voies traitées
voie : bulk pour les ids de 426342 à 426541
bulk : {
  "took" : 13,
  "errors" :  ...
34: 22401 voies traitées
voie : bulk pour les ids de 426542 à 426741
bulk : {
  "took" : 13,
  "errors" :  ...
34: 22601 voies traitées
voie : bulk pour les ids de 426742 à 426941
bulk : {
  "took" : 14,
  "errors" :  ...
34: 22801 voies traitées
voie : bulk pour les ids de 426942 à 427141
bulk : {
  "took" : 13,
  "errors" :  ...
34: 23001 voies traitées
voie : bulk pour les ids de 427142 à 427341
bulk : {
  "took" : 12,
  "errors" :  ...
34: 23201 voies traitées
voie : bulk pour les ids de 427342 à 427541
bulk : {
  "took" : 13,
  "errors" :  ...
34: 23401 voies traitées
voie : bulk pour les ids de 427542 à 427741
bulk : {
  "took" : 12,
  "errors" :  ...
34: 23601 voies traitées
voie : bulk pour les ids de 427742 à 427941
bulk : {
  "took" : 13,
  "errors" :  ...
34: 23801 voies traitées
voie : bulk pour les ids de 427942 à 428141
bulk : {
  "took" : 14,
  "errors" :  ...
34: 24001 voies traitées
voie : bulk pour les ids de 428142 à 428341
bulk : {
  "took" : 13,
  "errors" :  ...
34: 24201 voies traitées
voie : bulk pour les ids de 428342 à 428541
bulk : {
  "took" : 12,
  "errors" :  ...
34: 24401 voies traitées
voie : bulk pour les ids de 428542 à 428741
bulk : {
  "took" : 12,
  "errors" :  ...
34: 24601 voies traitées
voie : bulk pour les ids de 428742 à 428941
bulk : {
  "took" : 12,
  "errors" :  ...
34: 24801 voies traitées
voie : bulk pour les ids de 428942 à 429141
bulk : {
  "took" : 13,
  "errors" :  ...
34: 25001 voies traitées
voie : bulk pour les ids de 429142 à 429341
bulk : {
  "took" : 13,
  "errors" :  ...
34: 25201 voies traitées
voie : bulk pour les ids de 429342 à 429541
bulk : {
  "took" : 12,
  "errors" :  ...
34: 25401 voies traitées
voie : bulk pour les ids de 429542 à 429741
bulk : {
  "took" : 13,
  "errors" :  ...
34: 25601 voies traitées
voie : bulk pour les ids de 429742 à 429941
bulk : {
  "took" : 24,
  "errors" :  ...
34: 25801 voies traitées
voie : bulk pour les ids de 429942 à 430141
bulk : {
  "took" : 31,
  "errors" :  ...
34: 26001 voies traitées
voie : bulk pour les ids de 430142 à 430341
bulk : {
  "took" : 12,
  "errors" :  ...
34: 26201 voies traitées
voie : bulk pour les ids de 430342 à 430541
bulk : {
  "took" : 12,
  "errors" :  ...
34: 26401 voies traitées
voie : bulk pour les ids de 430542 à 430741
bulk : {
  "took" : 13,
  "errors" :  ...
34: 26601 voies traitées
voie : bulk pour les ids de 430742 à 430941
bulk : {
  "took" : 12,
  "errors" :  ...
34: 26801 voies traitées
voie : bulk pour les ids de 430942 à 431141
bulk : {
  "took" : 12,
  "errors" :  ...
34: 27001 voies traitées
voie : bulk pour les ids de 431142 à 431341
bulk : {
  "took" : 12,
  "errors" :  ...
34: 27201 voies traitées
voie : bulk pour les ids de 431342 à 431541
bulk : {
  "took" : 12,
  "errors" :  ...
34: 27401 voies traitées
voie : bulk pour les ids de 431542 à 431741
bulk : {
  "took" : 11,
  "errors" :  ...
34: 27601 voies traitées
voie : bulk pour les ids de 431742 à 431941
bulk : {
  "took" : 13,
  "errors" :  ...
34: 27801 voies traitées
voie : bulk pour les ids de 431942 à 432141
bulk : {
  "took" : 26,
  "errors" :  ...
34: 28001 voies traitées
voie : bulk pour les ids de 432142 à 432341
bulk : {
  "took" : 11,
  "errors" :  ...
34: 28201 voies traitées
voie : bulk pour les ids de 432342 à 432541
bulk : {
  "took" : 12,
  "errors" :  ...
34: 28401 voies traitées
voie : bulk pour les ids de 432542 à 432580
bulk : {
  "took" : 2,
  "errors" : f ...
dpt 34 : adresses
34: 1 adresses traitées
34: 1001 adresses traitées
adresse : bulk pour les ids de 5236303 à 5237302
bulk : {
  "took" : 93,
  "errors" :  ...
34: 2001 adresses traitées
adresse : bulk pour les ids de 5237303 à 5238302
bulk : {
  "took" : 87,
  "errors" :  ...
34: 3001 adresses traitées
adresse : bulk pour les ids de 5238303 à 5239302
bulk : {
  "took" : 86,
  "errors" :  ...
34: 4001 adresses traitées
adresse : bulk pour les ids de 5239303 à 5240302
bulk : {
  "took" : 76,
  "errors" :  ...
34: 5001 adresses traitées
34: 6001 adresses traitées
adresse : bulk pour les ids de 5240303 à 5241302
bulk : {
  "took" : 71,
  "errors" :  ...
34: 7001 adresses traitées
34: 8001 adresses traitées
adresse : bulk pour les ids de 5241303 à 5242302
bulk : {
  "took" : 113,
  "errors" : ...
34: 9001 adresses traitées
adresse : bulk pour les ids de 5242303 à 5243302
bulk : {
  "took" : 194,
  "errors" : ...
34: 10001 adresses traitées
adresse : bulk pour les ids de 5243303 à 5244302
bulk : {
  "took" : 73,
  "errors" :  ...
34: 11001 adresses traitées
adresse : bulk pour les ids de 5244303 à 5245302
bulk : {
  "took" : 100,
  "errors" : ...
34: 12001 adresses traitées
adresse : bulk pour les ids de 5245303 à 5246302
bulk : {
  "took" : 99,
  "errors" :  ...
34: 13001 adresses traitées
adresse : bulk pour les ids de 5246303 à 5247302
bulk : {
  "took" : 74,
  "errors" :  ...
34: 14001 adresses traitées
adresse : bulk pour les ids de 5247303 à 5248302
bulk : {
  "took" : 87,
  "errors" :  ...
34: 15001 adresses traitées
34: 16001 adresses traitées
adresse : bulk pour les ids de 5248303 à 5249302
bulk : {
  "took" : 137,
  "errors" : ...
34: 17001 adresses traitées
adresse : bulk pour les ids de 5249303 à 5250302
bulk : {
  "took" : 87,
  "errors" :  ...
34: 18001 adresses traitées
adresse : bulk pour les ids de 5250303 à 5251302
bulk : {
  "took" : 90,
  "errors" :  ...
34: 19001 adresses traitées
adresse : bulk pour les ids de 5251303 à 5252302
bulk : {
  "took" : 80,
  "errors" :  ...
34: 20001 adresses traitées
adresse : bulk pour les ids de 5252303 à 5253302
bulk : {
  "took" : 85,
  "errors" :  ...
34: 21001 adresses traitées
adresse : bulk pour les ids de 5253303 à 5254302
bulk : {
  "took" : 73,
  "errors" :  ...
34: 22001 adresses traitées
adresse : bulk pour les ids de 5254303 à 5255302
bulk : {
  "took" : 83,
  "errors" :  ...
34: 23001 adresses traitées
34: 24001 adresses traitées
adresse : bulk pour les ids de 5255303 à 5256302
bulk : {
  "took" : 106,
  "errors" : ...
34: 25001 adresses traitées
adresse : bulk pour les ids de 5256303 à 5257302
bulk : {
  "took" : 67,
  "errors" :  ...
34: 26001 adresses traitées
adresse : bulk pour les ids de 5257303 à 5258302
bulk : {
  "took" : 109,
  "errors" : ...
34: 27001 adresses traitées
adresse : bulk pour les ids de 5258303 à 5259302
bulk : {
  "took" : 87,
  "errors" :  ...
34: 28001 adresses traitées
34: 29001 adresses traitées
adresse : bulk pour les ids de 5259303 à 5260302
bulk : {
  "took" : 81,
  "errors" :  ...
34: 30001 adresses traitées
adresse : bulk pour les ids de 5260303 à 5261302
bulk : {
  "took" : 96,
  "errors" :  ...
34: 31001 adresses traitées
adresse : bulk pour les ids de 5261303 à 5262302
bulk : {
  "took" : 80,
  "errors" :  ...
34: 32001 adresses traitées
adresse : bulk pour les ids de 5262303 à 5263302
bulk : {
  "took" : 69,
  "errors" :  ...
34: 33001 adresses traitées
adresse : bulk pour les ids de 5263303 à 5264302
bulk : {
  "took" : 78,
  "errors" :  ...
34: 34001 adresses traitées
adresse : bulk pour les ids de 5264303 à 5265302
bulk : {
  "took" : 83,
  "errors" :  ...
34: 35001 adresses traitées
adresse : bulk pour les ids de 5265303 à 5266302
bulk : {
  "took" : 79,
  "errors" :  ...
34: 36001 adresses traitées
adresse : bulk pour les ids de 5266303 à 5267302
bulk : {
  "took" : 87,
  "errors" :  ...
34: 37001 adresses traitées
adresse : bulk pour les ids de 5267303 à 5268302
bulk : {
  "took" : 75,
  "errors" :  ...
34: 38001 adresses traitées
adresse : bulk pour les ids de 5268303 à 5269302
bulk : {
  "took" : 86,
  "errors" :  ...
34: 39001 adresses traitées
adresse : bulk pour les ids de 5269303 à 5270302
bulk : {
  "took" : 94,
  "errors" :  ...
34: 40001 adresses traitées
adresse : bulk pour les ids de 5270303 à 5271302
bulk : {
  "took" : 71,
  "errors" :  ...
34: 41001 adresses traitées
adresse : bulk pour les ids de 5271303 à 5272302
bulk : {
  "took" : 97,
  "errors" :  ...
34: 42001 adresses traitées
adresse : bulk pour les ids de 5272303 à 5273302
bulk : {
  "took" : 99,
  "errors" :  ...
34: 43001 adresses traitées
34: 44001 adresses traitées
adresse : bulk pour les ids de 5273303 à 5274302
bulk : {
  "took" : 78,
  "errors" :  ...
34: 45001 adresses traitées
adresse : bulk pour les ids de 5274303 à 5275302
bulk : {
  "took" : 84,
  "errors" :  ...
34: 46001 adresses traitées
adresse : bulk pour les ids de 5275303 à 5276302
bulk : {
  "took" : 92,
  "errors" :  ...
34: 47001 adresses traitées
adresse : bulk pour les ids de 5276303 à 5277302
bulk : {
  "took" : 74,
  "errors" :  ...
34: 48001 adresses traitées
adresse : bulk pour les ids de 5277303 à 5278302
bulk : {
  "took" : 88,
  "errors" :  ...
34: 49001 adresses traitées
adresse : bulk pour les ids de 5278303 à 5279302
bulk : {
  "took" : 77,
  "errors" :  ...
34: 50001 adresses traitées
adresse : bulk pour les ids de 5279303 à 5280302
bulk : {
  "took" : 73,
  "errors" :  ...
34: 51001 adresses traitées
adresse : bulk pour les ids de 5280303 à 5281302
bulk : {
  "took" : 96,
  "errors" :  ...
34: 52001 adresses traitées
adresse : bulk pour les ids de 5281303 à 5282302
bulk : {
  "took" : 88,
  "errors" :  ...
34: 53001 adresses traitées
adresse : bulk pour les ids de 5282303 à 5283302
bulk : {
  "took" : 79,
  "errors" :  ...
34: 54001 adresses traitées
adresse : bulk pour les ids de 5283303 à 5284302
bulk : {
  "took" : 90,
  "errors" :  ...
34: 55001 adresses traitées
adresse : bulk pour les ids de 5284303 à 5285302
bulk : {
  "took" : 80,
  "errors" :  ...
34: 56001 adresses traitées
adresse : bulk pour les ids de 5285303 à 5286302
bulk : {
  "took" : 87,
  "errors" :  ...
34: 57001 adresses traitées
adresse : bulk pour les ids de 5286303 à 5287302
bulk : {
  "took" : 76,
  "errors" :  ...
34: 58001 adresses traitées
adresse : bulk pour les ids de 5287303 à 5288302
bulk : {
  "took" : 88,
  "errors" :  ...
34: 59001 adresses traitées
adresse : bulk pour les ids de 5288303 à 5289302
bulk : {
  "took" : 99,
  "errors" :  ...
34: 60001 adresses traitées
adresse : bulk pour les ids de 5289303 à 5290302
bulk : {
  "took" : 69,
  "errors" :  ...
34: 61001 adresses traitées
adresse : bulk pour les ids de 5290303 à 5291302
bulk : {
  "took" : 101,
  "errors" : ...
34: 62001 adresses traitées
adresse : bulk pour les ids de 5291303 à 5292302
bulk : {
  "took" : 86,
  "errors" :  ...
34: 63001 adresses traitées
adresse : bulk pour les ids de 5292303 à 5293302
bulk : {
  "took" : 84,
  "errors" :  ...
34: 64001 adresses traitées
adresse : bulk pour les ids de 5293303 à 5294302
bulk : {
  "took" : 69,
  "errors" :  ...
34: 65001 adresses traitées
adresse : bulk pour les ids de 5294303 à 5295302
bulk : {
  "took" : 110,
  "errors" : ...
34: 66001 adresses traitées
adresse : bulk pour les ids de 5295303 à 5296302
bulk : {
  "took" : 69,
  "errors" :  ...
34: 67001 adresses traitées
adresse : bulk pour les ids de 5296303 à 5297302
bulk : {
  "took" : 106,
  "errors" : ...
34: 68001 adresses traitées
adresse : bulk pour les ids de 5297303 à 5298302
bulk : {
  "took" : 91,
  "errors" :  ...
34: 69001 adresses traitées
adresse : bulk pour les ids de 5298303 à 5299302
bulk : {
  "took" : 84,
  "errors" :  ...
34: 70001 adresses traitées
34: 71001 adresses traitées
adresse : bulk pour les ids de 5299303 à 5300302
bulk : {
  "took" : 88,
  "errors" :  ...
34: 72001 adresses traitées
adresse : bulk pour les ids de 5300303 à 5301302
bulk : {
  "took" : 98,
  "errors" :  ...
34: 73001 adresses traitées
adresse : bulk pour les ids de 5301303 à 5302302
bulk : {
  "took" : 67,
  "errors" :  ...
34: 74001 adresses traitées
adresse : bulk pour les ids de 5302303 à 5303302
bulk : {
  "took" : 93,
  "errors" :  ...
34: 75001 adresses traitées
adresse : bulk pour les ids de 5303303 à 5304302
bulk : {
  "took" : 71,
  "errors" :  ...
34: 76001 adresses traitées
adresse : bulk pour les ids de 5304303 à 5305302
bulk : {
  "took" : 96,
  "errors" :  ...
34: 77001 adresses traitées
adresse : bulk pour les ids de 5305303 à 5306302
bulk : {
  "took" : 67,
  "errors" :  ...
34: 78001 adresses traitées
adresse : bulk pour les ids de 5306303 à 5307302
bulk : {
  "took" : 96,
  "errors" :  ...
34: 79001 adresses traitées
adresse : bulk pour les ids de 5307303 à 5308302
bulk : {
  "took" : 67,
  "errors" :  ...
34: 80001 adresses traitées
adresse : bulk pour les ids de 5308303 à 5309302
bulk : {
  "took" : 95,
  "errors" :  ...
34: 81001 adresses traitées
adresse : bulk pour les ids de 5309303 à 5310302
bulk : {
  "took" : 70,
  "errors" :  ...
34: 82001 adresses traitées
adresse : bulk pour les ids de 5310303 à 5311302
bulk : {
  "took" : 92,
  "errors" :  ...
34: 83001 adresses traitées
adresse : bulk pour les ids de 5311303 à 5312302
bulk : {
  "took" : 90,
  "errors" :  ...
34: 84001 adresses traitées
adresse : bulk pour les ids de 5312303 à 5313302
bulk : {
  "took" : 75,
  "errors" :  ...
34: 85001 adresses traitées
adresse : bulk pour les ids de 5313303 à 5314302
bulk : {
  "took" : 85,
  "errors" :  ...
34: 86001 adresses traitées
adresse : bulk pour les ids de 5314303 à 5315302
bulk : {
  "took" : 74,
  "errors" :  ...
34: 87001 adresses traitées
adresse : bulk pour les ids de 5315303 à 5316302
bulk : {
  "took" : 70,
  "errors" :  ...
34: 88001 adresses traitées
adresse : bulk pour les ids de 5316303 à 5317302
bulk : {
  "took" : 97,
  "errors" :  ...
34: 89001 adresses traitées
34: 90001 adresses traitées
adresse : bulk pour les ids de 5317303 à 5318302
bulk : {
  "took" : 91,
  "errors" :  ...
34: 91001 adresses traitées
adresse : bulk pour les ids de 5318303 à 5319302
bulk : {
  "took" : 77,
  "errors" :  ...
34: 92001 adresses traitées
adresse : bulk pour les ids de 5319303 à 5320302
bulk : {
  "took" : 93,
  "errors" :  ...
34: 93001 adresses traitées
adresse : bulk pour les ids de 5320303 à 5321302
bulk : {
  "took" : 77,
  "errors" :  ...
34: 94001 adresses traitées
adresse : bulk pour les ids de 5321303 à 5322302
bulk : {
  "took" : 94,
  "errors" :  ...
34: 95001 adresses traitées
adresse : bulk pour les ids de 5322303 à 5323302
bulk : {
  "took" : 80,
  "errors" :  ...
34: 96001 adresses traitées
adresse : bulk pour les ids de 5323303 à 5324302
bulk : {
  "took" : 85,
  "errors" :  ...
34: 97001 adresses traitées
adresse : bulk pour les ids de 5324303 à 5325302
bulk : {
  "took" : 75,
  "errors" :  ...
34: 98001 adresses traitées
adresse : bulk pour les ids de 5325303 à 5326302
bulk : {
  "took" : 102,
  "errors" : ...
34: 99001 adresses traitées
adresse : bulk pour les ids de 5326303 à 5327302
bulk : {
  "took" : 70,
  "errors" :  ...
34: 100001 adresses traitées
adresse : bulk pour les ids de 5327303 à 5328302
bulk : {
  "took" : 98,
  "errors" :  ...
34: 101001 adresses traitées
adresse : bulk pour les ids de 5328303 à 5329302
bulk : {
  "took" : 70,
  "errors" :  ...
34: 102001 adresses traitées
adresse : bulk pour les ids de 5329303 à 5330302
bulk : {
  "took" : 96,
  "errors" :  ...
34: 103001 adresses traitées
adresse : bulk pour les ids de 5330303 à 5331302
bulk : {
  "took" : 88,
  "errors" :  ...
34: 104001 adresses traitées
adresse : bulk pour les ids de 5331303 à 5332302
bulk : {
  "took" : 80,
  "errors" :  ...
34: 105001 adresses traitées
adresse : bulk pour les ids de 5332303 à 5333302
bulk : {
  "took" : 68,
  "errors" :  ...
34: 106001 adresses traitées
adresse : bulk pour les ids de 5333303 à 5334302
bulk : {
  "took" : 106,
  "errors" : ...
34: 107001 adresses traitées
adresse : bulk pour les ids de 5334303 à 5335302
bulk : {
  "took" : 69,
  "errors" :  ...
34: 108001 adresses traitées
34: 109001 adresses traitées
adresse : bulk pour les ids de 5335303 à 5336302
bulk : {
  "took" : 96,
  "errors" :  ...
34: 110001 adresses traitées
adresse : bulk pour les ids de 5336303 à 5337302
bulk : {
  "took" : 87,
  "errors" :  ...
34: 111001 adresses traitées
adresse : bulk pour les ids de 5337303 à 5338302
bulk : {
  "took" : 78,
  "errors" :  ...
34: 112001 adresses traitées
adresse : bulk pour les ids de 5338303 à 5339302
bulk : {
  "took" : 88,
  "errors" :  ...
34: 113001 adresses traitées
adresse : bulk pour les ids de 5339303 à 5340302
bulk : {
  "took" : 84,
  "errors" :  ...
34: 114001 adresses traitées
adresse : bulk pour les ids de 5340303 à 5341302
bulk : {
  "took" : 85,
  "errors" :  ...
34: 115001 adresses traitées
adresse : bulk pour les ids de 5341303 à 5342302
bulk : {
  "took" : 77,
  "errors" :  ...
34: 116001 adresses traitées
adresse : bulk pour les ids de 5342303 à 5343302
bulk : {
  "took" : 72,
  "errors" :  ...
34: 117001 adresses traitées
adresse : bulk pour les ids de 5343303 à 5344302
bulk : {
  "took" : 75,
  "errors" :  ...
34: 118001 adresses traitées
adresse : bulk pour les ids de 5344303 à 5345302
bulk : {
  "took" : 84,
  "errors" :  ...
34: 119001 adresses traitées
adresse : bulk pour les ids de 5345303 à 5346302
bulk : {
  "took" : 79,
  "errors" :  ...
34: 120001 adresses traitées
adresse : bulk pour les ids de 5346303 à 5347302
bulk : {
  "took" : 86,
  "errors" :  ...
34: 121001 adresses traitées
adresse : bulk pour les ids de 5347303 à 5348302
bulk : {
  "took" : 100,
  "errors" : ...
34: 122001 adresses traitées
adresse : bulk pour les ids de 5348303 à 5349302
bulk : {
  "took" : 68,
  "errors" :  ...
34: 123001 adresses traitées
adresse : bulk pour les ids de 5349303 à 5350302
bulk : {
  "took" : 94,
  "errors" :  ...
34: 124001 adresses traitées
adresse : bulk pour les ids de 5350303 à 5351302
bulk : {
  "took" : 89,
  "errors" :  ...
34: 125001 adresses traitées
adresse : bulk pour les ids de 5351303 à 5352302
bulk : {
  "took" : 76,
  "errors" :  ...
34: 126001 adresses traitées
adresse : bulk pour les ids de 5352303 à 5353302
bulk : {
  "took" : 88,
  "errors" :  ...
34: 127001 adresses traitées
adresse : bulk pour les ids de 5353303 à 5354302
bulk : {
  "took" : 94,
  "errors" :  ...
34: 128001 adresses traitées
adresse : bulk pour les ids de 5354303 à 5355302
bulk : {
  "took" : 69,
  "errors" :  ...
34: 129001 adresses traitées
34: 130001 adresses traitées
adresse : bulk pour les ids de 5355303 à 5356302
bulk : {
  "took" : 106,
  "errors" : ...
34: 131001 adresses traitées
adresse : bulk pour les ids de 5356303 à 5357302
bulk : {
  "took" : 75,
  "errors" :  ...
34: 132001 adresses traitées
adresse : bulk pour les ids de 5357303 à 5358302
bulk : {
  "took" : 95,
  "errors" :  ...
34: 133001 adresses traitées
adresse : bulk pour les ids de 5358303 à 5359302
bulk : {
  "took" : 67,
  "errors" :  ...
34: 134001 adresses traitées
adresse : bulk pour les ids de 5359303 à 5360302
bulk : {
  "took" : 98,
  "errors" :  ...
34: 135001 adresses traitées
adresse : bulk pour les ids de 5360303 à 5361302
bulk : {
  "took" : 89,
  "errors" :  ...
34: 136001 adresses traitées
adresse : bulk pour les ids de 5361303 à 5362302
bulk : {
  "took" : 102,
  "errors" : ...
34: 137001 adresses traitées
adresse : bulk pour les ids de 5362303 à 5363302
bulk : {
  "took" : 71,
  "errors" :  ...
34: 138001 adresses traitées
adresse : bulk pour les ids de 5363303 à 5364302
bulk : {
  "took" : 113,
  "errors" : ...
34: 139001 adresses traitées
adresse : bulk pour les ids de 5364303 à 5365302
bulk : {
  "took" : 94,
  "errors" :  ...
34: 140001 adresses traitées
adresse : bulk pour les ids de 5365303 à 5366302
bulk : {
  "took" : 83,
  "errors" :  ...
34: 141001 adresses traitées
adresse : bulk pour les ids de 5366303 à 5367302
bulk : {
  "took" : 87,
  "errors" :  ...
34: 142001 adresses traitées
adresse : bulk pour les ids de 5367303 à 5368302
bulk : {
  "took" : 83,
  "errors" :  ...
34: 143001 adresses traitées
adresse : bulk pour les ids de 5368303 à 5369302
bulk : {
  "took" : 86,
  "errors" :  ...
34: 144001 adresses traitées
adresse : bulk pour les ids de 5369303 à 5370302
bulk : {
  "took" : 82,
  "errors" :  ...
34: 145001 adresses traitées
adresse : bulk pour les ids de 5370303 à 5371302
bulk : {
  "took" : 88,
  "errors" :  ...
34: 146001 adresses traitées
adresse : bulk pour les ids de 5371303 à 5372302
bulk : {
  "took" : 76,
  "errors" :  ...
34: 147001 adresses traitées
adresse : bulk pour les ids de 5372303 à 5373302
bulk : {
  "took" : 91,
  "errors" :  ...
34: 148001 adresses traitées
adresse : bulk pour les ids de 5373303 à 5374302
bulk : {
  "took" : 76,
  "errors" :  ...
34: 149001 adresses traitées
34: 150001 adresses traitées
adresse : bulk pour les ids de 5374303 à 5375302
bulk : {
  "took" : 86,
  "errors" :  ...
34: 151001 adresses traitées
adresse : bulk pour les ids de 5375303 à 5376302
bulk : {
  "took" : 93,
  "errors" :  ...
34: 152001 adresses traitées
adresse : bulk pour les ids de 5376303 à 5377302
bulk : {
  "took" : 68,
  "errors" :  ...
34: 153001 adresses traitées
adresse : bulk pour les ids de 5377303 à 5378302
bulk : {
  "took" : 94,
  "errors" :  ...
34: 154001 adresses traitées
adresse : bulk pour les ids de 5378303 à 5379302
bulk : {
  "took" : 92,
  "errors" :  ...
34: 155001 adresses traitées
adresse : bulk pour les ids de 5379303 à 5380302
bulk : {
  "took" : 76,
  "errors" :  ...
34: 156001 adresses traitées
adresse : bulk pour les ids de 5380303 à 5381302
bulk : {
  "took" : 86,
  "errors" :  ...
34: 157001 adresses traitées
adresse : bulk pour les ids de 5381303 à 5382302
bulk : {
  "took" : 100,
  "errors" : ...
34: 158001 adresses traitées
adresse : bulk pour les ids de 5382303 à 5383302
bulk : {
  "took" : 76,
  "errors" :  ...
34: 159001 adresses traitées
adresse : bulk pour les ids de 5383303 à 5384302
bulk : {
  "took" : 92,
  "errors" :  ...
34: 160001 adresses traitées
adresse : bulk pour les ids de 5384303 à 5385302
bulk : {
  "took" : 86,
  "errors" :  ...
34: 161001 adresses traitées
adresse : bulk pour les ids de 5385303 à 5386302
bulk : {
  "took" : 92,
  "errors" :  ...
34: 162001 adresses traitées
adresse : bulk pour les ids de 5386303 à 5387302
bulk : {
  "took" : 74,
  "errors" :  ...
34: 163001 adresses traitées
adresse : bulk pour les ids de 5387303 à 5388302
bulk : {
  "took" : 93,
  "errors" :  ...
34: 164001 adresses traitées
adresse : bulk pour les ids de 5388303 à 5389302
bulk : {
  "took" : 77,
  "errors" :  ...
34: 165001 adresses traitées
adresse : bulk pour les ids de 5389303 à 5390302
bulk : {
  "took" : 94,
  "errors" :  ...
34: 166001 adresses traitées
adresse : bulk pour les ids de 5390303 à 5391302
bulk : {
  "took" : 84,
  "errors" :  ...
34: 167001 adresses traitées
34: 168001 adresses traitées
adresse : bulk pour les ids de 5391303 à 5392302
bulk : {
  "took" : 76,
  "errors" :  ...
34: 169001 adresses traitées
adresse : bulk pour les ids de 5392303 à 5393302
bulk : {
  "took" : 97,
  "errors" :  ...
34: 170001 adresses traitées
adresse : bulk pour les ids de 5393303 à 5394302
bulk : {
  "took" : 75,
  "errors" :  ...
34: 171001 adresses traitées
adresse : bulk pour les ids de 5394303 à 5395302
bulk : {
  "took" : 91,
  "errors" :  ...
34: 172001 adresses traitées
adresse : bulk pour les ids de 5395303 à 5396302
bulk : {
  "took" : 77,
  "errors" :  ...
34: 173001 adresses traitées
adresse : bulk pour les ids de 5396303 à 5397302
bulk : {
  "took" : 79,
  "errors" :  ...
34: 174001 adresses traitées
adresse : bulk pour les ids de 5397303 à 5398302
bulk : {
  "took" : 77,
  "errors" :  ...
34: 175001 adresses traitées
adresse : bulk pour les ids de 5398303 à 5399302
bulk : {
  "took" : 94,
  "errors" :  ...
34: 176001 adresses traitées
34: 177001 adresses traitées
adresse : bulk pour les ids de 5399303 à 5400302
bulk : {
  "took" : 77,
  "errors" :  ...
34: 178001 adresses traitées
adresse : bulk pour les ids de 5400303 à 5401302
bulk : {
  "took" : 75,
  "errors" :  ...
34: 179001 adresses traitées
adresse : bulk pour les ids de 5401303 à 5402302
bulk : {
  "took" : 96,
  "errors" :  ...
34: 180001 adresses traitées
adresse : bulk pour les ids de 5402303 à 5403302
bulk : {
  "took" : 68,
  "errors" :  ...
34: 181001 adresses traitées
adresse : bulk pour les ids de 5403303 à 5404302
bulk : {
  "took" : 75,
  "errors" :  ...
34: 182001 adresses traitées
adresse : bulk pour les ids de 5404303 à 5405302
bulk : {
  "took" : 92,
  "errors" :  ...
34: 183001 adresses traitées
adresse : bulk pour les ids de 5405303 à 5406302
bulk : {
  "took" : 78,
  "errors" :  ...
34: 184001 adresses traitées
adresse : bulk pour les ids de 5406303 à 5407302
bulk : {
  "took" : 97,
  "errors" :  ...
34: 185001 adresses traitées
adresse : bulk pour les ids de 5407303 à 5408302
bulk : {
  "took" : 90,
  "errors" :  ...
34: 186001 adresses traitées
adresse : bulk pour les ids de 5408303 à 5409302
bulk : {
  "took" : 83,
  "errors" :  ...
34: 187001 adresses traitées
adresse : bulk pour les ids de 5409303 à 5410302
bulk : {
  "took" : 91,
  "errors" :  ...
34: 188001 adresses traitées
34: 189001 adresses traitées
adresse : bulk pour les ids de 5410303 à 5411302
bulk : {
  "took" : 78,
  "errors" :  ...
34: 190001 adresses traitées
adresse : bulk pour les ids de 5411303 à 5412302
bulk : {
  "took" : 95,
  "errors" :  ...
34: 191001 adresses traitées
adresse : bulk pour les ids de 5412303 à 5413302
bulk : {
  "took" : 77,
  "errors" :  ...
34: 192001 adresses traitées
adresse : bulk pour les ids de 5413303 à 5414302
bulk : {
  "took" : 71,
  "errors" :  ...
34: 193001 adresses traitées
adresse : bulk pour les ids de 5414303 à 5415302
bulk : {
  "took" : 76,
  "errors" :  ...
34: 194001 adresses traitées
adresse : bulk pour les ids de 5415303 à 5416302
bulk : {
  "took" : 84,
  "errors" :  ...
34: 195001 adresses traitées
34: 196001 adresses traitées
adresse : bulk pour les ids de 5416303 à 5417302
bulk : {
  "took" : 77,
  "errors" :  ...
34: 197001 adresses traitées
adresse : bulk pour les ids de 5417303 à 5418302
bulk : {
  "took" : 68,
  "errors" :  ...
34: 198001 adresses traitées
adresse : bulk pour les ids de 5418303 à 5419302
bulk : {
  "took" : 98,
  "errors" :  ...
34: 199001 adresses traitées
adresse : bulk pour les ids de 5419303 à 5420302
bulk : {
  "took" : 70,
  "errors" :  ...
34: 200001 adresses traitées
adresse : bulk pour les ids de 5420303 à 5421302
bulk : {
  "took" : 94,
  "errors" :  ...
34: 201001 adresses traitées
adresse : bulk pour les ids de 5421303 à 5422302
bulk : {
  "took" : 91,
  "errors" :  ...
34: 202001 adresses traitées
adresse : bulk pour les ids de 5422303 à 5423302
bulk : {
  "took" : 114,
  "errors" : ...
34: 203001 adresses traitées
adresse : bulk pour les ids de 5423303 à 5424302
bulk : {
  "took" : 85,
  "errors" :  ...
34: 204001 adresses traitées
adresse : bulk pour les ids de 5424303 à 5425302
bulk : {
  "took" : 100,
  "errors" : ...
34: 205001 adresses traitées
adresse : bulk pour les ids de 5425303 à 5426302
bulk : {
  "took" : 69,
  "errors" :  ...
34: 206001 adresses traitées
adresse : bulk pour les ids de 5426303 à 5427302
bulk : {
  "took" : 94,
  "errors" :  ...
34: 207001 adresses traitées
adresse : bulk pour les ids de 5427303 à 5428302
bulk : {
  "took" : 69,
  "errors" :  ...
34: 208001 adresses traitées
34: 209001 adresses traitées
adresse : bulk pour les ids de 5428303 à 5429302
bulk : {
  "took" : 101,
  "errors" : ...
34: 210001 adresses traitées
adresse : bulk pour les ids de 5429303 à 5430302
bulk : {
  "took" : 87,
  "errors" :  ...
34: 211001 adresses traitées
adresse : bulk pour les ids de 5430303 à 5431302
bulk : {
  "took" : 79,
  "errors" :  ...
34: 212001 adresses traitées
adresse : bulk pour les ids de 5431303 à 5432302
bulk : {
  "took" : 88,
  "errors" :  ...
34: 213001 adresses traitées
adresse : bulk pour les ids de 5432303 à 5433302
bulk : {
  "took" : 97,
  "errors" :  ...
34: 214001 adresses traitées
adresse : bulk pour les ids de 5433303 à 5434302
bulk : {
  "took" : 66,
  "errors" :  ...
34: 215001 adresses traitées
34: 216001 adresses traitées
adresse : bulk pour les ids de 5434303 à 5435302
bulk : {
  "took" : 94,
  "errors" :  ...
34: 217001 adresses traitées
adresse : bulk pour les ids de 5435303 à 5436302
bulk : {
  "took" : 88,
  "errors" :  ...
34: 218001 adresses traitées
adresse : bulk pour les ids de 5436303 à 5437302
bulk : {
  "took" : 74,
  "errors" :  ...
34: 219001 adresses traitées
adresse : bulk pour les ids de 5437303 à 5438302
bulk : {
  "took" : 92,
  "errors" :  ...
34: 220001 adresses traitées
adresse : bulk pour les ids de 5438303 à 5439302
bulk : {
  "took" : 97,
  "errors" :  ...
34: 221001 adresses traitées
adresse : bulk pour les ids de 5439303 à 5440302
bulk : {
  "took" : 67,
  "errors" :  ...
34: 222001 adresses traitées
34: 223001 adresses traitées
adresse : bulk pour les ids de 5440303 à 5441302
bulk : {
  "took" : 99,
  "errors" :  ...
34: 224001 adresses traitées
adresse : bulk pour les ids de 5441303 à 5442302
bulk : {
  "took" : 94,
  "errors" :  ...
34: 225001 adresses traitées
adresse : bulk pour les ids de 5442303 à 5443302
bulk : {
  "took" : 83,
  "errors" :  ...
34: 226001 adresses traitées
adresse : bulk pour les ids de 5443303 à 5444302
bulk : {
  "took" : 91,
  "errors" :  ...
34: 227001 adresses traitées
adresse : bulk pour les ids de 5444303 à 5445302
bulk : {
  "took" : 85,
  "errors" :  ...
34: 228001 adresses traitées
adresse : bulk pour les ids de 5445303 à 5446302
bulk : {
  "took" : 90,
  "errors" :  ...
34: 229001 adresses traitées
adresse : bulk pour les ids de 5446303 à 5447302
bulk : {
  "took" : 84,
  "errors" :  ...
34: 230001 adresses traitées
adresse : bulk pour les ids de 5447303 à 5448302
bulk : {
  "took" : 83,
  "errors" :  ...
34: 231001 adresses traitées
34: 232001 adresses traitées
adresse : bulk pour les ids de 5448303 à 5449302
bulk : {
  "took" : 84,
  "errors" :  ...
34: 233001 adresses traitées
adresse : bulk pour les ids de 5449303 à 5450302
bulk : {
  "took" : 67,
  "errors" :  ...
34: 234001 adresses traitées
adresse : bulk pour les ids de 5450303 à 5451302
bulk : {
  "took" : 83,
  "errors" :  ...
34: 235001 adresses traitées
adresse : bulk pour les ids de 5451303 à 5452302
bulk : {
  "took" : 87,
  "errors" :  ...
34: 236001 adresses traitées
adresse : bulk pour les ids de 5452303 à 5453302
bulk : {
  "took" : 98,
  "errors" :  ...
34: 237001 adresses traitées
adresse : bulk pour les ids de 5453303 à 5454302
bulk : {
  "took" : 69,
  "errors" :  ...
34: 238001 adresses traitées
adresse : bulk pour les ids de 5454303 à 5455302
bulk : {
  "took" : 108,
  "errors" : ...
34: 239001 adresses traitées
adresse : bulk pour les ids de 5455303 à 5456302
bulk : {
  "took" : 67,
  "errors" :  ...
34: 240001 adresses traitées
34: 241001 adresses traitées
adresse : bulk pour les ids de 5456303 à 5457302
bulk : {
  "took" : 100,
  "errors" : ...
34: 242001 adresses traitées
adresse : bulk pour les ids de 5457303 à 5458302
bulk : {
  "took" : 92,
  "errors" :  ...
34: 243001 adresses traitées
adresse : bulk pour les ids de 5458303 à 5459302
bulk : {
  "took" : 75,
  "errors" :  ...
34: 244001 adresses traitées
adresse : bulk pour les ids de 5459303 à 5460302
bulk : {
  "took" : 84,
  "errors" :  ...
34: 245001 adresses traitées
adresse : bulk pour les ids de 5460303 à 5461302
bulk : {
  "took" : 95,
  "errors" :  ...
34: 246001 adresses traitées
adresse : bulk pour les ids de 5461303 à 5462302
bulk : {
  "took" : 69,
  "errors" :  ...
34: 247001 adresses traitées
adresse : bulk pour les ids de 5462303 à 5463302
bulk : {
  "took" : 96,
  "errors" :  ...
34: 248001 adresses traitées
adresse : bulk pour les ids de 5463303 à 5464302
bulk : {
  "took" : 68,
  "errors" :  ...
34: 249001 adresses traitées
adresse : bulk pour les ids de 5464303 à 5465302
bulk : {
  "took" : 93,
  "errors" :  ...
34: 250001 adresses traitées
adresse : bulk pour les ids de 5465303 à 5466302
bulk : {
  "took" : 68,
  "errors" :  ...
34: 251001 adresses traitées
adresse : bulk pour les ids de 5466303 à 5467302
bulk : {
  "took" : 96,
  "errors" :  ...
34: 252001 adresses traitées
34: 253001 adresses traitées
adresse : bulk pour les ids de 5467303 à 5468302
bulk : {
  "took" : 90,
  "errors" :  ...
34: 254001 adresses traitées
adresse : bulk pour les ids de 5468303 à 5469302
bulk : {
  "took" : 83,
  "errors" :  ...
34: 255001 adresses traitées
adresse : bulk pour les ids de 5469303 à 5470302
bulk : {
  "took" : 70,
  "errors" :  ...
34: 256001 adresses traitées
adresse : bulk pour les ids de 5470303 à 5471302
bulk : {
  "took" : 101,
  "errors" : ...
34: 257001 adresses traitées
adresse : bulk pour les ids de 5471303 à 5472302
bulk : {
  "took" : 93,
  "errors" :  ...
34: 258001 adresses traitées
adresse : bulk pour les ids de 5472303 à 5473302
bulk : {
  "took" : 81,
  "errors" :  ...
34: 259001 adresses traitées
adresse : bulk pour les ids de 5473303 à 5474302
bulk : {
  "took" : 89,
  "errors" :  ...
34: 260001 adresses traitées
34: 261001 adresses traitées
adresse : bulk pour les ids de 5474303 à 5475302
bulk : {
  "took" : 93,
  "errors" :  ...
34: 262001 adresses traitées
adresse : bulk pour les ids de 5475303 à 5476302
bulk : {
  "took" : 66,
  "errors" :  ...
34: 263001 adresses traitées
adresse : bulk pour les ids de 5476303 à 5477302
bulk : {
  "took" : 82,
  "errors" :  ...
34: 264001 adresses traitées
adresse : bulk pour les ids de 5477303 à 5478302
bulk : {
  "took" : 86,
  "errors" :  ...
34: 265001 adresses traitées
adresse : bulk pour les ids de 5478303 à 5479302
bulk : {
  "took" : 74,
  "errors" :  ...
34: 266001 adresses traitées
adresse : bulk pour les ids de 5479303 à 5480302
bulk : {
  "took" : 87,
  "errors" :  ...
34: 267001 adresses traitées
adresse : bulk pour les ids de 5480303 à 5481302
bulk : {
  "took" : 73,
  "errors" :  ...
34: 268001 adresses traitées
adresse : bulk pour les ids de 5481303 à 5482302
bulk : {
  "took" : 84,
  "errors" :  ...
34: 269001 adresses traitées
adresse : bulk pour les ids de 5482303 à 5483302
bulk : {
  "took" : 84,
  "errors" :  ...
34: 270001 adresses traitées
adresse : bulk pour les ids de 5483303 à 5484302
bulk : {
  "took" : 88,
  "errors" :  ...
34: 271001 adresses traitées
adresse : bulk pour les ids de 5484303 à 5485302
bulk : {
  "took" : 97,
  "errors" :  ...
34: 272001 adresses traitées
adresse : bulk pour les ids de 5485303 à 5486302
bulk : {
  "took" : 69,
  "errors" :  ...
34: 273001 adresses traitées
adresse : bulk pour les ids de 5486303 à 5487302
bulk : {
  "took" : 76,
  "errors" :  ...
34: 274001 adresses traitées
34: 275001 adresses traitées
adresse : bulk pour les ids de 5487303 à 5488302
bulk : {
  "took" : 85,
  "errors" :  ...
34: 276001 adresses traitées
adresse : bulk pour les ids de 5488303 à 5489302
bulk : {
  "took" : 74,
  "errors" :  ...
34: 277001 adresses traitées
adresse : bulk pour les ids de 5489303 à 5490302
bulk : {
  "took" : 89,
  "errors" :  ...
34: 278001 adresses traitées
adresse : bulk pour les ids de 5490303 à 5491302
bulk : {
  "took" : 74,
  "errors" :  ...
34: 279001 adresses traitées
adresse : bulk pour les ids de 5491303 à 5492302
bulk : {
  "took" : 89,
  "errors" :  ...
34: 280001 adresses traitées
adresse : bulk pour les ids de 5492303 à 5493302
bulk : {
  "took" : 97,
  "errors" :  ...
34: 281001 adresses traitées
adresse : bulk pour les ids de 5493303 à 5494302
bulk : {
  "took" : 91,
  "errors" :  ...
34: 282001 adresses traitées
adresse : bulk pour les ids de 5494303 à 5495302
bulk : {
  "took" : 74,
  "errors" :  ...
34: 283001 adresses traitées
adresse : bulk pour les ids de 5495303 à 5496302
bulk : {
  "took" : 97,
  "errors" :  ...
34: 284001 adresses traitées
adresse : bulk pour les ids de 5496303 à 5497302
bulk : {
  "took" : 74,
  "errors" :  ...
34: 285001 adresses traitées
adresse : bulk pour les ids de 5497303 à 5498302
bulk : {
  "took" : 88,
  "errors" :  ...
34: 286001 adresses traitées
adresse : bulk pour les ids de 5498303 à 5499302
bulk : {
  "took" : 74,
  "errors" :  ...
34: 287001 adresses traitées
adresse : bulk pour les ids de 5499303 à 5500302
bulk : {
  "took" : 86,
  "errors" :  ...
34: 288001 adresses traitées
adresse : bulk pour les ids de 5500303 à 5501302
bulk : {
  "took" : 75,
  "errors" :  ...
34: 289001 adresses traitées
34: 290001 adresses traitées
adresse : bulk pour les ids de 5501303 à 5502302
bulk : {
  "took" : 91,
  "errors" :  ...
34: 291001 adresses traitées
adresse : bulk pour les ids de 5502303 à 5503302
bulk : {
  "took" : 95,
  "errors" :  ...
34: 292001 adresses traitées
adresse : bulk pour les ids de 5503303 à 5504302
bulk : {
  "took" : 80,
  "errors" :  ...
34: 293001 adresses traitées
adresse : bulk pour les ids de 5504303 à 5505302
bulk : {
  "took" : 97,
  "errors" :  ...
34: 294001 adresses traitées
adresse : bulk pour les ids de 5505303 à 5506302
bulk : {
  "took" : 95,
  "errors" :  ...
34: 295001 adresses traitées
adresse : bulk pour les ids de 5506303 à 5507302
bulk : {
  "took" : 75,
  "errors" :  ...
34: 296001 adresses traitées
adresse : bulk pour les ids de 5507303 à 5508302
bulk : {
  "took" : 95,
  "errors" :  ...
34: 297001 adresses traitées
adresse : bulk pour les ids de 5508303 à 5509302
bulk : {
  "took" : 76,
  "errors" :  ...
34: 298001 adresses traitées
adresse : bulk pour les ids de 5509303 à 5510302
bulk : {
  "took" : 70,
  "errors" :  ...
34: 299001 adresses traitées
adresse : bulk pour les ids de 5510303 à 5511302
bulk : {
  "took" : 101,
  "errors" : ...
34: 300001 adresses traitées
adresse : bulk pour les ids de 5511303 à 5512302
bulk : {
  "took" : 97,
  "errors" :  ...
34: 301001 adresses traitées
adresse : bulk pour les ids de 5512303 à 5513302
bulk : {
  "took" : 75,
  "errors" :  ...
34: 302001 adresses traitées
34: 303001 adresses traitées
adresse : bulk pour les ids de 5513303 à 5514302
bulk : {
  "took" : 98,
  "errors" :  ...
34: 304001 adresses traitées
adresse : bulk pour les ids de 5514303 à 5515302
bulk : {
  "took" : 75,
  "errors" :  ...
34: 305001 adresses traitées
adresse : bulk pour les ids de 5515303 à 5516302
bulk : {
  "took" : 95,
  "errors" :  ...
34: 306001 adresses traitées
adresse : bulk pour les ids de 5516303 à 5517302
bulk : {
  "took" : 75,
  "errors" :  ...
34: 307001 adresses traitées
adresse : bulk pour les ids de 5517303 à 5518302
bulk : {
  "took" : 92,
  "errors" :  ...
34: 308001 adresses traitées
adresse : bulk pour les ids de 5518303 à 5519302
bulk : {
  "took" : 91,
  "errors" :  ...
34: 309001 adresses traitées
adresse : bulk pour les ids de 5519303 à 5520302
bulk : {
  "took" : 74,
  "errors" :  ...
34: 310001 adresses traitées
adresse : bulk pour les ids de 5520303 à 5521302
bulk : {
  "took" : 96,
  "errors" :  ...
34: 311001 adresses traitées
adresse : bulk pour les ids de 5521303 à 5522302
bulk : {
  "took" : 74,
  "errors" :  ...
34: 312001 adresses traitées
adresse : bulk pour les ids de 5522303 à 5523302
bulk : {
  "took" : 74,
  "errors" :  ...
34: 313001 adresses traitées
adresse : bulk pour les ids de 5523303 à 5524302
bulk : {
  "took" : 96,
  "errors" :  ...
34: 314001 adresses traitées
adresse : bulk pour les ids de 5524303 à 5525302
bulk : {
  "took" : 74,
  "errors" :  ...
34: 315001 adresses traitées
34: 316001 adresses traitées
adresse : bulk pour les ids de 5525303 à 5526302
bulk : {
  "took" : 95,
  "errors" :  ...
34: 317001 adresses traitées
adresse : bulk pour les ids de 5526303 à 5527302
bulk : {
  "took" : 93,
  "errors" :  ...
34: 318001 adresses traitées
adresse : bulk pour les ids de 5527303 à 5528302
bulk : {
  "took" : 74,
  "errors" :  ...
34: 319001 adresses traitées
adresse : bulk pour les ids de 5528303 à 5529302
bulk : {
  "took" : 77,
  "errors" :  ...
34: 320001 adresses traitées
adresse : bulk pour les ids de 5529303 à 5530302
bulk : {
  "took" : 96,
  "errors" :  ...
34: 321001 adresses traitées
adresse : bulk pour les ids de 5530303 à 5531302
bulk : {
  "took" : 74,
  "errors" :  ...
34: 322001 adresses traitées
adresse : bulk pour les ids de 5531303 à 5532302
bulk : {
  "took" : 95,
  "errors" :  ...
34: 323001 adresses traitées
adresse : bulk pour les ids de 5532303 à 5533302
bulk : {
  "took" : 74,
  "errors" :  ...
34: 324001 adresses traitées
adresse : bulk pour les ids de 5533303 à 5534302
bulk : {
  "took" : 94,
  "errors" :  ...
34: 325001 adresses traitées
adresse : bulk pour les ids de 5534303 à 5535302
bulk : {
  "took" : 73,
  "errors" :  ...
34: 326001 adresses traitées
adresse : bulk pour les ids de 5535303 à 5536302
bulk : {
  "took" : 84,
  "errors" :  ...
34: 327001 adresses traitées
adresse : bulk pour les ids de 5536303 à 5537302
bulk : {
  "took" : 99,
  "errors" :  ...
34: 328001 adresses traitées
adresse : bulk pour les ids de 5537303 à 5538302
bulk : {
  "took" : 68,
  "errors" :  ...
34: 329001 adresses traitées
adresse : bulk pour les ids de 5538303 à 5539302
bulk : {
  "took" : 95,
  "errors" :  ...
34: 330001 adresses traitées
adresse : bulk pour les ids de 5539303 à 5540302
bulk : {
  "took" : 91,
  "errors" :  ...
34: 331001 adresses traitées
adresse : bulk pour les ids de 5540303 à 5541302
bulk : {
  "took" : 75,
  "errors" :  ...
34: 332001 adresses traitées
adresse : bulk pour les ids de 5541303 à 5542302
bulk : {
  "took" : 85,
  "errors" :  ...
34: 333001 adresses traitées
adresse : bulk pour les ids de 5542303 à 5543302
bulk : {
  "took" : 477,
  "errors" : ...
34: 334001 adresses traitées
34: 335001 adresses traitées
adresse : bulk pour les ids de 5543303 à 5544302
bulk : {
  "took" : 89,
  "errors" :  ...
34: 336001 adresses traitées
adresse : bulk pour les ids de 5544303 à 5545302
bulk : {
  "took" : 92,
  "errors" :  ...
34: 337001 adresses traitées
adresse : bulk pour les ids de 5545303 à 5546302
bulk : {
  "took" : 67,
  "errors" :  ...
34: 338001 adresses traitées
adresse : bulk pour les ids de 5546303 à 5547302
bulk : {
  "took" : 107,
  "errors" : ...
34: 339001 adresses traitées
adresse : bulk pour les ids de 5547303 à 5548302
bulk : {
  "took" : 87,
  "errors" :  ...
34: 340001 adresses traitées
34: 341001 adresses traitées
adresse : bulk pour les ids de 5548303 à 5549302
bulk : {
  "took" : 75,
  "errors" :  ...
34: 342001 adresses traitées
adresse : bulk pour les ids de 5549303 à 5550302
bulk : {
  "took" : 93,
  "errors" :  ...
34: 343001 adresses traitées
adresse : bulk pour les ids de 5550303 à 5551302
bulk : {
  "took" : 74,
  "errors" :  ...
34: 344001 adresses traitées
adresse : bulk pour les ids de 5551303 à 5552302
bulk : {
  "took" : 86,
  "errors" :  ...
34: 345001 adresses traitées
adresse : bulk pour les ids de 5552303 à 5553302
bulk : {
  "took" : 75,
  "errors" :  ...
34: 346001 adresses traitées
adresse : bulk pour les ids de 5553303 à 5554302
bulk : {
  "took" : 93,
  "errors" :  ...
34: 347001 adresses traitées
adresse : bulk pour les ids de 5554303 à 5555302
bulk : {
  "took" : 107,
  "errors" : ...
34: 348001 adresses traitées
adresse : bulk pour les ids de 5555303 à 5556302
bulk : {
  "took" : 66,
  "errors" :  ...
34: 349001 adresses traitées
34: 350001 adresses traitées
adresse : bulk pour les ids de 5556303 à 5557302
bulk : {
  "took" : 120,
  "errors" : ...
34: 351001 adresses traitées
adresse : bulk pour les ids de 5557303 à 5558302
bulk : {
  "took" : 79,
  "errors" :  ...
34: 352001 adresses traitées
adresse : bulk pour les ids de 5558303 à 5559302
bulk : {
  "took" : 73,
  "errors" :  ...
34: 353001 adresses traitées
adresse : bulk pour les ids de 5559303 à 5560302
bulk : {
  "took" : 86,
  "errors" :  ...
34: 354001 adresses traitées
adresse : bulk pour les ids de 5560303 à 5561302
bulk : {
  "took" : 73,
  "errors" :  ...
34: 355001 adresses traitées
adresse : bulk pour les ids de 5561303 à 5562302
bulk : {
  "took" : 83,
  "errors" :  ...
34: 356001 adresses traitées
adresse : bulk pour les ids de 5562303 à 5563302
bulk : {
  "took" : 92,
  "errors" :  ...
34: 357001 adresses traitées
adresse : bulk pour les ids de 5563303 à 5564302
bulk : {
  "took" : 73,
  "errors" :  ...
34: 358001 adresses traitées
adresse : bulk pour les ids de 5564303 à 5565302
bulk : {
  "took" : 74,
  "errors" :  ...
34: 359001 adresses traitées
adresse : bulk pour les ids de 5565303 à 5566302
bulk : {
  "took" : 95,
  "errors" :  ...
34: 360001 adresses traitées
adresse : bulk pour les ids de 5566303 à 5567302
bulk : {
  "took" : 75,
  "errors" :  ...
34: 361001 adresses traitées
adresse : bulk pour les ids de 5567303 à 5568302
bulk : {
  "took" : 97,
  "errors" :  ...
34: 362001 adresses traitées
adresse : bulk pour les ids de 5568303 à 5569302
bulk : {
  "took" : 73,
  "errors" :  ...
34: 363001 adresses traitées
adresse : bulk pour les ids de 5569303 à 5570302
bulk : {
  "took" : 84,
  "errors" :  ...
34: 364001 adresses traitées
adresse : bulk pour les ids de 5570303 à 5571302
bulk : {
  "took" : 75,
  "errors" :  ...
34: 365001 adresses traitées
34: 366001 adresses traitées
adresse : bulk pour les ids de 5571303 à 5572302
bulk : {
  "took" : 69,
  "errors" :  ...
34: 367001 adresses traitées
adresse : bulk pour les ids de 5572303 à 5573302
bulk : {
  "took" : 94,
  "errors" :  ...
34: 368001 adresses traitées
adresse : bulk pour les ids de 5573303 à 5574302
bulk : {
  "took" : 67,
  "errors" :  ...
34: 369001 adresses traitées
adresse : bulk pour les ids de 5574303 à 5575302
bulk : {
  "took" : 95,
  "errors" :  ...
34: 370001 adresses traitées
adresse : bulk pour les ids de 5575303 à 5576302
bulk : {
  "took" : 96,
  "errors" :  ...
34: 371001 adresses traitées
adresse : bulk pour les ids de 5576303 à 5577302
bulk : {
  "took" : 75,
  "errors" :  ...
34: 372001 adresses traitées
adresse : bulk pour les ids de 5577303 à 5578302
bulk : {
  "took" : 86,
  "errors" :  ...
34: 373001 adresses traitées
adresse : bulk pour les ids de 5578303 à 5579302
bulk : {
  "took" : 95,
  "errors" :  ...
34: 374001 adresses traitées
adresse : bulk pour les ids de 5579303 à 5580302
bulk : {
  "took" : 66,
  "errors" :  ...
34: 375001 adresses traitées
adresse : bulk pour les ids de 5580303 à 5581302
bulk : {
  "took" : 91,
  "errors" :  ...
34: 376001 adresses traitées
adresse : bulk pour les ids de 5581303 à 5582302
bulk : {
  "took" : 66,
  "errors" :  ...
34: 377001 adresses traitées
34: 378001 adresses traitées
adresse : bulk pour les ids de 5582303 à 5583302
bulk : {
  "took" : 113,
  "errors" : ...
34: 379001 adresses traitées
adresse : bulk pour les ids de 5583303 à 5584302
bulk : {
  "took" : 87,
  "errors" :  ...
34: 380001 adresses traitées
adresse : bulk pour les ids de 5584303 à 5585302
bulk : {
  "took" : 75,
  "errors" :  ...
34: 381001 adresses traitées
adresse : bulk pour les ids de 5585303 à 5586302
bulk : {
  "took" : 92,
  "errors" :  ...
34: 382001 adresses traitées
adresse : bulk pour les ids de 5586303 à 5587302
bulk : {
  "took" : 74,
  "errors" :  ...
34: 383001 adresses traitées
adresse : bulk pour les ids de 5587303 à 5588302
bulk : {
  "took" : 84,
  "errors" :  ...
34: 384001 adresses traitées
adresse : bulk pour les ids de 5588303 à 5589302
bulk : {
  "took" : 75,
  "errors" :  ...
34: 385001 adresses traitées
adresse : bulk pour les ids de 5589303 à 5590302
bulk : {
  "took" : 93,
  "errors" :  ...
34: 386001 adresses traitées
adresse : bulk pour les ids de 5590303 à 5591302
bulk : {
  "took" : 95,
  "errors" :  ...
34: 387001 adresses traitées
adresse : bulk pour les ids de 5591303 à 5592302
bulk : {
  "took" : 70,
  "errors" :  ...
34: 388001 adresses traitées
adresse : bulk pour les ids de 5592303 à 5593302
bulk : {
  "took" : 97,
  "errors" :  ...
34: 389001 adresses traitées
adresse : bulk pour les ids de 5593303 à 5594302
bulk : {
  "took" : 98,
  "errors" :  ...
34: 390001 adresses traitées
adresse : bulk pour les ids de 5594303 à 5595302
bulk : {
  "took" : 68,
  "errors" :  ...
34: 391001 adresses traitées
adresse : bulk pour les ids de 5595303 à 5596302
bulk : {
  "took" : 106,
  "errors" : ...
34: 392001 adresses traitées
adresse : bulk pour les ids de 5596303 à 5597302
bulk : {
  "took" : 91,
  "errors" :  ...
34: 393001 adresses traitées
adresse : bulk pour les ids de 5597303 à 5598302
bulk : {
  "took" : 78,
  "errors" :  ...
34: 394001 adresses traitées
adresse : bulk pour les ids de 5598303 à 5599302
bulk : {
  "took" : 97,
  "errors" :  ...
34: 395001 adresses traitées
adresse : bulk pour les ids de 5599303 à 5600302
bulk : {
  "took" : 105,
  "errors" : ...
34: 396001 adresses traitées
34: 397001 adresses traitées
adresse : bulk pour les ids de 5600303 à 5601302
bulk : {
  "took" : 69,
  "errors" :  ...
34: 398001 adresses traitées
adresse : bulk pour les ids de 5601303 à 5602302
bulk : {
  "took" : 96,
  "errors" :  ...
34: 399001 adresses traitées
adresse : bulk pour les ids de 5602303 à 5603302
bulk : {
  "took" : 99,
  "errors" :  ...
34: 400001 adresses traitées
adresse : bulk pour les ids de 5603303 à 5604302
bulk : {
  "took" : 72,
  "errors" :  ...
34: 401001 adresses traitées
adresse : bulk pour les ids de 5604303 à 5605302
bulk : {
  "took" : 100,
  "errors" : ...
34: 402001 adresses traitées
adresse : bulk pour les ids de 5605303 à 5606302
bulk : {
  "took" : 72,
  "errors" :  ...
34: 403001 adresses traitées
adresse : bulk pour les ids de 5606303 à 5607302
bulk : {
  "took" : 98,
  "errors" :  ...
adresse : bulk pour les ids de 5607303 à 5608012
bulk : {
  "took" : 49,
  "errors" :  ...
dpt 35 : voies
35: 1 voies traitées
voie : bulk pour les ids de 432581 à 432780
bulk : {
  "took" : 13,
  "errors" :  ...
35: 201 voies traitées
voie : bulk pour les ids de 432781 à 432980
bulk : {
  "took" : 13,
  "errors" :  ...
35: 401 voies traitées
voie : bulk pour les ids de 432981 à 433180
bulk : {
  "took" : 29,
  "errors" :  ...
35: 601 voies traitées
voie : bulk pour les ids de 433181 à 433380
bulk : {
  "took" : 12,
  "errors" :  ...
35: 801 voies traitées
voie : bulk pour les ids de 433381 à 433580
bulk : {
  "took" : 12,
  "errors" :  ...
35: 1001 voies traitées
voie : bulk pour les ids de 433581 à 433780
bulk : {
  "took" : 11,
  "errors" :  ...
35: 1201 voies traitées
voie : bulk pour les ids de 433781 à 433980
bulk : {
  "took" : 12,
  "errors" :  ...
35: 1401 voies traitées
voie : bulk pour les ids de 433981 à 434180
bulk : {
  "took" : 13,
  "errors" :  ...
35: 1601 voies traitées
voie : bulk pour les ids de 434181 à 434380
bulk : {
  "took" : 12,
  "errors" :  ...
35: 1801 voies traitées
voie : bulk pour les ids de 434381 à 434580
bulk : {
  "took" : 12,
  "errors" :  ...
35: 2001 voies traitées
voie : bulk pour les ids de 434581 à 434780
bulk : {
  "took" : 12,
  "errors" :  ...
35: 2201 voies traitées
voie : bulk pour les ids de 434781 à 434980
bulk : {
  "took" : 12,
  "errors" :  ...
35: 2401 voies traitées
voie : bulk pour les ids de 434981 à 435180
bulk : {
  "took" : 13,
  "errors" :  ...
35: 2601 voies traitées
voie : bulk pour les ids de 435181 à 435380
bulk : {
  "took" : 34,
  "errors" :  ...
35: 2801 voies traitées
voie : bulk pour les ids de 435381 à 435580
bulk : {
  "took" : 12,
  "errors" :  ...
35: 3001 voies traitées
voie : bulk pour les ids de 435581 à 435780
bulk : {
  "took" : 12,
  "errors" :  ...
35: 3201 voies traitées
voie : bulk pour les ids de 435781 à 435980
bulk : {
  "took" : 12,
  "errors" :  ...
35: 3401 voies traitées
voie : bulk pour les ids de 435981 à 436180
bulk : {
  "took" : 12,
  "errors" :  ...
35: 3601 voies traitées
voie : bulk pour les ids de 436181 à 436380
bulk : {
  "took" : 18,
  "errors" :  ...
35: 3801 voies traitées
voie : bulk pour les ids de 436381 à 436580
bulk : {
  "took" : 13,
  "errors" :  ...
35: 4001 voies traitées
voie : bulk pour les ids de 436581 à 436780
bulk : {
  "took" : 12,
  "errors" :  ...
35: 4201 voies traitées
voie : bulk pour les ids de 436781 à 436980
bulk : {
  "took" : 12,
  "errors" :  ...
35: 4401 voies traitées
voie : bulk pour les ids de 436981 à 437180
bulk : {
  "took" : 28,
  "errors" :  ...
35: 4601 voies traitées
voie : bulk pour les ids de 437181 à 437380
bulk : {
  "took" : 12,
  "errors" :  ...
35: 4801 voies traitées
voie : bulk pour les ids de 437381 à 437580
bulk : {
  "took" : 12,
  "errors" :  ...
35: 5001 voies traitées
voie : bulk pour les ids de 437581 à 437780
bulk : {
  "took" : 12,
  "errors" :  ...
35: 5201 voies traitées
voie : bulk pour les ids de 437781 à 437980
bulk : {
  "took" : 13,
  "errors" :  ...
35: 5401 voies traitées
voie : bulk pour les ids de 437981 à 438180
bulk : {
  "took" : 12,
  "errors" :  ...
35: 5601 voies traitées
voie : bulk pour les ids de 438181 à 438380
bulk : {
  "took" : 12,
  "errors" :  ...
35: 5801 voies traitées
voie : bulk pour les ids de 438381 à 438580
bulk : {
  "took" : 12,
  "errors" :  ...
35: 6001 voies traitées
voie : bulk pour les ids de 438581 à 438780
bulk : {
  "took" : 12,
  "errors" :  ...
35: 6201 voies traitées
voie : bulk pour les ids de 438781 à 438980
bulk : {
  "took" : 12,
  "errors" :  ...
35: 6401 voies traitées
voie : bulk pour les ids de 438981 à 439180
bulk : {
  "took" : 12,
  "errors" :  ...
35: 6601 voies traitées
voie : bulk pour les ids de 439181 à 439380
bulk : {
  "took" : 34,
  "errors" :  ...
35: 6801 voies traitées
voie : bulk pour les ids de 439381 à 439580
bulk : {
  "took" : 12,
  "errors" :  ...
35: 7001 voies traitées
voie : bulk pour les ids de 439581 à 439780
bulk : {
  "took" : 11,
  "errors" :  ...
35: 7201 voies traitées
voie : bulk pour les ids de 439781 à 439980
bulk : {
  "took" : 12,
  "errors" :  ...
35: 7401 voies traitées
voie : bulk pour les ids de 439981 à 440180
bulk : {
  "took" : 13,
  "errors" :  ...
35: 7601 voies traitées
voie : bulk pour les ids de 440181 à 440380
bulk : {
  "took" : 13,
  "errors" :  ...
35: 7801 voies traitées
voie : bulk pour les ids de 440381 à 440580
bulk : {
  "took" : 13,
  "errors" :  ...
35: 8001 voies traitées
voie : bulk pour les ids de 440581 à 440780
bulk : {
  "took" : 12,
  "errors" :  ...
35: 8201 voies traitées
voie : bulk pour les ids de 440781 à 440980
bulk : {
  "took" : 12,
  "errors" :  ...
35: 8401 voies traitées
voie : bulk pour les ids de 440981 à 441180
bulk : {
  "took" : 34,
  "errors" :  ...
35: 8601 voies traitées
voie : bulk pour les ids de 441181 à 441380
bulk : {
  "took" : 13,
  "errors" :  ...
35: 8801 voies traitées
voie : bulk pour les ids de 441381 à 441580
bulk : {
  "took" : 12,
  "errors" :  ...
35: 9001 voies traitées
voie : bulk pour les ids de 441581 à 441780
bulk : {
  "took" : 12,
  "errors" :  ...
35: 9201 voies traitées
voie : bulk pour les ids de 441781 à 441980
bulk : {
  "took" : 12,
  "errors" :  ...
35: 9401 voies traitées
voie : bulk pour les ids de 441981 à 442180
bulk : {
  "took" : 12,
  "errors" :  ...
35: 9601 voies traitées
voie : bulk pour les ids de 442181 à 442380
bulk : {
  "took" : 12,
  "errors" :  ...
35: 9801 voies traitées
voie : bulk pour les ids de 442381 à 442580
bulk : {
  "took" : 12,
  "errors" :  ...
35: 10001 voies traitées
voie : bulk pour les ids de 442581 à 442780
bulk : {
  "took" : 12,
  "errors" :  ...
35: 10201 voies traitées
voie : bulk pour les ids de 442781 à 442980
bulk : {
  "took" : 12,
  "errors" :  ...
35: 10401 voies traitées
voie : bulk pour les ids de 442981 à 443180
bulk : {
  "took" : 12,
  "errors" :  ...
35: 10601 voies traitées
voie : bulk pour les ids de 443181 à 443380
bulk : {
  "took" : 27,
  "errors" :  ...
35: 10801 voies traitées
voie : bulk pour les ids de 443381 à 443580
bulk : {
  "took" : 12,
  "errors" :  ...
35: 11001 voies traitées
voie : bulk pour les ids de 443581 à 443780
bulk : {
  "took" : 19,
  "errors" :  ...
35: 11201 voies traitées
voie : bulk pour les ids de 443781 à 443980
bulk : {
  "took" : 13,
  "errors" :  ...
35: 11401 voies traitées
voie : bulk pour les ids de 443981 à 444180
bulk : {
  "took" : 13,
  "errors" :  ...
35: 11601 voies traitées
voie : bulk pour les ids de 444181 à 444380
bulk : {
  "took" : 12,
  "errors" :  ...
35: 11801 voies traitées
voie : bulk pour les ids de 444381 à 444580
bulk : {
  "took" : 13,
  "errors" :  ...
35: 12001 voies traitées
voie : bulk pour les ids de 444581 à 444780
bulk : {
  "took" : 12,
  "errors" :  ...
35: 12201 voies traitées
voie : bulk pour les ids de 444781 à 444980
bulk : {
  "took" : 13,
  "errors" :  ...
35: 12401 voies traitées
voie : bulk pour les ids de 444981 à 445180
bulk : {
  "took" : 30,
  "errors" :  ...
35: 12601 voies traitées
voie : bulk pour les ids de 445181 à 445380
bulk : {
  "took" : 12,
  "errors" :  ...
35: 12801 voies traitées
voie : bulk pour les ids de 445381 à 445580
bulk : {
  "took" : 12,
  "errors" :  ...
35: 13001 voies traitées
voie : bulk pour les ids de 445581 à 445780
bulk : {
  "took" : 33,
  "errors" :  ...
35: 13201 voies traitées
voie : bulk pour les ids de 445781 à 445980
bulk : {
  "took" : 13,
  "errors" :  ...
35: 13401 voies traitées
voie : bulk pour les ids de 445981 à 446180
bulk : {
  "took" : 13,
  "errors" :  ...
35: 13601 voies traitées
voie : bulk pour les ids de 446181 à 446380
bulk : {
  "took" : 13,
  "errors" :  ...
35: 13801 voies traitées
voie : bulk pour les ids de 446381 à 446580
bulk : {
  "took" : 12,
  "errors" :  ...
35: 14001 voies traitées
voie : bulk pour les ids de 446581 à 446780
bulk : {
  "took" : 12,
  "errors" :  ...
35: 14201 voies traitées
voie : bulk pour les ids de 446781 à 446980
bulk : {
  "took" : 30,
  "errors" :  ...
35: 14401 voies traitées
voie : bulk pour les ids de 446981 à 447180
bulk : {
  "took" : 13,
  "errors" :  ...
35: 14601 voies traitées
voie : bulk pour les ids de 447181 à 447380
bulk : {
  "took" : 15,
  "errors" :  ...
35: 14801 voies traitées
voie : bulk pour les ids de 447381 à 447580
bulk : {
  "took" : 12,
  "errors" :  ...
35: 15001 voies traitées
voie : bulk pour les ids de 447581 à 447780
bulk : {
  "took" : 17,
  "errors" :  ...
35: 15201 voies traitées
voie : bulk pour les ids de 447781 à 447980
bulk : {
  "took" : 13,
  "errors" :  ...
35: 15401 voies traitées
voie : bulk pour les ids de 447981 à 448180
bulk : {
  "took" : 12,
  "errors" :  ...
35: 15601 voies traitées
voie : bulk pour les ids de 448181 à 448380
bulk : {
  "took" : 12,
  "errors" :  ...
35: 15801 voies traitées
voie : bulk pour les ids de 448381 à 448580
bulk : {
  "took" : 12,
  "errors" :  ...
35: 16001 voies traitées
voie : bulk pour les ids de 448581 à 448780
bulk : {
  "took" : 13,
  "errors" :  ...
35: 16201 voies traitées
voie : bulk pour les ids de 448781 à 448980
bulk : {
  "took" : 12,
  "errors" :  ...
35: 16401 voies traitées
voie : bulk pour les ids de 448981 à 449180
bulk : {
  "took" : 13,
  "errors" :  ...
35: 16601 voies traitées
voie : bulk pour les ids de 449181 à 449380
bulk : {
  "took" : 12,
  "errors" :  ...
35: 16801 voies traitées
voie : bulk pour les ids de 449381 à 449580
bulk : {
  "took" : 12,
  "errors" :  ...
35: 17001 voies traitées
voie : bulk pour les ids de 449581 à 449780
bulk : {
  "took" : 13,
  "errors" :  ...
35: 17201 voies traitées
voie : bulk pour les ids de 449781 à 449980
bulk : {
  "took" : 12,
  "errors" :  ...
35: 17401 voies traitées
voie : bulk pour les ids de 449981 à 450180
bulk : {
  "took" : 12,
  "errors" :  ...
35: 17601 voies traitées
voie : bulk pour les ids de 450181 à 450380
bulk : {
  "took" : 13,
  "errors" :  ...
35: 17801 voies traitées
voie : bulk pour les ids de 450381 à 450580
bulk : {
  "took" : 13,
  "errors" :  ...
35: 18001 voies traitées
voie : bulk pour les ids de 450581 à 450780
bulk : {
  "took" : 13,
  "errors" :  ...
35: 18201 voies traitées
voie : bulk pour les ids de 450781 à 450980
bulk : {
  "took" : 30,
  "errors" :  ...
35: 18401 voies traitées
voie : bulk pour les ids de 450981 à 451112
bulk : {
  "took" : 8,
  "errors" : f ...
dpt 35 : adresses
35: 1 adresses traitées
35: 1001 adresses traitées
adresse : bulk pour les ids de 5608013 à 5609012
bulk : {
  "took" : 78,
  "errors" :  ...
35: 2001 adresses traitées
adresse : bulk pour les ids de 5609013 à 5610012
bulk : {
  "took" : 64,
  "errors" :  ...
35: 3001 adresses traitées
adresse : bulk pour les ids de 5610013 à 5611012
bulk : {
  "took" : 80,
  "errors" :  ...
35: 4001 adresses traitées
adresse : bulk pour les ids de 5611013 à 5612012
bulk : {
  "took" : 93,
  "errors" :  ...
35: 5001 adresses traitées
adresse : bulk pour les ids de 5612013 à 5613012
bulk : {
  "took" : 73,
  "errors" :  ...
35: 6001 adresses traitées
adresse : bulk pour les ids de 5613013 à 5614012
bulk : {
  "took" : 82,
  "errors" :  ...
35: 7001 adresses traitées
adresse : bulk pour les ids de 5614013 à 5615012
bulk : {
  "took" : 90,
  "errors" :  ...
35: 8001 adresses traitées
adresse : bulk pour les ids de 5615013 à 5616012
bulk : {
  "took" : 70,
  "errors" :  ...
35: 9001 adresses traitées
adresse : bulk pour les ids de 5616013 à 5617012
bulk : {
  "took" : 95,
  "errors" :  ...
35: 10001 adresses traitées
adresse : bulk pour les ids de 5617013 à 5618012
bulk : {
  "took" : 82,
  "errors" :  ...
35: 11001 adresses traitées
adresse : bulk pour les ids de 5618013 à 5619012
bulk : {
  "took" : 77,
  "errors" :  ...
35: 12001 adresses traitées
adresse : bulk pour les ids de 5619013 à 5620012
bulk : {
  "took" : 92,
  "errors" :  ...
35: 13001 adresses traitées
adresse : bulk pour les ids de 5620013 à 5621012
bulk : {
  "took" : 76,
  "errors" :  ...
35: 14001 adresses traitées
adresse : bulk pour les ids de 5621013 à 5622012
bulk : {
  "took" : 92,
  "errors" :  ...
35: 15001 adresses traitées
adresse : bulk pour les ids de 5622013 à 5623012
bulk : {
  "took" : 74,
  "errors" :  ...
35: 16001 adresses traitées
adresse : bulk pour les ids de 5623013 à 5624012
bulk : {
  "took" : 83,
  "errors" :  ...
35: 17001 adresses traitées
adresse : bulk pour les ids de 5624013 à 5625012
bulk : {
  "took" : 103,
  "errors" : ...
35: 18001 adresses traitées
adresse : bulk pour les ids de 5625013 à 5626012
bulk : {
  "took" : 65,
  "errors" :  ...
35: 19001 adresses traitées
adresse : bulk pour les ids de 5626013 à 5627012
bulk : {
  "took" : 98,
  "errors" :  ...
35: 20001 adresses traitées
adresse : bulk pour les ids de 5627013 à 5628012
bulk : {
  "took" : 64,
  "errors" :  ...
35: 21001 adresses traitées
35: 22001 adresses traitées
adresse : bulk pour les ids de 5628013 à 5629012
bulk : {
  "took" : 82,
  "errors" :  ...
35: 23001 adresses traitées
adresse : bulk pour les ids de 5629013 à 5630012
bulk : {
  "took" : 94,
  "errors" :  ...
35: 24001 adresses traitées
adresse : bulk pour les ids de 5630013 à 5631012
bulk : {
  "took" : 77,
  "errors" :  ...
35: 25001 adresses traitées
adresse : bulk pour les ids de 5631013 à 5632012
bulk : {
  "took" : 66,
  "errors" :  ...
35: 26001 adresses traitées
adresse : bulk pour les ids de 5632013 à 5633012
bulk : {
  "took" : 94,
  "errors" :  ...
35: 27001 adresses traitées
adresse : bulk pour les ids de 5633013 à 5634012
bulk : {
  "took" : 67,
  "errors" :  ...
35: 28001 adresses traitées
adresse : bulk pour les ids de 5634013 à 5635012
bulk : {
  "took" : 95,
  "errors" :  ...
35: 29001 adresses traitées
adresse : bulk pour les ids de 5635013 à 5636012
bulk : {
  "took" : 92,
  "errors" :  ...
35: 30001 adresses traitées
adresse : bulk pour les ids de 5636013 à 5637012
bulk : {
  "took" : 75,
  "errors" :  ...
35: 31001 adresses traitées
adresse : bulk pour les ids de 5637013 à 5638012
bulk : {
  "took" : 66,
  "errors" :  ...
35: 32001 adresses traitées
adresse : bulk pour les ids de 5638013 à 5639012
bulk : {
  "took" : 91,
  "errors" :  ...
35: 33001 adresses traitées
35: 34001 adresses traitées
adresse : bulk pour les ids de 5639013 à 5640012
bulk : {
  "took" : 70,
  "errors" :  ...
35: 35001 adresses traitées
adresse : bulk pour les ids de 5640013 à 5641012
bulk : {
  "took" : 95,
  "errors" :  ...
35: 36001 adresses traitées
adresse : bulk pour les ids de 5641013 à 5642012
bulk : {
  "took" : 69,
  "errors" :  ...
35: 37001 adresses traitées
adresse : bulk pour les ids de 5642013 à 5643012
bulk : {
  "took" : 99,
  "errors" :  ...
35: 38001 adresses traitées
adresse : bulk pour les ids de 5643013 à 5644012
bulk : {
  "took" : 69,
  "errors" :  ...
35: 39001 adresses traitées
adresse : bulk pour les ids de 5644013 à 5645012
bulk : {
  "took" : 92,
  "errors" :  ...
35: 40001 adresses traitées
adresse : bulk pour les ids de 5645013 à 5646012
bulk : {
  "took" : 98,
  "errors" :  ...
35: 41001 adresses traitées
adresse : bulk pour les ids de 5646013 à 5647012
bulk : {
  "took" : 104,
  "errors" : ...
35: 42001 adresses traitées
adresse : bulk pour les ids de 5647013 à 5648012
bulk : {
  "took" : 73,
  "errors" :  ...
35: 43001 adresses traitées
adresse : bulk pour les ids de 5648013 à 5649012
bulk : {
  "took" : 93,
  "errors" :  ...
35: 44001 adresses traitées
adresse : bulk pour les ids de 5649013 à 5650012
bulk : {
  "took" : 85,
  "errors" :  ...
35: 45001 adresses traitées
35: 46001 adresses traitées
adresse : bulk pour les ids de 5650013 à 5651012
bulk : {
  "took" : 74,
  "errors" :  ...
35: 47001 adresses traitées
adresse : bulk pour les ids de 5651013 à 5652012
bulk : {
  "took" : 87,
  "errors" :  ...
35: 48001 adresses traitées
adresse : bulk pour les ids de 5652013 à 5653012
bulk : {
  "took" : 75,
  "errors" :  ...
35: 49001 adresses traitées
adresse : bulk pour les ids de 5653013 à 5654012
bulk : {
  "took" : 67,
  "errors" :  ...
35: 50001 adresses traitées
adresse : bulk pour les ids de 5654013 à 5655012
bulk : {
  "took" : 94,
  "errors" :  ...
35: 51001 adresses traitées
adresse : bulk pour les ids de 5655013 à 5656012
bulk : {
  "took" : 69,
  "errors" :  ...
35: 52001 adresses traitées
adresse : bulk pour les ids de 5656013 à 5657012
bulk : {
  "took" : 92,
  "errors" :  ...
35: 53001 adresses traitées
adresse : bulk pour les ids de 5657013 à 5658012
bulk : {
  "took" : 87,
  "errors" :  ...
35: 54001 adresses traitées
35: 55001 adresses traitées
adresse : bulk pour les ids de 5658013 à 5659012
bulk : {
  "took" : 73,
  "errors" :  ...
35: 56001 adresses traitées
adresse : bulk pour les ids de 5659013 à 5660012
bulk : {
  "took" : 83,
  "errors" :  ...
35: 57001 adresses traitées
adresse : bulk pour les ids de 5660013 à 5661012
bulk : {
  "took" : 73,
  "errors" :  ...
35: 58001 adresses traitées
adresse : bulk pour les ids de 5661013 à 5662012
bulk : {
  "took" : 93,
  "errors" :  ...
35: 59001 adresses traitées
adresse : bulk pour les ids de 5662013 à 5663012
bulk : {
  "took" : 73,
  "errors" :  ...
35: 60001 adresses traitées
adresse : bulk pour les ids de 5663013 à 5664012
bulk : {
  "took" : 68,
  "errors" :  ...
35: 61001 adresses traitées
adresse : bulk pour les ids de 5664013 à 5665012
bulk : {
  "took" : 75,
  "errors" :  ...
35: 62001 adresses traitées
35: 63001 adresses traitées
adresse : bulk pour les ids de 5665013 à 5666012
bulk : {
  "took" : 88,
  "errors" :  ...
35: 64001 adresses traitées
adresse : bulk pour les ids de 5666013 à 5667012
bulk : {
  "took" : 92,
  "errors" :  ...
35: 65001 adresses traitées
adresse : bulk pour les ids de 5667013 à 5668012
bulk : {
  "took" : 74,
  "errors" :  ...
35: 66001 adresses traitées
adresse : bulk pour les ids de 5668013 à 5669012
bulk : {
  "took" : 89,
  "errors" :  ...
35: 67001 adresses traitées
adresse : bulk pour les ids de 5669013 à 5670012
bulk : {
  "took" : 69,
  "errors" :  ...
35: 68001 adresses traitées
adresse : bulk pour les ids de 5670013 à 5671012
bulk : {
  "took" : 85,
  "errors" :  ...
35: 69001 adresses traitées
35: 70001 adresses traitées
adresse : bulk pour les ids de 5671013 à 5672012
bulk : {
  "took" : 68,
  "errors" :  ...
35: 71001 adresses traitées
adresse : bulk pour les ids de 5672013 à 5673012
bulk : {
  "took" : 88,
  "errors" :  ...
35: 72001 adresses traitées
adresse : bulk pour les ids de 5673013 à 5674012
bulk : {
  "took" : 66,
  "errors" :  ...
35: 73001 adresses traitées
adresse : bulk pour les ids de 5674013 à 5675012
bulk : {
  "took" : 90,
  "errors" :  ...
35: 74001 adresses traitées
adresse : bulk pour les ids de 5675013 à 5676012
bulk : {
  "took" : 65,
  "errors" :  ...
35: 75001 adresses traitées
adresse : bulk pour les ids de 5676013 à 5677012
bulk : {
  "took" : 89,
  "errors" :  ...
35: 76001 adresses traitées
adresse : bulk pour les ids de 5677013 à 5678012
bulk : {
  "took" : 66,
  "errors" :  ...
35: 77001 adresses traitées
adresse : bulk pour les ids de 5678013 à 5679012
bulk : {
  "took" : 84,
  "errors" :  ...
35: 78001 adresses traitées
adresse : bulk pour les ids de 5679013 à 5680012
bulk : {
  "took" : 65,
  "errors" :  ...
35: 79001 adresses traitées
adresse : bulk pour les ids de 5680013 à 5681012
bulk : {
  "took" : 85,
  "errors" :  ...
35: 80001 adresses traitées
adresse : bulk pour les ids de 5681013 à 5682012
bulk : {
  "took" : 66,
  "errors" :  ...
35: 81001 adresses traitées
adresse : bulk pour les ids de 5682013 à 5683012
bulk : {
  "took" : 85,
  "errors" :  ...
35: 82001 adresses traitées
adresse : bulk pour les ids de 5683013 à 5684012
bulk : {
  "took" : 67,
  "errors" :  ...
35: 83001 adresses traitées
adresse : bulk pour les ids de 5684013 à 5685012
bulk : {
  "took" : 82,
  "errors" :  ...
35: 84001 adresses traitées
adresse : bulk pour les ids de 5685013 à 5686012
bulk : {
  "took" : 85,
  "errors" :  ...
35: 85001 adresses traitées
35: 86001 adresses traitées
adresse : bulk pour les ids de 5686013 à 5687012
bulk : {
  "took" : 65,
  "errors" :  ...
35: 87001 adresses traitées
adresse : bulk pour les ids de 5687013 à 5688012
bulk : {
  "took" : 82,
  "errors" :  ...
35: 88001 adresses traitées
adresse : bulk pour les ids de 5688013 à 5689012
bulk : {
  "took" : 65,
  "errors" :  ...
35: 89001 adresses traitées
adresse : bulk pour les ids de 5689013 à 5690012
bulk : {
  "took" : 83,
  "errors" :  ...
35: 90001 adresses traitées
adresse : bulk pour les ids de 5690013 à 5691012
bulk : {
  "took" : 68,
  "errors" :  ...
35: 91001 adresses traitées
adresse : bulk pour les ids de 5691013 à 5692012
bulk : {
  "took" : 82,
  "errors" :  ...
35: 92001 adresses traitées
adresse : bulk pour les ids de 5692013 à 5693012
bulk : {
  "took" : 66,
  "errors" :  ...
35: 93001 adresses traitées
adresse : bulk pour les ids de 5693013 à 5694012
bulk : {
  "took" : 84,
  "errors" :  ...
35: 94001 adresses traitées
adresse : bulk pour les ids de 5694013 à 5695012
bulk : {
  "took" : 68,
  "errors" :  ...
35: 95001 adresses traitées
adresse : bulk pour les ids de 5695013 à 5696012
bulk : {
  "took" : 89,
  "errors" :  ...
35: 96001 adresses traitées
adresse : bulk pour les ids de 5696013 à 5697012
bulk : {
  "took" : 69,
  "errors" :  ...
35: 97001 adresses traitées
35: 98001 adresses traitées
adresse : bulk pour les ids de 5697013 à 5698012
bulk : {
  "took" : 88,
  "errors" :  ...
35: 99001 adresses traitées
adresse : bulk pour les ids de 5698013 à 5699012
bulk : {
  "took" : 68,
  "errors" :  ...
35: 100001 adresses traitées
adresse : bulk pour les ids de 5699013 à 5700012
bulk : {
  "took" : 83,
  "errors" :  ...
35: 101001 adresses traitées
adresse : bulk pour les ids de 5700013 à 5701012
bulk : {
  "took" : 66,
  "errors" :  ...
35: 102001 adresses traitées
adresse : bulk pour les ids de 5701013 à 5702012
bulk : {
  "took" : 91,
  "errors" :  ...
35: 103001 adresses traitées
adresse : bulk pour les ids de 5702013 à 5703012
bulk : {
  "took" : 68,
  "errors" :  ...
35: 104001 adresses traitées
adresse : bulk pour les ids de 5703013 à 5704012
bulk : {
  "took" : 88,
  "errors" :  ...
35: 105001 adresses traitées
adresse : bulk pour les ids de 5704013 à 5705012
bulk : {
  "took" : 73,
  "errors" :  ...
35: 106001 adresses traitées
adresse : bulk pour les ids de 5705013 à 5706012
bulk : {
  "took" : 88,
  "errors" :  ...
35: 107001 adresses traitées
adresse : bulk pour les ids de 5706013 à 5707012
bulk : {
  "took" : 68,
  "errors" :  ...
35: 108001 adresses traitées
adresse : bulk pour les ids de 5707013 à 5708012
bulk : {
  "took" : 86,
  "errors" :  ...
35: 109001 adresses traitées
adresse : bulk pour les ids de 5708013 à 5709012
bulk : {
  "took" : 68,
  "errors" :  ...
35: 110001 adresses traitées
adresse : bulk pour les ids de 5709013 à 5710012
bulk : {
  "took" : 83,
  "errors" :  ...
35: 111001 adresses traitées
35: 112001 adresses traitées
adresse : bulk pour les ids de 5710013 à 5711012
bulk : {
  "took" : 65,
  "errors" :  ...
35: 113001 adresses traitées
adresse : bulk pour les ids de 5711013 à 5712012
bulk : {
  "took" : 67,
  "errors" :  ...
35: 114001 adresses traitées
adresse : bulk pour les ids de 5712013 à 5713012
bulk : {
  "took" : 84,
  "errors" :  ...
35: 115001 adresses traitées
adresse : bulk pour les ids de 5713013 à 5714012
bulk : {
  "took" : 69,
  "errors" :  ...
35: 116001 adresses traitées
adresse : bulk pour les ids de 5714013 à 5715012
bulk : {
  "took" : 85,
  "errors" :  ...
35: 117001 adresses traitées
adresse : bulk pour les ids de 5715013 à 5716012
bulk : {
  "took" : 67,
  "errors" :  ...
35: 118001 adresses traitées
adresse : bulk pour les ids de 5716013 à 5717012
bulk : {
  "took" : 88,
  "errors" :  ...
35: 119001 adresses traitées
adresse : bulk pour les ids de 5717013 à 5718012
bulk : {
  "took" : 67,
  "errors" :  ...
35: 120001 adresses traitées
adresse : bulk pour les ids de 5718013 à 5719012
bulk : {
  "took" : 87,
  "errors" :  ...
35: 121001 adresses traitées
adresse : bulk pour les ids de 5719013 à 5720012
bulk : {
  "took" : 66,
  "errors" :  ...
35: 122001 adresses traitées
adresse : bulk pour les ids de 5720013 à 5721012
bulk : {
  "took" : 84,
  "errors" :  ...
35: 123001 adresses traitées
adresse : bulk pour les ids de 5721013 à 5722012
bulk : {
  "took" : 67,
  "errors" :  ...
35: 124001 adresses traitées
adresse : bulk pour les ids de 5722013 à 5723012
bulk : {
  "took" : 88,
  "errors" :  ...
35: 125001 adresses traitées
adresse : bulk pour les ids de 5723013 à 5724012
bulk : {
  "took" : 67,
  "errors" :  ...
35: 126001 adresses traitées
adresse : bulk pour les ids de 5724013 à 5725012
bulk : {
  "took" : 89,
  "errors" :  ...
35: 127001 adresses traitées
adresse : bulk pour les ids de 5725013 à 5726012
bulk : {
  "took" : 67,
  "errors" :  ...
35: 128001 adresses traitées
adresse : bulk pour les ids de 5726013 à 5727012
bulk : {
  "took" : 88,
  "errors" :  ...
35: 129001 adresses traitées
35: 130001 adresses traitées
adresse : bulk pour les ids de 5727013 à 5728012
bulk : {
  "took" : 67,
  "errors" :  ...
35: 131001 adresses traitées
adresse : bulk pour les ids de 5728013 à 5729012
bulk : {
  "took" : 92,
  "errors" :  ...
35: 132001 adresses traitées
adresse : bulk pour les ids de 5729013 à 5730012
bulk : {
  "took" : 72,
  "errors" :  ...
35: 133001 adresses traitées
adresse : bulk pour les ids de 5730013 à 5731012
bulk : {
  "took" : 90,
  "errors" :  ...
35: 134001 adresses traitées
adresse : bulk pour les ids de 5731013 à 5732012
bulk : {
  "took" : 66,
  "errors" :  ...
35: 135001 adresses traitées
adresse : bulk pour les ids de 5732013 à 5733012
bulk : {
  "took" : 87,
  "errors" :  ...
35: 136001 adresses traitées
adresse : bulk pour les ids de 5733013 à 5734012
bulk : {
  "took" : 67,
  "errors" :  ...
35: 137001 adresses traitées
adresse : bulk pour les ids de 5734013 à 5735012
bulk : {
  "took" : 85,
  "errors" :  ...
35: 138001 adresses traitées
adresse : bulk pour les ids de 5735013 à 5736012
bulk : {
  "took" : 89,
  "errors" :  ...
35: 139001 adresses traitées
adresse : bulk pour les ids de 5736013 à 5737012
bulk : {
  "took" : 88,
  "errors" :  ...
35: 140001 adresses traitées
adresse : bulk pour les ids de 5737013 à 5738012
bulk : {
  "took" : 84,
  "errors" :  ...
35: 141001 adresses traitées
adresse : bulk pour les ids de 5738013 à 5739012
bulk : {
  "took" : 70,
  "errors" :  ...
35: 142001 adresses traitées
adresse : bulk pour les ids de 5739013 à 5740012
bulk : {
  "took" : 89,
  "errors" :  ...
35: 143001 adresses traitées
adresse : bulk pour les ids de 5740013 à 5741012
bulk : {
  "took" : 67,
  "errors" :  ...
35: 144001 adresses traitées
adresse : bulk pour les ids de 5741013 à 5742012
bulk : {
  "took" : 91,
  "errors" :  ...
35: 145001 adresses traitées
adresse : bulk pour les ids de 5742013 à 5743012
bulk : {
  "took" : 69,
  "errors" :  ...
35: 146001 adresses traitées
adresse : bulk pour les ids de 5743013 à 5744012
bulk : {
  "took" : 92,
  "errors" :  ...
35: 147001 adresses traitées
adresse : bulk pour les ids de 5744013 à 5745012
bulk : {
  "took" : 69,
  "errors" :  ...
35: 148001 adresses traitées
35: 149001 adresses traitées
adresse : bulk pour les ids de 5745013 à 5746012
bulk : {
  "took" : 88,
  "errors" :  ...
35: 150001 adresses traitées
adresse : bulk pour les ids de 5746013 à 5747012
bulk : {
  "took" : 68,
  "errors" :  ...
35: 151001 adresses traitées
adresse : bulk pour les ids de 5747013 à 5748012
bulk : {
  "took" : 89,
  "errors" :  ...
35: 152001 adresses traitées
adresse : bulk pour les ids de 5748013 à 5749012
bulk : {
  "took" : 69,
  "errors" :  ...
35: 153001 adresses traitées
adresse : bulk pour les ids de 5749013 à 5750012
bulk : {
  "took" : 90,
  "errors" :  ...
35: 154001 adresses traitées
adresse : bulk pour les ids de 5750013 à 5751012
bulk : {
  "took" : 67,
  "errors" :  ...
35: 155001 adresses traitées
adresse : bulk pour les ids de 5751013 à 5752012
bulk : {
  "took" : 92,
  "errors" :  ...
35: 156001 adresses traitées
adresse : bulk pour les ids de 5752013 à 5753012
bulk : {
  "took" : 68,
  "errors" :  ...
35: 157001 adresses traitées
adresse : bulk pour les ids de 5753013 à 5754012
bulk : {
  "took" : 86,
  "errors" :  ...
35: 158001 adresses traitées
adresse : bulk pour les ids de 5754013 à 5755012
bulk : {
  "took" : 69,
  "errors" :  ...
35: 159001 adresses traitées
adresse : bulk pour les ids de 5755013 à 5756012
bulk : {
  "took" : 67,
  "errors" :  ...
35: 160001 adresses traitées
adresse : bulk pour les ids de 5756013 à 5757012
bulk : {
  "took" : 86,
  "errors" :  ...
35: 161001 adresses traitées
adresse : bulk pour les ids de 5757013 à 5758012
bulk : {
  "took" : 69,
  "errors" :  ...
35: 162001 adresses traitées
adresse : bulk pour les ids de 5758013 à 5759012
bulk : {
  "took" : 85,
  "errors" :  ...
35: 163001 adresses traitées
adresse : bulk pour les ids de 5759013 à 5760012
bulk : {
  "took" : 69,
  "errors" :  ...
35: 164001 adresses traitées
adresse : bulk pour les ids de 5760013 à 5761012
bulk : {
  "took" : 93,
  "errors" :  ...
35: 165001 adresses traitées
adresse : bulk pour les ids de 5761013 à 5762012
bulk : {
  "took" : 67,
  "errors" :  ...
35: 166001 adresses traitées
adresse : bulk pour les ids de 5762013 à 5763012
bulk : {
  "took" : 89,
  "errors" :  ...
35: 167001 adresses traitées
adresse : bulk pour les ids de 5763013 à 5764012
bulk : {
  "took" : 68,
  "errors" :  ...
35: 168001 adresses traitées
adresse : bulk pour les ids de 5764013 à 5765012
bulk : {
  "took" : 86,
  "errors" :  ...
35: 169001 adresses traitées
adresse : bulk pour les ids de 5765013 à 5766012
bulk : {
  "took" : 70,
  "errors" :  ...
35: 170001 adresses traitées
adresse : bulk pour les ids de 5766013 à 5767012
bulk : {
  "took" : 91,
  "errors" :  ...
35: 171001 adresses traitées
adresse : bulk pour les ids de 5767013 à 5768012
bulk : {
  "took" : 68,
  "errors" :  ...
35: 172001 adresses traitées
adresse : bulk pour les ids de 5768013 à 5769012
bulk : {
  "took" : 90,
  "errors" :  ...
35: 173001 adresses traitées
adresse : bulk pour les ids de 5769013 à 5770012
bulk : {
  "took" : 68,
  "errors" :  ...
35: 174001 adresses traitées
adresse : bulk pour les ids de 5770013 à 5771012
bulk : {
  "took" : 87,
  "errors" :  ...
35: 175001 adresses traitées
adresse : bulk pour les ids de 5771013 à 5772012
bulk : {
  "took" : 68,
  "errors" :  ...
35: 176001 adresses traitées
adresse : bulk pour les ids de 5772013 à 5773012
bulk : {
  "took" : 87,
  "errors" :  ...
35: 177001 adresses traitées
adresse : bulk pour les ids de 5773013 à 5774012
bulk : {
  "took" : 68,
  "errors" :  ...
35: 178001 adresses traitées
adresse : bulk pour les ids de 5774013 à 5775012
bulk : {
  "took" : 94,
  "errors" :  ...
35: 179001 adresses traitées
adresse : bulk pour les ids de 5775013 à 5776012
bulk : {
  "took" : 69,
  "errors" :  ...
35: 180001 adresses traitées
adresse : bulk pour les ids de 5776013 à 5777012
bulk : {
  "took" : 83,
  "errors" :  ...
35: 181001 adresses traitées
adresse : bulk pour les ids de 5777013 à 5778012
bulk : {
  "took" : 70,
  "errors" :  ...
35: 182001 adresses traitées
35: 183001 adresses traitées
adresse : bulk pour les ids de 5778013 à 5779012
bulk : {
  "took" : 90,
  "errors" :  ...
35: 184001 adresses traitées
adresse : bulk pour les ids de 5779013 à 5780012
bulk : {
  "took" : 70,
  "errors" :  ...
35: 185001 adresses traitées
adresse : bulk pour les ids de 5780013 à 5781012
bulk : {
  "took" : 89,
  "errors" :  ...
35: 186001 adresses traitées
adresse : bulk pour les ids de 5781013 à 5782012
bulk : {
  "took" : 70,
  "errors" :  ...
35: 187001 adresses traitées
adresse : bulk pour les ids de 5782013 à 5783012
bulk : {
  "took" : 91,
  "errors" :  ...
35: 188001 adresses traitées
adresse : bulk pour les ids de 5783013 à 5784012
bulk : {
  "took" : 67,
  "errors" :  ...
35: 189001 adresses traitées
adresse : bulk pour les ids de 5784013 à 5785012
bulk : {
  "took" : 94,
  "errors" :  ...
35: 190001 adresses traitées
adresse : bulk pour les ids de 5785013 à 5786012
bulk : {
  "took" : 69,
  "errors" :  ...
35: 191001 adresses traitées
adresse : bulk pour les ids de 5786013 à 5787012
bulk : {
  "took" : 68,
  "errors" :  ...
35: 192001 adresses traitées
adresse : bulk pour les ids de 5787013 à 5788012
bulk : {
  "took" : 87,
  "errors" :  ...
35: 193001 adresses traitées
adresse : bulk pour les ids de 5788013 à 5789012
bulk : {
  "took" : 69,
  "errors" :  ...
35: 194001 adresses traitées
adresse : bulk pour les ids de 5789013 à 5790012
bulk : {
  "took" : 86,
  "errors" :  ...
35: 195001 adresses traitées
adresse : bulk pour les ids de 5790013 à 5791012
bulk : {
  "took" : 76,
  "errors" :  ...
35: 196001 adresses traitées
adresse : bulk pour les ids de 5791013 à 5792012
bulk : {
  "took" : 87,
  "errors" :  ...
35: 197001 adresses traitées
adresse : bulk pour les ids de 5792013 à 5793012
bulk : {
  "took" : 69,
  "errors" :  ...
35: 198001 adresses traitées
adresse : bulk pour les ids de 5793013 à 5794012
bulk : {
  "took" : 89,
  "errors" :  ...
35: 199001 adresses traitées
adresse : bulk pour les ids de 5794013 à 5795012
bulk : {
  "took" : 71,
  "errors" :  ...
35: 200001 adresses traitées
adresse : bulk pour les ids de 5795013 à 5796012
bulk : {
  "took" : 96,
  "errors" :  ...
35: 201001 adresses traitées
adresse : bulk pour les ids de 5796013 à 5797012
bulk : {
  "took" : 81,
  "errors" :  ...
35: 202001 adresses traitées
adresse : bulk pour les ids de 5797013 à 5798012
bulk : {
  "took" : 93,
  "errors" :  ...
35: 203001 adresses traitées
adresse : bulk pour les ids de 5798013 à 5799012
bulk : {
  "took" : 69,
  "errors" :  ...
35: 204001 adresses traitées
adresse : bulk pour les ids de 5799013 à 5800012
bulk : {
  "took" : 94,
  "errors" :  ...
35: 205001 adresses traitées
35: 206001 adresses traitées
adresse : bulk pour les ids de 5800013 à 5801012
bulk : {
  "took" : 69,
  "errors" :  ...
35: 207001 adresses traitées
adresse : bulk pour les ids de 5801013 à 5802012
bulk : {
  "took" : 95,
  "errors" :  ...
35: 208001 adresses traitées
adresse : bulk pour les ids de 5802013 à 5803012
bulk : {
  "took" : 71,
  "errors" :  ...
35: 209001 adresses traitées
adresse : bulk pour les ids de 5803013 à 5804012
bulk : {
  "took" : 90,
  "errors" :  ...
35: 210001 adresses traitées
adresse : bulk pour les ids de 5804013 à 5805012
bulk : {
  "took" : 73,
  "errors" :  ...
35: 211001 adresses traitées
adresse : bulk pour les ids de 5805013 à 5806012
bulk : {
  "took" : 90,
  "errors" :  ...
35: 212001 adresses traitées
adresse : bulk pour les ids de 5806013 à 5807012
bulk : {
  "took" : 71,
  "errors" :  ...
35: 213001 adresses traitées
adresse : bulk pour les ids de 5807013 à 5808012
bulk : {
  "took" : 88,
  "errors" :  ...
35: 214001 adresses traitées
adresse : bulk pour les ids de 5808013 à 5809012
bulk : {
  "took" : 70,
  "errors" :  ...
35: 215001 adresses traitées
adresse : bulk pour les ids de 5809013 à 5810012
bulk : {
  "took" : 93,
  "errors" :  ...
35: 216001 adresses traitées
adresse : bulk pour les ids de 5810013 à 5811012
bulk : {
  "took" : 70,
  "errors" :  ...
35: 217001 adresses traitées
adresse : bulk pour les ids de 5811013 à 5812012
bulk : {
  "took" : 70,
  "errors" :  ...
35: 218001 adresses traitées
adresse : bulk pour les ids de 5812013 à 5813012
bulk : {
  "took" : 88,
  "errors" :  ...
35: 219001 adresses traitées
adresse : bulk pour les ids de 5813013 à 5814012
bulk : {
  "took" : 68,
  "errors" :  ...
35: 220001 adresses traitées
adresse : bulk pour les ids de 5814013 à 5815012
bulk : {
  "took" : 88,
  "errors" :  ...
35: 221001 adresses traitées
adresse : bulk pour les ids de 5815013 à 5816012
bulk : {
  "took" : 70,
  "errors" :  ...
35: 222001 adresses traitées
adresse : bulk pour les ids de 5816013 à 5817012
bulk : {
  "took" : 91,
  "errors" :  ...
35: 223001 adresses traitées
adresse : bulk pour les ids de 5817013 à 5818012
bulk : {
  "took" : 70,
  "errors" :  ...
35: 224001 adresses traitées
adresse : bulk pour les ids de 5818013 à 5819012
bulk : {
  "took" : 89,
  "errors" :  ...
35: 225001 adresses traitées
35: 226001 adresses traitées
adresse : bulk pour les ids de 5819013 à 5820012
bulk : {
  "took" : 69,
  "errors" :  ...
35: 227001 adresses traitées
adresse : bulk pour les ids de 5820013 à 5821012
bulk : {
  "took" : 87,
  "errors" :  ...
35: 228001 adresses traitées
adresse : bulk pour les ids de 5821013 à 5822012
bulk : {
  "took" : 69,
  "errors" :  ...
35: 229001 adresses traitées
adresse : bulk pour les ids de 5822013 à 5823012
bulk : {
  "took" : 84,
  "errors" :  ...
35: 230001 adresses traitées
adresse : bulk pour les ids de 5823013 à 5824012
bulk : {
  "took" : 72,
  "errors" :  ...
35: 231001 adresses traitées
adresse : bulk pour les ids de 5824013 à 5825012
bulk : {
  "took" : 92,
  "errors" :  ...
35: 232001 adresses traitées
adresse : bulk pour les ids de 5825013 à 5826012
bulk : {
  "took" : 69,
  "errors" :  ...
35: 233001 adresses traitées
adresse : bulk pour les ids de 5826013 à 5827012
bulk : {
  "took" : 86,
  "errors" :  ...
35: 234001 adresses traitées
adresse : bulk pour les ids de 5827013 à 5828012
bulk : {
  "took" : 69,
  "errors" :  ...
35: 235001 adresses traitées
adresse : bulk pour les ids de 5828013 à 5829012
bulk : {
  "took" : 88,
  "errors" :  ...
35: 236001 adresses traitées
adresse : bulk pour les ids de 5829013 à 5830012
bulk : {
  "took" : 70,
  "errors" :  ...
35: 237001 adresses traitées
adresse : bulk pour les ids de 5830013 à 5831012
bulk : {
  "took" : 90,
  "errors" :  ...
35: 238001 adresses traitées
adresse : bulk pour les ids de 5831013 à 5832012
bulk : {
  "took" : 74,
  "errors" :  ...
35: 239001 adresses traitées
adresse : bulk pour les ids de 5832013 à 5833012
bulk : {
  "took" : 86,
  "errors" :  ...
35: 240001 adresses traitées
35: 241001 adresses traitées
adresse : bulk pour les ids de 5833013 à 5834012
bulk : {
  "took" : 70,
  "errors" :  ...
35: 242001 adresses traitées
adresse : bulk pour les ids de 5834013 à 5835012
bulk : {
  "took" : 93,
  "errors" :  ...
35: 243001 adresses traitées
adresse : bulk pour les ids de 5835013 à 5836012
bulk : {
  "took" : 71,
  "errors" :  ...
35: 244001 adresses traitées
adresse : bulk pour les ids de 5836013 à 5837012
bulk : {
  "took" : 91,
  "errors" :  ...
35: 245001 adresses traitées
adresse : bulk pour les ids de 5837013 à 5838012
bulk : {
  "took" : 85,
  "errors" :  ...
35: 246001 adresses traitées
adresse : bulk pour les ids de 5838013 à 5839012
bulk : {
  "took" : 70,
  "errors" :  ...
35: 247001 adresses traitées
adresse : bulk pour les ids de 5839013 à 5840012
bulk : {
  "took" : 84,
  "errors" :  ...
35: 248001 adresses traitées
adresse : bulk pour les ids de 5840013 à 5841012
bulk : {
  "took" : 73,
  "errors" :  ...
35: 249001 adresses traitées
35: 250001 adresses traitées
adresse : bulk pour les ids de 5841013 à 5842012
bulk : {
  "took" : 92,
  "errors" :  ...
35: 251001 adresses traitées
adresse : bulk pour les ids de 5842013 à 5843012
bulk : {
  "took" : 72,
  "errors" :  ...
35: 252001 adresses traitées
adresse : bulk pour les ids de 5843013 à 5844012
bulk : {
  "took" : 86,
  "errors" :  ...
35: 253001 adresses traitées
adresse : bulk pour les ids de 5844013 à 5845012
bulk : {
  "took" : 70,
  "errors" :  ...
35: 254001 adresses traitées
adresse : bulk pour les ids de 5845013 à 5846012
bulk : {
  "took" : 91,
  "errors" :  ...
35: 255001 adresses traitées
adresse : bulk pour les ids de 5846013 à 5847012
bulk : {
  "took" : 69,
  "errors" :  ...
35: 256001 adresses traitées
adresse : bulk pour les ids de 5847013 à 5848012
bulk : {
  "took" : 91,
  "errors" :  ...
35: 257001 adresses traitées
adresse : bulk pour les ids de 5848013 à 5849012
bulk : {
  "took" : 69,
  "errors" :  ...
35: 258001 adresses traitées
35: 259001 adresses traitées
adresse : bulk pour les ids de 5849013 à 5850012
bulk : {
  "took" : 88,
  "errors" :  ...
35: 260001 adresses traitées
adresse : bulk pour les ids de 5850013 à 5851012
bulk : {
  "took" : 70,
  "errors" :  ...
35: 261001 adresses traitées
adresse : bulk pour les ids de 5851013 à 5852012
bulk : {
  "took" : 94,
  "errors" :  ...
35: 262001 adresses traitées
adresse : bulk pour les ids de 5852013 à 5853012
bulk : {
  "took" : 72,
  "errors" :  ...
35: 263001 adresses traitées
adresse : bulk pour les ids de 5853013 à 5854012
bulk : {
  "took" : 84,
  "errors" :  ...
35: 264001 adresses traitées
adresse : bulk pour les ids de 5854013 à 5855012
bulk : {
  "took" : 68,
  "errors" :  ...
35: 265001 adresses traitées
adresse : bulk pour les ids de 5855013 à 5856012
bulk : {
  "took" : 91,
  "errors" :  ...
35: 266001 adresses traitées
adresse : bulk pour les ids de 5856013 à 5857012
bulk : {
  "took" : 68,
  "errors" :  ...
35: 267001 adresses traitées
adresse : bulk pour les ids de 5857013 à 5858012
bulk : {
  "took" : 88,
  "errors" :  ...
35: 268001 adresses traitées
adresse : bulk pour les ids de 5858013 à 5859012
bulk : {
  "took" : 68,
  "errors" :  ...
35: 269001 adresses traitées
adresse : bulk pour les ids de 5859013 à 5860012
bulk : {
  "took" : 87,
  "errors" :  ...
35: 270001 adresses traitées
adresse : bulk pour les ids de 5860013 à 5861012
bulk : {
  "took" : 69,
  "errors" :  ...
35: 271001 adresses traitées
adresse : bulk pour les ids de 5861013 à 5862012
bulk : {
  "took" : 95,
  "errors" :  ...
35: 272001 adresses traitées
adresse : bulk pour les ids de 5862013 à 5863012
bulk : {
  "took" : 69,
  "errors" :  ...
35: 273001 adresses traitées
35: 274001 adresses traitées
adresse : bulk pour les ids de 5863013 à 5864012
bulk : {
  "took" : 92,
  "errors" :  ...
35: 275001 adresses traitées
adresse : bulk pour les ids de 5864013 à 5865012
bulk : {
  "took" : 70,
  "errors" :  ...
35: 276001 adresses traitées
adresse : bulk pour les ids de 5865013 à 5866012
bulk : {
  "took" : 85,
  "errors" :  ...
35: 277001 adresses traitées
adresse : bulk pour les ids de 5866013 à 5867012
bulk : {
  "took" : 69,
  "errors" :  ...
35: 278001 adresses traitées
adresse : bulk pour les ids de 5867013 à 5868012
bulk : {
  "took" : 101,
  "errors" : ...
35: 279001 adresses traitées
adresse : bulk pour les ids de 5868013 à 5869012
bulk : {
  "took" : 88,
  "errors" :  ...
35: 280001 adresses traitées
adresse : bulk pour les ids de 5869013 à 5870012
bulk : {
  "took" : 73,
  "errors" :  ...
adresse : bulk pour les ids de 5870013 à 5870457
bulk : {
  "took" : 33,
  "errors" :  ...
dpt 36 : voies
36: 1 voies traitées
voie : bulk pour les ids de 451113 à 451312
bulk : {
  "took" : 13,
  "errors" :  ...
36: 201 voies traitées
voie : bulk pour les ids de 451313 à 451512
bulk : {
  "took" : 12,
  "errors" :  ...
36: 401 voies traitées
voie : bulk pour les ids de 451513 à 451712
bulk : {
  "took" : 32,
  "errors" :  ...
36: 601 voies traitées
voie : bulk pour les ids de 451713 à 451912
bulk : {
  "took" : 12,
  "errors" :  ...
36: 801 voies traitées
voie : bulk pour les ids de 451913 à 452112
bulk : {
  "took" : 11,
  "errors" :  ...
36: 1001 voies traitées
voie : bulk pour les ids de 452113 à 452312
bulk : {
  "took" : 11,
  "errors" :  ...
36: 1201 voies traitées
voie : bulk pour les ids de 452313 à 452512
bulk : {
  "took" : 160,
  "errors" : ...
36: 1401 voies traitées
voie : bulk pour les ids de 452513 à 452712
bulk : {
  "took" : 11,
  "errors" :  ...
36: 1601 voies traitées
voie : bulk pour les ids de 452713 à 452912
bulk : {
  "took" : 11,
  "errors" :  ...
36: 1801 voies traitées
voie : bulk pour les ids de 452913 à 453112
bulk : {
  "took" : 13,
  "errors" :  ...
36: 2001 voies traitées
voie : bulk pour les ids de 453113 à 453312
bulk : {
  "took" : 12,
  "errors" :  ...
36: 2201 voies traitées
voie : bulk pour les ids de 453313 à 453512
bulk : {
  "took" : 11,
  "errors" :  ...
36: 2401 voies traitées
voie : bulk pour les ids de 453513 à 453712
bulk : {
  "took" : 35,
  "errors" :  ...
36: 2601 voies traitées
voie : bulk pour les ids de 453713 à 453912
bulk : {
  "took" : 11,
  "errors" :  ...
36: 2801 voies traitées
voie : bulk pour les ids de 453913 à 454112
bulk : {
  "took" : 11,
  "errors" :  ...
36: 3001 voies traitées
voie : bulk pour les ids de 454113 à 454312
bulk : {
  "took" : 12,
  "errors" :  ...
36: 3201 voies traitées
voie : bulk pour les ids de 454313 à 454512
bulk : {
  "took" : 11,
  "errors" :  ...
36: 3401 voies traitées
voie : bulk pour les ids de 454513 à 454712
bulk : {
  "took" : 11,
  "errors" :  ...
36: 3601 voies traitées
voie : bulk pour les ids de 454713 à 454912
bulk : {
  "took" : 16,
  "errors" :  ...
36: 3801 voies traitées
voie : bulk pour les ids de 454913 à 455112
bulk : {
  "took" : 22,
  "errors" :  ...
36: 4001 voies traitées
voie : bulk pour les ids de 455113 à 455312
bulk : {
  "took" : 12,
  "errors" :  ...
36: 4201 voies traitées
voie : bulk pour les ids de 455313 à 455512
bulk : {
  "took" : 12,
  "errors" :  ...
36: 4401 voies traitées
voie : bulk pour les ids de 455513 à 455712
bulk : {
  "took" : 32,
  "errors" :  ...
36: 4601 voies traitées
voie : bulk pour les ids de 455713 à 455912
bulk : {
  "took" : 11,
  "errors" :  ...
36: 4801 voies traitées
voie : bulk pour les ids de 455913 à 456112
bulk : {
  "took" : 12,
  "errors" :  ...
36: 5001 voies traitées
voie : bulk pour les ids de 456113 à 456312
bulk : {
  "took" : 12,
  "errors" :  ...
36: 5201 voies traitées
voie : bulk pour les ids de 456313 à 456512
bulk : {
  "took" : 12,
  "errors" :  ...
36: 5401 voies traitées
voie : bulk pour les ids de 456513 à 456712
bulk : {
  "took" : 12,
  "errors" :  ...
36: 5601 voies traitées
voie : bulk pour les ids de 456713 à 456912
bulk : {
  "took" : 13,
  "errors" :  ...
36: 5801 voies traitées
voie : bulk pour les ids de 456913 à 457112
bulk : {
  "took" : 11,
  "errors" :  ...
36: 6001 voies traitées
voie : bulk pour les ids de 457113 à 457312
bulk : {
  "took" : 13,
  "errors" :  ...
36: 6201 voies traitées
voie : bulk pour les ids de 457313 à 457512
bulk : {
  "took" : 20,
  "errors" :  ...
36: 6401 voies traitées
voie : bulk pour les ids de 457513 à 457639
bulk : {
  "took" : 8,
  "errors" : f ...
dpt 36 : adresses
36: 1 adresses traitées
36: 1001 adresses traitées
adresse : bulk pour les ids de 5870458 à 5871457
bulk : {
  "took" : 90,
  "errors" :  ...
36: 2001 adresses traitées
adresse : bulk pour les ids de 5871458 à 5872457
bulk : {
  "took" : 86,
  "errors" :  ...
36: 3001 adresses traitées
adresse : bulk pour les ids de 5872458 à 5873457
bulk : {
  "took" : 72,
  "errors" :  ...
36: 4001 adresses traitées
adresse : bulk pour les ids de 5873458 à 5874457
bulk : {
  "took" : 100,
  "errors" : ...
36: 5001 adresses traitées
adresse : bulk pour les ids de 5874458 à 5875457
bulk : {
  "took" : 69,
  "errors" :  ...
36: 6001 adresses traitées
adresse : bulk pour les ids de 5875458 à 5876457
bulk : {
  "took" : 105,
  "errors" : ...
36: 7001 adresses traitées
adresse : bulk pour les ids de 5876458 à 5877457
bulk : {
  "took" : 72,
  "errors" :  ...
36: 8001 adresses traitées
adresse : bulk pour les ids de 5877458 à 5878457
bulk : {
  "took" : 85,
  "errors" :  ...
36: 9001 adresses traitées
36: 10001 adresses traitées
adresse : bulk pour les ids de 5878458 à 5879457
bulk : {
  "took" : 101,
  "errors" : ...
36: 11001 adresses traitées
adresse : bulk pour les ids de 5879458 à 5880457
bulk : {
  "took" : 70,
  "errors" :  ...
36: 12001 adresses traitées
adresse : bulk pour les ids de 5880458 à 5881457
bulk : {
  "took" : 73,
  "errors" :  ...
36: 13001 adresses traitées
adresse : bulk pour les ids de 5881458 à 5882457
bulk : {
  "took" : 103,
  "errors" : ...
36: 14001 adresses traitées
adresse : bulk pour les ids de 5882458 à 5883457
bulk : {
  "took" : 110,
  "errors" : ...
36: 15001 adresses traitées
adresse : bulk pour les ids de 5883458 à 5884457
bulk : {
  "took" : 88,
  "errors" :  ...
36: 16001 adresses traitées
36: 17001 adresses traitées
adresse : bulk pour les ids de 5884458 à 5885457
bulk : {
  "took" : 67,
  "errors" :  ...
36: 18001 adresses traitées
adresse : bulk pour les ids de 5885458 à 5886457
bulk : {
  "took" : 100,
  "errors" : ...
36: 19001 adresses traitées
adresse : bulk pour les ids de 5886458 à 5887457
bulk : {
  "took" : 69,
  "errors" :  ...
36: 20001 adresses traitées
adresse : bulk pour les ids de 5887458 à 5888457
bulk : {
  "took" : 83,
  "errors" :  ...
36: 21001 adresses traitées
adresse : bulk pour les ids de 5888458 à 5889457
bulk : {
  "took" : 85,
  "errors" :  ...
36: 22001 adresses traitées
adresse : bulk pour les ids de 5889458 à 5890457
bulk : {
  "took" : 99,
  "errors" :  ...
36: 23001 adresses traitées
adresse : bulk pour les ids de 5890458 à 5891457
bulk : {
  "took" : 70,
  "errors" :  ...
36: 24001 adresses traitées
adresse : bulk pour les ids de 5891458 à 5892457
bulk : {
  "took" : 82,
  "errors" :  ...
36: 25001 adresses traitées
adresse : bulk pour les ids de 5892458 à 5893457
bulk : {
  "took" : 67,
  "errors" :  ...
36: 26001 adresses traitées
adresse : bulk pour les ids de 5893458 à 5894457
bulk : {
  "took" : 108,
  "errors" : ...
36: 27001 adresses traitées
adresse : bulk pour les ids de 5894458 à 5895457
bulk : {
  "took" : 68,
  "errors" :  ...
36: 28001 adresses traitées
36: 29001 adresses traitées
adresse : bulk pour les ids de 5895458 à 5896457
bulk : {
  "took" : 105,
  "errors" : ...
36: 30001 adresses traitées
adresse : bulk pour les ids de 5896458 à 5897457
bulk : {
  "took" : 88,
  "errors" :  ...
36: 31001 adresses traitées
adresse : bulk pour les ids de 5897458 à 5898457
bulk : {
  "took" : 100,
  "errors" : ...
36: 32001 adresses traitées
adresse : bulk pour les ids de 5898458 à 5899457
bulk : {
  "took" : 85,
  "errors" :  ...
36: 33001 adresses traitées
adresse : bulk pour les ids de 5899458 à 5900457
bulk : {
  "took" : 84,
  "errors" :  ...
36: 34001 adresses traitées
adresse : bulk pour les ids de 5900458 à 5901457
bulk : {
  "took" : 68,
  "errors" :  ...
36: 35001 adresses traitées
adresse : bulk pour les ids de 5901458 à 5902457
bulk : {
  "took" : 87,
  "errors" :  ...
36: 36001 adresses traitées
adresse : bulk pour les ids de 5902458 à 5903457
bulk : {
  "took" : 81,
  "errors" :  ...
36: 37001 adresses traitées
adresse : bulk pour les ids de 5903458 à 5904457
bulk : {
  "took" : 85,
  "errors" :  ...
36: 38001 adresses traitées
adresse : bulk pour les ids de 5904458 à 5905457
bulk : {
  "took" : 66,
  "errors" :  ...
36: 39001 adresses traitées
adresse : bulk pour les ids de 5905458 à 5906457
bulk : {
  "took" : 99,
  "errors" :  ...
36: 40001 adresses traitées
adresse : bulk pour les ids de 5906458 à 5907457
bulk : {
  "took" : 68,
  "errors" :  ...
36: 41001 adresses traitées
adresse : bulk pour les ids de 5907458 à 5908457
bulk : {
  "took" : 97,
  "errors" :  ...
36: 42001 adresses traitées
36: 43001 adresses traitées
adresse : bulk pour les ids de 5908458 à 5909457
bulk : {
  "took" : 81,
  "errors" :  ...
36: 44001 adresses traitées
adresse : bulk pour les ids de 5909458 à 5910457
bulk : {
  "took" : 81,
  "errors" :  ...
36: 45001 adresses traitées
adresse : bulk pour les ids de 5910458 à 5911457
bulk : {
  "took" : 85,
  "errors" :  ...
36: 46001 adresses traitées
adresse : bulk pour les ids de 5911458 à 5912457
bulk : {
  "took" : 80,
  "errors" :  ...
36: 47001 adresses traitées
adresse : bulk pour les ids de 5912458 à 5913457
bulk : {
  "took" : 82,
  "errors" :  ...
36: 48001 adresses traitées
adresse : bulk pour les ids de 5913458 à 5914457
bulk : {
  "took" : 82,
  "errors" :  ...
36: 49001 adresses traitées
adresse : bulk pour les ids de 5914458 à 5915457
bulk : {
  "took" : 68,
  "errors" :  ...
36: 50001 adresses traitées
adresse : bulk pour les ids de 5915458 à 5916457
bulk : {
  "took" : 97,
  "errors" :  ...
36: 51001 adresses traitées
adresse : bulk pour les ids de 5916458 à 5917457
bulk : {
  "took" : 88,
  "errors" :  ...
36: 52001 adresses traitées
adresse : bulk pour les ids de 5917458 à 5918457
bulk : {
  "took" : 283,
  "errors" : ...
36: 53001 adresses traitées
adresse : bulk pour les ids de 5918458 à 5919457
bulk : {
  "took" : 68,
  "errors" :  ...
36: 54001 adresses traitées
adresse : bulk pour les ids de 5919458 à 5920457
bulk : {
  "took" : 103,
  "errors" : ...
36: 55001 adresses traitées
adresse : bulk pour les ids de 5920458 à 5921457
bulk : {
  "took" : 66,
  "errors" :  ...
36: 56001 adresses traitées
adresse : bulk pour les ids de 5921458 à 5922457
bulk : {
  "took" : 97,
  "errors" :  ...
36: 57001 adresses traitées
adresse : bulk pour les ids de 5922458 à 5923457
bulk : {
  "took" : 80,
  "errors" :  ...
36: 58001 adresses traitées
adresse : bulk pour les ids de 5923458 à 5924457
bulk : {
  "took" : 82,
  "errors" :  ...
36: 59001 adresses traitées
adresse : bulk pour les ids de 5924458 à 5925457
bulk : {
  "took" : 87,
  "errors" :  ...
36: 60001 adresses traitées
36: 61001 adresses traitées
adresse : bulk pour les ids de 5925458 à 5926457
bulk : {
  "took" : 96,
  "errors" :  ...
36: 62001 adresses traitées
adresse : bulk pour les ids de 5926458 à 5927457
bulk : {
  "took" : 68,
  "errors" :  ...
36: 63001 adresses traitées
adresse : bulk pour les ids de 5927458 à 5928457
bulk : {
  "took" : 105,
  "errors" : ...
36: 64001 adresses traitées
adresse : bulk pour les ids de 5928458 à 5929457
bulk : {
  "took" : 67,
  "errors" :  ...
36: 65001 adresses traitées
adresse : bulk pour les ids de 5929458 à 5930457
bulk : {
  "took" : 107,
  "errors" : ...
36: 66001 adresses traitées
adresse : bulk pour les ids de 5930458 à 5931457
bulk : {
  "took" : 67,
  "errors" :  ...
36: 67001 adresses traitées
adresse : bulk pour les ids de 5931458 à 5932457
bulk : {
  "took" : 102,
  "errors" : ...
36: 68001 adresses traitées
adresse : bulk pour les ids de 5932458 à 5933457
bulk : {
  "took" : 72,
  "errors" :  ...
36: 69001 adresses traitées
adresse : bulk pour les ids de 5933458 à 5934457
bulk : {
  "took" : 103,
  "errors" : ...
36: 70001 adresses traitées
36: 71001 adresses traitées
adresse : bulk pour les ids de 5934458 à 5935457
bulk : {
  "took" : 68,
  "errors" :  ...
36: 72001 adresses traitées
adresse : bulk pour les ids de 5935458 à 5936457
bulk : {
  "took" : 106,
  "errors" : ...
36: 73001 adresses traitées
adresse : bulk pour les ids de 5936458 à 5937457
bulk : {
  "took" : 86,
  "errors" :  ...
36: 74001 adresses traitées
adresse : bulk pour les ids de 5937458 à 5938457
bulk : {
  "took" : 100,
  "errors" : ...
36: 75001 adresses traitées
adresse : bulk pour les ids de 5938458 à 5939457
bulk : {
  "took" : 87,
  "errors" :  ...
36: 76001 adresses traitées
adresse : bulk pour les ids de 5939458 à 5940457
bulk : {
  "took" : 82,
  "errors" :  ...
36: 77001 adresses traitées
adresse : bulk pour les ids de 5940458 à 5941457
bulk : {
  "took" : 68,
  "errors" :  ...
36: 78001 adresses traitées
adresse : bulk pour les ids de 5941458 à 5942457
bulk : {
  "took" : 103,
  "errors" : ...
36: 79001 adresses traitées
adresse : bulk pour les ids de 5942458 à 5943457
bulk : {
  "took" : 69,
  "errors" :  ...
36: 80001 adresses traitées
36: 81001 adresses traitées
adresse : bulk pour les ids de 5943458 à 5944457
bulk : {
  "took" : 91,
  "errors" :  ...
36: 82001 adresses traitées
adresse : bulk pour les ids de 5944458 à 5945457
bulk : {
  "took" : 71,
  "errors" :  ...
36: 83001 adresses traitées
adresse : bulk pour les ids de 5945458 à 5946457
bulk : {
  "took" : 80,
  "errors" :  ...
36: 84001 adresses traitées
adresse : bulk pour les ids de 5946458 à 5947457
bulk : {
  "took" : 104,
  "errors" : ...
36: 85001 adresses traitées
adresse : bulk pour les ids de 5947458 à 5948457
bulk : {
  "took" : 69,
  "errors" :  ...
36: 86001 adresses traitées
adresse : bulk pour les ids de 5948458 à 5949457
bulk : {
  "took" : 93,
  "errors" :  ...
36: 87001 adresses traitées
adresse : bulk pour les ids de 5949458 à 5950457
bulk : {
  "took" : 82,
  "errors" :  ...
36: 88001 adresses traitées
adresse : bulk pour les ids de 5950458 à 5951457
bulk : {
  "took" : 76,
  "errors" :  ...
36: 89001 adresses traitées
adresse : bulk pour les ids de 5951458 à 5952457
bulk : {
  "took" : 94,
  "errors" :  ...
36: 90001 adresses traitées
adresse : bulk pour les ids de 5952458 à 5953457
bulk : {
  "took" : 76,
  "errors" :  ...
36: 91001 adresses traitées
adresse : bulk pour les ids de 5953458 à 5954457
bulk : {
  "took" : 85,
  "errors" :  ...
36: 92001 adresses traitées
36: 93001 adresses traitées
adresse : bulk pour les ids de 5954458 à 5955457
bulk : {
  "took" : 95,
  "errors" :  ...
36: 94001 adresses traitées
adresse : bulk pour les ids de 5955458 à 5956457
bulk : {
  "took" : 75,
  "errors" :  ...
36: 95001 adresses traitées
adresse : bulk pour les ids de 5956458 à 5957457
bulk : {
  "took" : 94,
  "errors" :  ...
36: 96001 adresses traitées
adresse : bulk pour les ids de 5957458 à 5958457
bulk : {
  "took" : 68,
  "errors" :  ...
36: 97001 adresses traitées
adresse : bulk pour les ids de 5958458 à 5959457
bulk : {
  "took" : 87,
  "errors" :  ...
36: 98001 adresses traitées
36: 99001 adresses traitées
adresse : bulk pour les ids de 5959458 à 5960457
bulk : {
  "took" : 90,
  "errors" :  ...
36: 100001 adresses traitées
adresse : bulk pour les ids de 5960458 à 5961457
bulk : {
  "took" : 98,
  "errors" :  ...
36: 101001 adresses traitées
adresse : bulk pour les ids de 5961458 à 5962457
bulk : {
  "took" : 69,
  "errors" :  ...
36: 102001 adresses traitées
adresse : bulk pour les ids de 5962458 à 5963457
bulk : {
  "took" : 99,
  "errors" :  ...
36: 103001 adresses traitées
adresse : bulk pour les ids de 5963458 à 5964212
bulk : {
  "took" : 53,
  "errors" :  ...
dpt 37 : voies
37: 1 voies traitées
voie : bulk pour les ids de 457640 à 457839
bulk : {
  "took" : 13,
  "errors" :  ...
37: 201 voies traitées
voie : bulk pour les ids de 457840 à 458039
bulk : {
  "took" : 11,
  "errors" :  ...
37: 401 voies traitées
voie : bulk pour les ids de 458040 à 458239
bulk : {
  "took" : 12,
  "errors" :  ...
37: 601 voies traitées
voie : bulk pour les ids de 458240 à 458439
bulk : {
  "took" : 37,
  "errors" :  ...
37: 801 voies traitées
voie : bulk pour les ids de 458440 à 458639
bulk : {
  "took" : 16,
  "errors" :  ...
37: 1001 voies traitées
voie : bulk pour les ids de 458640 à 458839
bulk : {
  "took" : 21,
  "errors" :  ...
37: 1201 voies traitées
voie : bulk pour les ids de 458840 à 459039
bulk : {
  "took" : 12,
  "errors" :  ...
37: 1401 voies traitées
voie : bulk pour les ids de 459040 à 459239
bulk : {
  "took" : 12,
  "errors" :  ...
37: 1601 voies traitées
voie : bulk pour les ids de 459240 à 459439
bulk : {
  "took" : 12,
  "errors" :  ...
37: 1801 voies traitées
voie : bulk pour les ids de 459440 à 459639
bulk : {
  "took" : 12,
  "errors" :  ...
37: 2001 voies traitées
voie : bulk pour les ids de 459640 à 459839
bulk : {
  "took" : 13,
  "errors" :  ...
37: 2201 voies traitées
voie : bulk pour les ids de 459840 à 460039
bulk : {
  "took" : 13,
  "errors" :  ...
37: 2401 voies traitées
voie : bulk pour les ids de 460040 à 460239
bulk : {
  "took" : 12,
  "errors" :  ...
37: 2601 voies traitées
voie : bulk pour les ids de 460240 à 460439
bulk : {
  "took" : 35,
  "errors" :  ...
37: 2801 voies traitées
voie : bulk pour les ids de 460440 à 460639
bulk : {
  "took" : 12,
  "errors" :  ...
37: 3001 voies traitées
voie : bulk pour les ids de 460640 à 460839
bulk : {
  "took" : 11,
  "errors" :  ...
37: 3201 voies traitées
voie : bulk pour les ids de 460840 à 461039
bulk : {
  "took" : 11,
  "errors" :  ...
37: 3401 voies traitées
voie : bulk pour les ids de 461040 à 461239
bulk : {
  "took" : 12,
  "errors" :  ...
37: 3601 voies traitées
voie : bulk pour les ids de 461240 à 461439
bulk : {
  "took" : 12,
  "errors" :  ...
37: 3801 voies traitées
voie : bulk pour les ids de 461440 à 461639
bulk : {
  "took" : 12,
  "errors" :  ...
37: 4001 voies traitées
voie : bulk pour les ids de 461640 à 461839
bulk : {
  "took" : 12,
  "errors" :  ...
37: 4201 voies traitées
voie : bulk pour les ids de 461840 à 462039
bulk : {
  "took" : 13,
  "errors" :  ...
37: 4401 voies traitées
voie : bulk pour les ids de 462040 à 462239
bulk : {
  "took" : 12,
  "errors" :  ...
37: 4601 voies traitées
voie : bulk pour les ids de 462240 à 462439
bulk : {
  "took" : 55,
  "errors" :  ...
37: 4801 voies traitées
voie : bulk pour les ids de 462440 à 462639
bulk : {
  "took" : 11,
  "errors" :  ...
37: 5001 voies traitées
voie : bulk pour les ids de 462640 à 462839
bulk : {
  "took" : 12,
  "errors" :  ...
37: 5201 voies traitées
voie : bulk pour les ids de 462840 à 463039
bulk : {
  "took" : 12,
  "errors" :  ...
37: 5401 voies traitées
voie : bulk pour les ids de 463040 à 463239
bulk : {
  "took" : 12,
  "errors" :  ...
37: 5601 voies traitées
voie : bulk pour les ids de 463240 à 463439
bulk : {
  "took" : 12,
  "errors" :  ...
37: 5801 voies traitées
voie : bulk pour les ids de 463440 à 463639
bulk : {
  "took" : 12,
  "errors" :  ...
37: 6001 voies traitées
voie : bulk pour les ids de 463640 à 463839
bulk : {
  "took" : 12,
  "errors" :  ...
37: 6201 voies traitées
voie : bulk pour les ids de 463840 à 464039
bulk : {
  "took" : 11,
  "errors" :  ...
37: 6401 voies traitées
voie : bulk pour les ids de 464040 à 464239
bulk : {
  "took" : 12,
  "errors" :  ...
37: 6601 voies traitées
voie : bulk pour les ids de 464240 à 464439
bulk : {
  "took" : 27,
  "errors" :  ...
37: 6801 voies traitées
voie : bulk pour les ids de 464440 à 464639
bulk : {
  "took" : 11,
  "errors" :  ...
37: 7001 voies traitées
voie : bulk pour les ids de 464640 à 464839
bulk : {
  "took" : 12,
  "errors" :  ...
37: 7201 voies traitées
voie : bulk pour les ids de 464840 à 465039
bulk : {
  "took" : 12,
  "errors" :  ...
37: 7401 voies traitées
voie : bulk pour les ids de 465040 à 465239
bulk : {
  "took" : 11,
  "errors" :  ...
37: 7601 voies traitées
voie : bulk pour les ids de 465240 à 465439
bulk : {
  "took" : 11,
  "errors" :  ...
37: 7801 voies traitées
voie : bulk pour les ids de 465440 à 465639
bulk : {
  "took" : 12,
  "errors" :  ...
37: 8001 voies traitées
voie : bulk pour les ids de 465640 à 465839
bulk : {
  "took" : 12,
  "errors" :  ...
37: 8201 voies traitées
voie : bulk pour les ids de 465840 à 466039
bulk : {
  "took" : 12,
  "errors" :  ...
37: 8401 voies traitées
voie : bulk pour les ids de 466040 à 466239
bulk : {
  "took" : 45,
  "errors" :  ...
37: 8601 voies traitées
voie : bulk pour les ids de 466240 à 466439
bulk : {
  "took" : 12,
  "errors" :  ...
37: 8801 voies traitées
voie : bulk pour les ids de 466440 à 466639
bulk : {
  "took" : 12,
  "errors" :  ...
37: 9001 voies traitées
voie : bulk pour les ids de 466640 à 466839
bulk : {
  "took" : 11,
  "errors" :  ...
37: 9201 voies traitées
voie : bulk pour les ids de 466840 à 467039
bulk : {
  "took" : 12,
  "errors" :  ...
37: 9401 voies traitées
voie : bulk pour les ids de 467040 à 467239
bulk : {
  "took" : 12,
  "errors" :  ...
37: 9601 voies traitées
voie : bulk pour les ids de 467240 à 467439
bulk : {
  "took" : 12,
  "errors" :  ...
37: 9801 voies traitées
voie : bulk pour les ids de 467440 à 467639
bulk : {
  "took" : 12,
  "errors" :  ...
37: 10001 voies traitées
voie : bulk pour les ids de 467640 à 467839
bulk : {
  "took" : 13,
  "errors" :  ...
37: 10201 voies traitées
voie : bulk pour les ids de 467840 à 468039
bulk : {
  "took" : 12,
  "errors" :  ...
37: 10401 voies traitées
voie : bulk pour les ids de 468040 à 468239
bulk : {
  "took" : 13,
  "errors" :  ...
37: 10601 voies traitées
voie : bulk pour les ids de 468240 à 468439
bulk : {
  "took" : 32,
  "errors" :  ...
37: 10801 voies traitées
voie : bulk pour les ids de 468440 à 468639
bulk : {
  "took" : 14,
  "errors" :  ...
37: 11001 voies traitées
voie : bulk pour les ids de 468640 à 468839
bulk : {
  "took" : 12,
  "errors" :  ...
37: 11201 voies traitées
voie : bulk pour les ids de 468840 à 469039
bulk : {
  "took" : 13,
  "errors" :  ...
37: 11401 voies traitées
voie : bulk pour les ids de 469040 à 469239
bulk : {
  "took" : 12,
  "errors" :  ...
37: 11601 voies traitées
voie : bulk pour les ids de 469240 à 469439
bulk : {
  "took" : 12,
  "errors" :  ...
37: 11801 voies traitées
voie : bulk pour les ids de 469440 à 469639
bulk : {
  "took" : 11,
  "errors" :  ...
37: 12001 voies traitées
voie : bulk pour les ids de 469640 à 469839
bulk : {
  "took" : 30,
  "errors" :  ...
37: 12201 voies traitées
voie : bulk pour les ids de 469840 à 470039
bulk : {
  "took" : 12,
  "errors" :  ...
37: 12401 voies traitées
voie : bulk pour les ids de 470040 à 470239
bulk : {
  "took" : 32,
  "errors" :  ...
37: 12601 voies traitées
voie : bulk pour les ids de 470240 à 470439
bulk : {
  "took" : 11,
  "errors" :  ...
37: 12801 voies traitées
voie : bulk pour les ids de 470440 à 470639
bulk : {
  "took" : 12,
  "errors" :  ...
37: 13001 voies traitées
voie : bulk pour les ids de 470640 à 470839
bulk : {
  "took" : 12,
  "errors" :  ...
37: 13201 voies traitées
voie : bulk pour les ids de 470840 à 471039
bulk : {
  "took" : 12,
  "errors" :  ...
37: 13401 voies traitées
voie : bulk pour les ids de 471040 à 471239
bulk : {
  "took" : 12,
  "errors" :  ...
37: 13601 voies traitées
voie : bulk pour les ids de 471240 à 471351
bulk : {
  "took" : 7,
  "errors" : f ...
dpt 37 : adresses
37: 1 adresses traitées
37: 1001 adresses traitées
adresse : bulk pour les ids de 5964213 à 5965212
bulk : {
  "took" : 108,
  "errors" : ...
37: 2001 adresses traitées
adresse : bulk pour les ids de 5965213 à 5966212
bulk : {
  "took" : 69,
  "errors" :  ...
37: 3001 adresses traitées
adresse : bulk pour les ids de 5966213 à 5967212
bulk : {
  "took" : 102,
  "errors" : ...
37: 4001 adresses traitées
adresse : bulk pour les ids de 5967213 à 5968212
bulk : {
  "took" : 87,
  "errors" :  ...
37: 5001 adresses traitées
adresse : bulk pour les ids de 5968213 à 5969212
bulk : {
  "took" : 81,
  "errors" :  ...
37: 6001 adresses traitées
adresse : bulk pour les ids de 5969213 à 5970212
bulk : {
  "took" : 87,
  "errors" :  ...
37: 7001 adresses traitées
adresse : bulk pour les ids de 5970213 à 5971212
bulk : {
  "took" : 102,
  "errors" : ...
37: 8001 adresses traitées
adresse : bulk pour les ids de 5971213 à 5972212
bulk : {
  "took" : 68,
  "errors" :  ...
37: 9001 adresses traitées
adresse : bulk pour les ids de 5972213 à 5973212
bulk : {
  "took" : 102,
  "errors" : ...
37: 10001 adresses traitées
adresse : bulk pour les ids de 5973213 à 5974212
bulk : {
  "took" : 67,
  "errors" :  ...
37: 11001 adresses traitées
adresse : bulk pour les ids de 5974213 à 5975212
bulk : {
  "took" : 93,
  "errors" :  ...
37: 12001 adresses traitées
adresse : bulk pour les ids de 5975213 à 5976212
bulk : {
  "took" : 91,
  "errors" :  ...
37: 13001 adresses traitées
adresse : bulk pour les ids de 5976213 à 5977212
bulk : {
  "took" : 91,
  "errors" :  ...
37: 14001 adresses traitées
adresse : bulk pour les ids de 5977213 à 5978212
bulk : {
  "took" : 66,
  "errors" :  ...
37: 15001 adresses traitées
adresse : bulk pour les ids de 5978213 à 5979212
bulk : {
  "took" : 94,
  "errors" :  ...
37: 16001 adresses traitées
adresse : bulk pour les ids de 5979213 à 5980212
bulk : {
  "took" : 66,
  "errors" :  ...
37: 17001 adresses traitées
adresse : bulk pour les ids de 5980213 à 5981212
bulk : {
  "took" : 104,
  "errors" : ...
37: 18001 adresses traitées
37: 19001 adresses traitées
adresse : bulk pour les ids de 5981213 à 5982212
bulk : {
  "took" : 67,
  "errors" :  ...
37: 20001 adresses traitées
adresse : bulk pour les ids de 5982213 à 5983212
bulk : {
  "took" : 104,
  "errors" : ...
37: 21001 adresses traitées
adresse : bulk pour les ids de 5983213 à 5984212
bulk : {
  "took" : 82,
  "errors" :  ...
37: 22001 adresses traitées
adresse : bulk pour les ids de 5984213 à 5985212
bulk : {
  "took" : 82,
  "errors" :  ...
37: 23001 adresses traitées
adresse : bulk pour les ids de 5985213 à 5986212
bulk : {
  "took" : 94,
  "errors" :  ...
37: 24001 adresses traitées
adresse : bulk pour les ids de 5986213 à 5987212
bulk : {
  "took" : 98,
  "errors" :  ...
37: 25001 adresses traitées
adresse : bulk pour les ids de 5987213 à 5988212
bulk : {
  "took" : 73,
  "errors" :  ...
37: 26001 adresses traitées
adresse : bulk pour les ids de 5988213 à 5989212
bulk : {
  "took" : 104,
  "errors" : ...
37: 27001 adresses traitées
adresse : bulk pour les ids de 5989213 à 5990212
bulk : {
  "took" : 90,
  "errors" :  ...
37: 28001 adresses traitées
adresse : bulk pour les ids de 5990213 à 5991212
bulk : {
  "took" : 81,
  "errors" :  ...
37: 29001 adresses traitées
adresse : bulk pour les ids de 5991213 à 5992212
bulk : {
  "took" : 82,
  "errors" :  ...
37: 30001 adresses traitées
adresse : bulk pour les ids de 5992213 à 5993212
bulk : {
  "took" : 81,
  "errors" :  ...
37: 31001 adresses traitées
adresse : bulk pour les ids de 5993213 à 5994212
bulk : {
  "took" : 65,
  "errors" :  ...
37: 32001 adresses traitées
adresse : bulk pour les ids de 5994213 à 5995212
bulk : {
  "took" : 106,
  "errors" : ...
37: 33001 adresses traitées
adresse : bulk pour les ids de 5995213 à 5996212
bulk : {
  "took" : 84,
  "errors" :  ...
37: 34001 adresses traitées
adresse : bulk pour les ids de 5996213 à 5997212
bulk : {
  "took" : 83,
  "errors" :  ...
37: 35001 adresses traitées
adresse : bulk pour les ids de 5997213 à 5998212
bulk : {
  "took" : 89,
  "errors" :  ...
37: 36001 adresses traitées
adresse : bulk pour les ids de 5998213 à 5999212
bulk : {
  "took" : 81,
  "errors" :  ...
37: 37001 adresses traitées
adresse : bulk pour les ids de 5999213 à 6000212
bulk : {
  "took" : 89,
  "errors" :  ...
37: 38001 adresses traitées
adresse : bulk pour les ids de 6000213 à 6001212
bulk : {
  "took" : 83,
  "errors" :  ...
37: 39001 adresses traitées
adresse : bulk pour les ids de 6001213 à 6002212
bulk : {
  "took" : 80,
  "errors" :  ...
37: 40001 adresses traitées
adresse : bulk pour les ids de 6002213 à 6003212
bulk : {
  "took" : 98,
  "errors" :  ...
37: 41001 adresses traitées
37: 42001 adresses traitées
adresse : bulk pour les ids de 6003213 à 6004212
bulk : {
  "took" : 66,
  "errors" :  ...
37: 43001 adresses traitées
adresse : bulk pour les ids de 6004213 à 6005212
bulk : {
  "took" : 98,
  "errors" :  ...
37: 44001 adresses traitées
adresse : bulk pour les ids de 6005213 à 6006212
bulk : {
  "took" : 88,
  "errors" :  ...
37: 45001 adresses traitées
adresse : bulk pour les ids de 6006213 à 6007212
bulk : {
  "took" : 86,
  "errors" :  ...
37: 46001 adresses traitées
adresse : bulk pour les ids de 6007213 à 6008212
bulk : {
  "took" : 77,
  "errors" :  ...
37: 47001 adresses traitées
adresse : bulk pour les ids de 6008213 à 6009212
bulk : {
  "took" : 102,
  "errors" : ...
37: 48001 adresses traitées
adresse : bulk pour les ids de 6009213 à 6010212
bulk : {
  "took" : 67,
  "errors" :  ...
37: 49001 adresses traitées
adresse : bulk pour les ids de 6010213 à 6011212
bulk : {
  "took" : 98,
  "errors" :  ...
37: 50001 adresses traitées
adresse : bulk pour les ids de 6011213 à 6012212
bulk : {
  "took" : 82,
  "errors" :  ...
37: 51001 adresses traitées
adresse : bulk pour les ids de 6012213 à 6013212
bulk : {
  "took" : 97,
  "errors" :  ...
37: 52001 adresses traitées
adresse : bulk pour les ids de 6013213 à 6014212
bulk : {
  "took" : 81,
  "errors" :  ...
37: 53001 adresses traitées
adresse : bulk pour les ids de 6014213 à 6015212
bulk : {
  "took" : 80,
  "errors" :  ...
37: 54001 adresses traitées
adresse : bulk pour les ids de 6015213 à 6016212
bulk : {
  "took" : 87,
  "errors" :  ...
37: 55001 adresses traitées
adresse : bulk pour les ids de 6016213 à 6017212
bulk : {
  "took" : 84,
  "errors" :  ...
37: 56001 adresses traitées
adresse : bulk pour les ids de 6017213 à 6018212
bulk : {
  "took" : 81,
  "errors" :  ...
37: 57001 adresses traitées
adresse : bulk pour les ids de 6018213 à 6019212
bulk : {
  "took" : 80,
  "errors" :  ...
37: 58001 adresses traitées
adresse : bulk pour les ids de 6019213 à 6020212
bulk : {
  "took" : 86,
  "errors" :  ...
37: 59001 adresses traitées
adresse : bulk pour les ids de 6020213 à 6021212
bulk : {
  "took" : 105,
  "errors" : ...
37: 60001 adresses traitées
adresse : bulk pour les ids de 6021213 à 6022212
bulk : {
  "took" : 65,
  "errors" :  ...
37: 61001 adresses traitées
adresse : bulk pour les ids de 6022213 à 6023212
bulk : {
  "took" : 96,
  "errors" :  ...
37: 62001 adresses traitées
adresse : bulk pour les ids de 6023213 à 6024212
bulk : {
  "took" : 89,
  "errors" :  ...
37: 63001 adresses traitées
adresse : bulk pour les ids de 6024213 à 6025212
bulk : {
  "took" : 82,
  "errors" :  ...
37: 64001 adresses traitées
adresse : bulk pour les ids de 6025213 à 6026212
bulk : {
  "took" : 63,
  "errors" :  ...
37: 65001 adresses traitées
adresse : bulk pour les ids de 6026213 à 6027212
bulk : {
  "took" : 96,
  "errors" :  ...
37: 66001 adresses traitées
adresse : bulk pour les ids de 6027213 à 6028212
bulk : {
  "took" : 63,
  "errors" :  ...
37: 67001 adresses traitées
adresse : bulk pour les ids de 6028213 à 6029212
bulk : {
  "took" : 100,
  "errors" : ...
37: 68001 adresses traitées
adresse : bulk pour les ids de 6029213 à 6030212
bulk : {
  "took" : 87,
  "errors" :  ...
37: 69001 adresses traitées
adresse : bulk pour les ids de 6030213 à 6031212
bulk : {
  "took" : 85,
  "errors" :  ...
37: 70001 adresses traitées
adresse : bulk pour les ids de 6031213 à 6032212
bulk : {
  "took" : 94,
  "errors" :  ...
37: 71001 adresses traitées
adresse : bulk pour les ids de 6032213 à 6033212
bulk : {
  "took" : 87,
  "errors" :  ...
37: 72001 adresses traitées
adresse : bulk pour les ids de 6033213 à 6034212
bulk : {
  "took" : 70,
  "errors" :  ...
37: 73001 adresses traitées
adresse : bulk pour les ids de 6034213 à 6035212
bulk : {
  "took" : 89,
  "errors" :  ...
37: 74001 adresses traitées
adresse : bulk pour les ids de 6035213 à 6036212
bulk : {
  "took" : 72,
  "errors" :  ...
37: 75001 adresses traitées
adresse : bulk pour les ids de 6036213 à 6037212
bulk : {
  "took" : 90,
  "errors" :  ...
37: 76001 adresses traitées
adresse : bulk pour les ids de 6037213 à 6038212
bulk : {
  "took" : 74,
  "errors" :  ...
37: 77001 adresses traitées
adresse : bulk pour les ids de 6038213 à 6039212
bulk : {
  "took" : 84,
  "errors" :  ...
37: 78001 adresses traitées
adresse : bulk pour les ids de 6039213 à 6040212
bulk : {
  "took" : 94,
  "errors" :  ...
37: 79001 adresses traitées
adresse : bulk pour les ids de 6040213 à 6041212
bulk : {
  "took" : 69,
  "errors" :  ...
37: 80001 adresses traitées
adresse : bulk pour les ids de 6041213 à 6042212
bulk : {
  "took" : 103,
  "errors" : ...
37: 81001 adresses traitées
adresse : bulk pour les ids de 6042213 à 6043212
bulk : {
  "took" : 97,
  "errors" :  ...
37: 82001 adresses traitées
adresse : bulk pour les ids de 6043213 à 6044212
bulk : {
  "took" : 84,
  "errors" :  ...
37: 83001 adresses traitées
adresse : bulk pour les ids de 6044213 à 6045212
bulk : {
  "took" : 74,
  "errors" :  ...
37: 84001 adresses traitées
adresse : bulk pour les ids de 6045213 à 6046212
bulk : {
  "took" : 87,
  "errors" :  ...
37: 85001 adresses traitées
adresse : bulk pour les ids de 6046213 à 6047212
bulk : {
  "took" : 71,
  "errors" :  ...
37: 86001 adresses traitées
adresse : bulk pour les ids de 6047213 à 6048212
bulk : {
  "took" : 71,
  "errors" :  ...
37: 87001 adresses traitées
adresse : bulk pour les ids de 6048213 à 6049212
bulk : {
  "took" : 84,
  "errors" :  ...
37: 88001 adresses traitées
37: 89001 adresses traitées
adresse : bulk pour les ids de 6049213 à 6050212
bulk : {
  "took" : 74,
  "errors" :  ...
37: 90001 adresses traitées
adresse : bulk pour les ids de 6050213 à 6051212
bulk : {
  "took" : 79,
  "errors" :  ...
37: 91001 adresses traitées
adresse : bulk pour les ids de 6051213 à 6052212
bulk : {
  "took" : 76,
  "errors" :  ...
37: 92001 adresses traitées
adresse : bulk pour les ids de 6052213 à 6053212
bulk : {
  "took" : 84,
  "errors" :  ...
37: 93001 adresses traitées
adresse : bulk pour les ids de 6053213 à 6054212
bulk : {
  "took" : 88,
  "errors" :  ...
37: 94001 adresses traitées
adresse : bulk pour les ids de 6054213 à 6055212
bulk : {
  "took" : 65,
  "errors" :  ...
37: 95001 adresses traitées
adresse : bulk pour les ids de 6055213 à 6056212
bulk : {
  "took" : 93,
  "errors" :  ...
37: 96001 adresses traitées
adresse : bulk pour les ids de 6056213 à 6057212
bulk : {
  "took" : 85,
  "errors" :  ...
37: 97001 adresses traitées
adresse : bulk pour les ids de 6057213 à 6058212
bulk : {
  "took" : 99,
  "errors" :  ...
37: 98001 adresses traitées
adresse : bulk pour les ids de 6058213 à 6059212
bulk : {
  "took" : 69,
  "errors" :  ...
37: 99001 adresses traitées
adresse : bulk pour les ids de 6059213 à 6060212
bulk : {
  "took" : 79,
  "errors" :  ...
37: 100001 adresses traitées
adresse : bulk pour les ids de 6060213 à 6061212
bulk : {
  "took" : 83,
  "errors" :  ...
37: 101001 adresses traitées
adresse : bulk pour les ids de 6061213 à 6062212
bulk : {
  "took" : 74,
  "errors" :  ...
37: 102001 adresses traitées
adresse : bulk pour les ids de 6062213 à 6063212
bulk : {
  "took" : 83,
  "errors" :  ...
37: 103001 adresses traitées
adresse : bulk pour les ids de 6063213 à 6064212
bulk : {
  "took" : 82,
  "errors" :  ...
37: 104001 adresses traitées
adresse : bulk pour les ids de 6064213 à 6065212
bulk : {
  "took" : 67,
  "errors" :  ...
37: 105001 adresses traitées
adresse : bulk pour les ids de 6065213 à 6066212
bulk : {
  "took" : 94,
  "errors" :  ...
37: 106001 adresses traitées
adresse : bulk pour les ids de 6066213 à 6067212
bulk : {
  "took" : 65,
  "errors" :  ...
37: 107001 adresses traitées
adresse : bulk pour les ids de 6067213 à 6068212
bulk : {
  "took" : 90,
  "errors" :  ...
37: 108001 adresses traitées
adresse : bulk pour les ids de 6068213 à 6069212
bulk : {
  "took" : 70,
  "errors" :  ...
37: 109001 adresses traitées
adresse : bulk pour les ids de 6069213 à 6070212
bulk : {
  "took" : 93,
  "errors" :  ...
37: 110001 adresses traitées
adresse : bulk pour les ids de 6070213 à 6071212
bulk : {
  "took" : 89,
  "errors" :  ...
37: 111001 adresses traitées
adresse : bulk pour les ids de 6071213 à 6072212
bulk : {
  "took" : 135,
  "errors" : ...
37: 112001 adresses traitées
adresse : bulk pour les ids de 6072213 à 6073212
bulk : {
  "took" : 87,
  "errors" :  ...
37: 113001 adresses traitées
adresse : bulk pour les ids de 6073213 à 6074212
bulk : {
  "took" : 74,
  "errors" :  ...
37: 114001 adresses traitées
adresse : bulk pour les ids de 6074213 à 6075212
bulk : {
  "took" : 82,
  "errors" :  ...
37: 115001 adresses traitées
adresse : bulk pour les ids de 6075213 à 6076212
bulk : {
  "took" : 90,
  "errors" :  ...
37: 116001 adresses traitées
adresse : bulk pour les ids de 6076213 à 6077212
bulk : {
  "took" : 67,
  "errors" :  ...
37: 117001 adresses traitées
adresse : bulk pour les ids de 6077213 à 6078212
bulk : {
  "took" : 94,
  "errors" :  ...
37: 118001 adresses traitées
37: 119001 adresses traitées
adresse : bulk pour les ids de 6078213 à 6079212
bulk : {
  "took" : 65,
  "errors" :  ...
37: 120001 adresses traitées
adresse : bulk pour les ids de 6079213 à 6080212
bulk : {
  "took" : 80,
  "errors" :  ...
37: 121001 adresses traitées
adresse : bulk pour les ids de 6080213 à 6081212
bulk : {
  "took" : 82,
  "errors" :  ...
37: 122001 adresses traitées
adresse : bulk pour les ids de 6081213 à 6082212
bulk : {
  "took" : 85,
  "errors" :  ...
37: 123001 adresses traitées
adresse : bulk pour les ids de 6082213 à 6083212
bulk : {
  "took" : 69,
  "errors" :  ...
37: 124001 adresses traitées
adresse : bulk pour les ids de 6083213 à 6084212
bulk : {
  "took" : 95,
  "errors" :  ...
37: 125001 adresses traitées
adresse : bulk pour les ids de 6084213 à 6085212
bulk : {
  "took" : 67,
  "errors" :  ...
37: 126001 adresses traitées
adresse : bulk pour les ids de 6085213 à 6086212
bulk : {
  "took" : 101,
  "errors" : ...
37: 127001 adresses traitées
adresse : bulk pour les ids de 6086213 à 6087212
bulk : {
  "took" : 71,
  "errors" :  ...
37: 128001 adresses traitées
adresse : bulk pour les ids de 6087213 à 6088212
bulk : {
  "took" : 106,
  "errors" : ...
37: 129001 adresses traitées
adresse : bulk pour les ids de 6088213 à 6089212
bulk : {
  "took" : 89,
  "errors" :  ...
37: 130001 adresses traitées
adresse : bulk pour les ids de 6089213 à 6090212
bulk : {
  "took" : 83,
  "errors" :  ...
37: 131001 adresses traitées
adresse : bulk pour les ids de 6090213 à 6091212
bulk : {
  "took" : 88,
  "errors" :  ...
37: 132001 adresses traitées
adresse : bulk pour les ids de 6091213 à 6092212
bulk : {
  "took" : 82,
  "errors" :  ...
37: 133001 adresses traitées
adresse : bulk pour les ids de 6092213 à 6093212
bulk : {
  "took" : 78,
  "errors" :  ...
37: 134001 adresses traitées
adresse : bulk pour les ids de 6093213 à 6094212
bulk : {
  "took" : 98,
  "errors" :  ...
37: 135001 adresses traitées
adresse : bulk pour les ids de 6094213 à 6095212
bulk : {
  "took" : 68,
  "errors" :  ...
37: 136001 adresses traitées
adresse : bulk pour les ids de 6095213 à 6096212
bulk : {
  "took" : 100,
  "errors" : ...
37: 137001 adresses traitées
adresse : bulk pour les ids de 6096213 à 6097212
bulk : {
  "took" : 83,
  "errors" :  ...
37: 138001 adresses traitées
adresse : bulk pour les ids de 6097213 à 6098212
bulk : {
  "took" : 83,
  "errors" :  ...
37: 139001 adresses traitées
37: 140001 adresses traitées
adresse : bulk pour les ids de 6098213 à 6099212
bulk : {
  "took" : 87,
  "errors" :  ...
37: 141001 adresses traitées
adresse : bulk pour les ids de 6099213 à 6100212
bulk : {
  "took" : 83,
  "errors" :  ...
37: 142001 adresses traitées
adresse : bulk pour les ids de 6100213 à 6101212
bulk : {
  "took" : 65,
  "errors" :  ...
37: 143001 adresses traitées
adresse : bulk pour les ids de 6101213 à 6102212
bulk : {
  "took" : 103,
  "errors" : ...
37: 144001 adresses traitées
adresse : bulk pour les ids de 6102213 à 6103212
bulk : {
  "took" : 82,
  "errors" :  ...
37: 145001 adresses traitées
adresse : bulk pour les ids de 6103213 à 6104212
bulk : {
  "took" : 80,
  "errors" :  ...
37: 146001 adresses traitées
adresse : bulk pour les ids de 6104213 à 6105212
bulk : {
  "took" : 89,
  "errors" :  ...
37: 147001 adresses traitées
adresse : bulk pour les ids de 6105213 à 6106212
bulk : {
  "took" : 80,
  "errors" :  ...
37: 148001 adresses traitées
adresse : bulk pour les ids de 6106213 à 6107212
bulk : {
  "took" : 89,
  "errors" :  ...
37: 149001 adresses traitées
adresse : bulk pour les ids de 6107213 à 6108212
bulk : {
  "took" : 82,
  "errors" :  ...
37: 150001 adresses traitées
adresse : bulk pour les ids de 6108213 à 6109212
bulk : {
  "took" : 85,
  "errors" :  ...
37: 151001 adresses traitées
adresse : bulk pour les ids de 6109213 à 6110212
bulk : {
  "took" : 83,
  "errors" :  ...
37: 152001 adresses traitées
adresse : bulk pour les ids de 6110213 à 6111212
bulk : {
  "took" : 66,
  "errors" :  ...
37: 153001 adresses traitées
adresse : bulk pour les ids de 6111213 à 6112212
bulk : {
  "took" : 104,
  "errors" : ...
37: 154001 adresses traitées
adresse : bulk pour les ids de 6112213 à 6113212
bulk : {
  "took" : 84,
  "errors" :  ...
37: 155001 adresses traitées
adresse : bulk pour les ids de 6113213 à 6114212
bulk : {
  "took" : 83,
  "errors" :  ...
37: 156001 adresses traitées
adresse : bulk pour les ids de 6114213 à 6115212
bulk : {
  "took" : 66,
  "errors" :  ...
37: 157001 adresses traitées
37: 158001 adresses traitées
adresse : bulk pour les ids de 6115213 à 6116212
bulk : {
  "took" : 100,
  "errors" : ...
37: 159001 adresses traitées
adresse : bulk pour les ids de 6116213 à 6117212
bulk : {
  "took" : 68,
  "errors" :  ...
37: 160001 adresses traitées
adresse : bulk pour les ids de 6117213 à 6118212
bulk : {
  "took" : 108,
  "errors" : ...
37: 161001 adresses traitées
adresse : bulk pour les ids de 6118213 à 6119212
bulk : {
  "took" : 82,
  "errors" :  ...
37: 162001 adresses traitées
adresse : bulk pour les ids de 6119213 à 6120212
bulk : {
  "took" : 82,
  "errors" :  ...
37: 163001 adresses traitées
adresse : bulk pour les ids de 6120213 à 6121212
bulk : {
  "took" : 86,
  "errors" :  ...
37: 164001 adresses traitées
adresse : bulk pour les ids de 6121213 à 6122212
bulk : {
  "took" : 103,
  "errors" : ...
37: 165001 adresses traitées
adresse : bulk pour les ids de 6122213 à 6123212
bulk : {
  "took" : 67,
  "errors" :  ...
37: 166001 adresses traitées
adresse : bulk pour les ids de 6123213 à 6124212
bulk : {
  "took" : 106,
  "errors" : ...
37: 167001 adresses traitées
adresse : bulk pour les ids de 6124213 à 6125212
bulk : {
  "took" : 67,
  "errors" :  ...
37: 168001 adresses traitées
adresse : bulk pour les ids de 6125213 à 6126212
bulk : {
  "took" : 101,
  "errors" : ...
37: 169001 adresses traitées
adresse : bulk pour les ids de 6126213 à 6127212
bulk : {
  "took" : 66,
  "errors" :  ...
37: 170001 adresses traitées
37: 171001 adresses traitées
adresse : bulk pour les ids de 6127213 à 6128212
bulk : {
  "took" : 103,
  "errors" : ...
37: 172001 adresses traitées
adresse : bulk pour les ids de 6128213 à 6129212
bulk : {
  "took" : 91,
  "errors" :  ...
37: 173001 adresses traitées
adresse : bulk pour les ids de 6129213 à 6130212
bulk : {
  "took" : 92,
  "errors" :  ...
37: 174001 adresses traitées
adresse : bulk pour les ids de 6130213 à 6131212
bulk : {
  "took" : 69,
  "errors" :  ...
37: 175001 adresses traitées
adresse : bulk pour les ids de 6131213 à 6132212
bulk : {
  "took" : 104,
  "errors" : ...
37: 176001 adresses traitées
adresse : bulk pour les ids de 6132213 à 6133212
bulk : {
  "took" : 98,
  "errors" :  ...
37: 177001 adresses traitées
adresse : bulk pour les ids de 6133213 à 6134212
bulk : {
  "took" : 74,
  "errors" :  ...
37: 178001 adresses traitées
adresse : bulk pour les ids de 6134213 à 6135212
bulk : {
  "took" : 92,
  "errors" :  ...
37: 179001 adresses traitées
adresse : bulk pour les ids de 6135213 à 6136212
bulk : {
  "took" : 98,
  "errors" :  ...
37: 180001 adresses traitées
adresse : bulk pour les ids de 6136213 à 6137212
bulk : {
  "took" : 75,
  "errors" :  ...
37: 181001 adresses traitées
adresse : bulk pour les ids de 6137213 à 6138212
bulk : {
  "took" : 77,
  "errors" :  ...
37: 182001 adresses traitées
adresse : bulk pour les ids de 6138213 à 6139212
bulk : {
  "took" : 100,
  "errors" : ...
37: 183001 adresses traitées
adresse : bulk pour les ids de 6139213 à 6140212
bulk : {
  "took" : 74,
  "errors" :  ...
37: 184001 adresses traitées
adresse : bulk pour les ids de 6140213 à 6141212
bulk : {
  "took" : 90,
  "errors" :  ...
37: 185001 adresses traitées
adresse : bulk pour les ids de 6141213 à 6142212
bulk : {
  "took" : 74,
  "errors" :  ...
37: 186001 adresses traitées
adresse : bulk pour les ids de 6142213 à 6143212
bulk : {
  "took" : 96,
  "errors" :  ...
37: 187001 adresses traitées
adresse : bulk pour les ids de 6143213 à 6144212
bulk : {
  "took" : 98,
  "errors" :  ...
37: 188001 adresses traitées
adresse : bulk pour les ids de 6144213 à 6145212
bulk : {
  "took" : 75,
  "errors" :  ...
37: 189001 adresses traitées
37: 190001 adresses traitées
adresse : bulk pour les ids de 6145213 à 6146212
bulk : {
  "took" : 70,
  "errors" :  ...
37: 191001 adresses traitées
adresse : bulk pour les ids de 6146213 à 6147212
bulk : {
  "took" : 96,
  "errors" :  ...
37: 192001 adresses traitées
adresse : bulk pour les ids de 6147213 à 6148212
bulk : {
  "took" : 67,
  "errors" :  ...
37: 193001 adresses traitées
adresse : bulk pour les ids de 6148213 à 6149212
bulk : {
  "took" : 76,
  "errors" :  ...
37: 194001 adresses traitées
adresse : bulk pour les ids de 6149213 à 6150212
bulk : {
  "took" : 88,
  "errors" :  ...
37: 195001 adresses traitées
adresse : bulk pour les ids de 6150213 à 6151212
bulk : {
  "took" : 98,
  "errors" :  ...
37: 196001 adresses traitées
adresse : bulk pour les ids de 6151213 à 6152212
bulk : {
  "took" : 66,
  "errors" :  ...
37: 197001 adresses traitées
adresse : bulk pour les ids de 6152213 à 6153212
bulk : {
  "took" : 96,
  "errors" :  ...
37: 198001 adresses traitées
adresse : bulk pour les ids de 6153213 à 6154212
bulk : {
  "took" : 83,
  "errors" :  ...
37: 199001 adresses traitées
adresse : bulk pour les ids de 6154213 à 6155212
bulk : {
  "took" : 95,
  "errors" :  ...
37: 200001 adresses traitées
adresse : bulk pour les ids de 6155213 à 6156212
bulk : {
  "took" : 67,
  "errors" :  ...
37: 201001 adresses traitées
adresse : bulk pour les ids de 6156213 à 6157212
bulk : {
  "took" : 90,
  "errors" :  ...
37: 202001 adresses traitées
adresse : bulk pour les ids de 6157213 à 6158212
bulk : {
  "took" : 66,
  "errors" :  ...
37: 203001 adresses traitées
adresse : bulk pour les ids de 6158213 à 6159212
bulk : {
  "took" : 98,
  "errors" :  ...
37: 204001 adresses traitées
adresse : bulk pour les ids de 6159213 à 6160212
bulk : {
  "took" : 67,
  "errors" :  ...
37: 205001 adresses traitées
adresse : bulk pour les ids de 6160213 à 6161212
bulk : {
  "took" : 92,
  "errors" :  ...
37: 206001 adresses traitées
adresse : bulk pour les ids de 6161213 à 6162212
bulk : {
  "took" : 85,
  "errors" :  ...
37: 207001 adresses traitées
adresse : bulk pour les ids de 6162213 à 6163212
bulk : {
  "took" : 75,
  "errors" :  ...
37: 208001 adresses traitées
adresse : bulk pour les ids de 6163213 à 6164212
bulk : {
  "took" : 88,
  "errors" :  ...
37: 209001 adresses traitées
adresse : bulk pour les ids de 6164213 à 6165212
bulk : {
  "took" : 86,
  "errors" :  ...
37: 210001 adresses traitées
adresse : bulk pour les ids de 6165213 à 6166212
bulk : {
  "took" : 90,
  "errors" :  ...
37: 211001 adresses traitées
adresse : bulk pour les ids de 6166213 à 6167212
bulk : {
  "took" : 85,
  "errors" :  ...
37: 212001 adresses traitées
adresse : bulk pour les ids de 6167213 à 6168212
bulk : {
  "took" : 85,
  "errors" :  ...
37: 213001 adresses traitées
adresse : bulk pour les ids de 6168213 à 6169184
bulk : {
  "took" : 105,
  "errors" : ...
dpt 38 : voies
38: 1 voies traitées
voie : bulk pour les ids de 471352 à 471551
bulk : {
  "took" : 13,
  "errors" :  ...
38: 201 voies traitées
voie : bulk pour les ids de 471552 à 471751
bulk : {
  "took" : 12,
  "errors" :  ...
38: 401 voies traitées
voie : bulk pour les ids de 471752 à 471951
bulk : {
  "took" : 12,
  "errors" :  ...
38: 601 voies traitées
voie : bulk pour les ids de 471952 à 472151
bulk : {
  "took" : 30,
  "errors" :  ...
38: 801 voies traitées
voie : bulk pour les ids de 472152 à 472351
bulk : {
  "took" : 13,
  "errors" :  ...
38: 1001 voies traitées
voie : bulk pour les ids de 472352 à 472551
bulk : {
  "took" : 11,
  "errors" :  ...
38: 1201 voies traitées
voie : bulk pour les ids de 472552 à 472751
bulk : {
  "took" : 12,
  "errors" :  ...
38: 1401 voies traitées
voie : bulk pour les ids de 472752 à 472951
bulk : {
  "took" : 12,
  "errors" :  ...
38: 1601 voies traitées
voie : bulk pour les ids de 472952 à 473151
bulk : {
  "took" : 12,
  "errors" :  ...
38: 1801 voies traitées
voie : bulk pour les ids de 473152 à 473351
bulk : {
  "took" : 12,
  "errors" :  ...
38: 2001 voies traitées
voie : bulk pour les ids de 473352 à 473551
bulk : {
  "took" : 13,
  "errors" :  ...
38: 2201 voies traitées
voie : bulk pour les ids de 473552 à 473751
bulk : {
  "took" : 12,
  "errors" :  ...
38: 2401 voies traitées
voie : bulk pour les ids de 473752 à 473951
bulk : {
  "took" : 12,
  "errors" :  ...
38: 2601 voies traitées
voie : bulk pour les ids de 473952 à 474151
bulk : {
  "took" : 12,
  "errors" :  ...
38: 2801 voies traitées
voie : bulk pour les ids de 474152 à 474351
bulk : {
  "took" : 29,
  "errors" :  ...
38: 3001 voies traitées
voie : bulk pour les ids de 474352 à 474551
bulk : {
  "took" : 13,
  "errors" :  ...
38: 3201 voies traitées
voie : bulk pour les ids de 474552 à 474751
bulk : {
  "took" : 12,
  "errors" :  ...
38: 3401 voies traitées
voie : bulk pour les ids de 474752 à 474951
bulk : {
  "took" : 12,
  "errors" :  ...
38: 3601 voies traitées
voie : bulk pour les ids de 474952 à 475151
bulk : {
  "took" : 28,
  "errors" :  ...
38: 3801 voies traitées
voie : bulk pour les ids de 475152 à 475351
bulk : {
  "took" : 13,
  "errors" :  ...
38: 4001 voies traitées
voie : bulk pour les ids de 475352 à 475551
bulk : {
  "took" : 12,
  "errors" :  ...
38: 4201 voies traitées
voie : bulk pour les ids de 475552 à 475751
bulk : {
  "took" : 12,
  "errors" :  ...
38: 4401 voies traitées
voie : bulk pour les ids de 475752 à 475951
bulk : {
  "took" : 12,
  "errors" :  ...
38: 4601 voies traitées
voie : bulk pour les ids de 475952 à 476151
bulk : {
  "took" : 12,
  "errors" :  ...
38: 4801 voies traitées
voie : bulk pour les ids de 476152 à 476351
bulk : {
  "took" : 16,
  "errors" :  ...
38: 5001 voies traitées
voie : bulk pour les ids de 476352 à 476551
bulk : {
  "took" : 13,
  "errors" :  ...
38: 5201 voies traitées
voie : bulk pour les ids de 476552 à 476751
bulk : {
  "took" : 18,
  "errors" :  ...
38: 5401 voies traitées
voie : bulk pour les ids de 476752 à 476951
bulk : {
  "took" : 36,
  "errors" :  ...
38: 5601 voies traitées
voie : bulk pour les ids de 476952 à 477151
bulk : {
  "took" : 13,
  "errors" :  ...
38: 5801 voies traitées
voie : bulk pour les ids de 477152 à 477351
bulk : {
  "took" : 12,
  "errors" :  ...
38: 6001 voies traitées
voie : bulk pour les ids de 477352 à 477551
bulk : {
  "took" : 13,
  "errors" :  ...
38: 6201 voies traitées
voie : bulk pour les ids de 477552 à 477751
bulk : {
  "took" : 12,
  "errors" :  ...
38: 6401 voies traitées
voie : bulk pour les ids de 477752 à 477951
bulk : {
  "took" : 12,
  "errors" :  ...
38: 6601 voies traitées
voie : bulk pour les ids de 477952 à 478151
bulk : {
  "took" : 12,
  "errors" :  ...
38: 6801 voies traitées
voie : bulk pour les ids de 478152 à 478351
bulk : {
  "took" : 12,
  "errors" :  ...
38: 7001 voies traitées
voie : bulk pour les ids de 478352 à 478551
bulk : {
  "took" : 12,
  "errors" :  ...
38: 7201 voies traitées
voie : bulk pour les ids de 478552 à 478751
bulk : {
  "took" : 12,
  "errors" :  ...
38: 7401 voies traitées
voie : bulk pour les ids de 478752 à 478951
bulk : {
  "took" : 13,
  "errors" :  ...
38: 7601 voies traitées
voie : bulk pour les ids de 478952 à 479151
bulk : {
  "took" : 13,
  "errors" :  ...
38: 7801 voies traitées
voie : bulk pour les ids de 479152 à 479351
bulk : {
  "took" : 12,
  "errors" :  ...
38: 8001 voies traitées
voie : bulk pour les ids de 479352 à 479551
bulk : {
  "took" : 12,
  "errors" :  ...
38: 8201 voies traitées
voie : bulk pour les ids de 479552 à 479751
bulk : {
  "took" : 31,
  "errors" :  ...
38: 8401 voies traitées
voie : bulk pour les ids de 479752 à 479951
bulk : {
  "took" : 12,
  "errors" :  ...
38: 8601 voies traitées
voie : bulk pour les ids de 479952 à 480151
bulk : {
  "took" : 12,
  "errors" :  ...
38: 8801 voies traitées
voie : bulk pour les ids de 480152 à 480351
bulk : {
  "took" : 12,
  "errors" :  ...
38: 9001 voies traitées
voie : bulk pour les ids de 480352 à 480551
bulk : {
  "took" : 12,
  "errors" :  ...
38: 9201 voies traitées
voie : bulk pour les ids de 480552 à 480751
bulk : {
  "took" : 12,
  "errors" :  ...
38: 9401 voies traitées
voie : bulk pour les ids de 480752 à 480951
bulk : {
  "took" : 11,
  "errors" :  ...
38: 9601 voies traitées
voie : bulk pour les ids de 480952 à 481151
bulk : {
  "took" : 12,
  "errors" :  ...
38: 9801 voies traitées
voie : bulk pour les ids de 481152 à 481351
bulk : {
  "took" : 12,
  "errors" :  ...
38: 10001 voies traitées
voie : bulk pour les ids de 481352 à 481551
bulk : {
  "took" : 22,
  "errors" :  ...
38: 10201 voies traitées
voie : bulk pour les ids de 481552 à 481751
bulk : {
  "took" : 12,
  "errors" :  ...
38: 10401 voies traitées
voie : bulk pour les ids de 481752 à 481951
bulk : {
  "took" : 14,
  "errors" :  ...
38: 10601 voies traitées
voie : bulk pour les ids de 481952 à 482151
bulk : {
  "took" : 13,
  "errors" :  ...
38: 10801 voies traitées
voie : bulk pour les ids de 482152 à 482351
bulk : {
  "took" : 15,
  "errors" :  ...
38: 11001 voies traitées
voie : bulk pour les ids de 482352 à 482551
bulk : {
  "took" : 19,
  "errors" :  ...
38: 11201 voies traitées
voie : bulk pour les ids de 482552 à 482751
bulk : {
  "took" : 12,
  "errors" :  ...
38: 11401 voies traitées
voie : bulk pour les ids de 482752 à 482951
bulk : {
  "took" : 13,
  "errors" :  ...
38: 11601 voies traitées
voie : bulk pour les ids de 482952 à 483151
bulk : {
  "took" : 13,
  "errors" :  ...
38: 11801 voies traitées
voie : bulk pour les ids de 483152 à 483351
bulk : {
  "took" : 38,
  "errors" :  ...
38: 12001 voies traitées
voie : bulk pour les ids de 483352 à 483551
bulk : {
  "took" : 13,
  "errors" :  ...
38: 12201 voies traitées
voie : bulk pour les ids de 483552 à 483751
bulk : {
  "took" : 13,
  "errors" :  ...
38: 12401 voies traitées
voie : bulk pour les ids de 483752 à 483951
bulk : {
  "took" : 13,
  "errors" :  ...
38: 12601 voies traitées
voie : bulk pour les ids de 483952 à 484151
bulk : {
  "took" : 13,
  "errors" :  ...
38: 12801 voies traitées
voie : bulk pour les ids de 484152 à 484351
bulk : {
  "took" : 13,
  "errors" :  ...
38: 13001 voies traitées
voie : bulk pour les ids de 484352 à 484551
bulk : {
  "took" : 13,
  "errors" :  ...
38: 13201 voies traitées
voie : bulk pour les ids de 484552 à 484751
bulk : {
  "took" : 13,
  "errors" :  ...
38: 13401 voies traitées
voie : bulk pour les ids de 484752 à 484951
bulk : {
  "took" : 12,
  "errors" :  ...
38: 13601 voies traitées
voie : bulk pour les ids de 484952 à 485151
bulk : {
  "took" : 14,
  "errors" :  ...
38: 13801 voies traitées
voie : bulk pour les ids de 485152 à 485351
bulk : {
  "took" : 12,
  "errors" :  ...
38: 14001 voies traitées
voie : bulk pour les ids de 485352 à 485551
bulk : {
  "took" : 13,
  "errors" :  ...
38: 14201 voies traitées
voie : bulk pour les ids de 485552 à 485751
bulk : {
  "took" : 12,
  "errors" :  ...
38: 14401 voies traitées
voie : bulk pour les ids de 485752 à 485951
bulk : {
  "took" : 12,
  "errors" :  ...
38: 14601 voies traitées
voie : bulk pour les ids de 485952 à 486151
bulk : {
  "took" : 17,
  "errors" :  ...
38: 14801 voies traitées
voie : bulk pour les ids de 486152 à 486351
bulk : {
  "took" : 17,
  "errors" :  ...
38: 15001 voies traitées
voie : bulk pour les ids de 486352 à 486551
bulk : {
  "took" : 12,
  "errors" :  ...
38: 15201 voies traitées
voie : bulk pour les ids de 486552 à 486751
bulk : {
  "took" : 37,
  "errors" :  ...
38: 15401 voies traitées
voie : bulk pour les ids de 486752 à 486951
bulk : {
  "took" : 13,
  "errors" :  ...
38: 15601 voies traitées
voie : bulk pour les ids de 486952 à 487151
bulk : {
  "took" : 12,
  "errors" :  ...
38: 15801 voies traitées
voie : bulk pour les ids de 487152 à 487351
bulk : {
  "took" : 12,
  "errors" :  ...
38: 16001 voies traitées
voie : bulk pour les ids de 487352 à 487551
bulk : {
  "took" : 13,
  "errors" :  ...
38: 16201 voies traitées
voie : bulk pour les ids de 487552 à 487751
bulk : {
  "took" : 12,
  "errors" :  ...
38: 16401 voies traitées
voie : bulk pour les ids de 487752 à 487951
bulk : {
  "took" : 12,
  "errors" :  ...
38: 16601 voies traitées
voie : bulk pour les ids de 487952 à 488151
bulk : {
  "took" : 13,
  "errors" :  ...
38: 16801 voies traitées
voie : bulk pour les ids de 488152 à 488351
bulk : {
  "took" : 13,
  "errors" :  ...
38: 17001 voies traitées
voie : bulk pour les ids de 488352 à 488551
bulk : {
  "took" : 13,
  "errors" :  ...
38: 17201 voies traitées
voie : bulk pour les ids de 488552 à 488751
bulk : {
  "took" : 12,
  "errors" :  ...
38: 17401 voies traitées
voie : bulk pour les ids de 488752 à 488951
bulk : {
  "took" : 13,
  "errors" :  ...
38: 17601 voies traitées
voie : bulk pour les ids de 488952 à 489151
bulk : {
  "took" : 13,
  "errors" :  ...
38: 17801 voies traitées
voie : bulk pour les ids de 489152 à 489351
bulk : {
  "took" : 12,
  "errors" :  ...
38: 18001 voies traitées
voie : bulk pour les ids de 489352 à 489551
bulk : {
  "took" : 15,
  "errors" :  ...
38: 18201 voies traitées
voie : bulk pour les ids de 489552 à 489751
bulk : {
  "took" : 12,
  "errors" :  ...
38: 18401 voies traitées
voie : bulk pour les ids de 489752 à 489951
bulk : {
  "took" : 48,
  "errors" :  ...
38: 18601 voies traitées
voie : bulk pour les ids de 489952 à 490151
bulk : {
  "took" : 12,
  "errors" :  ...
38: 18801 voies traitées
voie : bulk pour les ids de 490152 à 490351
bulk : {
  "took" : 12,
  "errors" :  ...
38: 19001 voies traitées
voie : bulk pour les ids de 490352 à 490551
bulk : {
  "took" : 13,
  "errors" :  ...
38: 19201 voies traitées
voie : bulk pour les ids de 490552 à 490751
bulk : {
  "took" : 13,
  "errors" :  ...
38: 19401 voies traitées
voie : bulk pour les ids de 490752 à 490951
bulk : {
  "took" : 12,
  "errors" :  ...
38: 19601 voies traitées
voie : bulk pour les ids de 490952 à 491151
bulk : {
  "took" : 12,
  "errors" :  ...
38: 19801 voies traitées
voie : bulk pour les ids de 491152 à 491351
bulk : {
  "took" : 12,
  "errors" :  ...
38: 20001 voies traitées
voie : bulk pour les ids de 491352 à 491551
bulk : {
  "took" : 13,
  "errors" :  ...
38: 20201 voies traitées
voie : bulk pour les ids de 491552 à 491751
bulk : {
  "took" : 32,
  "errors" :  ...
38: 20401 voies traitées
voie : bulk pour les ids de 491752 à 491951
bulk : {
  "took" : 12,
  "errors" :  ...
38: 20601 voies traitées
voie : bulk pour les ids de 491952 à 492151
bulk : {
  "took" : 12,
  "errors" :  ...
38: 20801 voies traitées
voie : bulk pour les ids de 492152 à 492351
bulk : {
  "took" : 12,
  "errors" :  ...
38: 21001 voies traitées
voie : bulk pour les ids de 492352 à 492551
bulk : {
  "took" : 12,
  "errors" :  ...
38: 21201 voies traitées
voie : bulk pour les ids de 492552 à 492751
bulk : {
  "took" : 13,
  "errors" :  ...
38: 21401 voies traitées
voie : bulk pour les ids de 492752 à 492951
bulk : {
  "took" : 12,
  "errors" :  ...
38: 21601 voies traitées
voie : bulk pour les ids de 492952 à 493151
bulk : {
  "took" : 16,
  "errors" :  ...
38: 21801 voies traitées
voie : bulk pour les ids de 493152 à 493351
bulk : {
  "took" : 22,
  "errors" :  ...
38: 22001 voies traitées
voie : bulk pour les ids de 493352 à 493551
bulk : {
  "took" : 36,
  "errors" :  ...
38: 22201 voies traitées
voie : bulk pour les ids de 493552 à 493751
bulk : {
  "took" : 12,
  "errors" :  ...
38: 22401 voies traitées
voie : bulk pour les ids de 493752 à 493951
bulk : {
  "took" : 12,
  "errors" :  ...
38: 22601 voies traitées
voie : bulk pour les ids de 493952 à 494151
bulk : {
  "took" : 13,
  "errors" :  ...
38: 22801 voies traitées
voie : bulk pour les ids de 494152 à 494351
bulk : {
  "took" : 12,
  "errors" :  ...
38: 23001 voies traitées
voie : bulk pour les ids de 494352 à 494551
bulk : {
  "took" : 13,
  "errors" :  ...
38: 23201 voies traitées
voie : bulk pour les ids de 494552 à 494751
bulk : {
  "took" : 13,
  "errors" :  ...
38: 23401 voies traitées
voie : bulk pour les ids de 494752 à 494951
bulk : {
  "took" : 13,
  "errors" :  ...
38: 23601 voies traitées
voie : bulk pour les ids de 494952 à 495151
bulk : {
  "took" : 12,
  "errors" :  ...
38: 23801 voies traitées
voie : bulk pour les ids de 495152 à 495351
bulk : {
  "took" : 13,
  "errors" :  ...
38: 24001 voies traitées
voie : bulk pour les ids de 495352 à 495551
bulk : {
  "took" : 12,
  "errors" :  ...
38: 24201 voies traitées
voie : bulk pour les ids de 495552 à 495751
bulk : {
  "took" : 34,
  "errors" :  ...
38: 24401 voies traitées
voie : bulk pour les ids de 495752 à 495951
bulk : {
  "took" : 12,
  "errors" :  ...
38: 24601 voies traitées
voie : bulk pour les ids de 495952 à 496151
bulk : {
  "took" : 12,
  "errors" :  ...
38: 24801 voies traitées
voie : bulk pour les ids de 496152 à 496351
bulk : {
  "took" : 12,
  "errors" :  ...
38: 25001 voies traitées
voie : bulk pour les ids de 496352 à 496551
bulk : {
  "took" : 12,
  "errors" :  ...
38: 25201 voies traitées
voie : bulk pour les ids de 496552 à 496751
bulk : {
  "took" : 12,
  "errors" :  ...
38: 25401 voies traitées
voie : bulk pour les ids de 496752 à 496951
bulk : {
  "took" : 16,
  "errors" :  ...
38: 25601 voies traitées
voie : bulk pour les ids de 496952 à 497151
bulk : {
  "took" : 12,
  "errors" :  ...
38: 25801 voies traitées
voie : bulk pour les ids de 497152 à 497351
bulk : {
  "took" : 19,
  "errors" :  ...
38: 26001 voies traitées
voie : bulk pour les ids de 497352 à 497551
bulk : {
  "took" : 36,
  "errors" :  ...
38: 26201 voies traitées
voie : bulk pour les ids de 497552 à 497751
bulk : {
  "took" : 12,
  "errors" :  ...
38: 26401 voies traitées
voie : bulk pour les ids de 497752 à 497951
bulk : {
  "took" : 12,
  "errors" :  ...
38: 26601 voies traitées
voie : bulk pour les ids de 497952 à 498151
bulk : {
  "took" : 12,
  "errors" :  ...
38: 26801 voies traitées
voie : bulk pour les ids de 498152 à 498351
bulk : {
  "took" : 12,
  "errors" :  ...
38: 27001 voies traitées
voie : bulk pour les ids de 498352 à 498551
bulk : {
  "took" : 12,
  "errors" :  ...
38: 27201 voies traitées
voie : bulk pour les ids de 498552 à 498751
bulk : {
  "took" : 12,
  "errors" :  ...
38: 27401 voies traitées
voie : bulk pour les ids de 498752 à 498951
bulk : {
  "took" : 11,
  "errors" :  ...
38: 27601 voies traitées
voie : bulk pour les ids de 498952 à 499017
bulk : {
  "took" : 4,
  "errors" : f ...
dpt 38 : adresses
38: 1 adresses traitées
38: 1001 adresses traitées
adresse : bulk pour les ids de 6169185 à 6170184
bulk : {
  "took" : 73,
  "errors" :  ...
38: 2001 adresses traitées
adresse : bulk pour les ids de 6170185 à 6171184
bulk : {
  "took" : 91,
  "errors" :  ...
38: 3001 adresses traitées
38: 4001 adresses traitées
adresse : bulk pour les ids de 6171185 à 6172184
bulk : {
  "took" : 71,
  "errors" :  ...
38: 5001 adresses traitées
adresse : bulk pour les ids de 6172185 à 6173184
bulk : {
  "took" : 99,
  "errors" :  ...
38: 6001 adresses traitées
adresse : bulk pour les ids de 6173185 à 6174184
bulk : {
  "took" : 71,
  "errors" :  ...
38: 7001 adresses traitées
adresse : bulk pour les ids de 6174185 à 6175184
bulk : {
  "took" : 90,
  "errors" :  ...
38: 8001 adresses traitées
adresse : bulk pour les ids de 6175185 à 6176184
bulk : {
  "took" : 100,
  "errors" : ...
38: 9001 adresses traitées
adresse : bulk pour les ids de 6176185 à 6177184
bulk : {
  "took" : 86,
  "errors" :  ...
38: 10001 adresses traitées
38: 11001 adresses traitées
adresse : bulk pour les ids de 6177185 à 6178184
bulk : {
  "took" : 86,
  "errors" :  ...
38: 12001 adresses traitées
adresse : bulk pour les ids de 6178185 à 6179184
bulk : {
  "took" : 71,
  "errors" :  ...
38: 13001 adresses traitées
adresse : bulk pour les ids de 6179185 à 6180184
bulk : {
  "took" : 80,
  "errors" :  ...
38: 14001 adresses traitées
adresse : bulk pour les ids de 6180185 à 6181184
bulk : {
  "took" : 84,
  "errors" :  ...
38: 15001 adresses traitées
adresse : bulk pour les ids de 6181185 à 6182184
bulk : {
  "took" : 75,
  "errors" :  ...
38: 16001 adresses traitées
adresse : bulk pour les ids de 6182185 à 6183184
bulk : {
  "took" : 86,
  "errors" :  ...
38: 17001 adresses traitées
adresse : bulk pour les ids de 6183185 à 6184184
bulk : {
  "took" : 92,
  "errors" :  ...
38: 18001 adresses traitées
38: 19001 adresses traitées
adresse : bulk pour les ids de 6184185 à 6185184
bulk : {
  "took" : 66,
  "errors" :  ...
38: 20001 adresses traitées
adresse : bulk pour les ids de 6185185 à 6186184
bulk : {
  "took" : 93,
  "errors" :  ...
38: 21001 adresses traitées
adresse : bulk pour les ids de 6186185 à 6187184
bulk : {
  "took" : 83,
  "errors" :  ...
38: 22001 adresses traitées
adresse : bulk pour les ids de 6187185 à 6188184
bulk : {
  "took" : 79,
  "errors" :  ...
38: 23001 adresses traitées
adresse : bulk pour les ids de 6188185 à 6189184
bulk : {
  "took" : 85,
  "errors" :  ...
38: 24001 adresses traitées
adresse : bulk pour les ids de 6189185 à 6190184
bulk : {
  "took" : 77,
  "errors" :  ...
38: 25001 adresses traitées
adresse : bulk pour les ids de 6190185 à 6191184
bulk : {
  "took" : 89,
  "errors" :  ...
38: 26001 adresses traitées
adresse : bulk pour les ids de 6191185 à 6192184
bulk : {
  "took" : 94,
  "errors" :  ...
38: 27001 adresses traitées
adresse : bulk pour les ids de 6192185 à 6193184
bulk : {
  "took" : 75,
  "errors" :  ...
38: 28001 adresses traitées
adresse : bulk pour les ids de 6193185 à 6194184
bulk : {
  "took" : 83,
  "errors" :  ...
38: 29001 adresses traitées
adresse : bulk pour les ids de 6194185 à 6195184
bulk : {
  "took" : 76,
  "errors" :  ...
38: 30001 adresses traitées
adresse : bulk pour les ids de 6195185 à 6196184
bulk : {
  "took" : 67,
  "errors" :  ...
38: 31001 adresses traitées
adresse : bulk pour les ids de 6196185 à 6197184
bulk : {
  "took" : 94,
  "errors" :  ...
38: 32001 adresses traitées
adresse : bulk pour les ids de 6197185 à 6198184
bulk : {
  "took" : 68,
  "errors" :  ...
38: 33001 adresses traitées
adresse : bulk pour les ids de 6198185 à 6199184
bulk : {
  "took" : 79,
  "errors" :  ...
38: 34001 adresses traitées
adresse : bulk pour les ids de 6199185 à 6200184
bulk : {
  "took" : 87,
  "errors" :  ...
38: 35001 adresses traitées
38: 36001 adresses traitées
adresse : bulk pour les ids de 6200185 à 6201184
bulk : {
  "took" : 75,
  "errors" :  ...
38: 37001 adresses traitées
adresse : bulk pour les ids de 6201185 à 6202184
bulk : {
  "took" : 66,
  "errors" :  ...
38: 38001 adresses traitées
adresse : bulk pour les ids de 6202185 à 6203184
bulk : {
  "took" : 95,
  "errors" :  ...
38: 39001 adresses traitées
adresse : bulk pour les ids de 6203185 à 6204184
bulk : {
  "took" : 82,
  "errors" :  ...
38: 40001 adresses traitées
adresse : bulk pour les ids de 6204185 à 6205184
bulk : {
  "took" : 74,
  "errors" :  ...
38: 41001 adresses traitées
adresse : bulk pour les ids de 6205185 à 6206184
bulk : {
  "took" : 87,
  "errors" :  ...
38: 42001 adresses traitées
adresse : bulk pour les ids de 6206185 à 6207184
bulk : {
  "took" : 81,
  "errors" :  ...
38: 43001 adresses traitées
adresse : bulk pour les ids de 6207185 à 6208184
bulk : {
  "took" : 83,
  "errors" :  ...
38: 44001 adresses traitées
adresse : bulk pour les ids de 6208185 à 6209184
bulk : {
  "took" : 75,
  "errors" :  ...
38: 45001 adresses traitées
adresse : bulk pour les ids de 6209185 à 6210184
bulk : {
  "took" : 86,
  "errors" :  ...
38: 46001 adresses traitées
38: 47001 adresses traitées
adresse : bulk pour les ids de 6210185 à 6211184
bulk : {
  "took" : 90,
  "errors" :  ...
38: 48001 adresses traitées
adresse : bulk pour les ids de 6211185 à 6212184
bulk : {
  "took" : 75,
  "errors" :  ...
38: 49001 adresses traitées
adresse : bulk pour les ids de 6212185 à 6213184
bulk : {
  "took" : 89,
  "errors" :  ...
38: 50001 adresses traitées
adresse : bulk pour les ids de 6213185 à 6214184
bulk : {
  "took" : 90,
  "errors" :  ...
38: 51001 adresses traitées
adresse : bulk pour les ids de 6214185 à 6215184
bulk : {
  "took" : 66,
  "errors" :  ...
38: 52001 adresses traitées
adresse : bulk pour les ids de 6215185 à 6216184
bulk : {
  "took" : 75,
  "errors" :  ...
38: 53001 adresses traitées
adresse : bulk pour les ids de 6216185 à 6217184
bulk : {
  "took" : 87,
  "errors" :  ...
38: 54001 adresses traitées
adresse : bulk pour les ids de 6217185 à 6218184
bulk : {
  "took" : 77,
  "errors" :  ...
38: 55001 adresses traitées
adresse : bulk pour les ids de 6218185 à 6219184
bulk : {
  "took" : 87,
  "errors" :  ...
38: 56001 adresses traitées
adresse : bulk pour les ids de 6219185 à 6220184
bulk : {
  "took" : 95,
  "errors" :  ...
38: 57001 adresses traitées
adresse : bulk pour les ids de 6220185 à 6221184
bulk : {
  "took" : 81,
  "errors" :  ...
38: 58001 adresses traitées
adresse : bulk pour les ids de 6221185 à 6222184
bulk : {
  "took" : 83,
  "errors" :  ...
38: 59001 adresses traitées
adresse : bulk pour les ids de 6222185 à 6223184
bulk : {
  "took" : 86,
  "errors" :  ...
38: 60001 adresses traitées
adresse : bulk pour les ids de 6223185 à 6224184
bulk : {
  "took" : 77,
  "errors" :  ...
38: 61001 adresses traitées
adresse : bulk pour les ids de 6224185 à 6225184
bulk : {
  "took" : 86,
  "errors" :  ...
38: 62001 adresses traitées
adresse : bulk pour les ids de 6225185 à 6226184
bulk : {
  "took" : 75,
  "errors" :  ...
38: 63001 adresses traitées
adresse : bulk pour les ids de 6226185 à 6227184
bulk : {
  "took" : 67,
  "errors" :  ...
38: 64001 adresses traitées
38: 65001 adresses traitées
adresse : bulk pour les ids de 6227185 à 6228184
bulk : {
  "took" : 91,
  "errors" :  ...
38: 66001 adresses traitées
adresse : bulk pour les ids de 6228185 à 6229184
bulk : {
  "took" : 78,
  "errors" :  ...
38: 67001 adresses traitées
adresse : bulk pour les ids de 6229185 à 6230184
bulk : {
  "took" : 101,
  "errors" : ...
38: 68001 adresses traitées
adresse : bulk pour les ids de 6230185 à 6231184
bulk : {
  "took" : 101,
  "errors" : ...
38: 69001 adresses traitées
adresse : bulk pour les ids de 6231185 à 6232184
bulk : {
  "took" : 88,
  "errors" :  ...
38: 70001 adresses traitées
adresse : bulk pour les ids de 6232185 à 6233184
bulk : {
  "took" : 94,
  "errors" :  ...
38: 71001 adresses traitées
adresse : bulk pour les ids de 6233185 à 6234184
bulk : {
  "took" : 67,
  "errors" :  ...
38: 72001 adresses traitées
adresse : bulk pour les ids de 6234185 à 6235184
bulk : {
  "took" : 95,
  "errors" :  ...
38: 73001 adresses traitées
adresse : bulk pour les ids de 6235185 à 6236184
bulk : {
  "took" : 83,
  "errors" :  ...
38: 74001 adresses traitées
adresse : bulk pour les ids de 6236185 à 6237184
bulk : {
  "took" : 79,
  "errors" :  ...
38: 75001 adresses traitées
adresse : bulk pour les ids de 6237185 à 6238184
bulk : {
  "took" : 83,
  "errors" :  ...
38: 76001 adresses traitées
adresse : bulk pour les ids de 6238185 à 6239184
bulk : {
  "took" : 234,
  "errors" : ...
38: 77001 adresses traitées
38: 78001 adresses traitées
adresse : bulk pour les ids de 6239185 à 6240184
bulk : {
  "took" : 71,
  "errors" :  ...
38: 79001 adresses traitées
adresse : bulk pour les ids de 6240185 à 6241184
bulk : {
  "took" : 103,
  "errors" : ...
38: 80001 adresses traitées
adresse : bulk pour les ids de 6241185 à 6242184
bulk : {
  "took" : 67,
  "errors" :  ...
38: 81001 adresses traitées
adresse : bulk pour les ids de 6242185 à 6243184
bulk : {
  "took" : 97,
  "errors" :  ...
38: 82001 adresses traitées
adresse : bulk pour les ids de 6243185 à 6244184
bulk : {
  "took" : 82,
  "errors" :  ...
38: 83001 adresses traitées
38: 84001 adresses traitées
adresse : bulk pour les ids de 6244185 à 6245184
bulk : {
  "took" : 67,
  "errors" :  ...
38: 85001 adresses traitées
adresse : bulk pour les ids de 6245185 à 6246184
bulk : {
  "took" : 99,
  "errors" :  ...
38: 86001 adresses traitées
adresse : bulk pour les ids de 6246185 à 6247184
bulk : {
  "took" : 89,
  "errors" :  ...
38: 87001 adresses traitées
adresse : bulk pour les ids de 6247185 à 6248184
bulk : {
  "took" : 96,
  "errors" :  ...
38: 88001 adresses traitées
adresse : bulk pour les ids de 6248185 à 6249184
bulk : {
  "took" : 66,
  "errors" :  ...
38: 89001 adresses traitées
adresse : bulk pour les ids de 6249185 à 6250184
bulk : {
  "took" : 107,
  "errors" : ...
38: 90001 adresses traitées
38: 91001 adresses traitées
adresse : bulk pour les ids de 6250185 à 6251184
bulk : {
  "took" : 85,
  "errors" :  ...
38: 92001 adresses traitées
adresse : bulk pour les ids de 6251185 à 6252184
bulk : {
  "took" : 82,
  "errors" :  ...
38: 93001 adresses traitées
adresse : bulk pour les ids de 6252185 à 6253184
bulk : {
  "took" : 74,
  "errors" :  ...
38: 94001 adresses traitées
adresse : bulk pour les ids de 6253185 à 6254184
bulk : {
  "took" : 82,
  "errors" :  ...
38: 95001 adresses traitées
adresse : bulk pour les ids de 6254185 à 6255184
bulk : {
  "took" : 89,
  "errors" :  ...
38: 96001 adresses traitées
adresse : bulk pour les ids de 6255185 à 6256184
bulk : {
  "took" : 68,
  "errors" :  ...
38: 97001 adresses traitées
adresse : bulk pour les ids de 6256185 à 6257184
bulk : {
  "took" : 92,
  "errors" :  ...
38: 98001 adresses traitées
adresse : bulk pour les ids de 6257185 à 6258184
bulk : {
  "took" : 66,
  "errors" :  ...
38: 99001 adresses traitées
adresse : bulk pour les ids de 6258185 à 6259184
bulk : {
  "took" : 94,
  "errors" :  ...
38: 100001 adresses traitées
38: 101001 adresses traitées
adresse : bulk pour les ids de 6259185 à 6260184
bulk : {
  "took" : 67,
  "errors" :  ...
38: 102001 adresses traitées
adresse : bulk pour les ids de 6260185 à 6261184
bulk : {
  "took" : 93,
  "errors" :  ...
38: 103001 adresses traitées
adresse : bulk pour les ids de 6261185 à 6262184
bulk : {
  "took" : 92,
  "errors" :  ...
38: 104001 adresses traitées
adresse : bulk pour les ids de 6262185 à 6263184
bulk : {
  "took" : 83,
  "errors" :  ...
38: 105001 adresses traitées
adresse : bulk pour les ids de 6263185 à 6264184
bulk : {
  "took" : 98,
  "errors" :  ...
38: 106001 adresses traitées
38: 107001 adresses traitées
adresse : bulk pour les ids de 6264185 à 6265184
bulk : {
  "took" : 98,
  "errors" :  ...
38: 108001 adresses traitées
adresse : bulk pour les ids de 6265185 à 6266184
bulk : {
  "took" : 66,
  "errors" :  ...
38: 109001 adresses traitées
adresse : bulk pour les ids de 6266185 à 6267184
bulk : {
  "took" : 96,
  "errors" :  ...
38: 110001 adresses traitées
adresse : bulk pour les ids de 6267185 à 6268184
bulk : {
  "took" : 75,
  "errors" :  ...
38: 111001 adresses traitées
adresse : bulk pour les ids de 6268185 à 6269184
bulk : {
  "took" : 85,
  "errors" :  ...
38: 112001 adresses traitées
38: 113001 adresses traitées
adresse : bulk pour les ids de 6269185 à 6270184
bulk : {
  "took" : 116,
  "errors" : ...
38: 114001 adresses traitées
adresse : bulk pour les ids de 6270185 à 6271184
bulk : {
  "took" : 98,
  "errors" :  ...
38: 115001 adresses traitées
adresse : bulk pour les ids de 6271185 à 6272184
bulk : {
  "took" : 78,
  "errors" :  ...
38: 116001 adresses traitées
adresse : bulk pour les ids de 6272185 à 6273184
bulk : {
  "took" : 92,
  "errors" :  ...
38: 117001 adresses traitées
adresse : bulk pour les ids de 6273185 à 6274184
bulk : {
  "took" : 83,
  "errors" :  ...
38: 118001 adresses traitées
adresse : bulk pour les ids de 6274185 à 6275184
bulk : {
  "took" : 83,
  "errors" :  ...
38: 119001 adresses traitées
38: 120001 adresses traitées
adresse : bulk pour les ids de 6275185 à 6276184
bulk : {
  "took" : 85,
  "errors" :  ...
38: 121001 adresses traitées
adresse : bulk pour les ids de 6276185 à 6277184
bulk : {
  "took" : 100,
  "errors" : ...
38: 122001 adresses traitées
adresse : bulk pour les ids de 6277185 à 6278184
bulk : {
  "took" : 66,
  "errors" :  ...
38: 123001 adresses traitées
adresse : bulk pour les ids de 6278185 à 6279184
bulk : {
  "took" : 94,
  "errors" :  ...
38: 124001 adresses traitées
adresse : bulk pour les ids de 6279185 à 6280184
bulk : {
  "took" : 82,
  "errors" :  ...
38: 125001 adresses traitées
38: 126001 adresses traitées
adresse : bulk pour les ids de 6280185 à 6281184
bulk : {
  "took" : 82,
  "errors" :  ...
38: 127001 adresses traitées
adresse : bulk pour les ids de 6281185 à 6282184
bulk : {
  "took" : 84,
  "errors" :  ...
38: 128001 adresses traitées
adresse : bulk pour les ids de 6282185 à 6283184
bulk : {
  "took" : 84,
  "errors" :  ...
38: 129001 adresses traitées
38: 130001 adresses traitées
adresse : bulk pour les ids de 6283185 à 6284184
bulk : {
  "took" : 81,
  "errors" :  ...
38: 131001 adresses traitées
adresse : bulk pour les ids de 6284185 à 6285184
bulk : {
  "took" : 96,
  "errors" :  ...
38: 132001 adresses traitées
adresse : bulk pour les ids de 6285185 à 6286184
bulk : {
  "took" : 93,
  "errors" :  ...
38: 133001 adresses traitées
adresse : bulk pour les ids de 6286185 à 6287184
bulk : {
  "took" : 93,
  "errors" :  ...
38: 134001 adresses traitées
38: 135001 adresses traitées
adresse : bulk pour les ids de 6287185 à 6288184
bulk : {
  "took" : 81,
  "errors" :  ...
38: 136001 adresses traitées
adresse : bulk pour les ids de 6288185 à 6289184
bulk : {
  "took" : 77,
  "errors" :  ...
38: 137001 adresses traitées
adresse : bulk pour les ids de 6289185 à 6290184
bulk : {
  "took" : 93,
  "errors" :  ...
38: 138001 adresses traitées
adresse : bulk pour les ids de 6290185 à 6291184
bulk : {
  "took" : 86,
  "errors" :  ...
38: 139001 adresses traitées
adresse : bulk pour les ids de 6291185 à 6292184
bulk : {
  "took" : 107,
  "errors" : ...
38: 140001 adresses traitées
adresse : bulk pour les ids de 6292185 à 6293184
bulk : {
  "took" : 117,
  "errors" : ...
38: 141001 adresses traitées
adresse : bulk pour les ids de 6293185 à 6294184
bulk : {
  "took" : 86,
  "errors" :  ...
38: 142001 adresses traitées
adresse : bulk pour les ids de 6294185 à 6295184
bulk : {
  "took" : 114,
  "errors" : ...
38: 143001 adresses traitées
adresse : bulk pour les ids de 6295185 à 6296184
bulk : {
  "took" : 110,
  "errors" : ...
38: 144001 adresses traitées
38: 145001 adresses traitées
adresse : bulk pour les ids de 6296185 à 6297184
bulk : {
  "took" : 104,
  "errors" : ...
38: 146001 adresses traitées
adresse : bulk pour les ids de 6297185 à 6298184
bulk : {
  "took" : 106,
  "errors" : ...
38: 147001 adresses traitées
adresse : bulk pour les ids de 6298185 à 6299184
bulk : {
  "took" : 68,
  "errors" :  ...
38: 148001 adresses traitées
adresse : bulk pour les ids de 6299185 à 6300184
bulk : {
  "took" : 84,
  "errors" :  ...
38: 149001 adresses traitées
adresse : bulk pour les ids de 6300185 à 6301184
bulk : {
  "took" : 94,
  "errors" :  ...
38: 150001 adresses traitées
adresse : bulk pour les ids de 6301185 à 6302184
bulk : {
  "took" : 79,
  "errors" :  ...
38: 151001 adresses traitées
38: 152001 adresses traitées
adresse : bulk pour les ids de 6302185 à 6303184
bulk : {
  "took" : 74,
  "errors" :  ...
38: 153001 adresses traitées
adresse : bulk pour les ids de 6303185 à 6304184
bulk : {
  "took" : 67,
  "errors" :  ...
38: 154001 adresses traitées
adresse : bulk pour les ids de 6304185 à 6305184
bulk : {
  "took" : 97,
  "errors" :  ...
38: 155001 adresses traitées
adresse : bulk pour les ids de 6305185 à 6306184
bulk : {
  "took" : 66,
  "errors" :  ...
38: 156001 adresses traitées
adresse : bulk pour les ids de 6306185 à 6307184
bulk : {
  "took" : 102,
  "errors" : ...
38: 157001 adresses traitées
38: 158001 adresses traitées
adresse : bulk pour les ids de 6307185 à 6308184
bulk : {
  "took" : 66,
  "errors" :  ...
38: 159001 adresses traitées
adresse : bulk pour les ids de 6308185 à 6309184
bulk : {
  "took" : 99,
  "errors" :  ...
38: 160001 adresses traitées
adresse : bulk pour les ids de 6309185 à 6310184
bulk : {
  "took" : 89,
  "errors" :  ...
38: 161001 adresses traitées
adresse : bulk pour les ids de 6310185 à 6311184
bulk : {
  "took" : 82,
  "errors" :  ...
38: 162001 adresses traitées
adresse : bulk pour les ids de 6311185 à 6312184
bulk : {
  "took" : 90,
  "errors" :  ...
38: 163001 adresses traitées
38: 164001 adresses traitées
adresse : bulk pour les ids de 6312185 à 6313184
bulk : {
  "took" : 84,
  "errors" :  ...
38: 165001 adresses traitées
adresse : bulk pour les ids de 6313185 à 6314184
bulk : {
  "took" : 77,
  "errors" :  ...
38: 166001 adresses traitées
adresse : bulk pour les ids de 6314185 à 6315184
bulk : {
  "took" : 88,
  "errors" :  ...
38: 167001 adresses traitées
adresse : bulk pour les ids de 6315185 à 6316184
bulk : {
  "took" : 80,
  "errors" :  ...
38: 168001 adresses traitées
adresse : bulk pour les ids de 6316185 à 6317184
bulk : {
  "took" : 68,
  "errors" :  ...
38: 169001 adresses traitées
38: 170001 adresses traitées
adresse : bulk pour les ids de 6317185 à 6318184
bulk : {
  "took" : 108,
  "errors" : ...
38: 171001 adresses traitées
adresse : bulk pour les ids de 6318185 à 6319184
bulk : {
  "took" : 68,
  "errors" :  ...
38: 172001 adresses traitées
adresse : bulk pour les ids de 6319185 à 6320184
bulk : {
  "took" : 77,
  "errors" :  ...
38: 173001 adresses traitées
adresse : bulk pour les ids de 6320185 à 6321184
bulk : {
  "took" : 98,
  "errors" :  ...
38: 174001 adresses traitées
adresse : bulk pour les ids de 6321185 à 6322184
bulk : {
  "took" : 98,
  "errors" :  ...
38: 175001 adresses traitées
adresse : bulk pour les ids de 6322185 à 6323184
bulk : {
  "took" : 69,
  "errors" :  ...
38: 176001 adresses traitées
38: 177001 adresses traitées
adresse : bulk pour les ids de 6323185 à 6324184
bulk : {
  "took" : 105,
  "errors" : ...
38: 178001 adresses traitées
adresse : bulk pour les ids de 6324185 à 6325184
bulk : {
  "took" : 67,
  "errors" :  ...
38: 179001 adresses traitées
adresse : bulk pour les ids de 6325185 à 6326184
bulk : {
  "took" : 98,
  "errors" :  ...
38: 180001 adresses traitées
adresse : bulk pour les ids de 6326185 à 6327184
bulk : {
  "took" : 68,
  "errors" :  ...
38: 181001 adresses traitées
38: 182001 adresses traitées
adresse : bulk pour les ids de 6327185 à 6328184
bulk : {
  "took" : 131,
  "errors" : ...
38: 183001 adresses traitées
adresse : bulk pour les ids de 6328185 à 6329184
bulk : {
  "took" : 85,
  "errors" :  ...
38: 184001 adresses traitées
adresse : bulk pour les ids de 6329185 à 6330184
bulk : {
  "took" : 270,
  "errors" : ...
38: 185001 adresses traitées
adresse : bulk pour les ids de 6330185 à 6331184
bulk : {
  "took" : 94,
  "errors" :  ...
38: 186001 adresses traitées
38: 187001 adresses traitées
adresse : bulk pour les ids de 6331185 à 6332184
bulk : {
  "took" : 85,
  "errors" :  ...
38: 188001 adresses traitées
adresse : bulk pour les ids de 6332185 à 6333184
bulk : {
  "took" : 86,
  "errors" :  ...
38: 189001 adresses traitées
adresse : bulk pour les ids de 6333185 à 6334184
bulk : {
  "took" : 88,
  "errors" :  ...
38: 190001 adresses traitées
adresse : bulk pour les ids de 6334185 à 6335184
bulk : {
  "took" : 164,
  "errors" : ...
38: 191001 adresses traitées
adresse : bulk pour les ids de 6335185 à 6336184
bulk : {
  "took" : 87,
  "errors" :  ...
38: 192001 adresses traitées
38: 193001 adresses traitées
adresse : bulk pour les ids de 6336185 à 6337184
bulk : {
  "took" : 93,
  "errors" :  ...
38: 194001 adresses traitées
adresse : bulk pour les ids de 6337185 à 6338184
bulk : {
  "took" : 98,
  "errors" :  ...
38: 195001 adresses traitées
adresse : bulk pour les ids de 6338185 à 6339184
bulk : {
  "took" : 102,
  "errors" : ...
38: 196001 adresses traitées
adresse : bulk pour les ids de 6339185 à 6340184
bulk : {
  "took" : 67,
  "errors" :  ...
38: 197001 adresses traitées
adresse : bulk pour les ids de 6340185 à 6341184
bulk : {
  "took" : 93,
  "errors" :  ...
38: 198001 adresses traitées
38: 199001 adresses traitées
adresse : bulk pour les ids de 6341185 à 6342184
bulk : {
  "took" : 67,
  "errors" :  ...
38: 200001 adresses traitées
adresse : bulk pour les ids de 6342185 à 6343184
bulk : {
  "took" : 95,
  "errors" :  ...
38: 201001 adresses traitées
adresse : bulk pour les ids de 6343185 à 6344184
bulk : {
  "took" : 83,
  "errors" :  ...
38: 202001 adresses traitées
adresse : bulk pour les ids de 6344185 à 6345184
bulk : {
  "took" : 76,
  "errors" :  ...
38: 203001 adresses traitées
adresse : bulk pour les ids de 6345185 à 6346184
bulk : {
  "took" : 87,
  "errors" :  ...
38: 204001 adresses traitées
adresse : bulk pour les ids de 6346185 à 6347184
bulk : {
  "took" : 76,
  "errors" :  ...
38: 205001 adresses traitées
adresse : bulk pour les ids de 6347185 à 6348184
bulk : {
  "took" : 80,
  "errors" :  ...
38: 206001 adresses traitées
adresse : bulk pour les ids de 6348185 à 6349184
bulk : {
  "took" : 87,
  "errors" :  ...
38: 207001 adresses traitées
38: 208001 adresses traitées
adresse : bulk pour les ids de 6349185 à 6350184
bulk : {
  "took" : 78,
  "errors" :  ...
38: 209001 adresses traitées
adresse : bulk pour les ids de 6350185 à 6351184
bulk : {
  "took" : 90,
  "errors" :  ...
38: 210001 adresses traitées
adresse : bulk pour les ids de 6351185 à 6352184
bulk : {
  "took" : 93,
  "errors" :  ...
38: 211001 adresses traitées
adresse : bulk pour les ids de 6352185 à 6353184
bulk : {
  "took" : 69,
  "errors" :  ...
38: 212001 adresses traitées
adresse : bulk pour les ids de 6353185 à 6354184
bulk : {
  "took" : 99,
  "errors" :  ...
38: 213001 adresses traitées
adresse : bulk pour les ids de 6354185 à 6355184
bulk : {
  "took" : 90,
  "errors" :  ...
38: 214001 adresses traitées
adresse : bulk pour les ids de 6355185 à 6356184
bulk : {
  "took" : 77,
  "errors" :  ...
38: 215001 adresses traitées
adresse : bulk pour les ids de 6356185 à 6357184
bulk : {
  "took" : 90,
  "errors" :  ...
38: 216001 adresses traitées
38: 217001 adresses traitées
adresse : bulk pour les ids de 6357185 à 6358184
bulk : {
  "took" : 92,
  "errors" :  ...
38: 218001 adresses traitées
adresse : bulk pour les ids de 6358185 à 6359184
bulk : {
  "took" : 68,
  "errors" :  ...
38: 219001 adresses traitées
adresse : bulk pour les ids de 6359185 à 6360184
bulk : {
  "took" : 104,
  "errors" : ...
38: 220001 adresses traitées
adresse : bulk pour les ids de 6360185 à 6361184
bulk : {
  "took" : 69,
  "errors" :  ...
38: 221001 adresses traitées
adresse : bulk pour les ids de 6361185 à 6362184
bulk : {
  "took" : 98,
  "errors" :  ...
38: 222001 adresses traitées
adresse : bulk pour les ids de 6362185 à 6363184
bulk : {
  "took" : 80,
  "errors" :  ...
38: 223001 adresses traitées
adresse : bulk pour les ids de 6363185 à 6364184
bulk : {
  "took" : 99,
  "errors" :  ...
38: 224001 adresses traitées
adresse : bulk pour les ids de 6364185 à 6365184
bulk : {
  "took" : 100,
  "errors" : ...
38: 225001 adresses traitées
adresse : bulk pour les ids de 6365185 à 6366184
bulk : {
  "took" : 72,
  "errors" :  ...
38: 226001 adresses traitées
adresse : bulk pour les ids de 6366185 à 6367184
bulk : {
  "took" : 77,
  "errors" :  ...
38: 227001 adresses traitées
adresse : bulk pour les ids de 6367185 à 6368184
bulk : {
  "took" : 89,
  "errors" :  ...
38: 228001 adresses traitées
adresse : bulk pour les ids de 6368185 à 6369184
bulk : {
  "took" : 80,
  "errors" :  ...
38: 229001 adresses traitées
adresse : bulk pour les ids de 6369185 à 6370184
bulk : {
  "took" : 89,
  "errors" :  ...
38: 230001 adresses traitées
38: 231001 adresses traitées
adresse : bulk pour les ids de 6370185 à 6371184
bulk : {
  "took" : 92,
  "errors" :  ...
38: 232001 adresses traitées
adresse : bulk pour les ids de 6371185 à 6372184
bulk : {
  "took" : 66,
  "errors" :  ...
38: 233001 adresses traitées
adresse : bulk pour les ids de 6372185 à 6373184
bulk : {
  "took" : 98,
  "errors" :  ...
38: 234001 adresses traitées
adresse : bulk pour les ids de 6373185 à 6374184
bulk : {
  "took" : 99,
  "errors" :  ...
38: 235001 adresses traitées
adresse : bulk pour les ids de 6374185 à 6375184
bulk : {
  "took" : 75,
  "errors" :  ...
38: 236001 adresses traitées
adresse : bulk pour les ids de 6375185 à 6376184
bulk : {
  "took" : 86,
  "errors" :  ...
38: 237001 adresses traitées
adresse : bulk pour les ids de 6376185 à 6377184
bulk : {
  "took" : 75,
  "errors" :  ...
38: 238001 adresses traitées
adresse : bulk pour les ids de 6377185 à 6378184
bulk : {
  "took" : 88,
  "errors" :  ...
38: 239001 adresses traitées
adresse : bulk pour les ids de 6378185 à 6379184
bulk : {
  "took" : 92,
  "errors" :  ...
38: 240001 adresses traitées
adresse : bulk pour les ids de 6379185 à 6380184
bulk : {
  "took" : 70,
  "errors" :  ...
38: 241001 adresses traitées
adresse : bulk pour les ids de 6380185 à 6381184
bulk : {
  "took" : 95,
  "errors" :  ...
38: 242001 adresses traitées
adresse : bulk pour les ids de 6381185 à 6382184
bulk : {
  "took" : 66,
  "errors" :  ...
38: 243001 adresses traitées
adresse : bulk pour les ids de 6382185 à 6383184
bulk : {
  "took" : 92,
  "errors" :  ...
38: 244001 adresses traitées
adresse : bulk pour les ids de 6383185 à 6384184
bulk : {
  "took" : 90,
  "errors" :  ...
38: 245001 adresses traitées
adresse : bulk pour les ids de 6384185 à 6385184
bulk : {
  "took" : 77,
  "errors" :  ...
38: 246001 adresses traitées
adresse : bulk pour les ids de 6385185 à 6386184
bulk : {
  "took" : 86,
  "errors" :  ...
38: 247001 adresses traitées
adresse : bulk pour les ids de 6386185 à 6387184
bulk : {
  "took" : 98,
  "errors" :  ...
38: 248001 adresses traitées
adresse : bulk pour les ids de 6387185 à 6388184
bulk : {
  "took" : 68,
  "errors" :  ...
38: 249001 adresses traitées
adresse : bulk pour les ids de 6388185 à 6389184
bulk : {
  "took" : 104,
  "errors" : ...
38: 250001 adresses traitées
38: 251001 adresses traitées
adresse : bulk pour les ids de 6389185 à 6390184
bulk : {
  "took" : 87,
  "errors" :  ...
38: 252001 adresses traitées
adresse : bulk pour les ids de 6390185 à 6391184
bulk : {
  "took" : 75,
  "errors" :  ...
38: 253001 adresses traitées
adresse : bulk pour les ids de 6391185 à 6392184
bulk : {
  "took" : 88,
  "errors" :  ...
38: 254001 adresses traitées
adresse : bulk pour les ids de 6392185 à 6393184
bulk : {
  "took" : 75,
  "errors" :  ...
38: 255001 adresses traitées
adresse : bulk pour les ids de 6393185 à 6394184
bulk : {
  "took" : 85,
  "errors" :  ...
38: 256001 adresses traitées
adresse : bulk pour les ids de 6394185 à 6395184
bulk : {
  "took" : 80,
  "errors" :  ...
38: 257001 adresses traitées
adresse : bulk pour les ids de 6395185 à 6396184
bulk : {
  "took" : 88,
  "errors" :  ...
38: 258001 adresses traitées
adresse : bulk pour les ids de 6396185 à 6397184
bulk : {
  "took" : 92,
  "errors" :  ...
38: 259001 adresses traitées
adresse : bulk pour les ids de 6397185 à 6398184
bulk : {
  "took" : 68,
  "errors" :  ...
38: 260001 adresses traitées
adresse : bulk pour les ids de 6398185 à 6399184
bulk : {
  "took" : 103,
  "errors" : ...
38: 261001 adresses traitées
adresse : bulk pour les ids de 6399185 à 6400184
bulk : {
  "took" : 67,
  "errors" :  ...
38: 262001 adresses traitées
adresse : bulk pour les ids de 6400185 à 6401184
bulk : {
  "took" : 105,
  "errors" : ...
38: 263001 adresses traitées
adresse : bulk pour les ids de 6401185 à 6402184
bulk : {
  "took" : 94,
  "errors" :  ...
38: 264001 adresses traitées
adresse : bulk pour les ids de 6402185 à 6403184
bulk : {
  "took" : 78,
  "errors" :  ...
38: 265001 adresses traitées
adresse : bulk pour les ids de 6403185 à 6404184
bulk : {
  "took" : 180,
  "errors" : ...
38: 266001 adresses traitées
adresse : bulk pour les ids de 6404185 à 6405184
bulk : {
  "took" : 96,
  "errors" :  ...
38: 267001 adresses traitées
adresse : bulk pour les ids de 6405185 à 6406184
bulk : {
  "took" : 66,
  "errors" :  ...
38: 268001 adresses traitées
adresse : bulk pour les ids de 6406185 à 6407184
bulk : {
  "took" : 100,
  "errors" : ...
38: 269001 adresses traitées
adresse : bulk pour les ids de 6407185 à 6408184
bulk : {
  "took" : 95,
  "errors" :  ...
38: 270001 adresses traitées
adresse : bulk pour les ids de 6408185 à 6409184
bulk : {
  "took" : 76,
  "errors" :  ...
38: 271001 adresses traitées
adresse : bulk pour les ids de 6409185 à 6410184
bulk : {
  "took" : 83,
  "errors" :  ...
38: 272001 adresses traitées
adresse : bulk pour les ids de 6410185 à 6411184
bulk : {
  "took" : 74,
  "errors" :  ...
38: 273001 adresses traitées
38: 274001 adresses traitées
adresse : bulk pour les ids de 6411185 à 6412184
bulk : {
  "took" : 89,
  "errors" :  ...
38: 275001 adresses traitées
adresse : bulk pour les ids de 6412185 à 6413184
bulk : {
  "took" : 75,
  "errors" :  ...
38: 276001 adresses traitées
adresse : bulk pour les ids de 6413185 à 6414184
bulk : {
  "took" : 86,
  "errors" :  ...
38: 277001 adresses traitées
adresse : bulk pour les ids de 6414185 à 6415184
bulk : {
  "took" : 91,
  "errors" :  ...
38: 278001 adresses traitées
adresse : bulk pour les ids de 6415185 à 6416184
bulk : {
  "took" : 69,
  "errors" :  ...
38: 279001 adresses traitées
adresse : bulk pour les ids de 6416185 à 6417184
bulk : {
  "took" : 96,
  "errors" :  ...
38: 280001 adresses traitées
adresse : bulk pour les ids de 6417185 à 6418184
bulk : {
  "took" : 86,
  "errors" :  ...
38: 281001 adresses traitées
adresse : bulk pour les ids de 6418185 à 6419184
bulk : {
  "took" : 78,
  "errors" :  ...
38: 282001 adresses traitées
38: 283001 adresses traitées
adresse : bulk pour les ids de 6419185 à 6420184
bulk : {
  "took" : 105,
  "errors" : ...
38: 284001 adresses traitées
adresse : bulk pour les ids de 6420185 à 6421184
bulk : {
  "took" : 67,
  "errors" :  ...
38: 285001 adresses traitées
adresse : bulk pour les ids de 6421185 à 6422184
bulk : {
  "took" : 74,
  "errors" :  ...
38: 286001 adresses traitées
adresse : bulk pour les ids de 6422185 à 6423184
bulk : {
  "took" : 91,
  "errors" :  ...
38: 287001 adresses traitées
adresse : bulk pour les ids de 6423185 à 6424184
bulk : {
  "took" : 81,
  "errors" :  ...
38: 288001 adresses traitées
adresse : bulk pour les ids de 6424185 à 6425184
bulk : {
  "took" : 71,
  "errors" :  ...
38: 289001 adresses traitées
adresse : bulk pour les ids de 6425185 à 6426184
bulk : {
  "took" : 101,
  "errors" : ...
38: 290001 adresses traitées
38: 291001 adresses traitées
adresse : bulk pour les ids de 6426185 à 6427184
bulk : {
  "took" : 69,
  "errors" :  ...
38: 292001 adresses traitées
adresse : bulk pour les ids de 6427185 à 6428184
bulk : {
  "took" : 97,
  "errors" :  ...
38: 293001 adresses traitées
adresse : bulk pour les ids de 6428185 à 6429184
bulk : {
  "took" : 68,
  "errors" :  ...
38: 294001 adresses traitées
adresse : bulk pour les ids de 6429185 à 6430184
bulk : {
  "took" : 101,
  "errors" : ...
38: 295001 adresses traitées
adresse : bulk pour les ids de 6430185 à 6431184
bulk : {
  "took" : 87,
  "errors" :  ...
38: 296001 adresses traitées
adresse : bulk pour les ids de 6431185 à 6432184
bulk : {
  "took" : 80,
  "errors" :  ...
38: 297001 adresses traitées
adresse : bulk pour les ids de 6432185 à 6433184
bulk : {
  "took" : 93,
  "errors" :  ...
38: 298001 adresses traitées
adresse : bulk pour les ids de 6433185 à 6434184
bulk : {
  "took" : 77,
  "errors" :  ...
38: 299001 adresses traitées
adresse : bulk pour les ids de 6434185 à 6435184
bulk : {
  "took" : 85,
  "errors" :  ...
38: 300001 adresses traitées
38: 301001 adresses traitées
adresse : bulk pour les ids de 6435185 à 6436184
bulk : {
  "took" : 100,
  "errors" : ...
38: 302001 adresses traitées
adresse : bulk pour les ids de 6436185 à 6437184
bulk : {
  "took" : 70,
  "errors" :  ...
38: 303001 adresses traitées
38: 304001 adresses traitées
adresse : bulk pour les ids de 6437185 à 6438184
bulk : {
  "took" : 77,
  "errors" :  ...
38: 305001 adresses traitées
adresse : bulk pour les ids de 6438185 à 6439184
bulk : {
  "took" : 91,
  "errors" :  ...
38: 306001 adresses traitées
adresse : bulk pour les ids de 6439185 à 6440184
bulk : {
  "took" : 76,
  "errors" :  ...
38: 307001 adresses traitées
adresse : bulk pour les ids de 6440185 à 6441184
bulk : {
  "took" : 90,
  "errors" :  ...
38: 308001 adresses traitées
38: 309001 adresses traitées
adresse : bulk pour les ids de 6441185 à 6442184
bulk : {
  "took" : 92,
  "errors" :  ...
38: 310001 adresses traitées
adresse : bulk pour les ids de 6442185 à 6443184
bulk : {
  "took" : 81,
  "errors" :  ...
38: 311001 adresses traitées
adresse : bulk pour les ids de 6443185 à 6444184
bulk : {
  "took" : 85,
  "errors" :  ...
38: 312001 adresses traitées
adresse : bulk pour les ids de 6444185 à 6445184
bulk : {
  "took" : 77,
  "errors" :  ...
38: 313001 adresses traitées
38: 314001 adresses traitées
adresse : bulk pour les ids de 6445185 à 6446184
bulk : {
  "took" : 142,
  "errors" : ...
38: 315001 adresses traitées
adresse : bulk pour les ids de 6446185 à 6447184
bulk : {
  "took" : 98,
  "errors" :  ...
38: 316001 adresses traitées
adresse : bulk pour les ids de 6447185 à 6448184
bulk : {
  "took" : 68,
  "errors" :  ...
38: 317001 adresses traitées
adresse : bulk pour les ids de 6448185 à 6449184
bulk : {
  "took" : 98,
  "errors" :  ...
38: 318001 adresses traitées
adresse : bulk pour les ids de 6449185 à 6450184
bulk : {
  "took" : 79,
  "errors" :  ...
38: 319001 adresses traitées
adresse : bulk pour les ids de 6450185 à 6451184
bulk : {
  "took" : 66,
  "errors" :  ...
38: 320001 adresses traitées
adresse : bulk pour les ids de 6451185 à 6452184
bulk : {
  "took" : 95,
  "errors" :  ...
38: 321001 adresses traitées
adresse : bulk pour les ids de 6452185 à 6453184
bulk : {
  "took" : 84,
  "errors" :  ...
38: 322001 adresses traitées
adresse : bulk pour les ids de 6453185 à 6454184
bulk : {
  "took" : 80,
  "errors" :  ...
38: 323001 adresses traitées
adresse : bulk pour les ids de 6454185 à 6455184
bulk : {
  "took" : 88,
  "errors" :  ...
38: 324001 adresses traitées
adresse : bulk pour les ids de 6455185 à 6456184
bulk : {
  "took" : 95,
  "errors" :  ...
38: 325001 adresses traitées
adresse : bulk pour les ids de 6456185 à 6457184
bulk : {
  "took" : 77,
  "errors" :  ...
38: 326001 adresses traitées
adresse : bulk pour les ids de 6457185 à 6458184
bulk : {
  "took" : 67,
  "errors" :  ...
38: 327001 adresses traitées
adresse : bulk pour les ids de 6458185 à 6459184
bulk : {
  "took" : 93,
  "errors" :  ...
38: 328001 adresses traitées
adresse : bulk pour les ids de 6459185 à 6460184
bulk : {
  "took" : 67,
  "errors" :  ...
38: 329001 adresses traitées
adresse : bulk pour les ids de 6460185 à 6461184
bulk : {
  "took" : 102,
  "errors" : ...
38: 330001 adresses traitées
adresse : bulk pour les ids de 6461185 à 6462184
bulk : {
  "took" : 71,
  "errors" :  ...
38: 331001 adresses traitées
adresse : bulk pour les ids de 6462185 à 6463184
bulk : {
  "took" : 98,
  "errors" :  ...
38: 332001 adresses traitées
adresse : bulk pour les ids de 6463185 à 6464184
bulk : {
  "took" : 95,
  "errors" :  ...
38: 333001 adresses traitées
adresse : bulk pour les ids de 6464185 à 6465184
bulk : {
  "took" : 68,
  "errors" :  ...
38: 334001 adresses traitées
adresse : bulk pour les ids de 6465185 à 6465851
bulk : {
  "took" : 70,
  "errors" :  ...
dpt 39 : voies
39: 1 voies traitées
voie : bulk pour les ids de 499018 à 499217
bulk : {
  "took" : 12,
  "errors" :  ...
39: 201 voies traitées
voie : bulk pour les ids de 499218 à 499417
bulk : {
  "took" : 12,
  "errors" :  ...
39: 401 voies traitées
voie : bulk pour les ids de 499418 à 499617
bulk : {
  "took" : 12,
  "errors" :  ...
39: 601 voies traitées
voie : bulk pour les ids de 499618 à 499817
bulk : {
  "took" : 12,
  "errors" :  ...
39: 801 voies traitées
voie : bulk pour les ids de 499818 à 500017
bulk : {
  "took" : 12,
  "errors" :  ...
39: 1001 voies traitées
voie : bulk pour les ids de 500018 à 500217
bulk : {
  "took" : 12,
  "errors" :  ...
39: 1201 voies traitées
voie : bulk pour les ids de 500218 à 500417
bulk : {
  "took" : 12,
  "errors" :  ...
39: 1401 voies traitées
voie : bulk pour les ids de 500418 à 500617
bulk : {
  "took" : 34,
  "errors" :  ...
39: 1601 voies traitées
voie : bulk pour les ids de 500618 à 500817
bulk : {
  "took" : 11,
  "errors" :  ...
39: 1801 voies traitées
voie : bulk pour les ids de 500818 à 501017
bulk : {
  "took" : 12,
  "errors" :  ...
39: 2001 voies traitées
voie : bulk pour les ids de 501018 à 501217
bulk : {
  "took" : 12,
  "errors" :  ...
39: 2201 voies traitées
voie : bulk pour les ids de 501218 à 501417
bulk : {
  "took" : 11,
  "errors" :  ...
39: 2401 voies traitées
voie : bulk pour les ids de 501418 à 501617
bulk : {
  "took" : 13,
  "errors" :  ...
39: 2601 voies traitées
voie : bulk pour les ids de 501618 à 501817
bulk : {
  "took" : 11,
  "errors" :  ...
39: 2801 voies traitées
voie : bulk pour les ids de 501818 à 502017
bulk : {
  "took" : 11,
  "errors" :  ...
39: 3001 voies traitées
voie : bulk pour les ids de 502018 à 502217
bulk : {
  "took" : 12,
  "errors" :  ...
39: 3201 voies traitées
voie : bulk pour les ids de 502218 à 502417
bulk : {
  "took" : 11,
  "errors" :  ...
39: 3401 voies traitées
voie : bulk pour les ids de 502418 à 502617
bulk : {
  "took" : 11,
  "errors" :  ...
39: 3601 voies traitées
voie : bulk pour les ids de 502618 à 502817
bulk : {
  "took" : 37,
  "errors" :  ...
39: 3801 voies traitées
voie : bulk pour les ids de 502818 à 503017
bulk : {
  "took" : 13,
  "errors" :  ...
39: 4001 voies traitées
voie : bulk pour les ids de 503018 à 503217
bulk : {
  "took" : 12,
  "errors" :  ...
39: 4201 voies traitées
voie : bulk pour les ids de 503218 à 503417
bulk : {
  "took" : 12,
  "errors" :  ...
39: 4401 voies traitées
voie : bulk pour les ids de 503418 à 503617
bulk : {
  "took" : 12,
  "errors" :  ...
39: 4601 voies traitées
voie : bulk pour les ids de 503618 à 503817
bulk : {
  "took" : 12,
  "errors" :  ...
39: 4801 voies traitées
voie : bulk pour les ids de 503818 à 504017
bulk : {
  "took" : 11,
  "errors" :  ...
39: 5001 voies traitées
voie : bulk pour les ids de 504018 à 504217
bulk : {
  "took" : 12,
  "errors" :  ...
39: 5201 voies traitées
voie : bulk pour les ids de 504218 à 504417
bulk : {
  "took" : 12,
  "errors" :  ...
39: 5401 voies traitées
voie : bulk pour les ids de 504418 à 504617
bulk : {
  "took" : 32,
  "errors" :  ...
39: 5601 voies traitées
voie : bulk pour les ids de 504618 à 504817
bulk : {
  "took" : 12,
  "errors" :  ...
39: 5801 voies traitées
voie : bulk pour les ids de 504818 à 505017
bulk : {
  "took" : 12,
  "errors" :  ...
39: 6001 voies traitées
voie : bulk pour les ids de 505018 à 505217
bulk : {
  "took" : 12,
  "errors" :  ...
39: 6201 voies traitées
voie : bulk pour les ids de 505218 à 505417
bulk : {
  "took" : 12,
  "errors" :  ...
39: 6401 voies traitées
voie : bulk pour les ids de 505418 à 505617
bulk : {
  "took" : 12,
  "errors" :  ...
39: 6601 voies traitées
voie : bulk pour les ids de 505618 à 505817
bulk : {
  "took" : 13,
  "errors" :  ...
39: 6801 voies traitées
voie : bulk pour les ids de 505818 à 506017
bulk : {
  "took" : 13,
  "errors" :  ...
39: 7001 voies traitées
voie : bulk pour les ids de 506018 à 506217
bulk : {
  "took" : 12,
  "errors" :  ...
39: 7201 voies traitées
voie : bulk pour les ids de 506218 à 506417
bulk : {
  "took" : 12,
  "errors" :  ...
39: 7401 voies traitées
voie : bulk pour les ids de 506418 à 506617
bulk : {
  "took" : 45,
  "errors" :  ...
39: 7601 voies traitées
voie : bulk pour les ids de 506618 à 506817
bulk : {
  "took" : 12,
  "errors" :  ...
39: 7801 voies traitées
voie : bulk pour les ids de 506818 à 507017
bulk : {
  "took" : 12,
  "errors" :  ...
39: 8001 voies traitées
voie : bulk pour les ids de 507018 à 507217
bulk : {
  "took" : 12,
  "errors" :  ...
39: 8201 voies traitées
voie : bulk pour les ids de 507218 à 507417
bulk : {
  "took" : 12,
  "errors" :  ...
39: 8401 voies traitées
voie : bulk pour les ids de 507418 à 507617
bulk : {
  "took" : 12,
  "errors" :  ...
39: 8601 voies traitées
voie : bulk pour les ids de 507618 à 507817
bulk : {
  "took" : 44,
  "errors" :  ...
39: 8801 voies traitées
voie : bulk pour les ids de 507818 à 508017
bulk : {
  "took" : 12,
  "errors" :  ...
39: 9001 voies traitées
voie : bulk pour les ids de 508018 à 508217
bulk : {
  "took" : 12,
  "errors" :  ...
39: 9201 voies traitées
voie : bulk pour les ids de 508218 à 508417
bulk : {
  "took" : 13,
  "errors" :  ...
39: 9401 voies traitées
voie : bulk pour les ids de 508418 à 508617
bulk : {
  "took" : 12,
  "errors" :  ...
39: 9601 voies traitées
voie : bulk pour les ids de 508618 à 508817
bulk : {
  "took" : 12,
  "errors" :  ...
39: 9801 voies traitées
voie : bulk pour les ids de 508818 à 509017
bulk : {
  "took" : 12,
  "errors" :  ...
39: 10001 voies traitées
voie : bulk pour les ids de 509018 à 509217
bulk : {
  "took" : 13,
  "errors" :  ...
39: 10201 voies traitées
voie : bulk pour les ids de 509218 à 509417
bulk : {
  "took" : 29,
  "errors" :  ...
39: 10401 voies traitées
voie : bulk pour les ids de 509418 à 509617
bulk : {
  "took" : 12,
  "errors" :  ...
39: 10601 voies traitées
voie : bulk pour les ids de 509618 à 509817
bulk : {
  "took" : 12,
  "errors" :  ...
39: 10801 voies traitées
voie : bulk pour les ids de 509818 à 510017
bulk : {
  "took" : 13,
  "errors" :  ...
39: 11001 voies traitées
voie : bulk pour les ids de 510018 à 510217
bulk : {
  "took" : 24,
  "errors" :  ...
39: 11201 voies traitées
voie : bulk pour les ids de 510218 à 510252
bulk : {
  "took" : 2,
  "errors" : f ...
dpt 39 : adresses
39: 1 adresses traitées
39: 1001 adresses traitées
adresse : bulk pour les ids de 6465852 à 6466851
bulk : {
  "took" : 89,
  "errors" :  ...
39: 2001 adresses traitées
adresse : bulk pour les ids de 6466852 à 6467851
bulk : {
  "took" : 76,
  "errors" :  ...
39: 3001 adresses traitées
adresse : bulk pour les ids de 6467852 à 6468851
bulk : {
  "took" : 66,
  "errors" :  ...
39: 4001 adresses traitées
adresse : bulk pour les ids de 6468852 à 6469851
bulk : {
  "took" : 92,
  "errors" :  ...
39: 5001 adresses traitées
adresse : bulk pour les ids de 6469852 à 6470851
bulk : {
  "took" : 82,
  "errors" :  ...
39: 6001 adresses traitées
adresse : bulk pour les ids de 6470852 à 6471851
bulk : {
  "took" : 76,
  "errors" :  ...
39: 7001 adresses traitées
adresse : bulk pour les ids de 6471852 à 6472851
bulk : {
  "took" : 88,
  "errors" :  ...
39: 8001 adresses traitées
adresse : bulk pour les ids de 6472852 à 6473851
bulk : {
  "took" : 82,
  "errors" :  ...
39: 9001 adresses traitées
adresse : bulk pour les ids de 6473852 à 6474851
bulk : {
  "took" : 68,
  "errors" :  ...
39: 10001 adresses traitées
adresse : bulk pour les ids de 6474852 à 6475851
bulk : {
  "took" : 89,
  "errors" :  ...
39: 11001 adresses traitées
adresse : bulk pour les ids de 6475852 à 6476851
bulk : {
  "took" : 68,
  "errors" :  ...
39: 12001 adresses traitées
adresse : bulk pour les ids de 6476852 à 6477851
bulk : {
  "took" : 90,
  "errors" :  ...
39: 13001 adresses traitées
adresse : bulk pour les ids de 6477852 à 6478851
bulk : {
  "took" : 66,
  "errors" :  ...
39: 14001 adresses traitées
adresse : bulk pour les ids de 6478852 à 6479851
bulk : {
  "took" : 98,
  "errors" :  ...
39: 15001 adresses traitées
adresse : bulk pour les ids de 6479852 à 6480851
bulk : {
  "took" : 90,
  "errors" :  ...
39: 16001 adresses traitées
adresse : bulk pour les ids de 6480852 à 6481851
bulk : {
  "took" : 74,
  "errors" :  ...
39: 17001 adresses traitées
adresse : bulk pour les ids de 6481852 à 6482851
bulk : {
  "took" : 87,
  "errors" :  ...
39: 18001 adresses traitées
adresse : bulk pour les ids de 6482852 à 6483851
bulk : {
  "took" : 90,
  "errors" :  ...
39: 19001 adresses traitées
adresse : bulk pour les ids de 6483852 à 6484851
bulk : {
  "took" : 84,
  "errors" :  ...
39: 20001 adresses traitées
adresse : bulk pour les ids de 6484852 à 6485851
bulk : {
  "took" : 101,
  "errors" : ...
39: 21001 adresses traitées
adresse : bulk pour les ids de 6485852 à 6486851
bulk : {
  "took" : 68,
  "errors" :  ...
39: 22001 adresses traitées
adresse : bulk pour les ids de 6486852 à 6487851
bulk : {
  "took" : 95,
  "errors" :  ...
39: 23001 adresses traitées
adresse : bulk pour les ids de 6487852 à 6488851
bulk : {
  "took" : 92,
  "errors" :  ...
39: 24001 adresses traitées
adresse : bulk pour les ids de 6488852 à 6489851
bulk : {
  "took" : 75,
  "errors" :  ...
39: 25001 adresses traitées
adresse : bulk pour les ids de 6489852 à 6490851
bulk : {
  "took" : 85,
  "errors" :  ...
39: 26001 adresses traitées
adresse : bulk pour les ids de 6490852 à 6491851
bulk : {
  "took" : 103,
  "errors" : ...
39: 27001 adresses traitées
39: 28001 adresses traitées
adresse : bulk pour les ids de 6491852 à 6492851
bulk : {
  "took" : 67,
  "errors" :  ...
39: 29001 adresses traitées
adresse : bulk pour les ids de 6492852 à 6493851
bulk : {
  "took" : 93,
  "errors" :  ...
39: 30001 adresses traitées
adresse : bulk pour les ids de 6493852 à 6494851
bulk : {
  "took" : 68,
  "errors" :  ...
39: 31001 adresses traitées
adresse : bulk pour les ids de 6494852 à 6495851
bulk : {
  "took" : 96,
  "errors" :  ...
39: 32001 adresses traitées
adresse : bulk pour les ids de 6495852 à 6496851
bulk : {
  "took" : 90,
  "errors" :  ...
39: 33001 adresses traitées
adresse : bulk pour les ids de 6496852 à 6497851
bulk : {
  "took" : 79,
  "errors" :  ...
39: 34001 adresses traitées
adresse : bulk pour les ids de 6497852 à 6498851
bulk : {
  "took" : 94,
  "errors" :  ...
39: 35001 adresses traitées
adresse : bulk pour les ids de 6498852 à 6499851
bulk : {
  "took" : 75,
  "errors" :  ...
39: 36001 adresses traitées
adresse : bulk pour les ids de 6499852 à 6500851
bulk : {
  "took" : 95,
  "errors" :  ...
39: 37001 adresses traitées
adresse : bulk pour les ids de 6500852 à 6501851
bulk : {
  "took" : 79,
  "errors" :  ...
39: 38001 adresses traitées
adresse : bulk pour les ids de 6501852 à 6502851
bulk : {
  "took" : 68,
  "errors" :  ...
39: 39001 adresses traitées
adresse : bulk pour les ids de 6502852 à 6503851
bulk : {
  "took" : 104,
  "errors" : ...
39: 40001 adresses traitées
adresse : bulk pour les ids de 6503852 à 6504851
bulk : {
  "took" : 84,
  "errors" :  ...
39: 41001 adresses traitées
adresse : bulk pour les ids de 6504852 à 6505851
bulk : {
  "took" : 73,
  "errors" :  ...
39: 42001 adresses traitées
39: 43001 adresses traitées
adresse : bulk pour les ids de 6505852 à 6506851
bulk : {
  "took" : 87,
  "errors" :  ...
39: 44001 adresses traitées
adresse : bulk pour les ids de 6506852 à 6507851
bulk : {
  "took" : 76,
  "errors" :  ...
39: 45001 adresses traitées
adresse : bulk pour les ids de 6507852 à 6508851
bulk : {
  "took" : 85,
  "errors" :  ...
39: 46001 adresses traitées
adresse : bulk pour les ids de 6508852 à 6509851
bulk : {
  "took" : 98,
  "errors" :  ...
39: 47001 adresses traitées
adresse : bulk pour les ids de 6509852 à 6510851
bulk : {
  "took" : 68,
  "errors" :  ...
39: 48001 adresses traitées
39: 49001 adresses traitées
adresse : bulk pour les ids de 6510852 à 6511851
bulk : {
  "took" : 77,
  "errors" :  ...
39: 50001 adresses traitées
adresse : bulk pour les ids de 6511852 à 6512851
bulk : {
  "took" : 89,
  "errors" :  ...
39: 51001 adresses traitées
39: 52001 adresses traitées
adresse : bulk pour les ids de 6512852 à 6513851
bulk : {
  "took" : 76,
  "errors" :  ...
39: 53001 adresses traitées
adresse : bulk pour les ids de 6513852 à 6514851
bulk : {
  "took" : 91,
  "errors" :  ...
39: 54001 adresses traitées
adresse : bulk pour les ids de 6514852 à 6515851
bulk : {
  "took" : 78,
  "errors" :  ...
39: 55001 adresses traitées
39: 56001 adresses traitées
adresse : bulk pour les ids de 6515852 à 6516851
bulk : {
  "took" : 88,
  "errors" :  ...
39: 57001 adresses traitées
adresse : bulk pour les ids de 6516852 à 6517851
bulk : {
  "took" : 97,
  "errors" :  ...
39: 58001 adresses traitées
adresse : bulk pour les ids de 6517852 à 6518851
bulk : {
  "took" : 67,
  "errors" :  ...
39: 59001 adresses traitées
adresse : bulk pour les ids de 6518852 à 6519851
bulk : {
  "took" : 97,
  "errors" :  ...
39: 60001 adresses traitées
adresse : bulk pour les ids de 6519852 à 6520851
bulk : {
  "took" : 69,
  "errors" :  ...
39: 61001 adresses traitées
adresse : bulk pour les ids de 6520852 à 6521851
bulk : {
  "took" : 86,
  "errors" :  ...
39: 62001 adresses traitées
adresse : bulk pour les ids de 6521852 à 6522851
bulk : {
  "took" : 84,
  "errors" :  ...
39: 63001 adresses traitées
39: 64001 adresses traitées
adresse : bulk pour les ids de 6522852 à 6523851
bulk : {
  "took" : 93,
  "errors" :  ...
39: 65001 adresses traitées
adresse : bulk pour les ids de 6523852 à 6524851
bulk : {
  "took" : 68,
  "errors" :  ...
39: 66001 adresses traitées
adresse : bulk pour les ids de 6524852 à 6525851
bulk : {
  "took" : 95,
  "errors" :  ...
39: 67001 adresses traitées
adresse : bulk pour les ids de 6525852 à 6526851
bulk : {
  "took" : 89,
  "errors" :  ...
39: 68001 adresses traitées
adresse : bulk pour les ids de 6526852 à 6527851
bulk : {
  "took" : 77,
  "errors" :  ...
39: 69001 adresses traitées
adresse : bulk pour les ids de 6527852 à 6528851
bulk : {
  "took" : 99,
  "errors" :  ...
39: 70001 adresses traitées
adresse : bulk pour les ids de 6528852 à 6529851
bulk : {
  "took" : 86,
  "errors" :  ...
39: 71001 adresses traitées
adresse : bulk pour les ids de 6529852 à 6530851
bulk : {
  "took" : 76,
  "errors" :  ...
39: 72001 adresses traitées
adresse : bulk pour les ids de 6530852 à 6531851
bulk : {
  "took" : 85,
  "errors" :  ...
39: 73001 adresses traitées
adresse : bulk pour les ids de 6531852 à 6532851
bulk : {
  "took" : 78,
  "errors" :  ...
39: 74001 adresses traitées
39: 75001 adresses traitées
adresse : bulk pour les ids de 6532852 à 6533851
bulk : {
  "took" : 93,
  "errors" :  ...
39: 76001 adresses traitées
adresse : bulk pour les ids de 6533852 à 6534851
bulk : {
  "took" : 80,
  "errors" :  ...
39: 77001 adresses traitées
adresse : bulk pour les ids de 6534852 à 6535851
bulk : {
  "took" : 102,
  "errors" : ...
39: 78001 adresses traitées
adresse : bulk pour les ids de 6535852 à 6536851
bulk : {
  "took" : 94,
  "errors" :  ...
39: 79001 adresses traitées
adresse : bulk pour les ids de 6536852 à 6537851
bulk : {
  "took" : 75,
  "errors" :  ...
39: 80001 adresses traitées
adresse : bulk pour les ids de 6537852 à 6538851
bulk : {
  "took" : 76,
  "errors" :  ...
39: 81001 adresses traitées
adresse : bulk pour les ids de 6538852 à 6539851
bulk : {
  "took" : 89,
  "errors" :  ...
39: 82001 adresses traitées
adresse : bulk pour les ids de 6539852 à 6540851
bulk : {
  "took" : 82,
  "errors" :  ...
39: 83001 adresses traitées
adresse : bulk pour les ids de 6540852 à 6541851
bulk : {
  "took" : 68,
  "errors" :  ...
39: 84001 adresses traitées
adresse : bulk pour les ids de 6541852 à 6542851
bulk : {
  "took" : 100,
  "errors" : ...
39: 85001 adresses traitées
39: 86001 adresses traitées
adresse : bulk pour les ids de 6542852 à 6543851
bulk : {
  "took" : 70,
  "errors" :  ...
39: 87001 adresses traitées
adresse : bulk pour les ids de 6543852 à 6544851
bulk : {
  "took" : 78,
  "errors" :  ...
39: 88001 adresses traitées
adresse : bulk pour les ids de 6544852 à 6545851
bulk : {
  "took" : 86,
  "errors" :  ...
39: 89001 adresses traitées
adresse : bulk pour les ids de 6545852 à 6546851
bulk : {
  "took" : 76,
  "errors" :  ...
39: 90001 adresses traitées
adresse : bulk pour les ids de 6546852 à 6547851
bulk : {
  "took" : 102,
  "errors" : ...
39: 91001 adresses traitées
adresse : bulk pour les ids de 6547852 à 6548851
bulk : {
  "took" : 90,
  "errors" :  ...
39: 92001 adresses traitées
adresse : bulk pour les ids de 6548852 à 6549851
bulk : {
  "took" : 77,
  "errors" :  ...
39: 93001 adresses traitées
adresse : bulk pour les ids de 6549852 à 6550851
bulk : {
  "took" : 89,
  "errors" :  ...
39: 94001 adresses traitées
39: 95001 adresses traitées
adresse : bulk pour les ids de 6550852 à 6551851
bulk : {
  "took" : 85,
  "errors" :  ...
39: 96001 adresses traitées
adresse : bulk pour les ids de 6551852 à 6552851
bulk : {
  "took" : 83,
  "errors" :  ...
39: 97001 adresses traitées
adresse : bulk pour les ids de 6552852 à 6553851
bulk : {
  "took" : 84,
  "errors" :  ...
39: 98001 adresses traitées
adresse : bulk pour les ids de 6553852 à 6554851
bulk : {
  "took" : 67,
  "errors" :  ...
39: 99001 adresses traitées
adresse : bulk pour les ids de 6554852 à 6555851
bulk : {
  "took" : 95,
  "errors" :  ...
39: 100001 adresses traitées
39: 101001 adresses traitées
adresse : bulk pour les ids de 6555852 à 6556851
bulk : {
  "took" : 88,
  "errors" :  ...
39: 102001 adresses traitées
adresse : bulk pour les ids de 6556852 à 6557851
bulk : {
  "took" : 78,
  "errors" :  ...
39: 103001 adresses traitées
adresse : bulk pour les ids de 6557852 à 6558851
bulk : {
  "took" : 94,
  "errors" :  ...
39: 104001 adresses traitées
adresse : bulk pour les ids de 6558852 à 6559851
bulk : {
  "took" : 76,
  "errors" :  ...
39: 105001 adresses traitées
adresse : bulk pour les ids de 6559852 à 6560851
bulk : {
  "took" : 68,
  "errors" :  ...
39: 106001 adresses traitées
adresse : bulk pour les ids de 6560852 à 6561851
bulk : {
  "took" : 94,
  "errors" :  ...
39: 107001 adresses traitées
39: 108001 adresses traitées
adresse : bulk pour les ids de 6561852 à 6562851
bulk : {
  "took" : 88,
  "errors" :  ...
39: 109001 adresses traitées
adresse : bulk pour les ids de 6562852 à 6563851
bulk : {
  "took" : 78,
  "errors" :  ...
39: 110001 adresses traitées
39: 111001 adresses traitées
adresse : bulk pour les ids de 6563852 à 6564851
bulk : {
  "took" : 84,
  "errors" :  ...
39: 112001 adresses traitées
adresse : bulk pour les ids de 6564852 à 6565851
bulk : {
  "took" : 76,
  "errors" :  ...
39: 113001 adresses traitées
adresse : bulk pour les ids de 6565852 à 6566851
bulk : {
  "took" : 85,
  "errors" :  ...
39: 114001 adresses traitées
adresse : bulk pour les ids de 6566852 à 6567851
bulk : {
  "took" : 97,
  "errors" :  ...
39: 115001 adresses traitées
adresse : bulk pour les ids de 6567852 à 6568851
bulk : {
  "took" : 68,
  "errors" :  ...
39: 116001 adresses traitées
adresse : bulk pour les ids de 6568852 à 6569851
bulk : {
  "took" : 94,
  "errors" :  ...
39: 117001 adresses traitées
adresse : bulk pour les ids de 6569852 à 6570851
bulk : {
  "took" : 77,
  "errors" :  ...
39: 118001 adresses traitées
adresse : bulk pour les ids de 6570852 à 6571851
bulk : {
  "took" : 97,
  "errors" :  ...
39: 119001 adresses traitées
adresse : bulk pour les ids de 6571852 à 6572851
bulk : {
  "took" : 93,
  "errors" :  ...
39: 120001 adresses traitées
adresse : bulk pour les ids de 6572852 à 6573370
bulk : {
  "took" : 41,
  "errors" :  ...
dpt 40 : voies
40: 1 voies traitées
voie : bulk pour les ids de 510253 à 510452
bulk : {
  "took" : 12,
  "errors" :  ...
40: 201 voies traitées
voie : bulk pour les ids de 510453 à 510652
bulk : {
  "took" : 12,
  "errors" :  ...
40: 401 voies traitées
voie : bulk pour les ids de 510653 à 510852
bulk : {
  "took" : 12,
  "errors" :  ...
40: 601 voies traitées
voie : bulk pour les ids de 510853 à 511052
bulk : {
  "took" : 34,
  "errors" :  ...
40: 801 voies traitées
voie : bulk pour les ids de 511053 à 511252
bulk : {
  "took" : 12,
  "errors" :  ...
40: 1001 voies traitées
voie : bulk pour les ids de 511253 à 511452
bulk : {
  "took" : 12,
  "errors" :  ...
40: 1201 voies traitées
voie : bulk pour les ids de 511453 à 511652
bulk : {
  "took" : 12,
  "errors" :  ...
40: 1401 voies traitées
voie : bulk pour les ids de 511653 à 511852
bulk : {
  "took" : 12,
  "errors" :  ...
40: 1601 voies traitées
voie : bulk pour les ids de 511853 à 512052
bulk : {
  "took" : 11,
  "errors" :  ...
40: 1801 voies traitées
voie : bulk pour les ids de 512053 à 512252
bulk : {
  "took" : 12,
  "errors" :  ...
40: 2001 voies traitées
voie : bulk pour les ids de 512253 à 512452
bulk : {
  "took" : 12,
  "errors" :  ...
40: 2201 voies traitées
voie : bulk pour les ids de 512453 à 512652
bulk : {
  "took" : 13,
  "errors" :  ...
40: 2401 voies traitées
voie : bulk pour les ids de 512653 à 512852
bulk : {
  "took" : 12,
  "errors" :  ...
40: 2601 voies traitées
voie : bulk pour les ids de 512853 à 513052
bulk : {
  "took" : 34,
  "errors" :  ...
40: 2801 voies traitées
voie : bulk pour les ids de 513053 à 513252
bulk : {
  "took" : 13,
  "errors" :  ...
40: 3001 voies traitées
voie : bulk pour les ids de 513253 à 513452
bulk : {
  "took" : 17,
  "errors" :  ...
40: 3201 voies traitées
voie : bulk pour les ids de 513453 à 513652
bulk : {
  "took" : 11,
  "errors" :  ...
40: 3401 voies traitées
voie : bulk pour les ids de 513653 à 513852
bulk : {
  "took" : 22,
  "errors" :  ...
40: 3601 voies traitées
voie : bulk pour les ids de 513853 à 514052
bulk : {
  "took" : 12,
  "errors" :  ...
40: 3801 voies traitées
voie : bulk pour les ids de 514053 à 514252
bulk : {
  "took" : 12,
  "errors" :  ...
40: 4001 voies traitées
voie : bulk pour les ids de 514253 à 514452
bulk : {
  "took" : 12,
  "errors" :  ...
40: 4201 voies traitées
voie : bulk pour les ids de 514453 à 514652
bulk : {
  "took" : 12,
  "errors" :  ...
40: 4401 voies traitées
voie : bulk pour les ids de 514653 à 514852
bulk : {
  "took" : 40,
  "errors" :  ...
40: 4601 voies traitées
voie : bulk pour les ids de 514853 à 515052
bulk : {
  "took" : 12,
  "errors" :  ...
40: 4801 voies traitées
voie : bulk pour les ids de 515053 à 515252
bulk : {
  "took" : 12,
  "errors" :  ...
40: 5001 voies traitées
voie : bulk pour les ids de 515253 à 515452
bulk : {
  "took" : 11,
  "errors" :  ...
40: 5201 voies traitées
voie : bulk pour les ids de 515453 à 515652
bulk : {
  "took" : 28,
  "errors" :  ...
40: 5401 voies traitées
voie : bulk pour les ids de 515653 à 515852
bulk : {
  "took" : 12,
  "errors" :  ...
40: 5601 voies traitées
voie : bulk pour les ids de 515853 à 516052
bulk : {
  "took" : 12,
  "errors" :  ...
40: 5801 voies traitées
voie : bulk pour les ids de 516053 à 516252
bulk : {
  "took" : 12,
  "errors" :  ...
40: 6001 voies traitées
voie : bulk pour les ids de 516253 à 516452
bulk : {
  "took" : 27,
  "errors" :  ...
40: 6201 voies traitées
voie : bulk pour les ids de 516453 à 516652
bulk : {
  "took" : 13,
  "errors" :  ...
40: 6401 voies traitées
voie : bulk pour les ids de 516653 à 516852
bulk : {
  "took" : 12,
  "errors" :  ...
40: 6601 voies traitées
voie : bulk pour les ids de 516853 à 517052
bulk : {
  "took" : 17,
  "errors" :  ...
40: 6801 voies traitées
voie : bulk pour les ids de 517053 à 517252
bulk : {
  "took" : 21,
  "errors" :  ...
40: 7001 voies traitées
voie : bulk pour les ids de 517253 à 517452
bulk : {
  "took" : 22,
  "errors" :  ...
40: 7201 voies traitées
voie : bulk pour les ids de 517453 à 517652
bulk : {
  "took" : 11,
  "errors" :  ...
40: 7401 voies traitées
voie : bulk pour les ids de 517653 à 517852
bulk : {
  "took" : 13,
  "errors" :  ...
40: 7601 voies traitées
voie : bulk pour les ids de 517853 à 518052
bulk : {
  "took" : 13,
  "errors" :  ...
40: 7801 voies traitées
voie : bulk pour les ids de 518053 à 518252
bulk : {
  "took" : 12,
  "errors" :  ...
40: 8001 voies traitées
voie : bulk pour les ids de 518253 à 518452
bulk : {
  "took" : 32,
  "errors" :  ...
40: 8201 voies traitées
voie : bulk pour les ids de 518453 à 518652
bulk : {
  "took" : 12,
  "errors" :  ...
40: 8401 voies traitées
voie : bulk pour les ids de 518653 à 518852
bulk : {
  "took" : 12,
  "errors" :  ...
40: 8601 voies traitées
voie : bulk pour les ids de 518853 à 519052
bulk : {
  "took" : 12,
  "errors" :  ...
40: 8801 voies traitées
voie : bulk pour les ids de 519053 à 519252
bulk : {
  "took" : 11,
  "errors" :  ...
40: 9001 voies traitées
voie : bulk pour les ids de 519253 à 519452
bulk : {
  "took" : 12,
  "errors" :  ...
40: 9201 voies traitées
voie : bulk pour les ids de 519453 à 519652
bulk : {
  "took" : 11,
  "errors" :  ...
40: 9401 voies traitées
voie : bulk pour les ids de 519653 à 519852
bulk : {
  "took" : 12,
  "errors" :  ...
40: 9601 voies traitées
voie : bulk pour les ids de 519853 à 520052
bulk : {
  "took" : 13,
  "errors" :  ...
40: 9801 voies traitées
voie : bulk pour les ids de 520053 à 520252
bulk : {
  "took" : 12,
  "errors" :  ...
40: 10001 voies traitées
voie : bulk pour les ids de 520253 à 520452
bulk : {
  "took" : 27,
  "errors" :  ...
40: 10201 voies traitées
voie : bulk pour les ids de 520453 à 520652
bulk : {
  "took" : 12,
  "errors" :  ...
40: 10401 voies traitées
voie : bulk pour les ids de 520653 à 520852
bulk : {
  "took" : 16,
  "errors" :  ...
40: 10601 voies traitées
voie : bulk pour les ids de 520853 à 521052
bulk : {
  "took" : 21,
  "errors" :  ...
40: 10801 voies traitées
voie : bulk pour les ids de 521053 à 521252
bulk : {
  "took" : 15,
  "errors" :  ...
40: 11001 voies traitées
voie : bulk pour les ids de 521253 à 521452
bulk : {
  "took" : 11,
  "errors" :  ...
40: 11201 voies traitées
voie : bulk pour les ids de 521453 à 521652
bulk : {
  "took" : 12,
  "errors" :  ...
40: 11401 voies traitées
voie : bulk pour les ids de 521653 à 521852
bulk : {
  "took" : 13,
  "errors" :  ...
40: 11601 voies traitées
voie : bulk pour les ids de 521853 à 522052
bulk : {
  "took" : 12,
  "errors" :  ...
40: 11801 voies traitées
voie : bulk pour les ids de 522053 à 522252
bulk : {
  "took" : 12,
  "errors" :  ...
40: 12001 voies traitées
voie : bulk pour les ids de 522253 à 522452
bulk : {
  "took" : 28,
  "errors" :  ...
40: 12201 voies traitées
voie : bulk pour les ids de 522453 à 522652
bulk : {
  "took" : 12,
  "errors" :  ...
40: 12401 voies traitées
voie : bulk pour les ids de 522653 à 522852
bulk : {
  "took" : 13,
  "errors" :  ...
40: 12601 voies traitées
voie : bulk pour les ids de 522853 à 523052
bulk : {
  "took" : 13,
  "errors" :  ...
40: 12801 voies traitées
voie : bulk pour les ids de 523053 à 523252
bulk : {
  "took" : 12,
  "errors" :  ...
40: 13001 voies traitées
voie : bulk pour les ids de 523253 à 523452
bulk : {
  "took" : 12,
  "errors" :  ...
40: 13201 voies traitées
voie : bulk pour les ids de 523453 à 523652
bulk : {
  "took" : 12,
  "errors" :  ...
40: 13401 voies traitées
voie : bulk pour les ids de 523653 à 523852
bulk : {
  "took" : 12,
  "errors" :  ...
40: 13601 voies traitées
voie : bulk pour les ids de 523853 à 524052
bulk : {
  "took" : 12,
  "errors" :  ...
40: 13801 voies traitées
voie : bulk pour les ids de 524053 à 524252
bulk : {
  "took" : 15,
  "errors" :  ...
40: 14001 voies traitées
voie : bulk pour les ids de 524253 à 524452
bulk : {
  "took" : 39,
  "errors" :  ...
40: 14201 voies traitées
voie : bulk pour les ids de 524453 à 524652
bulk : {
  "took" : 15,
  "errors" :  ...
40: 14401 voies traitées
voie : bulk pour les ids de 524653 à 524852
bulk : {
  "took" : 12,
  "errors" :  ...
40: 14601 voies traitées
voie : bulk pour les ids de 524853 à 525052
bulk : {
  "took" : 12,
  "errors" :  ...
40: 14801 voies traitées
voie : bulk pour les ids de 525053 à 525252
bulk : {
  "took" : 12,
  "errors" :  ...
40: 15001 voies traitées
voie : bulk pour les ids de 525253 à 525452
bulk : {
  "took" : 11,
  "errors" :  ...
40: 15201 voies traitées
voie : bulk pour les ids de 525453 à 525652
bulk : {
  "took" : 12,
  "errors" :  ...
40: 15401 voies traitées
voie : bulk pour les ids de 525653 à 525852
bulk : {
  "took" : 11,
  "errors" :  ...
40: 15601 voies traitées
voie : bulk pour les ids de 525853 à 526052
bulk : {
  "took" : 12,
  "errors" :  ...
40: 15801 voies traitées
voie : bulk pour les ids de 526053 à 526252
bulk : {
  "took" : 12,
  "errors" :  ...
40: 16001 voies traitées
voie : bulk pour les ids de 526253 à 526452
bulk : {
  "took" : 38,
  "errors" :  ...
40: 16201 voies traitées
voie : bulk pour les ids de 526453 à 526652
bulk : {
  "took" : 12,
  "errors" :  ...
40: 16401 voies traitées
voie : bulk pour les ids de 526653 à 526832
bulk : {
  "took" : 10,
  "errors" :  ...
dpt 40 : adresses
40: 1 adresses traitées
40: 1001 adresses traitées
adresse : bulk pour les ids de 6573371 à 6574370
bulk : {
  "took" : 101,
  "errors" : ...
40: 2001 adresses traitées
adresse : bulk pour les ids de 6574371 à 6575370
bulk : {
  "took" : 86,
  "errors" :  ...
40: 3001 adresses traitées
adresse : bulk pour les ids de 6575371 à 6576370
bulk : {
  "took" : 68,
  "errors" :  ...
40: 4001 adresses traitées
adresse : bulk pour les ids de 6576371 à 6577370
bulk : {
  "took" : 99,
  "errors" :  ...
40: 5001 adresses traitées
adresse : bulk pour les ids de 6577371 à 6578370
bulk : {
  "took" : 88,
  "errors" :  ...
40: 6001 adresses traitées
adresse : bulk pour les ids de 6578371 à 6579370
bulk : {
  "took" : 85,
  "errors" :  ...
40: 7001 adresses traitées
adresse : bulk pour les ids de 6579371 à 6580370
bulk : {
  "took" : 101,
  "errors" : ...
40: 8001 adresses traitées
adresse : bulk pour les ids de 6580371 à 6581370
bulk : {
  "took" : 71,
  "errors" :  ...
40: 9001 adresses traitées
adresse : bulk pour les ids de 6581371 à 6582370
bulk : {
  "took" : 114,
  "errors" : ...
40: 10001 adresses traitées
adresse : bulk pour les ids de 6582371 à 6583370
bulk : {
  "took" : 66,
  "errors" :  ...
40: 11001 adresses traitées
adresse : bulk pour les ids de 6583371 à 6584370
bulk : {
  "took" : 108,
  "errors" : ...
40: 12001 adresses traitées
adresse : bulk pour les ids de 6584371 à 6585370
bulk : {
  "took" : 86,
  "errors" :  ...
40: 13001 adresses traitées
adresse : bulk pour les ids de 6585371 à 6586370
bulk : {
  "took" : 85,
  "errors" :  ...
40: 14001 adresses traitées
adresse : bulk pour les ids de 6586371 à 6587370
bulk : {
  "took" : 67,
  "errors" :  ...
40: 15001 adresses traitées
adresse : bulk pour les ids de 6587371 à 6588370
bulk : {
  "took" : 103,
  "errors" : ...
40: 16001 adresses traitées
adresse : bulk pour les ids de 6588371 à 6589370
bulk : {
  "took" : 75,
  "errors" :  ...
40: 17001 adresses traitées
adresse : bulk pour les ids de 6589371 à 6590370
bulk : {
  "took" : 94,
  "errors" :  ...
40: 18001 adresses traitées
adresse : bulk pour les ids de 6590371 à 6591370
bulk : {
  "took" : 98,
  "errors" :  ...
40: 19001 adresses traitées
adresse : bulk pour les ids de 6591371 à 6592370
bulk : {
  "took" : 88,
  "errors" :  ...
40: 20001 adresses traitées
adresse : bulk pour les ids de 6592371 à 6593370
bulk : {
  "took" : 74,
  "errors" :  ...
40: 21001 adresses traitées
adresse : bulk pour les ids de 6593371 à 6594370
bulk : {
  "took" : 87,
  "errors" :  ...
40: 22001 adresses traitées
adresse : bulk pour les ids de 6594371 à 6595370
bulk : {
  "took" : 99,
  "errors" :  ...
40: 23001 adresses traitées
adresse : bulk pour les ids de 6595371 à 6596370
bulk : {
  "took" : 67,
  "errors" :  ...
40: 24001 adresses traitées
adresse : bulk pour les ids de 6596371 à 6597370
bulk : {
  "took" : 100,
  "errors" : ...
40: 25001 adresses traitées
adresse : bulk pour les ids de 6597371 à 6598370
bulk : {
  "took" : 66,
  "errors" :  ...
40: 26001 adresses traitées
40: 27001 adresses traitées
adresse : bulk pour les ids de 6598371 à 6599370
bulk : {
  "took" : 101,
  "errors" : ...
40: 28001 adresses traitées
adresse : bulk pour les ids de 6599371 à 6600370
bulk : {
  "took" : 68,
  "errors" :  ...
40: 29001 adresses traitées
adresse : bulk pour les ids de 6600371 à 6601370
bulk : {
  "took" : 107,
  "errors" : ...
40: 30001 adresses traitées
adresse : bulk pour les ids de 6601371 à 6602370
bulk : {
  "took" : 84,
  "errors" :  ...
40: 31001 adresses traitées
adresse : bulk pour les ids de 6602371 à 6603370
bulk : {
  "took" : 84,
  "errors" :  ...
40: 32001 adresses traitées
adresse : bulk pour les ids de 6603371 à 6604370
bulk : {
  "took" : 91,
  "errors" :  ...
40: 33001 adresses traitées
adresse : bulk pour les ids de 6604371 à 6605370
bulk : {
  "took" : 91,
  "errors" :  ...
40: 34001 adresses traitées
adresse : bulk pour les ids de 6605371 à 6606370
bulk : {
  "took" : 74,
  "errors" :  ...
40: 35001 adresses traitées
adresse : bulk pour les ids de 6606371 à 6607370
bulk : {
  "took" : 94,
  "errors" :  ...
40: 36001 adresses traitées
adresse : bulk pour les ids de 6607371 à 6608370
bulk : {
  "took" : 102,
  "errors" : ...
40: 37001 adresses traitées
adresse : bulk pour les ids de 6608371 à 6609370
bulk : {
  "took" : 69,
  "errors" :  ...
40: 38001 adresses traitées
adresse : bulk pour les ids de 6609371 à 6610370
bulk : {
  "took" : 84,
  "errors" :  ...
40: 39001 adresses traitées
adresse : bulk pour les ids de 6610371 à 6611370
bulk : {
  "took" : 68,
  "errors" :  ...
40: 40001 adresses traitées
adresse : bulk pour les ids de 6611371 à 6612370
bulk : {
  "took" : 103,
  "errors" : ...
40: 41001 adresses traitées
adresse : bulk pour les ids de 6612371 à 6613370
bulk : {
  "took" : 76,
  "errors" :  ...
40: 42001 adresses traitées
adresse : bulk pour les ids de 6613371 à 6614370
bulk : {
  "took" : 86,
  "errors" :  ...
40: 43001 adresses traitées
adresse : bulk pour les ids de 6614371 à 6615370
bulk : {
  "took" : 100,
  "errors" : ...
40: 44001 adresses traitées
40: 45001 adresses traitées
adresse : bulk pour les ids de 6615371 à 6616370
bulk : {
  "took" : 68,
  "errors" :  ...
40: 46001 adresses traitées
adresse : bulk pour les ids de 6616371 à 6617370
bulk : {
  "took" : 100,
  "errors" : ...
40: 47001 adresses traitées
adresse : bulk pour les ids de 6617371 à 6618370
bulk : {
  "took" : 67,
  "errors" :  ...
40: 48001 adresses traitées
adresse : bulk pour les ids de 6618371 à 6619370
bulk : {
  "took" : 100,
  "errors" : ...
40: 49001 adresses traitées
adresse : bulk pour les ids de 6619371 à 6620370
bulk : {
  "took" : 82,
  "errors" :  ...
40: 50001 adresses traitées
adresse : bulk pour les ids de 6620371 à 6621370
bulk : {
  "took" : 85,
  "errors" :  ...
40: 51001 adresses traitées
adresse : bulk pour les ids de 6621371 à 6622370
bulk : {
  "took" : 71,
  "errors" :  ...
40: 52001 adresses traitées
adresse : bulk pour les ids de 6622371 à 6623370
bulk : {
  "took" : 99,
  "errors" :  ...
40: 53001 adresses traitées
adresse : bulk pour les ids de 6623371 à 6624370
bulk : {
  "took" : 82,
  "errors" :  ...
40: 54001 adresses traitées
adresse : bulk pour les ids de 6624371 à 6625370
bulk : {
  "took" : 102,
  "errors" : ...
40: 55001 adresses traitées
adresse : bulk pour les ids de 6625371 à 6626370
bulk : {
  "took" : 87,
  "errors" :  ...
40: 56001 adresses traitées
adresse : bulk pour les ids de 6626371 à 6627370
bulk : {
  "took" : 102,
  "errors" : ...
40: 57001 adresses traitées
adresse : bulk pour les ids de 6627371 à 6628370
bulk : {
  "took" : 79,
  "errors" :  ...
40: 58001 adresses traitées
adresse : bulk pour les ids de 6628371 à 6629370
bulk : {
  "took" : 90,
  "errors" :  ...
40: 59001 adresses traitées
adresse : bulk pour les ids de 6629371 à 6630370
bulk : {
  "took" : 94,
  "errors" :  ...
40: 60001 adresses traitées
adresse : bulk pour les ids de 6630371 à 6631370
bulk : {
  "took" : 71,
  "errors" :  ...
40: 61001 adresses traitées
adresse : bulk pour les ids de 6631371 à 6632370
bulk : {
  "took" : 102,
  "errors" : ...
40: 62001 adresses traitées
adresse : bulk pour les ids de 6632371 à 6633370
bulk : {
  "took" : 69,
  "errors" :  ...
40: 63001 adresses traitées
adresse : bulk pour les ids de 6633371 à 6634370
bulk : {
  "took" : 107,
  "errors" : ...
40: 64001 adresses traitées
adresse : bulk pour les ids de 6634371 à 6635370
bulk : {
  "took" : 68,
  "errors" :  ...
40: 65001 adresses traitées
adresse : bulk pour les ids de 6635371 à 6636370
bulk : {
  "took" : 101,
  "errors" : ...
40: 66001 adresses traitées
adresse : bulk pour les ids de 6636371 à 6637370
bulk : {
  "took" : 90,
  "errors" :  ...
40: 67001 adresses traitées
adresse : bulk pour les ids de 6637371 à 6638370
bulk : {
  "took" : 87,
  "errors" :  ...
40: 68001 adresses traitées
adresse : bulk pour les ids de 6638371 à 6639370
bulk : {
  "took" : 69,
  "errors" :  ...
40: 69001 adresses traitées
adresse : bulk pour les ids de 6639371 à 6640370
bulk : {
  "took" : 110,
  "errors" : ...
40: 70001 adresses traitées
adresse : bulk pour les ids de 6640371 à 6641370
bulk : {
  "took" : 87,
  "errors" :  ...
40: 71001 adresses traitées
adresse : bulk pour les ids de 6641371 à 6642370
bulk : {
  "took" : 88,
  "errors" :  ...
40: 72001 adresses traitées
adresse : bulk pour les ids de 6642371 à 6643370
bulk : {
  "took" : 75,
  "errors" :  ...
40: 73001 adresses traitées
adresse : bulk pour les ids de 6643371 à 6644370
bulk : {
  "took" : 86,
  "errors" :  ...
40: 74001 adresses traitées
adresse : bulk pour les ids de 6644371 à 6645370
bulk : {
  "took" : 84,
  "errors" :  ...
40: 75001 adresses traitées
adresse : bulk pour les ids de 6645371 à 6646370
bulk : {
  "took" : 67,
  "errors" :  ...
40: 76001 adresses traitées
adresse : bulk pour les ids de 6646371 à 6647370
bulk : {
  "took" : 100,
  "errors" : ...
40: 77001 adresses traitées
adresse : bulk pour les ids de 6647371 à 6648370
bulk : {
  "took" : 68,
  "errors" :  ...
40: 78001 adresses traitées
adresse : bulk pour les ids de 6648371 à 6649370
bulk : {
  "took" : 102,
  "errors" : ...
40: 79001 adresses traitées
adresse : bulk pour les ids de 6649371 à 6650370
bulk : {
  "took" : 70,
  "errors" :  ...
40: 80001 adresses traitées
adresse : bulk pour les ids de 6650371 à 6651370
bulk : {
  "took" : 101,
  "errors" : ...
40: 81001 adresses traitées
adresse : bulk pour les ids de 6651371 à 6652370
bulk : {
  "took" : 70,
  "errors" :  ...
40: 82001 adresses traitées
adresse : bulk pour les ids de 6652371 à 6653370
bulk : {
  "took" : 97,
  "errors" :  ...
40: 83001 adresses traitées
adresse : bulk pour les ids de 6653371 à 6654370
bulk : {
  "took" : 111,
  "errors" : ...
40: 84001 adresses traitées
adresse : bulk pour les ids de 6654371 à 6655370
bulk : {
  "took" : 85,
  "errors" :  ...
40: 85001 adresses traitées
adresse : bulk pour les ids de 6655371 à 6656370
bulk : {
  "took" : 84,
  "errors" :  ...
40: 86001 adresses traitées
adresse : bulk pour les ids de 6656371 à 6657370
bulk : {
  "took" : 88,
  "errors" :  ...
40: 87001 adresses traitées
40: 88001 adresses traitées
adresse : bulk pour les ids de 6657371 à 6658370
bulk : {
  "took" : 102,
  "errors" : ...
40: 89001 adresses traitées
adresse : bulk pour les ids de 6658371 à 6659370
bulk : {
  "took" : 68,
  "errors" :  ...
40: 90001 adresses traitées
adresse : bulk pour les ids de 6659371 à 6660370
bulk : {
  "took" : 84,
  "errors" :  ...
40: 91001 adresses traitées
adresse : bulk pour les ids de 6660371 à 6661370
bulk : {
  "took" : 110,
  "errors" : ...
40: 92001 adresses traitées
adresse : bulk pour les ids de 6661371 à 6662370
bulk : {
  "took" : 91,
  "errors" :  ...
40: 93001 adresses traitées
adresse : bulk pour les ids de 6662371 à 6663370
bulk : {
  "took" : 88,
  "errors" :  ...
40: 94001 adresses traitées
adresse : bulk pour les ids de 6663371 à 6664370
bulk : {
  "took" : 89,
  "errors" :  ...
40: 95001 adresses traitées
adresse : bulk pour les ids de 6664371 à 6665370
bulk : {
  "took" : 87,
  "errors" :  ...
40: 96001 adresses traitées
adresse : bulk pour les ids de 6665371 à 6666370
bulk : {
  "took" : 86,
  "errors" :  ...
40: 97001 adresses traitées
adresse : bulk pour les ids de 6666371 à 6667370
bulk : {
  "took" : 103,
  "errors" : ...
40: 98001 adresses traitées
adresse : bulk pour les ids de 6667371 à 6668370
bulk : {
  "took" : 70,
  "errors" :  ...
40: 99001 adresses traitées
adresse : bulk pour les ids de 6668371 à 6669370
bulk : {
  "took" : 104,
  "errors" : ...
40: 100001 adresses traitées
adresse : bulk pour les ids de 6669371 à 6670370
bulk : {
  "took" : 94,
  "errors" :  ...
40: 101001 adresses traitées
adresse : bulk pour les ids de 6670371 à 6671370
bulk : {
  "took" : 78,
  "errors" :  ...
40: 102001 adresses traitées
adresse : bulk pour les ids de 6671371 à 6672370
bulk : {
  "took" : 96,
  "errors" :  ...
40: 103001 adresses traitées
adresse : bulk pour les ids de 6672371 à 6673370
bulk : {
  "took" : 89,
  "errors" :  ...
40: 104001 adresses traitées
40: 105001 adresses traitées
adresse : bulk pour les ids de 6673371 à 6674370
bulk : {
  "took" : 83,
  "errors" :  ...
40: 106001 adresses traitées
adresse : bulk pour les ids de 6674371 à 6675370
bulk : {
  "took" : 81,
  "errors" :  ...
40: 107001 adresses traitées
adresse : bulk pour les ids de 6675371 à 6676370
bulk : {
  "took" : 100,
  "errors" : ...
40: 108001 adresses traitées
adresse : bulk pour les ids de 6676371 à 6677370
bulk : {
  "took" : 67,
  "errors" :  ...
40: 109001 adresses traitées
adresse : bulk pour les ids de 6677371 à 6678370
bulk : {
  "took" : 83,
  "errors" :  ...
40: 110001 adresses traitées
adresse : bulk pour les ids de 6678371 à 6679370
bulk : {
  "took" : 103,
  "errors" : ...
40: 111001 adresses traitées
adresse : bulk pour les ids de 6679371 à 6680370
bulk : {
  "took" : 89,
  "errors" :  ...
40: 112001 adresses traitées
adresse : bulk pour les ids de 6680371 à 6681370
bulk : {
  "took" : 92,
  "errors" :  ...
40: 113001 adresses traitées
adresse : bulk pour les ids de 6681371 à 6682370
bulk : {
  "took" : 85,
  "errors" :  ...
40: 114001 adresses traitées
adresse : bulk pour les ids de 6682371 à 6683370
bulk : {
  "took" : 67,
  "errors" :  ...
40: 115001 adresses traitées
adresse : bulk pour les ids de 6683371 à 6684370
bulk : {
  "took" : 110,
  "errors" : ...
40: 116001 adresses traitées
adresse : bulk pour les ids de 6684371 à 6685370
bulk : {
  "took" : 68,
  "errors" :  ...
40: 117001 adresses traitées
adresse : bulk pour les ids de 6685371 à 6686370
bulk : {
  "took" : 102,
  "errors" : ...
40: 118001 adresses traitées
adresse : bulk pour les ids de 6686371 à 6687370
bulk : {
  "took" : 83,
  "errors" :  ...
40: 119001 adresses traitées
adresse : bulk pour les ids de 6687371 à 6688370
bulk : {
  "took" : 84,
  "errors" :  ...
40: 120001 adresses traitées
adresse : bulk pour les ids de 6688371 à 6689370
bulk : {
  "took" : 94,
  "errors" :  ...
40: 121001 adresses traitées
adresse : bulk pour les ids de 6689371 à 6690370
bulk : {
  "took" : 90,
  "errors" :  ...
40: 122001 adresses traitées
adresse : bulk pour les ids de 6690371 à 6691370
bulk : {
  "took" : 76,
  "errors" :  ...
40: 123001 adresses traitées
adresse : bulk pour les ids de 6691371 à 6692370
bulk : {
  "took" : 69,
  "errors" :  ...
40: 124001 adresses traitées
adresse : bulk pour les ids de 6692371 à 6693370
bulk : {
  "took" : 107,
  "errors" : ...
40: 125001 adresses traitées
adresse : bulk pour les ids de 6693371 à 6694370
bulk : {
  "took" : 90,
  "errors" :  ...
40: 126001 adresses traitées
adresse : bulk pour les ids de 6694371 à 6695370
bulk : {
  "took" : 86,
  "errors" :  ...
40: 127001 adresses traitées
adresse : bulk pour les ids de 6695371 à 6696370
bulk : {
  "took" : 85,
  "errors" :  ...
40: 128001 adresses traitées
adresse : bulk pour les ids de 6696371 à 6697370
bulk : {
  "took" : 85,
  "errors" :  ...
40: 129001 adresses traitées
adresse : bulk pour les ids de 6697371 à 6698370
bulk : {
  "took" : 77,
  "errors" :  ...
40: 130001 adresses traitées
adresse : bulk pour les ids de 6698371 à 6699370
bulk : {
  "took" : 106,
  "errors" : ...
40: 131001 adresses traitées
adresse : bulk pour les ids de 6699371 à 6700370
bulk : {
  "took" : 78,
  "errors" :  ...
40: 132001 adresses traitées
adresse : bulk pour les ids de 6700371 à 6701370
bulk : {
  "took" : 93,
  "errors" :  ...
40: 133001 adresses traitées
adresse : bulk pour les ids de 6701371 à 6702370
bulk : {
  "took" : 86,
  "errors" :  ...
40: 134001 adresses traitées
adresse : bulk pour les ids de 6702371 à 6703370
bulk : {
  "took" : 76,
  "errors" :  ...
40: 135001 adresses traitées
adresse : bulk pour les ids de 6703371 à 6704370
bulk : {
  "took" : 104,
  "errors" : ...
40: 136001 adresses traitées
adresse : bulk pour les ids de 6704371 à 6705370
bulk : {
  "took" : 94,
  "errors" :  ...
40: 137001 adresses traitées
adresse : bulk pour les ids de 6705371 à 6706370
bulk : {
  "took" : 85,
  "errors" :  ...
40: 138001 adresses traitées
adresse : bulk pour les ids de 6706371 à 6707370
bulk : {
  "took" : 70,
  "errors" :  ...
40: 139001 adresses traitées
adresse : bulk pour les ids de 6707371 à 6708370
bulk : {
  "took" : 106,
  "errors" : ...
40: 140001 adresses traitées
adresse : bulk pour les ids de 6708371 à 6709370
bulk : {
  "took" : 94,
  "errors" :  ...
40: 141001 adresses traitées
adresse : bulk pour les ids de 6709371 à 6710370
bulk : {
  "took" : 69,
  "errors" :  ...
40: 142001 adresses traitées
adresse : bulk pour les ids de 6710371 à 6711370
bulk : {
  "took" : 107,
  "errors" : ...
40: 143001 adresses traitées
adresse : bulk pour les ids de 6711371 à 6712370
bulk : {
  "took" : 85,
  "errors" :  ...
40: 144001 adresses traitées
adresse : bulk pour les ids de 6712371 à 6713370
bulk : {
  "took" : 87,
  "errors" :  ...
40: 145001 adresses traitées
adresse : bulk pour les ids de 6713371 à 6714370
bulk : {
  "took" : 89,
  "errors" :  ...
40: 146001 adresses traitées
adresse : bulk pour les ids de 6714371 à 6715370
bulk : {
  "took" : 84,
  "errors" :  ...
40: 147001 adresses traitées
adresse : bulk pour les ids de 6715371 à 6716370
bulk : {
  "took" : 84,
  "errors" :  ...
40: 148001 adresses traitées
adresse : bulk pour les ids de 6716371 à 6717370
bulk : {
  "took" : 83,
  "errors" :  ...
40: 149001 adresses traitées
adresse : bulk pour les ids de 6717371 à 6718370
bulk : {
  "took" : 92,
  "errors" :  ...
40: 150001 adresses traitées
adresse : bulk pour les ids de 6718371 à 6719370
bulk : {
  "took" : 90,
  "errors" :  ...
40: 151001 adresses traitées
40: 152001 adresses traitées
adresse : bulk pour les ids de 6719371 à 6720370
bulk : {
  "took" : 113,
  "errors" : ...
40: 153001 adresses traitées
adresse : bulk pour les ids de 6720371 à 6721370
bulk : {
  "took" : 67,
  "errors" :  ...
40: 154001 adresses traitées
adresse : bulk pour les ids de 6721371 à 6722370
bulk : {
  "took" : 100,
  "errors" : ...
40: 155001 adresses traitées
adresse : bulk pour les ids de 6722371 à 6723370
bulk : {
  "took" : 86,
  "errors" :  ...
40: 156001 adresses traitées
adresse : bulk pour les ids de 6723371 à 6724370
bulk : {
  "took" : 83,
  "errors" :  ...
40: 157001 adresses traitées
adresse : bulk pour les ids de 6724371 à 6725370
bulk : {
  "took" : 74,
  "errors" :  ...
40: 158001 adresses traitées
adresse : bulk pour les ids de 6725371 à 6726370
bulk : {
  "took" : 92,
  "errors" :  ...
40: 159001 adresses traitées
adresse : bulk pour les ids de 6726371 à 6727370
bulk : {
  "took" : 100,
  "errors" : ...
40: 160001 adresses traitées
adresse : bulk pour les ids de 6727371 à 6728370
bulk : {
  "took" : 67,
  "errors" :  ...
40: 161001 adresses traitées
adresse : bulk pour les ids de 6728371 à 6729370
bulk : {
  "took" : 101,
  "errors" : ...
40: 162001 adresses traitées
adresse : bulk pour les ids de 6729371 à 6730370
bulk : {
  "took" : 67,
  "errors" :  ...
40: 163001 adresses traitées
adresse : bulk pour les ids de 6730371 à 6731370
bulk : {
  "took" : 110,
  "errors" : ...
40: 164001 adresses traitées
adresse : bulk pour les ids de 6731371 à 6732370
bulk : {
  "took" : 99,
  "errors" :  ...
40: 165001 adresses traitées
adresse : bulk pour les ids de 6732371 à 6733370
bulk : {
  "took" : 71,
  "errors" :  ...
40: 166001 adresses traitées
adresse : bulk pour les ids de 6733371 à 6734370
bulk : {
  "took" : 102,
  "errors" : ...
40: 167001 adresses traitées
adresse : bulk pour les ids de 6734371 à 6735370
bulk : {
  "took" : 67,
  "errors" :  ...
40: 168001 adresses traitées
adresse : bulk pour les ids de 6735371 à 6736370
bulk : {
  "took" : 110,
  "errors" : ...
40: 169001 adresses traitées
adresse : bulk pour les ids de 6736371 à 6737370
bulk : {
  "took" : 108,
  "errors" : ...
40: 170001 adresses traitées
adresse : bulk pour les ids de 6737371 à 6738370
bulk : {
  "took" : 92,
  "errors" :  ...
40: 171001 adresses traitées
adresse : bulk pour les ids de 6738371 à 6739370
bulk : {
  "took" : 101,
  "errors" : ...
40: 172001 adresses traitées
adresse : bulk pour les ids de 6739371 à 6740370
bulk : {
  "took" : 70,
  "errors" :  ...
40: 173001 adresses traitées
adresse : bulk pour les ids de 6740371 à 6741370
bulk : {
  "took" : 86,
  "errors" :  ...
40: 174001 adresses traitées
adresse : bulk pour les ids de 6741371 à 6742370
bulk : {
  "took" : 92,
  "errors" :  ...
40: 175001 adresses traitées
adresse : bulk pour les ids de 6742371 à 6743370
bulk : {
  "took" : 99,
  "errors" :  ...
40: 176001 adresses traitées
adresse : bulk pour les ids de 6743371 à 6744370
bulk : {
  "took" : 68,
  "errors" :  ...
40: 177001 adresses traitées
adresse : bulk pour les ids de 6744371 à 6745370
bulk : {
  "took" : 101,
  "errors" : ...
40: 178001 adresses traitées
adresse : bulk pour les ids de 6745371 à 6746370
bulk : {
  "took" : 77,
  "errors" :  ...
40: 179001 adresses traitées
adresse : bulk pour les ids de 6746371 à 6747370
bulk : {
  "took" : 89,
  "errors" :  ...
40: 180001 adresses traitées
adresse : bulk pour les ids de 6747371 à 6748370
bulk : {
  "took" : 77,
  "errors" :  ...
40: 181001 adresses traitées
adresse : bulk pour les ids de 6748371 à 6749370
bulk : {
  "took" : 88,
  "errors" :  ...
40: 182001 adresses traitées
adresse : bulk pour les ids de 6749371 à 6750370
bulk : {
  "took" : 98,
  "errors" :  ...
40: 183001 adresses traitées
adresse : bulk pour les ids de 6750371 à 6751370
bulk : {
  "took" : 69,
  "errors" :  ...
40: 184001 adresses traitées
adresse : bulk pour les ids de 6751371 à 6752370
bulk : {
  "took" : 106,
  "errors" : ...
40: 185001 adresses traitées
adresse : bulk pour les ids de 6752371 à 6753370
bulk : {
  "took" : 88,
  "errors" :  ...
40: 186001 adresses traitées
adresse : bulk pour les ids de 6753371 à 6754370
bulk : {
  "took" : 111,
  "errors" : ...
40: 187001 adresses traitées
adresse : bulk pour les ids de 6754371 à 6755370
bulk : {
  "took" : 67,
  "errors" :  ...
40: 188001 adresses traitées
adresse : bulk pour les ids de 6755371 à 6756370
bulk : {
  "took" : 85,
  "errors" :  ...
40: 189001 adresses traitées
adresse : bulk pour les ids de 6756371 à 6757370
bulk : {
  "took" : 109,
  "errors" : ...
40: 190001 adresses traitées
adresse : bulk pour les ids de 6757371 à 6758370
bulk : {
  "took" : 97,
  "errors" :  ...
40: 191001 adresses traitées
adresse : bulk pour les ids de 6758371 à 6759370
bulk : {
  "took" : 85,
  "errors" :  ...
40: 192001 adresses traitées
adresse : bulk pour les ids de 6759371 à 6760370
bulk : {
  "took" : 76,
  "errors" :  ...
40: 193001 adresses traitées
adresse : bulk pour les ids de 6760371 à 6761370
bulk : {
  "took" : 99,
  "errors" :  ...
40: 194001 adresses traitées
adresse : bulk pour les ids de 6761371 à 6762370
bulk : {
  "took" : 79,
  "errors" :  ...
40: 195001 adresses traitées
adresse : bulk pour les ids de 6762371 à 6763370
bulk : {
  "took" : 86,
  "errors" :  ...
40: 196001 adresses traitées
adresse : bulk pour les ids de 6763371 à 6764370
bulk : {
  "took" : 83,
  "errors" :  ...
40: 197001 adresses traitées
adresse : bulk pour les ids de 6764371 à 6765370
bulk : {
  "took" : 88,
  "errors" :  ...
40: 198001 adresses traitées
adresse : bulk pour les ids de 6765371 à 6765482
bulk : {
  "took" : 8,
  "errors" : f ...
dpt 41 : voies
41: 1 voies traitées
voie : bulk pour les ids de 526833 à 527032
bulk : {
  "took" : 13,
  "errors" :  ...
41: 201 voies traitées
voie : bulk pour les ids de 527033 à 527232
bulk : {
  "took" : 13,
  "errors" :  ...
41: 401 voies traitées
voie : bulk pour les ids de 527233 à 527432
bulk : {
  "took" : 11,
  "errors" :  ...
41: 601 voies traitées
voie : bulk pour les ids de 527433 à 527632
bulk : {
  "took" : 12,
  "errors" :  ...
41: 801 voies traitées
voie : bulk pour les ids de 527633 à 527832
bulk : {
  "took" : 12,
  "errors" :  ...
41: 1001 voies traitées
voie : bulk pour les ids de 527833 à 528032
bulk : {
  "took" : 34,
  "errors" :  ...
41: 1201 voies traitées
voie : bulk pour les ids de 528033 à 528232
bulk : {
  "took" : 12,
  "errors" :  ...
41: 1401 voies traitées
voie : bulk pour les ids de 528233 à 528432
bulk : {
  "took" : 13,
  "errors" :  ...
41: 1601 voies traitées
voie : bulk pour les ids de 528433 à 528632
bulk : {
  "took" : 12,
  "errors" :  ...
41: 1801 voies traitées
voie : bulk pour les ids de 528633 à 528832
bulk : {
  "took" : 12,
  "errors" :  ...
41: 2001 voies traitées
voie : bulk pour les ids de 528833 à 529032
bulk : {
  "took" : 13,
  "errors" :  ...
41: 2201 voies traitées
voie : bulk pour les ids de 529033 à 529232
bulk : {
  "took" : 12,
  "errors" :  ...
41: 2401 voies traitées
voie : bulk pour les ids de 529233 à 529432
bulk : {
  "took" : 13,
  "errors" :  ...
41: 2601 voies traitées
voie : bulk pour les ids de 529433 à 529632
bulk : {
  "took" : 12,
  "errors" :  ...
41: 2801 voies traitées
voie : bulk pour les ids de 529633 à 529832
bulk : {
  "took" : 12,
  "errors" :  ...
41: 3001 voies traitées
voie : bulk pour les ids de 529833 à 530032
bulk : {
  "took" : 29,
  "errors" :  ...
41: 3201 voies traitées
voie : bulk pour les ids de 530033 à 530232
bulk : {
  "took" : 13,
  "errors" :  ...
41: 3401 voies traitées
voie : bulk pour les ids de 530233 à 530432
bulk : {
  "took" : 12,
  "errors" :  ...
41: 3601 voies traitées
voie : bulk pour les ids de 530433 à 530632
bulk : {
  "took" : 25,
  "errors" :  ...
41: 3801 voies traitées
voie : bulk pour les ids de 530633 à 530832
bulk : {
  "took" : 12,
  "errors" :  ...
41: 4001 voies traitées
voie : bulk pour les ids de 530833 à 531032
bulk : {
  "took" : 12,
  "errors" :  ...
41: 4201 voies traitées
voie : bulk pour les ids de 531033 à 531232
bulk : {
  "took" : 12,
  "errors" :  ...
41: 4401 voies traitées
voie : bulk pour les ids de 531233 à 531432
bulk : {
  "took" : 12,
  "errors" :  ...
41: 4601 voies traitées
voie : bulk pour les ids de 531433 à 531632
bulk : {
  "took" : 12,
  "errors" :  ...
41: 4801 voies traitées
voie : bulk pour les ids de 531633 à 531832
bulk : {
  "took" : 12,
  "errors" :  ...
41: 5001 voies traitées
voie : bulk pour les ids de 531833 à 532032
bulk : {
  "took" : 33,
  "errors" :  ...
41: 5201 voies traitées
voie : bulk pour les ids de 532033 à 532232
bulk : {
  "took" : 13,
  "errors" :  ...
41: 5401 voies traitées
voie : bulk pour les ids de 532233 à 532432
bulk : {
  "took" : 11,
  "errors" :  ...
41: 5601 voies traitées
voie : bulk pour les ids de 532433 à 532632
bulk : {
  "took" : 12,
  "errors" :  ...
41: 5801 voies traitées
voie : bulk pour les ids de 532633 à 532832
bulk : {
  "took" : 12,
  "errors" :  ...
41: 6001 voies traitées
voie : bulk pour les ids de 532833 à 533032
bulk : {
  "took" : 12,
  "errors" :  ...
41: 6201 voies traitées
voie : bulk pour les ids de 533033 à 533232
bulk : {
  "took" : 12,
  "errors" :  ...
41: 6401 voies traitées
voie : bulk pour les ids de 533233 à 533432
bulk : {
  "took" : 11,
  "errors" :  ...
41: 6601 voies traitées
voie : bulk pour les ids de 533433 à 533632
bulk : {
  "took" : 12,
  "errors" :  ...
41: 6801 voies traitées
voie : bulk pour les ids de 533633 à 533832
bulk : {
  "took" : 12,
  "errors" :  ...
41: 7001 voies traitées
voie : bulk pour les ids de 533833 à 534032
bulk : {
  "took" : 33,
  "errors" :  ...
41: 7201 voies traitées
voie : bulk pour les ids de 534033 à 534232
bulk : {
  "took" : 30,
  "errors" :  ...
41: 7401 voies traitées
voie : bulk pour les ids de 534233 à 534432
bulk : {
  "took" : 12,
  "errors" :  ...
41: 7601 voies traitées
voie : bulk pour les ids de 534433 à 534632
bulk : {
  "took" : 12,
  "errors" :  ...
41: 7801 voies traitées
voie : bulk pour les ids de 534633 à 534832
bulk : {
  "took" : 12,
  "errors" :  ...
41: 8001 voies traitées
voie : bulk pour les ids de 534833 à 535032
bulk : {
  "took" : 13,
  "errors" :  ...
41: 8201 voies traitées
voie : bulk pour les ids de 535033 à 535232
bulk : {
  "took" : 12,
  "errors" :  ...
41: 8401 voies traitées
voie : bulk pour les ids de 535233 à 535432
bulk : {
  "took" : 11,
  "errors" :  ...
41: 8601 voies traitées
voie : bulk pour les ids de 535433 à 535632
bulk : {
  "took" : 12,
  "errors" :  ...
41: 8801 voies traitées
voie : bulk pour les ids de 535633 à 535832
bulk : {
  "took" : 11,
  "errors" :  ...
41: 9001 voies traitées
voie : bulk pour les ids de 535833 à 536032
bulk : {
  "took" : 11,
  "errors" :  ...
41: 9201 voies traitées
voie : bulk pour les ids de 536033 à 536232
bulk : {
  "took" : 12,
  "errors" :  ...
41: 9401 voies traitées
voie : bulk pour les ids de 536233 à 536432
bulk : {
  "took" : 12,
  "errors" :  ...
41: 9601 voies traitées
voie : bulk pour les ids de 536433 à 536632
bulk : {
  "took" : 11,
  "errors" :  ...
41: 9801 voies traitées
voie : bulk pour les ids de 536633 à 536832
bulk : {
  "took" : 11,
  "errors" :  ...
41: 10001 voies traitées
voie : bulk pour les ids de 536833 à 536858
bulk : {
  "took" : 1,
  "errors" : f ...
dpt 41 : adresses
41: 1 adresses traitées
41: 1001 adresses traitées
adresse : bulk pour les ids de 6765483 à 6766482
bulk : {
  "took" : 103,
  "errors" : ...
41: 2001 adresses traitées
adresse : bulk pour les ids de 6766483 à 6767482
bulk : {
  "took" : 68,
  "errors" :  ...
41: 3001 adresses traitées
adresse : bulk pour les ids de 6767483 à 6768482
bulk : {
  "took" : 82,
  "errors" :  ...
41: 4001 adresses traitées
adresse : bulk pour les ids de 6768483 à 6769482
bulk : {
  "took" : 84,
  "errors" :  ...
41: 5001 adresses traitées
adresse : bulk pour les ids de 6769483 à 6770482
bulk : {
  "took" : 85,
  "errors" :  ...
41: 6001 adresses traitées
adresse : bulk pour les ids de 6770483 à 6771482
bulk : {
  "took" : 71,
  "errors" :  ...
41: 7001 adresses traitées
adresse : bulk pour les ids de 6771483 à 6772482
bulk : {
  "took" : 106,
  "errors" : ...
41: 8001 adresses traitées
adresse : bulk pour les ids de 6772483 à 6773482
bulk : {
  "took" : 86,
  "errors" :  ...
41: 9001 adresses traitées
adresse : bulk pour les ids de 6773483 à 6774482
bulk : {
  "took" : 81,
  "errors" :  ...
41: 10001 adresses traitées
adresse : bulk pour les ids de 6774483 à 6775482
bulk : {
  "took" : 87,
  "errors" :  ...
41: 11001 adresses traitées
adresse : bulk pour les ids de 6775483 à 6776482
bulk : {
  "took" : 101,
  "errors" : ...
41: 12001 adresses traitées
adresse : bulk pour les ids de 6776483 à 6777482
bulk : {
  "took" : 68,
  "errors" :  ...
41: 13001 adresses traitées
adresse : bulk pour les ids de 6777483 à 6778482
bulk : {
  "took" : 105,
  "errors" : ...
41: 14001 adresses traitées
adresse : bulk pour les ids de 6778483 à 6779482
bulk : {
  "took" : 74,
  "errors" :  ...
41: 15001 adresses traitées
adresse : bulk pour les ids de 6779483 à 6780482
bulk : {
  "took" : 95,
  "errors" :  ...
41: 16001 adresses traitées
adresse : bulk pour les ids de 6780483 à 6781482
bulk : {
  "took" : 75,
  "errors" :  ...
41: 17001 adresses traitées
adresse : bulk pour les ids de 6781483 à 6782482
bulk : {
  "took" : 89,
  "errors" :  ...
41: 18001 adresses traitées
adresse : bulk pour les ids de 6782483 à 6783482
bulk : {
  "took" : 96,
  "errors" :  ...
41: 19001 adresses traitées
adresse : bulk pour les ids de 6783483 à 6784482
bulk : {
  "took" : 69,
  "errors" :  ...
41: 20001 adresses traitées
41: 21001 adresses traitées
adresse : bulk pour les ids de 6784483 à 6785482
bulk : {
  "took" : 108,
  "errors" : ...
41: 22001 adresses traitées
adresse : bulk pour les ids de 6785483 à 6786482
bulk : {
  "took" : 65,
  "errors" :  ...
41: 23001 adresses traitées
adresse : bulk pour les ids de 6786483 à 6787482
bulk : {
  "took" : 74,
  "errors" :  ...
41: 24001 adresses traitées
adresse : bulk pour les ids de 6787483 à 6788482
bulk : {
  "took" : 85,
  "errors" :  ...
41: 25001 adresses traitées
adresse : bulk pour les ids de 6788483 à 6789482
bulk : {
  "took" : 77,
  "errors" :  ...
41: 26001 adresses traitées
adresse : bulk pour les ids de 6789483 à 6790482
bulk : {
  "took" : 67,
  "errors" :  ...
41: 27001 adresses traitées
adresse : bulk pour les ids de 6790483 à 6791482
bulk : {
  "took" : 92,
  "errors" :  ...
41: 28001 adresses traitées
adresse : bulk pour les ids de 6791483 à 6792482
bulk : {
  "took" : 67,
  "errors" :  ...
41: 29001 adresses traitées
adresse : bulk pour les ids de 6792483 à 6793482
bulk : {
  "took" : 97,
  "errors" :  ...
41: 30001 adresses traitées
adresse : bulk pour les ids de 6793483 à 6794482
bulk : {
  "took" : 75,
  "errors" :  ...
41: 31001 adresses traitées
adresse : bulk pour les ids de 6794483 à 6795482
bulk : {
  "took" : 77,
  "errors" :  ...
41: 32001 adresses traitées
adresse : bulk pour les ids de 6795483 à 6796482
bulk : {
  "took" : 90,
  "errors" :  ...
41: 33001 adresses traitées
adresse : bulk pour les ids de 6796483 à 6797482
bulk : {
  "took" : 76,
  "errors" :  ...
41: 34001 adresses traitées
adresse : bulk pour les ids de 6797483 à 6798482
bulk : {
  "took" : 68,
  "errors" :  ...
41: 35001 adresses traitées
adresse : bulk pour les ids de 6798483 à 6799482
bulk : {
  "took" : 94,
  "errors" :  ...
41: 36001 adresses traitées
adresse : bulk pour les ids de 6799483 à 6800482
bulk : {
  "took" : 68,
  "errors" :  ...
41: 37001 adresses traitées
adresse : bulk pour les ids de 6800483 à 6801482
bulk : {
  "took" : 97,
  "errors" :  ...
41: 38001 adresses traitées
41: 39001 adresses traitées
adresse : bulk pour les ids de 6801483 à 6802482
bulk : {
  "took" : 69,
  "errors" :  ...
41: 40001 adresses traitées
adresse : bulk pour les ids de 6802483 à 6803482
bulk : {
  "took" : 75,
  "errors" :  ...
41: 41001 adresses traitées
adresse : bulk pour les ids de 6803483 à 6804482
bulk : {
  "took" : 92,
  "errors" :  ...
41: 42001 adresses traitées
adresse : bulk pour les ids de 6804483 à 6805482
bulk : {
  "took" : 75,
  "errors" :  ...
41: 43001 adresses traitées
adresse : bulk pour les ids de 6805483 à 6806482
bulk : {
  "took" : 84,
  "errors" :  ...
41: 44001 adresses traitées
adresse : bulk pour les ids de 6806483 à 6807482
bulk : {
  "took" : 97,
  "errors" :  ...
41: 45001 adresses traitées
adresse : bulk pour les ids de 6807483 à 6808482
bulk : {
  "took" : 86,
  "errors" :  ...
41: 46001 adresses traitées
adresse : bulk pour les ids de 6808483 à 6809482
bulk : {
  "took" : 77,
  "errors" :  ...
41: 47001 adresses traitées
adresse : bulk pour les ids de 6809483 à 6810482
bulk : {
  "took" : 93,
  "errors" :  ...
41: 48001 adresses traitées
adresse : bulk pour les ids de 6810483 à 6811482
bulk : {
  "took" : 77,
  "errors" :  ...
41: 49001 adresses traitées
adresse : bulk pour les ids de 6811483 à 6812482
bulk : {
  "took" : 89,
  "errors" :  ...
41: 50001 adresses traitées
adresse : bulk pour les ids de 6812483 à 6813482
bulk : {
  "took" : 74,
  "errors" :  ...
41: 51001 adresses traitées
adresse : bulk pour les ids de 6813483 à 6814482
bulk : {
  "took" : 74,
  "errors" :  ...
41: 52001 adresses traitées
adresse : bulk pour les ids de 6814483 à 6815482
bulk : {
  "took" : 94,
  "errors" :  ...
41: 53001 adresses traitées
adresse : bulk pour les ids de 6815483 à 6816482
bulk : {
  "took" : 78,
  "errors" :  ...
41: 54001 adresses traitées
adresse : bulk pour les ids de 6816483 à 6817482
bulk : {
  "took" : 98,
  "errors" :  ...
41: 55001 adresses traitées
adresse : bulk pour les ids de 6817483 à 6818482
bulk : {
  "took" : 69,
  "errors" :  ...
41: 56001 adresses traitées
adresse : bulk pour les ids de 6818483 à 6819482
bulk : {
  "took" : 99,
  "errors" :  ...
41: 57001 adresses traitées
adresse : bulk pour les ids de 6819483 à 6820482
bulk : {
  "took" : 91,
  "errors" :  ...
41: 58001 adresses traitées
adresse : bulk pour les ids de 6820483 à 6821482
bulk : {
  "took" : 77,
  "errors" :  ...
41: 59001 adresses traitées
adresse : bulk pour les ids de 6821483 à 6822482
bulk : {
  "took" : 88,
  "errors" :  ...
41: 60001 adresses traitées
adresse : bulk pour les ids de 6822483 à 6823482
bulk : {
  "took" : 101,
  "errors" : ...
41: 61001 adresses traitées
adresse : bulk pour les ids de 6823483 à 6824482
bulk : {
  "took" : 67,
  "errors" :  ...
41: 62001 adresses traitées
adresse : bulk pour les ids de 6824483 à 6825482
bulk : {
  "took" : 105,
  "errors" : ...
41: 63001 adresses traitées
adresse : bulk pour les ids de 6825483 à 6826482
bulk : {
  "took" : 101,
  "errors" : ...
41: 64001 adresses traitées
adresse : bulk pour les ids de 6826483 à 6827482
bulk : {
  "took" : 85,
  "errors" :  ...
41: 65001 adresses traitées
adresse : bulk pour les ids de 6827483 à 6828482
bulk : {
  "took" : 90,
  "errors" :  ...
41: 66001 adresses traitées
adresse : bulk pour les ids de 6828483 à 6829482
bulk : {
  "took" : 82,
  "errors" :  ...
41: 67001 adresses traitées
adresse : bulk pour les ids de 6829483 à 6830482
bulk : {
  "took" : 67,
  "errors" :  ...
41: 68001 adresses traitées
adresse : bulk pour les ids de 6830483 à 6831482
bulk : {
  "took" : 105,
  "errors" : ...
41: 69001 adresses traitées
adresse : bulk pour les ids de 6831483 à 6832482
bulk : {
  "took" : 67,
  "errors" :  ...
41: 70001 adresses traitées
adresse : bulk pour les ids de 6832483 à 6833482
bulk : {
  "took" : 109,
  "errors" : ...
41: 71001 adresses traitées
adresse : bulk pour les ids de 6833483 à 6834482
bulk : {
  "took" : 65,
  "errors" :  ...
41: 72001 adresses traitées
adresse : bulk pour les ids de 6834483 à 6835482
bulk : {
  "took" : 102,
  "errors" : ...
41: 73001 adresses traitées
adresse : bulk pour les ids de 6835483 à 6836482
bulk : {
  "took" : 66,
  "errors" :  ...
41: 74001 adresses traitées
adresse : bulk pour les ids de 6836483 à 6837482
bulk : {
  "took" : 106,
  "errors" : ...
41: 75001 adresses traitées
adresse : bulk pour les ids de 6837483 à 6838482
bulk : {
  "took" : 84,
  "errors" :  ...
41: 76001 adresses traitées
adresse : bulk pour les ids de 6838483 à 6839482
bulk : {
  "took" : 83,
  "errors" :  ...
41: 77001 adresses traitées
adresse : bulk pour les ids de 6839483 à 6840482
bulk : {
  "took" : 88,
  "errors" :  ...
41: 78001 adresses traitées
adresse : bulk pour les ids de 6840483 à 6841482
bulk : {
  "took" : 99,
  "errors" :  ...
41: 79001 adresses traitées
adresse : bulk pour les ids de 6841483 à 6842482
bulk : {
  "took" : 66,
  "errors" :  ...
41: 80001 adresses traitées
adresse : bulk pour les ids de 6842483 à 6843482
bulk : {
  "took" : 111,
  "errors" : ...
41: 81001 adresses traitées
adresse : bulk pour les ids de 6843483 à 6844482
bulk : {
  "took" : 95,
  "errors" :  ...
41: 82001 adresses traitées
adresse : bulk pour les ids de 6844483 à 6845482
bulk : {
  "took" : 85,
  "errors" :  ...
41: 83001 adresses traitées
adresse : bulk pour les ids de 6845483 à 6846482
bulk : {
  "took" : 87,
  "errors" :  ...
41: 84001 adresses traitées
adresse : bulk pour les ids de 6846483 à 6847482
bulk : {
  "took" : 85,
  "errors" :  ...
41: 85001 adresses traitées
adresse : bulk pour les ids de 6847483 à 6848482
bulk : {
  "took" : 89,
  "errors" :  ...
41: 86001 adresses traitées
adresse : bulk pour les ids de 6848483 à 6849482
bulk : {
  "took" : 103,
  "errors" : ...
41: 87001 adresses traitées
adresse : bulk pour les ids de 6849483 à 6850482
bulk : {
  "took" : 70,
  "errors" :  ...
41: 88001 adresses traitées
adresse : bulk pour les ids de 6850483 à 6851482
bulk : {
  "took" : 106,
  "errors" : ...
41: 89001 adresses traitées
adresse : bulk pour les ids de 6851483 à 6852482
bulk : {
  "took" : 68,
  "errors" :  ...
41: 90001 adresses traitées
adresse : bulk pour les ids de 6852483 à 6853482
bulk : {
  "took" : 100,
  "errors" : ...
41: 91001 adresses traitées
adresse : bulk pour les ids de 6853483 à 6854482
bulk : {
  "took" : 66,
  "errors" :  ...
41: 92001 adresses traitées
adresse : bulk pour les ids de 6854483 à 6855482
bulk : {
  "took" : 101,
  "errors" : ...
41: 93001 adresses traitées
adresse : bulk pour les ids de 6855483 à 6856482
bulk : {
  "took" : 84,
  "errors" :  ...
41: 94001 adresses traitées
adresse : bulk pour les ids de 6856483 à 6857482
bulk : {
  "took" : 84,
  "errors" :  ...
41: 95001 adresses traitées
adresse : bulk pour les ids de 6857483 à 6858482
bulk : {
  "took" : 84,
  "errors" :  ...
41: 96001 adresses traitées
adresse : bulk pour les ids de 6858483 à 6859482
bulk : {
  "took" : 101,
  "errors" : ...
41: 97001 adresses traitées
adresse : bulk pour les ids de 6859483 à 6860482
bulk : {
  "took" : 67,
  "errors" :  ...
41: 98001 adresses traitées
adresse : bulk pour les ids de 6860483 à 6861482
bulk : {
  "took" : 105,
  "errors" : ...
41: 99001 adresses traitées
adresse : bulk pour les ids de 6861483 à 6862482
bulk : {
  "took" : 68,
  "errors" :  ...
41: 100001 adresses traitées
adresse : bulk pour les ids de 6862483 à 6863482
bulk : {
  "took" : 83,
  "errors" :  ...
41: 101001 adresses traitées
adresse : bulk pour les ids de 6863483 à 6864482
bulk : {
  "took" : 95,
  "errors" :  ...
41: 102001 adresses traitées
41: 103001 adresses traitées
adresse : bulk pour les ids de 6864483 à 6865482
bulk : {
  "took" : 83,
  "errors" :  ...
41: 104001 adresses traitées
adresse : bulk pour les ids de 6865483 à 6866482
bulk : {
  "took" : 98,
  "errors" :  ...
41: 105001 adresses traitées
adresse : bulk pour les ids de 6866483 à 6867482
bulk : {
  "took" : 91,
  "errors" :  ...
41: 106001 adresses traitées
adresse : bulk pour les ids de 6867483 à 6868482
bulk : {
  "took" : 75,
  "errors" :  ...
41: 107001 adresses traitées
adresse : bulk pour les ids de 6868483 à 6869482
bulk : {
  "took" : 92,
  "errors" :  ...
41: 108001 adresses traitées
adresse : bulk pour les ids de 6869483 à 6870482
bulk : {
  "took" : 74,
  "errors" :  ...
41: 109001 adresses traitées
adresse : bulk pour les ids de 6870483 à 6871482
bulk : {
  "took" : 91,
  "errors" :  ...
41: 110001 adresses traitées
adresse : bulk pour les ids de 6871483 à 6872482
bulk : {
  "took" : 74,
  "errors" :  ...
41: 111001 adresses traitées
adresse : bulk pour les ids de 6872483 à 6873482
bulk : {
  "took" : 67,
  "errors" :  ...
41: 112001 adresses traitées
adresse : bulk pour les ids de 6873483 à 6874482
bulk : {
  "took" : 96,
  "errors" :  ...
41: 113001 adresses traitées
adresse : bulk pour les ids de 6874483 à 6875482
bulk : {
  "took" : 73,
  "errors" :  ...
41: 114001 adresses traitées
adresse : bulk pour les ids de 6875483 à 6876482
bulk : {
  "took" : 99,
  "errors" :  ...
41: 115001 adresses traitées
adresse : bulk pour les ids de 6876483 à 6877482
bulk : {
  "took" : 101,
  "errors" : ...
41: 116001 adresses traitées
adresse : bulk pour les ids de 6877483 à 6878482
bulk : {
  "took" : 76,
  "errors" :  ...
41: 117001 adresses traitées
adresse : bulk pour les ids de 6878483 à 6879482
bulk : {
  "took" : 98,
  "errors" :  ...
41: 118001 adresses traitées
adresse : bulk pour les ids de 6879483 à 6880482
bulk : {
  "took" : 93,
  "errors" :  ...
41: 119001 adresses traitées
adresse : bulk pour les ids de 6880483 à 6881482
bulk : {
  "took" : 74,
  "errors" :  ...
41: 120001 adresses traitées
adresse : bulk pour les ids de 6881483 à 6882482
bulk : {
  "took" : 98,
  "errors" :  ...
41: 121001 adresses traitées
adresse : bulk pour les ids de 6882483 à 6883482
bulk : {
  "took" : 74,
  "errors" :  ...
41: 122001 adresses traitées
adresse : bulk pour les ids de 6883483 à 6884482
bulk : {
  "took" : 98,
  "errors" :  ...
41: 123001 adresses traitées
adresse : bulk pour les ids de 6884483 à 6885482
bulk : {
  "took" : 92,
  "errors" :  ...
41: 124001 adresses traitées
adresse : bulk pour les ids de 6885483 à 6886482
bulk : {
  "took" : 77,
  "errors" :  ...
41: 125001 adresses traitées
adresse : bulk pour les ids de 6886483 à 6887482
bulk : {
  "took" : 92,
  "errors" :  ...
41: 126001 adresses traitées
adresse : bulk pour les ids de 6887483 à 6888482
bulk : {
  "took" : 77,
  "errors" :  ...
41: 127001 adresses traitées
adresse : bulk pour les ids de 6888483 à 6889482
bulk : {
  "took" : 97,
  "errors" :  ...
41: 128001 adresses traitées
adresse : bulk pour les ids de 6889483 à 6890482
bulk : {
  "took" : 81,
  "errors" :  ...
41: 129001 adresses traitées
adresse : bulk pour les ids de 6890483 à 6891482
bulk : {
  "took" : 77,
  "errors" :  ...
41: 130001 adresses traitées
adresse : bulk pour les ids de 6891483 à 6892482
bulk : {
  "took" : 95,
  "errors" :  ...
41: 131001 adresses traitées
adresse : bulk pour les ids de 6892483 à 6893482
bulk : {
  "took" : 69,
  "errors" :  ...
41: 132001 adresses traitées
adresse : bulk pour les ids de 6893483 à 6894482
bulk : {
  "took" : 77,
  "errors" :  ...
41: 133001 adresses traitées
adresse : bulk pour les ids de 6894483 à 6895482
bulk : {
  "took" : 86,
  "errors" :  ...
41: 134001 adresses traitées
adresse : bulk pour les ids de 6895483 à 6896482
bulk : {
  "took" : 77,
  "errors" :  ...
41: 135001 adresses traitées
adresse : bulk pour les ids de 6896483 à 6897482
bulk : {
  "took" : 93,
  "errors" :  ...
41: 136001 adresses traitées
adresse : bulk pour les ids de 6897483 à 6898482
bulk : {
  "took" : 103,
  "errors" : ...
41: 137001 adresses traitées
adresse : bulk pour les ids de 6898483 à 6899482
bulk : {
  "took" : 69,
  "errors" :  ...
41: 138001 adresses traitées
adresse : bulk pour les ids de 6899483 à 6900482
bulk : {
  "took" : 78,
  "errors" :  ...
41: 139001 adresses traitées
adresse : bulk pour les ids de 6900483 à 6901482
bulk : {
  "took" : 91,
  "errors" :  ...
41: 140001 adresses traitées
adresse : bulk pour les ids de 6901483 à 6902482
bulk : {
  "took" : 81,
  "errors" :  ...
41: 141001 adresses traitées
adresse : bulk pour les ids de 6902483 à 6903482
bulk : {
  "took" : 94,
  "errors" :  ...
41: 142001 adresses traitées
adresse : bulk pour les ids de 6903483 à 6904482
bulk : {
  "took" : 83,
  "errors" :  ...
41: 143001 adresses traitées
adresse : bulk pour les ids de 6904483 à 6905482
bulk : {
  "took" : 92,
  "errors" :  ...
41: 144001 adresses traitées
adresse : bulk pour les ids de 6905483 à 6906482
bulk : {
  "took" : 86,
  "errors" :  ...
41: 145001 adresses traitées
adresse : bulk pour les ids de 6906483 à 6907482
bulk : {
  "took" : 68,
  "errors" :  ...
41: 146001 adresses traitées
adresse : bulk pour les ids de 6907483 à 6908482
bulk : {
  "took" : 111,
  "errors" : ...
41: 147001 adresses traitées
adresse : bulk pour les ids de 6908483 à 6909482
bulk : {
  "took" : 68,
  "errors" :  ...
41: 148001 adresses traitées
adresse : bulk pour les ids de 6909483 à 6910482
bulk : {
  "took" : 105,
  "errors" : ...
41: 149001 adresses traitées
adresse : bulk pour les ids de 6910483 à 6911482
bulk : {
  "took" : 88,
  "errors" :  ...
41: 150001 adresses traitées
adresse : bulk pour les ids de 6911483 à 6912482
bulk : {
  "took" : 82,
  "errors" :  ...
41: 151001 adresses traitées
adresse : bulk pour les ids de 6912483 à 6913482
bulk : {
  "took" : 71,
  "errors" :  ...
41: 152001 adresses traitées
adresse : bulk pour les ids de 6913483 à 6914482
bulk : {
  "took" : 108,
  "errors" : ...
41: 153001 adresses traitées
adresse : bulk pour les ids de 6914483 à 6915482
bulk : {
  "took" : 95,
  "errors" :  ...
41: 154001 adresses traitées
adresse : bulk pour les ids de 6915483 à 6916482
bulk : {
  "took" : 78,
  "errors" :  ...
41: 155001 adresses traitées
adresse : bulk pour les ids de 6916483 à 6917013
bulk : {
  "took" : 37,
  "errors" :  ...
dpt 42 : voies
42: 1 voies traitées
voie : bulk pour les ids de 536859 à 537058
bulk : {
  "took" : 12,
  "errors" :  ...
42: 201 voies traitées
voie : bulk pour les ids de 537059 à 537258
bulk : {
  "took" : 12,
  "errors" :  ...
42: 401 voies traitées
voie : bulk pour les ids de 537259 à 537458
bulk : {
  "took" : 12,
  "errors" :  ...
42: 601 voies traitées
voie : bulk pour les ids de 537459 à 537658
bulk : {
  "took" : 12,
  "errors" :  ...
42: 801 voies traitées
voie : bulk pour les ids de 537659 à 537858
bulk : {
  "took" : 11,
  "errors" :  ...
42: 1001 voies traitées
voie : bulk pour les ids de 537859 à 538058
bulk : {
  "took" : 30,
  "errors" :  ...
42: 1201 voies traitées
voie : bulk pour les ids de 538059 à 538258
bulk : {
  "took" : 12,
  "errors" :  ...
42: 1401 voies traitées
voie : bulk pour les ids de 538259 à 538458
bulk : {
  "took" : 12,
  "errors" :  ...
42: 1601 voies traitées
voie : bulk pour les ids de 538459 à 538658
bulk : {
  "took" : 33,
  "errors" :  ...
42: 1801 voies traitées
voie : bulk pour les ids de 538659 à 538858
bulk : {
  "took" : 11,
  "errors" :  ...
42: 2001 voies traitées
voie : bulk pour les ids de 538859 à 539058
bulk : {
  "took" : 12,
  "errors" :  ...
42: 2201 voies traitées
voie : bulk pour les ids de 539059 à 539258
bulk : {
  "took" : 11,
  "errors" :  ...
42: 2401 voies traitées
voie : bulk pour les ids de 539259 à 539458
bulk : {
  "took" : 13,
  "errors" :  ...
42: 2601 voies traitées
voie : bulk pour les ids de 539459 à 539658
bulk : {
  "took" : 11,
  "errors" :  ...
42: 2801 voies traitées
voie : bulk pour les ids de 539659 à 539858
bulk : {
  "took" : 13,
  "errors" :  ...
42: 3001 voies traitées
voie : bulk pour les ids de 539859 à 540058
bulk : {
  "took" : 12,
  "errors" :  ...
42: 3201 voies traitées
voie : bulk pour les ids de 540059 à 540258
bulk : {
  "took" : 12,
  "errors" :  ...
42: 3401 voies traitées
voie : bulk pour les ids de 540259 à 540458
bulk : {
  "took" : 12,
  "errors" :  ...
42: 3601 voies traitées
voie : bulk pour les ids de 540459 à 540658
bulk : {
  "took" : 28,
  "errors" :  ...
42: 3801 voies traitées
voie : bulk pour les ids de 540659 à 540858
bulk : {
  "took" : 11,
  "errors" :  ...
42: 4001 voies traitées
voie : bulk pour les ids de 540859 à 541058
bulk : {
  "took" : 11,
  "errors" :  ...
42: 4201 voies traitées
voie : bulk pour les ids de 541059 à 541258
bulk : {
  "took" : 11,
  "errors" :  ...
42: 4401 voies traitées
voie : bulk pour les ids de 541259 à 541458
bulk : {
  "took" : 12,
  "errors" :  ...
42: 4601 voies traitées
voie : bulk pour les ids de 541459 à 541658
bulk : {
  "took" : 11,
  "errors" :  ...
42: 4801 voies traitées
voie : bulk pour les ids de 541659 à 541858
bulk : {
  "took" : 30,
  "errors" :  ...
42: 5001 voies traitées
voie : bulk pour les ids de 541859 à 542058
bulk : {
  "took" : 11,
  "errors" :  ...
42: 5201 voies traitées
voie : bulk pour les ids de 542059 à 542258
bulk : {
  "took" : 11,
  "errors" :  ...
42: 5401 voies traitées
voie : bulk pour les ids de 542259 à 542458
bulk : {
  "took" : 11,
  "errors" :  ...
42: 5601 voies traitées
voie : bulk pour les ids de 542459 à 542658
bulk : {
  "took" : 11,
  "errors" :  ...
42: 5801 voies traitées
voie : bulk pour les ids de 542659 à 542858
bulk : {
  "took" : 12,
  "errors" :  ...
42: 6001 voies traitées
voie : bulk pour les ids de 542859 à 543058
bulk : {
  "took" : 11,
  "errors" :  ...
42: 6201 voies traitées
voie : bulk pour les ids de 543059 à 543258
bulk : {
  "took" : 11,
  "errors" :  ...
42: 6401 voies traitées
voie : bulk pour les ids de 543259 à 543458
bulk : {
  "took" : 11,
  "errors" :  ...
42: 6601 voies traitées
voie : bulk pour les ids de 543459 à 543658
bulk : {
  "took" : 12,
  "errors" :  ...
42: 6801 voies traitées
voie : bulk pour les ids de 543659 à 543858
bulk : {
  "took" : 13,
  "errors" :  ...
42: 7001 voies traitées
voie : bulk pour les ids de 543859 à 544058
bulk : {
  "took" : 12,
  "errors" :  ...
42: 7201 voies traitées
voie : bulk pour les ids de 544059 à 544258
bulk : {
  "took" : 12,
  "errors" :  ...
42: 7401 voies traitées
voie : bulk pour les ids de 544259 à 544458
bulk : {
  "took" : 12,
  "errors" :  ...
42: 7601 voies traitées
voie : bulk pour les ids de 544459 à 544658
bulk : {
  "took" : 11,
  "errors" :  ...
42: 7801 voies traitées
voie : bulk pour les ids de 544659 à 544858
bulk : {
  "took" : 12,
  "errors" :  ...
42: 8001 voies traitées
voie : bulk pour les ids de 544859 à 545058
bulk : {
  "took" : 12,
  "errors" :  ...
42: 8201 voies traitées
voie : bulk pour les ids de 545059 à 545258
bulk : {
  "took" : 11,
  "errors" :  ...
42: 8401 voies traitées
voie : bulk pour les ids de 545259 à 545458
bulk : {
  "took" : 11,
  "errors" :  ...
42: 8601 voies traitées
voie : bulk pour les ids de 545459 à 545658
bulk : {
  "took" : 30,
  "errors" :  ...
42: 8801 voies traitées
voie : bulk pour les ids de 545659 à 545858
bulk : {
  "took" : 11,
  "errors" :  ...
42: 9001 voies traitées
voie : bulk pour les ids de 545859 à 546058
bulk : {
  "took" : 12,
  "errors" :  ...
42: 9201 voies traitées
voie : bulk pour les ids de 546059 à 546258
bulk : {
  "took" : 11,
  "errors" :  ...
42: 9401 voies traitées
voie : bulk pour les ids de 546259 à 546458
bulk : {
  "took" : 11,
  "errors" :  ...
42: 9601 voies traitées
voie : bulk pour les ids de 546459 à 546658
bulk : {
  "took" : 12,
  "errors" :  ...
42: 9801 voies traitées
voie : bulk pour les ids de 546659 à 546858
bulk : {
  "took" : 12,
  "errors" :  ...
42: 10001 voies traitées
voie : bulk pour les ids de 546859 à 547058
bulk : {
  "took" : 12,
  "errors" :  ...
42: 10201 voies traitées
voie : bulk pour les ids de 547059 à 547258
bulk : {
  "took" : 12,
  "errors" :  ...
42: 10401 voies traitées
voie : bulk pour les ids de 547259 à 547458
bulk : {
  "took" : 34,
  "errors" :  ...
42: 10601 voies traitées
voie : bulk pour les ids de 547459 à 547658
bulk : {
  "took" : 12,
  "errors" :  ...
42: 10801 voies traitées
voie : bulk pour les ids de 547659 à 547858
bulk : {
  "took" : 12,
  "errors" :  ...
42: 11001 voies traitées
voie : bulk pour les ids de 547859 à 548058
bulk : {
  "took" : 12,
  "errors" :  ...
42: 11201 voies traitées
voie : bulk pour les ids de 548059 à 548258
bulk : {
  "took" : 13,
  "errors" :  ...
42: 11401 voies traitées
voie : bulk pour les ids de 548259 à 548458
bulk : {
  "took" : 12,
  "errors" :  ...
42: 11601 voies traitées
voie : bulk pour les ids de 548459 à 548658
bulk : {
  "took" : 13,
  "errors" :  ...
42: 11801 voies traitées
voie : bulk pour les ids de 548659 à 548858
bulk : {
  "took" : 12,
  "errors" :  ...
42: 12001 voies traitées
voie : bulk pour les ids de 548859 à 549058
bulk : {
  "took" : 15,
  "errors" :  ...
42: 12201 voies traitées
voie : bulk pour les ids de 549059 à 549258
bulk : {
  "took" : 21,
  "errors" :  ...
42: 12401 voies traitées
voie : bulk pour les ids de 549259 à 549458
bulk : {
  "took" : 30,
  "errors" :  ...
42: 12601 voies traitées
voie : bulk pour les ids de 549459 à 549658
bulk : {
  "took" : 12,
  "errors" :  ...
42: 12801 voies traitées
voie : bulk pour les ids de 549659 à 549858
bulk : {
  "took" : 12,
  "errors" :  ...
42: 13001 voies traitées
voie : bulk pour les ids de 549859 à 550058
bulk : {
  "took" : 12,
  "errors" :  ...
42: 13201 voies traitées
voie : bulk pour les ids de 550059 à 550258
bulk : {
  "took" : 12,
  "errors" :  ...
42: 13401 voies traitées
voie : bulk pour les ids de 550259 à 550458
bulk : {
  "took" : 12,
  "errors" :  ...
42: 13601 voies traitées
voie : bulk pour les ids de 550459 à 550548
bulk : {
  "took" : 5,
  "errors" : f ...
dpt 42 : adresses
42: 1 adresses traitées
42: 1001 adresses traitées
adresse : bulk pour les ids de 6917014 à 6918013
bulk : {
  "took" : 73,
  "errors" :  ...
42: 2001 adresses traitées
adresse : bulk pour les ids de 6918014 à 6919013
bulk : {
  "took" : 104,
  "errors" : ...
42: 3001 adresses traitées
adresse : bulk pour les ids de 6919014 à 6920013
bulk : {
  "took" : 70,
  "errors" :  ...
42: 4001 adresses traitées
adresse : bulk pour les ids de 6920014 à 6921013
bulk : {
  "took" : 90,
  "errors" :  ...
42: 5001 adresses traitées
42: 6001 adresses traitées
adresse : bulk pour les ids de 6921014 à 6922013
bulk : {
  "took" : 72,
  "errors" :  ...
42: 7001 adresses traitées
adresse : bulk pour les ids de 6922014 à 6923013
bulk : {
  "took" : 111,
  "errors" : ...
42: 8001 adresses traitées
adresse : bulk pour les ids de 6923014 à 6924013
bulk : {
  "took" : 102,
  "errors" : ...
42: 9001 adresses traitées
adresse : bulk pour les ids de 6924014 à 6925013
bulk : {
  "took" : 69,
  "errors" :  ...
42: 10001 adresses traitées
adresse : bulk pour les ids de 6925014 à 6926013
bulk : {
  "took" : 102,
  "errors" : ...
42: 11001 adresses traitées
adresse : bulk pour les ids de 6926014 à 6927013
bulk : {
  "took" : 91,
  "errors" :  ...
42: 12001 adresses traitées
adresse : bulk pour les ids de 6927014 à 6928013
bulk : {
  "took" : 68,
  "errors" :  ...
42: 13001 adresses traitées
adresse : bulk pour les ids de 6928014 à 6929013
bulk : {
  "took" : 75,
  "errors" :  ...
42: 14001 adresses traitées
adresse : bulk pour les ids de 6929014 à 6930013
bulk : {
  "took" : 83,
  "errors" :  ...
42: 15001 adresses traitées
adresse : bulk pour les ids de 6930014 à 6931013
bulk : {
  "took" : 67,
  "errors" :  ...
42: 16001 adresses traitées
adresse : bulk pour les ids de 6931014 à 6932013
bulk : {
  "took" : 70,
  "errors" :  ...
42: 17001 adresses traitées
adresse : bulk pour les ids de 6932014 à 6933013
bulk : {
  "took" : 98,
  "errors" :  ...
42: 18001 adresses traitées
adresse : bulk pour les ids de 6933014 à 6934013
bulk : {
  "took" : 71,
  "errors" :  ...
42: 19001 adresses traitées
adresse : bulk pour les ids de 6934014 à 6935013
bulk : {
  "took" : 94,
  "errors" :  ...
42: 20001 adresses traitées
42: 21001 adresses traitées
adresse : bulk pour les ids de 6935014 à 6936013
bulk : {
  "took" : 93,
  "errors" :  ...
42: 22001 adresses traitées
adresse : bulk pour les ids de 6936014 à 6937013
bulk : {
  "took" : 67,
  "errors" :  ...
42: 23001 adresses traitées
adresse : bulk pour les ids de 6937014 à 6938013
bulk : {
  "took" : 103,
  "errors" : ...
42: 24001 adresses traitées
adresse : bulk pour les ids de 6938014 à 6939013
bulk : {
  "took" : 65,
  "errors" :  ...
42: 25001 adresses traitées
adresse : bulk pour les ids de 6939014 à 6940013
bulk : {
  "took" : 95,
  "errors" :  ...
42: 26001 adresses traitées
adresse : bulk pour les ids de 6940014 à 6941013
bulk : {
  "took" : 82,
  "errors" :  ...
42: 27001 adresses traitées
adresse : bulk pour les ids de 6941014 à 6942013
bulk : {
  "took" : 73,
  "errors" :  ...
42: 28001 adresses traitées
adresse : bulk pour les ids de 6942014 à 6943013
bulk : {
  "took" : 83,
  "errors" :  ...
42: 29001 adresses traitées
adresse : bulk pour les ids de 6943014 à 6944013
bulk : {
  "took" : 81,
  "errors" :  ...
42: 30001 adresses traitées
adresse : bulk pour les ids de 6944014 à 6945013
bulk : {
  "took" : 67,
  "errors" :  ...
42: 31001 adresses traitées
adresse : bulk pour les ids de 6945014 à 6946013
bulk : {
  "took" : 95,
  "errors" :  ...
42: 32001 adresses traitées
adresse : bulk pour les ids de 6946014 à 6947013
bulk : {
  "took" : 80,
  "errors" :  ...
42: 33001 adresses traitées
42: 34001 adresses traitées
adresse : bulk pour les ids de 6947014 à 6948013
bulk : {
  "took" : 82,
  "errors" :  ...
42: 35001 adresses traitées
adresse : bulk pour les ids de 6948014 à 6949013
bulk : {
  "took" : 87,
  "errors" :  ...
42: 36001 adresses traitées
42: 37001 adresses traitées
adresse : bulk pour les ids de 6949014 à 6950013
bulk : {
  "took" : 92,
  "errors" :  ...
42: 38001 adresses traitées
adresse : bulk pour les ids de 6950014 à 6951013
bulk : {
  "took" : 75,
  "errors" :  ...
42: 39001 adresses traitées
adresse : bulk pour les ids de 6951014 à 6952013
bulk : {
  "took" : 81,
  "errors" :  ...
42: 40001 adresses traitées
adresse : bulk pour les ids de 6952014 à 6953013
bulk : {
  "took" : 75,
  "errors" :  ...
42: 41001 adresses traitées
42: 42001 adresses traitées
adresse : bulk pour les ids de 6953014 à 6954013
bulk : {
  "took" : 91,
  "errors" :  ...
42: 43001 adresses traitées
adresse : bulk pour les ids de 6954014 à 6955013
bulk : {
  "took" : 74,
  "errors" :  ...
42: 44001 adresses traitées
adresse : bulk pour les ids de 6955014 à 6956013
bulk : {
  "took" : 69,
  "errors" :  ...
42: 45001 adresses traitées
adresse : bulk pour les ids de 6956014 à 6957013
bulk : {
  "took" : 89,
  "errors" :  ...
42: 46001 adresses traitées
42: 47001 adresses traitées
adresse : bulk pour les ids de 6957014 à 6958013
bulk : {
  "took" : 64,
  "errors" :  ...
42: 48001 adresses traitées
adresse : bulk pour les ids de 6958014 à 6959013
bulk : {
  "took" : 99,
  "errors" :  ...
42: 49001 adresses traitées
adresse : bulk pour les ids de 6959014 à 6960013
bulk : {
  "took" : 86,
  "errors" :  ...
42: 50001 adresses traitées
42: 51001 adresses traitées
adresse : bulk pour les ids de 6960014 à 6961013
bulk : {
  "took" : 74,
  "errors" :  ...
42: 52001 adresses traitées
adresse : bulk pour les ids de 6961014 à 6962013
bulk : {
  "took" : 66,
  "errors" :  ...
42: 53001 adresses traitées
adresse : bulk pour les ids de 6962014 à 6963013
bulk : {
  "took" : 97,
  "errors" :  ...
42: 54001 adresses traitées
adresse : bulk pour les ids de 6963014 à 6964013
bulk : {
  "took" : 84,
  "errors" :  ...
42: 55001 adresses traitées
adresse : bulk pour les ids de 6964014 à 6965013
bulk : {
  "took" : 74,
  "errors" :  ...
42: 56001 adresses traitées
42: 57001 adresses traitées
adresse : bulk pour les ids de 6965014 à 6966013
bulk : {
  "took" : 81,
  "errors" :  ...
42: 58001 adresses traitées
adresse : bulk pour les ids de 6966014 à 6967013
bulk : {
  "took" : 91,
  "errors" :  ...
42: 59001 adresses traitées
adresse : bulk pour les ids de 6967014 à 6968013
bulk : {
  "took" : 66,
  "errors" :  ...
42: 60001 adresses traitées
adresse : bulk pour les ids de 6968014 à 6969013
bulk : {
  "took" : 99,
  "errors" :  ...
42: 61001 adresses traitées
adresse : bulk pour les ids de 6969014 à 6970013
bulk : {
  "took" : 73,
  "errors" :  ...
42: 62001 adresses traitées
adresse : bulk pour les ids de 6970014 à 6971013
bulk : {
  "took" : 97,
  "errors" :  ...
42: 63001 adresses traitées
adresse : bulk pour les ids de 6971014 à 6972013
bulk : {
  "took" : 76,
  "errors" :  ...
42: 64001 adresses traitées
adresse : bulk pour les ids de 6972014 à 6973013
bulk : {
  "took" : 94,
  "errors" :  ...
42: 65001 adresses traitées
42: 66001 adresses traitées
adresse : bulk pour les ids de 6973014 à 6974013
bulk : {
  "took" : 65,
  "errors" :  ...
42: 67001 adresses traitées
adresse : bulk pour les ids de 6974014 à 6975013
bulk : {
  "took" : 90,
  "errors" :  ...
42: 68001 adresses traitées
adresse : bulk pour les ids de 6975014 à 6976013
bulk : {
  "took" : 88,
  "errors" :  ...
42: 69001 adresses traitées
adresse : bulk pour les ids de 6976014 à 6977013
bulk : {
  "took" : 79,
  "errors" :  ...
42: 70001 adresses traitées
adresse : bulk pour les ids de 6977014 à 6978013
bulk : {
  "took" : 85,
  "errors" :  ...
42: 71001 adresses traitées
42: 72001 adresses traitées
adresse : bulk pour les ids de 6978014 à 6979013
bulk : {
  "took" : 98,
  "errors" :  ...
42: 73001 adresses traitées
adresse : bulk pour les ids de 6979014 à 6980013
bulk : {
  "took" : 81,
  "errors" :  ...
42: 74001 adresses traitées
adresse : bulk pour les ids de 6980014 à 6981013
bulk : {
  "took" : 77,
  "errors" :  ...
42: 75001 adresses traitées
adresse : bulk pour les ids de 6981014 à 6982013
bulk : {
  "took" : 66,
  "errors" :  ...
42: 76001 adresses traitées
adresse : bulk pour les ids de 6982014 à 6983013
bulk : {
  "took" : 100,
  "errors" : ...
42: 77001 adresses traitées
adresse : bulk pour les ids de 6983014 à 6984013
bulk : {
  "took" : 67,
  "errors" :  ...
42: 78001 adresses traitées
42: 79001 adresses traitées
adresse : bulk pour les ids de 6984014 à 6985013
bulk : {
  "took" : 100,
  "errors" : ...
42: 80001 adresses traitées
adresse : bulk pour les ids de 6985014 à 6986013
bulk : {
  "took" : 89,
  "errors" :  ...
42: 81001 adresses traitées
adresse : bulk pour les ids de 6986014 à 6987013
bulk : {
  "took" : 75,
  "errors" :  ...
42: 82001 adresses traitées
adresse : bulk pour les ids de 6987014 à 6988013
bulk : {
  "took" : 83,
  "errors" :  ...
42: 83001 adresses traitées
adresse : bulk pour les ids de 6988014 à 6989013
bulk : {
  "took" : 82,
  "errors" :  ...
42: 84001 adresses traitées
adresse : bulk pour les ids de 6989014 à 6990013
bulk : {
  "took" : 88,
  "errors" :  ...
42: 85001 adresses traitées
adresse : bulk pour les ids de 6990014 à 6991013
bulk : {
  "took" : 75,
  "errors" :  ...
42: 86001 adresses traitées
adresse : bulk pour les ids de 6991014 à 6992013
bulk : {
  "took" : 82,
  "errors" :  ...
42: 87001 adresses traitées
adresse : bulk pour les ids de 6992014 à 6993013
bulk : {
  "took" : 98,
  "errors" :  ...
42: 88001 adresses traitées
42: 89001 adresses traitées
adresse : bulk pour les ids de 6993014 à 6994013
bulk : {
  "took" : 65,
  "errors" :  ...
42: 90001 adresses traitées
adresse : bulk pour les ids de 6994014 à 6995013
bulk : {
  "took" : 97,
  "errors" :  ...
42: 91001 adresses traitées
adresse : bulk pour les ids de 6995014 à 6996013
bulk : {
  "took" : 69,
  "errors" :  ...
42: 92001 adresses traitées
adresse : bulk pour les ids de 6996014 à 6997013
bulk : {
  "took" : 75,
  "errors" :  ...
42: 93001 adresses traitées
adresse : bulk pour les ids de 6997014 à 6998013
bulk : {
  "took" : 66,
  "errors" :  ...
42: 94001 adresses traitées
adresse : bulk pour les ids de 6998014 à 6999013
bulk : {
  "took" : 96,
  "errors" :  ...
42: 95001 adresses traitées
42: 96001 adresses traitées
adresse : bulk pour les ids de 6999014 à 7000013
bulk : {
  "took" : 83,
  "errors" :  ...
42: 97001 adresses traitées
adresse : bulk pour les ids de 7000014 à 7001013
bulk : {
  "took" : 82,
  "errors" :  ...
42: 98001 adresses traitées
adresse : bulk pour les ids de 7001014 à 7002013
bulk : {
  "took" : 67,
  "errors" :  ...
42: 99001 adresses traitées
adresse : bulk pour les ids de 7002014 à 7003013
bulk : {
  "took" : 108,
  "errors" : ...
42: 100001 adresses traitées
adresse : bulk pour les ids de 7003014 à 7004013
bulk : {
  "took" : 67,
  "errors" :  ...
42: 101001 adresses traitées
adresse : bulk pour les ids de 7004014 à 7005013
bulk : {
  "took" : 97,
  "errors" :  ...
42: 102001 adresses traitées
42: 103001 adresses traitées
adresse : bulk pour les ids de 7005014 à 7006013
bulk : {
  "took" : 66,
  "errors" :  ...
42: 104001 adresses traitées
adresse : bulk pour les ids de 7006014 à 7007013
bulk : {
  "took" : 99,
  "errors" :  ...
42: 105001 adresses traitées
adresse : bulk pour les ids de 7007014 à 7008013
bulk : {
  "took" : 66,
  "errors" :  ...
42: 106001 adresses traitées
adresse : bulk pour les ids de 7008014 à 7009013
bulk : {
  "took" : 104,
  "errors" : ...
42: 107001 adresses traitées
adresse : bulk pour les ids de 7009014 à 7010013
bulk : {
  "took" : 83,
  "errors" :  ...
42: 108001 adresses traitées
adresse : bulk pour les ids de 7010014 à 7011013
bulk : {
  "took" : 81,
  "errors" :  ...
42: 109001 adresses traitées
adresse : bulk pour les ids de 7011014 à 7012013
bulk : {
  "took" : 82,
  "errors" :  ...
42: 110001 adresses traitées
adresse : bulk pour les ids de 7012014 à 7013013
bulk : {
  "took" : 98,
  "errors" :  ...
42: 111001 adresses traitées
adresse : bulk pour les ids de 7013014 à 7014013
bulk : {
  "took" : 66,
  "errors" :  ...
42: 112001 adresses traitées
42: 113001 adresses traitées
adresse : bulk pour les ids de 7014014 à 7015013
bulk : {
  "took" : 98,
  "errors" :  ...
42: 114001 adresses traitées
adresse : bulk pour les ids de 7015014 à 7016013
bulk : {
  "took" : 89,
  "errors" :  ...
42: 115001 adresses traitées
adresse : bulk pour les ids de 7016014 à 7017013
bulk : {
  "took" : 73,
  "errors" :  ...
42: 116001 adresses traitées
adresse : bulk pour les ids de 7017014 à 7018013
bulk : {
  "took" : 85,
  "errors" :  ...
42: 117001 adresses traitées
adresse : bulk pour les ids de 7018014 à 7019013
bulk : {
  "took" : 94,
  "errors" :  ...
42: 118001 adresses traitées
adresse : bulk pour les ids de 7019014 à 7020013
bulk : {
  "took" : 82,
  "errors" :  ...
42: 119001 adresses traitées
adresse : bulk pour les ids de 7020014 à 7021013
bulk : {
  "took" : 73,
  "errors" :  ...
42: 120001 adresses traitées
adresse : bulk pour les ids de 7021014 à 7022013
bulk : {
  "took" : 91,
  "errors" :  ...
42: 121001 adresses traitées
adresse : bulk pour les ids de 7022014 à 7023013
bulk : {
  "took" : 73,
  "errors" :  ...
42: 122001 adresses traitées
42: 123001 adresses traitées
adresse : bulk pour les ids de 7023014 à 7024013
bulk : {
  "took" : 84,
  "errors" :  ...
42: 124001 adresses traitées
adresse : bulk pour les ids de 7024014 à 7025013
bulk : {
  "took" : 76,
  "errors" :  ...
42: 125001 adresses traitées
adresse : bulk pour les ids de 7025014 à 7026013
bulk : {
  "took" : 90,
  "errors" :  ...
42: 126001 adresses traitées
adresse : bulk pour les ids de 7026014 à 7027013
bulk : {
  "took" : 90,
  "errors" :  ...
42: 127001 adresses traitées
adresse : bulk pour les ids de 7027014 à 7028013
bulk : {
  "took" : 74,
  "errors" :  ...
42: 128001 adresses traitées
adresse : bulk pour les ids de 7028014 à 7029013
bulk : {
  "took" : 82,
  "errors" :  ...
42: 129001 adresses traitées
adresse : bulk pour les ids de 7029014 à 7030013
bulk : {
  "took" : 94,
  "errors" :  ...
42: 130001 adresses traitées
adresse : bulk pour les ids de 7030014 à 7031013
bulk : {
  "took" : 65,
  "errors" :  ...
42: 131001 adresses traitées
adresse : bulk pour les ids de 7031014 à 7032013
bulk : {
  "took" : 90,
  "errors" :  ...
42: 132001 adresses traitées
adresse : bulk pour les ids de 7032014 à 7033013
bulk : {
  "took" : 90,
  "errors" :  ...
42: 133001 adresses traitées
adresse : bulk pour les ids de 7033014 à 7034013
bulk : {
  "took" : 73,
  "errors" :  ...
42: 134001 adresses traitées
adresse : bulk pour les ids de 7034014 à 7035013
bulk : {
  "took" : 86,
  "errors" :  ...
42: 135001 adresses traitées
42: 136001 adresses traitées
adresse : bulk pour les ids de 7035014 à 7036013
bulk : {
  "took" : 92,
  "errors" :  ...
42: 137001 adresses traitées
adresse : bulk pour les ids de 7036014 à 7037013
bulk : {
  "took" : 82,
  "errors" :  ...
42: 138001 adresses traitées
adresse : bulk pour les ids de 7037014 à 7038013
bulk : {
  "took" : 82,
  "errors" :  ...
42: 139001 adresses traitées
adresse : bulk pour les ids de 7038014 à 7039013
bulk : {
  "took" : 88,
  "errors" :  ...
42: 140001 adresses traitées
adresse : bulk pour les ids de 7039014 à 7040013
bulk : {
  "took" : 78,
  "errors" :  ...
42: 141001 adresses traitées
adresse : bulk pour les ids de 7040014 à 7041013
bulk : {
  "took" : 88,
  "errors" :  ...
42: 142001 adresses traitées
adresse : bulk pour les ids de 7041014 à 7042013
bulk : {
  "took" : 77,
  "errors" :  ...
42: 143001 adresses traitées
adresse : bulk pour les ids de 7042014 à 7043013
bulk : {
  "took" : 82,
  "errors" :  ...
42: 144001 adresses traitées
adresse : bulk pour les ids de 7043014 à 7044013
bulk : {
  "took" : 75,
  "errors" :  ...
42: 145001 adresses traitées
adresse : bulk pour les ids de 7044014 à 7045013
bulk : {
  "took" : 65,
  "errors" :  ...
42: 146001 adresses traitées
adresse : bulk pour les ids de 7045014 à 7046013
bulk : {
  "took" : 92,
  "errors" :  ...
42: 147001 adresses traitées
adresse : bulk pour les ids de 7046014 à 7047013
bulk : {
  "took" : 71,
  "errors" :  ...
42: 148001 adresses traitées
adresse : bulk pour les ids de 7047014 à 7048013
bulk : {
  "took" : 94,
  "errors" :  ...
42: 149001 adresses traitées
adresse : bulk pour les ids de 7048014 à 7049013
bulk : {
  "took" : 86,
  "errors" :  ...
42: 150001 adresses traitées
adresse : bulk pour les ids de 7049014 à 7050013
bulk : {
  "took" : 79,
  "errors" :  ...
42: 151001 adresses traitées
adresse : bulk pour les ids de 7050014 à 7051013
bulk : {
  "took" : 90,
  "errors" :  ...
42: 152001 adresses traitées
adresse : bulk pour les ids de 7051014 à 7052013
bulk : {
  "took" : 104,
  "errors" : ...
42: 153001 adresses traitées
adresse : bulk pour les ids de 7052014 à 7053013
bulk : {
  "took" : 88,
  "errors" :  ...
42: 154001 adresses traitées
42: 155001 adresses traitées
adresse : bulk pour les ids de 7053014 à 7054013
bulk : {
  "took" : 81,
  "errors" :  ...
42: 156001 adresses traitées
adresse : bulk pour les ids de 7054014 à 7055013
bulk : {
  "took" : 85,
  "errors" :  ...
42: 157001 adresses traitées
adresse : bulk pour les ids de 7055014 à 7056013
bulk : {
  "took" : 100,
  "errors" : ...
42: 158001 adresses traitées
adresse : bulk pour les ids de 7056014 à 7057013
bulk : {
  "took" : 72,
  "errors" :  ...
42: 159001 adresses traitées
adresse : bulk pour les ids de 7057014 à 7058013
bulk : {
  "took" : 97,
  "errors" :  ...
42: 160001 adresses traitées
adresse : bulk pour les ids de 7058014 à 7059013
bulk : {
  "took" : 68,
  "errors" :  ...
42: 161001 adresses traitées
adresse : bulk pour les ids de 7059014 à 7060013
bulk : {
  "took" : 103,
  "errors" : ...
42: 162001 adresses traitées
adresse : bulk pour les ids de 7060014 à 7061013
bulk : {
  "took" : 68,
  "errors" :  ...
42: 163001 adresses traitées
adresse : bulk pour les ids de 7061014 à 7062013
bulk : {
  "took" : 93,
  "errors" :  ...
42: 164001 adresses traitées
adresse : bulk pour les ids de 7062014 à 7063013
bulk : {
  "took" : 85,
  "errors" :  ...
42: 165001 adresses traitées
42: 166001 adresses traitées
adresse : bulk pour les ids de 7063014 à 7064013
bulk : {
  "took" : 79,
  "errors" :  ...
42: 167001 adresses traitées
adresse : bulk pour les ids de 7064014 à 7065013
bulk : {
  "took" : 84,
  "errors" :  ...
42: 168001 adresses traitées
adresse : bulk pour les ids de 7065014 à 7066013
bulk : {
  "took" : 99,
  "errors" :  ...
42: 169001 adresses traitées
adresse : bulk pour les ids de 7066014 à 7067013
bulk : {
  "took" : 66,
  "errors" :  ...
42: 170001 adresses traitées
adresse : bulk pour les ids de 7067014 à 7068013
bulk : {
  "took" : 96,
  "errors" :  ...
42: 171001 adresses traitées
adresse : bulk pour les ids de 7068014 à 7069013
bulk : {
  "took" : 90,
  "errors" :  ...
42: 172001 adresses traitées
adresse : bulk pour les ids de 7069014 à 7070013
bulk : {
  "took" : 82,
  "errors" :  ...
42: 173001 adresses traitées
42: 174001 adresses traitées
adresse : bulk pour les ids de 7070014 à 7071013
bulk : {
  "took" : 68,
  "errors" :  ...
42: 175001 adresses traitées
adresse : bulk pour les ids de 7071014 à 7072013
bulk : {
  "took" : 98,
  "errors" :  ...
42: 176001 adresses traitées
adresse : bulk pour les ids de 7072014 à 7073013
bulk : {
  "took" : 84,
  "errors" :  ...
42: 177001 adresses traitées
adresse : bulk pour les ids de 7073014 à 7074013
bulk : {
  "took" : 78,
  "errors" :  ...
42: 178001 adresses traitées
adresse : bulk pour les ids de 7074014 à 7075013
bulk : {
  "took" : 89,
  "errors" :  ...
42: 179001 adresses traitées
adresse : bulk pour les ids de 7075014 à 7076013
bulk : {
  "took" : 77,
  "errors" :  ...
42: 180001 adresses traitées
adresse : bulk pour les ids de 7076014 à 7077013
bulk : {
  "took" : 92,
  "errors" :  ...
42: 181001 adresses traitées
adresse : bulk pour les ids de 7077014 à 7078013
bulk : {
  "took" : 83,
  "errors" :  ...
42: 182001 adresses traitées
adresse : bulk pour les ids de 7078014 à 7079013
bulk : {
  "took" : 88,
  "errors" :  ...
42: 183001 adresses traitées
adresse : bulk pour les ids de 7079014 à 7080013
bulk : {
  "took" : 101,
  "errors" : ...
42: 184001 adresses traitées
adresse : bulk pour les ids de 7080014 à 7081013
bulk : {
  "took" : 69,
  "errors" :  ...
42: 185001 adresses traitées
adresse : bulk pour les ids de 7081014 à 7082013
bulk : {
  "took" : 100,
  "errors" : ...
adresse : bulk pour les ids de 7082014 à 7082086
bulk : {
  "took" : 6,
  "errors" : f ...
dpt 43 : voies
43: 1 voies traitées
voie : bulk pour les ids de 550549 à 550748
bulk : {
  "took" : 13,
  "errors" :  ...
43: 201 voies traitées
voie : bulk pour les ids de 550749 à 550948
bulk : {
  "took" : 12,
  "errors" :  ...
43: 401 voies traitées
voie : bulk pour les ids de 550949 à 551148
bulk : {
  "took" : 12,
  "errors" :  ...
43: 601 voies traitées
voie : bulk pour les ids de 551149 à 551348
bulk : {
  "took" : 12,
  "errors" :  ...
43: 801 voies traitées
voie : bulk pour les ids de 551349 à 551548
bulk : {
  "took" : 28,
  "errors" :  ...
43: 1001 voies traitées
voie : bulk pour les ids de 551549 à 551748
bulk : {
  "took" : 12,
  "errors" :  ...
43: 1201 voies traitées
voie : bulk pour les ids de 551749 à 551948
bulk : {
  "took" : 12,
  "errors" :  ...
43: 1401 voies traitées
voie : bulk pour les ids de 551949 à 552148
bulk : {
  "took" : 12,
  "errors" :  ...
43: 1601 voies traitées
voie : bulk pour les ids de 552149 à 552348
bulk : {
  "took" : 13,
  "errors" :  ...
43: 1801 voies traitées
voie : bulk pour les ids de 552349 à 552548
bulk : {
  "took" : 12,
  "errors" :  ...
43: 2001 voies traitées
voie : bulk pour les ids de 552549 à 552748
bulk : {
  "took" : 13,
  "errors" :  ...
43: 2201 voies traitées
voie : bulk pour les ids de 552749 à 552948
bulk : {
  "took" : 12,
  "errors" :  ...
43: 2401 voies traitées
voie : bulk pour les ids de 552949 à 553148
bulk : {
  "took" : 13,
  "errors" :  ...
43: 2601 voies traitées
voie : bulk pour les ids de 553149 à 553348
bulk : {
  "took" : 12,
  "errors" :  ...
43: 2801 voies traitées
voie : bulk pour les ids de 553349 à 553548
bulk : {
  "took" : 29,
  "errors" :  ...
43: 3001 voies traitées
voie : bulk pour les ids de 553549 à 553748
bulk : {
  "took" : 13,
  "errors" :  ...
43: 3201 voies traitées
voie : bulk pour les ids de 553749 à 553948
bulk : {
  "took" : 12,
  "errors" :  ...
43: 3401 voies traitées
voie : bulk pour les ids de 553949 à 554148
bulk : {
  "took" : 12,
  "errors" :  ...
43: 3601 voies traitées
voie : bulk pour les ids de 554149 à 554348
bulk : {
  "took" : 17,
  "errors" :  ...
43: 3801 voies traitées
voie : bulk pour les ids de 554349 à 554548
bulk : {
  "took" : 13,
  "errors" :  ...
43: 4001 voies traitées
voie : bulk pour les ids de 554549 à 554748
bulk : {
  "took" : 13,
  "errors" :  ...
43: 4201 voies traitées
voie : bulk pour les ids de 554749 à 554948
bulk : {
  "took" : 12,
  "errors" :  ...
43: 4401 voies traitées
voie : bulk pour les ids de 554949 à 555148
bulk : {
  "took" : 13,
  "errors" :  ...
43: 4601 voies traitées
voie : bulk pour les ids de 555149 à 555348
bulk : {
  "took" : 12,
  "errors" :  ...
43: 4801 voies traitées
voie : bulk pour les ids de 555349 à 555489
bulk : {
  "took" : 27,
  "errors" :  ...
dpt 43 : adresses
43: 1 adresses traitées
43: 1001 adresses traitées
adresse : bulk pour les ids de 7082087 à 7083086
bulk : {
  "took" : 65,
  "errors" :  ...
43: 2001 adresses traitées
adresse : bulk pour les ids de 7083087 à 7084086
bulk : {
  "took" : 94,
  "errors" :  ...
43: 3001 adresses traitées
adresse : bulk pour les ids de 7084087 à 7085086
bulk : {
  "took" : 88,
  "errors" :  ...
43: 4001 adresses traitées
adresse : bulk pour les ids de 7085087 à 7086086
bulk : {
  "took" : 91,
  "errors" :  ...
43: 5001 adresses traitées
adresse : bulk pour les ids de 7086087 à 7087086
bulk : {
  "took" : 65,
  "errors" :  ...
43: 6001 adresses traitées
43: 7001 adresses traitées
adresse : bulk pour les ids de 7087087 à 7088086
bulk : {
  "took" : 93,
  "errors" :  ...
43: 8001 adresses traitées
adresse : bulk pour les ids de 7088087 à 7089086
bulk : {
  "took" : 67,
  "errors" :  ...
43: 9001 adresses traitées
adresse : bulk pour les ids de 7089087 à 7090086
bulk : {
  "took" : 74,
  "errors" :  ...
43: 10001 adresses traitées
43: 11001 adresses traitées
adresse : bulk pour les ids de 7090087 à 7091086
bulk : {
  "took" : 88,
  "errors" :  ...
43: 12001 adresses traitées
43: 13001 adresses traitées
adresse : bulk pour les ids de 7091087 à 7092086
bulk : {
  "took" : 78,
  "errors" :  ...
43: 14001 adresses traitées
adresse : bulk pour les ids de 7092087 à 7093086
bulk : {
  "took" : 102,
  "errors" : ...
43: 15001 adresses traitées
adresse : bulk pour les ids de 7093087 à 7094086
bulk : {
  "took" : 82,
  "errors" :  ...
43: 16001 adresses traitées
adresse : bulk pour les ids de 7094087 à 7095086
bulk : {
  "took" : 82,
  "errors" :  ...
43: 17001 adresses traitées
adresse : bulk pour les ids de 7095087 à 7096086
bulk : {
  "took" : 86,
  "errors" :  ...
43: 18001 adresses traitées
43: 19001 adresses traitées
adresse : bulk pour les ids de 7096087 à 7097086
bulk : {
  "took" : 77,
  "errors" :  ...
43: 20001 adresses traitées
adresse : bulk pour les ids de 7097087 à 7098086
bulk : {
  "took" : 82,
  "errors" :  ...
43: 21001 adresses traitées
adresse : bulk pour les ids de 7098087 à 7099086
bulk : {
  "took" : 75,
  "errors" :  ...
43: 22001 adresses traitées
43: 23001 adresses traitées
adresse : bulk pour les ids de 7099087 à 7100086
bulk : {
  "took" : 66,
  "errors" :  ...
43: 24001 adresses traitées
adresse : bulk pour les ids de 7100087 à 7101086
bulk : {
  "took" : 91,
  "errors" :  ...
43: 25001 adresses traitées
adresse : bulk pour les ids de 7101087 à 7102086
bulk : {
  "took" : 65,
  "errors" :  ...
43: 26001 adresses traitées
adresse : bulk pour les ids de 7102087 à 7103086
bulk : {
  "took" : 77,
  "errors" :  ...
43: 27001 adresses traitées
43: 28001 adresses traitées
adresse : bulk pour les ids de 7103087 à 7104086
bulk : {
  "took" : 64,
  "errors" :  ...
43: 29001 adresses traitées
43: 30001 adresses traitées
adresse : bulk pour les ids de 7104087 à 7105086
bulk : {
  "took" : 90,
  "errors" :  ...
43: 31001 adresses traitées
adresse : bulk pour les ids de 7105087 à 7106086
bulk : {
  "took" : 64,
  "errors" :  ...
43: 32001 adresses traitées
adresse : bulk pour les ids de 7106087 à 7107086
bulk : {
  "took" : 96,
  "errors" :  ...
43: 33001 adresses traitées
43: 34001 adresses traitées
adresse : bulk pour les ids de 7107087 à 7108086
bulk : {
  "took" : 85,
  "errors" :  ...
43: 35001 adresses traitées
adresse : bulk pour les ids de 7108087 à 7109086
bulk : {
  "took" : 83,
  "errors" :  ...
43: 36001 adresses traitées
43: 37001 adresses traitées
adresse : bulk pour les ids de 7109087 à 7110086
bulk : {
  "took" : 85,
  "errors" :  ...
43: 38001 adresses traitées
adresse : bulk pour les ids de 7110087 à 7111086
bulk : {
  "took" : 91,
  "errors" :  ...
43: 39001 adresses traitées
adresse : bulk pour les ids de 7111087 à 7112086
bulk : {
  "took" : 65,
  "errors" :  ...
43: 40001 adresses traitées
adresse : bulk pour les ids de 7112087 à 7113086
bulk : {
  "took" : 97,
  "errors" :  ...
43: 41001 adresses traitées
adresse : bulk pour les ids de 7113087 à 7114086
bulk : {
  "took" : 67,
  "errors" :  ...
43: 42001 adresses traitées
adresse : bulk pour les ids de 7114087 à 7115086
bulk : {
  "took" : 101,
  "errors" : ...
43: 43001 adresses traitées
adresse : bulk pour les ids de 7115087 à 7116086
bulk : {
  "took" : 68,
  "errors" :  ...
43: 44001 adresses traitées
adresse : bulk pour les ids de 7116087 à 7117086
bulk : {
  "took" : 110,
  "errors" : ...
43: 45001 adresses traitées
43: 46001 adresses traitées
adresse : bulk pour les ids de 7117087 à 7118086
bulk : {
  "took" : 89,
  "errors" :  ...
43: 47001 adresses traitées
adresse : bulk pour les ids de 7118087 à 7119086
bulk : {
  "took" : 78,
  "errors" :  ...
43: 48001 adresses traitées
adresse : bulk pour les ids de 7119087 à 7120086
bulk : {
  "took" : 84,
  "errors" :  ...
43: 49001 adresses traitées
43: 50001 adresses traitées
adresse : bulk pour les ids de 7120087 à 7121086
bulk : {
  "took" : 97,
  "errors" :  ...
43: 51001 adresses traitées
43: 52001 adresses traitées
43: 53001 adresses traitées
adresse : bulk pour les ids de 7121087 à 7122086
bulk : {
  "took" : 127,
  "errors" : ...
43: 54001 adresses traitées
43: 55001 adresses traitées
adresse : bulk pour les ids de 7122087 à 7123086
bulk : {
  "took" : 78,
  "errors" :  ...
43: 56001 adresses traitées
adresse : bulk pour les ids de 7123087 à 7124086
bulk : {
  "took" : 91,
  "errors" :  ...
43: 57001 adresses traitées
adresse : bulk pour les ids de 7124087 à 7125086
bulk : {
  "took" : 97,
  "errors" :  ...
43: 58001 adresses traitées
adresse : bulk pour les ids de 7125087 à 7125966
bulk : {
  "took" : 60,
  "errors" :  ...
dpt 44 : voies
44: 1 voies traitées
voie : bulk pour les ids de 555490 à 555689
bulk : {
  "took" : 33,
  "errors" :  ...
44: 201 voies traitées
voie : bulk pour les ids de 555690 à 555889
bulk : {
  "took" : 13,
  "errors" :  ...
44: 401 voies traitées
voie : bulk pour les ids de 555890 à 556089
bulk : {
  "took" : 12,
  "errors" :  ...
44: 601 voies traitées
voie : bulk pour les ids de 556090 à 556289
bulk : {
  "took" : 12,
  "errors" :  ...
44: 801 voies traitées
voie : bulk pour les ids de 556290 à 556489
bulk : {
  "took" : 13,
  "errors" :  ...
44: 1001 voies traitées
voie : bulk pour les ids de 556490 à 556689
bulk : {
  "took" : 13,
  "errors" :  ...
44: 1201 voies traitées
voie : bulk pour les ids de 556690 à 556889
bulk : {
  "took" : 12,
  "errors" :  ...
44: 1401 voies traitées
voie : bulk pour les ids de 556890 à 557089
bulk : {
  "took" : 12,
  "errors" :  ...
44: 1601 voies traitées
voie : bulk pour les ids de 557090 à 557289
bulk : {
  "took" : 12,
  "errors" :  ...
44: 1801 voies traitées
voie : bulk pour les ids de 557290 à 557489
bulk : {
  "took" : 12,
  "errors" :  ...
44: 2001 voies traitées
voie : bulk pour les ids de 557490 à 557689
bulk : {
  "took" : 29,
  "errors" :  ...
44: 2201 voies traitées
voie : bulk pour les ids de 557690 à 557889
bulk : {
  "took" : 12,
  "errors" :  ...
44: 2401 voies traitées
voie : bulk pour les ids de 557890 à 558089
bulk : {
  "took" : 12,
  "errors" :  ...
44: 2601 voies traitées
voie : bulk pour les ids de 558090 à 558289
bulk : {
  "took" : 12,
  "errors" :  ...
44: 2801 voies traitées
voie : bulk pour les ids de 558290 à 558489
bulk : {
  "took" : 11,
  "errors" :  ...
44: 3001 voies traitées
voie : bulk pour les ids de 558490 à 558689
bulk : {
  "took" : 12,
  "errors" :  ...
44: 3201 voies traitées
voie : bulk pour les ids de 558690 à 558889
bulk : {
  "took" : 12,
  "errors" :  ...
44: 3401 voies traitées
voie : bulk pour les ids de 558890 à 559089
bulk : {
  "took" : 12,
  "errors" :  ...
44: 3601 voies traitées
voie : bulk pour les ids de 559090 à 559289
bulk : {
  "took" : 16,
  "errors" :  ...
44: 3801 voies traitées
voie : bulk pour les ids de 559290 à 559489
bulk : {
  "took" : 13,
  "errors" :  ...
44: 4001 voies traitées
voie : bulk pour les ids de 559490 à 559689
bulk : {
  "took" : 12,
  "errors" :  ...
44: 4201 voies traitées
voie : bulk pour les ids de 559690 à 559889
bulk : {
  "took" : 12,
  "errors" :  ...
44: 4401 voies traitées
voie : bulk pour les ids de 559890 à 560089
bulk : {
  "took" : 13,
  "errors" :  ...
44: 4601 voies traitées
voie : bulk pour les ids de 560090 à 560289
bulk : {
  "took" : 12,
  "errors" :  ...
44: 4801 voies traitées
voie : bulk pour les ids de 560290 à 560489
bulk : {
  "took" : 12,
  "errors" :  ...
44: 5001 voies traitées
voie : bulk pour les ids de 560490 à 560689
bulk : {
  "took" : 11,
  "errors" :  ...
44: 5201 voies traitées
voie : bulk pour les ids de 560690 à 560889
bulk : {
  "took" : 12,
  "errors" :  ...
44: 5401 voies traitées
voie : bulk pour les ids de 560890 à 561089
bulk : {
  "took" : 12,
  "errors" :  ...
44: 5601 voies traitées
voie : bulk pour les ids de 561090 à 561289
bulk : {
  "took" : 12,
  "errors" :  ...
44: 5801 voies traitées
voie : bulk pour les ids de 561290 à 561489
bulk : {
  "took" : 12,
  "errors" :  ...
44: 6001 voies traitées
voie : bulk pour les ids de 561490 à 561689
bulk : {
  "took" : 33,
  "errors" :  ...
44: 6201 voies traitées
voie : bulk pour les ids de 561690 à 561889
bulk : {
  "took" : 12,
  "errors" :  ...
44: 6401 voies traitées
voie : bulk pour les ids de 561890 à 562089
bulk : {
  "took" : 12,
  "errors" :  ...
44: 6601 voies traitées
voie : bulk pour les ids de 562090 à 562289
bulk : {
  "took" : 12,
  "errors" :  ...
44: 6801 voies traitées
voie : bulk pour les ids de 562290 à 562489
bulk : {
  "took" : 12,
  "errors" :  ...
44: 7001 voies traitées
voie : bulk pour les ids de 562490 à 562689
bulk : {
  "took" : 12,
  "errors" :  ...
44: 7201 voies traitées
voie : bulk pour les ids de 562690 à 562889
bulk : {
  "took" : 15,
  "errors" :  ...
44: 7401 voies traitées
voie : bulk pour les ids de 562890 à 563089
bulk : {
  "took" : 12,
  "errors" :  ...
44: 7601 voies traitées
voie : bulk pour les ids de 563090 à 563289
bulk : {
  "took" : 12,
  "errors" :  ...
44: 7801 voies traitées
voie : bulk pour les ids de 563290 à 563489
bulk : {
  "took" : 35,
  "errors" :  ...
44: 8001 voies traitées
voie : bulk pour les ids de 563490 à 563689
bulk : {
  "took" : 12,
  "errors" :  ...
44: 8201 voies traitées
voie : bulk pour les ids de 563690 à 563889
bulk : {
  "took" : 12,
  "errors" :  ...
44: 8401 voies traitées
voie : bulk pour les ids de 563890 à 564089
bulk : {
  "took" : 12,
  "errors" :  ...
44: 8601 voies traitées
voie : bulk pour les ids de 564090 à 564289
bulk : {
  "took" : 12,
  "errors" :  ...
44: 8801 voies traitées
voie : bulk pour les ids de 564290 à 564489
bulk : {
  "took" : 12,
  "errors" :  ...
44: 9001 voies traitées
voie : bulk pour les ids de 564490 à 564689
bulk : {
  "took" : 12,
  "errors" :  ...
44: 9201 voies traitées
voie : bulk pour les ids de 564690 à 564889
bulk : {
  "took" : 12,
  "errors" :  ...
44: 9401 voies traitées
voie : bulk pour les ids de 564890 à 565089
bulk : {
  "took" : 36,
  "errors" :  ...
44: 9601 voies traitées
voie : bulk pour les ids de 565090 à 565289
bulk : {
  "took" : 12,
  "errors" :  ...
44: 9801 voies traitées
voie : bulk pour les ids de 565290 à 565489
bulk : {
  "took" : 12,
  "errors" :  ...
44: 10001 voies traitées
voie : bulk pour les ids de 565490 à 565689
bulk : {
  "took" : 12,
  "errors" :  ...
44: 10201 voies traitées
voie : bulk pour les ids de 565690 à 565889
bulk : {
  "took" : 12,
  "errors" :  ...
44: 10401 voies traitées
voie : bulk pour les ids de 565890 à 566089
bulk : {
  "took" : 12,
  "errors" :  ...
44: 10601 voies traitées
voie : bulk pour les ids de 566090 à 566289
bulk : {
  "took" : 12,
  "errors" :  ...
44: 10801 voies traitées
voie : bulk pour les ids de 566290 à 566489
bulk : {
  "took" : 16,
  "errors" :  ...
44: 11001 voies traitées
voie : bulk pour les ids de 566490 à 566689
bulk : {
  "took" : 12,
  "errors" :  ...
44: 11201 voies traitées
voie : bulk pour les ids de 566690 à 566889
bulk : {
  "took" : 16,
  "errors" :  ...
44: 11401 voies traitées
voie : bulk pour les ids de 566890 à 567089
bulk : {
  "took" : 33,
  "errors" :  ...
44: 11601 voies traitées
voie : bulk pour les ids de 567090 à 567289
bulk : {
  "took" : 12,
  "errors" :  ...
44: 11801 voies traitées
voie : bulk pour les ids de 567290 à 567489
bulk : {
  "took" : 12,
  "errors" :  ...
44: 12001 voies traitées
voie : bulk pour les ids de 567490 à 567689
bulk : {
  "took" : 13,
  "errors" :  ...
44: 12201 voies traitées
voie : bulk pour les ids de 567690 à 567889
bulk : {
  "took" : 12,
  "errors" :  ...
44: 12401 voies traitées
voie : bulk pour les ids de 567890 à 568089
bulk : {
  "took" : 11,
  "errors" :  ...
44: 12601 voies traitées
voie : bulk pour les ids de 568090 à 568289
bulk : {
  "took" : 12,
  "errors" :  ...
44: 12801 voies traitées
voie : bulk pour les ids de 568290 à 568489
bulk : {
  "took" : 11,
  "errors" :  ...
44: 13001 voies traitées
voie : bulk pour les ids de 568490 à 568689
bulk : {
  "took" : 12,
  "errors" :  ...
44: 13201 voies traitées
voie : bulk pour les ids de 568690 à 568889
bulk : {
  "took" : 12,
  "errors" :  ...
44: 13401 voies traitées
voie : bulk pour les ids de 568890 à 569089
bulk : {
  "took" : 31,
  "errors" :  ...
44: 13601 voies traitées
voie : bulk pour les ids de 569090 à 569289
bulk : {
  "took" : 12,
  "errors" :  ...
44: 13801 voies traitées
voie : bulk pour les ids de 569290 à 569489
bulk : {
  "took" : 13,
  "errors" :  ...
44: 14001 voies traitées
voie : bulk pour les ids de 569490 à 569689
bulk : {
  "took" : 12,
  "errors" :  ...
44: 14201 voies traitées
voie : bulk pour les ids de 569690 à 569889
bulk : {
  "took" : 12,
  "errors" :  ...
44: 14401 voies traitées
voie : bulk pour les ids de 569890 à 570089
bulk : {
  "took" : 15,
  "errors" :  ...
44: 14601 voies traitées
voie : bulk pour les ids de 570090 à 570289
bulk : {
  "took" : 13,
  "errors" :  ...
44: 14801 voies traitées
voie : bulk pour les ids de 570290 à 570489
bulk : {
  "took" : 18,
  "errors" :  ...
44: 15001 voies traitées
voie : bulk pour les ids de 570490 à 570689
bulk : {
  "took" : 12,
  "errors" :  ...
44: 15201 voies traitées
voie : bulk pour les ids de 570690 à 570889
bulk : {
  "took" : 12,
  "errors" :  ...
44: 15401 voies traitées
voie : bulk pour les ids de 570890 à 571089
bulk : {
  "took" : 13,
  "errors" :  ...
44: 15601 voies traitées
voie : bulk pour les ids de 571090 à 571289
bulk : {
  "took" : 12,
  "errors" :  ...
44: 15801 voies traitées
voie : bulk pour les ids de 571290 à 571489
bulk : {
  "took" : 12,
  "errors" :  ...
44: 16001 voies traitées
voie : bulk pour les ids de 571490 à 571689
bulk : {
  "took" : 12,
  "errors" :  ...
44: 16201 voies traitées
voie : bulk pour les ids de 571690 à 571889
bulk : {
  "took" : 12,
  "errors" :  ...
44: 16401 voies traitées
voie : bulk pour les ids de 571890 à 572089
bulk : {
  "took" : 31,
  "errors" :  ...
44: 16601 voies traitées
voie : bulk pour les ids de 572090 à 572289
bulk : {
  "took" : 12,
  "errors" :  ...
44: 16801 voies traitées
voie : bulk pour les ids de 572290 à 572489
bulk : {
  "took" : 12,
  "errors" :  ...
44: 17001 voies traitées
voie : bulk pour les ids de 572490 à 572689
bulk : {
  "took" : 12,
  "errors" :  ...
44: 17201 voies traitées
voie : bulk pour les ids de 572690 à 572889
bulk : {
  "took" : 13,
  "errors" :  ...
44: 17401 voies traitées
voie : bulk pour les ids de 572890 à 573089
bulk : {
  "took" : 13,
  "errors" :  ...
44: 17601 voies traitées
voie : bulk pour les ids de 573090 à 573289
bulk : {
  "took" : 12,
  "errors" :  ...
44: 17801 voies traitées
voie : bulk pour les ids de 573290 à 573489
bulk : {
  "took" : 11,
  "errors" :  ...
44: 18001 voies traitées
voie : bulk pour les ids de 573490 à 573689
bulk : {
  "took" : 12,
  "errors" :  ...
44: 18201 voies traitées
voie : bulk pour les ids de 573690 à 573889
bulk : {
  "took" : 12,
  "errors" :  ...
44: 18401 voies traitées
voie : bulk pour les ids de 573890 à 574089
bulk : {
  "took" : 26,
  "errors" :  ...
44: 18601 voies traitées
voie : bulk pour les ids de 574090 à 574289
bulk : {
  "took" : 18,
  "errors" :  ...
44: 18801 voies traitées
voie : bulk pour les ids de 574290 à 574489
bulk : {
  "took" : 12,
  "errors" :  ...
44: 19001 voies traitées
voie : bulk pour les ids de 574490 à 574689
bulk : {
  "took" : 12,
  "errors" :  ...
44: 19201 voies traitées
voie : bulk pour les ids de 574690 à 574889
bulk : {
  "took" : 12,
  "errors" :  ...
44: 19401 voies traitées
voie : bulk pour les ids de 574890 à 575089
bulk : {
  "took" : 12,
  "errors" :  ...
44: 19601 voies traitées
voie : bulk pour les ids de 575090 à 575289
bulk : {
  "took" : 13,
  "errors" :  ...
44: 19801 voies traitées
voie : bulk pour les ids de 575290 à 575489
bulk : {
  "took" : 34,
  "errors" :  ...
44: 20001 voies traitées
voie : bulk pour les ids de 575490 à 575689
bulk : {
  "took" : 12,
  "errors" :  ...
44: 20201 voies traitées
voie : bulk pour les ids de 575690 à 575889
bulk : {
  "took" : 11,
  "errors" :  ...
44: 20401 voies traitées
voie : bulk pour les ids de 575890 à 576089
bulk : {
  "took" : 12,
  "errors" :  ...
44: 20601 voies traitées
voie : bulk pour les ids de 576090 à 576289
bulk : {
  "took" : 12,
  "errors" :  ...
44: 20801 voies traitées
voie : bulk pour les ids de 576290 à 576489
bulk : {
  "took" : 13,
  "errors" :  ...
44: 21001 voies traitées
voie : bulk pour les ids de 576490 à 576689
bulk : {
  "took" : 12,
  "errors" :  ...
44: 21201 voies traitées
voie : bulk pour les ids de 576690 à 576889
bulk : {
  "took" : 12,
  "errors" :  ...
44: 21401 voies traitées
voie : bulk pour les ids de 576890 à 577089
bulk : {
  "took" : 12,
  "errors" :  ...
44: 21601 voies traitées
voie : bulk pour les ids de 577090 à 577289
bulk : {
  "took" : 12,
  "errors" :  ...
44: 21801 voies traitées
voie : bulk pour les ids de 577290 à 577489
bulk : {
  "took" : 40,
  "errors" :  ...
44: 22001 voies traitées
voie : bulk pour les ids de 577490 à 577689
bulk : {
  "took" : 12,
  "errors" :  ...
44: 22201 voies traitées
voie : bulk pour les ids de 577690 à 577889
bulk : {
  "took" : 14,
  "errors" :  ...
44: 22401 voies traitées
voie : bulk pour les ids de 577890 à 578089
bulk : {
  "took" : 12,
  "errors" :  ...
44: 22601 voies traitées
voie : bulk pour les ids de 578090 à 578289
bulk : {
  "took" : 12,
  "errors" :  ...
44: 22801 voies traitées
voie : bulk pour les ids de 578290 à 578489
bulk : {
  "took" : 11,
  "errors" :  ...
44: 23001 voies traitées
voie : bulk pour les ids de 578490 à 578689
bulk : {
  "took" : 12,
  "errors" :  ...
44: 23201 voies traitées
voie : bulk pour les ids de 578690 à 578889
bulk : {
  "took" : 12,
  "errors" :  ...
44: 23401 voies traitées
voie : bulk pour les ids de 578890 à 579089
bulk : {
  "took" : 12,
  "errors" :  ...
44: 23601 voies traitées
voie : bulk pour les ids de 579090 à 579289
bulk : {
  "took" : 12,
  "errors" :  ...
44: 23801 voies traitées
voie : bulk pour les ids de 579290 à 579489
bulk : {
  "took" : 40,
  "errors" :  ...
44: 24001 voies traitées
voie : bulk pour les ids de 579490 à 579689
bulk : {
  "took" : 13,
  "errors" :  ...
44: 24201 voies traitées
voie : bulk pour les ids de 579690 à 579889
bulk : {
  "took" : 12,
  "errors" :  ...
44: 24401 voies traitées
voie : bulk pour les ids de 579890 à 580089
bulk : {
  "took" : 12,
  "errors" :  ...
44: 24601 voies traitées
voie : bulk pour les ids de 580090 à 580289
bulk : {
  "took" : 11,
  "errors" :  ...
44: 24801 voies traitées
voie : bulk pour les ids de 580290 à 580489
bulk : {
  "took" : 12,
  "errors" :  ...
44: 25001 voies traitées
voie : bulk pour les ids de 580490 à 580689
bulk : {
  "took" : 12,
  "errors" :  ...
44: 25201 voies traitées
voie : bulk pour les ids de 580690 à 580889
bulk : {
  "took" : 12,
  "errors" :  ...
44: 25401 voies traitées
voie : bulk pour les ids de 580890 à 581089
bulk : {
  "took" : 17,
  "errors" :  ...
44: 25601 voies traitées
voie : bulk pour les ids de 581090 à 581289
bulk : {
  "took" : 24,
  "errors" :  ...
44: 25801 voies traitées
voie : bulk pour les ids de 581290 à 581489
bulk : {
  "took" : 15,
  "errors" :  ...
44: 26001 voies traitées
voie : bulk pour les ids de 581490 à 581689
bulk : {
  "took" : 13,
  "errors" :  ...
44: 26201 voies traitées
voie : bulk pour les ids de 581690 à 581889
bulk : {
  "took" : 12,
  "errors" :  ...
44: 26401 voies traitées
voie : bulk pour les ids de 581890 à 582089
bulk : {
  "took" : 12,
  "errors" :  ...
44: 26601 voies traitées
voie : bulk pour les ids de 582090 à 582289
bulk : {
  "took" : 12,
  "errors" :  ...
44: 26801 voies traitées
voie : bulk pour les ids de 582290 à 582489
bulk : {
  "took" : 12,
  "errors" :  ...
44: 27001 voies traitées
voie : bulk pour les ids de 582490 à 582689
bulk : {
  "took" : 13,
  "errors" :  ...
44: 27201 voies traitées
voie : bulk pour les ids de 582690 à 582889
bulk : {
  "took" : 12,
  "errors" :  ...
44: 27401 voies traitées
voie : bulk pour les ids de 582890 à 582967
bulk : {
  "took" : 4,
  "errors" : f ...
dpt 44 : adresses
44: 1 adresses traitées
44: 1001 adresses traitées
adresse : bulk pour les ids de 7125967 à 7126966
bulk : {
  "took" : 77,
  "errors" :  ...
44: 2001 adresses traitées
adresse : bulk pour les ids de 7126967 à 7127966
bulk : {
  "took" : 111,
  "errors" : ...
44: 3001 adresses traitées
adresse : bulk pour les ids de 7127967 à 7128966
bulk : {
  "took" : 72,
  "errors" :  ...
44: 4001 adresses traitées
adresse : bulk pour les ids de 7128967 à 7129966
bulk : {
  "took" : 87,
  "errors" :  ...
44: 5001 adresses traitées
adresse : bulk pour les ids de 7129967 à 7130966
bulk : {
  "took" : 92,
  "errors" :  ...
44: 6001 adresses traitées
adresse : bulk pour les ids de 7130967 à 7131966
bulk : {
  "took" : 88,
  "errors" :  ...
44: 7001 adresses traitées
adresse : bulk pour les ids de 7131967 à 7132966
bulk : {
  "took" : 93,
  "errors" :  ...
44: 8001 adresses traitées
adresse : bulk pour les ids de 7132967 à 7133966
bulk : {
  "took" : 77,
  "errors" :  ...
44: 9001 adresses traitées
adresse : bulk pour les ids de 7133967 à 7134966
bulk : {
  "took" : 87,
  "errors" :  ...
44: 10001 adresses traitées
adresse : bulk pour les ids de 7134967 à 7135966
bulk : {
  "took" : 94,
  "errors" :  ...
44: 11001 adresses traitées
adresse : bulk pour les ids de 7135967 à 7136966
bulk : {
  "took" : 147,
  "errors" : ...
44: 12001 adresses traitées
adresse : bulk pour les ids de 7136967 à 7137966
bulk : {
  "took" : 79,
  "errors" :  ...
44: 13001 adresses traitées
adresse : bulk pour les ids de 7137967 à 7138966
bulk : {
  "took" : 99,
  "errors" :  ...
44: 14001 adresses traitées
44: 15001 adresses traitées
adresse : bulk pour les ids de 7138967 à 7139966
bulk : {
  "took" : 98,
  "errors" :  ...
44: 16001 adresses traitées
adresse : bulk pour les ids de 7139967 à 7140966
bulk : {
  "took" : 90,
  "errors" :  ...
44: 17001 adresses traitées
adresse : bulk pour les ids de 7140967 à 7141966
bulk : {
  "took" : 88,
  "errors" :  ...
44: 18001 adresses traitées
adresse : bulk pour les ids de 7141967 à 7142966
bulk : {
  "took" : 88,
  "errors" :  ...
44: 19001 adresses traitées
adresse : bulk pour les ids de 7142967 à 7143966
bulk : {
  "took" : 72,
  "errors" :  ...
44: 20001 adresses traitées
adresse : bulk pour les ids de 7143967 à 7144966
bulk : {
  "took" : 96,
  "errors" :  ...
44: 21001 adresses traitées
adresse : bulk pour les ids de 7144967 à 7145966
bulk : {
  "took" : 88,
  "errors" :  ...
44: 22001 adresses traitées
adresse : bulk pour les ids de 7145967 à 7146966
bulk : {
  "took" : 74,
  "errors" :  ...
44: 23001 adresses traitées
adresse : bulk pour les ids de 7146967 à 7147966
bulk : {
  "took" : 101,
  "errors" : ...
44: 24001 adresses traitées
44: 25001 adresses traitées
adresse : bulk pour les ids de 7147967 à 7148966
bulk : {
  "took" : 97,
  "errors" :  ...
44: 26001 adresses traitées
adresse : bulk pour les ids de 7148967 à 7149966
bulk : {
  "took" : 74,
  "errors" :  ...
44: 27001 adresses traitées
adresse : bulk pour les ids de 7149967 à 7150966
bulk : {
  "took" : 88,
  "errors" :  ...
44: 28001 adresses traitées
adresse : bulk pour les ids de 7150967 à 7151966
bulk : {
  "took" : 104,
  "errors" : ...
44: 29001 adresses traitées
adresse : bulk pour les ids de 7151967 à 7152966
bulk : {
  "took" : 88,
  "errors" :  ...
44: 30001 adresses traitées
adresse : bulk pour les ids de 7152967 à 7153966
bulk : {
  "took" : 90,
  "errors" :  ...
44: 31001 adresses traitées
adresse : bulk pour les ids de 7153967 à 7154966
bulk : {
  "took" : 100,
  "errors" : ...
44: 32001 adresses traitées
adresse : bulk pour les ids de 7154967 à 7155966
bulk : {
  "took" : 89,
  "errors" :  ...
44: 33001 adresses traitées
adresse : bulk pour les ids de 7155967 à 7156966
bulk : {
  "took" : 79,
  "errors" :  ...
44: 34001 adresses traitées
adresse : bulk pour les ids de 7156967 à 7157966
bulk : {
  "took" : 89,
  "errors" :  ...
44: 35001 adresses traitées
adresse : bulk pour les ids de 7157967 à 7158966
bulk : {
  "took" : 89,
  "errors" :  ...
44: 36001 adresses traitées
adresse : bulk pour les ids de 7158967 à 7159966
bulk : {
  "took" : 88,
  "errors" :  ...
44: 37001 adresses traitées
adresse : bulk pour les ids de 7159967 à 7160966
bulk : {
  "took" : 99,
  "errors" :  ...
44: 38001 adresses traitées
adresse : bulk pour les ids de 7160967 à 7161966
bulk : {
  "took" : 68,
  "errors" :  ...
44: 39001 adresses traitées
44: 40001 adresses traitées
adresse : bulk pour les ids de 7161967 à 7162966
bulk : {
  "took" : 106,
  "errors" : ...
44: 41001 adresses traitées
adresse : bulk pour les ids de 7162967 à 7163966
bulk : {
  "took" : 68,
  "errors" :  ...
44: 42001 adresses traitées
adresse : bulk pour les ids de 7163967 à 7164966
bulk : {
  "took" : 101,
  "errors" : ...
44: 43001 adresses traitées
adresse : bulk pour les ids de 7164967 à 7165966
bulk : {
  "took" : 68,
  "errors" :  ...
44: 44001 adresses traitées
adresse : bulk pour les ids de 7165967 à 7166966
bulk : {
  "took" : 86,
  "errors" :  ...
44: 45001 adresses traitées
adresse : bulk pour les ids de 7166967 à 7167966
bulk : {
  "took" : 87,
  "errors" :  ...
44: 46001 adresses traitées
adresse : bulk pour les ids de 7167967 à 7168966
bulk : {
  "took" : 105,
  "errors" : ...
44: 47001 adresses traitées
adresse : bulk pour les ids de 7168967 à 7169966
bulk : {
  "took" : 68,
  "errors" :  ...
44: 48001 adresses traitées
44: 49001 adresses traitées
adresse : bulk pour les ids de 7169967 à 7170966
bulk : {
  "took" : 87,
  "errors" :  ...
44: 50001 adresses traitées
adresse : bulk pour les ids de 7170967 à 7171966
bulk : {
  "took" : 85,
  "errors" :  ...
44: 51001 adresses traitées
adresse : bulk pour les ids de 7171967 à 7172966
bulk : {
  "took" : 102,
  "errors" : ...
44: 52001 adresses traitées
adresse : bulk pour les ids de 7172967 à 7173966
bulk : {
  "took" : 73,
  "errors" :  ...
44: 53001 adresses traitées
adresse : bulk pour les ids de 7173967 à 7174966
bulk : {
  "took" : 103,
  "errors" : ...
44: 54001 adresses traitées
adresse : bulk pour les ids de 7174967 à 7175966
bulk : {
  "took" : 93,
  "errors" :  ...
44: 55001 adresses traitées
adresse : bulk pour les ids de 7175967 à 7176966
bulk : {
  "took" : 85,
  "errors" :  ...
44: 56001 adresses traitées
adresse : bulk pour les ids de 7176967 à 7177966
bulk : {
  "took" : 82,
  "errors" :  ...
44: 57001 adresses traitées
44: 58001 adresses traitées
adresse : bulk pour les ids de 7177967 à 7178966
bulk : {
  "took" : 83,
  "errors" :  ...
44: 59001 adresses traitées
adresse : bulk pour les ids de 7178967 à 7179966
bulk : {
  "took" : 85,
  "errors" :  ...
44: 60001 adresses traitées
adresse : bulk pour les ids de 7179967 à 7180966
bulk : {
  "took" : 83,
  "errors" :  ...
44: 61001 adresses traitées
adresse : bulk pour les ids de 7180967 à 7181966
bulk : {
  "took" : 95,
  "errors" :  ...
44: 62001 adresses traitées
adresse : bulk pour les ids de 7181967 à 7182966
bulk : {
  "took" : 90,
  "errors" :  ...
44: 63001 adresses traitées
adresse : bulk pour les ids de 7182967 à 7183966
bulk : {
  "took" : 79,
  "errors" :  ...
44: 64001 adresses traitées
adresse : bulk pour les ids de 7183967 à 7184966
bulk : {
  "took" : 90,
  "errors" :  ...
44: 65001 adresses traitées
adresse : bulk pour les ids de 7184967 à 7185966
bulk : {
  "took" : 100,
  "errors" : ...
44: 66001 adresses traitées
adresse : bulk pour les ids de 7185967 à 7186966
bulk : {
  "took" : 101,
  "errors" : ...
44: 67001 adresses traitées
adresse : bulk pour les ids de 7186967 à 7187966
bulk : {
  "took" : 115,
  "errors" : ...
44: 68001 adresses traitées
adresse : bulk pour les ids de 7187967 à 7188966
bulk : {
  "took" : 82,
  "errors" :  ...
44: 69001 adresses traitées
adresse : bulk pour les ids de 7188967 à 7189966
bulk : {
  "took" : 98,
  "errors" :  ...
44: 70001 adresses traitées
44: 71001 adresses traitées
adresse : bulk pour les ids de 7189967 à 7190966
bulk : {
  "took" : 68,
  "errors" :  ...
44: 72001 adresses traitées
adresse : bulk pour les ids de 7190967 à 7191966
bulk : {
  "took" : 100,
  "errors" : ...
44: 73001 adresses traitées
adresse : bulk pour les ids de 7191967 à 7192966
bulk : {
  "took" : 67,
  "errors" :  ...
44: 74001 adresses traitées
adresse : bulk pour les ids de 7192967 à 7193966
bulk : {
  "took" : 103,
  "errors" : ...
44: 75001 adresses traitées
adresse : bulk pour les ids de 7193967 à 7194966
bulk : {
  "took" : 71,
  "errors" :  ...
44: 76001 adresses traitées
adresse : bulk pour les ids de 7194967 à 7195966
bulk : {
  "took" : 83,
  "errors" :  ...
44: 77001 adresses traitées
adresse : bulk pour les ids de 7195967 à 7196966
bulk : {
  "took" : 86,
  "errors" :  ...
44: 78001 adresses traitées
adresse : bulk pour les ids de 7196967 à 7197966
bulk : {
  "took" : 84,
  "errors" :  ...
44: 79001 adresses traitées
adresse : bulk pour les ids de 7197967 à 7198966
bulk : {
  "took" : 82,
  "errors" :  ...
44: 80001 adresses traitées
adresse : bulk pour les ids de 7198967 à 7199966
bulk : {
  "took" : 82,
  "errors" :  ...
44: 81001 adresses traitées
adresse : bulk pour les ids de 7199967 à 7200966
bulk : {
  "took" : 67,
  "errors" :  ...
44: 82001 adresses traitées
adresse : bulk pour les ids de 7200967 à 7201966
bulk : {
  "took" : 108,
  "errors" : ...
44: 83001 adresses traitées
adresse : bulk pour les ids de 7201967 à 7202966
bulk : {
  "took" : 67,
  "errors" :  ...
44: 84001 adresses traitées
44: 85001 adresses traitées
adresse : bulk pour les ids de 7202967 à 7203966
bulk : {
  "took" : 105,
  "errors" : ...
44: 86001 adresses traitées
adresse : bulk pour les ids de 7203967 à 7204966
bulk : {
  "took" : 90,
  "errors" :  ...
44: 87001 adresses traitées
adresse : bulk pour les ids de 7204967 à 7205966
bulk : {
  "took" : 84,
  "errors" :  ...
44: 88001 adresses traitées
adresse : bulk pour les ids de 7205967 à 7206966
bulk : {
  "took" : 66,
  "errors" :  ...
44: 89001 adresses traitées
adresse : bulk pour les ids de 7206967 à 7207966
bulk : {
  "took" : 99,
  "errors" :  ...
44: 90001 adresses traitées
adresse : bulk pour les ids de 7207967 à 7208966
bulk : {
  "took" : 75,
  "errors" :  ...
44: 91001 adresses traitées
adresse : bulk pour les ids de 7208967 à 7209966
bulk : {
  "took" : 94,
  "errors" :  ...
44: 92001 adresses traitées
adresse : bulk pour les ids de 7209967 à 7210966
bulk : {
  "took" : 93,
  "errors" :  ...
44: 93001 adresses traitées
adresse : bulk pour les ids de 7210967 à 7211966
bulk : {
  "took" : 66,
  "errors" :  ...
44: 94001 adresses traitées
adresse : bulk pour les ids de 7211967 à 7212966
bulk : {
  "took" : 94,
  "errors" :  ...
44: 95001 adresses traitées
adresse : bulk pour les ids de 7212967 à 7213966
bulk : {
  "took" : 69,
  "errors" :  ...
44: 96001 adresses traitées
adresse : bulk pour les ids de 7213967 à 7214966
bulk : {
  "took" : 98,
  "errors" :  ...
44: 97001 adresses traitées
adresse : bulk pour les ids de 7214967 à 7215966
bulk : {
  "took" : 67,
  "errors" :  ...
44: 98001 adresses traitées
adresse : bulk pour les ids de 7215967 à 7216966
bulk : {
  "took" : 102,
  "errors" : ...
44: 99001 adresses traitées
adresse : bulk pour les ids de 7216967 à 7217966
bulk : {
  "took" : 89,
  "errors" :  ...
44: 100001 adresses traitées
adresse : bulk pour les ids de 7217967 à 7218966
bulk : {
  "took" : 77,
  "errors" :  ...
44: 101001 adresses traitées
44: 102001 adresses traitées
adresse : bulk pour les ids de 7218967 à 7219966
bulk : {
  "took" : 91,
  "errors" :  ...
44: 103001 adresses traitées
adresse : bulk pour les ids de 7219967 à 7220966
bulk : {
  "took" : 102,
  "errors" : ...
44: 104001 adresses traitées
adresse : bulk pour les ids de 7220967 à 7221966
bulk : {
  "took" : 67,
  "errors" :  ...
44: 105001 adresses traitées
adresse : bulk pour les ids de 7221967 à 7222966
bulk : {
  "took" : 104,
  "errors" : ...
44: 106001 adresses traitées
adresse : bulk pour les ids de 7222967 à 7223966
bulk : {
  "took" : 67,
  "errors" :  ...
44: 107001 adresses traitées
adresse : bulk pour les ids de 7223967 à 7224966
bulk : {
  "took" : 88,
  "errors" :  ...
44: 108001 adresses traitées
adresse : bulk pour les ids de 7224967 à 7225966
bulk : {
  "took" : 67,
  "errors" :  ...
44: 109001 adresses traitées
adresse : bulk pour les ids de 7225967 à 7226966
bulk : {
  "took" : 100,
  "errors" : ...
44: 110001 adresses traitées
adresse : bulk pour les ids de 7226967 à 7227966
bulk : {
  "took" : 67,
  "errors" :  ...
44: 111001 adresses traitées
adresse : bulk pour les ids de 7227967 à 7228966
bulk : {
  "took" : 101,
  "errors" : ...
44: 112001 adresses traitées
adresse : bulk pour les ids de 7228967 à 7229966
bulk : {
  "took" : 68,
  "errors" :  ...
44: 113001 adresses traitées
adresse : bulk pour les ids de 7229967 à 7230966
bulk : {
  "took" : 99,
  "errors" :  ...
44: 114001 adresses traitées
adresse : bulk pour les ids de 7230967 à 7231966
bulk : {
  "took" : 69,
  "errors" :  ...
44: 115001 adresses traitées
adresse : bulk pour les ids de 7231967 à 7232966
bulk : {
  "took" : 103,
  "errors" : ...
44: 116001 adresses traitées
44: 117001 adresses traitées
adresse : bulk pour les ids de 7232967 à 7233966
bulk : {
  "took" : 83,
  "errors" :  ...
44: 118001 adresses traitées
adresse : bulk pour les ids de 7233967 à 7234966
bulk : {
  "took" : 83,
  "errors" :  ...
44: 119001 adresses traitées
adresse : bulk pour les ids de 7234967 à 7235966
bulk : {
  "took" : 87,
  "errors" :  ...
44: 120001 adresses traitées
adresse : bulk pour les ids de 7235967 à 7236966
bulk : {
  "took" : 84,
  "errors" :  ...
44: 121001 adresses traitées
adresse : bulk pour les ids de 7236967 à 7237966
bulk : {
  "took" : 76,
  "errors" :  ...
44: 122001 adresses traitées
adresse : bulk pour les ids de 7237967 à 7238966
bulk : {
  "took" : 94,
  "errors" :  ...
44: 123001 adresses traitées
adresse : bulk pour les ids de 7238967 à 7239966
bulk : {
  "took" : 93,
  "errors" :  ...
44: 124001 adresses traitées
adresse : bulk pour les ids de 7239967 à 7240966
bulk : {
  "took" : 68,
  "errors" :  ...
44: 125001 adresses traitées
adresse : bulk pour les ids de 7240967 à 7241966
bulk : {
  "took" : 94,
  "errors" :  ...
44: 126001 adresses traitées
adresse : bulk pour les ids de 7241967 à 7242966
bulk : {
  "took" : 86,
  "errors" :  ...
44: 127001 adresses traitées
adresse : bulk pour les ids de 7242967 à 7243966
bulk : {
  "took" : 82,
  "errors" :  ...
44: 128001 adresses traitées
adresse : bulk pour les ids de 7243967 à 7244966
bulk : {
  "took" : 90,
  "errors" :  ...
44: 129001 adresses traitées
adresse : bulk pour les ids de 7244967 à 7245966
bulk : {
  "took" : 76,
  "errors" :  ...
44: 130001 adresses traitées
adresse : bulk pour les ids de 7245967 à 7246966
bulk : {
  "took" : 69,
  "errors" :  ...
44: 131001 adresses traitées
adresse : bulk pour les ids de 7246967 à 7247966
bulk : {
  "took" : 91,
  "errors" :  ...
44: 132001 adresses traitées
adresse : bulk pour les ids de 7247967 à 7248966
bulk : {
  "took" : 66,
  "errors" :  ...
44: 133001 adresses traitées
adresse : bulk pour les ids de 7248967 à 7249966
bulk : {
  "took" : 99,
  "errors" :  ...
44: 134001 adresses traitées
44: 135001 adresses traitées
adresse : bulk pour les ids de 7249967 à 7250966
bulk : {
  "took" : 69,
  "errors" :  ...
44: 136001 adresses traitées
adresse : bulk pour les ids de 7250967 à 7251966
bulk : {
  "took" : 91,
  "errors" :  ...
44: 137001 adresses traitées
adresse : bulk pour les ids de 7251967 à 7252966
bulk : {
  "took" : 84,
  "errors" :  ...
44: 138001 adresses traitées
adresse : bulk pour les ids de 7252967 à 7253966
bulk : {
  "took" : 77,
  "errors" :  ...
44: 139001 adresses traitées
adresse : bulk pour les ids de 7253967 à 7254966
bulk : {
  "took" : 84,
  "errors" :  ...
44: 140001 adresses traitées
adresse : bulk pour les ids de 7254967 à 7255966
bulk : {
  "took" : 96,
  "errors" :  ...
44: 141001 adresses traitées
adresse : bulk pour les ids de 7255967 à 7256966
bulk : {
  "took" : 70,
  "errors" :  ...
44: 142001 adresses traitées
adresse : bulk pour les ids de 7256967 à 7257966
bulk : {
  "took" : 103,
  "errors" : ...
44: 143001 adresses traitées
adresse : bulk pour les ids de 7257967 à 7258966
bulk : {
  "took" : 69,
  "errors" :  ...
44: 144001 adresses traitées
adresse : bulk pour les ids de 7258967 à 7259966
bulk : {
  "took" : 85,
  "errors" :  ...
44: 145001 adresses traitées
adresse : bulk pour les ids de 7259967 à 7260966
bulk : {
  "took" : 66,
  "errors" :  ...
44: 146001 adresses traitées
adresse : bulk pour les ids de 7260967 à 7261966
bulk : {
  "took" : 104,
  "errors" : ...
44: 147001 adresses traitées
adresse : bulk pour les ids de 7261967 à 7262966
bulk : {
  "took" : 68,
  "errors" :  ...
44: 148001 adresses traitées
adresse : bulk pour les ids de 7262967 à 7263966
bulk : {
  "took" : 98,
  "errors" :  ...
44: 149001 adresses traitées
adresse : bulk pour les ids de 7263967 à 7264966
bulk : {
  "took" : 66,
  "errors" :  ...
44: 150001 adresses traitées
adresse : bulk pour les ids de 7264967 à 7265966
bulk : {
  "took" : 105,
  "errors" : ...
44: 151001 adresses traitées
adresse : bulk pour les ids de 7265967 à 7266966
bulk : {
  "took" : 66,
  "errors" :  ...
44: 152001 adresses traitées
44: 153001 adresses traitées
adresse : bulk pour les ids de 7266967 à 7267966
bulk : {
  "took" : 84,
  "errors" :  ...
44: 154001 adresses traitées
adresse : bulk pour les ids de 7267967 à 7268966
bulk : {
  "took" : 87,
  "errors" :  ...
44: 155001 adresses traitées
adresse : bulk pour les ids de 7268967 à 7269966
bulk : {
  "took" : 83,
  "errors" :  ...
44: 156001 adresses traitées
adresse : bulk pour les ids de 7269967 à 7270966
bulk : {
  "took" : 85,
  "errors" :  ...
44: 157001 adresses traitées
adresse : bulk pour les ids de 7270967 à 7271966
bulk : {
  "took" : 101,
  "errors" : ...
44: 158001 adresses traitées
adresse : bulk pour les ids de 7271967 à 7272966
bulk : {
  "took" : 70,
  "errors" :  ...
44: 159001 adresses traitées
adresse : bulk pour les ids de 7272967 à 7273966
bulk : {
  "took" : 106,
  "errors" : ...
44: 160001 adresses traitées
adresse : bulk pour les ids de 7273967 à 7274966
bulk : {
  "took" : 83,
  "errors" :  ...
44: 161001 adresses traitées
adresse : bulk pour les ids de 7274967 à 7275966
bulk : {
  "took" : 92,
  "errors" :  ...
44: 162001 adresses traitées
adresse : bulk pour les ids de 7275967 à 7276966
bulk : {
  "took" : 85,
  "errors" :  ...
44: 163001 adresses traitées
adresse : bulk pour les ids de 7276967 à 7277966
bulk : {
  "took" : 84,
  "errors" :  ...
44: 164001 adresses traitées
adresse : bulk pour les ids de 7277967 à 7278966
bulk : {
  "took" : 87,
  "errors" :  ...
44: 165001 adresses traitées
adresse : bulk pour les ids de 7278967 à 7279966
bulk : {
  "took" : 106,
  "errors" : ...
44: 166001 adresses traitées
adresse : bulk pour les ids de 7279967 à 7280966
bulk : {
  "took" : 68,
  "errors" :  ...
44: 167001 adresses traitées
adresse : bulk pour les ids de 7280967 à 7281966
bulk : {
  "took" : 106,
  "errors" : ...
44: 168001 adresses traitées
adresse : bulk pour les ids de 7281967 à 7282966
bulk : {
  "took" : 87,
  "errors" :  ...
44: 169001 adresses traitées
adresse : bulk pour les ids de 7282967 à 7283966
bulk : {
  "took" : 85,
  "errors" :  ...
44: 170001 adresses traitées
adresse : bulk pour les ids de 7283967 à 7284966
bulk : {
  "took" : 69,
  "errors" :  ...
44: 171001 adresses traitées
44: 172001 adresses traitées
adresse : bulk pour les ids de 7284967 à 7285966
bulk : {
  "took" : 113,
  "errors" : ...
44: 173001 adresses traitées
adresse : bulk pour les ids de 7285967 à 7286966
bulk : {
  "took" : 103,
  "errors" : ...
44: 174001 adresses traitées
adresse : bulk pour les ids de 7286967 à 7287966
bulk : {
  "took" : 107,
  "errors" : ...
44: 175001 adresses traitées
adresse : bulk pour les ids de 7287967 à 7288966
bulk : {
  "took" : 99,
  "errors" :  ...
44: 176001 adresses traitées
adresse : bulk pour les ids de 7288967 à 7289966
bulk : {
  "took" : 69,
  "errors" :  ...
44: 177001 adresses traitées
adresse : bulk pour les ids de 7289967 à 7290966
bulk : {
  "took" : 96,
  "errors" :  ...
44: 178001 adresses traitées
adresse : bulk pour les ids de 7290967 à 7291966
bulk : {
  "took" : 88,
  "errors" :  ...
44: 179001 adresses traitées
adresse : bulk pour les ids de 7291967 à 7292966
bulk : {
  "took" : 78,
  "errors" :  ...
44: 180001 adresses traitées
adresse : bulk pour les ids de 7292967 à 7293966
bulk : {
  "took" : 90,
  "errors" :  ...
44: 181001 adresses traitées
adresse : bulk pour les ids de 7293967 à 7294966
bulk : {
  "took" : 92,
  "errors" :  ...
44: 182001 adresses traitées
adresse : bulk pour les ids de 7294967 à 7295966
bulk : {
  "took" : 65,
  "errors" :  ...
44: 183001 adresses traitées
adresse : bulk pour les ids de 7295967 à 7296966
bulk : {
  "took" : 91,
  "errors" :  ...
44: 184001 adresses traitées
adresse : bulk pour les ids de 7296967 à 7297966
bulk : {
  "took" : 84,
  "errors" :  ...
44: 185001 adresses traitées
adresse : bulk pour les ids de 7297967 à 7298966
bulk : {
  "took" : 80,
  "errors" :  ...
44: 186001 adresses traitées
adresse : bulk pour les ids de 7298967 à 7299966
bulk : {
  "took" : 83,
  "errors" :  ...
44: 187001 adresses traitées
adresse : bulk pour les ids de 7299967 à 7300966
bulk : {
  "took" : 84,
  "errors" :  ...
44: 188001 adresses traitées
adresse : bulk pour les ids de 7300967 à 7301966
bulk : {
  "took" : 85,
  "errors" :  ...
44: 189001 adresses traitées
adresse : bulk pour les ids de 7301967 à 7302966
bulk : {
  "took" : 84,
  "errors" :  ...
44: 190001 adresses traitées
adresse : bulk pour les ids de 7302967 à 7303966
bulk : {
  "took" : 88,
  "errors" :  ...
44: 191001 adresses traitées
44: 192001 adresses traitées
adresse : bulk pour les ids de 7303967 à 7304966
bulk : {
  "took" : 100,
  "errors" : ...
44: 193001 adresses traitées
adresse : bulk pour les ids de 7304967 à 7305966
bulk : {
  "took" : 68,
  "errors" :  ...
44: 194001 adresses traitées
adresse : bulk pour les ids de 7305967 à 7306966
bulk : {
  "took" : 103,
  "errors" : ...
44: 195001 adresses traitées
adresse : bulk pour les ids de 7306967 à 7307966
bulk : {
  "took" : 89,
  "errors" :  ...
44: 196001 adresses traitées
adresse : bulk pour les ids de 7307967 à 7308966
bulk : {
  "took" : 82,
  "errors" :  ...
44: 197001 adresses traitées
adresse : bulk pour les ids de 7308967 à 7309966
bulk : {
  "took" : 89,
  "errors" :  ...
44: 198001 adresses traitées
adresse : bulk pour les ids de 7309967 à 7310966
bulk : {
  "took" : 97,
  "errors" :  ...
44: 199001 adresses traitées
adresse : bulk pour les ids de 7310967 à 7311966
bulk : {
  "took" : 68,
  "errors" :  ...
44: 200001 adresses traitées
adresse : bulk pour les ids de 7311967 à 7312966
bulk : {
  "took" : 100,
  "errors" : ...
44: 201001 adresses traitées
adresse : bulk pour les ids de 7312967 à 7313966
bulk : {
  "took" : 87,
  "errors" :  ...
44: 202001 adresses traitées
adresse : bulk pour les ids de 7313967 à 7314966
bulk : {
  "took" : 84,
  "errors" :  ...
44: 203001 adresses traitées
adresse : bulk pour les ids de 7314967 à 7315966
bulk : {
  "took" : 84,
  "errors" :  ...
44: 204001 adresses traitées
adresse : bulk pour les ids de 7315967 à 7316966
bulk : {
  "took" : 85,
  "errors" :  ...
44: 205001 adresses traitées
adresse : bulk pour les ids de 7316967 à 7317966
bulk : {
  "took" : 81,
  "errors" :  ...
44: 206001 adresses traitées
adresse : bulk pour les ids de 7317967 à 7318966
bulk : {
  "took" : 87,
  "errors" :  ...
44: 207001 adresses traitées
adresse : bulk pour les ids de 7318967 à 7319966
bulk : {
  "took" : 65,
  "errors" :  ...
44: 208001 adresses traitées
adresse : bulk pour les ids de 7319967 à 7320966
bulk : {
  "took" : 102,
  "errors" : ...
44: 209001 adresses traitées
adresse : bulk pour les ids de 7320967 à 7321966
bulk : {
  "took" : 67,
  "errors" :  ...
44: 210001 adresses traitées
adresse : bulk pour les ids de 7321967 à 7322966
bulk : {
  "took" : 99,
  "errors" :  ...
44: 211001 adresses traitées
adresse : bulk pour les ids de 7322967 à 7323966
bulk : {
  "took" : 84,
  "errors" :  ...
44: 212001 adresses traitées
adresse : bulk pour les ids de 7323967 à 7324966
bulk : {
  "took" : 81,
  "errors" :  ...
44: 213001 adresses traitées
adresse : bulk pour les ids de 7324967 à 7325966
bulk : {
  "took" : 98,
  "errors" :  ...
44: 214001 adresses traitées
adresse : bulk pour les ids de 7325967 à 7326966
bulk : {
  "took" : 79,
  "errors" :  ...
44: 215001 adresses traitées
adresse : bulk pour les ids de 7326967 à 7327966
bulk : {
  "took" : 68,
  "errors" :  ...
44: 216001 adresses traitées
adresse : bulk pour les ids de 7327967 à 7328966
bulk : {
  "took" : 117,
  "errors" : ...
44: 217001 adresses traitées
adresse : bulk pour les ids de 7328967 à 7329966
bulk : {
  "took" : 92,
  "errors" :  ...
44: 218001 adresses traitées
adresse : bulk pour les ids de 7329967 à 7330966
bulk : {
  "took" : 81,
  "errors" :  ...
44: 219001 adresses traitées
adresse : bulk pour les ids de 7330967 à 7331966
bulk : {
  "took" : 98,
  "errors" :  ...
44: 220001 adresses traitées
adresse : bulk pour les ids de 7331967 à 7332966
bulk : {
  "took" : 93,
  "errors" :  ...
44: 221001 adresses traitées
adresse : bulk pour les ids de 7332967 à 7333966
bulk : {
  "took" : 74,
  "errors" :  ...
44: 222001 adresses traitées
adresse : bulk pour les ids de 7333967 à 7334966
bulk : {
  "took" : 92,
  "errors" :  ...
44: 223001 adresses traitées
adresse : bulk pour les ids de 7334967 à 7335966
bulk : {
  "took" : 74,
  "errors" :  ...
44: 224001 adresses traitées
44: 225001 adresses traitées
adresse : bulk pour les ids de 7335967 à 7336966
bulk : {
  "took" : 91,
  "errors" :  ...
44: 226001 adresses traitées
adresse : bulk pour les ids de 7336967 à 7337966
bulk : {
  "took" : 78,
  "errors" :  ...
44: 227001 adresses traitées
adresse : bulk pour les ids de 7337967 à 7338966
bulk : {
  "took" : 96,
  "errors" :  ...
44: 228001 adresses traitées
adresse : bulk pour les ids de 7338967 à 7339966
bulk : {
  "took" : 73,
  "errors" :  ...
44: 229001 adresses traitées
adresse : bulk pour les ids de 7339967 à 7340966
bulk : {
  "took" : 68,
  "errors" :  ...
44: 230001 adresses traitées
adresse : bulk pour les ids de 7340967 à 7341966
bulk : {
  "took" : 108,
  "errors" : ...
44: 231001 adresses traitées
adresse : bulk pour les ids de 7341967 à 7342966
bulk : {
  "took" : 66,
  "errors" :  ...
44: 232001 adresses traitées
adresse : bulk pour les ids de 7342967 à 7343966
bulk : {
  "took" : 73,
  "errors" :  ...
44: 233001 adresses traitées
adresse : bulk pour les ids de 7343967 à 7344966
bulk : {
  "took" : 101,
  "errors" : ...
44: 234001 adresses traitées
adresse : bulk pour les ids de 7344967 à 7345966
bulk : {
  "took" : 98,
  "errors" :  ...
44: 235001 adresses traitées
adresse : bulk pour les ids de 7345967 à 7346966
bulk : {
  "took" : 64,
  "errors" :  ...
44: 236001 adresses traitées
adresse : bulk pour les ids de 7346967 à 7347966
bulk : {
  "took" : 97,
  "errors" :  ...
44: 237001 adresses traitées
adresse : bulk pour les ids de 7347967 à 7348966
bulk : {
  "took" : 85,
  "errors" :  ...
44: 238001 adresses traitées
adresse : bulk pour les ids de 7348967 à 7349966
bulk : {
  "took" : 85,
  "errors" :  ...
44: 239001 adresses traitées
adresse : bulk pour les ids de 7349967 à 7350966
bulk : {
  "took" : 90,
  "errors" :  ...
44: 240001 adresses traitées
adresse : bulk pour les ids de 7350967 à 7351966
bulk : {
  "took" : 79,
  "errors" :  ...
44: 241001 adresses traitées
adresse : bulk pour les ids de 7351967 à 7352966
bulk : {
  "took" : 83,
  "errors" :  ...
44: 242001 adresses traitées
adresse : bulk pour les ids de 7352967 à 7353966
bulk : {
  "took" : 72,
  "errors" :  ...
44: 243001 adresses traitées
adresse : bulk pour les ids de 7353967 à 7354966
bulk : {
  "took" : 84,
  "errors" :  ...
44: 244001 adresses traitées
adresse : bulk pour les ids de 7354967 à 7355966
bulk : {
  "took" : 92,
  "errors" :  ...
44: 245001 adresses traitées
adresse : bulk pour les ids de 7355967 à 7356966
bulk : {
  "took" : 66,
  "errors" :  ...
44: 246001 adresses traitées
adresse : bulk pour les ids de 7356967 à 7357966
bulk : {
  "took" : 92,
  "errors" :  ...
44: 247001 adresses traitées
adresse : bulk pour les ids de 7357967 à 7358966
bulk : {
  "took" : 84,
  "errors" :  ...
44: 248001 adresses traitées
adresse : bulk pour les ids de 7358967 à 7359966
bulk : {
  "took" : 75,
  "errors" :  ...
44: 249001 adresses traitées
adresse : bulk pour les ids de 7359967 à 7360966
bulk : {
  "took" : 83,
  "errors" :  ...
44: 250001 adresses traitées
adresse : bulk pour les ids de 7360967 à 7361966
bulk : {
  "took" : 75,
  "errors" :  ...
44: 251001 adresses traitées
adresse : bulk pour les ids de 7361967 à 7362966
bulk : {
  "took" : 83,
  "errors" :  ...
44: 252001 adresses traitées
adresse : bulk pour les ids de 7362967 à 7363966
bulk : {
  "took" : 98,
  "errors" :  ...
44: 253001 adresses traitées
adresse : bulk pour les ids de 7363967 à 7364966
bulk : {
  "took" : 65,
  "errors" :  ...
44: 254001 adresses traitées
adresse : bulk pour les ids de 7364967 à 7365966
bulk : {
  "took" : 74,
  "errors" :  ...
44: 255001 adresses traitées
adresse : bulk pour les ids de 7365967 à 7366966
bulk : {
  "took" : 85,
  "errors" :  ...
44: 256001 adresses traitées
adresse : bulk pour les ids de 7366967 à 7367966
bulk : {
  "took" : 78,
  "errors" :  ...
44: 257001 adresses traitées
adresse : bulk pour les ids de 7367967 à 7368966
bulk : {
  "took" : 81,
  "errors" :  ...
44: 258001 adresses traitées
adresse : bulk pour les ids de 7368967 à 7369966
bulk : {
  "took" : 90,
  "errors" :  ...
44: 259001 adresses traitées
adresse : bulk pour les ids de 7369967 à 7370966
bulk : {
  "took" : 66,
  "errors" :  ...
44: 260001 adresses traitées
adresse : bulk pour les ids de 7370967 à 7371966
bulk : {
  "took" : 91,
  "errors" :  ...
44: 261001 adresses traitées
adresse : bulk pour les ids de 7371967 à 7372966
bulk : {
  "took" : 66,
  "errors" :  ...
44: 262001 adresses traitées
adresse : bulk pour les ids de 7372967 à 7373966
bulk : {
  "took" : 100,
  "errors" : ...
44: 263001 adresses traitées
adresse : bulk pour les ids de 7373967 à 7374966
bulk : {
  "took" : 66,
  "errors" :  ...
44: 264001 adresses traitées
adresse : bulk pour les ids de 7374967 à 7375966
bulk : {
  "took" : 105,
  "errors" : ...
44: 265001 adresses traitées
adresse : bulk pour les ids de 7375967 à 7376966
bulk : {
  "took" : 89,
  "errors" :  ...
44: 266001 adresses traitées
44: 267001 adresses traitées
adresse : bulk pour les ids de 7376967 à 7377966
bulk : {
  "took" : 80,
  "errors" :  ...
44: 268001 adresses traitées
adresse : bulk pour les ids de 7377967 à 7378966
bulk : {
  "took" : 68,
  "errors" :  ...
44: 269001 adresses traitées
adresse : bulk pour les ids de 7378967 à 7379966
bulk : {
  "took" : 101,
  "errors" : ...
44: 270001 adresses traitées
adresse : bulk pour les ids de 7379967 à 7380966
bulk : {
  "took" : 65,
  "errors" :  ...
44: 271001 adresses traitées
adresse : bulk pour les ids de 7380967 à 7381966
bulk : {
  "took" : 90,
  "errors" :  ...
44: 272001 adresses traitées
adresse : bulk pour les ids de 7381967 à 7382966
bulk : {
  "took" : 83,
  "errors" :  ...
44: 273001 adresses traitées
adresse : bulk pour les ids de 7382967 à 7383966
bulk : {
  "took" : 74,
  "errors" :  ...
44: 274001 adresses traitées
adresse : bulk pour les ids de 7383967 à 7384966
bulk : {
  "took" : 64,
  "errors" :  ...
44: 275001 adresses traitées
adresse : bulk pour les ids de 7384967 à 7385966
bulk : {
  "took" : 91,
  "errors" :  ...
44: 276001 adresses traitées
adresse : bulk pour les ids de 7385967 à 7386966
bulk : {
  "took" : 68,
  "errors" :  ...
44: 277001 adresses traitées
adresse : bulk pour les ids de 7386967 à 7387966
bulk : {
  "took" : 94,
  "errors" :  ...
44: 278001 adresses traitées
adresse : bulk pour les ids de 7387967 à 7388966
bulk : {
  "took" : 66,
  "errors" :  ...
44: 279001 adresses traitées
adresse : bulk pour les ids de 7388967 à 7389966
bulk : {
  "took" : 104,
  "errors" : ...
44: 280001 adresses traitées
adresse : bulk pour les ids de 7389967 à 7390966
bulk : {
  "took" : 64,
  "errors" :  ...
44: 281001 adresses traitées
adresse : bulk pour les ids de 7390967 à 7391966
bulk : {
  "took" : 75,
  "errors" :  ...
44: 282001 adresses traitées
adresse : bulk pour les ids de 7391967 à 7392966
bulk : {
  "took" : 87,
  "errors" :  ...
44: 283001 adresses traitées
adresse : bulk pour les ids de 7392967 à 7393966
bulk : {
  "took" : 76,
  "errors" :  ...
44: 284001 adresses traitées
adresse : bulk pour les ids de 7393967 à 7394966
bulk : {
  "took" : 97,
  "errors" :  ...
44: 285001 adresses traitées
adresse : bulk pour les ids de 7394967 à 7395966
bulk : {
  "took" : 103,
  "errors" : ...
44: 286001 adresses traitées
adresse : bulk pour les ids de 7395967 à 7396966
bulk : {
  "took" : 64,
  "errors" :  ...
44: 287001 adresses traitées
adresse : bulk pour les ids de 7396967 à 7397966
bulk : {
  "took" : 115,
  "errors" : ...
44: 288001 adresses traitées
adresse : bulk pour les ids de 7397967 à 7398966
bulk : {
  "took" : 99,
  "errors" :  ...
44: 289001 adresses traitées
adresse : bulk pour les ids de 7398967 à 7399966
bulk : {
  "took" : 81,
  "errors" :  ...
44: 290001 adresses traitées
adresse : bulk pour les ids de 7399967 à 7400966
bulk : {
  "took" : 66,
  "errors" :  ...
44: 291001 adresses traitées
adresse : bulk pour les ids de 7400967 à 7401966
bulk : {
  "took" : 106,
  "errors" : ...
44: 292001 adresses traitées
adresse : bulk pour les ids de 7401967 à 7402966
bulk : {
  "took" : 65,
  "errors" :  ...
44: 293001 adresses traitées
adresse : bulk pour les ids de 7402967 à 7403966
bulk : {
  "took" : 82,
  "errors" :  ...
44: 294001 adresses traitées
44: 295001 adresses traitées
adresse : bulk pour les ids de 7403967 à 7404966
bulk : {
  "took" : 95,
  "errors" :  ...
44: 296001 adresses traitées
adresse : bulk pour les ids de 7404967 à 7405966
bulk : {
  "took" : 92,
  "errors" :  ...
44: 297001 adresses traitées
adresse : bulk pour les ids de 7405967 à 7406966
bulk : {
  "took" : 87,
  "errors" :  ...
44: 298001 adresses traitées
adresse : bulk pour les ids de 7406967 à 7407966
bulk : {
  "took" : 84,
  "errors" :  ...
44: 299001 adresses traitées
adresse : bulk pour les ids de 7407967 à 7408966
bulk : {
  "took" : 92,
  "errors" :  ...
44: 300001 adresses traitées
adresse : bulk pour les ids de 7408967 à 7409966
bulk : {
  "took" : 104,
  "errors" : ...
44: 301001 adresses traitées
adresse : bulk pour les ids de 7409967 à 7410966
bulk : {
  "took" : 68,
  "errors" :  ...
44: 302001 adresses traitées
adresse : bulk pour les ids de 7410967 à 7411966
bulk : {
  "took" : 108,
  "errors" : ...
44: 303001 adresses traitées
adresse : bulk pour les ids de 7411967 à 7412966
bulk : {
  "took" : 74,
  "errors" :  ...
44: 304001 adresses traitées
adresse : bulk pour les ids de 7412967 à 7413966
bulk : {
  "took" : 97,
  "errors" :  ...
44: 305001 adresses traitées
adresse : bulk pour les ids de 7413967 à 7414966
bulk : {
  "took" : 102,
  "errors" : ...
44: 306001 adresses traitées
adresse : bulk pour les ids de 7414967 à 7415966
bulk : {
  "took" : 81,
  "errors" :  ...
44: 307001 adresses traitées
adresse : bulk pour les ids de 7415967 à 7416966
bulk : {
  "took" : 100,
  "errors" : ...
44: 308001 adresses traitées
adresse : bulk pour les ids de 7416967 à 7417966
bulk : {
  "took" : 89,
  "errors" :  ...
44: 309001 adresses traitées
adresse : bulk pour les ids de 7417967 à 7418966
bulk : {
  "took" : 94,
  "errors" :  ...
44: 310001 adresses traitées
adresse : bulk pour les ids de 7418967 à 7419966
bulk : {
  "took" : 71,
  "errors" :  ...
44: 311001 adresses traitées
adresse : bulk pour les ids de 7419967 à 7420966
bulk : {
  "took" : 99,
  "errors" :  ...
44: 312001 adresses traitées
adresse : bulk pour les ids de 7420967 à 7421966
bulk : {
  "took" : 85,
  "errors" :  ...
44: 313001 adresses traitées
adresse : bulk pour les ids de 7421967 à 7422966
bulk : {
  "took" : 74,
  "errors" :  ...
44: 314001 adresses traitées
adresse : bulk pour les ids de 7422967 à 7423966
bulk : {
  "took" : 88,
  "errors" :  ...
44: 315001 adresses traitées
adresse : bulk pour les ids de 7423967 à 7424966
bulk : {
  "took" : 77,
  "errors" :  ...
44: 316001 adresses traitées
adresse : bulk pour les ids de 7424967 à 7425966
bulk : {
  "took" : 83,
  "errors" :  ...
44: 317001 adresses traitées
adresse : bulk pour les ids de 7425967 à 7426966
bulk : {
  "took" : 77,
  "errors" :  ...
44: 318001 adresses traitées
adresse : bulk pour les ids de 7426967 à 7427966
bulk : {
  "took" : 88,
  "errors" :  ...
44: 319001 adresses traitées
adresse : bulk pour les ids de 7427967 à 7428966
bulk : {
  "took" : 78,
  "errors" :  ...
44: 320001 adresses traitées
adresse : bulk pour les ids de 7428967 à 7429966
bulk : {
  "took" : 70,
  "errors" :  ...
44: 321001 adresses traitées
adresse : bulk pour les ids de 7429967 à 7430966
bulk : {
  "took" : 99,
  "errors" :  ...
44: 322001 adresses traitées
adresse : bulk pour les ids de 7430967 à 7431966
bulk : {
  "took" : 96,
  "errors" :  ...
44: 323001 adresses traitées
adresse : bulk pour les ids de 7431967 à 7432966
bulk : {
  "took" : 77,
  "errors" :  ...
44: 324001 adresses traitées
44: 325001 adresses traitées
adresse : bulk pour les ids de 7432967 à 7433966
bulk : {
  "took" : 66,
  "errors" :  ...
44: 326001 adresses traitées
adresse : bulk pour les ids de 7433967 à 7434966
bulk : {
  "took" : 92,
  "errors" :  ...
44: 327001 adresses traitées
adresse : bulk pour les ids de 7434967 à 7435966
bulk : {
  "took" : 68,
  "errors" :  ...
44: 328001 adresses traitées
adresse : bulk pour les ids de 7435967 à 7436966
bulk : {
  "took" : 101,
  "errors" : ...
44: 329001 adresses traitées
adresse : bulk pour les ids de 7436967 à 7437966
bulk : {
  "took" : 90,
  "errors" :  ...
44: 330001 adresses traitées
adresse : bulk pour les ids de 7437967 à 7438966
bulk : {
  "took" : 79,
  "errors" :  ...
44: 331001 adresses traitées
adresse : bulk pour les ids de 7438967 à 7439966
bulk : {
  "took" : 85,
  "errors" :  ...
44: 332001 adresses traitées
adresse : bulk pour les ids de 7439967 à 7440966
bulk : {
  "took" : 93,
  "errors" :  ...
44: 333001 adresses traitées
adresse : bulk pour les ids de 7440967 à 7441966
bulk : {
  "took" : 67,
  "errors" :  ...
44: 334001 adresses traitées
adresse : bulk pour les ids de 7441967 à 7442966
bulk : {
  "took" : 94,
  "errors" :  ...
44: 335001 adresses traitées
adresse : bulk pour les ids de 7442967 à 7443966
bulk : {
  "took" : 68,
  "errors" :  ...
44: 336001 adresses traitées
adresse : bulk pour les ids de 7443967 à 7444966
bulk : {
  "took" : 98,
  "errors" :  ...
44: 337001 adresses traitées
adresse : bulk pour les ids de 7444967 à 7445966
bulk : {
  "took" : 73,
  "errors" :  ...
44: 338001 adresses traitées
adresse : bulk pour les ids de 7445967 à 7446966
bulk : {
  "took" : 94,
  "errors" :  ...
44: 339001 adresses traitées
adresse : bulk pour les ids de 7446967 à 7447966
bulk : {
  "took" : 93,
  "errors" :  ...
44: 340001 adresses traitées
adresse : bulk pour les ids de 7447967 à 7448966
bulk : {
  "took" : 83,
  "errors" :  ...
44: 341001 adresses traitées
adresse : bulk pour les ids de 7448967 à 7449966
bulk : {
  "took" : 67,
  "errors" :  ...
44: 342001 adresses traitées
adresse : bulk pour les ids de 7449967 à 7450966
bulk : {
  "took" : 99,
  "errors" :  ...
44: 343001 adresses traitées
adresse : bulk pour les ids de 7450967 à 7451966
bulk : {
  "took" : 94,
  "errors" :  ...
44: 344001 adresses traitées
adresse : bulk pour les ids de 7451967 à 7452966
bulk : {
  "took" : 82,
  "errors" :  ...
44: 345001 adresses traitées
adresse : bulk pour les ids de 7452967 à 7453966
bulk : {
  "took" : 89,
  "errors" :  ...
44: 346001 adresses traitées
adresse : bulk pour les ids de 7453967 à 7454966
bulk : {
  "took" : 105,
  "errors" : ...
44: 347001 adresses traitées
adresse : bulk pour les ids de 7454967 à 7455966
bulk : {
  "took" : 67,
  "errors" :  ...
44: 348001 adresses traitées
44: 349001 adresses traitées
adresse : bulk pour les ids de 7455967 à 7456966
bulk : {
  "took" : 101,
  "errors" : ...
44: 350001 adresses traitées
adresse : bulk pour les ids de 7456967 à 7457966
bulk : {
  "took" : 88,
  "errors" :  ...
44: 351001 adresses traitées
adresse : bulk pour les ids de 7457967 à 7458966
bulk : {
  "took" : 84,
  "errors" :  ...
44: 352001 adresses traitées
adresse : bulk pour les ids de 7458967 à 7459966
bulk : {
  "took" : 84,
  "errors" :  ...
44: 353001 adresses traitées
adresse : bulk pour les ids de 7459967 à 7460966
bulk : {
  "took" : 84,
  "errors" :  ...
44: 354001 adresses traitées
adresse : bulk pour les ids de 7460967 à 7461966
bulk : {
  "took" : 89,
  "errors" :  ...
44: 355001 adresses traitées
adresse : bulk pour les ids de 7461967 à 7462966
bulk : {
  "took" : 85,
  "errors" :  ...
44: 356001 adresses traitées
adresse : bulk pour les ids de 7462967 à 7463966
bulk : {
  "took" : 94,
  "errors" :  ...
44: 357001 adresses traitées
adresse : bulk pour les ids de 7463967 à 7464966
bulk : {
  "took" : 108,
  "errors" : ...
44: 358001 adresses traitées
adresse : bulk pour les ids de 7464967 à 7465966
bulk : {
  "took" : 66,
  "errors" :  ...
44: 359001 adresses traitées
adresse : bulk pour les ids de 7465967 à 7466966
bulk : {
  "took" : 105,
  "errors" : ...
44: 360001 adresses traitées
adresse : bulk pour les ids de 7466967 à 7467966
bulk : {
  "took" : 93,
  "errors" :  ...
44: 361001 adresses traitées
adresse : bulk pour les ids de 7467967 à 7468966
bulk : {
  "took" : 84,
  "errors" :  ...
44: 362001 adresses traitées
adresse : bulk pour les ids de 7468967 à 7469966
bulk : {
  "took" : 73,
  "errors" :  ...
44: 363001 adresses traitées
adresse : bulk pour les ids de 7469967 à 7470966
bulk : {
  "took" : 103,
  "errors" : ...
44: 364001 adresses traitées
adresse : bulk pour les ids de 7470967 à 7471966
bulk : {
  "took" : 88,
  "errors" :  ...
44: 365001 adresses traitées
adresse : bulk pour les ids de 7471967 à 7472966
bulk : {
  "took" : 82,
  "errors" :  ...
44: 366001 adresses traitées
adresse : bulk pour les ids de 7472967 à 7473966
bulk : {
  "took" : 86,
  "errors" :  ...
44: 367001 adresses traitées
adresse : bulk pour les ids de 7473967 à 7474966
bulk : {
  "took" : 114,
  "errors" : ...
44: 368001 adresses traitées
adresse : bulk pour les ids de 7474967 à 7475966
bulk : {
  "took" : 66,
  "errors" :  ...
44: 369001 adresses traitées
adresse : bulk pour les ids de 7475967 à 7476966
bulk : {
  "took" : 103,
  "errors" : ...
44: 370001 adresses traitées
adresse : bulk pour les ids de 7476967 à 7477966
bulk : {
  "took" : 67,
  "errors" :  ...
44: 371001 adresses traitées
44: 372001 adresses traitées
adresse : bulk pour les ids de 7477967 à 7478966
bulk : {
  "took" : 102,
  "errors" : ...
44: 373001 adresses traitées
adresse : bulk pour les ids de 7478967 à 7479966
bulk : {
  "took" : 70,
  "errors" :  ...
44: 374001 adresses traitées
adresse : bulk pour les ids de 7479967 à 7480966
bulk : {
  "took" : 106,
  "errors" : ...
44: 375001 adresses traitées
adresse : bulk pour les ids de 7480967 à 7481966
bulk : {
  "took" : 84,
  "errors" :  ...
44: 376001 adresses traitées
adresse : bulk pour les ids de 7481967 à 7482966
bulk : {
  "took" : 82,
  "errors" :  ...
44: 377001 adresses traitées
adresse : bulk pour les ids de 7482967 à 7483966
bulk : {
  "took" : 68,
  "errors" :  ...
44: 378001 adresses traitées
adresse : bulk pour les ids de 7483967 à 7484966
bulk : {
  "took" : 106,
  "errors" : ...
44: 379001 adresses traitées
adresse : bulk pour les ids de 7484967 à 7485966
bulk : {
  "took" : 69,
  "errors" :  ...
44: 380001 adresses traitées
adresse : bulk pour les ids de 7485967 à 7486966
bulk : {
  "took" : 108,
  "errors" : ...
44: 381001 adresses traitées
adresse : bulk pour les ids de 7486967 à 7487966
bulk : {
  "took" : 87,
  "errors" :  ...
44: 382001 adresses traitées
adresse : bulk pour les ids de 7487967 à 7488966
bulk : {
  "took" : 103,
  "errors" : ...
44: 383001 adresses traitées
adresse : bulk pour les ids de 7488967 à 7489966
bulk : {
  "took" : 70,
  "errors" :  ...
44: 384001 adresses traitées
adresse : bulk pour les ids de 7489967 à 7490966
bulk : {
  "took" : 103,
  "errors" : ...
44: 385001 adresses traitées
adresse : bulk pour les ids de 7490967 à 7491966
bulk : {
  "took" : 93,
  "errors" :  ...
44: 386001 adresses traitées
adresse : bulk pour les ids de 7491967 à 7492966
bulk : {
  "took" : 84,
  "errors" :  ...
44: 387001 adresses traitées
adresse : bulk pour les ids de 7492967 à 7493966
bulk : {
  "took" : 98,
  "errors" :  ...
44: 388001 adresses traitées
adresse : bulk pour les ids de 7493967 à 7494966
bulk : {
  "took" : 75,
  "errors" :  ...
44: 389001 adresses traitées
adresse : bulk pour les ids de 7494967 à 7495966
bulk : {
  "took" : 75,
  "errors" :  ...
44: 390001 adresses traitées
adresse : bulk pour les ids de 7495967 à 7496966
bulk : {
  "took" : 97,
  "errors" :  ...
44: 391001 adresses traitées
adresse : bulk pour les ids de 7496967 à 7497966
bulk : {
  "took" : 77,
  "errors" :  ...
44: 392001 adresses traitées
adresse : bulk pour les ids de 7497967 à 7498966
bulk : {
  "took" : 100,
  "errors" : ...
44: 393001 adresses traitées
adresse : bulk pour les ids de 7498967 à 7499966
bulk : {
  "took" : 74,
  "errors" :  ...
44: 394001 adresses traitées
44: 395001 adresses traitées
adresse : bulk pour les ids de 7499967 à 7500966
bulk : {
  "took" : 76,
  "errors" :  ...
44: 396001 adresses traitées
adresse : bulk pour les ids de 7500967 à 7501966
bulk : {
  "took" : 97,
  "errors" :  ...
44: 397001 adresses traitées
adresse : bulk pour les ids de 7501967 à 7502966
bulk : {
  "took" : 77,
  "errors" :  ...
44: 398001 adresses traitées
adresse : bulk pour les ids de 7502967 à 7503966
bulk : {
  "took" : 76,
  "errors" :  ...
44: 399001 adresses traitées
adresse : bulk pour les ids de 7503967 à 7504966
bulk : {
  "took" : 92,
  "errors" :  ...
44: 400001 adresses traitées
adresse : bulk pour les ids de 7504967 à 7505966
bulk : {
  "took" : 94,
  "errors" :  ...
44: 401001 adresses traitées
adresse : bulk pour les ids de 7505967 à 7506966
bulk : {
  "took" : 67,
  "errors" :  ...
44: 402001 adresses traitées
adresse : bulk pour les ids de 7506967 à 7507966
bulk : {
  "took" : 101,
  "errors" : ...
44: 403001 adresses traitées
adresse : bulk pour les ids de 7507967 à 7508966
bulk : {
  "took" : 92,
  "errors" :  ...
44: 404001 adresses traitées
adresse : bulk pour les ids de 7508967 à 7509966
bulk : {
  "took" : 91,
  "errors" :  ...
44: 405001 adresses traitées
adresse : bulk pour les ids de 7509967 à 7510966
bulk : {
  "took" : 71,
  "errors" :  ...
44: 406001 adresses traitées
adresse : bulk pour les ids de 7510967 à 7511966
bulk : {
  "took" : 92,
  "errors" :  ...
44: 407001 adresses traitées
adresse : bulk pour les ids de 7511967 à 7512966
bulk : {
  "took" : 84,
  "errors" :  ...
44: 408001 adresses traitées
adresse : bulk pour les ids de 7512967 à 7513966
bulk : {
  "took" : 74,
  "errors" :  ...
44: 409001 adresses traitées
adresse : bulk pour les ids de 7513967 à 7514966
bulk : {
  "took" : 86,
  "errors" :  ...
44: 410001 adresses traitées
adresse : bulk pour les ids de 7514967 à 7515966
bulk : {
  "took" : 76,
  "errors" :  ...
44: 411001 adresses traitées
adresse : bulk pour les ids de 7515967 à 7516966
bulk : {
  "took" : 85,
  "errors" :  ...
44: 412001 adresses traitées
adresse : bulk pour les ids de 7516967 à 7517966
bulk : {
  "took" : 79,
  "errors" :  ...
44: 413001 adresses traitées
44: 414001 adresses traitées
adresse : bulk pour les ids de 7517967 à 7518966
bulk : {
  "took" : 66,
  "errors" :  ...
44: 415001 adresses traitées
adresse : bulk pour les ids de 7518967 à 7519966
bulk : {
  "took" : 97,
  "errors" :  ...
44: 416001 adresses traitées
adresse : bulk pour les ids de 7519967 à 7520966
bulk : {
  "took" : 86,
  "errors" :  ...
44: 417001 adresses traitées
adresse : bulk pour les ids de 7520967 à 7521966
bulk : {
  "took" : 77,
  "errors" :  ...
44: 418001 adresses traitées
adresse : bulk pour les ids de 7521967 à 7522966
bulk : {
  "took" : 68,
  "errors" :  ...
44: 419001 adresses traitées
adresse : bulk pour les ids de 7522967 à 7523966
bulk : {
  "took" : 102,
  "errors" : ...
44: 420001 adresses traitées
adresse : bulk pour les ids de 7523967 à 7524966
bulk : {
  "took" : 68,
  "errors" :  ...
44: 421001 adresses traitées
adresse : bulk pour les ids de 7524967 à 7525966
bulk : {
  "took" : 82,
  "errors" :  ...
44: 422001 adresses traitées
adresse : bulk pour les ids de 7525967 à 7526966
bulk : {
  "took" : 87,
  "errors" :  ...
44: 423001 adresses traitées
adresse : bulk pour les ids de 7526967 à 7527966
bulk : {
  "took" : 86,
  "errors" :  ...
44: 424001 adresses traitées
adresse : bulk pour les ids de 7527967 à 7528966
bulk : {
  "took" : 90,
  "errors" :  ...
44: 425001 adresses traitées
adresse : bulk pour les ids de 7528967 à 7529966
bulk : {
  "took" : 103,
  "errors" : ...
44: 426001 adresses traitées
adresse : bulk pour les ids de 7529967 à 7530966
bulk : {
  "took" : 68,
  "errors" :  ...
44: 427001 adresses traitées
adresse : bulk pour les ids de 7530967 à 7531966
bulk : {
  "took" : 103,
  "errors" : ...
44: 428001 adresses traitées
adresse : bulk pour les ids de 7531967 à 7532966
bulk : {
  "took" : 67,
  "errors" :  ...
44: 429001 adresses traitées
adresse : bulk pour les ids de 7532967 à 7533966
bulk : {
  "took" : 104,
  "errors" : ...
44: 430001 adresses traitées
adresse : bulk pour les ids de 7533967 à 7534966
bulk : {
  "took" : 70,
  "errors" :  ...
44: 431001 adresses traitées
adresse : bulk pour les ids de 7534967 à 7535966
bulk : {
  "took" : 113,
  "errors" : ...
44: 432001 adresses traitées
adresse : bulk pour les ids de 7535967 à 7536966
bulk : {
  "took" : 163,
  "errors" : ...
44: 433001 adresses traitées
adresse : bulk pour les ids de 7536967 à 7537966
bulk : {
  "took" : 67,
  "errors" :  ...
44: 434001 adresses traitées
adresse : bulk pour les ids de 7537967 à 7538752
bulk : {
  "took" : 62,
  "errors" :  ...
dpt 45 : voies
45: 1 voies traitées
voie : bulk pour les ids de 582968 à 583167
bulk : {
  "took" : 13,
  "errors" :  ...
45: 201 voies traitées
voie : bulk pour les ids de 583168 à 583367
bulk : {
  "took" : 12,
  "errors" :  ...
45: 401 voies traitées
voie : bulk pour les ids de 583368 à 583567
bulk : {
  "took" : 12,
  "errors" :  ...
45: 601 voies traitées
voie : bulk pour les ids de 583568 à 583767
bulk : {
  "took" : 35,
  "errors" :  ...
45: 801 voies traitées
voie : bulk pour les ids de 583768 à 583967
bulk : {
  "took" : 13,
  "errors" :  ...
45: 1001 voies traitées
voie : bulk pour les ids de 583968 à 584167
bulk : {
  "took" : 14,
  "errors" :  ...
45: 1201 voies traitées
voie : bulk pour les ids de 584168 à 584367
bulk : {
  "took" : 12,
  "errors" :  ...
45: 1401 voies traitées
voie : bulk pour les ids de 584368 à 584567
bulk : {
  "took" : 12,
  "errors" :  ...
45: 1601 voies traitées
voie : bulk pour les ids de 584568 à 584767
bulk : {
  "took" : 12,
  "errors" :  ...
45: 1801 voies traitées
voie : bulk pour les ids de 584768 à 584967
bulk : {
  "took" : 12,
  "errors" :  ...
45: 2001 voies traitées
voie : bulk pour les ids de 584968 à 585167
bulk : {
  "took" : 12,
  "errors" :  ...
45: 2201 voies traitées
voie : bulk pour les ids de 585168 à 585367
bulk : {
  "took" : 12,
  "errors" :  ...
45: 2401 voies traitées
voie : bulk pour les ids de 585368 à 585567
bulk : {
  "took" : 13,
  "errors" :  ...
45: 2601 voies traitées
voie : bulk pour les ids de 585568 à 585767
bulk : {
  "took" : 29,
  "errors" :  ...
45: 2801 voies traitées
voie : bulk pour les ids de 585768 à 585967
bulk : {
  "took" : 14,
  "errors" :  ...
45: 3001 voies traitées
voie : bulk pour les ids de 585968 à 586167
bulk : {
  "took" : 13,
  "errors" :  ...
45: 3201 voies traitées
voie : bulk pour les ids de 586168 à 586367
bulk : {
  "took" : 11,
  "errors" :  ...
45: 3401 voies traitées
voie : bulk pour les ids de 586368 à 586567
bulk : {
  "took" : 21,
  "errors" :  ...
45: 3601 voies traitées
voie : bulk pour les ids de 586568 à 586767
bulk : {
  "took" : 22,
  "errors" :  ...
45: 3801 voies traitées
voie : bulk pour les ids de 586768 à 586967
bulk : {
  "took" : 12,
  "errors" :  ...
45: 4001 voies traitées
voie : bulk pour les ids de 586968 à 587167
bulk : {
  "took" : 13,
  "errors" :  ...
45: 4201 voies traitées
voie : bulk pour les ids de 587168 à 587367
bulk : {
  "took" : 12,
  "errors" :  ...
45: 4401 voies traitées
voie : bulk pour les ids de 587368 à 587567
bulk : {
  "took" : 29,
  "errors" :  ...
45: 4601 voies traitées
voie : bulk pour les ids de 587568 à 587767
bulk : {
  "took" : 13,
  "errors" :  ...
45: 4801 voies traitées
voie : bulk pour les ids de 587768 à 587967
bulk : {
  "took" : 12,
  "errors" :  ...
45: 5001 voies traitées
voie : bulk pour les ids de 587968 à 588167
bulk : {
  "took" : 13,
  "errors" :  ...
45: 5201 voies traitées
voie : bulk pour les ids de 588168 à 588367
bulk : {
  "took" : 12,
  "errors" :  ...
45: 5401 voies traitées
voie : bulk pour les ids de 588368 à 588567
bulk : {
  "took" : 13,
  "errors" :  ...
45: 5601 voies traitées
voie : bulk pour les ids de 588568 à 588767
bulk : {
  "took" : 12,
  "errors" :  ...
45: 5801 voies traitées
voie : bulk pour les ids de 588768 à 588967
bulk : {
  "took" : 12,
  "errors" :  ...
45: 6001 voies traitées
voie : bulk pour les ids de 588968 à 589167
bulk : {
  "took" : 13,
  "errors" :  ...
45: 6201 voies traitées
voie : bulk pour les ids de 589168 à 589367
bulk : {
  "took" : 12,
  "errors" :  ...
45: 6401 voies traitées
voie : bulk pour les ids de 589368 à 589567
bulk : {
  "took" : 13,
  "errors" :  ...
45: 6601 voies traitées
voie : bulk pour les ids de 589568 à 589767
bulk : {
  "took" : 35,
  "errors" :  ...
45: 6801 voies traitées
voie : bulk pour les ids de 589768 à 589967
bulk : {
  "took" : 13,
  "errors" :  ...
45: 7001 voies traitées
voie : bulk pour les ids de 589968 à 590167
bulk : {
  "took" : 13,
  "errors" :  ...
45: 7201 voies traitées
voie : bulk pour les ids de 590168 à 590367
bulk : {
  "took" : 22,
  "errors" :  ...
45: 7401 voies traitées
voie : bulk pour les ids de 590368 à 590567
bulk : {
  "took" : 21,
  "errors" :  ...
45: 7601 voies traitées
voie : bulk pour les ids de 590568 à 590767
bulk : {
  "took" : 12,
  "errors" :  ...
45: 7801 voies traitées
voie : bulk pour les ids de 590768 à 590967
bulk : {
  "took" : 13,
  "errors" :  ...
45: 8001 voies traitées
voie : bulk pour les ids de 590968 à 591167
bulk : {
  "took" : 13,
  "errors" :  ...
45: 8201 voies traitées
voie : bulk pour les ids de 591168 à 591367
bulk : {
  "took" : 12,
  "errors" :  ...
45: 8401 voies traitées
voie : bulk pour les ids de 591368 à 591567
bulk : {
  "took" : 37,
  "errors" :  ...
45: 8601 voies traitées
voie : bulk pour les ids de 591568 à 591767
bulk : {
  "took" : 12,
  "errors" :  ...
45: 8801 voies traitées
voie : bulk pour les ids de 591768 à 591967
bulk : {
  "took" : 12,
  "errors" :  ...
45: 9001 voies traitées
voie : bulk pour les ids de 591968 à 592167
bulk : {
  "took" : 12,
  "errors" :  ...
45: 9201 voies traitées
voie : bulk pour les ids de 592168 à 592367
bulk : {
  "took" : 12,
  "errors" :  ...
45: 9401 voies traitées
voie : bulk pour les ids de 592368 à 592567
bulk : {
  "took" : 11,
  "errors" :  ...
45: 9601 voies traitées
voie : bulk pour les ids de 592568 à 592767
bulk : {
  "took" : 12,
  "errors" :  ...
45: 9801 voies traitées
voie : bulk pour les ids de 592768 à 592967
bulk : {
  "took" : 12,
  "errors" :  ...
45: 10001 voies traitées
voie : bulk pour les ids de 592968 à 593167
bulk : {
  "took" : 12,
  "errors" :  ...
45: 10201 voies traitées
voie : bulk pour les ids de 593168 à 593367
bulk : {
  "took" : 12,
  "errors" :  ...
45: 10401 voies traitées
voie : bulk pour les ids de 593368 à 593567
bulk : {
  "took" : 12,
  "errors" :  ...
45: 10601 voies traitées
voie : bulk pour les ids de 593568 à 593767
bulk : {
  "took" : 34,
  "errors" :  ...
45: 10801 voies traitées
voie : bulk pour les ids de 593768 à 593967
bulk : {
  "took" : 12,
  "errors" :  ...
45: 11001 voies traitées
voie : bulk pour les ids de 593968 à 594167
bulk : {
  "took" : 23,
  "errors" :  ...
45: 11201 voies traitées
voie : bulk pour les ids de 594168 à 594367
bulk : {
  "took" : 17,
  "errors" :  ...
45: 11401 voies traitées
voie : bulk pour les ids de 594368 à 594567
bulk : {
  "took" : 13,
  "errors" :  ...
45: 11601 voies traitées
voie : bulk pour les ids de 594568 à 594767
bulk : {
  "took" : 13,
  "errors" :  ...
45: 11801 voies traitées
voie : bulk pour les ids de 594768 à 594967
bulk : {
  "took" : 12,
  "errors" :  ...
45: 12001 voies traitées
voie : bulk pour les ids de 594968 à 595167
bulk : {
  "took" : 29,
  "errors" :  ...
45: 12201 voies traitées
voie : bulk pour les ids de 595168 à 595367
bulk : {
  "took" : 13,
  "errors" :  ...
45: 12401 voies traitées
voie : bulk pour les ids de 595368 à 595567
bulk : {
  "took" : 12,
  "errors" :  ...
45: 12601 voies traitées
voie : bulk pour les ids de 595568 à 595767
bulk : {
  "took" : 12,
  "errors" :  ...
45: 12801 voies traitées
voie : bulk pour les ids de 595768 à 595967
bulk : {
  "took" : 13,
  "errors" :  ...
45: 13001 voies traitées
voie : bulk pour les ids de 595968 à 596167
bulk : {
  "took" : 12,
  "errors" :  ...
45: 13201 voies traitées
voie : bulk pour les ids de 596168 à 596367
bulk : {
  "took" : 12,
  "errors" :  ...
45: 13401 voies traitées
voie : bulk pour les ids de 596368 à 596567
bulk : {
  "took" : 12,
  "errors" :  ...
45: 13601 voies traitées
voie : bulk pour les ids de 596568 à 596767
bulk : {
  "took" : 12,
  "errors" :  ...
45: 13801 voies traitées
voie : bulk pour les ids de 596768 à 596967
bulk : {
  "took" : 12,
  "errors" :  ...
45: 14001 voies traitées
voie : bulk pour les ids de 596968 à 597167
bulk : {
  "took" : 12,
  "errors" :  ...
45: 14201 voies traitées
voie : bulk pour les ids de 597168 à 597367
bulk : {
  "took" : 38,
  "errors" :  ...
45: 14401 voies traitées
voie : bulk pour les ids de 597368 à 597567
bulk : {
  "took" : 12,
  "errors" :  ...
45: 14601 voies traitées
voie : bulk pour les ids de 597568 à 597767
bulk : {
  "took" : 30,
  "errors" :  ...
45: 14801 voies traitées
voie : bulk pour les ids de 597768 à 597933
bulk : {
  "took" : 10,
  "errors" :  ...
dpt 45 : adresses
45: 1 adresses traitées
45: 1001 adresses traitées
adresse : bulk pour les ids de 7538753 à 7539752
bulk : {
  "took" : 89,
  "errors" :  ...
45: 2001 adresses traitées
adresse : bulk pour les ids de 7539753 à 7540752
bulk : {
  "took" : 75,
  "errors" :  ...
45: 3001 adresses traitées
adresse : bulk pour les ids de 7540753 à 7541752
bulk : {
  "took" : 84,
  "errors" :  ...
45: 4001 adresses traitées
adresse : bulk pour les ids de 7541753 à 7542752
bulk : {
  "took" : 93,
  "errors" :  ...
45: 5001 adresses traitées
adresse : bulk pour les ids de 7542753 à 7543752
bulk : {
  "took" : 68,
  "errors" :  ...
45: 6001 adresses traitées
adresse : bulk pour les ids de 7543753 à 7544752
bulk : {
  "took" : 76,
  "errors" :  ...
45: 7001 adresses traitées
adresse : bulk pour les ids de 7544753 à 7545752
bulk : {
  "took" : 92,
  "errors" :  ...
45: 8001 adresses traitées
adresse : bulk pour les ids de 7545753 à 7546752
bulk : {
  "took" : 81,
  "errors" :  ...
45: 9001 adresses traitées
adresse : bulk pour les ids de 7546753 à 7547752
bulk : {
  "took" : 89,
  "errors" :  ...
45: 10001 adresses traitées
adresse : bulk pour les ids de 7547753 à 7548752
bulk : {
  "took" : 84,
  "errors" :  ...
45: 11001 adresses traitées
45: 12001 adresses traitées
adresse : bulk pour les ids de 7548753 à 7549752
bulk : {
  "took" : 93,
  "errors" :  ...
45: 13001 adresses traitées
adresse : bulk pour les ids de 7549753 à 7550752
bulk : {
  "took" : 76,
  "errors" :  ...
45: 14001 adresses traitées
adresse : bulk pour les ids de 7550753 à 7551752
bulk : {
  "took" : 91,
  "errors" :  ...
45: 15001 adresses traitées
adresse : bulk pour les ids de 7551753 à 7552752
bulk : {
  "took" : 93,
  "errors" :  ...
45: 16001 adresses traitées
adresse : bulk pour les ids de 7552753 à 7553752
bulk : {
  "took" : 68,
  "errors" :  ...
45: 17001 adresses traitées
adresse : bulk pour les ids de 7553753 à 7554752
bulk : {
  "took" : 94,
  "errors" :  ...
45: 18001 adresses traitées
adresse : bulk pour les ids de 7554753 à 7555752
bulk : {
  "took" : 66,
  "errors" :  ...
45: 19001 adresses traitées
adresse : bulk pour les ids de 7555753 à 7556752
bulk : {
  "took" : 78,
  "errors" :  ...
45: 20001 adresses traitées
adresse : bulk pour les ids de 7556753 à 7557752
bulk : {
  "took" : 90,
  "errors" :  ...
45: 21001 adresses traitées
adresse : bulk pour les ids de 7557753 à 7558752
bulk : {
  "took" : 93,
  "errors" :  ...
45: 22001 adresses traitées
adresse : bulk pour les ids de 7558753 à 7559752
bulk : {
  "took" : 67,
  "errors" :  ...
45: 23001 adresses traitées
adresse : bulk pour les ids de 7559753 à 7560752
bulk : {
  "took" : 99,
  "errors" :  ...
45: 24001 adresses traitées
adresse : bulk pour les ids de 7560753 à 7561752
bulk : {
  "took" : 85,
  "errors" :  ...
45: 25001 adresses traitées
adresse : bulk pour les ids de 7561753 à 7562752
bulk : {
  "took" : 78,
  "errors" :  ...
45: 26001 adresses traitées
45: 27001 adresses traitées
adresse : bulk pour les ids de 7562753 à 7563752
bulk : {
  "took" : 86,
  "errors" :  ...
45: 28001 adresses traitées
adresse : bulk pour les ids de 7563753 à 7564752
bulk : {
  "took" : 84,
  "errors" :  ...
45: 29001 adresses traitées
adresse : bulk pour les ids de 7564753 à 7565752
bulk : {
  "took" : 89,
  "errors" :  ...
45: 30001 adresses traitées
adresse : bulk pour les ids de 7565753 à 7566752
bulk : {
  "took" : 101,
  "errors" : ...
45: 31001 adresses traitées
adresse : bulk pour les ids de 7566753 à 7567752
bulk : {
  "took" : 67,
  "errors" :  ...
45: 32001 adresses traitées
adresse : bulk pour les ids de 7567753 à 7568752
bulk : {
  "took" : 107,
  "errors" : ...
45: 33001 adresses traitées
adresse : bulk pour les ids de 7568753 à 7569752
bulk : {
  "took" : 67,
  "errors" :  ...
45: 34001 adresses traitées
adresse : bulk pour les ids de 7569753 à 7570752
bulk : {
  "took" : 95,
  "errors" :  ...
45: 35001 adresses traitées
adresse : bulk pour les ids de 7570753 à 7571752
bulk : {
  "took" : 90,
  "errors" :  ...
45: 36001 adresses traitées
adresse : bulk pour les ids de 7571753 à 7572752
bulk : {
  "took" : 71,
  "errors" :  ...
45: 37001 adresses traitées
adresse : bulk pour les ids de 7572753 à 7573752
bulk : {
  "took" : 91,
  "errors" :  ...
45: 38001 adresses traitées
adresse : bulk pour les ids de 7573753 à 7574752
bulk : {
  "took" : 69,
  "errors" :  ...
45: 39001 adresses traitées
adresse : bulk pour les ids de 7574753 à 7575752
bulk : {
  "took" : 88,
  "errors" :  ...
45: 40001 adresses traitées
adresse : bulk pour les ids de 7575753 à 7576752
bulk : {
  "took" : 68,
  "errors" :  ...
45: 41001 adresses traitées
45: 42001 adresses traitées
adresse : bulk pour les ids de 7576753 à 7577752
bulk : {
  "took" : 89,
  "errors" :  ...
45: 43001 adresses traitées
adresse : bulk pour les ids de 7577753 à 7578752
bulk : {
  "took" : 68,
  "errors" :  ...
45: 44001 adresses traitées
adresse : bulk pour les ids de 7578753 à 7579752
bulk : {
  "took" : 97,
  "errors" :  ...
45: 45001 adresses traitées
adresse : bulk pour les ids de 7579753 à 7580752
bulk : {
  "took" : 68,
  "errors" :  ...
45: 46001 adresses traitées
adresse : bulk pour les ids de 7580753 à 7581752
bulk : {
  "took" : 92,
  "errors" :  ...
45: 47001 adresses traitées
adresse : bulk pour les ids de 7581753 à 7582752
bulk : {
  "took" : 68,
  "errors" :  ...
45: 48001 adresses traitées
adresse : bulk pour les ids de 7582753 à 7583752
bulk : {
  "took" : 97,
  "errors" :  ...
45: 49001 adresses traitées
adresse : bulk pour les ids de 7583753 à 7584752
bulk : {
  "took" : 68,
  "errors" :  ...
45: 50001 adresses traitées
adresse : bulk pour les ids de 7584753 à 7585752
bulk : {
  "took" : 94,
  "errors" :  ...
45: 51001 adresses traitées
adresse : bulk pour les ids de 7585753 à 7586752
bulk : {
  "took" : 70,
  "errors" :  ...
45: 52001 adresses traitées
adresse : bulk pour les ids de 7586753 à 7587752
bulk : {
  "took" : 104,
  "errors" : ...
45: 53001 adresses traitées
adresse : bulk pour les ids de 7587753 à 7588752
bulk : {
  "took" : 78,
  "errors" :  ...
45: 54001 adresses traitées
adresse : bulk pour les ids de 7588753 à 7589752
bulk : {
  "took" : 91,
  "errors" :  ...
45: 55001 adresses traitées
adresse : bulk pour les ids de 7589753 à 7590752
bulk : {
  "took" : 70,
  "errors" :  ...
45: 56001 adresses traitées
adresse : bulk pour les ids de 7590753 à 7591752
bulk : {
  "took" : 88,
  "errors" :  ...
45: 57001 adresses traitées
adresse : bulk pour les ids de 7591753 à 7592752
bulk : {
  "took" : 69,
  "errors" :  ...
45: 58001 adresses traitées
adresse : bulk pour les ids de 7592753 à 7593752
bulk : {
  "took" : 86,
  "errors" :  ...
45: 59001 adresses traitées
adresse : bulk pour les ids de 7593753 à 7594752
bulk : {
  "took" : 70,
  "errors" :  ...
45: 60001 adresses traitées
adresse : bulk pour les ids de 7594753 à 7595752
bulk : {
  "took" : 83,
  "errors" :  ...
45: 61001 adresses traitées
adresse : bulk pour les ids de 7595753 à 7596752
bulk : {
  "took" : 68,
  "errors" :  ...
45: 62001 adresses traitées
adresse : bulk pour les ids de 7596753 à 7597752
bulk : {
  "took" : 87,
  "errors" :  ...
45: 63001 adresses traitées
adresse : bulk pour les ids de 7597753 à 7598752
bulk : {
  "took" : 84,
  "errors" :  ...
45: 64001 adresses traitées
adresse : bulk pour les ids de 7598753 à 7599752
bulk : {
  "took" : 70,
  "errors" :  ...
45: 65001 adresses traitées
adresse : bulk pour les ids de 7599753 à 7600752
bulk : {
  "took" : 84,
  "errors" :  ...
45: 66001 adresses traitées
adresse : bulk pour les ids de 7600753 à 7601752
bulk : {
  "took" : 76,
  "errors" :  ...
45: 67001 adresses traitées
adresse : bulk pour les ids de 7601753 à 7602752
bulk : {
  "took" : 82,
  "errors" :  ...
45: 68001 adresses traitées
adresse : bulk pour les ids de 7602753 à 7603752
bulk : {
  "took" : 67,
  "errors" :  ...
45: 69001 adresses traitées
adresse : bulk pour les ids de 7603753 à 7604752
bulk : {
  "took" : 86,
  "errors" :  ...
45: 70001 adresses traitées
adresse : bulk pour les ids de 7604753 à 7605752
bulk : {
  "took" : 70,
  "errors" :  ...
45: 71001 adresses traitées
adresse : bulk pour les ids de 7605753 à 7606752
bulk : {
  "took" : 90,
  "errors" :  ...
45: 72001 adresses traitées
adresse : bulk pour les ids de 7606753 à 7607752
bulk : {
  "took" : 69,
  "errors" :  ...
45: 73001 adresses traitées
adresse : bulk pour les ids de 7607753 à 7608752
bulk : {
  "took" : 83,
  "errors" :  ...
45: 74001 adresses traitées
adresse : bulk pour les ids de 7608753 à 7609752
bulk : {
  "took" : 69,
  "errors" :  ...
45: 75001 adresses traitées
adresse : bulk pour les ids de 7609753 à 7610752
bulk : {
  "took" : 85,
  "errors" :  ...
45: 76001 adresses traitées
adresse : bulk pour les ids de 7610753 à 7611752
bulk : {
  "took" : 71,
  "errors" :  ...
45: 77001 adresses traitées
adresse : bulk pour les ids de 7611753 à 7612752
bulk : {
  "took" : 83,
  "errors" :  ...
45: 78001 adresses traitées
adresse : bulk pour les ids de 7612753 à 7613752
bulk : {
  "took" : 69,
  "errors" :  ...
45: 79001 adresses traitées
adresse : bulk pour les ids de 7613753 à 7614752
bulk : {
  "took" : 94,
  "errors" :  ...
45: 80001 adresses traitées
45: 81001 adresses traitées
adresse : bulk pour les ids de 7614753 à 7615752
bulk : {
  "took" : 69,
  "errors" :  ...
45: 82001 adresses traitées
adresse : bulk pour les ids de 7615753 à 7616752
bulk : {
  "took" : 82,
  "errors" :  ...
45: 83001 adresses traitées
adresse : bulk pour les ids de 7616753 à 7617752
bulk : {
  "took" : 70,
  "errors" :  ...
45: 84001 adresses traitées
adresse : bulk pour les ids de 7617753 à 7618752
bulk : {
  "took" : 87,
  "errors" :  ...
45: 85001 adresses traitées
adresse : bulk pour les ids de 7618753 à 7619752
bulk : {
  "took" : 72,
  "errors" :  ...
45: 86001 adresses traitées
adresse : bulk pour les ids de 7619753 à 7620752
bulk : {
  "took" : 88,
  "errors" :  ...
45: 87001 adresses traitées
adresse : bulk pour les ids de 7620753 à 7621752
bulk : {
  "took" : 71,
  "errors" :  ...
45: 88001 adresses traitées
adresse : bulk pour les ids de 7621753 à 7622752
bulk : {
  "took" : 83,
  "errors" :  ...
45: 89001 adresses traitées
adresse : bulk pour les ids de 7622753 à 7623752
bulk : {
  "took" : 72,
  "errors" :  ...
45: 90001 adresses traitées
adresse : bulk pour les ids de 7623753 à 7624752
bulk : {
  "took" : 88,
  "errors" :  ...
45: 91001 adresses traitées
adresse : bulk pour les ids de 7624753 à 7625752
bulk : {
  "took" : 73,
  "errors" :  ...
45: 92001 adresses traitées
adresse : bulk pour les ids de 7625753 à 7626752
bulk : {
  "took" : 92,
  "errors" :  ...
45: 93001 adresses traitées
adresse : bulk pour les ids de 7626753 à 7627752
bulk : {
  "took" : 82,
  "errors" :  ...
45: 94001 adresses traitées
adresse : bulk pour les ids de 7627753 à 7628752
bulk : {
  "took" : 69,
  "errors" :  ...
45: 95001 adresses traitées
adresse : bulk pour les ids de 7628753 à 7629752
bulk : {
  "took" : 84,
  "errors" :  ...
45: 96001 adresses traitées
adresse : bulk pour les ids de 7629753 à 7630752
bulk : {
  "took" : 83,
  "errors" :  ...
45: 97001 adresses traitées
adresse : bulk pour les ids de 7630753 à 7631752
bulk : {
  "took" : 85,
  "errors" :  ...
45: 98001 adresses traitées
adresse : bulk pour les ids de 7631753 à 7632752
bulk : {
  "took" : 77,
  "errors" :  ...
45: 99001 adresses traitées
adresse : bulk pour les ids de 7632753 à 7633752
bulk : {
  "took" : 92,
  "errors" :  ...
45: 100001 adresses traitées
adresse : bulk pour les ids de 7633753 à 7634752
bulk : {
  "took" : 71,
  "errors" :  ...
45: 101001 adresses traitées
adresse : bulk pour les ids de 7634753 à 7635752
bulk : {
  "took" : 87,
  "errors" :  ...
45: 102001 adresses traitées
adresse : bulk pour les ids de 7635753 à 7636752
bulk : {
  "took" : 69,
  "errors" :  ...
45: 103001 adresses traitées
adresse : bulk pour les ids de 7636753 à 7637752
bulk : {
  "took" : 90,
  "errors" :  ...
45: 104001 adresses traitées
adresse : bulk pour les ids de 7637753 à 7638752
bulk : {
  "took" : 71,
  "errors" :  ...
45: 105001 adresses traitées
adresse : bulk pour les ids de 7638753 à 7639752
bulk : {
  "took" : 88,
  "errors" :  ...
45: 106001 adresses traitées
adresse : bulk pour les ids de 7639753 à 7640752
bulk : {
  "took" : 70,
  "errors" :  ...
45: 107001 adresses traitées
45: 108001 adresses traitées
adresse : bulk pour les ids de 7640753 à 7641752
bulk : {
  "took" : 86,
  "errors" :  ...
45: 109001 adresses traitées
adresse : bulk pour les ids de 7641753 à 7642752
bulk : {
  "took" : 72,
  "errors" :  ...
45: 110001 adresses traitées
adresse : bulk pour les ids de 7642753 à 7643752
bulk : {
  "took" : 85,
  "errors" :  ...
45: 111001 adresses traitées
adresse : bulk pour les ids de 7643753 à 7644752
bulk : {
  "took" : 79,
  "errors" :  ...
45: 112001 adresses traitées
adresse : bulk pour les ids de 7644753 à 7645752
bulk : {
  "took" : 91,
  "errors" :  ...
45: 113001 adresses traitées
adresse : bulk pour les ids de 7645753 à 7646752
bulk : {
  "took" : 70,
  "errors" :  ...
45: 114001 adresses traitées
adresse : bulk pour les ids de 7646753 à 7647752
bulk : {
  "took" : 86,
  "errors" :  ...
45: 115001 adresses traitées
adresse : bulk pour les ids de 7647753 à 7648752
bulk : {
  "took" : 71,
  "errors" :  ...
45: 116001 adresses traitées
adresse : bulk pour les ids de 7648753 à 7649752
bulk : {
  "took" : 86,
  "errors" :  ...
45: 117001 adresses traitées
adresse : bulk pour les ids de 7649753 à 7650752
bulk : {
  "took" : 71,
  "errors" :  ...
45: 118001 adresses traitées
adresse : bulk pour les ids de 7650753 à 7651752
bulk : {
  "took" : 73,
  "errors" :  ...
45: 119001 adresses traitées
adresse : bulk pour les ids de 7651753 à 7652752
bulk : {
  "took" : 85,
  "errors" :  ...
45: 120001 adresses traitées
adresse : bulk pour les ids de 7652753 à 7653752
bulk : {
  "took" : 70,
  "errors" :  ...
45: 121001 adresses traitées
adresse : bulk pour les ids de 7653753 à 7654752
bulk : {
  "took" : 87,
  "errors" :  ...
45: 122001 adresses traitées
adresse : bulk pour les ids de 7654753 à 7655752
bulk : {
  "took" : 69,
  "errors" :  ...
45: 123001 adresses traitées
adresse : bulk pour les ids de 7655753 à 7656752
bulk : {
  "took" : 84,
  "errors" :  ...
45: 124001 adresses traitées
adresse : bulk pour les ids de 7656753 à 7657752
bulk : {
  "took" : 71,
  "errors" :  ...
45: 125001 adresses traitées
adresse : bulk pour les ids de 7657753 à 7658752
bulk : {
  "took" : 83,
  "errors" :  ...
45: 126001 adresses traitées
adresse : bulk pour les ids de 7658753 à 7659752
bulk : {
  "took" : 72,
  "errors" :  ...
45: 127001 adresses traitées
adresse : bulk pour les ids de 7659753 à 7660752
bulk : {
  "took" : 86,
  "errors" :  ...
45: 128001 adresses traitées
adresse : bulk pour les ids de 7660753 à 7661752
bulk : {
  "took" : 74,
  "errors" :  ...
45: 129001 adresses traitées
adresse : bulk pour les ids de 7661753 à 7662752
bulk : {
  "took" : 87,
  "errors" :  ...
45: 130001 adresses traitées
adresse : bulk pour les ids de 7662753 à 7663752
bulk : {
  "took" : 69,
  "errors" :  ...
45: 131001 adresses traitées
adresse : bulk pour les ids de 7663753 à 7664752
bulk : {
  "took" : 84,
  "errors" :  ...
45: 132001 adresses traitées
adresse : bulk pour les ids de 7664753 à 7665752
bulk : {
  "took" : 70,
  "errors" :  ...
45: 133001 adresses traitées
adresse : bulk pour les ids de 7665753 à 7666752
bulk : {
  "took" : 88,
  "errors" :  ...
45: 134001 adresses traitées
adresse : bulk pour les ids de 7666753 à 7667752
bulk : {
  "took" : 68,
  "errors" :  ...
45: 135001 adresses traitées
adresse : bulk pour les ids de 7667753 à 7668752
bulk : {
  "took" : 91,
  "errors" :  ...
45: 136001 adresses traitées
adresse : bulk pour les ids de 7668753 à 7669752
bulk : {
  "took" : 71,
  "errors" :  ...
45: 137001 adresses traitées
adresse : bulk pour les ids de 7669753 à 7670752
bulk : {
  "took" : 84,
  "errors" :  ...
45: 138001 adresses traitées
adresse : bulk pour les ids de 7670753 à 7671752
bulk : {
  "took" : 69,
  "errors" :  ...
45: 139001 adresses traitées
adresse : bulk pour les ids de 7671753 à 7672752
bulk : {
  "took" : 85,
  "errors" :  ...
45: 140001 adresses traitées
adresse : bulk pour les ids de 7672753 à 7673752
bulk : {
  "took" : 70,
  "errors" :  ...
45: 141001 adresses traitées
adresse : bulk pour les ids de 7673753 à 7674752
bulk : {
  "took" : 84,
  "errors" :  ...
45: 142001 adresses traitées
adresse : bulk pour les ids de 7674753 à 7675752
bulk : {
  "took" : 72,
  "errors" :  ...
45: 143001 adresses traitées
adresse : bulk pour les ids de 7675753 à 7676752
bulk : {
  "took" : 72,
  "errors" :  ...
45: 144001 adresses traitées
adresse : bulk pour les ids de 7676753 à 7677752
bulk : {
  "took" : 86,
  "errors" :  ...
45: 145001 adresses traitées
adresse : bulk pour les ids de 7677753 à 7678752
bulk : {
  "took" : 72,
  "errors" :  ...
45: 146001 adresses traitées
adresse : bulk pour les ids de 7678753 à 7679752
bulk : {
  "took" : 95,
  "errors" :  ...
45: 147001 adresses traitées
adresse : bulk pour les ids de 7679753 à 7680752
bulk : {
  "took" : 70,
  "errors" :  ...
45: 148001 adresses traitées
adresse : bulk pour les ids de 7680753 à 7681752
bulk : {
  "took" : 88,
  "errors" :  ...
45: 149001 adresses traitées
adresse : bulk pour les ids de 7681753 à 7682752
bulk : {
  "took" : 71,
  "errors" :  ...
45: 150001 adresses traitées
adresse : bulk pour les ids de 7682753 à 7683752
bulk : {
  "took" : 90,
  "errors" :  ...
45: 151001 adresses traitées
adresse : bulk pour les ids de 7683753 à 7684752
bulk : {
  "took" : 72,
  "errors" :  ...
45: 152001 adresses traitées
45: 153001 adresses traitées
adresse : bulk pour les ids de 7684753 à 7685752
bulk : {
  "took" : 90,
  "errors" :  ...
45: 154001 adresses traitées
adresse : bulk pour les ids de 7685753 à 7686752
bulk : {
  "took" : 73,
  "errors" :  ...
45: 155001 adresses traitées
adresse : bulk pour les ids de 7686753 à 7687752
bulk : {
  "took" : 93,
  "errors" :  ...
45: 156001 adresses traitées
adresse : bulk pour les ids de 7687753 à 7688752
bulk : {
  "took" : 71,
  "errors" :  ...
45: 157001 adresses traitées
adresse : bulk pour les ids de 7688753 à 7689752
bulk : {
  "took" : 92,
  "errors" :  ...
45: 158001 adresses traitées
adresse : bulk pour les ids de 7689753 à 7690752
bulk : {
  "took" : 71,
  "errors" :  ...
45: 159001 adresses traitées
adresse : bulk pour les ids de 7690753 à 7691752
bulk : {
  "took" : 91,
  "errors" :  ...
45: 160001 adresses traitées
adresse : bulk pour les ids de 7691753 à 7692752
bulk : {
  "took" : 75,
  "errors" :  ...
45: 161001 adresses traitées
adresse : bulk pour les ids de 7692753 à 7693752
bulk : {
  "took" : 95,
  "errors" :  ...
45: 162001 adresses traitées
adresse : bulk pour les ids de 7693753 à 7694752
bulk : {
  "took" : 72,
  "errors" :  ...
45: 163001 adresses traitées
adresse : bulk pour les ids de 7694753 à 7695752
bulk : {
  "took" : 90,
  "errors" :  ...
45: 164001 adresses traitées
adresse : bulk pour les ids de 7695753 à 7696752
bulk : {
  "took" : 70,
  "errors" :  ...
45: 165001 adresses traitées
adresse : bulk pour les ids de 7696753 à 7697752
bulk : {
  "took" : 86,
  "errors" :  ...
45: 166001 adresses traitées
adresse : bulk pour les ids de 7697753 à 7698752
bulk : {
  "took" : 84,
  "errors" :  ...
45: 167001 adresses traitées
adresse : bulk pour les ids de 7698753 à 7699752
bulk : {
  "took" : 86,
  "errors" :  ...
45: 168001 adresses traitées
adresse : bulk pour les ids de 7699753 à 7700752
bulk : {
  "took" : 87,
  "errors" :  ...
45: 169001 adresses traitées
adresse : bulk pour les ids de 7700753 à 7701752
bulk : {
  "took" : 72,
  "errors" :  ...
45: 170001 adresses traitées
adresse : bulk pour les ids de 7701753 à 7702752
bulk : {
  "took" : 87,
  "errors" :  ...
45: 171001 adresses traitées
adresse : bulk pour les ids de 7702753 à 7703752
bulk : {
  "took" : 70,
  "errors" :  ...
45: 172001 adresses traitées
adresse : bulk pour les ids de 7703753 à 7704752
bulk : {
  "took" : 85,
  "errors" :  ...
45: 173001 adresses traitées
adresse : bulk pour les ids de 7704753 à 7705752
bulk : {
  "took" : 72,
  "errors" :  ...
45: 174001 adresses traitées
adresse : bulk pour les ids de 7705753 à 7706752
bulk : {
  "took" : 70,
  "errors" :  ...
45: 175001 adresses traitées
adresse : bulk pour les ids de 7706753 à 7707752
bulk : {
  "took" : 83,
  "errors" :  ...
45: 176001 adresses traitées
adresse : bulk pour les ids de 7707753 à 7708752
bulk : {
  "took" : 71,
  "errors" :  ...
45: 177001 adresses traitées
adresse : bulk pour les ids de 7708753 à 7709752
bulk : {
  "took" : 89,
  "errors" :  ...
45: 178001 adresses traitées
adresse : bulk pour les ids de 7709753 à 7710752
bulk : {
  "took" : 72,
  "errors" :  ...
45: 179001 adresses traitées
adresse : bulk pour les ids de 7710753 à 7711752
bulk : {
  "took" : 90,
  "errors" :  ...
45: 180001 adresses traitées
adresse : bulk pour les ids de 7711753 à 7712752
bulk : {
  "took" : 71,
  "errors" :  ...
45: 181001 adresses traitées
adresse : bulk pour les ids de 7712753 à 7713752
bulk : {
  "took" : 93,
  "errors" :  ...
45: 182001 adresses traitées
adresse : bulk pour les ids de 7713753 à 7714752
bulk : {
  "took" : 70,
  "errors" :  ...
45: 183001 adresses traitées
adresse : bulk pour les ids de 7714753 à 7715752
bulk : {
  "took" : 86,
  "errors" :  ...
45: 184001 adresses traitées
45: 185001 adresses traitées
adresse : bulk pour les ids de 7715753 à 7716752
bulk : {
  "took" : 73,
  "errors" :  ...
45: 186001 adresses traitées
adresse : bulk pour les ids de 7716753 à 7717752
bulk : {
  "took" : 91,
  "errors" :  ...
45: 187001 adresses traitées
adresse : bulk pour les ids de 7717753 à 7718752
bulk : {
  "took" : 76,
  "errors" :  ...
45: 188001 adresses traitées
adresse : bulk pour les ids de 7718753 à 7719752
bulk : {
  "took" : 90,
  "errors" :  ...
45: 189001 adresses traitées
adresse : bulk pour les ids de 7719753 à 7720752
bulk : {
  "took" : 72,
  "errors" :  ...
45: 190001 adresses traitées
adresse : bulk pour les ids de 7720753 à 7721752
bulk : {
  "took" : 94,
  "errors" :  ...
45: 191001 adresses traitées
adresse : bulk pour les ids de 7721753 à 7722752
bulk : {
  "took" : 82,
  "errors" :  ...
45: 192001 adresses traitées
adresse : bulk pour les ids de 7722753 à 7723752
bulk : {
  "took" : 86,
  "errors" :  ...
45: 193001 adresses traitées
adresse : bulk pour les ids de 7723753 à 7724752
bulk : {
  "took" : 73,
  "errors" :  ...
45: 194001 adresses traitées
adresse : bulk pour les ids de 7724753 à 7725752
bulk : {
  "took" : 94,
  "errors" :  ...
45: 195001 adresses traitées
adresse : bulk pour les ids de 7725753 à 7726752
bulk : {
  "took" : 71,
  "errors" :  ...
45: 196001 adresses traitées
adresse : bulk pour les ids de 7726753 à 7727752
bulk : {
  "took" : 86,
  "errors" :  ...
45: 197001 adresses traitées
adresse : bulk pour les ids de 7727753 à 7728752
bulk : {
  "took" : 72,
  "errors" :  ...
45: 198001 adresses traitées
45: 199001 adresses traitées
adresse : bulk pour les ids de 7728753 à 7729752
bulk : {
  "took" : 88,
  "errors" :  ...
45: 200001 adresses traitées
adresse : bulk pour les ids de 7729753 à 7730752
bulk : {
  "took" : 70,
  "errors" :  ...
45: 201001 adresses traitées
adresse : bulk pour les ids de 7730753 à 7731752
bulk : {
  "took" : 70,
  "errors" :  ...
45: 202001 adresses traitées
adresse : bulk pour les ids de 7731753 à 7732752
bulk : {
  "took" : 69,
  "errors" :  ...
45: 203001 adresses traitées
adresse : bulk pour les ids de 7732753 à 7733752
bulk : {
  "took" : 75,
  "errors" :  ...
45: 204001 adresses traitées
adresse : bulk pour les ids de 7733753 à 7734752
bulk : {
  "took" : 88,
  "errors" :  ...
45: 205001 adresses traitées
adresse : bulk pour les ids de 7734753 à 7735752
bulk : {
  "took" : 69,
  "errors" :  ...
45: 206001 adresses traitées
adresse : bulk pour les ids de 7735753 à 7736752
bulk : {
  "took" : 89,
  "errors" :  ...
45: 207001 adresses traitées
adresse : bulk pour les ids de 7736753 à 7737752
bulk : {
  "took" : 71,
  "errors" :  ...
45: 208001 adresses traitées
adresse : bulk pour les ids de 7737753 à 7738752
bulk : {
  "took" : 94,
  "errors" :  ...
45: 209001 adresses traitées
adresse : bulk pour les ids de 7738753 à 7739752
bulk : {
  "took" : 74,
  "errors" :  ...
45: 210001 adresses traitées
adresse : bulk pour les ids de 7739753 à 7740752
bulk : {
  "took" : 86,
  "errors" :  ...
45: 211001 adresses traitées
45: 212001 adresses traitées
adresse : bulk pour les ids de 7740753 à 7741752
bulk : {
  "took" : 72,
  "errors" :  ...
45: 213001 adresses traitées
adresse : bulk pour les ids de 7741753 à 7742752
bulk : {
  "took" : 90,
  "errors" :  ...
45: 214001 adresses traitées
adresse : bulk pour les ids de 7742753 à 7743752
bulk : {
  "took" : 77,
  "errors" :  ...
45: 215001 adresses traitées
adresse : bulk pour les ids de 7743753 à 7744752
bulk : {
  "took" : 91,
  "errors" :  ...
45: 216001 adresses traitées
adresse : bulk pour les ids de 7744753 à 7745752
bulk : {
  "took" : 73,
  "errors" :  ...
45: 217001 adresses traitées
adresse : bulk pour les ids de 7745753 à 7746752
bulk : {
  "took" : 91,
  "errors" :  ...
45: 218001 adresses traitées
adresse : bulk pour les ids de 7746753 à 7747752
bulk : {
  "took" : 73,
  "errors" :  ...
45: 219001 adresses traitées
adresse : bulk pour les ids de 7747753 à 7748752
bulk : {
  "took" : 88,
  "errors" :  ...
45: 220001 adresses traitées
adresse : bulk pour les ids de 7748753 à 7749752
bulk : {
  "took" : 73,
  "errors" :  ...
45: 221001 adresses traitées
adresse : bulk pour les ids de 7749753 à 7750752
bulk : {
  "took" : 83,
  "errors" :  ...
45: 222001 adresses traitées
adresse : bulk pour les ids de 7750753 à 7751752
bulk : {
  "took" : 71,
  "errors" :  ...
45: 223001 adresses traitées
adresse : bulk pour les ids de 7751753 à 7752752
bulk : {
  "took" : 88,
  "errors" :  ...
45: 224001 adresses traitées
45: 225001 adresses traitées
adresse : bulk pour les ids de 7752753 à 7753752
bulk : {
  "took" : 70,
  "errors" :  ...
45: 226001 adresses traitées
adresse : bulk pour les ids de 7753753 à 7754752
bulk : {
  "took" : 84,
  "errors" :  ...
45: 227001 adresses traitées
adresse : bulk pour les ids de 7754753 à 7755752
bulk : {
  "took" : 69,
  "errors" :  ...
45: 228001 adresses traitées
adresse : bulk pour les ids de 7755753 à 7756752
bulk : {
  "took" : 89,
  "errors" :  ...
45: 229001 adresses traitées
adresse : bulk pour les ids de 7756753 à 7757752
bulk : {
  "took" : 86,
  "errors" :  ...
45: 230001 adresses traitées
adresse : bulk pour les ids de 7757753 à 7758752
bulk : {
  "took" : 72,
  "errors" :  ...
45: 231001 adresses traitées
adresse : bulk pour les ids de 7758753 à 7759752
bulk : {
  "took" : 87,
  "errors" :  ...
45: 232001 adresses traitées
adresse : bulk pour les ids de 7759753 à 7760752
bulk : {
  "took" : 71,
  "errors" :  ...
45: 233001 adresses traitées
adresse : bulk pour les ids de 7760753 à 7761752
bulk : {
  "took" : 82,
  "errors" :  ...
45: 234001 adresses traitées
adresse : bulk pour les ids de 7761753 à 7762752
bulk : {
  "took" : 71,
  "errors" :  ...
45: 235001 adresses traitées
45: 236001 adresses traitées
adresse : bulk pour les ids de 7762753 à 7763752
bulk : {
  "took" : 83,
  "errors" :  ...
45: 237001 adresses traitées
adresse : bulk pour les ids de 7763753 à 7764752
bulk : {
  "took" : 74,
  "errors" :  ...
45: 238001 adresses traitées
adresse : bulk pour les ids de 7764753 à 7765752
bulk : {
  "took" : 88,
  "errors" :  ...
45: 239001 adresses traitées
adresse : bulk pour les ids de 7765753 à 7766752
bulk : {
  "took" : 73,
  "errors" :  ...
45: 240001 adresses traitées
45: 241001 adresses traitées
adresse : bulk pour les ids de 7766753 à 7767752
bulk : {
  "took" : 88,
  "errors" :  ...
45: 242001 adresses traitées
adresse : bulk pour les ids de 7767753 à 7768752
bulk : {
  "took" : 72,
  "errors" :  ...
45: 243001 adresses traitées
adresse : bulk pour les ids de 7768753 à 7769752
bulk : {
  "took" : 94,
  "errors" :  ...
45: 244001 adresses traitées
adresse : bulk pour les ids de 7769753 à 7770752
bulk : {
  "took" : 74,
  "errors" :  ...
45: 245001 adresses traitées
adresse : bulk pour les ids de 7770753 à 7771752
bulk : {
  "took" : 105,
  "errors" : ...
45: 246001 adresses traitées
adresse : bulk pour les ids de 7771753 à 7772752
bulk : {
  "took" : 91,
  "errors" :  ...
45: 247001 adresses traitées
adresse : bulk pour les ids de 7772753 à 7773752
bulk : {
  "took" : 89,
  "errors" :  ...
45: 248001 adresses traitées
adresse : bulk pour les ids de 7773753 à 7774752
bulk : {
  "took" : 73,
  "errors" :  ...
45: 249001 adresses traitées
adresse : bulk pour les ids de 7774753 à 7775752
bulk : {
  "took" : 90,
  "errors" :  ...
adresse : bulk pour les ids de 7775753 à 7775981
bulk : {
  "took" : 17,
  "errors" :  ...
dpt 46 : voies
46: 1 voies traitées
voie : bulk pour les ids de 597934 à 598133
bulk : {
  "took" : 13,
  "errors" :  ...
46: 201 voies traitées
voie : bulk pour les ids de 598134 à 598333
bulk : {
  "took" : 12,
  "errors" :  ...
46: 401 voies traitées
voie : bulk pour les ids de 598334 à 598533
bulk : {
  "took" : 12,
  "errors" :  ...
46: 601 voies traitées
voie : bulk pour les ids de 598534 à 598733
bulk : {
  "took" : 13,
  "errors" :  ...
46: 801 voies traitées
voie : bulk pour les ids de 598734 à 598933
bulk : {
  "took" : 12,
  "errors" :  ...
46: 1001 voies traitées
voie : bulk pour les ids de 598934 à 599133
bulk : {
  "took" : 12,
  "errors" :  ...
46: 1201 voies traitées
voie : bulk pour les ids de 599134 à 599333
bulk : {
  "took" : 12,
  "errors" :  ...
46: 1401 voies traitées
voie : bulk pour les ids de 599334 à 599533
bulk : {
  "took" : 12,
  "errors" :  ...
46: 1601 voies traitées
voie : bulk pour les ids de 599534 à 599733
bulk : {
  "took" : 13,
  "errors" :  ...
46: 1801 voies traitées
voie : bulk pour les ids de 599734 à 599933
bulk : {
  "took" : 12,
  "errors" :  ...
46: 2001 voies traitées
voie : bulk pour les ids de 599934 à 600133
bulk : {
  "took" : 12,
  "errors" :  ...
46: 2201 voies traitées
voie : bulk pour les ids de 600134 à 600333
bulk : {
  "took" : 13,
  "errors" :  ...
46: 2401 voies traitées
voie : bulk pour les ids de 600334 à 600533
bulk : {
  "took" : 12,
  "errors" :  ...
46: 2601 voies traitées
voie : bulk pour les ids de 600534 à 600733
bulk : {
  "took" : 12,
  "errors" :  ...
46: 2801 voies traitées
voie : bulk pour les ids de 600734 à 600933
bulk : {
  "took" : 12,
  "errors" :  ...
46: 3001 voies traitées
voie : bulk pour les ids de 600934 à 601133
bulk : {
  "took" : 12,
  "errors" :  ...
46: 3201 voies traitées
voie : bulk pour les ids de 601134 à 601333
bulk : {
  "took" : 25,
  "errors" :  ...
46: 3401 voies traitées
voie : bulk pour les ids de 601334 à 601533
bulk : {
  "took" : 13,
  "errors" :  ...
46: 3601 voies traitées
voie : bulk pour les ids de 601534 à 601537
bulk : {
  "took" : 1,
  "errors" : f ...
dpt 46 : adresses
46: 1 adresses traitées
46: 1001 adresses traitées
46: 2001 adresses traitées
adresse : bulk pour les ids de 7775982 à 7776981
bulk : {
  "took" : 72,
  "errors" :  ...
46: 3001 adresses traitées
adresse : bulk pour les ids de 7776982 à 7777981
bulk : {
  "took" : 88,
  "errors" :  ...
46: 4001 adresses traitées
46: 5001 adresses traitées
adresse : bulk pour les ids de 7777982 à 7778981
bulk : {
  "took" : 69,
  "errors" :  ...
46: 6001 adresses traitées
adresse : bulk pour les ids de 7778982 à 7779981
bulk : {
  "took" : 88,
  "errors" :  ...
46: 7001 adresses traitées
adresse : bulk pour les ids de 7779982 à 7780981
bulk : {
  "took" : 71,
  "errors" :  ...
46: 8001 adresses traitées
46: 9001 adresses traitées
adresse : bulk pour les ids de 7780982 à 7781981
bulk : {
  "took" : 90,
  "errors" :  ...
46: 10001 adresses traitées
46: 11001 adresses traitées
adresse : bulk pour les ids de 7781982 à 7782981
bulk : {
  "took" : 70,
  "errors" :  ...
46: 12001 adresses traitées
adresse : bulk pour les ids de 7782982 à 7783981
bulk : {
  "took" : 86,
  "errors" :  ...
46: 13001 adresses traitées
adresse : bulk pour les ids de 7783982 à 7784981
bulk : {
  "took" : 70,
  "errors" :  ...
46: 14001 adresses traitées
46: 15001 adresses traitées
adresse : bulk pour les ids de 7784982 à 7785981
bulk : {
  "took" : 86,
  "errors" :  ...
46: 16001 adresses traitées
adresse : bulk pour les ids de 7785982 à 7786981
bulk : {
  "took" : 71,
  "errors" :  ...
46: 17001 adresses traitées
adresse : bulk pour les ids de 7786982 à 7787981
bulk : {
  "took" : 87,
  "errors" :  ...
46: 18001 adresses traitées
adresse : bulk pour les ids de 7787982 à 7788981
bulk : {
  "took" : 70,
  "errors" :  ...
46: 19001 adresses traitées
46: 20001 adresses traitées
adresse : bulk pour les ids de 7788982 à 7789981
bulk : {
  "took" : 86,
  "errors" :  ...
46: 21001 adresses traitées
adresse : bulk pour les ids de 7789982 à 7790981
bulk : {
  "took" : 72,
  "errors" :  ...
46: 22001 adresses traitées
46: 23001 adresses traitées
adresse : bulk pour les ids de 7790982 à 7791981
bulk : {
  "took" : 89,
  "errors" :  ...
46: 24001 adresses traitées
adresse : bulk pour les ids de 7791982 à 7792981
bulk : {
  "took" : 70,
  "errors" :  ...
46: 25001 adresses traitées
46: 26001 adresses traitées
adresse : bulk pour les ids de 7792982 à 7793981
bulk : {
  "took" : 92,
  "errors" :  ...
46: 27001 adresses traitées
adresse : bulk pour les ids de 7793982 à 7794981
bulk : {
  "took" : 87,
  "errors" :  ...
46: 28001 adresses traitées
46: 29001 adresses traitées
adresse : bulk pour les ids de 7794982 à 7795981
bulk : {
  "took" : 69,
  "errors" :  ...
46: 30001 adresses traitées
adresse : bulk pour les ids de 7795982 à 7796981
bulk : {
  "took" : 86,
  "errors" :  ...
46: 31001 adresses traitées
adresse : bulk pour les ids de 7796982 à 7797981
bulk : {
  "took" : 71,
  "errors" :  ...
46: 32001 adresses traitées
adresse : bulk pour les ids de 7797982 à 7798981
bulk : {
  "took" : 86,
  "errors" :  ...
46: 33001 adresses traitées
adresse : bulk pour les ids de 7798982 à 7799981
bulk : {
  "took" : 70,
  "errors" :  ...
46: 34001 adresses traitées
46: 35001 adresses traitées
adresse : bulk pour les ids de 7799982 à 7800981
bulk : {
  "took" : 82,
  "errors" :  ...
46: 36001 adresses traitées
adresse : bulk pour les ids de 7800982 à 7801981
bulk : {
  "took" : 71,
  "errors" :  ...
46: 37001 adresses traitées
adresse : bulk pour les ids de 7801982 à 7802981
bulk : {
  "took" : 84,
  "errors" :  ...
46: 38001 adresses traitées
46: 39001 adresses traitées
adresse : bulk pour les ids de 7802982 à 7803981
bulk : {
  "took" : 71,
  "errors" :  ...
46: 40001 adresses traitées
adresse : bulk pour les ids de 7803982 à 7804981
bulk : {
  "took" : 90,
  "errors" :  ...
46: 41001 adresses traitées
adresse : bulk pour les ids de 7804982 à 7805974
bulk : {
  "took" : 74,
  "errors" :  ...
dpt 47 : voies
47: 1 voies traitées
voie : bulk pour les ids de 601538 à 601737
bulk : {
  "took" : 30,
  "errors" :  ...
47: 201 voies traitées
voie : bulk pour les ids de 601738 à 601937
bulk : {
  "took" : 29,
  "errors" :  ...
47: 401 voies traitées
voie : bulk pour les ids de 601938 à 602137
bulk : {
  "took" : 11,
  "errors" :  ...
47: 601 voies traitées
voie : bulk pour les ids de 602138 à 602337
bulk : {
  "took" : 12,
  "errors" :  ...
47: 801 voies traitées
voie : bulk pour les ids de 602338 à 602537
bulk : {
  "took" : 11,
  "errors" :  ...
47: 1001 voies traitées
voie : bulk pour les ids de 602538 à 602737
bulk : {
  "took" : 12,
  "errors" :  ...
47: 1201 voies traitées
voie : bulk pour les ids de 602738 à 602937
bulk : {
  "took" : 11,
  "errors" :  ...
47: 1401 voies traitées
voie : bulk pour les ids de 602938 à 603137
bulk : {
  "took" : 13,
  "errors" :  ...
47: 1601 voies traitées
voie : bulk pour les ids de 603138 à 603337
bulk : {
  "took" : 12,
  "errors" :  ...
47: 1801 voies traitées
voie : bulk pour les ids de 603338 à 603537
bulk : {
  "took" : 12,
  "errors" :  ...
47: 2001 voies traitées
voie : bulk pour les ids de 603538 à 603737
bulk : {
  "took" : 28,
  "errors" :  ...
47: 2201 voies traitées
voie : bulk pour les ids de 603738 à 603937
bulk : {
  "took" : 13,
  "errors" :  ...
47: 2401 voies traitées
voie : bulk pour les ids de 603938 à 604137
bulk : {
  "took" : 12,
  "errors" :  ...
47: 2601 voies traitées
voie : bulk pour les ids de 604138 à 604337
bulk : {
  "took" : 12,
  "errors" :  ...
47: 2801 voies traitées
voie : bulk pour les ids de 604338 à 604537
bulk : {
  "took" : 12,
  "errors" :  ...
47: 3001 voies traitées
voie : bulk pour les ids de 604538 à 604737
bulk : {
  "took" : 12,
  "errors" :  ...
47: 3201 voies traitées
voie : bulk pour les ids de 604738 à 604937
bulk : {
  "took" : 12,
  "errors" :  ...
47: 3401 voies traitées
voie : bulk pour les ids de 604938 à 605137
bulk : {
  "took" : 12,
  "errors" :  ...
47: 3601 voies traitées
voie : bulk pour les ids de 605138 à 605337
bulk : {
  "took" : 12,
  "errors" :  ...
47: 3801 voies traitées
voie : bulk pour les ids de 605338 à 605537
bulk : {
  "took" : 21,
  "errors" :  ...
47: 4001 voies traitées
voie : bulk pour les ids de 605538 à 605737
bulk : {
  "took" : 31,
  "errors" :  ...
47: 4201 voies traitées
voie : bulk pour les ids de 605738 à 605937
bulk : {
  "took" : 12,
  "errors" :  ...
47: 4401 voies traitées
voie : bulk pour les ids de 605938 à 606137
bulk : {
  "took" : 12,
  "errors" :  ...
47: 4601 voies traitées
voie : bulk pour les ids de 606138 à 606337
bulk : {
  "took" : 12,
  "errors" :  ...
47: 4801 voies traitées
voie : bulk pour les ids de 606338 à 606537
bulk : {
  "took" : 13,
  "errors" :  ...
47: 5001 voies traitées
voie : bulk pour les ids de 606538 à 606737
bulk : {
  "took" : 13,
  "errors" :  ...
47: 5201 voies traitées
voie : bulk pour les ids de 606738 à 606937
bulk : {
  "took" : 13,
  "errors" :  ...
47: 5401 voies traitées
voie : bulk pour les ids de 606938 à 607137
bulk : {
  "took" : 12,
  "errors" :  ...
47: 5601 voies traitées
voie : bulk pour les ids de 607138 à 607337
bulk : {
  "took" : 12,
  "errors" :  ...
47: 5801 voies traitées
voie : bulk pour les ids de 607338 à 607537
bulk : {
  "took" : 12,
  "errors" :  ...
47: 6001 voies traitées
voie : bulk pour les ids de 607538 à 607737
bulk : {
  "took" : 23,
  "errors" :  ...
47: 6201 voies traitées
voie : bulk pour les ids de 607738 à 607937
bulk : {
  "took" : 12,
  "errors" :  ...
47: 6401 voies traitées
voie : bulk pour les ids de 607938 à 607952
bulk : {
  "took" : 1,
  "errors" : f ...
dpt 47 : adresses
47: 1 adresses traitées
47: 1001 adresses traitées
adresse : bulk pour les ids de 7805975 à 7806974
bulk : {
  "took" : 85,
  "errors" :  ...
47: 2001 adresses traitées
adresse : bulk pour les ids de 7806975 à 7807974
bulk : {
  "took" : 88,
  "errors" :  ...
47: 3001 adresses traitées
adresse : bulk pour les ids de 7807975 à 7808974
bulk : {
  "took" : 96,
  "errors" :  ...
47: 4001 adresses traitées
adresse : bulk pour les ids de 7808975 à 7809974
bulk : {
  "took" : 94,
  "errors" :  ...
47: 5001 adresses traitées
adresse : bulk pour les ids de 7809975 à 7810974
bulk : {
  "took" : 86,
  "errors" :  ...
47: 6001 adresses traitées
adresse : bulk pour les ids de 7810975 à 7811974
bulk : {
  "took" : 101,
  "errors" : ...
47: 7001 adresses traitées
adresse : bulk pour les ids de 7811975 à 7812974
bulk : {
  "took" : 84,
  "errors" :  ...
47: 8001 adresses traitées
adresse : bulk pour les ids de 7812975 à 7813974
bulk : {
  "took" : 70,
  "errors" :  ...
47: 9001 adresses traitées
adresse : bulk pour les ids de 7813975 à 7814974
bulk : {
  "took" : 99,
  "errors" :  ...
47: 10001 adresses traitées
adresse : bulk pour les ids de 7814975 à 7815974
bulk : {
  "took" : 72,
  "errors" :  ...
47: 11001 adresses traitées
adresse : bulk pour les ids de 7815975 à 7816974
bulk : {
  "took" : 93,
  "errors" :  ...
47: 12001 adresses traitées
adresse : bulk pour les ids de 7816975 à 7817974
bulk : {
  "took" : 67,
  "errors" :  ...
47: 13001 adresses traitées
adresse : bulk pour les ids de 7817975 à 7818974
bulk : {
  "took" : 93,
  "errors" :  ...
47: 14001 adresses traitées
adresse : bulk pour les ids de 7818975 à 7819974
bulk : {
  "took" : 80,
  "errors" :  ...
47: 15001 adresses traitées
adresse : bulk pour les ids de 7819975 à 7820974
bulk : {
  "took" : 83,
  "errors" :  ...
47: 16001 adresses traitées
47: 17001 adresses traitées
adresse : bulk pour les ids de 7820975 à 7821974
bulk : {
  "took" : 86,
  "errors" :  ...
47: 18001 adresses traitées
adresse : bulk pour les ids de 7821975 à 7822974
bulk : {
  "took" : 78,
  "errors" :  ...
47: 19001 adresses traitées
adresse : bulk pour les ids de 7822975 à 7823974
bulk : {
  "took" : 69,
  "errors" :  ...
47: 20001 adresses traitées
adresse : bulk pour les ids de 7823975 à 7824974
bulk : {
  "took" : 94,
  "errors" :  ...
47: 21001 adresses traitées
adresse : bulk pour les ids de 7824975 à 7825974
bulk : {
  "took" : 68,
  "errors" :  ...
47: 22001 adresses traitées
adresse : bulk pour les ids de 7825975 à 7826974
bulk : {
  "took" : 93,
  "errors" :  ...
47: 23001 adresses traitées
adresse : bulk pour les ids de 7826975 à 7827974
bulk : {
  "took" : 85,
  "errors" :  ...
47: 24001 adresses traitées
adresse : bulk pour les ids de 7827975 à 7828974
bulk : {
  "took" : 88,
  "errors" :  ...
47: 25001 adresses traitées
adresse : bulk pour les ids de 7828975 à 7829974
bulk : {
  "took" : 69,
  "errors" :  ...
47: 26001 adresses traitées
adresse : bulk pour les ids de 7829975 à 7830974
bulk : {
  "took" : 92,
  "errors" :  ...
47: 27001 adresses traitées
adresse : bulk pour les ids de 7830975 à 7831974
bulk : {
  "took" : 69,
  "errors" :  ...
47: 28001 adresses traitées
adresse : bulk pour les ids de 7831975 à 7832974
bulk : {
  "took" : 97,
  "errors" :  ...
47: 29001 adresses traitées
adresse : bulk pour les ids de 7832975 à 7833974
bulk : {
  "took" : 69,
  "errors" :  ...
47: 30001 adresses traitées
47: 31001 adresses traitées
adresse : bulk pour les ids de 7833975 à 7834974
bulk : {
  "took" : 97,
  "errors" :  ...
47: 32001 adresses traitées
adresse : bulk pour les ids de 7834975 à 7835974
bulk : {
  "took" : 82,
  "errors" :  ...
47: 33001 adresses traitées
adresse : bulk pour les ids de 7835975 à 7836974
bulk : {
  "took" : 85,
  "errors" :  ...
47: 34001 adresses traitées
adresse : bulk pour les ids de 7836975 à 7837974
bulk : {
  "took" : 85,
  "errors" :  ...
47: 35001 adresses traitées
adresse : bulk pour les ids de 7837975 à 7838974
bulk : {
  "took" : 89,
  "errors" :  ...
47: 36001 adresses traitées
adresse : bulk pour les ids de 7838975 à 7839974
bulk : {
  "took" : 83,
  "errors" :  ...
47: 37001 adresses traitées
adresse : bulk pour les ids de 7839975 à 7840974
bulk : {
  "took" : 101,
  "errors" : ...
47: 38001 adresses traitées
adresse : bulk pour les ids de 7840975 à 7841974
bulk : {
  "took" : 69,
  "errors" :  ...
47: 39001 adresses traitées
47: 40001 adresses traitées
adresse : bulk pour les ids de 7841975 à 7842974
bulk : {
  "took" : 98,
  "errors" :  ...
47: 41001 adresses traitées
adresse : bulk pour les ids de 7842975 à 7843974
bulk : {
  "took" : 88,
  "errors" :  ...
47: 42001 adresses traitées
adresse : bulk pour les ids de 7843975 à 7844974
bulk : {
  "took" : 88,
  "errors" :  ...
47: 43001 adresses traitées
adresse : bulk pour les ids de 7844975 à 7845974
bulk : {
  "took" : 68,
  "errors" :  ...
47: 44001 adresses traitées
adresse : bulk pour les ids de 7845975 à 7846974
bulk : {
  "took" : 96,
  "errors" :  ...
47: 45001 adresses traitées
adresse : bulk pour les ids de 7846975 à 7847974
bulk : {
  "took" : 67,
  "errors" :  ...
47: 46001 adresses traitées
adresse : bulk pour les ids de 7847975 à 7848974
bulk : {
  "took" : 100,
  "errors" : ...
47: 47001 adresses traitées
adresse : bulk pour les ids de 7848975 à 7849974
bulk : {
  "took" : 80,
  "errors" :  ...
47: 48001 adresses traitées
47: 49001 adresses traitées
adresse : bulk pour les ids de 7849975 à 7850974
bulk : {
  "took" : 83,
  "errors" :  ...
47: 50001 adresses traitées
47: 51001 adresses traitées
adresse : bulk pour les ids de 7850975 à 7851974
bulk : {
  "took" : 81,
  "errors" :  ...
47: 52001 adresses traitées
adresse : bulk pour les ids de 7851975 à 7852974
bulk : {
  "took" : 84,
  "errors" :  ...
47: 53001 adresses traitées
adresse : bulk pour les ids de 7852975 à 7853974
bulk : {
  "took" : 83,
  "errors" :  ...
47: 54001 adresses traitées
adresse : bulk pour les ids de 7853975 à 7854974
bulk : {
  "took" : 84,
  "errors" :  ...
47: 55001 adresses traitées
adresse : bulk pour les ids de 7854975 à 7855974
bulk : {
  "took" : 85,
  "errors" :  ...
47: 56001 adresses traitées
adresse : bulk pour les ids de 7855975 à 7856974
bulk : {
  "took" : 97,
  "errors" :  ...
47: 57001 adresses traitées
47: 58001 adresses traitées
adresse : bulk pour les ids de 7856975 à 7857974
bulk : {
  "took" : 80,
  "errors" :  ...
47: 59001 adresses traitées
adresse : bulk pour les ids de 7857975 à 7858974
bulk : {
  "took" : 87,
  "errors" :  ...
47: 60001 adresses traitées
adresse : bulk pour les ids de 7858975 à 7859974
bulk : {
  "took" : 90,
  "errors" :  ...
47: 61001 adresses traitées
adresse : bulk pour les ids de 7859975 à 7860974
bulk : {
  "took" : 68,
  "errors" :  ...
47: 62001 adresses traitées
adresse : bulk pour les ids de 7860975 à 7861974
bulk : {
  "took" : 88,
  "errors" :  ...
47: 63001 adresses traitées
adresse : bulk pour les ids de 7861975 à 7862974
bulk : {
  "took" : 69,
  "errors" :  ...
47: 64001 adresses traitées
adresse : bulk pour les ids de 7862975 à 7863974
bulk : {
  "took" : 89,
  "errors" :  ...
47: 65001 adresses traitées
adresse : bulk pour les ids de 7863975 à 7864974
bulk : {
  "took" : 83,
  "errors" :  ...
47: 66001 adresses traitées
adresse : bulk pour les ids de 7864975 à 7865974
bulk : {
  "took" : 77,
  "errors" :  ...
47: 67001 adresses traitées
adresse : bulk pour les ids de 7865975 à 7866974
bulk : {
  "took" : 83,
  "errors" :  ...
47: 68001 adresses traitées
adresse : bulk pour les ids de 7866975 à 7867974
bulk : {
  "took" : 90,
  "errors" :  ...
47: 69001 adresses traitées
47: 70001 adresses traitées
adresse : bulk pour les ids de 7867975 à 7868974
bulk : {
  "took" : 66,
  "errors" :  ...
47: 71001 adresses traitées
adresse : bulk pour les ids de 7868975 à 7869974
bulk : {
  "took" : 88,
  "errors" :  ...
47: 72001 adresses traitées
adresse : bulk pour les ids de 7869975 à 7870974
bulk : {
  "took" : 67,
  "errors" :  ...
47: 73001 adresses traitées
adresse : bulk pour les ids de 7870975 à 7871974
bulk : {
  "took" : 94,
  "errors" :  ...
47: 74001 adresses traitées
adresse : bulk pour les ids de 7871975 à 7872974
bulk : {
  "took" : 80,
  "errors" :  ...
47: 75001 adresses traitées
adresse : bulk pour les ids de 7872975 à 7873974
bulk : {
  "took" : 76,
  "errors" :  ...
47: 76001 adresses traitées
adresse : bulk pour les ids de 7873975 à 7874974
bulk : {
  "took" : 87,
  "errors" :  ...
47: 77001 adresses traitées
adresse : bulk pour les ids de 7874975 à 7875974
bulk : {
  "took" : 76,
  "errors" :  ...
47: 78001 adresses traitées
adresse : bulk pour les ids de 7875975 à 7876974
bulk : {
  "took" : 86,
  "errors" :  ...
47: 79001 adresses traitées
adresse : bulk pour les ids de 7876975 à 7877974
bulk : {
  "took" : 87,
  "errors" :  ...
47: 80001 adresses traitées
adresse : bulk pour les ids de 7877975 à 7878974
bulk : {
  "took" : 67,
  "errors" :  ...
47: 81001 adresses traitées
adresse : bulk pour les ids de 7878975 à 7879974
bulk : {
  "took" : 94,
  "errors" :  ...
47: 82001 adresses traitées
47: 83001 adresses traitées
adresse : bulk pour les ids de 7879975 à 7880974
bulk : {
  "took" : 67,
  "errors" :  ...
47: 84001 adresses traitées
adresse : bulk pour les ids de 7880975 à 7881974
bulk : {
  "took" : 84,
  "errors" :  ...
47: 85001 adresses traitées
adresse : bulk pour les ids de 7881975 à 7882974
bulk : {
  "took" : 82,
  "errors" :  ...
47: 86001 adresses traitées
adresse : bulk pour les ids de 7882975 à 7883974
bulk : {
  "took" : 77,
  "errors" :  ...
47: 87001 adresses traitées
adresse : bulk pour les ids de 7883975 à 7884974
bulk : {
  "took" : 86,
  "errors" :  ...
47: 88001 adresses traitées
adresse : bulk pour les ids de 7884975 à 7885974
bulk : {
  "took" : 100,
  "errors" : ...
47: 89001 adresses traitées
47: 90001 adresses traitées
adresse : bulk pour les ids de 7885975 à 7886974
bulk : {
  "took" : 67,
  "errors" :  ...
47: 91001 adresses traitées
adresse : bulk pour les ids de 7886975 à 7887974
bulk : {
  "took" : 92,
  "errors" :  ...
47: 92001 adresses traitées
adresse : bulk pour les ids de 7887975 à 7888974
bulk : {
  "took" : 67,
  "errors" :  ...
47: 93001 adresses traitées
47: 94001 adresses traitées
adresse : bulk pour les ids de 7888975 à 7889974
bulk : {
  "took" : 87,
  "errors" :  ...
47: 95001 adresses traitées
adresse : bulk pour les ids de 7889975 à 7890974
bulk : {
  "took" : 81,
  "errors" :  ...
47: 96001 adresses traitées
adresse : bulk pour les ids de 7890975 à 7891974
bulk : {
  "took" : 86,
  "errors" :  ...
47: 97001 adresses traitées
adresse : bulk pour les ids de 7891975 à 7892974
bulk : {
  "took" : 86,
  "errors" :  ...
47: 98001 adresses traitées
adresse : bulk pour les ids de 7892975 à 7893974
bulk : {
  "took" : 80,
  "errors" :  ...
47: 99001 adresses traitées
adresse : bulk pour les ids de 7893975 à 7894974
bulk : {
  "took" : 68,
  "errors" :  ...
adresse : bulk pour les ids de 7894975 à 7895111
bulk : {
  "took" : 10,
  "errors" :  ...
dpt 48 : voies
48: 1 voies traitées
voie : bulk pour les ids de 607953 à 608152
bulk : {
  "took" : 14,
  "errors" :  ...
48: 201 voies traitées
voie : bulk pour les ids de 608153 à 608352
bulk : {
  "took" : 12,
  "errors" :  ...
48: 401 voies traitées
voie : bulk pour les ids de 608353 à 608552
bulk : {
  "took" : 12,
  "errors" :  ...
48: 601 voies traitées
voie : bulk pour les ids de 608553 à 608752
bulk : {
  "took" : 12,
  "errors" :  ...
48: 801 voies traitées
voie : bulk pour les ids de 608753 à 608952
bulk : {
  "took" : 26,
  "errors" :  ...
48: 1001 voies traitées
voie : bulk pour les ids de 608953 à 609152
bulk : {
  "took" : 12,
  "errors" :  ...
48: 1201 voies traitées
voie : bulk pour les ids de 609153 à 609352
bulk : {
  "took" : 31,
  "errors" :  ...
48: 1401 voies traitées
voie : bulk pour les ids de 609353 à 609552
bulk : {
  "took" : 19,
  "errors" :  ...
48: 1601 voies traitées
voie : bulk pour les ids de 609553 à 609752
bulk : {
  "took" : 12,
  "errors" :  ...
48: 1801 voies traitées
voie : bulk pour les ids de 609753 à 609896
bulk : {
  "took" : 9,
  "errors" : f ...
dpt 48 : adresses
48: 1 adresses traitées
48: 1001 adresses traitées
adresse : bulk pour les ids de 7895112 à 7896111
bulk : {
  "took" : 99,
  "errors" :  ...
48: 2001 adresses traitées
48: 3001 adresses traitées
adresse : bulk pour les ids de 7896112 à 7897111
bulk : {
  "took" : 95,
  "errors" :  ...
48: 4001 adresses traitées
adresse : bulk pour les ids de 7897112 à 7898111
bulk : {
  "took" : 82,
  "errors" :  ...
48: 5001 adresses traitées
adresse : bulk pour les ids de 7898112 à 7899111
bulk : {
  "took" : 87,
  "errors" :  ...
48: 6001 adresses traitées
48: 7001 adresses traitées
48: 8001 adresses traitées
adresse : bulk pour les ids de 7899112 à 7900111
bulk : {
  "took" : 96,
  "errors" :  ...
48: 9001 adresses traitées
adresse : bulk pour les ids de 7900112 à 7901111
bulk : {
  "took" : 67,
  "errors" :  ...
48: 10001 adresses traitées
adresse : bulk pour les ids de 7901112 à 7902111
bulk : {
  "took" : 96,
  "errors" :  ...
48: 11001 adresses traitées
48: 12001 adresses traitées
adresse : bulk pour les ids de 7902112 à 7903111
bulk : {
  "took" : 80,
  "errors" :  ...
48: 13001 adresses traitées
adresse : bulk pour les ids de 7903112 à 7904111
bulk : {
  "took" : 81,
  "errors" :  ...
48: 14001 adresses traitées
48: 15001 adresses traitées
48: 16001 adresses traitées
adresse : bulk pour les ids de 7904112 à 7905111
bulk : {
  "took" : 81,
  "errors" :  ...
48: 17001 adresses traitées
48: 18001 adresses traitées
adresse : bulk pour les ids de 7905112 à 7906111
bulk : {
  "took" : 83,
  "errors" :  ...
48: 19001 adresses traitées
48: 20001 adresses traitées
48: 21001 adresses traitées
adresse : bulk pour les ids de 7906112 à 7907111
bulk : {
  "took" : 79,
  "errors" :  ...
48: 22001 adresses traitées
adresse : bulk pour les ids de 7907112 à 7907590
bulk : {
  "took" : 41,
  "errors" :  ...
dpt 49 : voies
49: 1 voies traitées
voie : bulk pour les ids de 609897 à 610096
bulk : {
  "took" : 12,
  "errors" :  ...
49: 201 voies traitées
voie : bulk pour les ids de 610097 à 610296
bulk : {
  "took" : 13,
  "errors" :  ...
49: 401 voies traitées
voie : bulk pour les ids de 610297 à 610496
bulk : {
  "took" : 29,
  "errors" :  ...
49: 601 voies traitées
voie : bulk pour les ids de 610497 à 610696
bulk : {
  "took" : 13,
  "errors" :  ...
49: 801 voies traitées
voie : bulk pour les ids de 610697 à 610896
bulk : {
  "took" : 12,
  "errors" :  ...
49: 1001 voies traitées
voie : bulk pour les ids de 610897 à 611096
bulk : {
  "took" : 12,
  "errors" :  ...
49: 1201 voies traitées
voie : bulk pour les ids de 611097 à 611296
bulk : {
  "took" : 13,
  "errors" :  ...
49: 1401 voies traitées
voie : bulk pour les ids de 611297 à 611496
bulk : {
  "took" : 13,
  "errors" :  ...
49: 1601 voies traitées
voie : bulk pour les ids de 611497 à 611696
bulk : {
  "took" : 13,
  "errors" :  ...
49: 1801 voies traitées
voie : bulk pour les ids de 611697 à 611896
bulk : {
  "took" : 13,
  "errors" :  ...
49: 2001 voies traitées
voie : bulk pour les ids de 611897 à 612096
bulk : {
  "took" : 13,
  "errors" :  ...
49: 2201 voies traitées
voie : bulk pour les ids de 612097 à 612296
bulk : {
  "took" : 13,
  "errors" :  ...
49: 2401 voies traitées
voie : bulk pour les ids de 612297 à 612496
bulk : {
  "took" : 26,
  "errors" :  ...
49: 2601 voies traitées
voie : bulk pour les ids de 612497 à 612696
bulk : {
  "took" : 13,
  "errors" :  ...
49: 2801 voies traitées
voie : bulk pour les ids de 612697 à 612896
bulk : {
  "took" : 12,
  "errors" :  ...
49: 3001 voies traitées
voie : bulk pour les ids de 612897 à 613096
bulk : {
  "took" : 22,
  "errors" :  ...
49: 3201 voies traitées
voie : bulk pour les ids de 613097 à 613296
bulk : {
  "took" : 15,
  "errors" :  ...
49: 3401 voies traitées
voie : bulk pour les ids de 613297 à 613496
bulk : {
  "took" : 12,
  "errors" :  ...
49: 3601 voies traitées
voie : bulk pour les ids de 613497 à 613696
bulk : {
  "took" : 11,
  "errors" :  ...
49: 3801 voies traitées
voie : bulk pour les ids de 613697 à 613896
bulk : {
  "took" : 13,
  "errors" :  ...
49: 4001 voies traitées
voie : bulk pour les ids de 613897 à 614096
bulk : {
  "took" : 11,
  "errors" :  ...
49: 4201 voies traitées
voie : bulk pour les ids de 614097 à 614296
bulk : {
  "took" : 12,
  "errors" :  ...
49: 4401 voies traitées
voie : bulk pour les ids de 614297 à 614496
bulk : {
  "took" : 30,
  "errors" :  ...
49: 4601 voies traitées
voie : bulk pour les ids de 614497 à 614696
bulk : {
  "took" : 12,
  "errors" :  ...
49: 4801 voies traitées
voie : bulk pour les ids de 614697 à 614896
bulk : {
  "took" : 12,
  "errors" :  ...
49: 5001 voies traitées
voie : bulk pour les ids de 614897 à 615096
bulk : {
  "took" : 12,
  "errors" :  ...
49: 5201 voies traitées
voie : bulk pour les ids de 615097 à 615296
bulk : {
  "took" : 13,
  "errors" :  ...
49: 5401 voies traitées
voie : bulk pour les ids de 615297 à 615496
bulk : {
  "took" : 12,
  "errors" :  ...
49: 5601 voies traitées
voie : bulk pour les ids de 615497 à 615696
bulk : {
  "took" : 12,
  "errors" :  ...
49: 5801 voies traitées
voie : bulk pour les ids de 615697 à 615896
bulk : {
  "took" : 11,
  "errors" :  ...
49: 6001 voies traitées
voie : bulk pour les ids de 615897 à 616096
bulk : {
  "took" : 12,
  "errors" :  ...
49: 6201 voies traitées
voie : bulk pour les ids de 616097 à 616296
bulk : {
  "took" : 12,
  "errors" :  ...
49: 6401 voies traitées
voie : bulk pour les ids de 616297 à 616496
bulk : {
  "took" : 25,
  "errors" :  ...
49: 6601 voies traitées
voie : bulk pour les ids de 616497 à 616696
bulk : {
  "took" : 12,
  "errors" :  ...
49: 6801 voies traitées
voie : bulk pour les ids de 616697 à 616896
bulk : {
  "took" : 30,
  "errors" :  ...
49: 7001 voies traitées
voie : bulk pour les ids de 616897 à 617096
bulk : {
  "took" : 12,
  "errors" :  ...
49: 7201 voies traitées
voie : bulk pour les ids de 617097 à 617296
bulk : {
  "took" : 12,
  "errors" :  ...
49: 7401 voies traitées
voie : bulk pour les ids de 617297 à 617496
bulk : {
  "took" : 12,
  "errors" :  ...
49: 7601 voies traitées
voie : bulk pour les ids de 617497 à 617696
bulk : {
  "took" : 12,
  "errors" :  ...
49: 7801 voies traitées
voie : bulk pour les ids de 617697 à 617896
bulk : {
  "took" : 12,
  "errors" :  ...
49: 8001 voies traitées
voie : bulk pour les ids de 617897 à 618096
bulk : {
  "took" : 12,
  "errors" :  ...
49: 8201 voies traitées
voie : bulk pour les ids de 618097 à 618296
bulk : {
  "took" : 12,
  "errors" :  ...
49: 8401 voies traitées
voie : bulk pour les ids de 618297 à 618496
bulk : {
  "took" : 24,
  "errors" :  ...
49: 8601 voies traitées
voie : bulk pour les ids de 618497 à 618696
bulk : {
  "took" : 11,
  "errors" :  ...
49: 8801 voies traitées
voie : bulk pour les ids de 618697 à 618896
bulk : {
  "took" : 12,
  "errors" :  ...
49: 9001 voies traitées
voie : bulk pour les ids de 618897 à 619096
bulk : {
  "took" : 12,
  "errors" :  ...
49: 9201 voies traitées
voie : bulk pour les ids de 619097 à 619296
bulk : {
  "took" : 12,
  "errors" :  ...
49: 9401 voies traitées
voie : bulk pour les ids de 619297 à 619496
bulk : {
  "took" : 12,
  "errors" :  ...
49: 9601 voies traitées
voie : bulk pour les ids de 619497 à 619696
bulk : {
  "took" : 12,
  "errors" :  ...
49: 9801 voies traitées
voie : bulk pour les ids de 619697 à 619896
bulk : {
  "took" : 12,
  "errors" :  ...
49: 10001 voies traitées
voie : bulk pour les ids de 619897 à 620096
bulk : {
  "took" : 12,
  "errors" :  ...
49: 10201 voies traitées
voie : bulk pour les ids de 620097 à 620296
bulk : {
  "took" : 12,
  "errors" :  ...
49: 10401 voies traitées
voie : bulk pour les ids de 620297 à 620496
bulk : {
  "took" : 26,
  "errors" :  ...
49: 10601 voies traitées
voie : bulk pour les ids de 620497 à 620696
bulk : {
  "took" : 31,
  "errors" :  ...
49: 10801 voies traitées
voie : bulk pour les ids de 620697 à 620896
bulk : {
  "took" : 13,
  "errors" :  ...
49: 11001 voies traitées
voie : bulk pour les ids de 620897 à 621096
bulk : {
  "took" : 12,
  "errors" :  ...
49: 11201 voies traitées
voie : bulk pour les ids de 621097 à 621296
bulk : {
  "took" : 12,
  "errors" :  ...
49: 11401 voies traitées
voie : bulk pour les ids de 621297 à 621496
bulk : {
  "took" : 12,
  "errors" :  ...
49: 11601 voies traitées
voie : bulk pour les ids de 621497 à 621696
bulk : {
  "took" : 12,
  "errors" :  ...
49: 11801 voies traitées
voie : bulk pour les ids de 621697 à 621896
bulk : {
  "took" : 13,
  "errors" :  ...
49: 12001 voies traitées
voie : bulk pour les ids de 621897 à 622096
bulk : {
  "took" : 12,
  "errors" :  ...
49: 12201 voies traitées
voie : bulk pour les ids de 622097 à 622296
bulk : {
  "took" : 12,
  "errors" :  ...
49: 12401 voies traitées
voie : bulk pour les ids de 622297 à 622496
bulk : {
  "took" : 29,
  "errors" :  ...
49: 12601 voies traitées
voie : bulk pour les ids de 622497 à 622696
bulk : {
  "took" : 13,
  "errors" :  ...
49: 12801 voies traitées
voie : bulk pour les ids de 622697 à 622896
bulk : {
  "took" : 13,
  "errors" :  ...
49: 13001 voies traitées
voie : bulk pour les ids de 622897 à 623096
bulk : {
  "took" : 12,
  "errors" :  ...
49: 13201 voies traitées
voie : bulk pour les ids de 623097 à 623296
bulk : {
  "took" : 12,
  "errors" :  ...
49: 13401 voies traitées
voie : bulk pour les ids de 623297 à 623496
bulk : {
  "took" : 12,
  "errors" :  ...
49: 13601 voies traitées
voie : bulk pour les ids de 623497 à 623696
bulk : {
  "took" : 13,
  "errors" :  ...
49: 13801 voies traitées
voie : bulk pour les ids de 623697 à 623896
bulk : {
  "took" : 13,
  "errors" :  ...
49: 14001 voies traitées
voie : bulk pour les ids de 623897 à 624096
bulk : {
  "took" : 12,
  "errors" :  ...
49: 14201 voies traitées
voie : bulk pour les ids de 624097 à 624296
bulk : {
  "took" : 17,
  "errors" :  ...
49: 14401 voies traitées
voie : bulk pour les ids de 624297 à 624496
bulk : {
  "took" : 40,
  "errors" :  ...
49: 14601 voies traitées
voie : bulk pour les ids de 624497 à 624696
bulk : {
  "took" : 13,
  "errors" :  ...
49: 14801 voies traitées
voie : bulk pour les ids de 624697 à 624896
bulk : {
  "took" : 13,
  "errors" :  ...
49: 15001 voies traitées
voie : bulk pour les ids de 624897 à 625096
bulk : {
  "took" : 24,
  "errors" :  ...
49: 15201 voies traitées
voie : bulk pour les ids de 625097 à 625296
bulk : {
  "took" : 16,
  "errors" :  ...
49: 15401 voies traitées
voie : bulk pour les ids de 625297 à 625496
bulk : {
  "took" : 11,
  "errors" :  ...
49: 15601 voies traitées
voie : bulk pour les ids de 625497 à 625696
bulk : {
  "took" : 12,
  "errors" :  ...
49: 15801 voies traitées
voie : bulk pour les ids de 625697 à 625896
bulk : {
  "took" : 24,
  "errors" :  ...
49: 16001 voies traitées
voie : bulk pour les ids de 625897 à 626096
bulk : {
  "took" : 13,
  "errors" :  ...
49: 16201 voies traitées
voie : bulk pour les ids de 626097 à 626296
bulk : {
  "took" : 12,
  "errors" :  ...
49: 16401 voies traitées
voie : bulk pour les ids de 626297 à 626496
bulk : {
  "took" : 13,
  "errors" :  ...
49: 16601 voies traitées
voie : bulk pour les ids de 626497 à 626696
bulk : {
  "took" : 12,
  "errors" :  ...
49: 16801 voies traitées
voie : bulk pour les ids de 626697 à 626896
bulk : {
  "took" : 11,
  "errors" :  ...
49: 17001 voies traitées
voie : bulk pour les ids de 626897 à 627096
bulk : {
  "took" : 12,
  "errors" :  ...
49: 17201 voies traitées
voie : bulk pour les ids de 627097 à 627296
bulk : {
  "took" : 12,
  "errors" :  ...
49: 17401 voies traitées
voie : bulk pour les ids de 627297 à 627496
bulk : {
  "took" : 12,
  "errors" :  ...
49: 17601 voies traitées
voie : bulk pour les ids de 627497 à 627696
bulk : {
  "took" : 12,
  "errors" :  ...
49: 17801 voies traitées
voie : bulk pour les ids de 627697 à 627896
bulk : {
  "took" : 12,
  "errors" :  ...
49: 18001 voies traitées
voie : bulk pour les ids de 627897 à 628096
bulk : {
  "took" : 20,
  "errors" :  ...
49: 18201 voies traitées
voie : bulk pour les ids de 628097 à 628296
bulk : {
  "took" : 16,
  "errors" :  ...
49: 18401 voies traitées
voie : bulk pour les ids de 628297 à 628347
bulk : {
  "took" : 3,
  "errors" : f ...
dpt 49 : adresses
49: 1 adresses traitées
49: 1001 adresses traitées
adresse : bulk pour les ids de 7907591 à 7908590
bulk : {
  "took" : 89,
  "errors" :  ...
49: 2001 adresses traitées
adresse : bulk pour les ids de 7908591 à 7909590
bulk : {
  "took" : 96,
  "errors" :  ...
49: 3001 adresses traitées
adresse : bulk pour les ids de 7909591 à 7910590
bulk : {
  "took" : 68,
  "errors" :  ...
49: 4001 adresses traitées
adresse : bulk pour les ids de 7910591 à 7911590
bulk : {
  "took" : 97,
  "errors" :  ...
49: 5001 adresses traitées
adresse : bulk pour les ids de 7911591 à 7912590
bulk : {
  "took" : 67,
  "errors" :  ...
49: 6001 adresses traitées
adresse : bulk pour les ids de 7912591 à 7913590
bulk : {
  "took" : 76,
  "errors" :  ...
49: 7001 adresses traitées
adresse : bulk pour les ids de 7913591 à 7914590
bulk : {
  "took" : 84,
  "errors" :  ...
49: 8001 adresses traitées
adresse : bulk pour les ids de 7914591 à 7915590
bulk : {
  "took" : 75,
  "errors" :  ...
49: 9001 adresses traitées
adresse : bulk pour les ids de 7915591 à 7916590
bulk : {
  "took" : 80,
  "errors" :  ...
49: 10001 adresses traitées
adresse : bulk pour les ids de 7916591 à 7917590
bulk : {
  "took" : 92,
  "errors" :  ...
49: 11001 adresses traitées
49: 12001 adresses traitées
adresse : bulk pour les ids de 7917591 à 7918590
bulk : {
  "took" : 69,
  "errors" :  ...
49: 13001 adresses traitées
adresse : bulk pour les ids de 7918591 à 7919590
bulk : {
  "took" : 77,
  "errors" :  ...
49: 14001 adresses traitées
adresse : bulk pour les ids de 7919591 à 7920590
bulk : {
  "took" : 86,
  "errors" :  ...
49: 15001 adresses traitées
adresse : bulk pour les ids de 7920591 à 7921590
bulk : {
  "took" : 88,
  "errors" :  ...
49: 16001 adresses traitées
adresse : bulk pour les ids de 7921591 à 7922590
bulk : {
  "took" : 70,
  "errors" :  ...
49: 17001 adresses traitées
adresse : bulk pour les ids de 7922591 à 7923590
bulk : {
  "took" : 90,
  "errors" :  ...
49: 18001 adresses traitées
adresse : bulk pour les ids de 7923591 à 7924590
bulk : {
  "took" : 70,
  "errors" :  ...
49: 19001 adresses traitées
adresse : bulk pour les ids de 7924591 à 7925590
bulk : {
  "took" : 91,
  "errors" :  ...
49: 20001 adresses traitées
adresse : bulk pour les ids de 7925591 à 7926590
bulk : {
  "took" : 71,
  "errors" :  ...
49: 21001 adresses traitées
adresse : bulk pour les ids de 7926591 à 7927590
bulk : {
  "took" : 99,
  "errors" :  ...
49: 22001 adresses traitées
49: 23001 adresses traitées
adresse : bulk pour les ids de 7927591 à 7928590
bulk : {
  "took" : 67,
  "errors" :  ...
49: 24001 adresses traitées
adresse : bulk pour les ids de 7928591 à 7929590
bulk : {
  "took" : 96,
  "errors" :  ...
49: 25001 adresses traitées
adresse : bulk pour les ids de 7929591 à 7930590
bulk : {
  "took" : 85,
  "errors" :  ...
49: 26001 adresses traitées
adresse : bulk pour les ids de 7930591 à 7931590
bulk : {
  "took" : 77,
  "errors" :  ...
49: 27001 adresses traitées
adresse : bulk pour les ids de 7931591 à 7932590
bulk : {
  "took" : 68,
  "errors" :  ...
49: 28001 adresses traitées
adresse : bulk pour les ids de 7932591 à 7933590
bulk : {
  "took" : 93,
  "errors" :  ...
49: 29001 adresses traitées
adresse : bulk pour les ids de 7933591 à 7934590
bulk : {
  "took" : 67,
  "errors" :  ...
49: 30001 adresses traitées
adresse : bulk pour les ids de 7934591 à 7935590
bulk : {
  "took" : 79,
  "errors" :  ...
49: 31001 adresses traitées
adresse : bulk pour les ids de 7935591 à 7936590
bulk : {
  "took" : 70,
  "errors" :  ...
49: 32001 adresses traitées
adresse : bulk pour les ids de 7936591 à 7937590
bulk : {
  "took" : 111,
  "errors" : ...
49: 33001 adresses traitées
adresse : bulk pour les ids de 7937591 à 7938590
bulk : {
  "took" : 68,
  "errors" :  ...
49: 34001 adresses traitées
adresse : bulk pour les ids de 7938591 à 7939590
bulk : {
  "took" : 104,
  "errors" : ...
49: 35001 adresses traitées
49: 36001 adresses traitées
adresse : bulk pour les ids de 7939591 à 7940590
bulk : {
  "took" : 82,
  "errors" :  ...
49: 37001 adresses traitées
adresse : bulk pour les ids de 7940591 à 7941590
bulk : {
  "took" : 85,
  "errors" :  ...
49: 38001 adresses traitées
adresse : bulk pour les ids de 7941591 à 7942590
bulk : {
  "took" : 86,
  "errors" :  ...
49: 39001 adresses traitées
adresse : bulk pour les ids de 7942591 à 7943590
bulk : {
  "took" : 79,
  "errors" :  ...
49: 40001 adresses traitées
adresse : bulk pour les ids de 7943591 à 7944590
bulk : {
  "took" : 87,
  "errors" :  ...
49: 41001 adresses traitées
adresse : bulk pour les ids de 7944591 à 7945590
bulk : {
  "took" : 78,
  "errors" :  ...
49: 42001 adresses traitées
adresse : bulk pour les ids de 7945591 à 7946590
bulk : {
  "took" : 71,
  "errors" :  ...
49: 43001 adresses traitées
adresse : bulk pour les ids de 7946591 à 7947590
bulk : {
  "took" : 85,
  "errors" :  ...
49: 44001 adresses traitées
adresse : bulk pour les ids de 7947591 à 7948590
bulk : {
  "took" : 69,
  "errors" :  ...
49: 45001 adresses traitées
adresse : bulk pour les ids de 7948591 à 7949590
bulk : {
  "took" : 88,
  "errors" :  ...
49: 46001 adresses traitées
adresse : bulk pour les ids de 7949591 à 7950590
bulk : {
  "took" : 71,
  "errors" :  ...
49: 47001 adresses traitées
adresse : bulk pour les ids de 7950591 à 7951590
bulk : {
  "took" : 85,
  "errors" :  ...
49: 48001 adresses traitées
adresse : bulk pour les ids de 7951591 à 7952590
bulk : {
  "took" : 70,
  "errors" :  ...
49: 49001 adresses traitées
adresse : bulk pour les ids de 7952591 à 7953590
bulk : {
  "took" : 90,
  "errors" :  ...
49: 50001 adresses traitées
adresse : bulk pour les ids de 7953591 à 7954590
bulk : {
  "took" : 73,
  "errors" :  ...
49: 51001 adresses traitées
49: 52001 adresses traitées
adresse : bulk pour les ids de 7954591 à 7955590
bulk : {
  "took" : 69,
  "errors" :  ...
49: 53001 adresses traitées
adresse : bulk pour les ids de 7955591 à 7956590
bulk : {
  "took" : 83,
  "errors" :  ...
49: 54001 adresses traitées
adresse : bulk pour les ids de 7956591 à 7957590
bulk : {
  "took" : 70,
  "errors" :  ...
49: 55001 adresses traitées
adresse : bulk pour les ids de 7957591 à 7958590
bulk : {
  "took" : 85,
  "errors" :  ...
49: 56001 adresses traitées
adresse : bulk pour les ids de 7958591 à 7959590
bulk : {
  "took" : 69,
  "errors" :  ...
49: 57001 adresses traitées
adresse : bulk pour les ids de 7959591 à 7960590
bulk : {
  "took" : 83,
  "errors" :  ...
49: 58001 adresses traitées
adresse : bulk pour les ids de 7960591 à 7961590
bulk : {
  "took" : 65,
  "errors" :  ...
49: 59001 adresses traitées
adresse : bulk pour les ids de 7961591 à 7962590
bulk : {
  "took" : 82,
  "errors" :  ...
49: 60001 adresses traitées
adresse : bulk pour les ids de 7962591 à 7963590
bulk : {
  "took" : 68,
  "errors" :  ...
49: 61001 adresses traitées
adresse : bulk pour les ids de 7963591 à 7964590
bulk : {
  "took" : 82,
  "errors" :  ...
49: 62001 adresses traitées
adresse : bulk pour les ids de 7964591 à 7965590
bulk : {
  "took" : 67,
  "errors" :  ...
49: 63001 adresses traitées
adresse : bulk pour les ids de 7965591 à 7966590
bulk : {
  "took" : 82,
  "errors" :  ...
49: 64001 adresses traitées
adresse : bulk pour les ids de 7966591 à 7967590
bulk : {
  "took" : 66,
  "errors" :  ...
49: 65001 adresses traitées
adresse : bulk pour les ids de 7967591 à 7968590
bulk : {
  "took" : 83,
  "errors" :  ...
49: 66001 adresses traitées
adresse : bulk pour les ids de 7968591 à 7969590
bulk : {
  "took" : 68,
  "errors" :  ...
49: 67001 adresses traitées
adresse : bulk pour les ids de 7969591 à 7970590
bulk : {
  "took" : 103,
  "errors" : ...
49: 68001 adresses traitées
adresse : bulk pour les ids de 7970591 à 7971590
bulk : {
  "took" : 80,
  "errors" :  ...
49: 69001 adresses traitées
adresse : bulk pour les ids de 7971591 à 7972590
bulk : {
  "took" : 71,
  "errors" :  ...
49: 70001 adresses traitées
adresse : bulk pour les ids de 7972591 à 7973590
bulk : {
  "took" : 82,
  "errors" :  ...
49: 71001 adresses traitées
adresse : bulk pour les ids de 7973591 à 7974590
bulk : {
  "took" : 68,
  "errors" :  ...
49: 72001 adresses traitées
adresse : bulk pour les ids de 7974591 à 7975590
bulk : {
  "took" : 81,
  "errors" :  ...
49: 73001 adresses traitées
adresse : bulk pour les ids de 7975591 à 7976590
bulk : {
  "took" : 68,
  "errors" :  ...
49: 74001 adresses traitées
adresse : bulk pour les ids de 7976591 à 7977590
bulk : {
  "took" : 84,
  "errors" :  ...
49: 75001 adresses traitées
adresse : bulk pour les ids de 7977591 à 7978590
bulk : {
  "took" : 70,
  "errors" :  ...
49: 76001 adresses traitées
adresse : bulk pour les ids de 7978591 à 7979590
bulk : {
  "took" : 81,
  "errors" :  ...
49: 77001 adresses traitées
adresse : bulk pour les ids de 7979591 à 7980590
bulk : {
  "took" : 69,
  "errors" :  ...
49: 78001 adresses traitées
adresse : bulk pour les ids de 7980591 à 7981590
bulk : {
  "took" : 82,
  "errors" :  ...
49: 79001 adresses traitées
adresse : bulk pour les ids de 7981591 à 7982590
bulk : {
  "took" : 71,
  "errors" :  ...
49: 80001 adresses traitées
adresse : bulk pour les ids de 7982591 à 7983590
bulk : {
  "took" : 88,
  "errors" :  ...
49: 81001 adresses traitées
adresse : bulk pour les ids de 7983591 à 7984590
bulk : {
  "took" : 68,
  "errors" :  ...
49: 82001 adresses traitées
adresse : bulk pour les ids de 7984591 à 7985590
bulk : {
  "took" : 86,
  "errors" :  ...
49: 83001 adresses traitées
adresse : bulk pour les ids de 7985591 à 7986590
bulk : {
  "took" : 68,
  "errors" :  ...
49: 84001 adresses traitées
adresse : bulk pour les ids de 7986591 à 7987590
bulk : {
  "took" : 84,
  "errors" :  ...
49: 85001 adresses traitées
adresse : bulk pour les ids de 7987591 à 7988590
bulk : {
  "took" : 68,
  "errors" :  ...
49: 86001 adresses traitées
adresse : bulk pour les ids de 7988591 à 7989590
bulk : {
  "took" : 87,
  "errors" :  ...
49: 87001 adresses traitées
adresse : bulk pour les ids de 7989591 à 7990590
bulk : {
  "took" : 67,
  "errors" :  ...
49: 88001 adresses traitées
adresse : bulk pour les ids de 7990591 à 7991590
bulk : {
  "took" : 82,
  "errors" :  ...
49: 89001 adresses traitées
49: 90001 adresses traitées
adresse : bulk pour les ids de 7991591 à 7992590
bulk : {
  "took" : 68,
  "errors" :  ...
49: 91001 adresses traitées
adresse : bulk pour les ids de 7992591 à 7993590
bulk : {
  "took" : 83,
  "errors" :  ...
49: 92001 adresses traitées
adresse : bulk pour les ids de 7993591 à 7994590
bulk : {
  "took" : 68,
  "errors" :  ...
49: 93001 adresses traitées
adresse : bulk pour les ids de 7994591 à 7995590
bulk : {
  "took" : 82,
  "errors" :  ...
49: 94001 adresses traitées
adresse : bulk pour les ids de 7995591 à 7996590
bulk : {
  "took" : 67,
  "errors" :  ...
49: 95001 adresses traitées
adresse : bulk pour les ids de 7996591 à 7997590
bulk : {
  "took" : 84,
  "errors" :  ...
49: 96001 adresses traitées
adresse : bulk pour les ids de 7997591 à 7998590
bulk : {
  "took" : 68,
  "errors" :  ...
49: 97001 adresses traitées
adresse : bulk pour les ids de 7998591 à 7999590
bulk : {
  "took" : 68,
  "errors" :  ...
49: 98001 adresses traitées
adresse : bulk pour les ids de 7999591 à 8000590
bulk : {
  "took" : 84,
  "errors" :  ...
49: 99001 adresses traitées
adresse : bulk pour les ids de 8000591 à 8001590
bulk : {
  "took" : 70,
  "errors" :  ...
49: 100001 adresses traitées
adresse : bulk pour les ids de 8001591 à 8002590
bulk : {
  "took" : 81,
  "errors" :  ...
49: 101001 adresses traitées
adresse : bulk pour les ids de 8002591 à 8003590
bulk : {
  "took" : 69,
  "errors" :  ...
49: 102001 adresses traitées
adresse : bulk pour les ids de 8003591 à 8004590
bulk : {
  "took" : 82,
  "errors" :  ...
49: 103001 adresses traitées
adresse : bulk pour les ids de 8004591 à 8005590
bulk : {
  "took" : 80,
  "errors" :  ...
49: 104001 adresses traitées
adresse : bulk pour les ids de 8005591 à 8006590
bulk : {
  "took" : 85,
  "errors" :  ...
49: 105001 adresses traitées
adresse : bulk pour les ids de 8006591 à 8007590
bulk : {
  "took" : 74,
  "errors" :  ...
49: 106001 adresses traitées
adresse : bulk pour les ids de 8007591 à 8008590
bulk : {
  "took" : 90,
  "errors" :  ...
49: 107001 adresses traitées
adresse : bulk pour les ids de 8008591 à 8009590
bulk : {
  "took" : 72,
  "errors" :  ...
49: 108001 adresses traitées
adresse : bulk pour les ids de 8009591 à 8010590
bulk : {
  "took" : 93,
  "errors" :  ...
49: 109001 adresses traitées
adresse : bulk pour les ids de 8010591 à 8011590
bulk : {
  "took" : 72,
  "errors" :  ...
49: 110001 adresses traitées
adresse : bulk pour les ids de 8011591 à 8012590
bulk : {
  "took" : 84,
  "errors" :  ...
49: 111001 adresses traitées
adresse : bulk pour les ids de 8012591 à 8013590
bulk : {
  "took" : 71,
  "errors" :  ...
49: 112001 adresses traitées
adresse : bulk pour les ids de 8013591 à 8014590
bulk : {
  "took" : 85,
  "errors" :  ...
49: 113001 adresses traitées
adresse : bulk pour les ids de 8014591 à 8015590
bulk : {
  "took" : 71,
  "errors" :  ...
49: 114001 adresses traitées
adresse : bulk pour les ids de 8015591 à 8016590
bulk : {
  "took" : 89,
  "errors" :  ...
49: 115001 adresses traitées
49: 116001 adresses traitées
adresse : bulk pour les ids de 8016591 à 8017590
bulk : {
  "took" : 75,
  "errors" :  ...
49: 117001 adresses traitées
adresse : bulk pour les ids de 8017591 à 8018590
bulk : {
  "took" : 85,
  "errors" :  ...
49: 118001 adresses traitées
adresse : bulk pour les ids de 8018591 à 8019590
bulk : {
  "took" : 72,
  "errors" :  ...
49: 119001 adresses traitées
adresse : bulk pour les ids de 8019591 à 8020590
bulk : {
  "took" : 85,
  "errors" :  ...
49: 120001 adresses traitées
adresse : bulk pour les ids de 8020591 à 8021590
bulk : {
  "took" : 86,
  "errors" :  ...
49: 121001 adresses traitées
adresse : bulk pour les ids de 8021591 à 8022590
bulk : {
  "took" : 69,
  "errors" :  ...
49: 122001 adresses traitées
adresse : bulk pour les ids de 8022591 à 8023590
bulk : {
  "took" : 87,
  "errors" :  ...
49: 123001 adresses traitées
adresse : bulk pour les ids de 8023591 à 8024590
bulk : {
  "took" : 70,
  "errors" :  ...
49: 124001 adresses traitées
adresse : bulk pour les ids de 8024591 à 8025590
bulk : {
  "took" : 83,
  "errors" :  ...
49: 125001 adresses traitées
adresse : bulk pour les ids de 8025591 à 8026590
bulk : {
  "took" : 70,
  "errors" :  ...
49: 126001 adresses traitées
49: 127001 adresses traitées
adresse : bulk pour les ids de 8026591 à 8027590
bulk : {
  "took" : 91,
  "errors" :  ...
49: 128001 adresses traitées
adresse : bulk pour les ids de 8027591 à 8028590
bulk : {
  "took" : 69,
  "errors" :  ...
49: 129001 adresses traitées
adresse : bulk pour les ids de 8028591 à 8029590
bulk : {
  "took" : 92,
  "errors" :  ...
49: 130001 adresses traitées
adresse : bulk pour les ids de 8029591 à 8030590
bulk : {
  "took" : 70,
  "errors" :  ...
49: 131001 adresses traitées
adresse : bulk pour les ids de 8030591 à 8031590
bulk : {
  "took" : 87,
  "errors" :  ...
49: 132001 adresses traitées
adresse : bulk pour les ids de 8031591 à 8032590
bulk : {
  "took" : 71,
  "errors" :  ...
49: 133001 adresses traitées
adresse : bulk pour les ids de 8032591 à 8033590
bulk : {
  "took" : 89,
  "errors" :  ...
49: 134001 adresses traitées
49: 135001 adresses traitées
adresse : bulk pour les ids de 8033591 à 8034590
bulk : {
  "took" : 69,
  "errors" :  ...
49: 136001 adresses traitées
adresse : bulk pour les ids de 8034591 à 8035590
bulk : {
  "took" : 91,
  "errors" :  ...
49: 137001 adresses traitées
adresse : bulk pour les ids de 8035591 à 8036590
bulk : {
  "took" : 70,
  "errors" :  ...
49: 138001 adresses traitées
adresse : bulk pour les ids de 8036591 à 8037590
bulk : {
  "took" : 87,
  "errors" :  ...
49: 139001 adresses traitées
adresse : bulk pour les ids de 8037591 à 8038590
bulk : {
  "took" : 68,
  "errors" :  ...
49: 140001 adresses traitées
adresse : bulk pour les ids de 8038591 à 8039590
bulk : {
  "took" : 88,
  "errors" :  ...
49: 141001 adresses traitées
adresse : bulk pour les ids de 8039591 à 8040590
bulk : {
  "took" : 70,
  "errors" :  ...
49: 142001 adresses traitées
adresse : bulk pour les ids de 8040591 à 8041590
bulk : {
  "took" : 85,
  "errors" :  ...
49: 143001 adresses traitées
49: 144001 adresses traitées
adresse : bulk pour les ids de 8041591 à 8042590
bulk : {
  "took" : 70,
  "errors" :  ...
49: 145001 adresses traitées
adresse : bulk pour les ids de 8042591 à 8043590
bulk : {
  "took" : 86,
  "errors" :  ...
49: 146001 adresses traitées
adresse : bulk pour les ids de 8043591 à 8044590
bulk : {
  "took" : 71,
  "errors" :  ...
49: 147001 adresses traitées
adresse : bulk pour les ids de 8044591 à 8045590
bulk : {
  "took" : 85,
  "errors" :  ...
49: 148001 adresses traitées
adresse : bulk pour les ids de 8045591 à 8046590
bulk : {
  "took" : 87,
  "errors" :  ...
49: 149001 adresses traitées
adresse : bulk pour les ids de 8046591 à 8047590
bulk : {
  "took" : 72,
  "errors" :  ...
49: 150001 adresses traitées
adresse : bulk pour les ids de 8047591 à 8048590
bulk : {
  "took" : 86,
  "errors" :  ...
49: 151001 adresses traitées
49: 152001 adresses traitées
adresse : bulk pour les ids de 8048591 à 8049590
bulk : {
  "took" : 75,
  "errors" :  ...
49: 153001 adresses traitées
adresse : bulk pour les ids de 8049591 à 8050590
bulk : {
  "took" : 91,
  "errors" :  ...
49: 154001 adresses traitées
adresse : bulk pour les ids de 8050591 à 8051590
bulk : {
  "took" : 70,
  "errors" :  ...
49: 155001 adresses traitées
adresse : bulk pour les ids de 8051591 à 8052590
bulk : {
  "took" : 86,
  "errors" :  ...
49: 156001 adresses traitées
adresse : bulk pour les ids de 8052591 à 8053590
bulk : {
  "took" : 71,
  "errors" :  ...
49: 157001 adresses traitées
adresse : bulk pour les ids de 8053591 à 8054590
bulk : {
  "took" : 87,
  "errors" :  ...
49: 158001 adresses traitées
49: 159001 adresses traitées
adresse : bulk pour les ids de 8054591 à 8055590
bulk : {
  "took" : 71,
  "errors" :  ...
49: 160001 adresses traitées
adresse : bulk pour les ids de 8055591 à 8056590
bulk : {
  "took" : 85,
  "errors" :  ...
49: 161001 adresses traitées
adresse : bulk pour les ids de 8056591 à 8057590
bulk : {
  "took" : 70,
  "errors" :  ...
49: 162001 adresses traitées
adresse : bulk pour les ids de 8057591 à 8058590
bulk : {
  "took" : 86,
  "errors" :  ...
49: 163001 adresses traitées
adresse : bulk pour les ids de 8058591 à 8059590
bulk : {
  "took" : 70,
  "errors" :  ...
49: 164001 adresses traitées
adresse : bulk pour les ids de 8059591 à 8060590
bulk : {
  "took" : 82,
  "errors" :  ...
49: 165001 adresses traitées
adresse : bulk pour les ids de 8060591 à 8061590
bulk : {
  "took" : 69,
  "errors" :  ...
49: 166001 adresses traitées
adresse : bulk pour les ids de 8061591 à 8062590
bulk : {
  "took" : 89,
  "errors" :  ...
49: 167001 adresses traitées
adresse : bulk pour les ids de 8062591 à 8063590
bulk : {
  "took" : 70,
  "errors" :  ...
49: 168001 adresses traitées
49: 169001 adresses traitées
adresse : bulk pour les ids de 8063591 à 8064590
bulk : {
  "took" : 90,
  "errors" :  ...
49: 170001 adresses traitées
adresse : bulk pour les ids de 8064591 à 8065590
bulk : {
  "took" : 69,
  "errors" :  ...
49: 171001 adresses traitées
adresse : bulk pour les ids de 8065591 à 8066590
bulk : {
  "took" : 83,
  "errors" :  ...
49: 172001 adresses traitées
adresse : bulk pour les ids de 8066591 à 8067590
bulk : {
  "took" : 82,
  "errors" :  ...
49: 173001 adresses traitées
adresse : bulk pour les ids de 8067591 à 8068590
bulk : {
  "took" : 81,
  "errors" :  ...
49: 174001 adresses traitées
adresse : bulk pour les ids de 8068591 à 8069590
bulk : {
  "took" : 68,
  "errors" :  ...
49: 175001 adresses traitées
adresse : bulk pour les ids de 8069591 à 8070590
bulk : {
  "took" : 88,
  "errors" :  ...
49: 176001 adresses traitées
adresse : bulk pour les ids de 8070591 à 8071590
bulk : {
  "took" : 69,
  "errors" :  ...
49: 177001 adresses traitées
adresse : bulk pour les ids de 8071591 à 8072590
bulk : {
  "took" : 67,
  "errors" :  ...
49: 178001 adresses traitées
adresse : bulk pour les ids de 8072591 à 8073590
bulk : {
  "took" : 86,
  "errors" :  ...
49: 179001 adresses traitées
adresse : bulk pour les ids de 8073591 à 8074590
bulk : {
  "took" : 69,
  "errors" :  ...
49: 180001 adresses traitées
adresse : bulk pour les ids de 8074591 à 8075590
bulk : {
  "took" : 83,
  "errors" :  ...
49: 181001 adresses traitées
adresse : bulk pour les ids de 8075591 à 8076590
bulk : {
  "took" : 69,
  "errors" :  ...
49: 182001 adresses traitées
adresse : bulk pour les ids de 8076591 à 8077590
bulk : {
  "took" : 87,
  "errors" :  ...
49: 183001 adresses traitées
49: 184001 adresses traitées
adresse : bulk pour les ids de 8077591 à 8078590
bulk : {
  "took" : 72,
  "errors" :  ...
49: 185001 adresses traitées
adresse : bulk pour les ids de 8078591 à 8079590
bulk : {
  "took" : 84,
  "errors" :  ...
49: 186001 adresses traitées
adresse : bulk pour les ids de 8079591 à 8080590
bulk : {
  "took" : 69,
  "errors" :  ...
49: 187001 adresses traitées
adresse : bulk pour les ids de 8080591 à 8081590
bulk : {
  "took" : 87,
  "errors" :  ...
49: 188001 adresses traitées
adresse : bulk pour les ids de 8081591 à 8082590
bulk : {
  "took" : 70,
  "errors" :  ...
49: 189001 adresses traitées
adresse : bulk pour les ids de 8082591 à 8083590
bulk : {
  "took" : 87,
  "errors" :  ...
49: 190001 adresses traitées
adresse : bulk pour les ids de 8083591 à 8084590
bulk : {
  "took" : 69,
  "errors" :  ...
49: 191001 adresses traitées
adresse : bulk pour les ids de 8084591 à 8085590
bulk : {
  "took" : 84,
  "errors" :  ...
49: 192001 adresses traitées
adresse : bulk pour les ids de 8085591 à 8086590
bulk : {
  "took" : 71,
  "errors" :  ...
49: 193001 adresses traitées
adresse : bulk pour les ids de 8086591 à 8087590
bulk : {
  "took" : 89,
  "errors" :  ...
49: 194001 adresses traitées
49: 195001 adresses traitées
adresse : bulk pour les ids de 8087591 à 8088590
bulk : {
  "took" : 71,
  "errors" :  ...
49: 196001 adresses traitées
adresse : bulk pour les ids de 8088591 à 8089590
bulk : {
  "took" : 85,
  "errors" :  ...
49: 197001 adresses traitées
adresse : bulk pour les ids de 8089591 à 8090590
bulk : {
  "took" : 70,
  "errors" :  ...
49: 198001 adresses traitées
adresse : bulk pour les ids de 8090591 à 8091590
bulk : {
  "took" : 88,
  "errors" :  ...
49: 199001 adresses traitées
adresse : bulk pour les ids de 8091591 à 8092590
bulk : {
  "took" : 70,
  "errors" :  ...
49: 200001 adresses traitées
adresse : bulk pour les ids de 8092591 à 8093590
bulk : {
  "took" : 86,
  "errors" :  ...
49: 201001 adresses traitées
adresse : bulk pour les ids de 8093591 à 8094590
bulk : {
  "took" : 78,
  "errors" :  ...
49: 202001 adresses traitées
adresse : bulk pour les ids de 8094591 à 8095590
bulk : {
  "took" : 87,
  "errors" :  ...
49: 203001 adresses traitées
adresse : bulk pour les ids de 8095591 à 8096590
bulk : {
  "took" : 71,
  "errors" :  ...
49: 204001 adresses traitées
adresse : bulk pour les ids de 8096591 à 8097590
bulk : {
  "took" : 84,
  "errors" :  ...
49: 205001 adresses traitées
adresse : bulk pour les ids de 8097591 à 8098590
bulk : {
  "took" : 80,
  "errors" :  ...
49: 206001 adresses traitées
49: 207001 adresses traitées
adresse : bulk pour les ids de 8098591 à 8099590
bulk : {
  "took" : 88,
  "errors" :  ...
49: 208001 adresses traitées
adresse : bulk pour les ids de 8099591 à 8100590
bulk : {
  "took" : 88,
  "errors" :  ...
49: 209001 adresses traitées
adresse : bulk pour les ids de 8100591 à 8101590
bulk : {
  "took" : 72,
  "errors" :  ...
49: 210001 adresses traitées
adresse : bulk pour les ids de 8101591 à 8102590
bulk : {
  "took" : 84,
  "errors" :  ...
49: 211001 adresses traitées
adresse : bulk pour les ids de 8102591 à 8103590
bulk : {
  "took" : 71,
  "errors" :  ...
49: 212001 adresses traitées
adresse : bulk pour les ids de 8103591 à 8104590
bulk : {
  "took" : 86,
  "errors" :  ...
49: 213001 adresses traitées
adresse : bulk pour les ids de 8104591 à 8105590
bulk : {
  "took" : 77,
  "errors" :  ...
49: 214001 adresses traitées
adresse : bulk pour les ids de 8105591 à 8106590
bulk : {
  "took" : 87,
  "errors" :  ...
49: 215001 adresses traitées
adresse : bulk pour les ids de 8106591 à 8107590
bulk : {
  "took" : 73,
  "errors" :  ...
49: 216001 adresses traitées
adresse : bulk pour les ids de 8107591 à 8108590
bulk : {
  "took" : 84,
  "errors" :  ...
49: 217001 adresses traitées
adresse : bulk pour les ids de 8108591 à 8109590
bulk : {
  "took" : 72,
  "errors" :  ...
49: 218001 adresses traitées
49: 219001 adresses traitées
adresse : bulk pour les ids de 8109591 à 8110590
bulk : {
  "took" : 86,
  "errors" :  ...
49: 220001 adresses traitées
adresse : bulk pour les ids de 8110591 à 8111590
bulk : {
  "took" : 69,
  "errors" :  ...
49: 221001 adresses traitées
adresse : bulk pour les ids de 8111591 à 8112590
bulk : {
  "took" : 84,
  "errors" :  ...
49: 222001 adresses traitées
adresse : bulk pour les ids de 8112591 à 8113590
bulk : {
  "took" : 71,
  "errors" :  ...
49: 223001 adresses traitées
adresse : bulk pour les ids de 8113591 à 8114590
bulk : {
  "took" : 88,
  "errors" :  ...
49: 224001 adresses traitées
adresse : bulk pour les ids de 8114591 à 8115590
bulk : {
  "took" : 72,
  "errors" :  ...
49: 225001 adresses traitées
adresse : bulk pour les ids de 8115591 à 8116590
bulk : {
  "took" : 85,
  "errors" :  ...
49: 226001 adresses traitées
adresse : bulk pour les ids de 8116591 à 8117590
bulk : {
  "took" : 71,
  "errors" :  ...
49: 227001 adresses traitées
adresse : bulk pour les ids de 8117591 à 8118590
bulk : {
  "took" : 84,
  "errors" :  ...
49: 228001 adresses traitées
49: 229001 adresses traitées
adresse : bulk pour les ids de 8118591 à 8119590
bulk : {
  "took" : 70,
  "errors" :  ...
49: 230001 adresses traitées
adresse : bulk pour les ids de 8119591 à 8120590
bulk : {
  "took" : 87,
  "errors" :  ...
49: 231001 adresses traitées
adresse : bulk pour les ids de 8120591 à 8121590
bulk : {
  "took" : 68,
  "errors" :  ...
49: 232001 adresses traitées
adresse : bulk pour les ids de 8121591 à 8122590
bulk : {
  "took" : 82,
  "errors" :  ...
49: 233001 adresses traitées
adresse : bulk pour les ids de 8122591 à 8123590
bulk : {
  "took" : 68,
  "errors" :  ...
49: 234001 adresses traitées
adresse : bulk pour les ids de 8123591 à 8124590
bulk : {
  "took" : 68,
  "errors" :  ...
49: 235001 adresses traitées
adresse : bulk pour les ids de 8124591 à 8125590
bulk : {
  "took" : 84,
  "errors" :  ...
49: 236001 adresses traitées
adresse : bulk pour les ids de 8125591 à 8126590
bulk : {
  "took" : 67,
  "errors" :  ...
49: 237001 adresses traitées
adresse : bulk pour les ids de 8126591 à 8127590
bulk : {
  "took" : 83,
  "errors" :  ...
49: 238001 adresses traitées
adresse : bulk pour les ids de 8127591 à 8128590
bulk : {
  "took" : 68,
  "errors" :  ...
49: 239001 adresses traitées
adresse : bulk pour les ids de 8128591 à 8129590
bulk : {
  "took" : 85,
  "errors" :  ...
49: 240001 adresses traitées
adresse : bulk pour les ids de 8129591 à 8130590
bulk : {
  "took" : 69,
  "errors" :  ...
49: 241001 adresses traitées
adresse : bulk pour les ids de 8130591 à 8131590
bulk : {
  "took" : 88,
  "errors" :  ...
49: 242001 adresses traitées
adresse : bulk pour les ids de 8131591 à 8132590
bulk : {
  "took" : 69,
  "errors" :  ...
49: 243001 adresses traitées
adresse : bulk pour les ids de 8132591 à 8133590
bulk : {
  "took" : 87,
  "errors" :  ...
49: 244001 adresses traitées
adresse : bulk pour les ids de 8133591 à 8134590
bulk : {
  "took" : 70,
  "errors" :  ...
49: 245001 adresses traitées
adresse : bulk pour les ids de 8134591 à 8135590
bulk : {
  "took" : 82,
  "errors" :  ...
49: 246001 adresses traitées
adresse : bulk pour les ids de 8135591 à 8136590
bulk : {
  "took" : 69,
  "errors" :  ...
49: 247001 adresses traitées
adresse : bulk pour les ids de 8136591 à 8137590
bulk : {
  "took" : 82,
  "errors" :  ...
49: 248001 adresses traitées
adresse : bulk pour les ids de 8137591 à 8138590
bulk : {
  "took" : 68,
  "errors" :  ...
49: 249001 adresses traitées
adresse : bulk pour les ids de 8138591 à 8139590
bulk : {
  "took" : 83,
  "errors" :  ...
49: 250001 adresses traitées
adresse : bulk pour les ids de 8139591 à 8140590
bulk : {
  "took" : 68,
  "errors" :  ...
49: 251001 adresses traitées
adresse : bulk pour les ids de 8140591 à 8141590
bulk : {
  "took" : 90,
  "errors" :  ...
49: 252001 adresses traitées
49: 253001 adresses traitées
adresse : bulk pour les ids de 8141591 à 8142590
bulk : {
  "took" : 69,
  "errors" :  ...
49: 254001 adresses traitées
adresse : bulk pour les ids de 8142591 à 8143590
bulk : {
  "took" : 84,
  "errors" :  ...
49: 255001 adresses traitées
adresse : bulk pour les ids de 8143591 à 8144590
bulk : {
  "took" : 70,
  "errors" :  ...
49: 256001 adresses traitées
adresse : bulk pour les ids de 8144591 à 8145590
bulk : {
  "took" : 90,
  "errors" :  ...
49: 257001 adresses traitées
adresse : bulk pour les ids de 8145591 à 8146590
bulk : {
  "took" : 71,
  "errors" :  ...
49: 258001 adresses traitées
adresse : bulk pour les ids de 8146591 à 8147590
bulk : {
  "took" : 89,
  "errors" :  ...
49: 259001 adresses traitées
adresse : bulk pour les ids de 8147591 à 8148590
bulk : {
  "took" : 73,
  "errors" :  ...
49: 260001 adresses traitées
adresse : bulk pour les ids de 8148591 à 8149590
bulk : {
  "took" : 87,
  "errors" :  ...
49: 261001 adresses traitées
adresse : bulk pour les ids de 8149591 à 8150590
bulk : {
  "took" : 71,
  "errors" :  ...
49: 262001 adresses traitées
adresse : bulk pour les ids de 8150591 à 8151590
bulk : {
  "took" : 87,
  "errors" :  ...
49: 263001 adresses traitées
adresse : bulk pour les ids de 8151591 à 8152590
bulk : {
  "took" : 72,
  "errors" :  ...
49: 264001 adresses traitées
adresse : bulk pour les ids de 8152591 à 8153590
bulk : {
  "took" : 89,
  "errors" :  ...
49: 265001 adresses traitées
adresse : bulk pour les ids de 8153591 à 8154590
bulk : {
  "took" : 70,
  "errors" :  ...
49: 266001 adresses traitées
49: 267001 adresses traitées
adresse : bulk pour les ids de 8154591 à 8155590
bulk : {
  "took" : 71,
  "errors" :  ...
adresse : bulk pour les ids de 8155591 à 8156436
bulk : {
  "took" : 60,
  "errors" :  ...
dpt 50 : voies
50: 1 voies traitées
voie : bulk pour les ids de 628348 à 628547
bulk : {
  "took" : 31,
  "errors" :  ...
50: 201 voies traitées
voie : bulk pour les ids de 628548 à 628747
bulk : {
  "took" : 12,
  "errors" :  ...
50: 401 voies traitées
voie : bulk pour les ids de 628748 à 628947
bulk : {
  "took" : 12,
  "errors" :  ...
50: 601 voies traitées
voie : bulk pour les ids de 628948 à 629147
bulk : {
  "took" : 13,
  "errors" :  ...
50: 801 voies traitées
voie : bulk pour les ids de 629148 à 629347
bulk : {
  "took" : 11,
  "errors" :  ...
50: 1001 voies traitées
voie : bulk pour les ids de 629348 à 629547
bulk : {
  "took" : 12,
  "errors" :  ...
50: 1201 voies traitées
voie : bulk pour les ids de 629548 à 629747
bulk : {
  "took" : 13,
  "errors" :  ...
50: 1401 voies traitées
voie : bulk pour les ids de 629748 à 629947
bulk : {
  "took" : 12,
  "errors" :  ...
50: 1601 voies traitées
voie : bulk pour les ids de 629948 à 630147
bulk : {
  "took" : 12,
  "errors" :  ...
50: 1801 voies traitées
voie : bulk pour les ids de 630148 à 630347
bulk : {
  "took" : 25,
  "errors" :  ...
50: 2001 voies traitées
voie : bulk pour les ids de 630348 à 630547
bulk : {
  "took" : 12,
  "errors" :  ...
50: 2201 voies traitées
voie : bulk pour les ids de 630548 à 630747
bulk : {
  "took" : 12,
  "errors" :  ...
50: 2401 voies traitées
voie : bulk pour les ids de 630748 à 630947
bulk : {
  "took" : 12,
  "errors" :  ...
50: 2601 voies traitées
voie : bulk pour les ids de 630948 à 631147
bulk : {
  "took" : 12,
  "errors" :  ...
50: 2801 voies traitées
voie : bulk pour les ids de 631148 à 631347
bulk : {
  "took" : 12,
  "errors" :  ...
50: 3001 voies traitées
voie : bulk pour les ids de 631348 à 631547
bulk : {
  "took" : 13,
  "errors" :  ...
50: 3201 voies traitées
voie : bulk pour les ids de 631548 à 631747
bulk : {
  "took" : 13,
  "errors" :  ...
50: 3401 voies traitées
voie : bulk pour les ids de 631748 à 631947
bulk : {
  "took" : 12,
  "errors" :  ...
50: 3601 voies traitées
voie : bulk pour les ids de 631948 à 632147
bulk : {
  "took" : 41,
  "errors" :  ...
50: 3801 voies traitées
voie : bulk pour les ids de 632148 à 632347
bulk : {
  "took" : 12,
  "errors" :  ...
50: 4001 voies traitées
voie : bulk pour les ids de 632348 à 632547
bulk : {
  "took" : 11,
  "errors" :  ...
50: 4201 voies traitées
voie : bulk pour les ids de 632548 à 632747
bulk : {
  "took" : 12,
  "errors" :  ...
50: 4401 voies traitées
voie : bulk pour les ids de 632748 à 632947
bulk : {
  "took" : 13,
  "errors" :  ...
50: 4601 voies traitées
voie : bulk pour les ids de 632948 à 633147
bulk : {
  "took" : 11,
  "errors" :  ...
50: 4801 voies traitées
voie : bulk pour les ids de 633148 à 633347
bulk : {
  "took" : 12,
  "errors" :  ...
50: 5001 voies traitées
voie : bulk pour les ids de 633348 à 633547
bulk : {
  "took" : 13,
  "errors" :  ...
50: 5201 voies traitées
voie : bulk pour les ids de 633548 à 633747
bulk : {
  "took" : 12,
  "errors" :  ...
50: 5401 voies traitées
voie : bulk pour les ids de 633748 à 633947
bulk : {
  "took" : 24,
  "errors" :  ...
50: 5601 voies traitées
voie : bulk pour les ids de 633948 à 634147
bulk : {
  "took" : 12,
  "errors" :  ...
50: 5801 voies traitées
voie : bulk pour les ids de 634148 à 634347
bulk : {
  "took" : 11,
  "errors" :  ...
50: 6001 voies traitées
voie : bulk pour les ids de 634348 à 634547
bulk : {
  "took" : 12,
  "errors" :  ...
50: 6201 voies traitées
voie : bulk pour les ids de 634548 à 634747
bulk : {
  "took" : 12,
  "errors" :  ...
50: 6401 voies traitées
voie : bulk pour les ids de 634748 à 634947
bulk : {
  "took" : 12,
  "errors" :  ...
50: 6601 voies traitées
voie : bulk pour les ids de 634948 à 635147
bulk : {
  "took" : 12,
  "errors" :  ...
50: 6801 voies traitées
voie : bulk pour les ids de 635148 à 635347
bulk : {
  "took" : 12,
  "errors" :  ...
50: 7001 voies traitées
voie : bulk pour les ids de 635348 à 635547
bulk : {
  "took" : 12,
  "errors" :  ...
50: 7201 voies traitées
voie : bulk pour les ids de 635548 à 635747
bulk : {
  "took" : 15,
  "errors" :  ...
50: 7401 voies traitées
voie : bulk pour les ids de 635748 à 635947
bulk : {
  "took" : 26,
  "errors" :  ...
50: 7601 voies traitées
voie : bulk pour les ids de 635948 à 636147
bulk : {
  "took" : 12,
  "errors" :  ...
50: 7801 voies traitées
voie : bulk pour les ids de 636148 à 636347
bulk : {
  "took" : 13,
  "errors" :  ...
50: 8001 voies traitées
voie : bulk pour les ids de 636348 à 636547
bulk : {
  "took" : 13,
  "errors" :  ...
50: 8201 voies traitées
voie : bulk pour les ids de 636548 à 636747
bulk : {
  "took" : 17,
  "errors" :  ...
50: 8401 voies traitées
voie : bulk pour les ids de 636748 à 636947
bulk : {
  "took" : 17,
  "errors" :  ...
50: 8601 voies traitées
voie : bulk pour les ids de 636948 à 637147
bulk : {
  "took" : 13,
  "errors" :  ...
50: 8801 voies traitées
voie : bulk pour les ids de 637148 à 637347
bulk : {
  "took" : 12,
  "errors" :  ...
50: 9001 voies traitées
voie : bulk pour les ids de 637348 à 637547
bulk : {
  "took" : 12,
  "errors" :  ...
50: 9201 voies traitées
voie : bulk pour les ids de 637548 à 637747
bulk : {
  "took" : 18,
  "errors" :  ...
50: 9401 voies traitées
voie : bulk pour les ids de 637748 à 637947
bulk : {
  "took" : 12,
  "errors" :  ...
50: 9601 voies traitées
voie : bulk pour les ids de 637948 à 638147
bulk : {
  "took" : 15,
  "errors" :  ...
50: 9801 voies traitées
voie : bulk pour les ids de 638148 à 638347
bulk : {
  "took" : 29,
  "errors" :  ...
50: 10001 voies traitées
voie : bulk pour les ids de 638348 à 638547
bulk : {
  "took" : 13,
  "errors" :  ...
50: 10201 voies traitées
voie : bulk pour les ids de 638548 à 638747
bulk : {
  "took" : 17,
  "errors" :  ...
50: 10401 voies traitées
voie : bulk pour les ids de 638748 à 638947
bulk : {
  "took" : 16,
  "errors" :  ...
50: 10601 voies traitées
voie : bulk pour les ids de 638948 à 639147
bulk : {
  "took" : 22,
  "errors" :  ...
50: 10801 voies traitées
voie : bulk pour les ids de 639148 à 639347
bulk : {
  "took" : 14,
  "errors" :  ...
50: 11001 voies traitées
voie : bulk pour les ids de 639348 à 639365
bulk : {
  "took" : 2,
  "errors" : f ...
dpt 50 : adresses
50: 1 adresses traitées
50: 1001 adresses traitées
adresse : bulk pour les ids de 8156437 à 8157436
bulk : {
  "took" : 92,
  "errors" :  ...
50: 2001 adresses traitées
adresse : bulk pour les ids de 8157437 à 8158436
bulk : {
  "took" : 89,
  "errors" :  ...
50: 3001 adresses traitées
adresse : bulk pour les ids de 8158437 à 8159436
bulk : {
  "took" : 72,
  "errors" :  ...
50: 4001 adresses traitées
adresse : bulk pour les ids de 8159437 à 8160436
bulk : {
  "took" : 83,
  "errors" :  ...
50: 5001 adresses traitées
adresse : bulk pour les ids de 8160437 à 8161436
bulk : {
  "took" : 68,
  "errors" :  ...
50: 6001 adresses traitées
adresse : bulk pour les ids de 8161437 à 8162436
bulk : {
  "took" : 107,
  "errors" : ...
50: 7001 adresses traitées
adresse : bulk pour les ids de 8162437 à 8163436
bulk : {
  "took" : 99,
  "errors" :  ...
50: 8001 adresses traitées
adresse : bulk pour les ids de 8163437 à 8164436
bulk : {
  "took" : 82,
  "errors" :  ...
50: 9001 adresses traitées
adresse : bulk pour les ids de 8164437 à 8165436
bulk : {
  "took" : 86,
  "errors" :  ...
50: 10001 adresses traitées
adresse : bulk pour les ids de 8165437 à 8166436
bulk : {
  "took" : 89,
  "errors" :  ...
50: 11001 adresses traitées
adresse : bulk pour les ids de 8166437 à 8167436
bulk : {
  "took" : 70,
  "errors" :  ...
50: 12001 adresses traitées
adresse : bulk pour les ids de 8167437 à 8168436
bulk : {
  "took" : 94,
  "errors" :  ...
50: 13001 adresses traitées
adresse : bulk pour les ids de 8168437 à 8169436
bulk : {
  "took" : 88,
  "errors" :  ...
50: 14001 adresses traitées
adresse : bulk pour les ids de 8169437 à 8170436
bulk : {
  "took" : 83,
  "errors" :  ...
50: 15001 adresses traitées
adresse : bulk pour les ids de 8170437 à 8171436
bulk : {
  "took" : 88,
  "errors" :  ...
50: 16001 adresses traitées
adresse : bulk pour les ids de 8171437 à 8172436
bulk : {
  "took" : 84,
  "errors" :  ...
50: 17001 adresses traitées
adresse : bulk pour les ids de 8172437 à 8173436
bulk : {
  "took" : 84,
  "errors" :  ...
50: 18001 adresses traitées
adresse : bulk pour les ids de 8173437 à 8174436
bulk : {
  "took" : 102,
  "errors" : ...
50: 19001 adresses traitées
adresse : bulk pour les ids de 8174437 à 8175436
bulk : {
  "took" : 79,
  "errors" :  ...
50: 20001 adresses traitées
adresse : bulk pour les ids de 8175437 à 8176436
bulk : {
  "took" : 74,
  "errors" :  ...
50: 21001 adresses traitées
adresse : bulk pour les ids de 8176437 à 8177436
bulk : {
  "took" : 84,
  "errors" :  ...
50: 22001 adresses traitées
adresse : bulk pour les ids de 8177437 à 8178436
bulk : {
  "took" : 76,
  "errors" :  ...
50: 23001 adresses traitées
adresse : bulk pour les ids de 8178437 à 8179436
bulk : {
  "took" : 65,
  "errors" :  ...
50: 24001 adresses traitées
adresse : bulk pour les ids de 8179437 à 8180436
bulk : {
  "took" : 99,
  "errors" :  ...
50: 25001 adresses traitées
adresse : bulk pour les ids de 8180437 à 8181436
bulk : {
  "took" : 66,
  "errors" :  ...
50: 26001 adresses traitées
adresse : bulk pour les ids de 8181437 à 8182436
bulk : {
  "took" : 91,
  "errors" :  ...
50: 27001 adresses traitées
adresse : bulk pour les ids de 8182437 à 8183436
bulk : {
  "took" : 66,
  "errors" :  ...
50: 28001 adresses traitées
50: 29001 adresses traitées
adresse : bulk pour les ids de 8183437 à 8184436
bulk : {
  "took" : 97,
  "errors" :  ...
50: 30001 adresses traitées
adresse : bulk pour les ids de 8184437 à 8185436
bulk : {
  "took" : 68,
  "errors" :  ...
50: 31001 adresses traitées
adresse : bulk pour les ids de 8185437 à 8186436
bulk : {
  "took" : 96,
  "errors" :  ...
50: 32001 adresses traitées
adresse : bulk pour les ids de 8186437 à 8187436
bulk : {
  "took" : 86,
  "errors" :  ...
50: 33001 adresses traitées
adresse : bulk pour les ids de 8187437 à 8188436
bulk : {
  "took" : 81,
  "errors" :  ...
50: 34001 adresses traitées
adresse : bulk pour les ids de 8188437 à 8189436
bulk : {
  "took" : 81,
  "errors" :  ...
50: 35001 adresses traitées
adresse : bulk pour les ids de 8189437 à 8190436
bulk : {
  "took" : 83,
  "errors" :  ...
50: 36001 adresses traitées
adresse : bulk pour les ids de 8190437 à 8191436
bulk : {
  "took" : 67,
  "errors" :  ...
50: 37001 adresses traitées
adresse : bulk pour les ids de 8191437 à 8192436
bulk : {
  "took" : 92,
  "errors" :  ...
50: 38001 adresses traitées
adresse : bulk pour les ids de 8192437 à 8193436
bulk : {
  "took" : 88,
  "errors" :  ...
50: 39001 adresses traitées
adresse : bulk pour les ids de 8193437 à 8194436
bulk : {
  "took" : 76,
  "errors" :  ...
50: 40001 adresses traitées
adresse : bulk pour les ids de 8194437 à 8195436
bulk : {
  "took" : 82,
  "errors" :  ...
50: 41001 adresses traitées
adresse : bulk pour les ids de 8195437 à 8196436
bulk : {
  "took" : 94,
  "errors" :  ...
50: 42001 adresses traitées
adresse : bulk pour les ids de 8196437 à 8197436
bulk : {
  "took" : 67,
  "errors" :  ...
50: 43001 adresses traitées
adresse : bulk pour les ids de 8197437 à 8198436
bulk : {
  "took" : 94,
  "errors" :  ...
50: 44001 adresses traitées
adresse : bulk pour les ids de 8198437 à 8199436
bulk : {
  "took" : 78,
  "errors" :  ...
50: 45001 adresses traitées
adresse : bulk pour les ids de 8199437 à 8200436
bulk : {
  "took" : 80,
  "errors" :  ...
50: 46001 adresses traitées
adresse : bulk pour les ids de 8200437 à 8201436
bulk : {
  "took" : 88,
  "errors" :  ...
50: 47001 adresses traitées
adresse : bulk pour les ids de 8201437 à 8202436
bulk : {
  "took" : 73,
  "errors" :  ...
50: 48001 adresses traitées
adresse : bulk pour les ids de 8202437 à 8203436
bulk : {
  "took" : 103,
  "errors" : ...
50: 49001 adresses traitées
adresse : bulk pour les ids de 8203437 à 8204436
bulk : {
  "took" : 66,
  "errors" :  ...
50: 50001 adresses traitées
adresse : bulk pour les ids de 8204437 à 8205436
bulk : {
  "took" : 82,
  "errors" :  ...
50: 51001 adresses traitées
50: 52001 adresses traitées
adresse : bulk pour les ids de 8205437 à 8206436
bulk : {
  "took" : 79,
  "errors" :  ...
50: 53001 adresses traitées
adresse : bulk pour les ids de 8206437 à 8207436
bulk : {
  "took" : 75,
  "errors" :  ...
50: 54001 adresses traitées
adresse : bulk pour les ids de 8207437 à 8208436
bulk : {
  "took" : 87,
  "errors" :  ...
50: 55001 adresses traitées
adresse : bulk pour les ids de 8208437 à 8209436
bulk : {
  "took" : 105,
  "errors" : ...
50: 56001 adresses traitées
adresse : bulk pour les ids de 8209437 à 8210436
bulk : {
  "took" : 90,
  "errors" :  ...
50: 57001 adresses traitées
adresse : bulk pour les ids de 8210437 à 8211436
bulk : {
  "took" : 87,
  "errors" :  ...
50: 58001 adresses traitées
adresse : bulk pour les ids de 8211437 à 8212436
bulk : {
  "took" : 88,
  "errors" :  ...
50: 59001 adresses traitées
adresse : bulk pour les ids de 8212437 à 8213436
bulk : {
  "took" : 78,
  "errors" :  ...
50: 60001 adresses traitées
adresse : bulk pour les ids de 8213437 à 8214436
bulk : {
  "took" : 84,
  "errors" :  ...
50: 61001 adresses traitées
adresse : bulk pour les ids de 8214437 à 8215436
bulk : {
  "took" : 115,
  "errors" : ...
50: 62001 adresses traitées
adresse : bulk pour les ids de 8215437 à 8216436
bulk : {
  "took" : 70,
  "errors" :  ...
50: 63001 adresses traitées
adresse : bulk pour les ids de 8216437 à 8217436
bulk : {
  "took" : 89,
  "errors" :  ...
50: 64001 adresses traitées
adresse : bulk pour les ids de 8217437 à 8218436
bulk : {
  "took" : 69,
  "errors" :  ...
50: 65001 adresses traitées
adresse : bulk pour les ids de 8218437 à 8219436
bulk : {
  "took" : 89,
  "errors" :  ...
50: 66001 adresses traitées
adresse : bulk pour les ids de 8219437 à 8220436
bulk : {
  "took" : 68,
  "errors" :  ...
50: 67001 adresses traitées
adresse : bulk pour les ids de 8220437 à 8221436
bulk : {
  "took" : 93,
  "errors" :  ...
50: 68001 adresses traitées
adresse : bulk pour les ids de 8221437 à 8222436
bulk : {
  "took" : 81,
  "errors" :  ...
50: 69001 adresses traitées
adresse : bulk pour les ids de 8222437 à 8223436
bulk : {
  "took" : 79,
  "errors" :  ...
50: 70001 adresses traitées
adresse : bulk pour les ids de 8223437 à 8224436
bulk : {
  "took" : 81,
  "errors" :  ...
50: 71001 adresses traitées
adresse : bulk pour les ids de 8224437 à 8225436
bulk : {
  "took" : 79,
  "errors" :  ...
50: 72001 adresses traitées
adresse : bulk pour les ids de 8225437 à 8226436
bulk : {
  "took" : 84,
  "errors" :  ...
50: 73001 adresses traitées
adresse : bulk pour les ids de 8226437 à 8227436
bulk : {
  "took" : 102,
  "errors" : ...
50: 74001 adresses traitées
adresse : bulk pour les ids de 8227437 à 8228436
bulk : {
  "took" : 87,
  "errors" :  ...
50: 75001 adresses traitées
adresse : bulk pour les ids de 8228437 à 8229436
bulk : {
  "took" : 77,
  "errors" :  ...
50: 76001 adresses traitées
50: 77001 adresses traitées
adresse : bulk pour les ids de 8229437 à 8230436
bulk : {
  "took" : 69,
  "errors" :  ...
50: 78001 adresses traitées
adresse : bulk pour les ids de 8230437 à 8231436
bulk : {
  "took" : 104,
  "errors" : ...
50: 79001 adresses traitées
adresse : bulk pour les ids de 8231437 à 8232436
bulk : {
  "took" : 69,
  "errors" :  ...
50: 80001 adresses traitées
adresse : bulk pour les ids de 8232437 à 8233436
bulk : {
  "took" : 100,
  "errors" : ...
50: 81001 adresses traitées
adresse : bulk pour les ids de 8233437 à 8234436
bulk : {
  "took" : 67,
  "errors" :  ...
50: 82001 adresses traitées
adresse : bulk pour les ids de 8234437 à 8235436
bulk : {
  "took" : 96,
  "errors" :  ...
50: 83001 adresses traitées
adresse : bulk pour les ids de 8235437 à 8236436
bulk : {
  "took" : 90,
  "errors" :  ...
50: 84001 adresses traitées
adresse : bulk pour les ids de 8236437 à 8237436
bulk : {
  "took" : 79,
  "errors" :  ...
50: 85001 adresses traitées
adresse : bulk pour les ids de 8237437 à 8238436
bulk : {
  "took" : 88,
  "errors" :  ...
50: 86001 adresses traitées
adresse : bulk pour les ids de 8238437 à 8239436
bulk : {
  "took" : 79,
  "errors" :  ...
50: 87001 adresses traitées
adresse : bulk pour les ids de 8239437 à 8240436
bulk : {
  "took" : 68,
  "errors" :  ...
50: 88001 adresses traitées
adresse : bulk pour les ids de 8240437 à 8241436
bulk : {
  "took" : 97,
  "errors" :  ...
50: 89001 adresses traitées
adresse : bulk pour les ids de 8241437 à 8242436
bulk : {
  "took" : 68,
  "errors" :  ...
50: 90001 adresses traitées
50: 91001 adresses traitées
adresse : bulk pour les ids de 8242437 à 8243436
bulk : {
  "took" : 93,
  "errors" :  ...
50: 92001 adresses traitées
adresse : bulk pour les ids de 8243437 à 8244436
bulk : {
  "took" : 81,
  "errors" :  ...
50: 93001 adresses traitées
adresse : bulk pour les ids de 8244437 à 8245436
bulk : {
  "took" : 96,
  "errors" :  ...
50: 94001 adresses traitées
adresse : bulk pour les ids de 8245437 à 8246436
bulk : {
  "took" : 69,
  "errors" :  ...
50: 95001 adresses traitées
adresse : bulk pour les ids de 8246437 à 8247436
bulk : {
  "took" : 98,
  "errors" :  ...
50: 96001 adresses traitées
adresse : bulk pour les ids de 8247437 à 8248436
bulk : {
  "took" : 81,
  "errors" :  ...
50: 97001 adresses traitées
adresse : bulk pour les ids de 8248437 à 8249436
bulk : {
  "took" : 85,
  "errors" :  ...
50: 98001 adresses traitées
adresse : bulk pour les ids de 8249437 à 8250436
bulk : {
  "took" : 89,
  "errors" :  ...
50: 99001 adresses traitées
adresse : bulk pour les ids de 8250437 à 8251436
bulk : {
  "took" : 94,
  "errors" :  ...
50: 100001 adresses traitées
adresse : bulk pour les ids de 8251437 à 8252436
bulk : {
  "took" : 86,
  "errors" :  ...
50: 101001 adresses traitées
adresse : bulk pour les ids de 8252437 à 8253436
bulk : {
  "took" : 99,
  "errors" :  ...
50: 102001 adresses traitées
adresse : bulk pour les ids de 8253437 à 8254436
bulk : {
  "took" : 70,
  "errors" :  ...
50: 103001 adresses traitées
adresse : bulk pour les ids de 8254437 à 8255436
bulk : {
  "took" : 97,
  "errors" :  ...
50: 104001 adresses traitées
adresse : bulk pour les ids de 8255437 à 8256436
bulk : {
  "took" : 69,
  "errors" :  ...
50: 105001 adresses traitées
adresse : bulk pour les ids de 8256437 à 8257436
bulk : {
  "took" : 101,
  "errors" : ...
50: 106001 adresses traitées
adresse : bulk pour les ids de 8257437 à 8258436
bulk : {
  "took" : 70,
  "errors" :  ...
50: 107001 adresses traitées
adresse : bulk pour les ids de 8258437 à 8259436
bulk : {
  "took" : 86,
  "errors" :  ...
50: 108001 adresses traitées
adresse : bulk pour les ids de 8259437 à 8260436
bulk : {
  "took" : 83,
  "errors" :  ...
50: 109001 adresses traitées
adresse : bulk pour les ids de 8260437 à 8261436
bulk : {
  "took" : 85,
  "errors" :  ...
50: 110001 adresses traitées
adresse : bulk pour les ids de 8261437 à 8262436
bulk : {
  "took" : 78,
  "errors" :  ...
50: 111001 adresses traitées
adresse : bulk pour les ids de 8262437 à 8263436
bulk : {
  "took" : 87,
  "errors" :  ...
50: 112001 adresses traitées
50: 113001 adresses traitées
adresse : bulk pour les ids de 8263437 à 8264436
bulk : {
  "took" : 95,
  "errors" :  ...
50: 114001 adresses traitées
adresse : bulk pour les ids de 8264437 à 8265436
bulk : {
  "took" : 73,
  "errors" :  ...
50: 115001 adresses traitées
adresse : bulk pour les ids de 8265437 à 8266436
bulk : {
  "took" : 99,
  "errors" :  ...
50: 116001 adresses traitées
adresse : bulk pour les ids de 8266437 à 8267436
bulk : {
  "took" : 86,
  "errors" :  ...
50: 117001 adresses traitées
adresse : bulk pour les ids de 8267437 à 8268436
bulk : {
  "took" : 77,
  "errors" :  ...
50: 118001 adresses traitées
adresse : bulk pour les ids de 8268437 à 8269436
bulk : {
  "took" : 93,
  "errors" :  ...
50: 119001 adresses traitées
adresse : bulk pour les ids de 8269437 à 8270436
bulk : {
  "took" : 96,
  "errors" :  ...
50: 120001 adresses traitées
adresse : bulk pour les ids de 8270437 à 8271436
bulk : {
  "took" : 69,
  "errors" :  ...
50: 121001 adresses traitées
adresse : bulk pour les ids de 8271437 à 8272436
bulk : {
  "took" : 93,
  "errors" :  ...
50: 122001 adresses traitées
adresse : bulk pour les ids de 8272437 à 8273436
bulk : {
  "took" : 70,
  "errors" :  ...
50: 123001 adresses traitées
adresse : bulk pour les ids de 8273437 à 8274436
bulk : {
  "took" : 92,
  "errors" :  ...
50: 124001 adresses traitées
adresse : bulk pour les ids de 8274437 à 8275436
bulk : {
  "took" : 80,
  "errors" :  ...
50: 125001 adresses traitées
adresse : bulk pour les ids de 8275437 à 8276436
bulk : {
  "took" : 76,
  "errors" :  ...
50: 126001 adresses traitées
adresse : bulk pour les ids de 8276437 à 8277436
bulk : {
  "took" : 92,
  "errors" :  ...
50: 127001 adresses traitées
adresse : bulk pour les ids de 8277437 à 8278436
bulk : {
  "took" : 78,
  "errors" :  ...
50: 128001 adresses traitées
50: 129001 adresses traitées
adresse : bulk pour les ids de 8278437 à 8279436
bulk : {
  "took" : 88,
  "errors" :  ...
50: 130001 adresses traitées
adresse : bulk pour les ids de 8279437 à 8280436
bulk : {
  "took" : 98,
  "errors" :  ...
50: 131001 adresses traitées
adresse : bulk pour les ids de 8280437 à 8281436
bulk : {
  "took" : 87,
  "errors" :  ...
50: 132001 adresses traitées
adresse : bulk pour les ids de 8281437 à 8282436
bulk : {
  "took" : 106,
  "errors" : ...
50: 133001 adresses traitées
adresse : bulk pour les ids de 8282437 à 8283436
bulk : {
  "took" : 76,
  "errors" :  ...
50: 134001 adresses traitées
adresse : bulk pour les ids de 8283437 à 8284436
bulk : {
  "took" : 93,
  "errors" :  ...
50: 135001 adresses traitées
adresse : bulk pour les ids de 8284437 à 8285436
bulk : {
  "took" : 85,
  "errors" :  ...
50: 136001 adresses traitées
adresse : bulk pour les ids de 8285437 à 8286436
bulk : {
  "took" : 77,
  "errors" :  ...
50: 137001 adresses traitées
adresse : bulk pour les ids de 8286437 à 8287436
bulk : {
  "took" : 86,
  "errors" :  ...
50: 138001 adresses traitées
adresse : bulk pour les ids de 8287437 à 8288436
bulk : {
  "took" : 80,
  "errors" :  ...
50: 139001 adresses traitées
adresse : bulk pour les ids de 8288437 à 8289436
bulk : {
  "took" : 83,
  "errors" :  ...
50: 140001 adresses traitées
adresse : bulk pour les ids de 8289437 à 8290436
bulk : {
  "took" : 79,
  "errors" :  ...
50: 141001 adresses traitées
adresse : bulk pour les ids de 8290437 à 8291436
bulk : {
  "took" : 72,
  "errors" :  ...
50: 142001 adresses traitées
adresse : bulk pour les ids de 8291437 à 8292436
bulk : {
  "took" : 106,
  "errors" : ...
50: 143001 adresses traitées
adresse : bulk pour les ids de 8292437 à 8293436
bulk : {
  "took" : 76,
  "errors" :  ...
50: 144001 adresses traitées
adresse : bulk pour les ids de 8293437 à 8294436
bulk : {
  "took" : 106,
  "errors" : ...
50: 145001 adresses traitées
adresse : bulk pour les ids de 8294437 à 8295436
bulk : {
  "took" : 86,
  "errors" :  ...
50: 146001 adresses traitées
adresse : bulk pour les ids de 8295437 à 8296436
bulk : {
  "took" : 85,
  "errors" :  ...
50: 147001 adresses traitées
adresse : bulk pour les ids de 8296437 à 8297436
bulk : {
  "took" : 109,
  "errors" : ...
50: 148001 adresses traitées
adresse : bulk pour les ids de 8297437 à 8298436
bulk : {
  "took" : 104,
  "errors" : ...
50: 149001 adresses traitées
adresse : bulk pour les ids de 8298437 à 8299436
bulk : {
  "took" : 67,
  "errors" :  ...
50: 150001 adresses traitées
adresse : bulk pour les ids de 8299437 à 8300436
bulk : {
  "took" : 102,
  "errors" : ...
50: 151001 adresses traitées
50: 152001 adresses traitées
adresse : bulk pour les ids de 8300437 à 8301436
bulk : {
  "took" : 70,
  "errors" :  ...
50: 153001 adresses traitées
adresse : bulk pour les ids de 8301437 à 8302436
bulk : {
  "took" : 97,
  "errors" :  ...
50: 154001 adresses traitées
adresse : bulk pour les ids de 8302437 à 8303436
bulk : {
  "took" : 75,
  "errors" :  ...
50: 155001 adresses traitées
adresse : bulk pour les ids de 8303437 à 8304436
bulk : {
  "took" : 85,
  "errors" :  ...
50: 156001 adresses traitées
adresse : bulk pour les ids de 8304437 à 8305436
bulk : {
  "took" : 81,
  "errors" :  ...
50: 157001 adresses traitées
adresse : bulk pour les ids de 8305437 à 8306436
bulk : {
  "took" : 84,
  "errors" :  ...
50: 158001 adresses traitées
adresse : bulk pour les ids de 8306437 à 8307436
bulk : {
  "took" : 86,
  "errors" :  ...
50: 159001 adresses traitées
adresse : bulk pour les ids de 8307437 à 8308436
bulk : {
  "took" : 89,
  "errors" :  ...
50: 160001 adresses traitées
adresse : bulk pour les ids de 8308437 à 8309436
bulk : {
  "took" : 71,
  "errors" :  ...
50: 161001 adresses traitées
adresse : bulk pour les ids de 8309437 à 8310436
bulk : {
  "took" : 93,
  "errors" :  ...
50: 162001 adresses traitées
adresse : bulk pour les ids de 8310437 à 8311436
bulk : {
  "took" : 76,
  "errors" :  ...
50: 163001 adresses traitées
adresse : bulk pour les ids de 8311437 à 8312436
bulk : {
  "took" : 91,
  "errors" :  ...
50: 164001 adresses traitées
adresse : bulk pour les ids de 8312437 à 8313436
bulk : {
  "took" : 94,
  "errors" :  ...
50: 165001 adresses traitées
adresse : bulk pour les ids de 8313437 à 8314436
bulk : {
  "took" : 69,
  "errors" :  ...
50: 166001 adresses traitées
adresse : bulk pour les ids de 8314437 à 8315436
bulk : {
  "took" : 102,
  "errors" : ...
50: 167001 adresses traitées
adresse : bulk pour les ids de 8315437 à 8316436
bulk : {
  "took" : 84,
  "errors" :  ...
50: 168001 adresses traitées
adresse : bulk pour les ids de 8316437 à 8317436
bulk : {
  "took" : 80,
  "errors" :  ...
50: 169001 adresses traitées
adresse : bulk pour les ids de 8317437 à 8318436
bulk : {
  "took" : 85,
  "errors" :  ...
50: 170001 adresses traitées
adresse : bulk pour les ids de 8318437 à 8319436
bulk : {
  "took" : 77,
  "errors" :  ...
50: 171001 adresses traitées
adresse : bulk pour les ids de 8319437 à 8320436
bulk : {
  "took" : 71,
  "errors" :  ...
50: 172001 adresses traitées
adresse : bulk pour les ids de 8320437 à 8321436
bulk : {
  "took" : 91,
  "errors" :  ...
50: 173001 adresses traitées
50: 174001 adresses traitées
adresse : bulk pour les ids de 8321437 à 8322436
bulk : {
  "took" : 69,
  "errors" :  ...
50: 175001 adresses traitées
adresse : bulk pour les ids de 8322437 à 8323436
bulk : {
  "took" : 97,
  "errors" :  ...
50: 176001 adresses traitées
adresse : bulk pour les ids de 8323437 à 8324436
bulk : {
  "took" : 84,
  "errors" :  ...
50: 177001 adresses traitées
adresse : bulk pour les ids de 8324437 à 8325436
bulk : {
  "took" : 87,
  "errors" :  ...
50: 178001 adresses traitées
adresse : bulk pour les ids de 8325437 à 8326436
bulk : {
  "took" : 88,
  "errors" :  ...
50: 179001 adresses traitées
adresse : bulk pour les ids de 8326437 à 8327436
bulk : {
  "took" : 81,
  "errors" :  ...
adresse : bulk pour les ids de 8327437 à 8328114
bulk : {
  "took" : 62,
  "errors" :  ...
dpt 51 : voies
51: 1 voies traitées
voie : bulk pour les ids de 639366 à 639565
bulk : {
  "took" : 14,
  "errors" :  ...
51: 201 voies traitées
voie : bulk pour les ids de 639566 à 639765
bulk : {
  "took" : 12,
  "errors" :  ...
51: 401 voies traitées
voie : bulk pour les ids de 639766 à 639965
bulk : {
  "took" : 12,
  "errors" :  ...
51: 601 voies traitées
voie : bulk pour les ids de 639966 à 640165
bulk : {
  "took" : 12,
  "errors" :  ...
51: 801 voies traitées
voie : bulk pour les ids de 640166 à 640365
bulk : {
  "took" : 12,
  "errors" :  ...
51: 1001 voies traitées
voie : bulk pour les ids de 640366 à 640565
bulk : {
  "took" : 34,
  "errors" :  ...
51: 1201 voies traitées
voie : bulk pour les ids de 640566 à 640765
bulk : {
  "took" : 11,
  "errors" :  ...
51: 1401 voies traitées
voie : bulk pour les ids de 640766 à 640965
bulk : {
  "took" : 12,
  "errors" :  ...
51: 1601 voies traitées
voie : bulk pour les ids de 640966 à 641165
bulk : {
  "took" : 12,
  "errors" :  ...
51: 1801 voies traitées
voie : bulk pour les ids de 641166 à 641365
bulk : {
  "took" : 11,
  "errors" :  ...
51: 2001 voies traitées
voie : bulk pour les ids de 641366 à 641565
bulk : {
  "took" : 12,
  "errors" :  ...
51: 2201 voies traitées
voie : bulk pour les ids de 641566 à 641765
bulk : {
  "took" : 12,
  "errors" :  ...
51: 2401 voies traitées
voie : bulk pour les ids de 641766 à 641965
bulk : {
  "took" : 12,
  "errors" :  ...
51: 2601 voies traitées
voie : bulk pour les ids de 641966 à 642165
bulk : {
  "took" : 12,
  "errors" :  ...
51: 2801 voies traitées
voie : bulk pour les ids de 642166 à 642365
bulk : {
  "took" : 12,
  "errors" :  ...
51: 3001 voies traitées
voie : bulk pour les ids de 642366 à 642565
bulk : {
  "took" : 30,
  "errors" :  ...
51: 3201 voies traitées
voie : bulk pour les ids de 642566 à 642765
bulk : {
  "took" : 11,
  "errors" :  ...
51: 3401 voies traitées
voie : bulk pour les ids de 642766 à 642965
bulk : {
  "took" : 12,
  "errors" :  ...
51: 3601 voies traitées
voie : bulk pour les ids de 642966 à 643165
bulk : {
  "took" : 12,
  "errors" :  ...
51: 3801 voies traitées
voie : bulk pour les ids de 643166 à 643365
bulk : {
  "took" : 12,
  "errors" :  ...
51: 4001 voies traitées
voie : bulk pour les ids de 643366 à 643565
bulk : {
  "took" : 12,
  "errors" :  ...
51: 4201 voies traitées
voie : bulk pour les ids de 643566 à 643765
bulk : {
  "took" : 12,
  "errors" :  ...
51: 4401 voies traitées
voie : bulk pour les ids de 643766 à 643965
bulk : {
  "took" : 11,
  "errors" :  ...
51: 4601 voies traitées
voie : bulk pour les ids de 643966 à 644165
bulk : {
  "took" : 16,
  "errors" :  ...
51: 4801 voies traitées
voie : bulk pour les ids de 644166 à 644365
bulk : {
  "took" : 15,
  "errors" :  ...
51: 5001 voies traitées
voie : bulk pour les ids de 644366 à 644565
bulk : {
  "took" : 28,
  "errors" :  ...
51: 5201 voies traitées
voie : bulk pour les ids de 644566 à 644765
bulk : {
  "took" : 11,
  "errors" :  ...
51: 5401 voies traitées
voie : bulk pour les ids de 644766 à 644965
bulk : {
  "took" : 12,
  "errors" :  ...
51: 5601 voies traitées
voie : bulk pour les ids de 644966 à 645165
bulk : {
  "took" : 12,
  "errors" :  ...
51: 5801 voies traitées
voie : bulk pour les ids de 645166 à 645365
bulk : {
  "took" : 11,
  "errors" :  ...
51: 6001 voies traitées
voie : bulk pour les ids de 645366 à 645565
bulk : {
  "took" : 12,
  "errors" :  ...
51: 6201 voies traitées
voie : bulk pour les ids de 645566 à 645765
bulk : {
  "took" : 11,
  "errors" :  ...
51: 6401 voies traitées
voie : bulk pour les ids de 645766 à 645965
bulk : {
  "took" : 12,
  "errors" :  ...
51: 6601 voies traitées
voie : bulk pour les ids de 645966 à 646165
bulk : {
  "took" : 12,
  "errors" :  ...
51: 6801 voies traitées
voie : bulk pour les ids de 646166 à 646365
bulk : {
  "took" : 16,
  "errors" :  ...
51: 7001 voies traitées
voie : bulk pour les ids de 646366 à 646565
bulk : {
  "took" : 29,
  "errors" :  ...
51: 7201 voies traitées
voie : bulk pour les ids de 646566 à 646765
bulk : {
  "took" : 11,
  "errors" :  ...
51: 7401 voies traitées
voie : bulk pour les ids de 646766 à 646965
bulk : {
  "took" : 11,
  "errors" :  ...
51: 7601 voies traitées
voie : bulk pour les ids de 646966 à 647165
bulk : {
  "took" : 12,
  "errors" :  ...
51: 7801 voies traitées
voie : bulk pour les ids de 647166 à 647365
bulk : {
  "took" : 12,
  "errors" :  ...
51: 8001 voies traitées
voie : bulk pour les ids de 647366 à 647565
bulk : {
  "took" : 12,
  "errors" :  ...
51: 8201 voies traitées
voie : bulk pour les ids de 647566 à 647765
bulk : {
  "took" : 15,
  "errors" :  ...
51: 8401 voies traitées
voie : bulk pour les ids de 647766 à 647965
bulk : {
  "took" : 16,
  "errors" :  ...
51: 8601 voies traitées
voie : bulk pour les ids de 647966 à 648165
bulk : {
  "took" : 11,
  "errors" :  ...
51: 8801 voies traitées
voie : bulk pour les ids de 648166 à 648365
bulk : {
  "took" : 11,
  "errors" :  ...
51: 9001 voies traitées
voie : bulk pour les ids de 648366 à 648565
bulk : {
  "took" : 30,
  "errors" :  ...
51: 9201 voies traitées
voie : bulk pour les ids de 648566 à 648765
bulk : {
  "took" : 11,
  "errors" :  ...
51: 9401 voies traitées
voie : bulk pour les ids de 648766 à 648965
bulk : {
  "took" : 11,
  "errors" :  ...
51: 9601 voies traitées
voie : bulk pour les ids de 648966 à 649165
bulk : {
  "took" : 11,
  "errors" :  ...
51: 9801 voies traitées
voie : bulk pour les ids de 649166 à 649365
bulk : {
  "took" : 12,
  "errors" :  ...
51: 10001 voies traitées
voie : bulk pour les ids de 649366 à 649565
bulk : {
  "took" : 12,
  "errors" :  ...
51: 10201 voies traitées
voie : bulk pour les ids de 649566 à 649765
bulk : {
  "took" : 11,
  "errors" :  ...
51: 10401 voies traitées
voie : bulk pour les ids de 649766 à 649965
bulk : {
  "took" : 29,
  "errors" :  ...
51: 10601 voies traitées
voie : bulk pour les ids de 649966 à 650165
bulk : {
  "took" : 12,
  "errors" :  ...
51: 10801 voies traitées
voie : bulk pour les ids de 650166 à 650365
bulk : {
  "took" : 11,
  "errors" :  ...
51: 11001 voies traitées
voie : bulk pour les ids de 650366 à 650565
bulk : {
  "took" : 11,
  "errors" :  ...
51: 11201 voies traitées
voie : bulk pour les ids de 650566 à 650765
bulk : {
  "took" : 12,
  "errors" :  ...
51: 11401 voies traitées
voie : bulk pour les ids de 650766 à 650965
bulk : {
  "took" : 12,
  "errors" :  ...
51: 11601 voies traitées
voie : bulk pour les ids de 650966 à 651165
bulk : {
  "took" : 12,
  "errors" :  ...
51: 11801 voies traitées
voie : bulk pour les ids de 651166 à 651365
bulk : {
  "took" : 12,
  "errors" :  ...
51: 12001 voies traitées
voie : bulk pour les ids de 651366 à 651565
bulk : {
  "took" : 16,
  "errors" :  ...
51: 12201 voies traitées
voie : bulk pour les ids de 651566 à 651765
bulk : {
  "took" : 16,
  "errors" :  ...
51: 12401 voies traitées
voie : bulk pour les ids de 651766 à 651965
bulk : {
  "took" : 29,
  "errors" :  ...
51: 12601 voies traitées
voie : bulk pour les ids de 651966 à 652165
bulk : {
  "took" : 12,
  "errors" :  ...
51: 12801 voies traitées
voie : bulk pour les ids de 652166 à 652365
bulk : {
  "took" : 12,
  "errors" :  ...
51: 13001 voies traitées
voie : bulk pour les ids de 652366 à 652565
bulk : {
  "took" : 12,
  "errors" :  ...
51: 13201 voies traitées
voie : bulk pour les ids de 652566 à 652765
bulk : {
  "took" : 11,
  "errors" :  ...
51: 13401 voies traitées
voie : bulk pour les ids de 652766 à 652965
bulk : {
  "took" : 13,
  "errors" :  ...
51: 13601 voies traitées
voie : bulk pour les ids de 652966 à 653165
bulk : {
  "took" : 12,
  "errors" :  ...
51: 13801 voies traitées
voie : bulk pour les ids de 653166 à 653365
bulk : {
  "took" : 12,
  "errors" :  ...
51: 14001 voies traitées
voie : bulk pour les ids de 653366 à 653565
bulk : {
  "took" : 12,
  "errors" :  ...
51: 14201 voies traitées
voie : bulk pour les ids de 653566 à 653765
bulk : {
  "took" : 16,
  "errors" :  ...
51: 14401 voies traitées
voie : bulk pour les ids de 653766 à 653965
bulk : {
  "took" : 29,
  "errors" :  ...
51: 14601 voies traitées
voie : bulk pour les ids de 653966 à 654165
bulk : {
  "took" : 12,
  "errors" :  ...
51: 14801 voies traitées
voie : bulk pour les ids de 654166 à 654365
bulk : {
  "took" : 11,
  "errors" :  ...
51: 15001 voies traitées
voie : bulk pour les ids de 654366 à 654565
bulk : {
  "took" : 12,
  "errors" :  ...
51: 15201 voies traitées
voie : bulk pour les ids de 654566 à 654645
bulk : {
  "took" : 4,
  "errors" : f ...
dpt 51 : adresses
51: 1 adresses traitées
51: 1001 adresses traitées
adresse : bulk pour les ids de 8328115 à 8329114
bulk : {
  "took" : 101,
  "errors" : ...
51: 2001 adresses traitées
adresse : bulk pour les ids de 8329115 à 8330114
bulk : {
  "took" : 95,
  "errors" :  ...
51: 3001 adresses traitées
adresse : bulk pour les ids de 8330115 à 8331114
bulk : {
  "took" : 70,
  "errors" :  ...
51: 4001 adresses traitées
adresse : bulk pour les ids de 8331115 à 8332114
bulk : {
  "took" : 100,
  "errors" : ...
51: 5001 adresses traitées
adresse : bulk pour les ids de 8332115 à 8333114
bulk : {
  "took" : 90,
  "errors" :  ...
51: 6001 adresses traitées
adresse : bulk pour les ids de 8333115 à 8334114
bulk : {
  "took" : 77,
  "errors" :  ...
51: 7001 adresses traitées
adresse : bulk pour les ids de 8334115 à 8335114
bulk : {
  "took" : 86,
  "errors" :  ...
51: 8001 adresses traitées
adresse : bulk pour les ids de 8335115 à 8336114
bulk : {
  "took" : 77,
  "errors" :  ...
51: 9001 adresses traitées
adresse : bulk pour les ids de 8336115 à 8337114
bulk : {
  "took" : 67,
  "errors" :  ...
51: 10001 adresses traitées
adresse : bulk pour les ids de 8337115 à 8338114
bulk : {
  "took" : 76,
  "errors" :  ...
51: 11001 adresses traitées
adresse : bulk pour les ids de 8338115 à 8339114
bulk : {
  "took" : 81,
  "errors" :  ...
51: 12001 adresses traitées
adresse : bulk pour les ids de 8339115 à 8340114
bulk : {
  "took" : 77,
  "errors" :  ...
51: 13001 adresses traitées
adresse : bulk pour les ids de 8340115 à 8341114
bulk : {
  "took" : 82,
  "errors" :  ...
51: 14001 adresses traitées
adresse : bulk pour les ids de 8341115 à 8342114
bulk : {
  "took" : 80,
  "errors" :  ...
51: 15001 adresses traitées
51: 16001 adresses traitées
adresse : bulk pour les ids de 8342115 à 8343114
bulk : {
  "took" : 81,
  "errors" :  ...
51: 17001 adresses traitées
adresse : bulk pour les ids de 8343115 à 8344114
bulk : {
  "took" : 96,
  "errors" :  ...
51: 18001 adresses traitées
adresse : bulk pour les ids de 8344115 à 8345114
bulk : {
  "took" : 68,
  "errors" :  ...
51: 19001 adresses traitées
adresse : bulk pour les ids de 8345115 à 8346114
bulk : {
  "took" : 93,
  "errors" :  ...
51: 20001 adresses traitées
adresse : bulk pour les ids de 8346115 à 8347114
bulk : {
  "took" : 69,
  "errors" :  ...
51: 21001 adresses traitées
adresse : bulk pour les ids de 8347115 à 8348114
bulk : {
  "took" : 83,
  "errors" :  ...
51: 22001 adresses traitées
adresse : bulk pour les ids de 8348115 à 8349114
bulk : {
  "took" : 95,
  "errors" :  ...
51: 23001 adresses traitées
adresse : bulk pour les ids de 8349115 à 8350114
bulk : {
  "took" : 94,
  "errors" :  ...
51: 24001 adresses traitées
adresse : bulk pour les ids de 8350115 à 8351114
bulk : {
  "took" : 80,
  "errors" :  ...
51: 25001 adresses traitées
adresse : bulk pour les ids de 8351115 à 8352114
bulk : {
  "took" : 89,
  "errors" :  ...
51: 26001 adresses traitées
adresse : bulk pour les ids de 8352115 à 8353114
bulk : {
  "took" : 67,
  "errors" :  ...
51: 27001 adresses traitées
adresse : bulk pour les ids de 8353115 à 8354114
bulk : {
  "took" : 92,
  "errors" :  ...
51: 28001 adresses traitées
adresse : bulk pour les ids de 8354115 à 8355114
bulk : {
  "took" : 84,
  "errors" :  ...
51: 29001 adresses traitées
adresse : bulk pour les ids de 8355115 à 8356114
bulk : {
  "took" : 76,
  "errors" :  ...
51: 30001 adresses traitées
adresse : bulk pour les ids de 8356115 à 8357114
bulk : {
  "took" : 89,
  "errors" :  ...
51: 31001 adresses traitées
adresse : bulk pour les ids de 8357115 à 8358114
bulk : {
  "took" : 78,
  "errors" :  ...
51: 32001 adresses traitées
adresse : bulk pour les ids de 8358115 à 8359114
bulk : {
  "took" : 85,
  "errors" :  ...
51: 33001 adresses traitées
adresse : bulk pour les ids de 8359115 à 8360114
bulk : {
  "took" : 78,
  "errors" :  ...
51: 34001 adresses traitées
adresse : bulk pour les ids de 8360115 à 8361114
bulk : {
  "took" : 84,
  "errors" :  ...
51: 35001 adresses traitées
adresse : bulk pour les ids de 8361115 à 8362114
bulk : {
  "took" : 88,
  "errors" :  ...
51: 36001 adresses traitées
adresse : bulk pour les ids de 8362115 à 8363114
bulk : {
  "took" : 68,
  "errors" :  ...
51: 37001 adresses traitées
adresse : bulk pour les ids de 8363115 à 8364114
bulk : {
  "took" : 103,
  "errors" : ...
51: 38001 adresses traitées
adresse : bulk pour les ids de 8364115 à 8365114
bulk : {
  "took" : 66,
  "errors" :  ...
51: 39001 adresses traitées
adresse : bulk pour les ids de 8365115 à 8366114
bulk : {
  "took" : 75,
  "errors" :  ...
51: 40001 adresses traitées
adresse : bulk pour les ids de 8366115 à 8367114
bulk : {
  "took" : 84,
  "errors" :  ...
51: 41001 adresses traitées
adresse : bulk pour les ids de 8367115 à 8368114
bulk : {
  "took" : 79,
  "errors" :  ...
51: 42001 adresses traitées
adresse : bulk pour les ids de 8368115 à 8369114
bulk : {
  "took" : 81,
  "errors" :  ...
51: 43001 adresses traitées
adresse : bulk pour les ids de 8369115 à 8370114
bulk : {
  "took" : 100,
  "errors" : ...
51: 44001 adresses traitées
adresse : bulk pour les ids de 8370115 à 8371114
bulk : {
  "took" : 68,
  "errors" :  ...
51: 45001 adresses traitées
adresse : bulk pour les ids de 8371115 à 8372114
bulk : {
  "took" : 94,
  "errors" :  ...
51: 46001 adresses traitées
adresse : bulk pour les ids de 8372115 à 8373114
bulk : {
  "took" : 93,
  "errors" :  ...
51: 47001 adresses traitées
adresse : bulk pour les ids de 8373115 à 8374114
bulk : {
  "took" : 76,
  "errors" :  ...
51: 48001 adresses traitées
adresse : bulk pour les ids de 8374115 à 8375114
bulk : {
  "took" : 81,
  "errors" :  ...
51: 49001 adresses traitées
adresse : bulk pour les ids de 8375115 à 8376114
bulk : {
  "took" : 80,
  "errors" :  ...
51: 50001 adresses traitées
adresse : bulk pour les ids de 8376115 à 8377114
bulk : {
  "took" : 80,
  "errors" :  ...
51: 51001 adresses traitées
adresse : bulk pour les ids de 8377115 à 8378114
bulk : {
  "took" : 101,
  "errors" : ...
51: 52001 adresses traitées
adresse : bulk pour les ids de 8378115 à 8379114
bulk : {
  "took" : 68,
  "errors" :  ...
51: 53001 adresses traitées
51: 54001 adresses traitées
adresse : bulk pour les ids de 8379115 à 8380114
bulk : {
  "took" : 107,
  "errors" : ...
51: 55001 adresses traitées
adresse : bulk pour les ids de 8380115 à 8381114
bulk : {
  "took" : 82,
  "errors" :  ...
51: 56001 adresses traitées
adresse : bulk pour les ids de 8381115 à 8382114
bulk : {
  "took" : 82,
  "errors" :  ...
51: 57001 adresses traitées
adresse : bulk pour les ids de 8382115 à 8383114
bulk : {
  "took" : 89,
  "errors" :  ...
51: 58001 adresses traitées
adresse : bulk pour les ids de 8383115 à 8384114
bulk : {
  "took" : 79,
  "errors" :  ...
51: 59001 adresses traitées
adresse : bulk pour les ids de 8384115 à 8385114
bulk : {
  "took" : 83,
  "errors" :  ...
51: 60001 adresses traitées
adresse : bulk pour les ids de 8385115 à 8386114
bulk : {
  "took" : 96,
  "errors" :  ...
51: 61001 adresses traitées
adresse : bulk pour les ids de 8386115 à 8387114
bulk : {
  "took" : 80,
  "errors" :  ...
51: 62001 adresses traitées
adresse : bulk pour les ids de 8387115 à 8388114
bulk : {
  "took" : 85,
  "errors" :  ...
51: 63001 adresses traitées
adresse : bulk pour les ids de 8388115 à 8389114
bulk : {
  "took" : 85,
  "errors" :  ...
51: 64001 adresses traitées
adresse : bulk pour les ids de 8389115 à 8390114
bulk : {
  "took" : 77,
  "errors" :  ...
51: 65001 adresses traitées
adresse : bulk pour les ids de 8390115 à 8391114
bulk : {
  "took" : 67,
  "errors" :  ...
51: 66001 adresses traitées
adresse : bulk pour les ids de 8391115 à 8392114
bulk : {
  "took" : 94,
  "errors" :  ...
51: 67001 adresses traitées
adresse : bulk pour les ids de 8392115 à 8393114
bulk : {
  "took" : 68,
  "errors" :  ...
51: 68001 adresses traitées
adresse : bulk pour les ids de 8393115 à 8394114
bulk : {
  "took" : 94,
  "errors" :  ...
51: 69001 adresses traitées
adresse : bulk pour les ids de 8394115 à 8395114
bulk : {
  "took" : 66,
  "errors" :  ...
51: 70001 adresses traitées
adresse : bulk pour les ids de 8395115 à 8396114
bulk : {
  "took" : 100,
  "errors" : ...
51: 71001 adresses traitées
adresse : bulk pour les ids de 8396115 à 8397114
bulk : {
  "took" : 66,
  "errors" :  ...
51: 72001 adresses traitées
adresse : bulk pour les ids de 8397115 à 8398114
bulk : {
  "took" : 98,
  "errors" :  ...
51: 73001 adresses traitées
adresse : bulk pour les ids de 8398115 à 8399114
bulk : {
  "took" : 83,
  "errors" :  ...
51: 74001 adresses traitées
adresse : bulk pour les ids de 8399115 à 8400114
bulk : {
  "took" : 80,
  "errors" :  ...
51: 75001 adresses traitées
adresse : bulk pour les ids de 8400115 à 8401114
bulk : {
  "took" : 90,
  "errors" :  ...
51: 76001 adresses traitées
51: 77001 adresses traitées
adresse : bulk pour les ids de 8401115 à 8402114
bulk : {
  "took" : 97,
  "errors" :  ...
51: 78001 adresses traitées
adresse : bulk pour les ids de 8402115 à 8403114
bulk : {
  "took" : 70,
  "errors" :  ...
51: 79001 adresses traitées
adresse : bulk pour les ids de 8403115 à 8404114
bulk : {
  "took" : 100,
  "errors" : ...
51: 80001 adresses traitées
adresse : bulk pour les ids de 8404115 à 8405114
bulk : {
  "took" : 83,
  "errors" :  ...
51: 81001 adresses traitées
adresse : bulk pour les ids de 8405115 à 8406114
bulk : {
  "took" : 90,
  "errors" :  ...
51: 82001 adresses traitées
adresse : bulk pour les ids de 8406115 à 8407114
bulk : {
  "took" : 69,
  "errors" :  ...
51: 83001 adresses traitées
adresse : bulk pour les ids de 8407115 à 8408114
bulk : {
  "took" : 99,
  "errors" :  ...
51: 84001 adresses traitées
adresse : bulk pour les ids de 8408115 à 8409114
bulk : {
  "took" : 83,
  "errors" :  ...
51: 85001 adresses traitées
adresse : bulk pour les ids de 8409115 à 8410114
bulk : {
  "took" : 82,
  "errors" :  ...
51: 86001 adresses traitées
adresse : bulk pour les ids de 8410115 à 8411114
bulk : {
  "took" : 85,
  "errors" :  ...
51: 87001 adresses traitées
51: 88001 adresses traitées
adresse : bulk pour les ids de 8411115 à 8412114
bulk : {
  "took" : 77,
  "errors" :  ...
51: 89001 adresses traitées
adresse : bulk pour les ids de 8412115 à 8413114
bulk : {
  "took" : 86,
  "errors" :  ...
51: 90001 adresses traitées
adresse : bulk pour les ids de 8413115 à 8414114
bulk : {
  "took" : 77,
  "errors" :  ...
51: 91001 adresses traitées
adresse : bulk pour les ids de 8414115 à 8415114
bulk : {
  "took" : 83,
  "errors" :  ...
51: 92001 adresses traitées
adresse : bulk pour les ids de 8415115 à 8416114
bulk : {
  "took" : 103,
  "errors" : ...
51: 93001 adresses traitées
adresse : bulk pour les ids de 8416115 à 8417114
bulk : {
  "took" : 69,
  "errors" :  ...
51: 94001 adresses traitées
adresse : bulk pour les ids de 8417115 à 8418114
bulk : {
  "took" : 95,
  "errors" :  ...
51: 95001 adresses traitées
adresse : bulk pour les ids de 8418115 à 8419114
bulk : {
  "took" : 85,
  "errors" :  ...
51: 96001 adresses traitées
adresse : bulk pour les ids de 8419115 à 8420114
bulk : {
  "took" : 86,
  "errors" :  ...
51: 97001 adresses traitées
adresse : bulk pour les ids de 8420115 à 8421114
bulk : {
  "took" : 86,
  "errors" :  ...
51: 98001 adresses traitées
adresse : bulk pour les ids de 8421115 à 8422114
bulk : {
  "took" : 96,
  "errors" :  ...
51: 99001 adresses traitées
adresse : bulk pour les ids de 8422115 à 8423114
bulk : {
  "took" : 70,
  "errors" :  ...
51: 100001 adresses traitées
51: 101001 adresses traitées
adresse : bulk pour les ids de 8423115 à 8424114
bulk : {
  "took" : 77,
  "errors" :  ...
51: 102001 adresses traitées
adresse : bulk pour les ids de 8424115 à 8425114
bulk : {
  "took" : 95,
  "errors" :  ...
51: 103001 adresses traitées
adresse : bulk pour les ids de 8425115 à 8426114
bulk : {
  "took" : 79,
  "errors" :  ...
51: 104001 adresses traitées
adresse : bulk pour les ids de 8426115 à 8427114
bulk : {
  "took" : 85,
  "errors" :  ...
51: 105001 adresses traitées
adresse : bulk pour les ids de 8427115 à 8428114
bulk : {
  "took" : 98,
  "errors" :  ...
51: 106001 adresses traitées
adresse : bulk pour les ids de 8428115 à 8429114
bulk : {
  "took" : 67,
  "errors" :  ...
51: 107001 adresses traitées
adresse : bulk pour les ids de 8429115 à 8430114
bulk : {
  "took" : 102,
  "errors" : ...
51: 108001 adresses traitées
adresse : bulk pour les ids de 8430115 à 8431114
bulk : {
  "took" : 67,
  "errors" :  ...
51: 109001 adresses traitées
adresse : bulk pour les ids de 8431115 à 8432114
bulk : {
  "took" : 104,
  "errors" : ...
51: 110001 adresses traitées
adresse : bulk pour les ids de 8432115 à 8433114
bulk : {
  "took" : 81,
  "errors" :  ...
51: 111001 adresses traitées
adresse : bulk pour les ids de 8433115 à 8434114
bulk : {
  "took" : 77,
  "errors" :  ...
51: 112001 adresses traitées
adresse : bulk pour les ids de 8434115 à 8435114
bulk : {
  "took" : 87,
  "errors" :  ...
51: 113001 adresses traitées
adresse : bulk pour les ids de 8435115 à 8436114
bulk : {
  "took" : 89,
  "errors" :  ...
51: 114001 adresses traitées
adresse : bulk pour les ids de 8436115 à 8437114
bulk : {
  "took" : 69,
  "errors" :  ...
51: 115001 adresses traitées
adresse : bulk pour les ids de 8437115 à 8438114
bulk : {
  "took" : 92,
  "errors" :  ...
51: 116001 adresses traitées
adresse : bulk pour les ids de 8438115 à 8439114
bulk : {
  "took" : 68,
  "errors" :  ...
51: 117001 adresses traitées
adresse : bulk pour les ids de 8439115 à 8440114
bulk : {
  "took" : 76,
  "errors" :  ...
51: 118001 adresses traitées
adresse : bulk pour les ids de 8440115 à 8441114
bulk : {
  "took" : 66,
  "errors" :  ...
51: 119001 adresses traitées
adresse : bulk pour les ids de 8441115 à 8442114
bulk : {
  "took" : 94,
  "errors" :  ...
51: 120001 adresses traitées
51: 121001 adresses traitées
adresse : bulk pour les ids de 8442115 à 8443114
bulk : {
  "took" : 69,
  "errors" :  ...
51: 122001 adresses traitées
adresse : bulk pour les ids de 8443115 à 8444114
bulk : {
  "took" : 98,
  "errors" :  ...
51: 123001 adresses traitées
adresse : bulk pour les ids de 8444115 à 8445114
bulk : {
  "took" : 82,
  "errors" :  ...
51: 124001 adresses traitées
adresse : bulk pour les ids de 8445115 à 8446114
bulk : {
  "took" : 92,
  "errors" :  ...
51: 125001 adresses traitées
adresse : bulk pour les ids de 8446115 à 8447114
bulk : {
  "took" : 82,
  "errors" :  ...
51: 126001 adresses traitées
adresse : bulk pour les ids de 8447115 à 8448114
bulk : {
  "took" : 98,
  "errors" :  ...
51: 127001 adresses traitées
adresse : bulk pour les ids de 8448115 à 8449114
bulk : {
  "took" : 69,
  "errors" :  ...
51: 128001 adresses traitées
adresse : bulk pour les ids de 8449115 à 8450114
bulk : {
  "took" : 98,
  "errors" :  ...
51: 129001 adresses traitées
adresse : bulk pour les ids de 8450115 à 8451114
bulk : {
  "took" : 69,
  "errors" :  ...
51: 130001 adresses traitées
adresse : bulk pour les ids de 8451115 à 8452114
bulk : {
  "took" : 104,
  "errors" : ...
51: 131001 adresses traitées
adresse : bulk pour les ids de 8452115 à 8453114
bulk : {
  "took" : 91,
  "errors" :  ...
51: 132001 adresses traitées
adresse : bulk pour les ids de 8453115 à 8454114
bulk : {
  "took" : 91,
  "errors" :  ...
51: 133001 adresses traitées
adresse : bulk pour les ids de 8454115 à 8455114
bulk : {
  "took" : 81,
  "errors" :  ...
51: 134001 adresses traitées
adresse : bulk pour les ids de 8455115 à 8456114
bulk : {
  "took" : 100,
  "errors" : ...
51: 135001 adresses traitées
adresse : bulk pour les ids de 8456115 à 8457114
bulk : {
  "took" : 93,
  "errors" :  ...
51: 136001 adresses traitées
adresse : bulk pour les ids de 8457115 à 8458114
bulk : {
  "took" : 90,
  "errors" :  ...
51: 137001 adresses traitées
51: 138001 adresses traitées
adresse : bulk pour les ids de 8458115 à 8459114
bulk : {
  "took" : 70,
  "errors" :  ...
51: 139001 adresses traitées
adresse : bulk pour les ids de 8459115 à 8460114
bulk : {
  "took" : 104,
  "errors" : ...
51: 140001 adresses traitées
adresse : bulk pour les ids de 8460115 à 8461114
bulk : {
  "took" : 72,
  "errors" :  ...
51: 141001 adresses traitées
adresse : bulk pour les ids de 8461115 à 8462114
bulk : {
  "took" : 78,
  "errors" :  ...
51: 142001 adresses traitées
adresse : bulk pour les ids de 8462115 à 8463114
bulk : {
  "took" : 93,
  "errors" :  ...
51: 143001 adresses traitées
adresse : bulk pour les ids de 8463115 à 8464114
bulk : {
  "took" : 68,
  "errors" :  ...
51: 144001 adresses traitées
adresse : bulk pour les ids de 8464115 à 8465114
bulk : {
  "took" : 102,
  "errors" : ...
51: 145001 adresses traitées
adresse : bulk pour les ids de 8465115 à 8466114
bulk : {
  "took" : 69,
  "errors" :  ...
51: 146001 adresses traitées
adresse : bulk pour les ids de 8466115 à 8467114
bulk : {
  "took" : 95,
  "errors" :  ...
51: 147001 adresses traitées
adresse : bulk pour les ids de 8467115 à 8468114
bulk : {
  "took" : 70,
  "errors" :  ...
51: 148001 adresses traitées
adresse : bulk pour les ids de 8468115 à 8469114
bulk : {
  "took" : 93,
  "errors" :  ...
51: 149001 adresses traitées
adresse : bulk pour les ids de 8469115 à 8470114
bulk : {
  "took" : 85,
  "errors" :  ...
51: 150001 adresses traitées
adresse : bulk pour les ids de 8470115 à 8471114
bulk : {
  "took" : 78,
  "errors" :  ...
51: 151001 adresses traitées
adresse : bulk pour les ids de 8471115 à 8472114
bulk : {
  "took" : 82,
  "errors" :  ...
51: 152001 adresses traitées
adresse : bulk pour les ids de 8472115 à 8473114
bulk : {
  "took" : 77,
  "errors" :  ...
51: 153001 adresses traitées
adresse : bulk pour les ids de 8473115 à 8474114
bulk : {
  "took" : 87,
  "errors" :  ...
51: 154001 adresses traitées
adresse : bulk pour les ids de 8474115 à 8475114
bulk : {
  "took" : 94,
  "errors" :  ...
51: 155001 adresses traitées
adresse : bulk pour les ids de 8475115 à 8476114
bulk : {
  "took" : 91,
  "errors" :  ...
51: 156001 adresses traitées
adresse : bulk pour les ids de 8476115 à 8477114
bulk : {
  "took" : 91,
  "errors" :  ...
51: 157001 adresses traitées
adresse : bulk pour les ids de 8477115 à 8478114
bulk : {
  "took" : 68,
  "errors" :  ...
51: 158001 adresses traitées
adresse : bulk pour les ids de 8478115 à 8479114
bulk : {
  "took" : 93,
  "errors" :  ...
51: 159001 adresses traitées
adresse : bulk pour les ids de 8479115 à 8480114
bulk : {
  "took" : 67,
  "errors" :  ...
51: 160001 adresses traitées
adresse : bulk pour les ids de 8480115 à 8481114
bulk : {
  "took" : 94,
  "errors" :  ...
51: 161001 adresses traitées
adresse : bulk pour les ids de 8481115 à 8482114
bulk : {
  "took" : 84,
  "errors" :  ...
51: 162001 adresses traitées
51: 163001 adresses traitées
adresse : bulk pour les ids de 8482115 à 8483114
bulk : {
  "took" : 86,
  "errors" :  ...
51: 164001 adresses traitées
adresse : bulk pour les ids de 8483115 à 8484114
bulk : {
  "took" : 84,
  "errors" :  ...
51: 165001 adresses traitées
adresse : bulk pour les ids de 8484115 à 8485114
bulk : {
  "took" : 81,
  "errors" :  ...
51: 166001 adresses traitées
adresse : bulk pour les ids de 8485115 à 8486114
bulk : {
  "took" : 83,
  "errors" :  ...
51: 167001 adresses traitées
adresse : bulk pour les ids de 8486115 à 8487114
bulk : {
  "took" : 82,
  "errors" :  ...
51: 168001 adresses traitées
adresse : bulk pour les ids de 8487115 à 8488114
bulk : {
  "took" : 69,
  "errors" :  ...
51: 169001 adresses traitées
adresse : bulk pour les ids de 8488115 à 8489114
bulk : {
  "took" : 92,
  "errors" :  ...
51: 170001 adresses traitées
adresse : bulk pour les ids de 8489115 à 8490114
bulk : {
  "took" : 69,
  "errors" :  ...
51: 171001 adresses traitées
adresse : bulk pour les ids de 8490115 à 8491114
bulk : {
  "took" : 91,
  "errors" :  ...
51: 172001 adresses traitées
adresse : bulk pour les ids de 8491115 à 8492114
bulk : {
  "took" : 89,
  "errors" :  ...
51: 173001 adresses traitées
adresse : bulk pour les ids de 8492115 à 8493114
bulk : {
  "took" : 94,
  "errors" :  ...
51: 174001 adresses traitées
adresse : bulk pour les ids de 8493115 à 8494114
bulk : {
  "took" : 69,
  "errors" :  ...
51: 175001 adresses traitées
adresse : bulk pour les ids de 8494115 à 8495114
bulk : {
  "took" : 92,
  "errors" :  ...
51: 176001 adresses traitées
adresse : bulk pour les ids de 8495115 à 8496114
bulk : {
  "took" : 85,
  "errors" :  ...
51: 177001 adresses traitées
adresse : bulk pour les ids de 8496115 à 8497114
bulk : {
  "took" : 81,
  "errors" :  ...
51: 178001 adresses traitées
adresse : bulk pour les ids de 8497115 à 8498114
bulk : {
  "took" : 84,
  "errors" :  ...
51: 179001 adresses traitées
adresse : bulk pour les ids de 8498115 à 8499114
bulk : {
  "took" : 91,
  "errors" :  ...
51: 180001 adresses traitées
adresse : bulk pour les ids de 8499115 à 8500114
bulk : {
  "took" : 71,
  "errors" :  ...
51: 181001 adresses traitées
adresse : bulk pour les ids de 8500115 à 8501114
bulk : {
  "took" : 91,
  "errors" :  ...
51: 182001 adresses traitées
adresse : bulk pour les ids de 8501115 à 8502114
bulk : {
  "took" : 68,
  "errors" :  ...
51: 183001 adresses traitées
adresse : bulk pour les ids de 8502115 à 8503114
bulk : {
  "took" : 91,
  "errors" :  ...
51: 184001 adresses traitées
51: 185001 adresses traitées
adresse : bulk pour les ids de 8503115 à 8504114
bulk : {
  "took" : 68,
  "errors" :  ...
51: 186001 adresses traitées
adresse : bulk pour les ids de 8504115 à 8505114
bulk : {
  "took" : 86,
  "errors" :  ...
51: 187001 adresses traitées
adresse : bulk pour les ids de 8505115 à 8506114
bulk : {
  "took" : 85,
  "errors" :  ...
51: 188001 adresses traitées
adresse : bulk pour les ids de 8506115 à 8507114
bulk : {
  "took" : 67,
  "errors" :  ...
51: 189001 adresses traitées
adresse : bulk pour les ids de 8507115 à 8508114
bulk : {
  "took" : 100,
  "errors" : ...
51: 190001 adresses traitées
adresse : bulk pour les ids de 8508115 à 8509114
bulk : {
  "took" : 68,
  "errors" :  ...
51: 191001 adresses traitées
adresse : bulk pour les ids de 8509115 à 8510114
bulk : {
  "took" : 103,
  "errors" : ...
51: 192001 adresses traitées
adresse : bulk pour les ids de 8510115 à 8511114
bulk : {
  "took" : 68,
  "errors" :  ...
51: 193001 adresses traitées
adresse : bulk pour les ids de 8511115 à 8512114
bulk : {
  "took" : 99,
  "errors" :  ...
51: 194001 adresses traitées
adresse : bulk pour les ids de 8512115 à 8513114
bulk : {
  "took" : 68,
  "errors" :  ...
51: 195001 adresses traitées
adresse : bulk pour les ids de 8513115 à 8514114
bulk : {
  "took" : 106,
  "errors" : ...
51: 196001 adresses traitées
adresse : bulk pour les ids de 8514115 à 8515114
bulk : {
  "took" : 69,
  "errors" :  ...
51: 197001 adresses traitées
adresse : bulk pour les ids de 8515115 à 8516114
bulk : {
  "took" : 91,
  "errors" :  ...
51: 198001 adresses traitées
adresse : bulk pour les ids de 8516115 à 8517114
bulk : {
  "took" : 89,
  "errors" :  ...
51: 199001 adresses traitées
adresse : bulk pour les ids de 8517115 à 8518114
bulk : {
  "took" : 84,
  "errors" :  ...
51: 200001 adresses traitées
adresse : bulk pour les ids de 8518115 à 8519114
bulk : {
  "took" : 84,
  "errors" :  ...
51: 201001 adresses traitées
adresse : bulk pour les ids de 8519115 à 8520114
bulk : {
  "took" : 102,
  "errors" : ...
51: 202001 adresses traitées
adresse : bulk pour les ids de 8520115 à 8521114
bulk : {
  "took" : 70,
  "errors" :  ...
51: 203001 adresses traitées
adresse : bulk pour les ids de 8521115 à 8522114
bulk : {
  "took" : 102,
  "errors" : ...
51: 204001 adresses traitées
adresse : bulk pour les ids de 8522115 à 8523114
bulk : {
  "took" : 78,
  "errors" :  ...
51: 205001 adresses traitées
51: 206001 adresses traitées
adresse : bulk pour les ids de 8523115 à 8524114
bulk : {
  "took" : 83,
  "errors" :  ...
51: 207001 adresses traitées
adresse : bulk pour les ids de 8524115 à 8525114
bulk : {
  "took" : 100,
  "errors" : ...
51: 208001 adresses traitées
adresse : bulk pour les ids de 8525115 à 8526114
bulk : {
  "took" : 68,
  "errors" :  ...
51: 209001 adresses traitées
adresse : bulk pour les ids de 8526115 à 8527114
bulk : {
  "took" : 106,
  "errors" : ...
adresse : bulk pour les ids de 8527115 à 8527701
bulk : {
  "took" : 42,
  "errors" :  ...
dpt 52 : voies
52: 1 voies traitées
voie : bulk pour les ids de 654646 à 654845
bulk : {
  "took" : 14,
  "errors" :  ...
52: 201 voies traitées
voie : bulk pour les ids de 654846 à 655045
bulk : {
  "took" : 12,
  "errors" :  ...
52: 401 voies traitées
voie : bulk pour les ids de 655046 à 655245
bulk : {
  "took" : 12,
  "errors" :  ...
52: 601 voies traitées
voie : bulk pour les ids de 655246 à 655445
bulk : {
  "took" : 13,
  "errors" :  ...
52: 801 voies traitées
voie : bulk pour les ids de 655446 à 655645
bulk : {
  "took" : 12,
  "errors" :  ...
52: 1001 voies traitées
voie : bulk pour les ids de 655646 à 655845
bulk : {
  "took" : 12,
  "errors" :  ...
52: 1201 voies traitées
voie : bulk pour les ids de 655846 à 656045
bulk : {
  "took" : 13,
  "errors" :  ...
52: 1401 voies traitées
voie : bulk pour les ids de 656046 à 656245
bulk : {
  "took" : 12,
  "errors" :  ...
52: 1601 voies traitées
voie : bulk pour les ids de 656246 à 656445
bulk : {
  "took" : 12,
  "errors" :  ...
52: 1801 voies traitées
voie : bulk pour les ids de 656446 à 656645
bulk : {
  "took" : 13,
  "errors" :  ...
52: 2001 voies traitées
voie : bulk pour les ids de 656646 à 656845
bulk : {
  "took" : 30,
  "errors" :  ...
52: 2201 voies traitées
voie : bulk pour les ids de 656846 à 657045
bulk : {
  "took" : 12,
  "errors" :  ...
52: 2401 voies traitées
voie : bulk pour les ids de 657046 à 657245
bulk : {
  "took" : 13,
  "errors" :  ...
52: 2601 voies traitées
voie : bulk pour les ids de 657246 à 657445
bulk : {
  "took" : 13,
  "errors" :  ...
52: 2801 voies traitées
voie : bulk pour les ids de 657446 à 657645
bulk : {
  "took" : 12,
  "errors" :  ...
52: 3001 voies traitées
voie : bulk pour les ids de 657646 à 657845
bulk : {
  "took" : 12,
  "errors" :  ...
52: 3201 voies traitées
voie : bulk pour les ids de 657846 à 658045
bulk : {
  "took" : 12,
  "errors" :  ...
52: 3401 voies traitées
voie : bulk pour les ids de 658046 à 658245
bulk : {
  "took" : 12,
  "errors" :  ...
52: 3601 voies traitées
voie : bulk pour les ids de 658246 à 658445
bulk : {
  "took" : 30,
  "errors" :  ...
52: 3801 voies traitées
voie : bulk pour les ids de 658446 à 658645
bulk : {
  "took" : 26,
  "errors" :  ...
52: 4001 voies traitées
voie : bulk pour les ids de 658646 à 658845
bulk : {
  "took" : 12,
  "errors" :  ...
52: 4201 voies traitées
voie : bulk pour les ids de 658846 à 659045
bulk : {
  "took" : 12,
  "errors" :  ...
52: 4401 voies traitées
voie : bulk pour les ids de 659046 à 659245
bulk : {
  "took" : 12,
  "errors" :  ...
52: 4601 voies traitées
voie : bulk pour les ids de 659246 à 659445
bulk : {
  "took" : 12,
  "errors" :  ...
52: 4801 voies traitées
voie : bulk pour les ids de 659446 à 659645
bulk : {
  "took" : 13,
  "errors" :  ...
52: 5001 voies traitées
voie : bulk pour les ids de 659646 à 659845
bulk : {
  "took" : 13,
  "errors" :  ...
52: 5201 voies traitées
voie : bulk pour les ids de 659846 à 660045
bulk : {
  "took" : 26,
  "errors" :  ...
52: 5401 voies traitées
voie : bulk pour les ids de 660046 à 660245
bulk : {
  "took" : 13,
  "errors" :  ...
52: 5601 voies traitées
voie : bulk pour les ids de 660246 à 660445
bulk : {
  "took" : 13,
  "errors" :  ...
52: 5801 voies traitées
voie : bulk pour les ids de 660446 à 660645
bulk : {
  "took" : 12,
  "errors" :  ...
52: 6001 voies traitées
voie : bulk pour les ids de 660646 à 660845
bulk : {
  "took" : 12,
  "errors" :  ...
52: 6201 voies traitées
voie : bulk pour les ids de 660846 à 661045
bulk : {
  "took" : 12,
  "errors" :  ...
52: 6401 voies traitées
voie : bulk pour les ids de 661046 à 661245
bulk : {
  "took" : 12,
  "errors" :  ...
52: 6601 voies traitées
voie : bulk pour les ids de 661246 à 661445
bulk : {
  "took" : 12,
  "errors" :  ...
52: 6801 voies traitées
voie : bulk pour les ids de 661446 à 661645
bulk : {
  "took" : 12,
  "errors" :  ...
52: 7001 voies traitées
voie : bulk pour les ids de 661646 à 661845
bulk : {
  "took" : 13,
  "errors" :  ...
52: 7201 voies traitées
voie : bulk pour les ids de 661846 à 662045
bulk : {
  "took" : 43,
  "errors" :  ...
52: 7401 voies traitées
voie : bulk pour les ids de 662046 à 662087
bulk : {
  "took" : 3,
  "errors" : f ...
dpt 52 : adresses
52: 1 adresses traitées
52: 1001 adresses traitées
adresse : bulk pour les ids de 8527702 à 8528701
bulk : {
  "took" : 73,
  "errors" :  ...
52: 2001 adresses traitées
adresse : bulk pour les ids de 8528702 à 8529701
bulk : {
  "took" : 109,
  "errors" : ...
52: 3001 adresses traitées
adresse : bulk pour les ids de 8529702 à 8530701
bulk : {
  "took" : 88,
  "errors" :  ...
52: 4001 adresses traitées
adresse : bulk pour les ids de 8530702 à 8531701
bulk : {
  "took" : 72,
  "errors" :  ...
52: 5001 adresses traitées
adresse : bulk pour les ids de 8531702 à 8532701
bulk : {
  "took" : 88,
  "errors" :  ...
52: 6001 adresses traitées
adresse : bulk pour les ids de 8532702 à 8533701
bulk : {
  "took" : 106,
  "errors" : ...
52: 7001 adresses traitées
adresse : bulk pour les ids de 8533702 à 8534701
bulk : {
  "took" : 73,
  "errors" :  ...
52: 8001 adresses traitées
adresse : bulk pour les ids de 8534702 à 8535701
bulk : {
  "took" : 91,
  "errors" :  ...
52: 9001 adresses traitées
adresse : bulk pour les ids de 8535702 à 8536701
bulk : {
  "took" : 82,
  "errors" :  ...
52: 10001 adresses traitées
adresse : bulk pour les ids de 8536702 à 8537701
bulk : {
  "took" : 84,
  "errors" :  ...
52: 11001 adresses traitées
adresse : bulk pour les ids de 8537702 à 8538701
bulk : {
  "took" : 90,
  "errors" :  ...
52: 12001 adresses traitées
adresse : bulk pour les ids de 8538702 à 8539701
bulk : {
  "took" : 82,
  "errors" :  ...
52: 13001 adresses traitées
52: 14001 adresses traitées
adresse : bulk pour les ids de 8539702 à 8540701
bulk : {
  "took" : 92,
  "errors" :  ...
52: 15001 adresses traitées
adresse : bulk pour les ids de 8540702 à 8541701
bulk : {
  "took" : 72,
  "errors" :  ...
52: 16001 adresses traitées
adresse : bulk pour les ids de 8541702 à 8542701
bulk : {
  "took" : 74,
  "errors" :  ...
52: 17001 adresses traitées
adresse : bulk pour les ids de 8542702 à 8543701
bulk : {
  "took" : 103,
  "errors" : ...
52: 18001 adresses traitées
adresse : bulk pour les ids de 8543702 à 8544701
bulk : {
  "took" : 75,
  "errors" :  ...
52: 19001 adresses traitées
adresse : bulk pour les ids de 8544702 à 8545701
bulk : {
  "took" : 82,
  "errors" :  ...
52: 20001 adresses traitées
adresse : bulk pour les ids de 8545702 à 8546701
bulk : {
  "took" : 92,
  "errors" :  ...
52: 21001 adresses traitées
adresse : bulk pour les ids de 8546702 à 8547701
bulk : {
  "took" : 68,
  "errors" :  ...
52: 22001 adresses traitées
adresse : bulk pour les ids de 8547702 à 8548701
bulk : {
  "took" : 96,
  "errors" :  ...
52: 23001 adresses traitées
adresse : bulk pour les ids de 8548702 à 8549701
bulk : {
  "took" : 84,
  "errors" :  ...
52: 24001 adresses traitées
adresse : bulk pour les ids de 8549702 à 8550701
bulk : {
  "took" : 76,
  "errors" :  ...
52: 25001 adresses traitées
adresse : bulk pour les ids de 8550702 à 8551701
bulk : {
  "took" : 81,
  "errors" :  ...
52: 26001 adresses traitées
adresse : bulk pour les ids de 8551702 à 8552701
bulk : {
  "took" : 87,
  "errors" :  ...
52: 27001 adresses traitées
52: 28001 adresses traitées
adresse : bulk pour les ids de 8552702 à 8553701
bulk : {
  "took" : 85,
  "errors" :  ...
52: 29001 adresses traitées
adresse : bulk pour les ids de 8553702 à 8554701
bulk : {
  "took" : 76,
  "errors" :  ...
52: 30001 adresses traitées
adresse : bulk pour les ids de 8554702 à 8555701
bulk : {
  "took" : 85,
  "errors" :  ...
52: 31001 adresses traitées
adresse : bulk pour les ids de 8555702 à 8556701
bulk : {
  "took" : 90,
  "errors" :  ...
52: 32001 adresses traitées
adresse : bulk pour les ids de 8556702 à 8557701
bulk : {
  "took" : 67,
  "errors" :  ...
52: 33001 adresses traitées
adresse : bulk pour les ids de 8557702 à 8558701
bulk : {
  "took" : 101,
  "errors" : ...
52: 34001 adresses traitées
adresse : bulk pour les ids de 8558702 à 8559701
bulk : {
  "took" : 84,
  "errors" :  ...
52: 35001 adresses traitées
adresse : bulk pour les ids de 8559702 à 8560701
bulk : {
  "took" : 83,
  "errors" :  ...
52: 36001 adresses traitées
adresse : bulk pour les ids de 8560702 à 8561701
bulk : {
  "took" : 86,
  "errors" :  ...
52: 37001 adresses traitées
adresse : bulk pour les ids de 8561702 à 8562701
bulk : {
  "took" : 100,
  "errors" : ...
52: 38001 adresses traitées
adresse : bulk pour les ids de 8562702 à 8563701
bulk : {
  "took" : 69,
  "errors" :  ...
52: 39001 adresses traitées
adresse : bulk pour les ids de 8563702 à 8564701
bulk : {
  "took" : 107,
  "errors" : ...
52: 40001 adresses traitées
adresse : bulk pour les ids de 8564702 à 8565701
bulk : {
  "took" : 80,
  "errors" :  ...
52: 41001 adresses traitées
52: 42001 adresses traitées
adresse : bulk pour les ids de 8565702 à 8566701
bulk : {
  "took" : 86,
  "errors" :  ...
52: 43001 adresses traitées
adresse : bulk pour les ids de 8566702 à 8567701
bulk : {
  "took" : 85,
  "errors" :  ...
52: 44001 adresses traitées
adresse : bulk pour les ids de 8567702 à 8568701
bulk : {
  "took" : 89,
  "errors" :  ...
52: 45001 adresses traitées
adresse : bulk pour les ids de 8568702 à 8569701
bulk : {
  "took" : 90,
  "errors" :  ...
52: 46001 adresses traitées
adresse : bulk pour les ids de 8569702 à 8570701
bulk : {
  "took" : 82,
  "errors" :  ...
52: 47001 adresses traitées
adresse : bulk pour les ids de 8570702 à 8571701
bulk : {
  "took" : 87,
  "errors" :  ...
52: 48001 adresses traitées
adresse : bulk pour les ids de 8571702 à 8572701
bulk : {
  "took" : 98,
  "errors" :  ...
52: 49001 adresses traitées
adresse : bulk pour les ids de 8572702 à 8573701
bulk : {
  "took" : 68,
  "errors" :  ...
52: 50001 adresses traitées
adresse : bulk pour les ids de 8573702 à 8574701
bulk : {
  "took" : 97,
  "errors" :  ...
52: 51001 adresses traitées
adresse : bulk pour les ids de 8574702 à 8575701
bulk : {
  "took" : 70,
  "errors" :  ...
52: 52001 adresses traitées
adresse : bulk pour les ids de 8575702 à 8576701
bulk : {
  "took" : 97,
  "errors" :  ...
52: 53001 adresses traitées
adresse : bulk pour les ids de 8576702 à 8577701
bulk : {
  "took" : 82,
  "errors" :  ...
52: 54001 adresses traitées
adresse : bulk pour les ids de 8577702 à 8578701
bulk : {
  "took" : 83,
  "errors" :  ...
52: 55001 adresses traitées
adresse : bulk pour les ids de 8578702 à 8579701
bulk : {
  "took" : 72,
  "errors" :  ...
52: 56001 adresses traitées
adresse : bulk pour les ids de 8579702 à 8580701
bulk : {
  "took" : 96,
  "errors" :  ...
52: 57001 adresses traitées
adresse : bulk pour les ids de 8580702 à 8581701
bulk : {
  "took" : 68,
  "errors" :  ...
52: 58001 adresses traitées
adresse : bulk pour les ids de 8581702 à 8582701
bulk : {
  "took" : 103,
  "errors" : ...
52: 59001 adresses traitées
adresse : bulk pour les ids de 8582702 à 8583701
bulk : {
  "took" : 79,
  "errors" :  ...
52: 60001 adresses traitées
adresse : bulk pour les ids de 8583702 à 8584701
bulk : {
  "took" : 82,
  "errors" :  ...
52: 61001 adresses traitées
adresse : bulk pour les ids de 8584702 à 8585701
bulk : {
  "took" : 83,
  "errors" :  ...
52: 62001 adresses traitées
52: 63001 adresses traitées
adresse : bulk pour les ids de 8585702 à 8586701
bulk : {
  "took" : 96,
  "errors" :  ...
52: 64001 adresses traitées
adresse : bulk pour les ids de 8586702 à 8587701
bulk : {
  "took" : 68,
  "errors" :  ...
52: 65001 adresses traitées
adresse : bulk pour les ids de 8587702 à 8588701
bulk : {
  "took" : 97,
  "errors" :  ...
52: 66001 adresses traitées
adresse : bulk pour les ids de 8588702 à 8589701
bulk : {
  "took" : 70,
  "errors" :  ...
52: 67001 adresses traitées
adresse : bulk pour les ids de 8589702 à 8590701
bulk : {
  "took" : 97,
  "errors" :  ...
52: 68001 adresses traitées
adresse : bulk pour les ids de 8590702 à 8591701
bulk : {
  "took" : 83,
  "errors" :  ...
52: 69001 adresses traitées
adresse : bulk pour les ids de 8591702 à 8592701
bulk : {
  "took" : 82,
  "errors" :  ...
52: 70001 adresses traitées
adresse : bulk pour les ids de 8592702 à 8593701
bulk : {
  "took" : 100,
  "errors" : ...
52: 71001 adresses traitées
adresse : bulk pour les ids de 8593702 à 8594701
bulk : {
  "took" : 84,
  "errors" :  ...
52: 72001 adresses traitées
adresse : bulk pour les ids de 8594702 à 8595701
bulk : {
  "took" : 100,
  "errors" : ...
52: 73001 adresses traitées
adresse : bulk pour les ids de 8595702 à 8596701
bulk : {
  "took" : 96,
  "errors" :  ...
52: 74001 adresses traitées
adresse : bulk pour les ids de 8596702 à 8597701
bulk : {
  "took" : 81,
  "errors" :  ...
52: 75001 adresses traitées
adresse : bulk pour les ids de 8597702 à 8598701
bulk : {
  "took" : 84,
  "errors" :  ...
52: 76001 adresses traitées
adresse : bulk pour les ids de 8598702 à 8599701
bulk : {
  "took" : 84,
  "errors" :  ...
52: 77001 adresses traitées
adresse : bulk pour les ids de 8599702 à 8600701
bulk : {
  "took" : 85,
  "errors" :  ...
52: 78001 adresses traitées
adresse : bulk pour les ids de 8600702 à 8601701
bulk : {
  "took" : 81,
  "errors" :  ...
52: 79001 adresses traitées
adresse : bulk pour les ids de 8601702 à 8602701
bulk : {
  "took" : 83,
  "errors" :  ...
52: 80001 adresses traitées
adresse : bulk pour les ids de 8602702 à 8603701
bulk : {
  "took" : 85,
  "errors" :  ...
52: 81001 adresses traitées
adresse : bulk pour les ids de 8603702 à 8604701
bulk : {
  "took" : 83,
  "errors" :  ...
52: 82001 adresses traitées
adresse : bulk pour les ids de 8604702 à 8605701
bulk : {
  "took" : 83,
  "errors" :  ...
52: 83001 adresses traitées
52: 84001 adresses traitées
adresse : bulk pour les ids de 8605702 à 8606701
bulk : {
  "took" : 102,
  "errors" : ...
52: 85001 adresses traitées
adresse : bulk pour les ids de 8606702 à 8607701
bulk : {
  "took" : 68,
  "errors" :  ...
52: 86001 adresses traitées
adresse : bulk pour les ids de 8607702 à 8608701
bulk : {
  "took" : 107,
  "errors" : ...
52: 87001 adresses traitées
adresse : bulk pour les ids de 8608702 à 8609701
bulk : {
  "took" : 67,
  "errors" :  ...
52: 88001 adresses traitées
adresse : bulk pour les ids de 8609702 à 8610701
bulk : {
  "took" : 89,
  "errors" :  ...
52: 89001 adresses traitées
adresse : bulk pour les ids de 8610702 à 8611701
bulk : {
  "took" : 89,
  "errors" :  ...
52: 90001 adresses traitées
adresse : bulk pour les ids de 8611702 à 8612701
bulk : {
  "took" : 83,
  "errors" :  ...
52: 91001 adresses traitées
adresse : bulk pour les ids de 8612702 à 8613701
bulk : {
  "took" : 68,
  "errors" :  ...
52: 92001 adresses traitées
adresse : bulk pour les ids de 8613702 à 8614701
bulk : {
  "took" : 103,
  "errors" : ...
52: 93001 adresses traitées
adresse : bulk pour les ids de 8614702 à 8615701
bulk : {
  "took" : 85,
  "errors" :  ...
52: 94001 adresses traitées
adresse : bulk pour les ids de 8615702 à 8616701
bulk : {
  "took" : 85,
  "errors" :  ...
52: 95001 adresses traitées
adresse : bulk pour les ids de 8616702 à 8617500
bulk : {
  "took" : 78,
  "errors" :  ...
dpt 53 : voies
53: 1 voies traitées
voie : bulk pour les ids de 662088 à 662287
bulk : {
  "took" : 13,
  "errors" :  ...
53: 201 voies traitées
voie : bulk pour les ids de 662288 à 662487
bulk : {
  "took" : 13,
  "errors" :  ...
53: 401 voies traitées
voie : bulk pour les ids de 662488 à 662687
bulk : {
  "took" : 12,
  "errors" :  ...
53: 601 voies traitées
voie : bulk pour les ids de 662688 à 662887
bulk : {
  "took" : 13,
  "errors" :  ...
53: 801 voies traitées
voie : bulk pour les ids de 662888 à 663087
bulk : {
  "took" : 12,
  "errors" :  ...
53: 1001 voies traitées
voie : bulk pour les ids de 663088 à 663287
bulk : {
  "took" : 12,
  "errors" :  ...
53: 1201 voies traitées
voie : bulk pour les ids de 663288 à 663487
bulk : {
  "took" : 13,
  "errors" :  ...
53: 1401 voies traitées
voie : bulk pour les ids de 663488 à 663687
bulk : {
  "took" : 12,
  "errors" :  ...
53: 1601 voies traitées
voie : bulk pour les ids de 663688 à 663887
bulk : {
  "took" : 25,
  "errors" :  ...
53: 1801 voies traitées
voie : bulk pour les ids de 663888 à 664087
bulk : {
  "took" : 12,
  "errors" :  ...
53: 2001 voies traitées
voie : bulk pour les ids de 664088 à 664287
bulk : {
  "took" : 12,
  "errors" :  ...
53: 2201 voies traitées
voie : bulk pour les ids de 664288 à 664487
bulk : {
  "took" : 12,
  "errors" :  ...
53: 2401 voies traitées
voie : bulk pour les ids de 664488 à 664687
bulk : {
  "took" : 12,
  "errors" :  ...
53: 2601 voies traitées
voie : bulk pour les ids de 664688 à 664887
bulk : {
  "took" : 12,
  "errors" :  ...
53: 2801 voies traitées
voie : bulk pour les ids de 664888 à 665087
bulk : {
  "took" : 12,
  "errors" :  ...
53: 3001 voies traitées
voie : bulk pour les ids de 665088 à 665287
bulk : {
  "took" : 13,
  "errors" :  ...
53: 3201 voies traitées
voie : bulk pour les ids de 665288 à 665487
bulk : {
  "took" : 13,
  "errors" :  ...
53: 3401 voies traitées
voie : bulk pour les ids de 665488 à 665687
bulk : {
  "took" : 12,
  "errors" :  ...
53: 3601 voies traitées
voie : bulk pour les ids de 665688 à 665887
bulk : {
  "took" : 46,
  "errors" :  ...
53: 3801 voies traitées
voie : bulk pour les ids de 665888 à 666087
bulk : {
  "took" : 12,
  "errors" :  ...
53: 4001 voies traitées
voie : bulk pour les ids de 666088 à 666287
bulk : {
  "took" : 12,
  "errors" :  ...
53: 4201 voies traitées
voie : bulk pour les ids de 666288 à 666487
bulk : {
  "took" : 12,
  "errors" :  ...
53: 4401 voies traitées
voie : bulk pour les ids de 666488 à 666687
bulk : {
  "took" : 12,
  "errors" :  ...
53: 4601 voies traitées
voie : bulk pour les ids de 666688 à 666887
bulk : {
  "took" : 11,
  "errors" :  ...
53: 4801 voies traitées
voie : bulk pour les ids de 666888 à 667087
bulk : {
  "took" : 12,
  "errors" :  ...
53: 5001 voies traitées
voie : bulk pour les ids de 667088 à 667287
bulk : {
  "took" : 25,
  "errors" :  ...
53: 5201 voies traitées
voie : bulk pour les ids de 667288 à 667487
bulk : {
  "took" : 12,
  "errors" :  ...
53: 5401 voies traitées
voie : bulk pour les ids de 667488 à 667687
bulk : {
  "took" : 12,
  "errors" :  ...
53: 5601 voies traitées
voie : bulk pour les ids de 667688 à 667887
bulk : {
  "took" : 12,
  "errors" :  ...
53: 5801 voies traitées
voie : bulk pour les ids de 667888 à 668087
bulk : {
  "took" : 12,
  "errors" :  ...
53: 6001 voies traitées
voie : bulk pour les ids de 668088 à 668287
bulk : {
  "took" : 13,
  "errors" :  ...
53: 6201 voies traitées
voie : bulk pour les ids de 668288 à 668487
bulk : {
  "took" : 12,
  "errors" :  ...
53: 6401 voies traitées
voie : bulk pour les ids de 668488 à 668687
bulk : {
  "took" : 30,
  "errors" :  ...
53: 6601 voies traitées
voie : bulk pour les ids de 668688 à 668887
bulk : {
  "took" : 12,
  "errors" :  ...
53: 6801 voies traitées
voie : bulk pour les ids de 668888 à 669087
bulk : {
  "took" : 12,
  "errors" :  ...
53: 7001 voies traitées
voie : bulk pour les ids de 669088 à 669287
bulk : {
  "took" : 13,
  "errors" :  ...
53: 7201 voies traitées
voie : bulk pour les ids de 669288 à 669487
bulk : {
  "took" : 16,
  "errors" :  ...
53: 7401 voies traitées
voie : bulk pour les ids de 669488 à 669687
bulk : {
  "took" : 22,
  "errors" :  ...
53: 7601 voies traitées
voie : bulk pour les ids de 669688 à 669887
bulk : {
  "took" : 12,
  "errors" :  ...
53: 7801 voies traitées
voie : bulk pour les ids de 669888 à 670084
bulk : {
  "took" : 13,
  "errors" :  ...
dpt 53 : adresses
53: 1 adresses traitées
53: 1001 adresses traitées
adresse : bulk pour les ids de 8617501 à 8618500
bulk : {
  "took" : 91,
  "errors" :  ...
53: 2001 adresses traitées
adresse : bulk pour les ids de 8618501 à 8619500
bulk : {
  "took" : 93,
  "errors" :  ...
53: 3001 adresses traitées
adresse : bulk pour les ids de 8619501 à 8620500
bulk : {
  "took" : 69,
  "errors" :  ...
53: 4001 adresses traitées
adresse : bulk pour les ids de 8620501 à 8621500
bulk : {
  "took" : 108,
  "errors" : ...
53: 5001 adresses traitées
adresse : bulk pour les ids de 8621501 à 8622500
bulk : {
  "took" : 69,
  "errors" :  ...
53: 6001 adresses traitées
53: 7001 adresses traitées
adresse : bulk pour les ids de 8622501 à 8623500
bulk : {
  "took" : 95,
  "errors" :  ...
53: 8001 adresses traitées
adresse : bulk pour les ids de 8623501 à 8624500
bulk : {
  "took" : 83,
  "errors" :  ...
53: 9001 adresses traitées
adresse : bulk pour les ids de 8624501 à 8625500
bulk : {
  "took" : 77,
  "errors" :  ...
53: 10001 adresses traitées
adresse : bulk pour les ids de 8625501 à 8626500
bulk : {
  "took" : 88,
  "errors" :  ...
53: 11001 adresses traitées
adresse : bulk pour les ids de 8626501 à 8627500
bulk : {
  "took" : 90,
  "errors" :  ...
53: 12001 adresses traitées
adresse : bulk pour les ids de 8627501 à 8628500
bulk : {
  "took" : 71,
  "errors" :  ...
53: 13001 adresses traitées
adresse : bulk pour les ids de 8628501 à 8629500
bulk : {
  "took" : 91,
  "errors" :  ...
53: 14001 adresses traitées
adresse : bulk pour les ids de 8629501 à 8630500
bulk : {
  "took" : 71,
  "errors" :  ...
53: 15001 adresses traitées
adresse : bulk pour les ids de 8630501 à 8631500
bulk : {
  "took" : 84,
  "errors" :  ...
53: 16001 adresses traitées
adresse : bulk pour les ids de 8631501 à 8632500
bulk : {
  "took" : 68,
  "errors" :  ...
53: 17001 adresses traitées
adresse : bulk pour les ids de 8632501 à 8633500
bulk : {
  "took" : 95,
  "errors" :  ...
53: 18001 adresses traitées
53: 19001 adresses traitées
adresse : bulk pour les ids de 8633501 à 8634500
bulk : {
  "took" : 68,
  "errors" :  ...
53: 20001 adresses traitées
adresse : bulk pour les ids de 8634501 à 8635500
bulk : {
  "took" : 90,
  "errors" :  ...
53: 21001 adresses traitées
adresse : bulk pour les ids de 8635501 à 8636500
bulk : {
  "took" : 80,
  "errors" :  ...
53: 22001 adresses traitées
adresse : bulk pour les ids de 8636501 à 8637500
bulk : {
  "took" : 75,
  "errors" :  ...
53: 23001 adresses traitées
adresse : bulk pour les ids de 8637501 à 8638500
bulk : {
  "took" : 81,
  "errors" :  ...
53: 24001 adresses traitées
adresse : bulk pour les ids de 8638501 à 8639500
bulk : {
  "took" : 75,
  "errors" :  ...
53: 25001 adresses traitées
adresse : bulk pour les ids de 8639501 à 8640500
bulk : {
  "took" : 84,
  "errors" :  ...
53: 26001 adresses traitées
adresse : bulk pour les ids de 8640501 à 8641500
bulk : {
  "took" : 78,
  "errors" :  ...
53: 27001 adresses traitées
adresse : bulk pour les ids de 8641501 à 8642500
bulk : {
  "took" : 84,
  "errors" :  ...
53: 28001 adresses traitées
adresse : bulk pour les ids de 8642501 à 8643500
bulk : {
  "took" : 98,
  "errors" :  ...
53: 29001 adresses traitées
53: 30001 adresses traitées
adresse : bulk pour les ids de 8643501 à 8644500
bulk : {
  "took" : 69,
  "errors" :  ...
53: 31001 adresses traitées
adresse : bulk pour les ids de 8644501 à 8645500
bulk : {
  "took" : 101,
  "errors" : ...
53: 32001 adresses traitées
adresse : bulk pour les ids de 8645501 à 8646500
bulk : {
  "took" : 83,
  "errors" :  ...
53: 33001 adresses traitées
adresse : bulk pour les ids de 8646501 à 8647500
bulk : {
  "took" : 86,
  "errors" :  ...
53: 34001 adresses traitées
adresse : bulk pour les ids de 8647501 à 8648500
bulk : {
  "took" : 66,
  "errors" :  ...
53: 35001 adresses traitées
adresse : bulk pour les ids de 8648501 à 8649500
bulk : {
  "took" : 101,
  "errors" : ...
53: 36001 adresses traitées
adresse : bulk pour les ids de 8649501 à 8650500
bulk : {
  "took" : 86,
  "errors" :  ...
53: 37001 adresses traitées
adresse : bulk pour les ids de 8650501 à 8651500
bulk : {
  "took" : 85,
  "errors" :  ...
53: 38001 adresses traitées
adresse : bulk pour les ids de 8651501 à 8652500
bulk : {
  "took" : 83,
  "errors" :  ...
53: 39001 adresses traitées
adresse : bulk pour les ids de 8652501 à 8653500
bulk : {
  "took" : 85,
  "errors" :  ...
53: 40001 adresses traitées
53: 41001 adresses traitées
adresse : bulk pour les ids de 8653501 à 8654500
bulk : {
  "took" : 69,
  "errors" :  ...
53: 42001 adresses traitées
adresse : bulk pour les ids de 8654501 à 8655500
bulk : {
  "took" : 103,
  "errors" : ...
53: 43001 adresses traitées
adresse : bulk pour les ids de 8655501 à 8656500
bulk : {
  "took" : 69,
  "errors" :  ...
53: 44001 adresses traitées
adresse : bulk pour les ids de 8656501 à 8657500
bulk : {
  "took" : 98,
  "errors" :  ...
53: 45001 adresses traitées
adresse : bulk pour les ids de 8657501 à 8658500
bulk : {
  "took" : 80,
  "errors" :  ...
53: 46001 adresses traitées
adresse : bulk pour les ids de 8658501 à 8659500
bulk : {
  "took" : 84,
  "errors" :  ...
53: 47001 adresses traitées
adresse : bulk pour les ids de 8659501 à 8660500
bulk : {
  "took" : 81,
  "errors" :  ...
53: 48001 adresses traitées
adresse : bulk pour les ids de 8660501 à 8661500
bulk : {
  "took" : 84,
  "errors" :  ...
53: 49001 adresses traitées
adresse : bulk pour les ids de 8661501 à 8662500
bulk : {
  "took" : 70,
  "errors" :  ...
53: 50001 adresses traitées
adresse : bulk pour les ids de 8662501 à 8663500
bulk : {
  "took" : 98,
  "errors" :  ...
53: 51001 adresses traitées
adresse : bulk pour les ids de 8663501 à 8664500
bulk : {
  "took" : 68,
  "errors" :  ...
53: 52001 adresses traitées
adresse : bulk pour les ids de 8664501 à 8665500
bulk : {
  "took" : 101,
  "errors" : ...
53: 53001 adresses traitées
adresse : bulk pour les ids de 8665501 à 8666500
bulk : {
  "took" : 86,
  "errors" :  ...
53: 54001 adresses traitées
53: 55001 adresses traitées
adresse : bulk pour les ids de 8666501 à 8667500
bulk : {
  "took" : 99,
  "errors" :  ...
53: 56001 adresses traitées
adresse : bulk pour les ids de 8667501 à 8668500
bulk : {
  "took" : 69,
  "errors" :  ...
53: 57001 adresses traitées
adresse : bulk pour les ids de 8668501 à 8669500
bulk : {
  "took" : 103,
  "errors" : ...
53: 58001 adresses traitées
adresse : bulk pour les ids de 8669501 à 8670500
bulk : {
  "took" : 84,
  "errors" :  ...
53: 59001 adresses traitées
adresse : bulk pour les ids de 8670501 à 8671500
bulk : {
  "took" : 83,
  "errors" :  ...
53: 60001 adresses traitées
adresse : bulk pour les ids de 8671501 à 8672500
bulk : {
  "took" : 69,
  "errors" :  ...
53: 61001 adresses traitées
adresse : bulk pour les ids de 8672501 à 8673500
bulk : {
  "took" : 97,
  "errors" :  ...
53: 62001 adresses traitées
adresse : bulk pour les ids de 8673501 à 8674500
bulk : {
  "took" : 68,
  "errors" :  ...
53: 63001 adresses traitées
adresse : bulk pour les ids de 8674501 à 8675500
bulk : {
  "took" : 97,
  "errors" :  ...
53: 64001 adresses traitées
adresse : bulk pour les ids de 8675501 à 8676500
bulk : {
  "took" : 67,
  "errors" :  ...
53: 65001 adresses traitées
adresse : bulk pour les ids de 8676501 à 8677500
bulk : {
  "took" : 103,
  "errors" : ...
53: 66001 adresses traitées
adresse : bulk pour les ids de 8677501 à 8678500
bulk : {
  "took" : 66,
  "errors" :  ...
53: 67001 adresses traitées
adresse : bulk pour les ids de 8678501 à 8679500
bulk : {
  "took" : 97,
  "errors" :  ...
53: 68001 adresses traitées
adresse : bulk pour les ids de 8679501 à 8680500
bulk : {
  "took" : 81,
  "errors" :  ...
53: 69001 adresses traitées
adresse : bulk pour les ids de 8680501 à 8681500
bulk : {
  "took" : 84,
  "errors" :  ...
53: 70001 adresses traitées
adresse : bulk pour les ids de 8681501 à 8682500
bulk : {
  "took" : 82,
  "errors" :  ...
53: 71001 adresses traitées
adresse : bulk pour les ids de 8682501 à 8683500
bulk : {
  "took" : 97,
  "errors" :  ...
53: 72001 adresses traitées
adresse : bulk pour les ids de 8683501 à 8684500
bulk : {
  "took" : 93,
  "errors" :  ...
53: 73001 adresses traitées
adresse : bulk pour les ids de 8684501 à 8685500
bulk : {
  "took" : 86,
  "errors" :  ...
53: 74001 adresses traitées
adresse : bulk pour les ids de 8685501 à 8686500
bulk : {
  "took" : 85,
  "errors" :  ...
53: 75001 adresses traitées
53: 76001 adresses traitées
adresse : bulk pour les ids de 8686501 à 8687500
bulk : {
  "took" : 99,
  "errors" :  ...
53: 77001 adresses traitées
adresse : bulk pour les ids de 8687501 à 8688500
bulk : {
  "took" : 68,
  "errors" :  ...
53: 78001 adresses traitées
adresse : bulk pour les ids de 8688501 à 8689500
bulk : {
  "took" : 96,
  "errors" :  ...
53: 79001 adresses traitées
adresse : bulk pour les ids de 8689501 à 8690500
bulk : {
  "took" : 82,
  "errors" :  ...
53: 80001 adresses traitées
adresse : bulk pour les ids de 8690501 à 8691500
bulk : {
  "took" : 97,
  "errors" :  ...
53: 81001 adresses traitées
adresse : bulk pour les ids de 8691501 à 8692500
bulk : {
  "took" : 68,
  "errors" :  ...
53: 82001 adresses traitées
adresse : bulk pour les ids de 8692501 à 8693500
bulk : {
  "took" : 103,
  "errors" : ...
53: 83001 adresses traitées
adresse : bulk pour les ids de 8693501 à 8694500
bulk : {
  "took" : 67,
  "errors" :  ...
53: 84001 adresses traitées
adresse : bulk pour les ids de 8694501 à 8695500
bulk : {
  "took" : 102,
  "errors" : ...
53: 85001 adresses traitées
53: 86001 adresses traitées
adresse : bulk pour les ids de 8695501 à 8696500
bulk : {
  "took" : 68,
  "errors" :  ...
53: 87001 adresses traitées
adresse : bulk pour les ids de 8696501 à 8697500
bulk : {
  "took" : 102,
  "errors" : ...
53: 88001 adresses traitées
adresse : bulk pour les ids de 8697501 à 8698500
bulk : {
  "took" : 67,
  "errors" :  ...
53: 89001 adresses traitées
adresse : bulk pour les ids de 8698501 à 8699500
bulk : {
  "took" : 108,
  "errors" : ...
53: 90001 adresses traitées
adresse : bulk pour les ids de 8699501 à 8700500
bulk : {
  "took" : 68,
  "errors" :  ...
53: 91001 adresses traitées
adresse : bulk pour les ids de 8700501 à 8701500
bulk : {
  "took" : 105,
  "errors" : ...
53: 92001 adresses traitées
adresse : bulk pour les ids de 8701501 à 8702500
bulk : {
  "took" : 70,
  "errors" :  ...
53: 93001 adresses traitées
adresse : bulk pour les ids de 8702501 à 8703500
bulk : {
  "took" : 107,
  "errors" : ...
53: 94001 adresses traitées
adresse : bulk pour les ids de 8703501 à 8704500
bulk : {
  "took" : 69,
  "errors" :  ...
53: 95001 adresses traitées
adresse : bulk pour les ids de 8704501 à 8705500
bulk : {
  "took" : 106,
  "errors" : ...
53: 96001 adresses traitées
adresse : bulk pour les ids de 8705501 à 8706500
bulk : {
  "took" : 68,
  "errors" :  ...
53: 97001 adresses traitées
adresse : bulk pour les ids de 8706501 à 8707500
bulk : {
  "took" : 99,
  "errors" :  ...
53: 98001 adresses traitées
adresse : bulk pour les ids de 8707501 à 8708500
bulk : {
  "took" : 73,
  "errors" :  ...
53: 99001 adresses traitées
adresse : bulk pour les ids de 8708501 à 8709500
bulk : {
  "took" : 113,
  "errors" : ...
53: 100001 adresses traitées
53: 101001 adresses traitées
adresse : bulk pour les ids de 8709501 à 8710500
bulk : {
  "took" : 81,
  "errors" :  ...
53: 102001 adresses traitées
adresse : bulk pour les ids de 8710501 à 8711500
bulk : {
  "took" : 107,
  "errors" : ...
53: 103001 adresses traitées
adresse : bulk pour les ids de 8711501 à 8712500
bulk : {
  "took" : 88,
  "errors" :  ...
53: 104001 adresses traitées
adresse : bulk pour les ids de 8712501 à 8713500
bulk : {
  "took" : 71,
  "errors" :  ...
53: 105001 adresses traitées
adresse : bulk pour les ids de 8713501 à 8714488
bulk : {
  "took" : 113,
  "errors" : ...
dpt 54 : voies
54: 1 voies traitées
voie : bulk pour les ids de 670085 à 670284
bulk : {
  "took" : 13,
  "errors" :  ...
54: 201 voies traitées
voie : bulk pour les ids de 670285 à 670484
bulk : {
  "took" : 12,
  "errors" :  ...
54: 401 voies traitées
voie : bulk pour les ids de 670485 à 670684
bulk : {
  "took" : 12,
  "errors" :  ...
54: 601 voies traitées
voie : bulk pour les ids de 670685 à 670884
bulk : {
  "took" : 13,
  "errors" :  ...
54: 801 voies traitées
voie : bulk pour les ids de 670885 à 671084
bulk : {
  "took" : 12,
  "errors" :  ...
54: 1001 voies traitées
voie : bulk pour les ids de 671085 à 671284
bulk : {
  "took" : 12,
  "errors" :  ...
54: 1201 voies traitées
voie : bulk pour les ids de 671285 à 671484
bulk : {
  "took" : 13,
  "errors" :  ...
54: 1401 voies traitées
voie : bulk pour les ids de 671485 à 671684
bulk : {
  "took" : 13,
  "errors" :  ...
54: 1601 voies traitées
voie : bulk pour les ids de 671685 à 671884
bulk : {
  "took" : 12,
  "errors" :  ...
54: 1801 voies traitées
voie : bulk pour les ids de 671885 à 672084
bulk : {
  "took" : 24,
  "errors" :  ...
54: 2001 voies traitées
voie : bulk pour les ids de 672085 à 672284
bulk : {
  "took" : 12,
  "errors" :  ...
54: 2201 voies traitées
voie : bulk pour les ids de 672285 à 672484
bulk : {
  "took" : 12,
  "errors" :  ...
54: 2401 voies traitées
voie : bulk pour les ids de 672485 à 672684
bulk : {
  "took" : 13,
  "errors" :  ...
54: 2601 voies traitées
voie : bulk pour les ids de 672685 à 672884
bulk : {
  "took" : 12,
  "errors" :  ...
54: 2801 voies traitées
voie : bulk pour les ids de 672885 à 673084
bulk : {
  "took" : 12,
  "errors" :  ...
54: 3001 voies traitées
voie : bulk pour les ids de 673085 à 673284
bulk : {
  "took" : 13,
  "errors" :  ...
54: 3201 voies traitées
voie : bulk pour les ids de 673285 à 673484
bulk : {
  "took" : 12,
  "errors" :  ...
54: 3401 voies traitées
voie : bulk pour les ids de 673485 à 673684
bulk : {
  "took" : 12,
  "errors" :  ...
54: 3601 voies traitées
voie : bulk pour les ids de 673685 à 673884
bulk : {
  "took" : 36,
  "errors" :  ...
54: 3801 voies traitées
voie : bulk pour les ids de 673885 à 674084
bulk : {
  "took" : 12,
  "errors" :  ...
54: 4001 voies traitées
voie : bulk pour les ids de 674085 à 674284
bulk : {
  "took" : 12,
  "errors" :  ...
54: 4201 voies traitées
voie : bulk pour les ids de 674285 à 674484
bulk : {
  "took" : 12,
  "errors" :  ...
54: 4401 voies traitées
voie : bulk pour les ids de 674485 à 674684
bulk : {
  "took" : 12,
  "errors" :  ...
54: 4601 voies traitées
voie : bulk pour les ids de 674685 à 674884
bulk : {
  "took" : 12,
  "errors" :  ...
54: 4801 voies traitées
voie : bulk pour les ids de 674885 à 675084
bulk : {
  "took" : 12,
  "errors" :  ...
54: 5001 voies traitées
voie : bulk pour les ids de 675085 à 675284
bulk : {
  "took" : 12,
  "errors" :  ...
54: 5201 voies traitées
voie : bulk pour les ids de 675285 à 675484
bulk : {
  "took" : 12,
  "errors" :  ...
54: 5401 voies traitées
voie : bulk pour les ids de 675485 à 675684
bulk : {
  "took" : 12,
  "errors" :  ...
54: 5601 voies traitées
voie : bulk pour les ids de 675685 à 675884
bulk : {
  "took" : 25,
  "errors" :  ...
54: 5801 voies traitées
voie : bulk pour les ids de 675885 à 676084
bulk : {
  "took" : 11,
  "errors" :  ...
54: 6001 voies traitées
voie : bulk pour les ids de 676085 à 676284
bulk : {
  "took" : 12,
  "errors" :  ...
54: 6201 voies traitées
voie : bulk pour les ids de 676285 à 676484
bulk : {
  "took" : 12,
  "errors" :  ...
54: 6401 voies traitées
voie : bulk pour les ids de 676485 à 676684
bulk : {
  "took" : 12,
  "errors" :  ...
54: 6601 voies traitées
voie : bulk pour les ids de 676685 à 676884
bulk : {
  "took" : 11,
  "errors" :  ...
54: 6801 voies traitées
voie : bulk pour les ids de 676885 à 677084
bulk : {
  "took" : 11,
  "errors" :  ...
54: 7001 voies traitées
voie : bulk pour les ids de 677085 à 677284
bulk : {
  "took" : 12,
  "errors" :  ...
54: 7201 voies traitées
voie : bulk pour les ids de 677285 à 677484
bulk : {
  "took" : 16,
  "errors" :  ...
54: 7401 voies traitées
voie : bulk pour les ids de 677485 à 677684
bulk : {
  "took" : 21,
  "errors" :  ...
54: 7601 voies traitées
voie : bulk pour les ids de 677685 à 677884
bulk : {
  "took" : 27,
  "errors" :  ...
54: 7801 voies traitées
voie : bulk pour les ids de 677885 à 678084
bulk : {
  "took" : 11,
  "errors" :  ...
54: 8001 voies traitées
voie : bulk pour les ids de 678085 à 678284
bulk : {
  "took" : 12,
  "errors" :  ...
54: 8201 voies traitées
voie : bulk pour les ids de 678285 à 678484
bulk : {
  "took" : 11,
  "errors" :  ...
54: 8401 voies traitées
voie : bulk pour les ids de 678485 à 678684
bulk : {
  "took" : 12,
  "errors" :  ...
54: 8601 voies traitées
voie : bulk pour les ids de 678685 à 678884
bulk : {
  "took" : 13,
  "errors" :  ...
54: 8801 voies traitées
voie : bulk pour les ids de 678885 à 679084
bulk : {
  "took" : 12,
  "errors" :  ...
54: 9001 voies traitées
voie : bulk pour les ids de 679085 à 679284
bulk : {
  "took" : 28,
  "errors" :  ...
54: 9201 voies traitées
voie : bulk pour les ids de 679285 à 679484
bulk : {
  "took" : 11,
  "errors" :  ...
54: 9401 voies traitées
voie : bulk pour les ids de 679485 à 679684
bulk : {
  "took" : 11,
  "errors" :  ...
54: 9601 voies traitées
voie : bulk pour les ids de 679685 à 679884
bulk : {
  "took" : 12,
  "errors" :  ...
54: 9801 voies traitées
voie : bulk pour les ids de 679885 à 680084
bulk : {
  "took" : 12,
  "errors" :  ...
54: 10001 voies traitées
voie : bulk pour les ids de 680085 à 680284
bulk : {
  "took" : 12,
  "errors" :  ...
54: 10201 voies traitées
voie : bulk pour les ids de 680285 à 680484
bulk : {
  "took" : 13,
  "errors" :  ...
54: 10401 voies traitées
voie : bulk pour les ids de 680485 à 680684
bulk : {
  "took" : 12,
  "errors" :  ...
54: 10601 voies traitées
voie : bulk pour les ids de 680685 à 680884
bulk : {
  "took" : 11,
  "errors" :  ...
54: 10801 voies traitées
voie : bulk pour les ids de 680885 à 681084
bulk : {
  "took" : 12,
  "errors" :  ...
54: 11001 voies traitées
voie : bulk pour les ids de 681085 à 681284
bulk : {
  "took" : 33,
  "errors" :  ...
54: 11201 voies traitées
voie : bulk pour les ids de 681285 à 681484
bulk : {
  "took" : 17,
  "errors" :  ...
54: 11401 voies traitées
voie : bulk pour les ids de 681485 à 681684
bulk : {
  "took" : 12,
  "errors" :  ...
54: 11601 voies traitées
voie : bulk pour les ids de 681685 à 681884
bulk : {
  "took" : 12,
  "errors" :  ...
54: 11801 voies traitées
voie : bulk pour les ids de 681885 à 682084
bulk : {
  "took" : 13,
  "errors" :  ...
54: 12001 voies traitées
voie : bulk pour les ids de 682085 à 682284
bulk : {
  "took" : 12,
  "errors" :  ...
54: 12201 voies traitées
voie : bulk pour les ids de 682285 à 682484
bulk : {
  "took" : 28,
  "errors" :  ...
54: 12401 voies traitées
voie : bulk pour les ids de 682485 à 682684
bulk : {
  "took" : 13,
  "errors" :  ...
54: 12601 voies traitées
voie : bulk pour les ids de 682685 à 682884
bulk : {
  "took" : 11,
  "errors" :  ...
54: 12801 voies traitées
voie : bulk pour les ids de 682885 à 683084
bulk : {
  "took" : 12,
  "errors" :  ...
54: 13001 voies traitées
voie : bulk pour les ids de 683085 à 683284
bulk : {
  "took" : 12,
  "errors" :  ...
54: 13201 voies traitées
voie : bulk pour les ids de 683285 à 683484
bulk : {
  "took" : 12,
  "errors" :  ...
54: 13401 voies traitées
voie : bulk pour les ids de 683485 à 683684
bulk : {
  "took" : 12,
  "errors" :  ...
54: 13601 voies traitées
voie : bulk pour les ids de 683685 à 683884
bulk : {
  "took" : 13,
  "errors" :  ...
54: 13801 voies traitées
voie : bulk pour les ids de 683885 à 684084
bulk : {
  "took" : 12,
  "errors" :  ...
54: 14001 voies traitées
voie : bulk pour les ids de 684085 à 684284
bulk : {
  "took" : 12,
  "errors" :  ...
54: 14201 voies traitées
voie : bulk pour les ids de 684285 à 684484
bulk : {
  "took" : 12,
  "errors" :  ...
54: 14401 voies traitées
voie : bulk pour les ids de 684485 à 684554
bulk : {
  "took" : 24,
  "errors" :  ...
dpt 54 : adresses
54: 1 adresses traitées
54: 1001 adresses traitées
adresse : bulk pour les ids de 8714489 à 8715488
bulk : {
  "took" : 74,
  "errors" :  ...
54: 2001 adresses traitées
adresse : bulk pour les ids de 8715489 à 8716488
bulk : {
  "took" : 116,
  "errors" : ...
54: 3001 adresses traitées
adresse : bulk pour les ids de 8716489 à 8717488
bulk : {
  "took" : 71,
  "errors" :  ...
54: 4001 adresses traitées
adresse : bulk pour les ids de 8717489 à 8718488
bulk : {
  "took" : 88,
  "errors" :  ...
54: 5001 adresses traitées
adresse : bulk pour les ids de 8718489 à 8719488
bulk : {
  "took" : 89,
  "errors" :  ...
54: 6001 adresses traitées
adresse : bulk pour les ids de 8719489 à 8720488
bulk : {
  "took" : 98,
  "errors" :  ...
54: 7001 adresses traitées
adresse : bulk pour les ids de 8720489 à 8721488
bulk : {
  "took" : 67,
  "errors" :  ...
54: 8001 adresses traitées
adresse : bulk pour les ids de 8721489 à 8722488
bulk : {
  "took" : 102,
  "errors" : ...
54: 9001 adresses traitées
adresse : bulk pour les ids de 8722489 à 8723488
bulk : {
  "took" : 68,
  "errors" :  ...
54: 10001 adresses traitées
adresse : bulk pour les ids de 8723489 à 8724488
bulk : {
  "took" : 112,
  "errors" : ...
54: 11001 adresses traitées
adresse : bulk pour les ids de 8724489 à 8725488
bulk : {
  "took" : 75,
  "errors" :  ...
54: 12001 adresses traitées
adresse : bulk pour les ids de 8725489 à 8726488
bulk : {
  "took" : 101,
  "errors" : ...
54: 13001 adresses traitées
adresse : bulk pour les ids de 8726489 à 8727488
bulk : {
  "took" : 84,
  "errors" :  ...
54: 14001 adresses traitées
adresse : bulk pour les ids de 8727489 à 8728488
bulk : {
  "took" : 86,
  "errors" :  ...
54: 15001 adresses traitées
adresse : bulk pour les ids de 8728489 à 8729488
bulk : {
  "took" : 83,
  "errors" :  ...
54: 16001 adresses traitées
adresse : bulk pour les ids de 8729489 à 8730488
bulk : {
  "took" : 86,
  "errors" :  ...
54: 17001 adresses traitées
54: 18001 adresses traitées
adresse : bulk pour les ids de 8730489 à 8731488
bulk : {
  "took" : 101,
  "errors" : ...
54: 19001 adresses traitées
adresse : bulk pour les ids de 8731489 à 8732488
bulk : {
  "took" : 102,
  "errors" : ...
54: 20001 adresses traitées
adresse : bulk pour les ids de 8732489 à 8733488
bulk : {
  "took" : 73,
  "errors" :  ...
54: 21001 adresses traitées
adresse : bulk pour les ids de 8733489 à 8734488
bulk : {
  "took" : 107,
  "errors" : ...
54: 22001 adresses traitées
adresse : bulk pour les ids de 8734489 à 8735488
bulk : {
  "took" : 69,
  "errors" :  ...
54: 23001 adresses traitées
adresse : bulk pour les ids de 8735489 à 8736488
bulk : {
  "took" : 101,
  "errors" : ...
54: 24001 adresses traitées
adresse : bulk pour les ids de 8736489 à 8737488
bulk : {
  "took" : 90,
  "errors" :  ...
54: 25001 adresses traitées
adresse : bulk pour les ids de 8737489 à 8738488
bulk : {
  "took" : 85,
  "errors" :  ...
54: 26001 adresses traitées
adresse : bulk pour les ids de 8738489 à 8739488
bulk : {
  "took" : 91,
  "errors" :  ...
54: 27001 adresses traitées
adresse : bulk pour les ids de 8739489 à 8740488
bulk : {
  "took" : 102,
  "errors" : ...
54: 28001 adresses traitées
adresse : bulk pour les ids de 8740489 à 8741488
bulk : {
  "took" : 68,
  "errors" :  ...
54: 29001 adresses traitées
adresse : bulk pour les ids de 8741489 à 8742488
bulk : {
  "took" : 102,
  "errors" : ...
54: 30001 adresses traitées
adresse : bulk pour les ids de 8742489 à 8743488
bulk : {
  "took" : 69,
  "errors" :  ...
54: 31001 adresses traitées
adresse : bulk pour les ids de 8743489 à 8744488
bulk : {
  "took" : 99,
  "errors" :  ...
54: 32001 adresses traitées
54: 33001 adresses traitées
adresse : bulk pour les ids de 8744489 à 8745488
bulk : {
  "took" : 83,
  "errors" :  ...
54: 34001 adresses traitées
adresse : bulk pour les ids de 8745489 à 8746488
bulk : {
  "took" : 83,
  "errors" :  ...
54: 35001 adresses traitées
adresse : bulk pour les ids de 8746489 à 8747488
bulk : {
  "took" : 90,
  "errors" :  ...
54: 36001 adresses traitées
adresse : bulk pour les ids de 8747489 à 8748488
bulk : {
  "took" : 87,
  "errors" :  ...
54: 37001 adresses traitées
adresse : bulk pour les ids de 8748489 à 8749488
bulk : {
  "took" : 85,
  "errors" :  ...
54: 38001 adresses traitées
adresse : bulk pour les ids de 8749489 à 8750488
bulk : {
  "took" : 104,
  "errors" : ...
54: 39001 adresses traitées
adresse : bulk pour les ids de 8750489 à 8751488
bulk : {
  "took" : 69,
  "errors" :  ...
54: 40001 adresses traitées
adresse : bulk pour les ids de 8751489 à 8752488
bulk : {
  "took" : 100,
  "errors" : ...
54: 41001 adresses traitées
adresse : bulk pour les ids de 8752489 à 8753488
bulk : {
  "took" : 68,
  "errors" :  ...
54: 42001 adresses traitées
54: 43001 adresses traitées
adresse : bulk pour les ids de 8753489 à 8754488
bulk : {
  "took" : 99,
  "errors" :  ...
54: 44001 adresses traitées
adresse : bulk pour les ids de 8754489 à 8755488
bulk : {
  "took" : 71,
  "errors" :  ...
54: 45001 adresses traitées
adresse : bulk pour les ids de 8755489 à 8756488
bulk : {
  "took" : 181,
  "errors" : ...
54: 46001 adresses traitées
adresse : bulk pour les ids de 8756489 à 8757488
bulk : {
  "took" : 70,
  "errors" :  ...
54: 47001 adresses traitées
adresse : bulk pour les ids de 8757489 à 8758488
bulk : {
  "took" : 106,
  "errors" : ...
54: 48001 adresses traitées
adresse : bulk pour les ids de 8758489 à 8759488
bulk : {
  "took" : 69,
  "errors" :  ...
54: 49001 adresses traitées
adresse : bulk pour les ids de 8759489 à 8760488
bulk : {
  "took" : 109,
  "errors" : ...
54: 50001 adresses traitées
adresse : bulk pour les ids de 8760489 à 8761488
bulk : {
  "took" : 86,
  "errors" :  ...
54: 51001 adresses traitées
adresse : bulk pour les ids de 8761489 à 8762488
bulk : {
  "took" : 82,
  "errors" :  ...
54: 52001 adresses traitées
adresse : bulk pour les ids de 8762489 à 8763488
bulk : {
  "took" : 92,
  "errors" :  ...
54: 53001 adresses traitées
adresse : bulk pour les ids de 8763489 à 8764488
bulk : {
  "took" : 85,
  "errors" :  ...
54: 54001 adresses traitées
adresse : bulk pour les ids de 8764489 à 8765488
bulk : {
  "took" : 84,
  "errors" :  ...
54: 55001 adresses traitées
adresse : bulk pour les ids de 8765489 à 8766488
bulk : {
  "took" : 85,
  "errors" :  ...
54: 56001 adresses traitées
adresse : bulk pour les ids de 8766489 à 8767488
bulk : {
  "took" : 68,
  "errors" :  ...
54: 57001 adresses traitées
adresse : bulk pour les ids de 8767489 à 8768488
bulk : {
  "took" : 97,
  "errors" :  ...
54: 58001 adresses traitées
adresse : bulk pour les ids de 8768489 à 8769488
bulk : {
  "took" : 71,
  "errors" :  ...
54: 59001 adresses traitées
adresse : bulk pour les ids de 8769489 à 8770488
bulk : {
  "took" : 97,
  "errors" :  ...
54: 60001 adresses traitées
54: 61001 adresses traitées
adresse : bulk pour les ids de 8770489 à 8771488
bulk : {
  "took" : 70,
  "errors" :  ...
54: 62001 adresses traitées
adresse : bulk pour les ids de 8771489 à 8772488
bulk : {
  "took" : 101,
  "errors" : ...
54: 63001 adresses traitées
adresse : bulk pour les ids de 8772489 à 8773488
bulk : {
  "took" : 84,
  "errors" :  ...
54: 64001 adresses traitées
adresse : bulk pour les ids de 8773489 à 8774488
bulk : {
  "took" : 98,
  "errors" :  ...
54: 65001 adresses traitées
adresse : bulk pour les ids de 8774489 à 8775488
bulk : {
  "took" : 83,
  "errors" :  ...
54: 66001 adresses traitées
adresse : bulk pour les ids de 8775489 à 8776488
bulk : {
  "took" : 85,
  "errors" :  ...
54: 67001 adresses traitées
adresse : bulk pour les ids de 8776489 à 8777488
bulk : {
  "took" : 101,
  "errors" : ...
54: 68001 adresses traitées
adresse : bulk pour les ids de 8777489 à 8778488
bulk : {
  "took" : 72,
  "errors" :  ...
54: 69001 adresses traitées
adresse : bulk pour les ids de 8778489 à 8779488
bulk : {
  "took" : 90,
  "errors" :  ...
54: 70001 adresses traitées
adresse : bulk pour les ids de 8779489 à 8780488
bulk : {
  "took" : 86,
  "errors" :  ...
54: 71001 adresses traitées
adresse : bulk pour les ids de 8780489 à 8781488
bulk : {
  "took" : 79,
  "errors" :  ...
54: 72001 adresses traitées
adresse : bulk pour les ids de 8781489 à 8782488
bulk : {
  "took" : 87,
  "errors" :  ...
54: 73001 adresses traitées
adresse : bulk pour les ids de 8782489 à 8783488
bulk : {
  "took" : 87,
  "errors" :  ...
54: 74001 adresses traitées
adresse : bulk pour les ids de 8783489 à 8784488
bulk : {
  "took" : 98,
  "errors" :  ...
54: 75001 adresses traitées
adresse : bulk pour les ids de 8784489 à 8785488
bulk : {
  "took" : 105,
  "errors" : ...
54: 76001 adresses traitées
54: 77001 adresses traitées
adresse : bulk pour les ids de 8785489 à 8786488
bulk : {
  "took" : 71,
  "errors" :  ...
54: 78001 adresses traitées
adresse : bulk pour les ids de 8786489 à 8787488
bulk : {
  "took" : 101,
  "errors" : ...
54: 79001 adresses traitées
adresse : bulk pour les ids de 8787489 à 8788488
bulk : {
  "took" : 69,
  "errors" :  ...
54: 80001 adresses traitées
adresse : bulk pour les ids de 8788489 à 8789488
bulk : {
  "took" : 102,
  "errors" : ...
54: 81001 adresses traitées
adresse : bulk pour les ids de 8789489 à 8790488
bulk : {
  "took" : 92,
  "errors" :  ...
54: 82001 adresses traitées
adresse : bulk pour les ids de 8790489 à 8791488
bulk : {
  "took" : 107,
  "errors" : ...
54: 83001 adresses traitées
adresse : bulk pour les ids de 8791489 à 8792488
bulk : {
  "took" : 69,
  "errors" :  ...
54: 84001 adresses traitées
adresse : bulk pour les ids de 8792489 à 8793488
bulk : {
  "took" : 105,
  "errors" : ...
54: 85001 adresses traitées
adresse : bulk pour les ids de 8793489 à 8794488
bulk : {
  "took" : 68,
  "errors" :  ...
54: 86001 adresses traitées
adresse : bulk pour les ids de 8794489 à 8795488
bulk : {
  "took" : 104,
  "errors" : ...
54: 87001 adresses traitées
adresse : bulk pour les ids de 8795489 à 8796488
bulk : {
  "took" : 87,
  "errors" :  ...
54: 88001 adresses traitées
adresse : bulk pour les ids de 8796489 à 8797488
bulk : {
  "took" : 85,
  "errors" :  ...
54: 89001 adresses traitées
54: 90001 adresses traitées
adresse : bulk pour les ids de 8797489 à 8798488
bulk : {
  "took" : 85,
  "errors" :  ...
54: 91001 adresses traitées
adresse : bulk pour les ids de 8798489 à 8799488
bulk : {
  "took" : 87,
  "errors" :  ...
54: 92001 adresses traitées
adresse : bulk pour les ids de 8799489 à 8800488
bulk : {
  "took" : 82,
  "errors" :  ...
54: 93001 adresses traitées
adresse : bulk pour les ids de 8800489 à 8801488
bulk : {
  "took" : 102,
  "errors" : ...
54: 94001 adresses traitées
adresse : bulk pour les ids de 8801489 à 8802488
bulk : {
  "took" : 72,
  "errors" :  ...
54: 95001 adresses traitées
adresse : bulk pour les ids de 8802489 à 8803488
bulk : {
  "took" : 103,
  "errors" : ...
54: 96001 adresses traitées
adresse : bulk pour les ids de 8803489 à 8804488
bulk : {
  "took" : 69,
  "errors" :  ...
54: 97001 adresses traitées
adresse : bulk pour les ids de 8804489 à 8805488
bulk : {
  "took" : 87,
  "errors" :  ...
54: 98001 adresses traitées
adresse : bulk pour les ids de 8805489 à 8806488
bulk : {
  "took" : 89,
  "errors" :  ...
54: 99001 adresses traitées
adresse : bulk pour les ids de 8806489 à 8807488
bulk : {
  "took" : 85,
  "errors" :  ...
54: 100001 adresses traitées
adresse : bulk pour les ids de 8807489 à 8808488
bulk : {
  "took" : 68,
  "errors" :  ...
54: 101001 adresses traitées
adresse : bulk pour les ids de 8808489 à 8809488
bulk : {
  "took" : 91,
  "errors" :  ...
54: 102001 adresses traitées
adresse : bulk pour les ids de 8809489 à 8810488
bulk : {
  "took" : 84,
  "errors" :  ...
54: 103001 adresses traitées
adresse : bulk pour les ids de 8810489 à 8811488
bulk : {
  "took" : 86,
  "errors" :  ...
54: 104001 adresses traitées
adresse : bulk pour les ids de 8811489 à 8812488
bulk : {
  "took" : 89,
  "errors" :  ...
54: 105001 adresses traitées
adresse : bulk pour les ids de 8812489 à 8813488
bulk : {
  "took" : 84,
  "errors" :  ...
54: 106001 adresses traitées
adresse : bulk pour les ids de 8813489 à 8814488
bulk : {
  "took" : 68,
  "errors" :  ...
54: 107001 adresses traitées
adresse : bulk pour les ids de 8814489 à 8815488
bulk : {
  "took" : 101,
  "errors" : ...
54: 108001 adresses traitées
adresse : bulk pour les ids de 8815489 à 8816488
bulk : {
  "took" : 72,
  "errors" :  ...
54: 109001 adresses traitées
adresse : bulk pour les ids de 8816489 à 8817488
bulk : {
  "took" : 102,
  "errors" : ...
54: 110001 adresses traitées
adresse : bulk pour les ids de 8817489 à 8818488
bulk : {
  "took" : 69,
  "errors" :  ...
54: 111001 adresses traitées
54: 112001 adresses traitées
adresse : bulk pour les ids de 8818489 à 8819488
bulk : {
  "took" : 100,
  "errors" : ...
54: 113001 adresses traitées
adresse : bulk pour les ids de 8819489 à 8820488
bulk : {
  "took" : 85,
  "errors" :  ...
54: 114001 adresses traitées
adresse : bulk pour les ids de 8820489 à 8821488
bulk : {
  "took" : 86,
  "errors" :  ...
54: 115001 adresses traitées
adresse : bulk pour les ids de 8821489 à 8822488
bulk : {
  "took" : 92,
  "errors" :  ...
54: 116001 adresses traitées
adresse : bulk pour les ids de 8822489 à 8823488
bulk : {
  "took" : 98,
  "errors" :  ...
54: 117001 adresses traitées
adresse : bulk pour les ids de 8823489 à 8824488
bulk : {
  "took" : 69,
  "errors" :  ...
54: 118001 adresses traitées
adresse : bulk pour les ids de 8824489 à 8825488
bulk : {
  "took" : 102,
  "errors" : ...
54: 119001 adresses traitées
adresse : bulk pour les ids de 8825489 à 8826488
bulk : {
  "took" : 87,
  "errors" :  ...
54: 120001 adresses traitées
adresse : bulk pour les ids de 8826489 à 8827488
bulk : {
  "took" : 84,
  "errors" :  ...
54: 121001 adresses traitées
adresse : bulk pour les ids de 8827489 à 8828488
bulk : {
  "took" : 90,
  "errors" :  ...
54: 122001 adresses traitées
adresse : bulk pour les ids de 8828489 à 8829488
bulk : {
  "took" : 84,
  "errors" :  ...
54: 123001 adresses traitées
adresse : bulk pour les ids de 8829489 à 8830488
bulk : {
  "took" : 68,
  "errors" :  ...
54: 124001 adresses traitées
adresse : bulk pour les ids de 8830489 à 8831488
bulk : {
  "took" : 107,
  "errors" : ...
54: 125001 adresses traitées
adresse : bulk pour les ids de 8831489 à 8832488
bulk : {
  "took" : 72,
  "errors" :  ...
54: 126001 adresses traitées
adresse : bulk pour les ids de 8832489 à 8833488
bulk : {
  "took" : 102,
  "errors" : ...
54: 127001 adresses traitées
adresse : bulk pour les ids de 8833489 à 8834488
bulk : {
  "took" : 70,
  "errors" :  ...
54: 128001 adresses traitées
adresse : bulk pour les ids de 8834489 à 8835488
bulk : {
  "took" : 103,
  "errors" : ...
54: 129001 adresses traitées
adresse : bulk pour les ids de 8835489 à 8836488
bulk : {
  "took" : 85,
  "errors" :  ...
54: 130001 adresses traitées
adresse : bulk pour les ids de 8836489 à 8837488
bulk : {
  "took" : 84,
  "errors" :  ...
54: 131001 adresses traitées
adresse : bulk pour les ids de 8837489 à 8838488
bulk : {
  "took" : 69,
  "errors" :  ...
54: 132001 adresses traitées
adresse : bulk pour les ids de 8838489 à 8839488
bulk : {
  "took" : 98,
  "errors" :  ...
54: 133001 adresses traitées
adresse : bulk pour les ids de 8839489 à 8840488
bulk : {
  "took" : 67,
  "errors" :  ...
54: 134001 adresses traitées
adresse : bulk pour les ids de 8840489 à 8841488
bulk : {
  "took" : 110,
  "errors" : ...
54: 135001 adresses traitées
adresse : bulk pour les ids de 8841489 à 8842488
bulk : {
  "took" : 70,
  "errors" :  ...
54: 136001 adresses traitées
adresse : bulk pour les ids de 8842489 à 8843488
bulk : {
  "took" : 103,
  "errors" : ...
54: 137001 adresses traitées
adresse : bulk pour les ids de 8843489 à 8844488
bulk : {
  "took" : 90,
  "errors" :  ...
54: 138001 adresses traitées
54: 139001 adresses traitées
adresse : bulk pour les ids de 8844489 à 8845488
bulk : {
  "took" : 108,
  "errors" : ...
54: 140001 adresses traitées
adresse : bulk pour les ids de 8845489 à 8846488
bulk : {
  "took" : 68,
  "errors" :  ...
54: 141001 adresses traitées
adresse : bulk pour les ids de 8846489 à 8847488
bulk : {
  "took" : 107,
  "errors" : ...
54: 142001 adresses traitées
adresse : bulk pour les ids de 8847489 à 8848488
bulk : {
  "took" : 181,
  "errors" : ...
54: 143001 adresses traitées
adresse : bulk pour les ids de 8848489 à 8849488
bulk : {
  "took" : 100,
  "errors" : ...
54: 144001 adresses traitées
adresse : bulk pour les ids de 8849489 à 8850488
bulk : {
  "took" : 87,
  "errors" :  ...
54: 145001 adresses traitées
adresse : bulk pour les ids de 8850489 à 8851488
bulk : {
  "took" : 85,
  "errors" :  ...
54: 146001 adresses traitées
adresse : bulk pour les ids de 8851489 à 8852488
bulk : {
  "took" : 88,
  "errors" :  ...
54: 147001 adresses traitées
adresse : bulk pour les ids de 8852489 à 8853488
bulk : {
  "took" : 83,
  "errors" :  ...
54: 148001 adresses traitées
adresse : bulk pour les ids de 8853489 à 8854488
bulk : {
  "took" : 435,
  "errors" : ...
54: 149001 adresses traitées
adresse : bulk pour les ids de 8854489 à 8855488
bulk : {
  "took" : 98,
  "errors" :  ...
54: 150001 adresses traitées
adresse : bulk pour les ids de 8855489 à 8856488
bulk : {
  "took" : 69,
  "errors" :  ...
54: 151001 adresses traitées
adresse : bulk pour les ids de 8856489 à 8857488
bulk : {
  "took" : 100,
  "errors" : ...
54: 152001 adresses traitées
adresse : bulk pour les ids de 8857489 à 8858488
bulk : {
  "took" : 355,
  "errors" : ...
54: 153001 adresses traitées
adresse : bulk pour les ids de 8858489 à 8859488
bulk : {
  "took" : 99,
  "errors" :  ...
54: 154001 adresses traitées
adresse : bulk pour les ids de 8859489 à 8860488
bulk : {
  "took" : 68,
  "errors" :  ...
54: 155001 adresses traitées
adresse : bulk pour les ids de 8860489 à 8861488
bulk : {
  "took" : 86,
  "errors" :  ...
54: 156001 adresses traitées
adresse : bulk pour les ids de 8861489 à 8862488
bulk : {
  "took" : 84,
  "errors" :  ...
54: 157001 adresses traitées
adresse : bulk pour les ids de 8862489 à 8863488
bulk : {
  "took" : 85,
  "errors" :  ...
54: 158001 adresses traitées
adresse : bulk pour les ids de 8863489 à 8864488
bulk : {
  "took" : 83,
  "errors" :  ...
54: 159001 adresses traitées
adresse : bulk pour les ids de 8864489 à 8865488
bulk : {
  "took" : 86,
  "errors" :  ...
54: 160001 adresses traitées
54: 161001 adresses traitées
adresse : bulk pour les ids de 8865489 à 8866488
bulk : {
  "took" : 86,
  "errors" :  ...
54: 162001 adresses traitées
adresse : bulk pour les ids de 8866489 à 8867488
bulk : {
  "took" : 85,
  "errors" :  ...
54: 163001 adresses traitées
adresse : bulk pour les ids de 8867489 à 8868488
bulk : {
  "took" : 75,
  "errors" :  ...
54: 164001 adresses traitées
adresse : bulk pour les ids de 8868489 à 8869488
bulk : {
  "took" : 99,
  "errors" :  ...
54: 165001 adresses traitées
adresse : bulk pour les ids de 8869489 à 8870488
bulk : {
  "took" : 70,
  "errors" :  ...
54: 166001 adresses traitées
adresse : bulk pour les ids de 8870489 à 8871488
bulk : {
  "took" : 105,
  "errors" : ...
54: 167001 adresses traitées
adresse : bulk pour les ids de 8871489 à 8872488
bulk : {
  "took" : 92,
  "errors" :  ...
54: 168001 adresses traitées
adresse : bulk pour les ids de 8872489 à 8873488
bulk : {
  "took" : 86,
  "errors" :  ...
54: 169001 adresses traitées
adresse : bulk pour les ids de 8873489 à 8874488
bulk : {
  "took" : 72,
  "errors" :  ...
54: 170001 adresses traitées
adresse : bulk pour les ids de 8874489 à 8875488
bulk : {
  "took" : 105,
  "errors" : ...
54: 171001 adresses traitées
adresse : bulk pour les ids de 8875489 à 8876488
bulk : {
  "took" : 79,
  "errors" :  ...
54: 172001 adresses traitées
adresse : bulk pour les ids de 8876489 à 8877488
bulk : {
  "took" : 91,
  "errors" :  ...
54: 173001 adresses traitées
adresse : bulk pour les ids de 8877489 à 8878488
bulk : {
  "took" : 80,
  "errors" :  ...
54: 174001 adresses traitées
adresse : bulk pour les ids de 8878489 à 8879488
bulk : {
  "took" : 76,
  "errors" :  ...
54: 175001 adresses traitées
adresse : bulk pour les ids de 8879489 à 8880488
bulk : {
  "took" : 100,
  "errors" : ...
54: 176001 adresses traitées
adresse : bulk pour les ids de 8880489 à 8881488
bulk : {
  "took" : 72,
  "errors" :  ...
54: 177001 adresses traitées
adresse : bulk pour les ids de 8881489 à 8882488
bulk : {
  "took" : 95,
  "errors" :  ...
54: 178001 adresses traitées
adresse : bulk pour les ids de 8882489 à 8883488
bulk : {
  "took" : 71,
  "errors" :  ...
54: 179001 adresses traitées
54: 180001 adresses traitées
adresse : bulk pour les ids de 8883489 à 8884488
bulk : {
  "took" : 92,
  "errors" :  ...
54: 181001 adresses traitées
adresse : bulk pour les ids de 8884489 à 8885488
bulk : {
  "took" : 87,
  "errors" :  ...
54: 182001 adresses traitées
adresse : bulk pour les ids de 8885489 à 8886488
bulk : {
  "took" : 81,
  "errors" :  ...
54: 183001 adresses traitées
adresse : bulk pour les ids de 8886489 à 8887488
bulk : {
  "took" : 83,
  "errors" :  ...
54: 184001 adresses traitées
adresse : bulk pour les ids de 8887489 à 8888488
bulk : {
  "took" : 89,
  "errors" :  ...
54: 185001 adresses traitées
adresse : bulk pour les ids de 8888489 à 8889488
bulk : {
  "took" : 71,
  "errors" :  ...
54: 186001 adresses traitées
adresse : bulk pour les ids de 8889489 à 8890488
bulk : {
  "took" : 104,
  "errors" : ...
54: 187001 adresses traitées
adresse : bulk pour les ids de 8890489 à 8891488
bulk : {
  "took" : 70,
  "errors" :  ...
54: 188001 adresses traitées
adresse : bulk pour les ids de 8891489 à 8892488
bulk : {
  "took" : 103,
  "errors" : ...
54: 189001 adresses traitées
adresse : bulk pour les ids de 8892489 à 8893488
bulk : {
  "took" : 69,
  "errors" :  ...
54: 190001 adresses traitées
adresse : bulk pour les ids de 8893489 à 8894488
bulk : {
  "took" : 103,
  "errors" : ...
54: 191001 adresses traitées
adresse : bulk pour les ids de 8894489 à 8895488
bulk : {
  "took" : 83,
  "errors" :  ...
54: 192001 adresses traitées
adresse : bulk pour les ids de 8895489 à 8896488
bulk : {
  "took" : 87,
  "errors" :  ...
54: 193001 adresses traitées
adresse : bulk pour les ids de 8896489 à 8897488
bulk : {
  "took" : 102,
  "errors" : ...
54: 194001 adresses traitées
adresse : bulk pour les ids de 8897489 à 8898488
bulk : {
  "took" : 108,
  "errors" : ...
54: 195001 adresses traitées
adresse : bulk pour les ids de 8898489 à 8899488
bulk : {
  "took" : 248,
  "errors" : ...
54: 196001 adresses traitées
adresse : bulk pour les ids de 8899489 à 8900488
bulk : {
  "took" : 99,
  "errors" :  ...
54: 197001 adresses traitées
adresse : bulk pour les ids de 8900489 à 8901488
bulk : {
  "took" : 69,
  "errors" :  ...
54: 198001 adresses traitées
adresse : bulk pour les ids de 8901489 à 8902488
bulk : {
  "took" : 107,
  "errors" : ...
54: 199001 adresses traitées
adresse : bulk pour les ids de 8902489 à 8903488
bulk : {
  "took" : 84,
  "errors" :  ...
54: 200001 adresses traitées
adresse : bulk pour les ids de 8903489 à 8904488
bulk : {
  "took" : 85,
  "errors" :  ...
54: 201001 adresses traitées
adresse : bulk pour les ids de 8904489 à 8905488
bulk : {
  "took" : 89,
  "errors" :  ...
54: 202001 adresses traitées
54: 203001 adresses traitées
adresse : bulk pour les ids de 8905489 à 8906488
bulk : {
  "took" : 88,
  "errors" :  ...
54: 204001 adresses traitées
adresse : bulk pour les ids de 8906489 à 8907488
bulk : {
  "took" : 87,
  "errors" :  ...
54: 205001 adresses traitées
adresse : bulk pour les ids de 8907489 à 8908488
bulk : {
  "took" : 100,
  "errors" : ...
54: 206001 adresses traitées
adresse : bulk pour les ids de 8908489 à 8909488
bulk : {
  "took" : 72,
  "errors" :  ...
54: 207001 adresses traitées
adresse : bulk pour les ids de 8909489 à 8910488
bulk : {
  "took" : 105,
  "errors" : ...
54: 208001 adresses traitées
adresse : bulk pour les ids de 8910489 à 8911488
bulk : {
  "took" : 73,
  "errors" :  ...
54: 209001 adresses traitées
adresse : bulk pour les ids de 8911489 à 8912488
bulk : {
  "took" : 101,
  "errors" : ...
54: 210001 adresses traitées
adresse : bulk pour les ids de 8912489 à 8913488
bulk : {
  "took" : 82,
  "errors" :  ...
54: 211001 adresses traitées
adresse : bulk pour les ids de 8913489 à 8914488
bulk : {
  "took" : 84,
  "errors" :  ...
54: 212001 adresses traitées
adresse : bulk pour les ids de 8914489 à 8915488
bulk : {
  "took" : 71,
  "errors" :  ...
54: 213001 adresses traitées
adresse : bulk pour les ids de 8915489 à 8916488
bulk : {
  "took" : 87,
  "errors" :  ...
54: 214001 adresses traitées
adresse : bulk pour les ids de 8916489 à 8917488
bulk : {
  "took" : 94,
  "errors" :  ...
54: 215001 adresses traitées
adresse : bulk pour les ids de 8917489 à 8918488
bulk : {
  "took" : 85,
  "errors" :  ...
54: 216001 adresses traitées
adresse : bulk pour les ids de 8918489 à 8919488
bulk : {
  "took" : 70,
  "errors" :  ...
54: 217001 adresses traitées
adresse : bulk pour les ids de 8919489 à 8920488
bulk : {
  "took" : 100,
  "errors" : ...
54: 218001 adresses traitées
adresse : bulk pour les ids de 8920489 à 8921488
bulk : {
  "took" : 71,
  "errors" :  ...
54: 219001 adresses traitées
adresse : bulk pour les ids de 8921489 à 8922488
bulk : {
  "took" : 88,
  "errors" :  ...
54: 220001 adresses traitées
adresse : bulk pour les ids de 8922489 à 8923488
bulk : {
  "took" : 82,
  "errors" :  ...
54: 221001 adresses traitées
adresse : bulk pour les ids de 8923489 à 8924488
bulk : {
  "took" : 102,
  "errors" : ...
54: 222001 adresses traitées
adresse : bulk pour les ids de 8924489 à 8925488
bulk : {
  "took" : 87,
  "errors" :  ...
54: 223001 adresses traitées
adresse : bulk pour les ids de 8925489 à 8926488
bulk : {
  "took" : 123,
  "errors" : ...
54: 224001 adresses traitées
adresse : bulk pour les ids de 8926489 à 8927488
bulk : {
  "took" : 102,
  "errors" : ...
54: 225001 adresses traitées
54: 226001 adresses traitées
adresse : bulk pour les ids de 8927489 à 8928488
bulk : {
  "took" : 88,
  "errors" :  ...
54: 227001 adresses traitées
adresse : bulk pour les ids de 8928489 à 8929488
bulk : {
  "took" : 92,
  "errors" :  ...
54: 228001 adresses traitées
adresse : bulk pour les ids de 8929489 à 8930488
bulk : {
  "took" : 103,
  "errors" : ...
54: 229001 adresses traitées
adresse : bulk pour les ids de 8930489 à 8931488
bulk : {
  "took" : 70,
  "errors" :  ...
54: 230001 adresses traitées
adresse : bulk pour les ids de 8931489 à 8932488
bulk : {
  "took" : 97,
  "errors" :  ...
54: 231001 adresses traitées
adresse : bulk pour les ids de 8932489 à 8933488
bulk : {
  "took" : 76,
  "errors" :  ...
54: 232001 adresses traitées
adresse : bulk pour les ids de 8933489 à 8934488
bulk : {
  "took" : 108,
  "errors" : ...
54: 233001 adresses traitées
adresse : bulk pour les ids de 8934489 à 8935488
bulk : {
  "took" : 70,
  "errors" :  ...
54: 234001 adresses traitées
adresse : bulk pour les ids de 8935489 à 8936488
bulk : {
  "took" : 112,
  "errors" : ...
54: 235001 adresses traitées
adresse : bulk pour les ids de 8936489 à 8937488
bulk : {
  "took" : 85,
  "errors" :  ...
54: 236001 adresses traitées
adresse : bulk pour les ids de 8937489 à 8938488
bulk : {
  "took" : 110,
  "errors" : ...
54: 237001 adresses traitées
adresse : bulk pour les ids de 8938489 à 8939488
bulk : {
  "took" : 87,
  "errors" :  ...
54: 238001 adresses traitées
adresse : bulk pour les ids de 8939489 à 8940488
bulk : {
  "took" : 107,
  "errors" : ...
54: 239001 adresses traitées
adresse : bulk pour les ids de 8940489 à 8941488
bulk : {
  "took" : 96,
  "errors" :  ...
54: 240001 adresses traitées
adresse : bulk pour les ids de 8941489 à 8942488
bulk : {
  "took" : 85,
  "errors" :  ...
54: 241001 adresses traitées
adresse : bulk pour les ids de 8942489 à 8943488
bulk : {
  "took" : 71,
  "errors" :  ...
54: 242001 adresses traitées
adresse : bulk pour les ids de 8943489 à 8944488
bulk : {
  "took" : 109,
  "errors" : ...
54: 243001 adresses traitées
54: 244001 adresses traitées
adresse : bulk pour les ids de 8944489 à 8945488
bulk : {
  "took" : 74,
  "errors" :  ...
54: 245001 adresses traitées
adresse : bulk pour les ids de 8945489 à 8946488
bulk : {
  "took" : 124,
  "errors" : ...
54: 246001 adresses traitées
adresse : bulk pour les ids de 8946489 à 8947488
bulk : {
  "took" : 98,
  "errors" :  ...
54: 247001 adresses traitées
adresse : bulk pour les ids de 8947489 à 8948488
bulk : {
  "took" : 110,
  "errors" : ...
54: 248001 adresses traitées
adresse : bulk pour les ids de 8948489 à 8949488
bulk : {
  "took" : 92,
  "errors" :  ...
54: 249001 adresses traitées
adresse : bulk pour les ids de 8949489 à 8950488
bulk : {
  "took" : 101,
  "errors" : ...
54: 250001 adresses traitées
adresse : bulk pour les ids de 8950489 à 8951488
bulk : {
  "took" : 88,
  "errors" :  ...
54: 251001 adresses traitées
adresse : bulk pour les ids de 8951489 à 8952488
bulk : {
  "took" : 117,
  "errors" : ...
54: 252001 adresses traitées
adresse : bulk pour les ids de 8952489 à 8953488
bulk : {
  "took" : 86,
  "errors" :  ...
54: 253001 adresses traitées
adresse : bulk pour les ids de 8953489 à 8954488
bulk : {
  "took" : 120,
  "errors" : ...
54: 254001 adresses traitées
adresse : bulk pour les ids de 8954489 à 8955488
bulk : {
  "took" : 92,
  "errors" :  ...
54: 255001 adresses traitées
adresse : bulk pour les ids de 8955489 à 8956488
bulk : {
  "took" : 94,
  "errors" :  ...
54: 256001 adresses traitées
adresse : bulk pour les ids de 8956489 à 8957488
bulk : {
  "took" : 475,
  "errors" : ...
54: 257001 adresses traitées
adresse : bulk pour les ids de 8957489 à 8958488
bulk : {
  "took" : 88,
  "errors" :  ...
54: 258001 adresses traitées
adresse : bulk pour les ids de 8958489 à 8959488
bulk : {
  "took" : 72,
  "errors" :  ...
54: 259001 adresses traitées
adresse : bulk pour les ids de 8959489 à 8960176
bulk : {
  "took" : 63,
  "errors" :  ...
dpt 55 : voies
55: 1 voies traitées
voie : bulk pour les ids de 684555 à 684754
bulk : {
  "took" : 13,
  "errors" :  ...
55: 201 voies traitées
voie : bulk pour les ids de 684755 à 684954
bulk : {
  "took" : 12,
  "errors" :  ...
55: 401 voies traitées
voie : bulk pour les ids de 684955 à 685154
bulk : {
  "took" : 12,
  "errors" :  ...
55: 601 voies traitées
voie : bulk pour les ids de 685155 à 685354
bulk : {
  "took" : 13,
  "errors" :  ...
55: 801 voies traitées
voie : bulk pour les ids de 685355 à 685554
bulk : {
  "took" : 12,
  "errors" :  ...
55: 1001 voies traitées
voie : bulk pour les ids de 685555 à 685754
bulk : {
  "took" : 28,
  "errors" :  ...
55: 1201 voies traitées
voie : bulk pour les ids de 685755 à 685954
bulk : {
  "took" : 13,
  "errors" :  ...
55: 1401 voies traitées
voie : bulk pour les ids de 685955 à 686154
bulk : {
  "took" : 12,
  "errors" :  ...
55: 1601 voies traitées
voie : bulk pour les ids de 686155 à 686354
bulk : {
  "took" : 12,
  "errors" :  ...
55: 1801 voies traitées
voie : bulk pour les ids de 686355 à 686554
bulk : {
  "took" : 13,
  "errors" :  ...
55: 2001 voies traitées
voie : bulk pour les ids de 686555 à 686754
bulk : {
  "took" : 13,
  "errors" :  ...
55: 2201 voies traitées
voie : bulk pour les ids de 686755 à 686954
bulk : {
  "took" : 13,
  "errors" :  ...
55: 2401 voies traitées
voie : bulk pour les ids de 686955 à 687154
bulk : {
  "took" : 12,
  "errors" :  ...
55: 2601 voies traitées
voie : bulk pour les ids de 687155 à 687354
bulk : {
  "took" : 12,
  "errors" :  ...
55: 2801 voies traitées
voie : bulk pour les ids de 687355 à 687554
bulk : {
  "took" : 12,
  "errors" :  ...
55: 3001 voies traitées
voie : bulk pour les ids de 687555 à 687754
bulk : {
  "took" : 28,
  "errors" :  ...
55: 3201 voies traitées
voie : bulk pour les ids de 687755 à 687954
bulk : {
  "took" : 12,
  "errors" :  ...
55: 3401 voies traitées
voie : bulk pour les ids de 687955 à 688154
bulk : {
  "took" : 12,
  "errors" :  ...
55: 3601 voies traitées
voie : bulk pour les ids de 688155 à 688354
bulk : {
  "took" : 32,
  "errors" :  ...
55: 3801 voies traitées
voie : bulk pour les ids de 688355 à 688554
bulk : {
  "took" : 13,
  "errors" :  ...
55: 4001 voies traitées
voie : bulk pour les ids de 688555 à 688754
bulk : {
  "took" : 13,
  "errors" :  ...
55: 4201 voies traitées
voie : bulk pour les ids de 688755 à 688954
bulk : {
  "took" : 13,
  "errors" :  ...
55: 4401 voies traitées
voie : bulk pour les ids de 688955 à 689154
bulk : {
  "took" : 14,
  "errors" :  ...
55: 4601 voies traitées
voie : bulk pour les ids de 689155 à 689354
bulk : {
  "took" : 12,
  "errors" :  ...
55: 4801 voies traitées
voie : bulk pour les ids de 689355 à 689554
bulk : {
  "took" : 33,
  "errors" :  ...
55: 5001 voies traitées
voie : bulk pour les ids de 689555 à 689754
bulk : {
  "took" : 13,
  "errors" :  ...
55: 5201 voies traitées
voie : bulk pour les ids de 689755 à 689954
bulk : {
  "took" : 13,
  "errors" :  ...
55: 5401 voies traitées
voie : bulk pour les ids de 689955 à 690154
bulk : {
  "took" : 13,
  "errors" :  ...
55: 5601 voies traitées
voie : bulk pour les ids de 690155 à 690354
bulk : {
  "took" : 13,
  "errors" :  ...
55: 5801 voies traitées
voie : bulk pour les ids de 690355 à 690554
bulk : {
  "took" : 13,
  "errors" :  ...
55: 6001 voies traitées
voie : bulk pour les ids de 690555 à 690754
bulk : {
  "took" : 13,
  "errors" :  ...
55: 6201 voies traitées
voie : bulk pour les ids de 690755 à 690954
bulk : {
  "took" : 46,
  "errors" :  ...
55: 6401 voies traitées
voie : bulk pour les ids de 690955 à 691154
bulk : {
  "took" : 11,
  "errors" :  ...
55: 6601 voies traitées
voie : bulk pour les ids de 691155 à 691354
bulk : {
  "took" : 12,
  "errors" :  ...
55: 6801 voies traitées
voie : bulk pour les ids de 691355 à 691554
bulk : {
  "took" : 13,
  "errors" :  ...
55: 7001 voies traitées
voie : bulk pour les ids de 691555 à 691754
bulk : {
  "took" : 12,
  "errors" :  ...
55: 7201 voies traitées
voie : bulk pour les ids de 691755 à 691954
bulk : {
  "took" : 22,
  "errors" :  ...
55: 7401 voies traitées
voie : bulk pour les ids de 691955 à 692154
bulk : {
  "took" : 18,
  "errors" :  ...
55: 7601 voies traitées
voie : bulk pour les ids de 692155 à 692354
bulk : {
  "took" : 18,
  "errors" :  ...
55: 7801 voies traitées
voie : bulk pour les ids de 692355 à 692554
bulk : {
  "took" : 31,
  "errors" :  ...
55: 8001 voies traitées
voie : bulk pour les ids de 692555 à 692754
bulk : {
  "took" : 14,
  "errors" :  ...
55: 8201 voies traitées
voie : bulk pour les ids de 692755 à 692810
bulk : {
  "took" : 4,
  "errors" : f ...
dpt 55 : adresses
55: 1 adresses traitées
55: 1001 adresses traitées
adresse : bulk pour les ids de 8960177 à 8961176
bulk : {
  "took" : 71,
  "errors" :  ...
55: 2001 adresses traitées
adresse : bulk pour les ids de 8961177 à 8962176
bulk : {
  "took" : 85,
  "errors" :  ...
55: 3001 adresses traitées
adresse : bulk pour les ids de 8962177 à 8963176
bulk : {
  "took" : 69,
  "errors" :  ...
55: 4001 adresses traitées
adresse : bulk pour les ids de 8963177 à 8964176
bulk : {
  "took" : 89,
  "errors" :  ...
55: 5001 adresses traitées
adresse : bulk pour les ids de 8964177 à 8965176
bulk : {
  "took" : 68,
  "errors" :  ...
55: 6001 adresses traitées
adresse : bulk pour les ids de 8965177 à 8966176
bulk : {
  "took" : 68,
  "errors" :  ...
55: 7001 adresses traitées
adresse : bulk pour les ids de 8966177 à 8967176
bulk : {
  "took" : 84,
  "errors" :  ...
55: 8001 adresses traitées
adresse : bulk pour les ids de 8967177 à 8968176
bulk : {
  "took" : 73,
  "errors" :  ...
55: 9001 adresses traitées
adresse : bulk pour les ids de 8968177 à 8969176
bulk : {
  "took" : 84,
  "errors" :  ...
55: 10001 adresses traitées
adresse : bulk pour les ids de 8969177 à 8970176
bulk : {
  "took" : 69,
  "errors" :  ...
55: 11001 adresses traitées
adresse : bulk pour les ids de 8970177 à 8971176
bulk : {
  "took" : 86,
  "errors" :  ...
55: 12001 adresses traitées
adresse : bulk pour les ids de 8971177 à 8972176
bulk : {
  "took" : 69,
  "errors" :  ...
55: 13001 adresses traitées
adresse : bulk pour les ids de 8972177 à 8973176
bulk : {
  "took" : 87,
  "errors" :  ...
55: 14001 adresses traitées
55: 15001 adresses traitées
adresse : bulk pour les ids de 8973177 à 8974176
bulk : {
  "took" : 69,
  "errors" :  ...
55: 16001 adresses traitées
adresse : bulk pour les ids de 8974177 à 8975176
bulk : {
  "took" : 91,
  "errors" :  ...
55: 17001 adresses traitées
adresse : bulk pour les ids de 8975177 à 8976176
bulk : {
  "took" : 78,
  "errors" :  ...
55: 18001 adresses traitées
adresse : bulk pour les ids de 8976177 à 8977176
bulk : {
  "took" : 82,
  "errors" :  ...
55: 19001 adresses traitées
adresse : bulk pour les ids de 8977177 à 8978176
bulk : {
  "took" : 70,
  "errors" :  ...
55: 20001 adresses traitées
adresse : bulk pour les ids de 8978177 à 8979176
bulk : {
  "took" : 88,
  "errors" :  ...
55: 21001 adresses traitées
adresse : bulk pour les ids de 8979177 à 8980176
bulk : {
  "took" : 72,
  "errors" :  ...
55: 22001 adresses traitées
adresse : bulk pour les ids de 8980177 à 8981176
bulk : {
  "took" : 91,
  "errors" :  ...
55: 23001 adresses traitées
adresse : bulk pour les ids de 8981177 à 8982176
bulk : {
  "took" : 74,
  "errors" :  ...
55: 24001 adresses traitées
adresse : bulk pour les ids de 8982177 à 8983176
bulk : {
  "took" : 89,
  "errors" :  ...
55: 25001 adresses traitées
adresse : bulk pour les ids de 8983177 à 8984176
bulk : {
  "took" : 71,
  "errors" :  ...
55: 26001 adresses traitées
adresse : bulk pour les ids de 8984177 à 8985176
bulk : {
  "took" : 89,
  "errors" :  ...
55: 27001 adresses traitées
adresse : bulk pour les ids de 8985177 à 8986176
bulk : {
  "took" : 73,
  "errors" :  ...
55: 28001 adresses traitées
adresse : bulk pour les ids de 8986177 à 8987176
bulk : {
  "took" : 91,
  "errors" :  ...
55: 29001 adresses traitées
adresse : bulk pour les ids de 8987177 à 8988176
bulk : {
  "took" : 72,
  "errors" :  ...
55: 30001 adresses traitées
adresse : bulk pour les ids de 8988177 à 8989176
bulk : {
  "took" : 91,
  "errors" :  ...
55: 31001 adresses traitées
adresse : bulk pour les ids de 8989177 à 8990176
bulk : {
  "took" : 71,
  "errors" :  ...
55: 32001 adresses traitées
adresse : bulk pour les ids de 8990177 à 8991176
bulk : {
  "took" : 91,
  "errors" :  ...
55: 33001 adresses traitées
adresse : bulk pour les ids de 8991177 à 8992176
bulk : {
  "took" : 87,
  "errors" :  ...
55: 34001 adresses traitées
55: 35001 adresses traitées
adresse : bulk pour les ids de 8992177 à 8993176
bulk : {
  "took" : 70,
  "errors" :  ...
55: 36001 adresses traitées
adresse : bulk pour les ids de 8993177 à 8994176
bulk : {
  "took" : 90,
  "errors" :  ...
55: 37001 adresses traitées
adresse : bulk pour les ids de 8994177 à 8995176
bulk : {
  "took" : 71,
  "errors" :  ...
55: 38001 adresses traitées
adresse : bulk pour les ids de 8995177 à 8996176
bulk : {
  "took" : 85,
  "errors" :  ...
55: 39001 adresses traitées
adresse : bulk pour les ids de 8996177 à 8997176
bulk : {
  "took" : 70,
  "errors" :  ...
55: 40001 adresses traitées
adresse : bulk pour les ids de 8997177 à 8998176
bulk : {
  "took" : 91,
  "errors" :  ...
55: 41001 adresses traitées
adresse : bulk pour les ids de 8998177 à 8999176
bulk : {
  "took" : 70,
  "errors" :  ...
55: 42001 adresses traitées
adresse : bulk pour les ids de 8999177 à 9000176
bulk : {
  "took" : 92,
  "errors" :  ...
55: 43001 adresses traitées
adresse : bulk pour les ids de 9000177 à 9001176
bulk : {
  "took" : 72,
  "errors" :  ...
55: 44001 adresses traitées
adresse : bulk pour les ids de 9001177 à 9002176
bulk : {
  "took" : 90,
  "errors" :  ...
55: 45001 adresses traitées
adresse : bulk pour les ids de 9002177 à 9003176
bulk : {
  "took" : 72,
  "errors" :  ...
55: 46001 adresses traitées
adresse : bulk pour les ids de 9003177 à 9004176
bulk : {
  "took" : 85,
  "errors" :  ...
55: 47001 adresses traitées
adresse : bulk pour les ids de 9004177 à 9005176
bulk : {
  "took" : 72,
  "errors" :  ...
55: 48001 adresses traitées
adresse : bulk pour les ids de 9005177 à 9006176
bulk : {
  "took" : 85,
  "errors" :  ...
55: 49001 adresses traitées
adresse : bulk pour les ids de 9006177 à 9007176
bulk : {
  "took" : 73,
  "errors" :  ...
55: 50001 adresses traitées
adresse : bulk pour les ids de 9007177 à 9008176
bulk : {
  "took" : 89,
  "errors" :  ...
55: 51001 adresses traitées
adresse : bulk pour les ids de 9008177 à 9009176
bulk : {
  "took" : 71,
  "errors" :  ...
55: 52001 adresses traitées
adresse : bulk pour les ids de 9009177 à 9010176
bulk : {
  "took" : 87,
  "errors" :  ...
55: 53001 adresses traitées
adresse : bulk pour les ids de 9010177 à 9011176
bulk : {
  "took" : 70,
  "errors" :  ...
55: 54001 adresses traitées
adresse : bulk pour les ids de 9011177 à 9012176
bulk : {
  "took" : 91,
  "errors" :  ...
55: 55001 adresses traitées
adresse : bulk pour les ids de 9012177 à 9013176
bulk : {
  "took" : 71,
  "errors" :  ...
55: 56001 adresses traitées
55: 57001 adresses traitées
adresse : bulk pour les ids de 9013177 à 9014176
bulk : {
  "took" : 90,
  "errors" :  ...
55: 58001 adresses traitées
adresse : bulk pour les ids de 9014177 à 9015176
bulk : {
  "took" : 70,
  "errors" :  ...
55: 59001 adresses traitées
adresse : bulk pour les ids de 9015177 à 9016176
bulk : {
  "took" : 88,
  "errors" :  ...
55: 60001 adresses traitées
adresse : bulk pour les ids de 9016177 à 9017176
bulk : {
  "took" : 71,
  "errors" :  ...
55: 61001 adresses traitées
adresse : bulk pour les ids de 9017177 à 9018176
bulk : {
  "took" : 68,
  "errors" :  ...
55: 62001 adresses traitées
adresse : bulk pour les ids de 9018177 à 9019176
bulk : {
  "took" : 85,
  "errors" :  ...
55: 63001 adresses traitées
adresse : bulk pour les ids de 9019177 à 9020176
bulk : {
  "took" : 72,
  "errors" :  ...
55: 64001 adresses traitées
adresse : bulk pour les ids de 9020177 à 9021176
bulk : {
  "took" : 93,
  "errors" :  ...
55: 65001 adresses traitées
adresse : bulk pour les ids de 9021177 à 9022176
bulk : {
  "took" : 74,
  "errors" :  ...
55: 66001 adresses traitées
adresse : bulk pour les ids de 9022177 à 9023176
bulk : {
  "took" : 85,
  "errors" :  ...
55: 67001 adresses traitées
adresse : bulk pour les ids de 9023177 à 9024176
bulk : {
  "took" : 76,
  "errors" :  ...
55: 68001 adresses traitées
adresse : bulk pour les ids de 9024177 à 9025176
bulk : {
  "took" : 83,
  "errors" :  ...
55: 69001 adresses traitées
adresse : bulk pour les ids de 9025177 à 9026176
bulk : {
  "took" : 75,
  "errors" :  ...
55: 70001 adresses traitées
adresse : bulk pour les ids de 9026177 à 9027176
bulk : {
  "took" : 90,
  "errors" :  ...
55: 71001 adresses traitées
adresse : bulk pour les ids de 9027177 à 9028176
bulk : {
  "took" : 70,
  "errors" :  ...
55: 72001 adresses traitées
adresse : bulk pour les ids de 9028177 à 9029176
bulk : {
  "took" : 91,
  "errors" :  ...
55: 73001 adresses traitées
adresse : bulk pour les ids de 9029177 à 9030176
bulk : {
  "took" : 88,
  "errors" :  ...
55: 74001 adresses traitées
adresse : bulk pour les ids de 9030177 à 9031176
bulk : {
  "took" : 87,
  "errors" :  ...
55: 75001 adresses traitées
adresse : bulk pour les ids de 9031177 à 9032176
bulk : {
  "took" : 72,
  "errors" :  ...
55: 76001 adresses traitées
adresse : bulk pour les ids de 9032177 à 9033176
bulk : {
  "took" : 83,
  "errors" :  ...
55: 77001 adresses traitées
adresse : bulk pour les ids de 9033177 à 9034176
bulk : {
  "took" : 70,
  "errors" :  ...
55: 78001 adresses traitées
55: 79001 adresses traitées
adresse : bulk pour les ids de 9034177 à 9035176
bulk : {
  "took" : 91,
  "errors" :  ...
55: 80001 adresses traitées
adresse : bulk pour les ids de 9035177 à 9036176
bulk : {
  "took" : 69,
  "errors" :  ...
55: 81001 adresses traitées
adresse : bulk pour les ids de 9036177 à 9037176
bulk : {
  "took" : 85,
  "errors" :  ...
55: 82001 adresses traitées
adresse : bulk pour les ids de 9037177 à 9038176
bulk : {
  "took" : 72,
  "errors" :  ...
55: 83001 adresses traitées
adresse : bulk pour les ids de 9038177 à 9039176
bulk : {
  "took" : 87,
  "errors" :  ...
55: 84001 adresses traitées
adresse : bulk pour les ids de 9039177 à 9040176
bulk : {
  "took" : 75,
  "errors" :  ...
55: 85001 adresses traitées
adresse : bulk pour les ids de 9040177 à 9041176
bulk : {
  "took" : 88,
  "errors" :  ...
55: 86001 adresses traitées
adresse : bulk pour les ids de 9041177 à 9042176
bulk : {
  "took" : 72,
  "errors" :  ...
55: 87001 adresses traitées
adresse : bulk pour les ids de 9042177 à 9043176
bulk : {
  "took" : 89,
  "errors" :  ...
55: 88001 adresses traitées
adresse : bulk pour les ids de 9043177 à 9044176
bulk : {
  "took" : 72,
  "errors" :  ...
55: 89001 adresses traitées
adresse : bulk pour les ids de 9044177 à 9045176
bulk : {
  "took" : 68,
  "errors" :  ...
55: 90001 adresses traitées
adresse : bulk pour les ids de 9045177 à 9046176
bulk : {
  "took" : 98,
  "errors" :  ...
55: 91001 adresses traitées
adresse : bulk pour les ids de 9046177 à 9047176
bulk : {
  "took" : 70,
  "errors" :  ...
55: 92001 adresses traitées
adresse : bulk pour les ids de 9047177 à 9048176
bulk : {
  "took" : 92,
  "errors" :  ...
55: 93001 adresses traitées
adresse : bulk pour les ids de 9048177 à 9049176
bulk : {
  "took" : 70,
  "errors" :  ...
55: 94001 adresses traitées
adresse : bulk pour les ids de 9049177 à 9050176
bulk : {
  "took" : 86,
  "errors" :  ...
55: 95001 adresses traitées
adresse : bulk pour les ids de 9050177 à 9051176
bulk : {
  "took" : 72,
  "errors" :  ...
55: 96001 adresses traitées
adresse : bulk pour les ids de 9051177 à 9052176
bulk : {
  "took" : 89,
  "errors" :  ...
55: 97001 adresses traitées
adresse : bulk pour les ids de 9052177 à 9053176
bulk : {
  "took" : 72,
  "errors" :  ...
55: 98001 adresses traitées
adresse : bulk pour les ids de 9053177 à 9053323
bulk : {
  "took" : 11,
  "errors" :  ...
dpt 56 : voies
56: 1 voies traitées
voie : bulk pour les ids de 692811 à 693010
bulk : {
  "took" : 12,
  "errors" :  ...
56: 201 voies traitées
voie : bulk pour les ids de 693011 à 693210
bulk : {
  "took" : 12,
  "errors" :  ...
56: 401 voies traitées
voie : bulk pour les ids de 693211 à 693410
bulk : {
  "took" : 32,
  "errors" :  ...
56: 601 voies traitées
voie : bulk pour les ids de 693411 à 693610
bulk : {
  "took" : 13,
  "errors" :  ...
56: 801 voies traitées
voie : bulk pour les ids de 693611 à 693810
bulk : {
  "took" : 12,
  "errors" :  ...
56: 1001 voies traitées
voie : bulk pour les ids de 693811 à 694010
bulk : {
  "took" : 12,
  "errors" :  ...
56: 1201 voies traitées
voie : bulk pour les ids de 694011 à 694210
bulk : {
  "took" : 12,
  "errors" :  ...
56: 1401 voies traitées
voie : bulk pour les ids de 694211 à 694410
bulk : {
  "took" : 12,
  "errors" :  ...
56: 1601 voies traitées
voie : bulk pour les ids de 694411 à 694610
bulk : {
  "took" : 12,
  "errors" :  ...
56: 1801 voies traitées
voie : bulk pour les ids de 694611 à 694810
bulk : {
  "took" : 13,
  "errors" :  ...
56: 2001 voies traitées
voie : bulk pour les ids de 694811 à 695010
bulk : {
  "took" : 12,
  "errors" :  ...
56: 2201 voies traitées
voie : bulk pour les ids de 695011 à 695210
bulk : {
  "took" : 12,
  "errors" :  ...
56: 2401 voies traitées
voie : bulk pour les ids de 695211 à 695410
bulk : {
  "took" : 11,
  "errors" :  ...
56: 2601 voies traitées
voie : bulk pour les ids de 695411 à 695610
bulk : {
  "took" : 32,
  "errors" :  ...
56: 2801 voies traitées
voie : bulk pour les ids de 695611 à 695810
bulk : {
  "took" : 21,
  "errors" :  ...
56: 3001 voies traitées
voie : bulk pour les ids de 695811 à 696010
bulk : {
  "took" : 16,
  "errors" :  ...
56: 3201 voies traitées
voie : bulk pour les ids de 696011 à 696210
bulk : {
  "took" : 11,
  "errors" :  ...
56: 3401 voies traitées
voie : bulk pour les ids de 696211 à 696410
bulk : {
  "took" : 11,
  "errors" :  ...
56: 3601 voies traitées
voie : bulk pour les ids de 696411 à 696610
bulk : {
  "took" : 12,
  "errors" :  ...
56: 3801 voies traitées
voie : bulk pour les ids de 696611 à 696810
bulk : {
  "took" : 11,
  "errors" :  ...
56: 4001 voies traitées
voie : bulk pour les ids de 696811 à 697010
bulk : {
  "took" : 11,
  "errors" :  ...
56: 4201 voies traitées
voie : bulk pour les ids de 697011 à 697210
bulk : {
  "took" : 12,
  "errors" :  ...
56: 4401 voies traitées
voie : bulk pour les ids de 697211 à 697410
bulk : {
  "took" : 30,
  "errors" :  ...
56: 4601 voies traitées
voie : bulk pour les ids de 697411 à 697610
bulk : {
  "took" : 12,
  "errors" :  ...
56: 4801 voies traitées
voie : bulk pour les ids de 697611 à 697810
bulk : {
  "took" : 11,
  "errors" :  ...
56: 5001 voies traitées
voie : bulk pour les ids de 697811 à 698010
bulk : {
  "took" : 12,
  "errors" :  ...
56: 5201 voies traitées
voie : bulk pour les ids de 698011 à 698210
bulk : {
  "took" : 12,
  "errors" :  ...
56: 5401 voies traitées
voie : bulk pour les ids de 698211 à 698410
bulk : {
  "took" : 12,
  "errors" :  ...
56: 5601 voies traitées
voie : bulk pour les ids de 698411 à 698610
bulk : {
  "took" : 12,
  "errors" :  ...
56: 5801 voies traitées
voie : bulk pour les ids de 698611 à 698810
bulk : {
  "took" : 12,
  "errors" :  ...
56: 6001 voies traitées
voie : bulk pour les ids de 698811 à 699010
bulk : {
  "took" : 12,
  "errors" :  ...
56: 6201 voies traitées
voie : bulk pour les ids de 699011 à 699210
bulk : {
  "took" : 12,
  "errors" :  ...
56: 6401 voies traitées
voie : bulk pour les ids de 699211 à 699410
bulk : {
  "took" : 12,
  "errors" :  ...
56: 6601 voies traitées
voie : bulk pour les ids de 699411 à 699610
bulk : {
  "took" : 40,
  "errors" :  ...
56: 6801 voies traitées
voie : bulk pour les ids de 699611 à 699810
bulk : {
  "took" : 16,
  "errors" :  ...
56: 7001 voies traitées
voie : bulk pour les ids de 699811 à 700010
bulk : {
  "took" : 12,
  "errors" :  ...
56: 7201 voies traitées
voie : bulk pour les ids de 700011 à 700210
bulk : {
  "took" : 11,
  "errors" :  ...
56: 7401 voies traitées
voie : bulk pour les ids de 700211 à 700410
bulk : {
  "took" : 11,
  "errors" :  ...
56: 7601 voies traitées
voie : bulk pour les ids de 700411 à 700610
bulk : {
  "took" : 11,
  "errors" :  ...
56: 7801 voies traitées
voie : bulk pour les ids de 700611 à 700810
bulk : {
  "took" : 11,
  "errors" :  ...
56: 8001 voies traitées
voie : bulk pour les ids de 700811 à 701010
bulk : {
  "took" : 12,
  "errors" :  ...
56: 8201 voies traitées
voie : bulk pour les ids de 701011 à 701210
bulk : {
  "took" : 11,
  "errors" :  ...
56: 8401 voies traitées
voie : bulk pour les ids de 701211 à 701410
bulk : {
  "took" : 28,
  "errors" :  ...
56: 8601 voies traitées
voie : bulk pour les ids de 701411 à 701610
bulk : {
  "took" : 12,
  "errors" :  ...
56: 8801 voies traitées
voie : bulk pour les ids de 701611 à 701810
bulk : {
  "took" : 12,
  "errors" :  ...
56: 9001 voies traitées
voie : bulk pour les ids de 701811 à 702010
bulk : {
  "took" : 11,
  "errors" :  ...
56: 9201 voies traitées
voie : bulk pour les ids de 702011 à 702210
bulk : {
  "took" : 12,
  "errors" :  ...
56: 9401 voies traitées
voie : bulk pour les ids de 702211 à 702410
bulk : {
  "took" : 12,
  "errors" :  ...
56: 9601 voies traitées
voie : bulk pour les ids de 702411 à 702610
bulk : {
  "took" : 12,
  "errors" :  ...
56: 9801 voies traitées
voie : bulk pour les ids de 702611 à 702810
bulk : {
  "took" : 30,
  "errors" :  ...
56: 10001 voies traitées
voie : bulk pour les ids de 702811 à 703010
bulk : {
  "took" : 12,
  "errors" :  ...
56: 10201 voies traitées
voie : bulk pour les ids de 703011 à 703210
bulk : {
  "took" : 11,
  "errors" :  ...
56: 10401 voies traitées
voie : bulk pour les ids de 703211 à 703410
bulk : {
  "took" : 12,
  "errors" :  ...
56: 10601 voies traitées
voie : bulk pour les ids de 703411 à 703610
bulk : {
  "took" : 22,
  "errors" :  ...
56: 10801 voies traitées
voie : bulk pour les ids de 703611 à 703810
bulk : {
  "took" : 13,
  "errors" :  ...
56: 11001 voies traitées
voie : bulk pour les ids de 703811 à 704010
bulk : {
  "took" : 12,
  "errors" :  ...
56: 11201 voies traitées
voie : bulk pour les ids de 704011 à 704210
bulk : {
  "took" : 12,
  "errors" :  ...
56: 11401 voies traitées
voie : bulk pour les ids de 704211 à 704410
bulk : {
  "took" : 12,
  "errors" :  ...
56: 11601 voies traitées
voie : bulk pour les ids de 704411 à 704610
bulk : {
  "took" : 12,
  "errors" :  ...
56: 11801 voies traitées
voie : bulk pour les ids de 704611 à 704810
bulk : {
  "took" : 31,
  "errors" :  ...
56: 12001 voies traitées
voie : bulk pour les ids de 704811 à 705010
bulk : {
  "took" : 12,
  "errors" :  ...
56: 12201 voies traitées
voie : bulk pour les ids de 705011 à 705210
bulk : {
  "took" : 12,
  "errors" :  ...
56: 12401 voies traitées
voie : bulk pour les ids de 705211 à 705410
bulk : {
  "took" : 13,
  "errors" :  ...
56: 12601 voies traitées
voie : bulk pour les ids de 705411 à 705610
bulk : {
  "took" : 11,
  "errors" :  ...
56: 12801 voies traitées
voie : bulk pour les ids de 705611 à 705810
bulk : {
  "took" : 13,
  "errors" :  ...
56: 13001 voies traitées
voie : bulk pour les ids de 705811 à 706010
bulk : {
  "took" : 12,
  "errors" :  ...
56: 13201 voies traitées
voie : bulk pour les ids de 706011 à 706210
bulk : {
  "took" : 12,
  "errors" :  ...
56: 13401 voies traitées
voie : bulk pour les ids de 706211 à 706410
bulk : {
  "took" : 12,
  "errors" :  ...
56: 13601 voies traitées
voie : bulk pour les ids de 706411 à 706610
bulk : {
  "took" : 12,
  "errors" :  ...
56: 13801 voies traitées
voie : bulk pour les ids de 706611 à 706810
bulk : {
  "took" : 27,
  "errors" :  ...
56: 14001 voies traitées
voie : bulk pour les ids de 706811 à 707010
bulk : {
  "took" : 12,
  "errors" :  ...
56: 14201 voies traitées
voie : bulk pour les ids de 707011 à 707210
bulk : {
  "took" : 12,
  "errors" :  ...
56: 14401 voies traitées
voie : bulk pour les ids de 707211 à 707410
bulk : {
  "took" : 20,
  "errors" :  ...
56: 14601 voies traitées
voie : bulk pour les ids de 707411 à 707610
bulk : {
  "took" : 12,
  "errors" :  ...
56: 14801 voies traitées
voie : bulk pour les ids de 707611 à 707810
bulk : {
  "took" : 11,
  "errors" :  ...
56: 15001 voies traitées
voie : bulk pour les ids de 707811 à 708010
bulk : {
  "took" : 12,
  "errors" :  ...
56: 15201 voies traitées
voie : bulk pour les ids de 708011 à 708210
bulk : {
  "took" : 24,
  "errors" :  ...
56: 15401 voies traitées
voie : bulk pour les ids de 708211 à 708410
bulk : {
  "took" : 12,
  "errors" :  ...
56: 15601 voies traitées
voie : bulk pour les ids de 708411 à 708610
bulk : {
  "took" : 11,
  "errors" :  ...
56: 15801 voies traitées
voie : bulk pour les ids de 708611 à 708810
bulk : {
  "took" : 11,
  "errors" :  ...
56: 16001 voies traitées
voie : bulk pour les ids de 708811 à 709010
bulk : {
  "took" : 12,
  "errors" :  ...
56: 16201 voies traitées
voie : bulk pour les ids de 709011 à 709210
bulk : {
  "took" : 12,
  "errors" :  ...
56: 16401 voies traitées
voie : bulk pour les ids de 709211 à 709410
bulk : {
  "took" : 11,
  "errors" :  ...
56: 16601 voies traitées
voie : bulk pour les ids de 709411 à 709610
bulk : {
  "took" : 12,
  "errors" :  ...
56: 16801 voies traitées
voie : bulk pour les ids de 709611 à 709810
bulk : {
  "took" : 12,
  "errors" :  ...
56: 17001 voies traitées
voie : bulk pour les ids de 709811 à 710010
bulk : {
  "took" : 12,
  "errors" :  ...
56: 17201 voies traitées
voie : bulk pour les ids de 710011 à 710210
bulk : {
  "took" : 25,
  "errors" :  ...
56: 17401 voies traitées
voie : bulk pour les ids de 710211 à 710410
bulk : {
  "took" : 11,
  "errors" :  ...
56: 17601 voies traitées
voie : bulk pour les ids de 710411 à 710610
bulk : {
  "took" : 12,
  "errors" :  ...
56: 17801 voies traitées
voie : bulk pour les ids de 710611 à 710810
bulk : {
  "took" : 11,
  "errors" :  ...
56: 18001 voies traitées
voie : bulk pour les ids de 710811 à 710934
bulk : {
  "took" : 7,
  "errors" : f ...
dpt 56 : adresses
56: 1 adresses traitées
56: 1001 adresses traitées
adresse : bulk pour les ids de 9053324 à 9054323
bulk : {
  "took" : 86,
  "errors" :  ...
56: 2001 adresses traitées
adresse : bulk pour les ids de 9054324 à 9055323
bulk : {
  "took" : 87,
  "errors" :  ...
56: 3001 adresses traitées
adresse : bulk pour les ids de 9055324 à 9056323
bulk : {
  "took" : 124,
  "errors" : ...
56: 4001 adresses traitées
adresse : bulk pour les ids de 9056324 à 9057323
bulk : {
  "took" : 76,
  "errors" :  ...
56: 5001 adresses traitées
adresse : bulk pour les ids de 9057324 à 9058323
bulk : {
  "took" : 85,
  "errors" :  ...
56: 6001 adresses traitées
56: 7001 adresses traitées
adresse : bulk pour les ids de 9058324 à 9059323
bulk : {
  "took" : 100,
  "errors" : ...
56: 8001 adresses traitées
adresse : bulk pour les ids de 9059324 à 9060323
bulk : {
  "took" : 74,
  "errors" :  ...
56: 9001 adresses traitées
adresse : bulk pour les ids de 9060324 à 9061323
bulk : {
  "took" : 91,
  "errors" :  ...
56: 10001 adresses traitées
adresse : bulk pour les ids de 9061324 à 9062323
bulk : {
  "took" : 83,
  "errors" :  ...
56: 11001 adresses traitées
adresse : bulk pour les ids de 9062324 à 9063323
bulk : {
  "took" : 86,
  "errors" :  ...
56: 12001 adresses traitées
adresse : bulk pour les ids de 9063324 à 9064323
bulk : {
  "took" : 99,
  "errors" :  ...
56: 13001 adresses traitées
adresse : bulk pour les ids de 9064324 à 9065323
bulk : {
  "took" : 84,
  "errors" :  ...
56: 14001 adresses traitées
adresse : bulk pour les ids de 9065324 à 9066323
bulk : {
  "took" : 77,
  "errors" :  ...
56: 15001 adresses traitées
adresse : bulk pour les ids de 9066324 à 9067323
bulk : {
  "took" : 73,
  "errors" :  ...
56: 16001 adresses traitées
adresse : bulk pour les ids de 9067324 à 9068323
bulk : {
  "took" : 100,
  "errors" : ...
56: 17001 adresses traitées
adresse : bulk pour les ids de 9068324 à 9069323
bulk : {
  "took" : 69,
  "errors" :  ...
56: 18001 adresses traitées
56: 19001 adresses traitées
adresse : bulk pour les ids de 9069324 à 9070323
bulk : {
  "took" : 91,
  "errors" :  ...
56: 20001 adresses traitées
adresse : bulk pour les ids de 9070324 à 9071323
bulk : {
  "took" : 83,
  "errors" :  ...
56: 21001 adresses traitées
adresse : bulk pour les ids de 9071324 à 9072323
bulk : {
  "took" : 84,
  "errors" :  ...
56: 22001 adresses traitées
adresse : bulk pour les ids de 9072324 à 9073323
bulk : {
  "took" : 85,
  "errors" :  ...
56: 23001 adresses traitées
adresse : bulk pour les ids de 9073324 à 9074323
bulk : {
  "took" : 82,
  "errors" :  ...
56: 24001 adresses traitées
adresse : bulk pour les ids de 9074324 à 9075323
bulk : {
  "took" : 86,
  "errors" :  ...
56: 25001 adresses traitées
56: 26001 adresses traitées
adresse : bulk pour les ids de 9075324 à 9076323
bulk : {
  "took" : 77,
  "errors" :  ...
56: 27001 adresses traitées
adresse : bulk pour les ids de 9076324 à 9077323
bulk : {
  "took" : 69,
  "errors" :  ...
56: 28001 adresses traitées
adresse : bulk pour les ids de 9077324 à 9078323
bulk : {
  "took" : 94,
  "errors" :  ...
56: 29001 adresses traitées
56: 30001 adresses traitées
adresse : bulk pour les ids de 9078324 à 9079323
bulk : {
  "took" : 66,
  "errors" :  ...
56: 31001 adresses traitées
adresse : bulk pour les ids de 9079324 à 9080323
bulk : {
  "took" : 109,
  "errors" : ...
56: 32001 adresses traitées
adresse : bulk pour les ids de 9080324 à 9081323
bulk : {
  "took" : 67,
  "errors" :  ...
56: 33001 adresses traitées
adresse : bulk pour les ids de 9081324 à 9082323
bulk : {
  "took" : 99,
  "errors" :  ...
56: 34001 adresses traitées
56: 35001 adresses traitées
adresse : bulk pour les ids de 9082324 à 9083323
bulk : {
  "took" : 85,
  "errors" :  ...
56: 36001 adresses traitées
adresse : bulk pour les ids de 9083324 à 9084323
bulk : {
  "took" : 97,
  "errors" :  ...
56: 37001 adresses traitées
adresse : bulk pour les ids de 9084324 à 9085323
bulk : {
  "took" : 70,
  "errors" :  ...
56: 38001 adresses traitées
adresse : bulk pour les ids de 9085324 à 9086323
bulk : {
  "took" : 92,
  "errors" :  ...
56: 39001 adresses traitées
adresse : bulk pour les ids de 9086324 à 9087323
bulk : {
  "took" : 68,
  "errors" :  ...
56: 40001 adresses traitées
adresse : bulk pour les ids de 9087324 à 9088323
bulk : {
  "took" : 96,
  "errors" :  ...
56: 41001 adresses traitées
adresse : bulk pour les ids de 9088324 à 9089323
bulk : {
  "took" : 66,
  "errors" :  ...
56: 42001 adresses traitées
adresse : bulk pour les ids de 9089324 à 9090323
bulk : {
  "took" : 102,
  "errors" : ...
56: 43001 adresses traitées
adresse : bulk pour les ids de 9090324 à 9091323
bulk : {
  "took" : 86,
  "errors" :  ...
56: 44001 adresses traitées
adresse : bulk pour les ids de 9091324 à 9092323
bulk : {
  "took" : 74,
  "errors" :  ...
56: 45001 adresses traitées
56: 46001 adresses traitées
adresse : bulk pour les ids de 9092324 à 9093323
bulk : {
  "took" : 88,
  "errors" :  ...
56: 47001 adresses traitées
adresse : bulk pour les ids de 9093324 à 9094323
bulk : {
  "took" : 81,
  "errors" :  ...
56: 48001 adresses traitées
adresse : bulk pour les ids de 9094324 à 9095323
bulk : {
  "took" : 87,
  "errors" :  ...
56: 49001 adresses traitées
adresse : bulk pour les ids de 9095324 à 9096323
bulk : {
  "took" : 100,
  "errors" : ...
56: 50001 adresses traitées
adresse : bulk pour les ids de 9096324 à 9097323
bulk : {
  "took" : 72,
  "errors" :  ...
56: 51001 adresses traitées
adresse : bulk pour les ids de 9097324 à 9098323
bulk : {
  "took" : 103,
  "errors" : ...
56: 52001 adresses traitées
adresse : bulk pour les ids de 9098324 à 9099323
bulk : {
  "took" : 70,
  "errors" :  ...
56: 53001 adresses traitées
adresse : bulk pour les ids de 9099324 à 9100323
bulk : {
  "took" : 107,
  "errors" : ...
56: 54001 adresses traitées
adresse : bulk pour les ids de 9100324 à 9101323
bulk : {
  "took" : 90,
  "errors" :  ...
56: 55001 adresses traitées
56: 56001 adresses traitées
adresse : bulk pour les ids de 9101324 à 9102323
bulk : {
  "took" : 87,
  "errors" :  ...
56: 57001 adresses traitées
adresse : bulk pour les ids de 9102324 à 9103323
bulk : {
  "took" : 68,
  "errors" :  ...
56: 58001 adresses traitées
adresse : bulk pour les ids de 9103324 à 9104323
bulk : {
  "took" : 152,
  "errors" : ...
56: 59001 adresses traitées
adresse : bulk pour les ids de 9104324 à 9105323
bulk : {
  "took" : 69,
  "errors" :  ...
56: 60001 adresses traitées
adresse : bulk pour les ids de 9105324 à 9106323
bulk : {
  "took" : 99,
  "errors" :  ...
56: 61001 adresses traitées
adresse : bulk pour les ids de 9106324 à 9107323
bulk : {
  "took" : 67,
  "errors" :  ...
56: 62001 adresses traitées
adresse : bulk pour les ids de 9107324 à 9108323
bulk : {
  "took" : 100,
  "errors" : ...
56: 63001 adresses traitées
56: 64001 adresses traitées
adresse : bulk pour les ids de 9108324 à 9109323
bulk : {
  "took" : 79,
  "errors" :  ...
56: 65001 adresses traitées
adresse : bulk pour les ids de 9109324 à 9110323
bulk : {
  "took" : 83,
  "errors" :  ...
56: 66001 adresses traitées
adresse : bulk pour les ids de 9110324 à 9111323
bulk : {
  "took" : 85,
  "errors" :  ...
56: 67001 adresses traitées
adresse : bulk pour les ids de 9111324 à 9112323
bulk : {
  "took" : 87,
  "errors" :  ...
56: 68001 adresses traitées
adresse : bulk pour les ids de 9112324 à 9113323
bulk : {
  "took" : 69,
  "errors" :  ...
56: 69001 adresses traitées
adresse : bulk pour les ids de 9113324 à 9114323
bulk : {
  "took" : 95,
  "errors" :  ...
56: 70001 adresses traitées
adresse : bulk pour les ids de 9114324 à 9115323
bulk : {
  "took" : 67,
  "errors" :  ...
56: 71001 adresses traitées
adresse : bulk pour les ids de 9115324 à 9116323
bulk : {
  "took" : 97,
  "errors" :  ...
56: 72001 adresses traitées
56: 73001 adresses traitées
adresse : bulk pour les ids de 9116324 à 9117323
bulk : {
  "took" : 69,
  "errors" :  ...
56: 74001 adresses traitées
adresse : bulk pour les ids de 9117324 à 9118323
bulk : {
  "took" : 103,
  "errors" : ...
56: 75001 adresses traitées
adresse : bulk pour les ids de 9118324 à 9119323
bulk : {
  "took" : 80,
  "errors" :  ...
56: 76001 adresses traitées
adresse : bulk pour les ids de 9119324 à 9120323
bulk : {
  "took" : 84,
  "errors" :  ...
56: 77001 adresses traitées
adresse : bulk pour les ids de 9120324 à 9121323
bulk : {
  "took" : 69,
  "errors" :  ...
56: 78001 adresses traitées
adresse : bulk pour les ids de 9121324 à 9122323
bulk : {
  "took" : 104,
  "errors" : ...
56: 79001 adresses traitées
adresse : bulk pour les ids de 9122324 à 9123323
bulk : {
  "took" : 70,
  "errors" :  ...
56: 80001 adresses traitées
adresse : bulk pour les ids de 9123324 à 9124323
bulk : {
  "took" : 101,
  "errors" : ...
56: 81001 adresses traitées
adresse : bulk pour les ids de 9124324 à 9125323
bulk : {
  "took" : 84,
  "errors" :  ...
56: 82001 adresses traitées
56: 83001 adresses traitées
adresse : bulk pour les ids de 9125324 à 9126323
bulk : {
  "took" : 83,
  "errors" :  ...
56: 84001 adresses traitées
adresse : bulk pour les ids de 9126324 à 9127323
bulk : {
  "took" : 95,
  "errors" :  ...
56: 85001 adresses traitées
adresse : bulk pour les ids de 9127324 à 9128323
bulk : {
  "took" : 92,
  "errors" :  ...
56: 86001 adresses traitées
adresse : bulk pour les ids de 9128324 à 9129323
bulk : {
  "took" : 91,
  "errors" :  ...
56: 87001 adresses traitées
adresse : bulk pour les ids de 9129324 à 9130323
bulk : {
  "took" : 107,
  "errors" : ...
56: 88001 adresses traitées
adresse : bulk pour les ids de 9130324 à 9131323
bulk : {
  "took" : 68,
  "errors" :  ...
56: 89001 adresses traitées
adresse : bulk pour les ids de 9131324 à 9132323
bulk : {
  "took" : 101,
  "errors" : ...
56: 90001 adresses traitées
adresse : bulk pour les ids de 9132324 à 9133323
bulk : {
  "took" : 67,
  "errors" :  ...
56: 91001 adresses traitées
adresse : bulk pour les ids de 9133324 à 9134323
bulk : {
  "took" : 98,
  "errors" :  ...
56: 92001 adresses traitées
adresse : bulk pour les ids de 9134324 à 9135323
bulk : {
  "took" : 69,
  "errors" :  ...
56: 93001 adresses traitées
adresse : bulk pour les ids de 9135324 à 9136323
bulk : {
  "took" : 98,
  "errors" :  ...
56: 94001 adresses traitées
adresse : bulk pour les ids de 9136324 à 9137323
bulk : {
  "took" : 84,
  "errors" :  ...
56: 95001 adresses traitées
56: 96001 adresses traitées
adresse : bulk pour les ids de 9137324 à 9138323
bulk : {
  "took" : 107,
  "errors" : ...
56: 97001 adresses traitées
adresse : bulk pour les ids de 9138324 à 9139323
bulk : {
  "took" : 68,
  "errors" :  ...
56: 98001 adresses traitées
adresse : bulk pour les ids de 9139324 à 9140323
bulk : {
  "took" : 103,
  "errors" : ...
56: 99001 adresses traitées
adresse : bulk pour les ids de 9140324 à 9141323
bulk : {
  "took" : 80,
  "errors" :  ...
56: 100001 adresses traitées
adresse : bulk pour les ids de 9141324 à 9142323
bulk : {
  "took" : 83,
  "errors" :  ...
56: 101001 adresses traitées
adresse : bulk pour les ids de 9142324 à 9143323
bulk : {
  "took" : 83,
  "errors" :  ...
56: 102001 adresses traitées
adresse : bulk pour les ids de 9143324 à 9144323
bulk : {
  "took" : 83,
  "errors" :  ...
56: 103001 adresses traitées
adresse : bulk pour les ids de 9144324 à 9145323
bulk : {
  "took" : 91,
  "errors" :  ...
56: 104001 adresses traitées
adresse : bulk pour les ids de 9145324 à 9146323
bulk : {
  "took" : 95,
  "errors" :  ...
56: 105001 adresses traitées
adresse : bulk pour les ids de 9146324 à 9147323
bulk : {
  "took" : 68,
  "errors" :  ...
56: 106001 adresses traitées
adresse : bulk pour les ids de 9147324 à 9148323
bulk : {
  "took" : 96,
  "errors" :  ...
56: 107001 adresses traitées
adresse : bulk pour les ids de 9148324 à 9149323
bulk : {
  "took" : 67,
  "errors" :  ...
56: 108001 adresses traitées
56: 109001 adresses traitées
adresse : bulk pour les ids de 9149324 à 9150323
bulk : {
  "took" : 100,
  "errors" : ...
56: 110001 adresses traitées
adresse : bulk pour les ids de 9150324 à 9151323
bulk : {
  "took" : 68,
  "errors" :  ...
56: 111001 adresses traitées
adresse : bulk pour les ids de 9151324 à 9152323
bulk : {
  "took" : 83,
  "errors" :  ...
56: 112001 adresses traitées
adresse : bulk pour les ids de 9152324 à 9153323
bulk : {
  "took" : 85,
  "errors" :  ...
56: 113001 adresses traitées
adresse : bulk pour les ids de 9153324 à 9154323
bulk : {
  "took" : 84,
  "errors" :  ...
56: 114001 adresses traitées
adresse : bulk pour les ids de 9154324 à 9155323
bulk : {
  "took" : 67,
  "errors" :  ...
56: 115001 adresses traitées
adresse : bulk pour les ids de 9155324 à 9156323
bulk : {
  "took" : 102,
  "errors" : ...
56: 116001 adresses traitées
adresse : bulk pour les ids de 9156324 à 9157323
bulk : {
  "took" : 81,
  "errors" :  ...
56: 117001 adresses traitées
56: 118001 adresses traitées
adresse : bulk pour les ids de 9157324 à 9158323
bulk : {
  "took" : 86,
  "errors" :  ...
56: 119001 adresses traitées
adresse : bulk pour les ids de 9158324 à 9159323
bulk : {
  "took" : 86,
  "errors" :  ...
56: 120001 adresses traitées
adresse : bulk pour les ids de 9159324 à 9160323
bulk : {
  "took" : 84,
  "errors" :  ...
56: 121001 adresses traitées
adresse : bulk pour les ids de 9160324 à 9161323
bulk : {
  "took" : 81,
  "errors" :  ...
56: 122001 adresses traitées
adresse : bulk pour les ids de 9161324 à 9162323
bulk : {
  "took" : 96,
  "errors" :  ...
56: 123001 adresses traitées
adresse : bulk pour les ids de 9162324 à 9163323
bulk : {
  "took" : 67,
  "errors" :  ...
56: 124001 adresses traitées
adresse : bulk pour les ids de 9163324 à 9164323
bulk : {
  "took" : 101,
  "errors" : ...
56: 125001 adresses traitées
adresse : bulk pour les ids de 9164324 à 9165323
bulk : {
  "took" : 76,
  "errors" :  ...
56: 126001 adresses traitées
adresse : bulk pour les ids de 9165324 à 9166323
bulk : {
  "took" : 95,
  "errors" :  ...
56: 127001 adresses traitées
adresse : bulk pour les ids de 9166324 à 9167323
bulk : {
  "took" : 93,
  "errors" :  ...
56: 128001 adresses traitées
adresse : bulk pour les ids de 9167324 à 9168323
bulk : {
  "took" : 69,
  "errors" :  ...
56: 129001 adresses traitées
adresse : bulk pour les ids de 9168324 à 9169323
bulk : {
  "took" : 94,
  "errors" :  ...
56: 130001 adresses traitées
56: 131001 adresses traitées
adresse : bulk pour les ids de 9169324 à 9170323
bulk : {
  "took" : 71,
  "errors" :  ...
56: 132001 adresses traitées
adresse : bulk pour les ids de 9170324 à 9171323
bulk : {
  "took" : 93,
  "errors" :  ...
56: 133001 adresses traitées
adresse : bulk pour les ids de 9171324 à 9172323
bulk : {
  "took" : 92,
  "errors" :  ...
56: 134001 adresses traitées
adresse : bulk pour les ids de 9172324 à 9173323
bulk : {
  "took" : 88,
  "errors" :  ...
56: 135001 adresses traitées
adresse : bulk pour les ids de 9173324 à 9174323
bulk : {
  "took" : 69,
  "errors" :  ...
56: 136001 adresses traitées
adresse : bulk pour les ids de 9174324 à 9175323
bulk : {
  "took" : 77,
  "errors" :  ...
56: 137001 adresses traitées
56: 138001 adresses traitées
adresse : bulk pour les ids de 9175324 à 9176323
bulk : {
  "took" : 84,
  "errors" :  ...
56: 139001 adresses traitées
adresse : bulk pour les ids de 9176324 à 9177323
bulk : {
  "took" : 78,
  "errors" :  ...
56: 140001 adresses traitées
adresse : bulk pour les ids de 9177324 à 9178323
bulk : {
  "took" : 92,
  "errors" :  ...
56: 141001 adresses traitées
adresse : bulk pour les ids de 9178324 à 9179323
bulk : {
  "took" : 80,
  "errors" :  ...
56: 142001 adresses traitées
adresse : bulk pour les ids de 9179324 à 9180323
bulk : {
  "took" : 82,
  "errors" :  ...
56: 143001 adresses traitées
adresse : bulk pour les ids de 9180324 à 9181323
bulk : {
  "took" : 92,
  "errors" :  ...
56: 144001 adresses traitées
adresse : bulk pour les ids de 9181324 à 9182323
bulk : {
  "took" : 68,
  "errors" :  ...
56: 145001 adresses traitées
adresse : bulk pour les ids de 9182324 à 9183323
bulk : {
  "took" : 96,
  "errors" :  ...
56: 146001 adresses traitées
adresse : bulk pour les ids de 9183324 à 9184323
bulk : {
  "took" : 68,
  "errors" :  ...
56: 147001 adresses traitées
56: 148001 adresses traitées
adresse : bulk pour les ids de 9184324 à 9185323
bulk : {
  "took" : 83,
  "errors" :  ...
56: 149001 adresses traitées
adresse : bulk pour les ids de 9185324 à 9186323
bulk : {
  "took" : 83,
  "errors" :  ...
56: 150001 adresses traitées
adresse : bulk pour les ids de 9186324 à 9187323
bulk : {
  "took" : 84,
  "errors" :  ...
56: 151001 adresses traitées
adresse : bulk pour les ids de 9187324 à 9188323
bulk : {
  "took" : 89,
  "errors" :  ...
56: 152001 adresses traitées
adresse : bulk pour les ids de 9188324 à 9189323
bulk : {
  "took" : 81,
  "errors" :  ...
56: 153001 adresses traitées
adresse : bulk pour les ids de 9189324 à 9190323
bulk : {
  "took" : 89,
  "errors" :  ...
56: 154001 adresses traitées
adresse : bulk pour les ids de 9190324 à 9191323
bulk : {
  "took" : 76,
  "errors" :  ...
56: 155001 adresses traitées
adresse : bulk pour les ids de 9191324 à 9192323
bulk : {
  "took" : 89,
  "errors" :  ...
56: 156001 adresses traitées
adresse : bulk pour les ids de 9192324 à 9193323
bulk : {
  "took" : 76,
  "errors" :  ...
56: 157001 adresses traitées
56: 158001 adresses traitées
adresse : bulk pour les ids de 9193324 à 9194323
bulk : {
  "took" : 79,
  "errors" :  ...
56: 159001 adresses traitées
adresse : bulk pour les ids de 9194324 à 9195323
bulk : {
  "took" : 88,
  "errors" :  ...
56: 160001 adresses traitées
adresse : bulk pour les ids de 9195324 à 9196323
bulk : {
  "took" : 81,
  "errors" :  ...
56: 161001 adresses traitées
adresse : bulk pour les ids de 9196324 à 9197323
bulk : {
  "took" : 81,
  "errors" :  ...
56: 162001 adresses traitées
adresse : bulk pour les ids de 9197324 à 9198323
bulk : {
  "took" : 68,
  "errors" :  ...
56: 163001 adresses traitées
adresse : bulk pour les ids de 9198324 à 9199323
bulk : {
  "took" : 93,
  "errors" :  ...
56: 164001 adresses traitées
adresse : bulk pour les ids de 9199324 à 9200323
bulk : {
  "took" : 68,
  "errors" :  ...
56: 165001 adresses traitées
adresse : bulk pour les ids de 9200324 à 9201323
bulk : {
  "took" : 94,
  "errors" :  ...
56: 166001 adresses traitées
56: 167001 adresses traitées
adresse : bulk pour les ids de 9201324 à 9202323
bulk : {
  "took" : 82,
  "errors" :  ...
56: 168001 adresses traitées
adresse : bulk pour les ids de 9202324 à 9203323
bulk : {
  "took" : 79,
  "errors" :  ...
56: 169001 adresses traitées
adresse : bulk pour les ids de 9203324 à 9204323
bulk : {
  "took" : 85,
  "errors" :  ...
56: 170001 adresses traitées
adresse : bulk pour les ids de 9204324 à 9205323
bulk : {
  "took" : 86,
  "errors" :  ...
56: 171001 adresses traitées
adresse : bulk pour les ids de 9205324 à 9206323
bulk : {
  "took" : 91,
  "errors" :  ...
56: 172001 adresses traitées
adresse : bulk pour les ids de 9206324 à 9207323
bulk : {
  "took" : 95,
  "errors" :  ...
56: 173001 adresses traitées
adresse : bulk pour les ids de 9207324 à 9208323
bulk : {
  "took" : 85,
  "errors" :  ...
56: 174001 adresses traitées
adresse : bulk pour les ids de 9208324 à 9209323
bulk : {
  "took" : 78,
  "errors" :  ...
56: 175001 adresses traitées
adresse : bulk pour les ids de 9209324 à 9210323
bulk : {
  "took" : 82,
  "errors" :  ...
56: 176001 adresses traitées
adresse : bulk pour les ids de 9210324 à 9211323
bulk : {
  "took" : 85,
  "errors" :  ...
56: 177001 adresses traitées
adresse : bulk pour les ids de 9211324 à 9212323
bulk : {
  "took" : 67,
  "errors" :  ...
56: 178001 adresses traitées
adresse : bulk pour les ids de 9212324 à 9213323
bulk : {
  "took" : 92,
  "errors" :  ...
56: 179001 adresses traitées
adresse : bulk pour les ids de 9213324 à 9214323
bulk : {
  "took" : 67,
  "errors" :  ...
56: 180001 adresses traitées
56: 181001 adresses traitées
adresse : bulk pour les ids de 9214324 à 9215323
bulk : {
  "took" : 90,
  "errors" :  ...
56: 182001 adresses traitées
adresse : bulk pour les ids de 9215324 à 9216323
bulk : {
  "took" : 81,
  "errors" :  ...
56: 183001 adresses traitées
adresse : bulk pour les ids de 9216324 à 9217323
bulk : {
  "took" : 75,
  "errors" :  ...
56: 184001 adresses traitées
adresse : bulk pour les ids de 9217324 à 9218323
bulk : {
  "took" : 82,
  "errors" :  ...
56: 185001 adresses traitées
adresse : bulk pour les ids de 9218324 à 9219323
bulk : {
  "took" : 77,
  "errors" :  ...
56: 186001 adresses traitées
adresse : bulk pour les ids de 9219324 à 9220323
bulk : {
  "took" : 81,
  "errors" :  ...
56: 187001 adresses traitées
adresse : bulk pour les ids de 9220324 à 9221323
bulk : {
  "took" : 93,
  "errors" :  ...
56: 188001 adresses traitées
adresse : bulk pour les ids de 9221324 à 9222323
bulk : {
  "took" : 69,
  "errors" :  ...
56: 189001 adresses traitées
adresse : bulk pour les ids de 9222324 à 9223323
bulk : {
  "took" : 94,
  "errors" :  ...
56: 190001 adresses traitées
adresse : bulk pour les ids de 9223324 à 9224323
bulk : {
  "took" : 69,
  "errors" :  ...
56: 191001 adresses traitées
adresse : bulk pour les ids de 9224324 à 9225323
bulk : {
  "took" : 96,
  "errors" :  ...
56: 192001 adresses traitées
adresse : bulk pour les ids de 9225324 à 9226323
bulk : {
  "took" : 86,
  "errors" :  ...
56: 193001 adresses traitées
56: 194001 adresses traitées
adresse : bulk pour les ids de 9226324 à 9227323
bulk : {
  "took" : 83,
  "errors" :  ...
56: 195001 adresses traitées
adresse : bulk pour les ids de 9227324 à 9228323
bulk : {
  "took" : 68,
  "errors" :  ...
56: 196001 adresses traitées
adresse : bulk pour les ids de 9228324 à 9229323
bulk : {
  "took" : 94,
  "errors" :  ...
56: 197001 adresses traitées
adresse : bulk pour les ids de 9229324 à 9230323
bulk : {
  "took" : 69,
  "errors" :  ...
56: 198001 adresses traitées
adresse : bulk pour les ids de 9230324 à 9231323
bulk : {
  "took" : 98,
  "errors" :  ...
56: 199001 adresses traitées
56: 200001 adresses traitées
adresse : bulk pour les ids de 9231324 à 9232323
bulk : {
  "took" : 68,
  "errors" :  ...
56: 201001 adresses traitées
adresse : bulk pour les ids de 9232324 à 9233323
bulk : {
  "took" : 109,
  "errors" : ...
56: 202001 adresses traitées
adresse : bulk pour les ids de 9233324 à 9234323
bulk : {
  "took" : 87,
  "errors" :  ...
56: 203001 adresses traitées
adresse : bulk pour les ids de 9234324 à 9235323
bulk : {
  "took" : 77,
  "errors" :  ...
56: 204001 adresses traitées
adresse : bulk pour les ids de 9235324 à 9236323
bulk : {
  "took" : 90,
  "errors" :  ...
56: 205001 adresses traitées
56: 206001 adresses traitées
adresse : bulk pour les ids de 9236324 à 9237323
bulk : {
  "took" : 84,
  "errors" :  ...
56: 207001 adresses traitées
adresse : bulk pour les ids de 9237324 à 9238323
bulk : {
  "took" : 67,
  "errors" :  ...
56: 208001 adresses traitées
adresse : bulk pour les ids de 9238324 à 9239323
bulk : {
  "took" : 97,
  "errors" :  ...
56: 209001 adresses traitées
adresse : bulk pour les ids de 9239324 à 9240323
bulk : {
  "took" : 70,
  "errors" :  ...
56: 210001 adresses traitées
adresse : bulk pour les ids de 9240324 à 9241323
bulk : {
  "took" : 107,
  "errors" : ...
56: 211001 adresses traitées
56: 212001 adresses traitées
adresse : bulk pour les ids de 9241324 à 9242323
bulk : {
  "took" : 68,
  "errors" :  ...
56: 213001 adresses traitées
adresse : bulk pour les ids de 9242324 à 9243323
bulk : {
  "took" : 85,
  "errors" :  ...
56: 214001 adresses traitées
adresse : bulk pour les ids de 9243324 à 9244323
bulk : {
  "took" : 69,
  "errors" :  ...
56: 215001 adresses traitées
adresse : bulk pour les ids de 9244324 à 9245323
bulk : {
  "took" : 93,
  "errors" :  ...
56: 216001 adresses traitées
56: 217001 adresses traitées
adresse : bulk pour les ids de 9245324 à 9246323
bulk : {
  "took" : 69,
  "errors" :  ...
56: 218001 adresses traitées
adresse : bulk pour les ids de 9246324 à 9247323
bulk : {
  "took" : 84,
  "errors" :  ...
56: 219001 adresses traitées
adresse : bulk pour les ids de 9247324 à 9248323
bulk : {
  "took" : 85,
  "errors" :  ...
56: 220001 adresses traitées
adresse : bulk pour les ids de 9248324 à 9249323
bulk : {
  "took" : 88,
  "errors" :  ...
56: 221001 adresses traitées
56: 222001 adresses traitées
adresse : bulk pour les ids de 9249324 à 9250323
bulk : {
  "took" : 80,
  "errors" :  ...
56: 223001 adresses traitées
adresse : bulk pour les ids de 9250324 à 9251323
bulk : {
  "took" : 85,
  "errors" :  ...
56: 224001 adresses traitées
adresse : bulk pour les ids de 9251324 à 9252323
bulk : {
  "took" : 69,
  "errors" :  ...
56: 225001 adresses traitées
adresse : bulk pour les ids de 9252324 à 9253323
bulk : {
  "took" : 99,
  "errors" :  ...
56: 226001 adresses traitées
adresse : bulk pour les ids de 9253324 à 9254323
bulk : {
  "took" : 68,
  "errors" :  ...
56: 227001 adresses traitées
adresse : bulk pour les ids de 9254324 à 9255323
bulk : {
  "took" : 101,
  "errors" : ...
56: 228001 adresses traitées
56: 229001 adresses traitées
adresse : bulk pour les ids de 9255324 à 9256323
bulk : {
  "took" : 84,
  "errors" :  ...
56: 230001 adresses traitées
adresse : bulk pour les ids de 9256324 à 9257323
bulk : {
  "took" : 84,
  "errors" :  ...
56: 231001 adresses traitées
adresse : bulk pour les ids de 9257324 à 9258323
bulk : {
  "took" : 85,
  "errors" :  ...
56: 232001 adresses traitées
adresse : bulk pour les ids de 9258324 à 9259323
bulk : {
  "took" : 87,
  "errors" :  ...
56: 233001 adresses traitées
adresse : bulk pour les ids de 9259324 à 9260323
bulk : {
  "took" : 88,
  "errors" :  ...
56: 234001 adresses traitées
adresse : bulk pour les ids de 9260324 à 9261323
bulk : {
  "took" : 85,
  "errors" :  ...
56: 235001 adresses traitées
adresse : bulk pour les ids de 9261324 à 9262323
bulk : {
  "took" : 72,
  "errors" :  ...
56: 236001 adresses traitées
adresse : bulk pour les ids de 9262324 à 9263323
bulk : {
  "took" : 100,
  "errors" : ...
56: 237001 adresses traitées
56: 238001 adresses traitées
adresse : bulk pour les ids de 9263324 à 9264323
bulk : {
  "took" : 82,
  "errors" :  ...
56: 239001 adresses traitées
adresse : bulk pour les ids de 9264324 à 9265323
bulk : {
  "took" : 90,
  "errors" :  ...
56: 240001 adresses traitées
adresse : bulk pour les ids de 9265324 à 9266323
bulk : {
  "took" : 85,
  "errors" :  ...
56: 241001 adresses traitées
adresse : bulk pour les ids de 9266324 à 9267323
bulk : {
  "took" : 84,
  "errors" :  ...
56: 242001 adresses traitées
adresse : bulk pour les ids de 9267324 à 9268323
bulk : {
  "took" : 85,
  "errors" :  ...
56: 243001 adresses traitées
adresse : bulk pour les ids de 9268324 à 9269323
bulk : {
  "took" : 112,
  "errors" : ...
56: 244001 adresses traitées
adresse : bulk pour les ids de 9269324 à 9270323
bulk : {
  "took" : 70,
  "errors" :  ...
56: 245001 adresses traitées
adresse : bulk pour les ids de 9270324 à 9271323
bulk : {
  "took" : 104,
  "errors" : ...
56: 246001 adresses traitées
adresse : bulk pour les ids de 9271324 à 9272323
bulk : {
  "took" : 69,
  "errors" :  ...
56: 247001 adresses traitées
adresse : bulk pour les ids de 9272324 à 9273323
bulk : {
  "took" : 102,
  "errors" : ...
56: 248001 adresses traitées
adresse : bulk pour les ids de 9273324 à 9274323
bulk : {
  "took" : 86,
  "errors" :  ...
56: 249001 adresses traitées
adresse : bulk pour les ids de 9274324 à 9275323
bulk : {
  "took" : 83,
  "errors" :  ...
56: 250001 adresses traitées
adresse : bulk pour les ids de 9275324 à 9276323
bulk : {
  "took" : 85,
  "errors" :  ...
56: 251001 adresses traitées
56: 252001 adresses traitées
adresse : bulk pour les ids de 9276324 à 9277323
bulk : {
  "took" : 85,
  "errors" :  ...
56: 253001 adresses traitées
adresse : bulk pour les ids de 9277324 à 9278323
bulk : {
  "took" : 68,
  "errors" :  ...
56: 254001 adresses traitées
adresse : bulk pour les ids de 9278324 à 9279323
bulk : {
  "took" : 108,
  "errors" : ...
56: 255001 adresses traitées
adresse : bulk pour les ids de 9279324 à 9280323
bulk : {
  "took" : 90,
  "errors" :  ...
56: 256001 adresses traitées
adresse : bulk pour les ids de 9280324 à 9281323
bulk : {
  "took" : 68,
  "errors" :  ...
56: 257001 adresses traitées
adresse : bulk pour les ids de 9281324 à 9282323
bulk : {
  "took" : 97,
  "errors" :  ...
56: 258001 adresses traitées
adresse : bulk pour les ids de 9282324 à 9283323
bulk : {
  "took" : 72,
  "errors" :  ...
56: 259001 adresses traitées
adresse : bulk pour les ids de 9283324 à 9284323
bulk : {
  "took" : 94,
  "errors" :  ...
56: 260001 adresses traitées
56: 261001 adresses traitées
adresse : bulk pour les ids de 9284324 à 9285323
bulk : {
  "took" : 89,
  "errors" :  ...
56: 262001 adresses traitées
adresse : bulk pour les ids de 9285324 à 9286323
bulk : {
  "took" : 78,
  "errors" :  ...
56: 263001 adresses traitées
adresse : bulk pour les ids de 9286324 à 9287323
bulk : {
  "took" : 89,
  "errors" :  ...
56: 264001 adresses traitées
adresse : bulk pour les ids de 9287324 à 9288323
bulk : {
  "took" : 79,
  "errors" :  ...
56: 265001 adresses traitées
adresse : bulk pour les ids de 9288324 à 9289221
bulk : {
  "took" : 61,
  "errors" :  ...
dpt 57 : voies
57: 1 voies traitées
voie : bulk pour les ids de 710935 à 711134
bulk : {
  "took" : 14,
  "errors" :  ...
57: 201 voies traitées
voie : bulk pour les ids de 711135 à 711334
bulk : {
  "took" : 12,
  "errors" :  ...
57: 401 voies traitées
voie : bulk pour les ids de 711335 à 711534
bulk : {
  "took" : 12,
  "errors" :  ...
57: 601 voies traitées
voie : bulk pour les ids de 711535 à 711734
bulk : {
  "took" : 12,
  "errors" :  ...
57: 801 voies traitées
voie : bulk pour les ids de 711735 à 711934
bulk : {
  "took" : 26,
  "errors" :  ...
57: 1001 voies traitées
voie : bulk pour les ids de 711935 à 712134
bulk : {
  "took" : 13,
  "errors" :  ...
57: 1201 voies traitées
voie : bulk pour les ids de 712135 à 712334
bulk : {
  "took" : 14,
  "errors" :  ...
57: 1401 voies traitées
voie : bulk pour les ids de 712335 à 712534
bulk : {
  "took" : 13,
  "errors" :  ...
57: 1601 voies traitées
voie : bulk pour les ids de 712535 à 712734
bulk : {
  "took" : 12,
  "errors" :  ...
57: 1801 voies traitées
voie : bulk pour les ids de 712735 à 712934
bulk : {
  "took" : 13,
  "errors" :  ...
57: 2001 voies traitées
voie : bulk pour les ids de 712935 à 713134
bulk : {
  "took" : 12,
  "errors" :  ...
57: 2201 voies traitées
voie : bulk pour les ids de 713135 à 713334
bulk : {
  "took" : 12,
  "errors" :  ...
57: 2401 voies traitées
voie : bulk pour les ids de 713335 à 713534
bulk : {
  "took" : 14,
  "errors" :  ...
57: 2601 voies traitées
voie : bulk pour les ids de 713535 à 713734
bulk : {
  "took" : 13,
  "errors" :  ...
57: 2801 voies traitées
voie : bulk pour les ids de 713735 à 713934
bulk : {
  "took" : 13,
  "errors" :  ...
57: 3001 voies traitées
voie : bulk pour les ids de 713935 à 714134
bulk : {
  "took" : 27,
  "errors" :  ...
57: 3201 voies traitées
voie : bulk pour les ids de 714135 à 714334
bulk : {
  "took" : 12,
  "errors" :  ...
57: 3401 voies traitées
voie : bulk pour les ids de 714335 à 714534
bulk : {
  "took" : 12,
  "errors" :  ...
57: 3601 voies traitées
voie : bulk pour les ids de 714535 à 714734
bulk : {
  "took" : 18,
  "errors" :  ...
57: 3801 voies traitées
voie : bulk pour les ids de 714735 à 714934
bulk : {
  "took" : 12,
  "errors" :  ...
57: 4001 voies traitées
voie : bulk pour les ids de 714935 à 715134
bulk : {
  "took" : 12,
  "errors" :  ...
57: 4201 voies traitées
voie : bulk pour les ids de 715135 à 715334
bulk : {
  "took" : 12,
  "errors" :  ...
57: 4401 voies traitées
voie : bulk pour les ids de 715335 à 715534
bulk : {
  "took" : 13,
  "errors" :  ...
57: 4601 voies traitées
voie : bulk pour les ids de 715535 à 715734
bulk : {
  "took" : 12,
  "errors" :  ...
57: 4801 voies traitées
voie : bulk pour les ids de 715735 à 715934
bulk : {
  "took" : 26,
  "errors" :  ...
57: 5001 voies traitées
voie : bulk pour les ids de 715935 à 716134
bulk : {
  "took" : 13,
  "errors" :  ...
57: 5201 voies traitées
voie : bulk pour les ids de 716135 à 716334
bulk : {
  "took" : 13,
  "errors" :  ...
57: 5401 voies traitées
voie : bulk pour les ids de 716335 à 716534
bulk : {
  "took" : 13,
  "errors" :  ...
57: 5601 voies traitées
voie : bulk pour les ids de 716535 à 716734
bulk : {
  "took" : 13,
  "errors" :  ...
57: 5801 voies traitées
voie : bulk pour les ids de 716735 à 716934
bulk : {
  "took" : 14,
  "errors" :  ...
57: 6001 voies traitées
voie : bulk pour les ids de 716935 à 717134
bulk : {
  "took" : 14,
  "errors" :  ...
57: 6201 voies traitées
voie : bulk pour les ids de 717135 à 717334
bulk : {
  "took" : 13,
  "errors" :  ...
57: 6401 voies traitées
voie : bulk pour les ids de 717335 à 717534
bulk : {
  "took" : 12,
  "errors" :  ...
57: 6601 voies traitées
voie : bulk pour les ids de 717535 à 717734
bulk : {
  "took" : 12,
  "errors" :  ...
57: 6801 voies traitées
voie : bulk pour les ids de 717735 à 717934
bulk : {
  "took" : 12,
  "errors" :  ...
57: 7001 voies traitées
voie : bulk pour les ids de 717935 à 718134
bulk : {
  "took" : 38,
  "errors" :  ...
57: 7201 voies traitées
voie : bulk pour les ids de 718135 à 718334
bulk : {
  "took" : 13,
  "errors" :  ...
57: 7401 voies traitées
voie : bulk pour les ids de 718335 à 718534
bulk : {
  "took" : 13,
  "errors" :  ...
57: 7601 voies traitées
voie : bulk pour les ids de 718535 à 718734
bulk : {
  "took" : 13,
  "errors" :  ...
57: 7801 voies traitées
voie : bulk pour les ids de 718735 à 718934
bulk : {
  "took" : 13,
  "errors" :  ...
57: 8001 voies traitées
voie : bulk pour les ids de 718935 à 719134
bulk : {
  "took" : 13,
  "errors" :  ...
57: 8201 voies traitées
voie : bulk pour les ids de 719135 à 719334
bulk : {
  "took" : 13,
  "errors" :  ...
57: 8401 voies traitées
voie : bulk pour les ids de 719335 à 719534
bulk : {
  "took" : 13,
  "errors" :  ...
57: 8601 voies traitées
voie : bulk pour les ids de 719535 à 719734
bulk : {
  "took" : 37,
  "errors" :  ...
57: 8801 voies traitées
voie : bulk pour les ids de 719735 à 719934
bulk : {
  "took" : 13,
  "errors" :  ...
57: 9001 voies traitées
voie : bulk pour les ids de 719935 à 720134
bulk : {
  "took" : 13,
  "errors" :  ...
57: 9201 voies traitées
voie : bulk pour les ids de 720135 à 720334
bulk : {
  "took" : 13,
  "errors" :  ...
57: 9401 voies traitées
voie : bulk pour les ids de 720335 à 720534
bulk : {
  "took" : 13,
  "errors" :  ...
57: 9601 voies traitées
voie : bulk pour les ids de 720535 à 720734
bulk : {
  "took" : 13,
  "errors" :  ...
57: 9801 voies traitées
voie : bulk pour les ids de 720735 à 720934
bulk : {
  "took" : 13,
  "errors" :  ...
57: 10001 voies traitées
voie : bulk pour les ids de 720935 à 721134
bulk : {
  "took" : 26,
  "errors" :  ...
57: 10201 voies traitées
voie : bulk pour les ids de 721135 à 721334
bulk : {
  "took" : 13,
  "errors" :  ...
57: 10401 voies traitées
voie : bulk pour les ids de 721335 à 721534
bulk : {
  "took" : 12,
  "errors" :  ...
57: 10601 voies traitées
voie : bulk pour les ids de 721535 à 721734
bulk : {
  "took" : 13,
  "errors" :  ...
57: 10801 voies traitées
voie : bulk pour les ids de 721735 à 721934
bulk : {
  "took" : 13,
  "errors" :  ...
57: 11001 voies traitées
voie : bulk pour les ids de 721935 à 722134
bulk : {
  "took" : 12,
  "errors" :  ...
57: 11201 voies traitées
voie : bulk pour les ids de 722135 à 722334
bulk : {
  "took" : 12,
  "errors" :  ...
57: 11401 voies traitées
voie : bulk pour les ids de 722335 à 722534
bulk : {
  "took" : 13,
  "errors" :  ...
57: 11601 voies traitées
voie : bulk pour les ids de 722535 à 722734
bulk : {
  "took" : 13,
  "errors" :  ...
57: 11801 voies traitées
voie : bulk pour les ids de 722735 à 722934
bulk : {
  "took" : 13,
  "errors" :  ...
57: 12001 voies traitées
voie : bulk pour les ids de 722935 à 723134
bulk : {
  "took" : 12,
  "errors" :  ...
57: 12201 voies traitées
voie : bulk pour les ids de 723135 à 723334
bulk : {
  "took" : 12,
  "errors" :  ...
57: 12401 voies traitées
voie : bulk pour les ids de 723335 à 723534
bulk : {
  "took" : 12,
  "errors" :  ...
57: 12601 voies traitées
voie : bulk pour les ids de 723535 à 723734
bulk : {
  "took" : 13,
  "errors" :  ...
57: 12801 voies traitées
voie : bulk pour les ids de 723735 à 723934
bulk : {
  "took" : 12,
  "errors" :  ...
57: 13001 voies traitées
voie : bulk pour les ids de 723935 à 724134
bulk : {
  "took" : 13,
  "errors" :  ...
57: 13201 voies traitées
voie : bulk pour les ids de 724135 à 724334
bulk : {
  "took" : 30,
  "errors" :  ...
57: 13401 voies traitées
voie : bulk pour les ids de 724335 à 724534
bulk : {
  "took" : 13,
  "errors" :  ...
57: 13601 voies traitées
voie : bulk pour les ids de 724535 à 724734
bulk : {
  "took" : 13,
  "errors" :  ...
57: 13801 voies traitées
voie : bulk pour les ids de 724735 à 724934
bulk : {
  "took" : 14,
  "errors" :  ...
57: 14001 voies traitées
voie : bulk pour les ids de 724935 à 725134
bulk : {
  "took" : 19,
  "errors" :  ...
57: 14201 voies traitées
voie : bulk pour les ids de 725135 à 725334
bulk : {
  "took" : 13,
  "errors" :  ...
57: 14401 voies traitées
voie : bulk pour les ids de 725335 à 725534
bulk : {
  "took" : 16,
  "errors" :  ...
57: 14601 voies traitées
voie : bulk pour les ids de 725535 à 725734
bulk : {
  "took" : 14,
  "errors" :  ...
57: 14801 voies traitées
voie : bulk pour les ids de 725735 à 725934
bulk : {
  "took" : 13,
  "errors" :  ...
57: 15001 voies traitées
voie : bulk pour les ids de 725935 à 726134
bulk : {
  "took" : 27,
  "errors" :  ...
57: 15201 voies traitées
voie : bulk pour les ids de 726135 à 726334
bulk : {
  "took" : 14,
  "errors" :  ...
57: 15401 voies traitées
voie : bulk pour les ids de 726335 à 726534
bulk : {
  "took" : 15,
  "errors" :  ...
57: 15601 voies traitées
voie : bulk pour les ids de 726535 à 726734
bulk : {
  "took" : 13,
  "errors" :  ...
57: 15801 voies traitées
voie : bulk pour les ids de 726735 à 726934
bulk : {
  "took" : 13,
  "errors" :  ...
57: 16001 voies traitées
voie : bulk pour les ids de 726935 à 727134
bulk : {
  "took" : 12,
  "errors" :  ...
57: 16201 voies traitées
voie : bulk pour les ids de 727135 à 727334
bulk : {
  "took" : 13,
  "errors" :  ...
57: 16401 voies traitées
voie : bulk pour les ids de 727335 à 727534
bulk : {
  "took" : 14,
  "errors" :  ...
57: 16601 voies traitées
voie : bulk pour les ids de 727535 à 727734
bulk : {
  "took" : 13,
  "errors" :  ...
57: 16801 voies traitées
voie : bulk pour les ids de 727735 à 727934
bulk : {
  "took" : 12,
  "errors" :  ...
57: 17001 voies traitées
voie : bulk pour les ids de 727935 à 728134
bulk : {
  "took" : 12,
  "errors" :  ...
57: 17201 voies traitées
voie : bulk pour les ids de 728135 à 728334
bulk : {
  "took" : 13,
  "errors" :  ...
57: 17401 voies traitées
voie : bulk pour les ids de 728335 à 728534
bulk : {
  "took" : 12,
  "errors" :  ...
57: 17601 voies traitées
voie : bulk pour les ids de 728535 à 728734
bulk : {
  "took" : 24,
  "errors" :  ...
57: 17801 voies traitées
voie : bulk pour les ids de 728735 à 728934
bulk : {
  "took" : 12,
  "errors" :  ...
57: 18001 voies traitées
voie : bulk pour les ids de 728935 à 729134
bulk : {
  "took" : 16,
  "errors" :  ...
57: 18201 voies traitées
voie : bulk pour les ids de 729135 à 729334
bulk : {
  "took" : 12,
  "errors" :  ...
57: 18401 voies traitées
voie : bulk pour les ids de 729335 à 729534
bulk : {
  "took" : 12,
  "errors" :  ...
57: 18601 voies traitées
voie : bulk pour les ids de 729535 à 729734
bulk : {
  "took" : 13,
  "errors" :  ...
57: 18801 voies traitées
voie : bulk pour les ids de 729735 à 729934
bulk : {
  "took" : 12,
  "errors" :  ...
57: 19001 voies traitées
voie : bulk pour les ids de 729935 à 730134
bulk : {
  "took" : 13,
  "errors" :  ...
57: 19201 voies traitées
voie : bulk pour les ids de 730135 à 730334
bulk : {
  "took" : 13,
  "errors" :  ...
57: 19401 voies traitées
voie : bulk pour les ids de 730335 à 730534
bulk : {
  "took" : 13,
  "errors" :  ...
57: 19601 voies traitées
voie : bulk pour les ids de 730535 à 730734
bulk : {
  "took" : 27,
  "errors" :  ...
57: 19801 voies traitées
voie : bulk pour les ids de 730735 à 730934
bulk : {
  "took" : 13,
  "errors" :  ...
57: 20001 voies traitées
voie : bulk pour les ids de 730935 à 731134
bulk : {
  "took" : 12,
  "errors" :  ...
57: 20201 voies traitées
voie : bulk pour les ids de 731135 à 731305
bulk : {
  "took" : 10,
  "errors" :  ...
dpt 57 : adresses
57: 1 adresses traitées
57: 1001 adresses traitées
adresse : bulk pour les ids de 9289222 à 9290221
bulk : {
  "took" : 101,
  "errors" : ...
57: 2001 adresses traitées
adresse : bulk pour les ids de 9290222 à 9291221
bulk : {
  "took" : 71,
  "errors" :  ...
57: 3001 adresses traitées
adresse : bulk pour les ids de 9291222 à 9292221
bulk : {
  "took" : 95,
  "errors" :  ...
57: 4001 adresses traitées
adresse : bulk pour les ids de 9292222 à 9293221
bulk : {
  "took" : 65,
  "errors" :  ...
57: 5001 adresses traitées
adresse : bulk pour les ids de 9293222 à 9294221
bulk : {
  "took" : 98,
  "errors" :  ...
57: 6001 adresses traitées
adresse : bulk pour les ids de 9294222 à 9295221
bulk : {
  "took" : 82,
  "errors" :  ...
57: 7001 adresses traitées
adresse : bulk pour les ids de 9295222 à 9296221
bulk : {
  "took" : 79,
  "errors" :  ...
57: 8001 adresses traitées
adresse : bulk pour les ids de 9296222 à 9297221
bulk : {
  "took" : 92,
  "errors" :  ...
57: 9001 adresses traitées
adresse : bulk pour les ids de 9297222 à 9298221
bulk : {
  "took" : 90,
  "errors" :  ...
57: 10001 adresses traitées
adresse : bulk pour les ids de 9298222 à 9299221
bulk : {
  "took" : 66,
  "errors" :  ...
57: 11001 adresses traitées
adresse : bulk pour les ids de 9299222 à 9300221
bulk : {
  "took" : 101,
  "errors" : ...
57: 12001 adresses traitées
adresse : bulk pour les ids de 9300222 à 9301221
bulk : {
  "took" : 80,
  "errors" :  ...
57: 13001 adresses traitées
adresse : bulk pour les ids de 9301222 à 9302221
bulk : {
  "took" : 76,
  "errors" :  ...
57: 14001 adresses traitées
57: 15001 adresses traitées
adresse : bulk pour les ids de 9302222 à 9303221
bulk : {
  "took" : 82,
  "errors" :  ...
57: 16001 adresses traitées
adresse : bulk pour les ids de 9303222 à 9304221
bulk : {
  "took" : 75,
  "errors" :  ...
57: 17001 adresses traitées
adresse : bulk pour les ids de 9304222 à 9305221
bulk : {
  "took" : 83,
  "errors" :  ...
57: 18001 adresses traitées
adresse : bulk pour les ids de 9305222 à 9306221
bulk : {
  "took" : 100,
  "errors" : ...
57: 19001 adresses traitées
adresse : bulk pour les ids de 9306222 à 9307221
bulk : {
  "took" : 68,
  "errors" :  ...
57: 20001 adresses traitées
adresse : bulk pour les ids de 9307222 à 9308221
bulk : {
  "took" : 99,
  "errors" :  ...
57: 21001 adresses traitées
adresse : bulk pour les ids de 9308222 à 9309221
bulk : {
  "took" : 66,
  "errors" :  ...
57: 22001 adresses traitées
adresse : bulk pour les ids de 9309222 à 9310221
bulk : {
  "took" : 74,
  "errors" :  ...
57: 23001 adresses traitées
adresse : bulk pour les ids de 9310222 à 9311221
bulk : {
  "took" : 91,
  "errors" :  ...
57: 24001 adresses traitées
adresse : bulk pour les ids de 9311222 à 9312221
bulk : {
  "took" : 81,
  "errors" :  ...
57: 25001 adresses traitées
adresse : bulk pour les ids de 9312222 à 9313221
bulk : {
  "took" : 87,
  "errors" :  ...
57: 26001 adresses traitées
adresse : bulk pour les ids de 9313222 à 9314221
bulk : {
  "took" : 77,
  "errors" :  ...
57: 27001 adresses traitées
adresse : bulk pour les ids de 9314222 à 9315221
bulk : {
  "took" : 73,
  "errors" :  ...
57: 28001 adresses traitées
adresse : bulk pour les ids de 9315222 à 9316221
bulk : {
  "took" : 100,
  "errors" : ...
57: 29001 adresses traitées
adresse : bulk pour les ids de 9316222 à 9317221
bulk : {
  "took" : 87,
  "errors" :  ...
57: 30001 adresses traitées
adresse : bulk pour les ids de 9317222 à 9318221
bulk : {
  "took" : 87,
  "errors" :  ...
57: 31001 adresses traitées
adresse : bulk pour les ids de 9318222 à 9319221
bulk : {
  "took" : 80,
  "errors" :  ...
57: 32001 adresses traitées
adresse : bulk pour les ids de 9319222 à 9320221
bulk : {
  "took" : 79,
  "errors" :  ...
57: 33001 adresses traitées
adresse : bulk pour les ids de 9320222 à 9321221
bulk : {
  "took" : 81,
  "errors" :  ...
57: 34001 adresses traitées
adresse : bulk pour les ids de 9321222 à 9322221
bulk : {
  "took" : 94,
  "errors" :  ...
57: 35001 adresses traitées
57: 36001 adresses traitées
adresse : bulk pour les ids de 9322222 à 9323221
bulk : {
  "took" : 64,
  "errors" :  ...
57: 37001 adresses traitées
adresse : bulk pour les ids de 9323222 à 9324221
bulk : {
  "took" : 100,
  "errors" : ...
57: 38001 adresses traitées
adresse : bulk pour les ids de 9324222 à 9325221
bulk : {
  "took" : 66,
  "errors" :  ...
57: 39001 adresses traitées
adresse : bulk pour les ids de 9325222 à 9326221
bulk : {
  "took" : 82,
  "errors" :  ...
57: 40001 adresses traitées
adresse : bulk pour les ids de 9326222 à 9327221
bulk : {
  "took" : 83,
  "errors" :  ...
57: 41001 adresses traitées
adresse : bulk pour les ids de 9327222 à 9328221
bulk : {
  "took" : 93,
  "errors" :  ...
57: 42001 adresses traitées
adresse : bulk pour les ids de 9328222 à 9329221
bulk : {
  "took" : 66,
  "errors" :  ...
57: 43001 adresses traitées
adresse : bulk pour les ids de 9329222 à 9330221
bulk : {
  "took" : 96,
  "errors" :  ...
57: 44001 adresses traitées
adresse : bulk pour les ids de 9330222 à 9331221
bulk : {
  "took" : 66,
  "errors" :  ...
57: 45001 adresses traitées
adresse : bulk pour les ids de 9331222 à 9332221
bulk : {
  "took" : 155,
  "errors" : ...
57: 46001 adresses traitées
adresse : bulk pour les ids de 9332222 à 9333221
bulk : {
  "took" : 78,
  "errors" :  ...
57: 47001 adresses traitées
adresse : bulk pour les ids de 9333222 à 9334221
bulk : {
  "took" : 84,
  "errors" :  ...
57: 48001 adresses traitées
adresse : bulk pour les ids de 9334222 à 9335221
bulk : {
  "took" : 66,
  "errors" :  ...
57: 49001 adresses traitées
57: 50001 adresses traitées
adresse : bulk pour les ids de 9335222 à 9336221
bulk : {
  "took" : 94,
  "errors" :  ...
57: 51001 adresses traitées
adresse : bulk pour les ids de 9336222 à 9337221
bulk : {
  "took" : 66,
  "errors" :  ...
57: 52001 adresses traitées
adresse : bulk pour les ids de 9337222 à 9338221
bulk : {
  "took" : 100,
  "errors" : ...
57: 53001 adresses traitées
adresse : bulk pour les ids de 9338222 à 9339221
bulk : {
  "took" : 65,
  "errors" :  ...
57: 54001 adresses traitées
adresse : bulk pour les ids de 9339222 à 9340221
bulk : {
  "took" : 99,
  "errors" :  ...
57: 55001 adresses traitées
adresse : bulk pour les ids de 9340222 à 9341221
bulk : {
  "took" : 84,
  "errors" :  ...
57: 56001 adresses traitées
adresse : bulk pour les ids de 9341222 à 9342221
bulk : {
  "took" : 82,
  "errors" :  ...
57: 57001 adresses traitées
adresse : bulk pour les ids de 9342222 à 9343221
bulk : {
  "took" : 82,
  "errors" :  ...
57: 58001 adresses traitées
adresse : bulk pour les ids de 9343222 à 9344221
bulk : {
  "took" : 82,
  "errors" :  ...
57: 59001 adresses traitées
adresse : bulk pour les ids de 9344222 à 9345221
bulk : {
  "took" : 67,
  "errors" :  ...
57: 60001 adresses traitées
adresse : bulk pour les ids de 9345222 à 9346221
bulk : {
  "took" : 96,
  "errors" :  ...
57: 61001 adresses traitées
adresse : bulk pour les ids de 9346222 à 9347221
bulk : {
  "took" : 65,
  "errors" :  ...
57: 62001 adresses traitées
adresse : bulk pour les ids de 9347222 à 9348221
bulk : {
  "took" : 101,
  "errors" : ...
57: 63001 adresses traitées
57: 64001 adresses traitées
adresse : bulk pour les ids de 9348222 à 9349221
bulk : {
  "took" : 67,
  "errors" :  ...
57: 65001 adresses traitées
adresse : bulk pour les ids de 9349222 à 9350221
bulk : {
  "took" : 81,
  "errors" :  ...
57: 66001 adresses traitées
adresse : bulk pour les ids de 9350222 à 9351221
bulk : {
  "took" : 64,
  "errors" :  ...
57: 67001 adresses traitées
adresse : bulk pour les ids de 9351222 à 9352221
bulk : {
  "took" : 105,
  "errors" : ...
57: 68001 adresses traitées
adresse : bulk pour les ids de 9352222 à 9353221
bulk : {
  "took" : 83,
  "errors" :  ...
57: 69001 adresses traitées
adresse : bulk pour les ids de 9353222 à 9354221
bulk : {
  "took" : 81,
  "errors" :  ...
57: 70001 adresses traitées
adresse : bulk pour les ids de 9354222 à 9355221
bulk : {
  "took" : 82,
  "errors" :  ...
57: 71001 adresses traitées
adresse : bulk pour les ids de 9355222 à 9356221
bulk : {
  "took" : 97,
  "errors" :  ...
57: 72001 adresses traitées
adresse : bulk pour les ids de 9356222 à 9357221
bulk : {
  "took" : 84,
  "errors" :  ...
57: 73001 adresses traitées
adresse : bulk pour les ids de 9357222 à 9358221
bulk : {
  "took" : 83,
  "errors" :  ...
57: 74001 adresses traitées
adresse : bulk pour les ids de 9358222 à 9359221
bulk : {
  "took" : 85,
  "errors" :  ...
57: 75001 adresses traitées
adresse : bulk pour les ids de 9359222 à 9360221
bulk : {
  "took" : 94,
  "errors" :  ...
57: 76001 adresses traitées
adresse : bulk pour les ids de 9360222 à 9361221
bulk : {
  "took" : 66,
  "errors" :  ...
57: 77001 adresses traitées
adresse : bulk pour les ids de 9361222 à 9362221
bulk : {
  "took" : 97,
  "errors" :  ...
57: 78001 adresses traitées
adresse : bulk pour les ids de 9362222 à 9363221
bulk : {
  "took" : 85,
  "errors" :  ...
57: 79001 adresses traitées
adresse : bulk pour les ids de 9363222 à 9364221
bulk : {
  "took" : 81,
  "errors" :  ...
57: 80001 adresses traitées
adresse : bulk pour les ids de 9364222 à 9365221
bulk : {
  "took" : 82,
  "errors" :  ...
57: 81001 adresses traitées
adresse : bulk pour les ids de 9365222 à 9366221
bulk : {
  "took" : 81,
  "errors" :  ...
57: 82001 adresses traitées
57: 83001 adresses traitées
adresse : bulk pour les ids de 9366222 à 9367221
bulk : {
  "took" : 86,
  "errors" :  ...
57: 84001 adresses traitées
adresse : bulk pour les ids de 9367222 à 9368221
bulk : {
  "took" : 96,
  "errors" :  ...
57: 85001 adresses traitées
adresse : bulk pour les ids de 9368222 à 9369221
bulk : {
  "took" : 80,
  "errors" :  ...
57: 86001 adresses traitées
adresse : bulk pour les ids de 9369222 à 9370221
bulk : {
  "took" : 81,
  "errors" :  ...
57: 87001 adresses traitées
adresse : bulk pour les ids de 9370222 à 9371221
bulk : {
  "took" : 80,
  "errors" :  ...
57: 88001 adresses traitées
adresse : bulk pour les ids de 9371222 à 9372221
bulk : {
  "took" : 81,
  "errors" :  ...
57: 89001 adresses traitées
adresse : bulk pour les ids de 9372222 à 9373221
bulk : {
  "took" : 77,
  "errors" :  ...
57: 90001 adresses traitées
adresse : bulk pour les ids de 9373222 à 9374221
bulk : {
  "took" : 99,
  "errors" :  ...
57: 91001 adresses traitées
adresse : bulk pour les ids de 9374222 à 9375221
bulk : {
  "took" : 66,
  "errors" :  ...
57: 92001 adresses traitées
adresse : bulk pour les ids de 9375222 à 9376221
bulk : {
  "took" : 96,
  "errors" :  ...
57: 93001 adresses traitées
adresse : bulk pour les ids de 9376222 à 9377221
bulk : {
  "took" : 64,
  "errors" :  ...
57: 94001 adresses traitées
adresse : bulk pour les ids de 9377222 à 9378221
bulk : {
  "took" : 82,
  "errors" :  ...
57: 95001 adresses traitées
adresse : bulk pour les ids de 9378222 à 9379221
bulk : {
  "took" : 86,
  "errors" :  ...
57: 96001 adresses traitées
adresse : bulk pour les ids de 9379222 à 9380221
bulk : {
  "took" : 81,
  "errors" :  ...
57: 97001 adresses traitées
adresse : bulk pour les ids de 9380222 à 9381221
bulk : {
  "took" : 66,
  "errors" :  ...
57: 98001 adresses traitées
adresse : bulk pour les ids de 9381222 à 9382221
bulk : {
  "took" : 100,
  "errors" : ...
57: 99001 adresses traitées
adresse : bulk pour les ids de 9382222 à 9383221
bulk : {
  "took" : 67,
  "errors" :  ...
57: 100001 adresses traitées
adresse : bulk pour les ids de 9383222 à 9384221
bulk : {
  "took" : 97,
  "errors" :  ...
57: 101001 adresses traitées
adresse : bulk pour les ids de 9384222 à 9385221
bulk : {
  "took" : 65,
  "errors" :  ...
57: 102001 adresses traitées
adresse : bulk pour les ids de 9385222 à 9386221
bulk : {
  "took" : 97,
  "errors" :  ...
57: 103001 adresses traitées
adresse : bulk pour les ids de 9386222 à 9387221
bulk : {
  "took" : 83,
  "errors" :  ...
57: 104001 adresses traitées
adresse : bulk pour les ids de 9387222 à 9388221
bulk : {
  "took" : 97,
  "errors" :  ...
57: 105001 adresses traitées
57: 106001 adresses traitées
adresse : bulk pour les ids de 9388222 à 9389221
bulk : {
  "took" : 68,
  "errors" :  ...
57: 107001 adresses traitées
adresse : bulk pour les ids de 9389222 à 9390221
bulk : {
  "took" : 104,
  "errors" : ...
57: 108001 adresses traitées
adresse : bulk pour les ids de 9390222 à 9391221
bulk : {
  "took" : 66,
  "errors" :  ...
57: 109001 adresses traitées
adresse : bulk pour les ids de 9391222 à 9392221
bulk : {
  "took" : 76,
  "errors" :  ...
57: 110001 adresses traitées
adresse : bulk pour les ids de 9392222 à 9393221
bulk : {
  "took" : 90,
  "errors" :  ...
57: 111001 adresses traitées
adresse : bulk pour les ids de 9393222 à 9394221
bulk : {
  "took" : 76,
  "errors" :  ...
57: 112001 adresses traitées
adresse : bulk pour les ids de 9394222 à 9395221
bulk : {
  "took" : 64,
  "errors" :  ...
57: 113001 adresses traitées
adresse : bulk pour les ids de 9395222 à 9396221
bulk : {
  "took" : 98,
  "errors" :  ...
57: 114001 adresses traitées
adresse : bulk pour les ids de 9396222 à 9397221
bulk : {
  "took" : 68,
  "errors" :  ...
57: 115001 adresses traitées
adresse : bulk pour les ids de 9397222 à 9398221
bulk : {
  "took" : 101,
  "errors" : ...
57: 116001 adresses traitées
adresse : bulk pour les ids de 9398222 à 9399221
bulk : {
  "took" : 81,
  "errors" :  ...
57: 117001 adresses traitées
adresse : bulk pour les ids de 9399222 à 9400221
bulk : {
  "took" : 81,
  "errors" :  ...
57: 118001 adresses traitées
adresse : bulk pour les ids de 9400222 à 9401221
bulk : {
  "took" : 79,
  "errors" :  ...
57: 119001 adresses traitées
adresse : bulk pour les ids de 9401222 à 9402221
bulk : {
  "took" : 81,
  "errors" :  ...
57: 120001 adresses traitées
adresse : bulk pour les ids de 9402222 à 9403221
bulk : {
  "took" : 81,
  "errors" :  ...
57: 121001 adresses traitées
adresse : bulk pour les ids de 9403222 à 9404221
bulk : {
  "took" : 84,
  "errors" :  ...
57: 122001 adresses traitées
adresse : bulk pour les ids de 9404222 à 9405221
bulk : {
  "took" : 67,
  "errors" :  ...
57: 123001 adresses traitées
adresse : bulk pour les ids de 9405222 à 9406221
bulk : {
  "took" : 97,
  "errors" :  ...
57: 124001 adresses traitées
adresse : bulk pour les ids de 9406222 à 9407221
bulk : {
  "took" : 86,
  "errors" :  ...
57: 125001 adresses traitées
adresse : bulk pour les ids de 9407222 à 9408221
bulk : {
  "took" : 83,
  "errors" :  ...
57: 126001 adresses traitées
adresse : bulk pour les ids de 9408222 à 9409221
bulk : {
  "took" : 79,
  "errors" :  ...
57: 127001 adresses traitées
adresse : bulk pour les ids de 9409222 à 9410221
bulk : {
  "took" : 96,
  "errors" :  ...
57: 128001 adresses traitées
adresse : bulk pour les ids de 9410222 à 9411221
bulk : {
  "took" : 69,
  "errors" :  ...
57: 129001 adresses traitées
adresse : bulk pour les ids de 9411222 à 9412221
bulk : {
  "took" : 100,
  "errors" : ...
57: 130001 adresses traitées
adresse : bulk pour les ids de 9412222 à 9413221
bulk : {
  "took" : 83,
  "errors" :  ...
57: 131001 adresses traitées
adresse : bulk pour les ids de 9413222 à 9414221
bulk : {
  "took" : 80,
  "errors" :  ...
57: 132001 adresses traitées
adresse : bulk pour les ids de 9414222 à 9415221
bulk : {
  "took" : 84,
  "errors" :  ...
57: 133001 adresses traitées
adresse : bulk pour les ids de 9415222 à 9416221
bulk : {
  "took" : 80,
  "errors" :  ...
57: 134001 adresses traitées
adresse : bulk pour les ids de 9416222 à 9417221
bulk : {
  "took" : 80,
  "errors" :  ...
57: 135001 adresses traitées
57: 136001 adresses traitées
adresse : bulk pour les ids de 9417222 à 9418221
bulk : {
  "took" : 101,
  "errors" : ...
57: 137001 adresses traitées
adresse : bulk pour les ids de 9418222 à 9419221
bulk : {
  "took" : 69,
  "errors" :  ...
57: 138001 adresses traitées
adresse : bulk pour les ids de 9419222 à 9420221
bulk : {
  "took" : 89,
  "errors" :  ...
57: 139001 adresses traitées
adresse : bulk pour les ids de 9420222 à 9421221
bulk : {
  "took" : 82,
  "errors" :  ...
57: 140001 adresses traitées
adresse : bulk pour les ids de 9421222 à 9422221
bulk : {
  "took" : 67,
  "errors" :  ...
57: 141001 adresses traitées
adresse : bulk pour les ids de 9422222 à 9423221
bulk : {
  "took" : 97,
  "errors" :  ...
57: 142001 adresses traitées
adresse : bulk pour les ids de 9423222 à 9424221
bulk : {
  "took" : 90,
  "errors" :  ...
57: 143001 adresses traitées
adresse : bulk pour les ids de 9424222 à 9425221
bulk : {
  "took" : 75,
  "errors" :  ...
57: 144001 adresses traitées
adresse : bulk pour les ids de 9425222 à 9426221
bulk : {
  "took" : 82,
  "errors" :  ...
57: 145001 adresses traitées
adresse : bulk pour les ids de 9426222 à 9427221
bulk : {
  "took" : 92,
  "errors" :  ...
57: 146001 adresses traitées
adresse : bulk pour les ids de 9427222 à 9428221
bulk : {
  "took" : 68,
  "errors" :  ...
57: 147001 adresses traitées
adresse : bulk pour les ids de 9428222 à 9429221
bulk : {
  "took" : 88,
  "errors" :  ...
57: 148001 adresses traitées
adresse : bulk pour les ids de 9429222 à 9430221
bulk : {
  "took" : 67,
  "errors" :  ...
57: 149001 adresses traitées
adresse : bulk pour les ids de 9430222 à 9431221
bulk : {
  "took" : 77,
  "errors" :  ...
57: 150001 adresses traitées
adresse : bulk pour les ids de 9431222 à 9432221
bulk : {
  "took" : 89,
  "errors" :  ...
57: 151001 adresses traitées
adresse : bulk pour les ids de 9432222 à 9433221
bulk : {
  "took" : 83,
  "errors" :  ...
57: 152001 adresses traitées
adresse : bulk pour les ids de 9433222 à 9434221
bulk : {
  "took" : 82,
  "errors" :  ...
57: 153001 adresses traitées
adresse : bulk pour les ids de 9434222 à 9435221
bulk : {
  "took" : 91,
  "errors" :  ...
57: 154001 adresses traitées
adresse : bulk pour les ids de 9435222 à 9436221
bulk : {
  "took" : 67,
  "errors" :  ...
57: 155001 adresses traitées
adresse : bulk pour les ids de 9436222 à 9437221
bulk : {
  "took" : 91,
  "errors" :  ...
57: 156001 adresses traitées
adresse : bulk pour les ids de 9437222 à 9438221
bulk : {
  "took" : 69,
  "errors" :  ...
57: 157001 adresses traitées
adresse : bulk pour les ids de 9438222 à 9439221
bulk : {
  "took" : 91,
  "errors" :  ...
57: 158001 adresses traitées
adresse : bulk pour les ids de 9439222 à 9440221
bulk : {
  "took" : 71,
  "errors" :  ...
57: 159001 adresses traitées
adresse : bulk pour les ids de 9440222 à 9441221
bulk : {
  "took" : 95,
  "errors" :  ...
57: 160001 adresses traitées
adresse : bulk pour les ids de 9441222 à 9442221
bulk : {
  "took" : 92,
  "errors" :  ...
57: 161001 adresses traitées
adresse : bulk pour les ids de 9442222 à 9443221
bulk : {
  "took" : 76,
  "errors" :  ...
57: 162001 adresses traitées
adresse : bulk pour les ids de 9443222 à 9444221
bulk : {
  "took" : 82,
  "errors" :  ...
57: 163001 adresses traitées
57: 164001 adresses traitées
adresse : bulk pour les ids de 9444222 à 9445221
bulk : {
  "took" : 74,
  "errors" :  ...
57: 165001 adresses traitées
adresse : bulk pour les ids de 9445222 à 9446221
bulk : {
  "took" : 96,
  "errors" :  ...
57: 166001 adresses traitées
adresse : bulk pour les ids de 9446222 à 9447221
bulk : {
  "took" : 75,
  "errors" :  ...
57: 167001 adresses traitées
adresse : bulk pour les ids de 9447222 à 9448221
bulk : {
  "took" : 85,
  "errors" :  ...
57: 168001 adresses traitées
adresse : bulk pour les ids de 9448222 à 9449221
bulk : {
  "took" : 94,
  "errors" :  ...
57: 169001 adresses traitées
adresse : bulk pour les ids de 9449222 à 9450221
bulk : {
  "took" : 70,
  "errors" :  ...
57: 170001 adresses traitées
adresse : bulk pour les ids de 9450222 à 9451221
bulk : {
  "took" : 92,
  "errors" :  ...
57: 171001 adresses traitées
adresse : bulk pour les ids de 9451222 à 9452221
bulk : {
  "took" : 68,
  "errors" :  ...
57: 172001 adresses traitées
adresse : bulk pour les ids de 9452222 à 9453221
bulk : {
  "took" : 73,
  "errors" :  ...
57: 173001 adresses traitées
adresse : bulk pour les ids de 9453222 à 9454221
bulk : {
  "took" : 81,
  "errors" :  ...
57: 174001 adresses traitées
adresse : bulk pour les ids de 9454222 à 9455221
bulk : {
  "took" : 77,
  "errors" :  ...
57: 175001 adresses traitées
adresse : bulk pour les ids de 9455222 à 9456221
bulk : {
  "took" : 81,
  "errors" :  ...
57: 176001 adresses traitées
adresse : bulk pour les ids de 9456222 à 9457221
bulk : {
  "took" : 89,
  "errors" :  ...
57: 177001 adresses traitées
adresse : bulk pour les ids de 9457222 à 9458221
bulk : {
  "took" : 69,
  "errors" :  ...
57: 178001 adresses traitées
adresse : bulk pour les ids de 9458222 à 9459221
bulk : {
  "took" : 76,
  "errors" :  ...
57: 179001 adresses traitées
adresse : bulk pour les ids de 9459222 à 9460221
bulk : {
  "took" : 68,
  "errors" :  ...
57: 180001 adresses traitées
adresse : bulk pour les ids de 9460222 à 9461221
bulk : {
  "took" : 90,
  "errors" :  ...
57: 181001 adresses traitées
adresse : bulk pour les ids de 9461222 à 9462221
bulk : {
  "took" : 68,
  "errors" :  ...
57: 182001 adresses traitées
adresse : bulk pour les ids de 9462222 à 9463221
bulk : {
  "took" : 90,
  "errors" :  ...
57: 183001 adresses traitées
adresse : bulk pour les ids de 9463222 à 9464221
bulk : {
  "took" : 69,
  "errors" :  ...
57: 184001 adresses traitées
adresse : bulk pour les ids de 9464222 à 9465221
bulk : {
  "took" : 91,
  "errors" :  ...
57: 185001 adresses traitées
adresse : bulk pour les ids de 9465222 à 9466221
bulk : {
  "took" : 67,
  "errors" :  ...
57: 186001 adresses traitées
adresse : bulk pour les ids de 9466222 à 9467221
bulk : {
  "took" : 106,
  "errors" : ...
57: 187001 adresses traitées
adresse : bulk pour les ids de 9467222 à 9468221
bulk : {
  "took" : 89,
  "errors" :  ...
57: 188001 adresses traitées
adresse : bulk pour les ids de 9468222 à 9469221
bulk : {
  "took" : 91,
  "errors" :  ...
57: 189001 adresses traitées
adresse : bulk pour les ids de 9469222 à 9470221
bulk : {
  "took" : 84,
  "errors" :  ...
57: 190001 adresses traitées
adresse : bulk pour les ids de 9470222 à 9471221
bulk : {
  "took" : 95,
  "errors" :  ...
57: 191001 adresses traitées
adresse : bulk pour les ids de 9471222 à 9472221
bulk : {
  "took" : 94,
  "errors" :  ...
57: 192001 adresses traitées
adresse : bulk pour les ids de 9472222 à 9473221
bulk : {
  "took" : 95,
  "errors" :  ...
57: 193001 adresses traitées
57: 194001 adresses traitées
adresse : bulk pour les ids de 9473222 à 9474221
bulk : {
  "took" : 66,
  "errors" :  ...
57: 195001 adresses traitées
adresse : bulk pour les ids de 9474222 à 9475221
bulk : {
  "took" : 74,
  "errors" :  ...
57: 196001 adresses traitées
adresse : bulk pour les ids de 9475222 à 9476221
bulk : {
  "took" : 85,
  "errors" :  ...
57: 197001 adresses traitées
adresse : bulk pour les ids de 9476222 à 9477221
bulk : {
  "took" : 95,
  "errors" :  ...
57: 198001 adresses traitées
adresse : bulk pour les ids de 9477222 à 9478221
bulk : {
  "took" : 69,
  "errors" :  ...
57: 199001 adresses traitées
adresse : bulk pour les ids de 9478222 à 9479221
bulk : {
  "took" : 89,
  "errors" :  ...
57: 200001 adresses traitées
adresse : bulk pour les ids de 9479222 à 9480221
bulk : {
  "took" : 83,
  "errors" :  ...
57: 201001 adresses traitées
adresse : bulk pour les ids de 9480222 à 9481221
bulk : {
  "took" : 87,
  "errors" :  ...
57: 202001 adresses traitées
adresse : bulk pour les ids de 9481222 à 9482221
bulk : {
  "took" : 85,
  "errors" :  ...
57: 203001 adresses traitées
adresse : bulk pour les ids de 9482222 à 9483221
bulk : {
  "took" : 77,
  "errors" :  ...
57: 204001 adresses traitées
adresse : bulk pour les ids de 9483222 à 9484221
bulk : {
  "took" : 83,
  "errors" :  ...
57: 205001 adresses traitées
adresse : bulk pour les ids de 9484222 à 9485221
bulk : {
  "took" : 92,
  "errors" :  ...
57: 206001 adresses traitées
adresse : bulk pour les ids de 9485222 à 9486221
bulk : {
  "took" : 68,
  "errors" :  ...
57: 207001 adresses traitées
adresse : bulk pour les ids de 9486222 à 9487221
bulk : {
  "took" : 98,
  "errors" :  ...
57: 208001 adresses traitées
adresse : bulk pour les ids de 9487222 à 9488221
bulk : {
  "took" : 70,
  "errors" :  ...
57: 209001 adresses traitées
adresse : bulk pour les ids de 9488222 à 9489221
bulk : {
  "took" : 98,
  "errors" :  ...
57: 210001 adresses traitées
adresse : bulk pour les ids de 9489222 à 9490221
bulk : {
  "took" : 68,
  "errors" :  ...
57: 211001 adresses traitées
adresse : bulk pour les ids de 9490222 à 9491221
bulk : {
  "took" : 95,
  "errors" :  ...
57: 212001 adresses traitées
adresse : bulk pour les ids de 9491222 à 9492221
bulk : {
  "took" : 90,
  "errors" :  ...
57: 213001 adresses traitées
adresse : bulk pour les ids de 9492222 à 9493221
bulk : {
  "took" : 77,
  "errors" :  ...
57: 214001 adresses traitées
adresse : bulk pour les ids de 9493222 à 9494221
bulk : {
  "took" : 101,
  "errors" : ...
57: 215001 adresses traitées
adresse : bulk pour les ids de 9494222 à 9495221
bulk : {
  "took" : 102,
  "errors" : ...
57: 216001 adresses traitées
adresse : bulk pour les ids de 9495222 à 9496221
bulk : {
  "took" : 93,
  "errors" :  ...
57: 217001 adresses traitées
adresse : bulk pour les ids de 9496222 à 9497221
bulk : {
  "took" : 78,
  "errors" :  ...
57: 218001 adresses traitées
adresse : bulk pour les ids de 9497222 à 9498221
bulk : {
  "took" : 82,
  "errors" :  ...
57: 219001 adresses traitées
adresse : bulk pour les ids de 9498222 à 9499221
bulk : {
  "took" : 82,
  "errors" :  ...
57: 220001 adresses traitées
adresse : bulk pour les ids de 9499222 à 9500221
bulk : {
  "took" : 91,
  "errors" :  ...
57: 221001 adresses traitées
adresse : bulk pour les ids de 9500222 à 9501221
bulk : {
  "took" : 76,
  "errors" :  ...
57: 222001 adresses traitées
adresse : bulk pour les ids de 9501222 à 9502221
bulk : {
  "took" : 70,
  "errors" :  ...
57: 223001 adresses traitées
57: 224001 adresses traitées
adresse : bulk pour les ids de 9502222 à 9503221
bulk : {
  "took" : 98,
  "errors" :  ...
57: 225001 adresses traitées
adresse : bulk pour les ids de 9503222 à 9504221
bulk : {
  "took" : 69,
  "errors" :  ...
57: 226001 adresses traitées
adresse : bulk pour les ids de 9504222 à 9505221
bulk : {
  "took" : 98,
  "errors" :  ...
57: 227001 adresses traitées
adresse : bulk pour les ids de 9505222 à 9506221
bulk : {
  "took" : 68,
  "errors" :  ...
57: 228001 adresses traitées
adresse : bulk pour les ids de 9506222 à 9507221
bulk : {
  "took" : 106,
  "errors" : ...
57: 229001 adresses traitées
adresse : bulk pour les ids de 9507222 à 9508221
bulk : {
  "took" : 83,
  "errors" :  ...
57: 230001 adresses traitées
adresse : bulk pour les ids de 9508222 à 9509221
bulk : {
  "took" : 84,
  "errors" :  ...
57: 231001 adresses traitées
adresse : bulk pour les ids de 9509222 à 9510221
bulk : {
  "took" : 85,
  "errors" :  ...
57: 232001 adresses traitées
adresse : bulk pour les ids de 9510222 à 9511221
bulk : {
  "took" : 85,
  "errors" :  ...
57: 233001 adresses traitées
adresse : bulk pour les ids de 9511222 à 9512221
bulk : {
  "took" : 100,
  "errors" : ...
57: 234001 adresses traitées
adresse : bulk pour les ids de 9512222 à 9513221
bulk : {
  "took" : 130,
  "errors" : ...
57: 235001 adresses traitées
adresse : bulk pour les ids de 9513222 à 9514221
bulk : {
  "took" : 68,
  "errors" :  ...
57: 236001 adresses traitées
adresse : bulk pour les ids de 9514222 à 9515221
bulk : {
  "took" : 86,
  "errors" :  ...
57: 237001 adresses traitées
adresse : bulk pour les ids de 9515222 à 9516221
bulk : {
  "took" : 85,
  "errors" :  ...
57: 238001 adresses traitées
adresse : bulk pour les ids de 9516222 à 9517221
bulk : {
  "took" : 80,
  "errors" :  ...
57: 239001 adresses traitées
adresse : bulk pour les ids de 9517222 à 9518221
bulk : {
  "took" : 86,
  "errors" :  ...
57: 240001 adresses traitées
adresse : bulk pour les ids de 9518222 à 9519221
bulk : {
  "took" : 102,
  "errors" : ...
57: 241001 adresses traitées
adresse : bulk pour les ids de 9519222 à 9520221
bulk : {
  "took" : 67,
  "errors" :  ...
57: 242001 adresses traitées
adresse : bulk pour les ids de 9520222 à 9521221
bulk : {
  "took" : 98,
  "errors" :  ...
57: 243001 adresses traitées
adresse : bulk pour les ids de 9521222 à 9522221
bulk : {
  "took" : 67,
  "errors" :  ...
57: 244001 adresses traitées
adresse : bulk pour les ids de 9522222 à 9523221
bulk : {
  "took" : 104,
  "errors" : ...
57: 245001 adresses traitées
adresse : bulk pour les ids de 9523222 à 9524221
bulk : {
  "took" : 66,
  "errors" :  ...
57: 246001 adresses traitées
adresse : bulk pour les ids de 9524222 à 9525221
bulk : {
  "took" : 77,
  "errors" :  ...
57: 247001 adresses traitées
adresse : bulk pour les ids de 9525222 à 9526221
bulk : {
  "took" : 83,
  "errors" :  ...
57: 248001 adresses traitées
adresse : bulk pour les ids de 9526222 à 9527221
bulk : {
  "took" : 84,
  "errors" :  ...
57: 249001 adresses traitées
adresse : bulk pour les ids de 9527222 à 9528221
bulk : {
  "took" : 87,
  "errors" :  ...
57: 250001 adresses traitées
adresse : bulk pour les ids de 9528222 à 9529221
bulk : {
  "took" : 86,
  "errors" :  ...
57: 251001 adresses traitées
adresse : bulk pour les ids de 9529222 à 9530221
bulk : {
  "took" : 71,
  "errors" :  ...
57: 252001 adresses traitées
adresse : bulk pour les ids de 9530222 à 9531221
bulk : {
  "took" : 78,
  "errors" :  ...
57: 253001 adresses traitées
adresse : bulk pour les ids de 9531222 à 9532221
bulk : {
  "took" : 94,
  "errors" :  ...
57: 254001 adresses traitées
adresse : bulk pour les ids de 9532222 à 9533221
bulk : {
  "took" : 104,
  "errors" : ...
57: 255001 adresses traitées
adresse : bulk pour les ids de 9533222 à 9534221
bulk : {
  "took" : 71,
  "errors" :  ...
57: 256001 adresses traitées
adresse : bulk pour les ids de 9534222 à 9535221
bulk : {
  "took" : 107,
  "errors" : ...
57: 257001 adresses traitées
adresse : bulk pour les ids de 9535222 à 9536221
bulk : {
  "took" : 84,
  "errors" :  ...
57: 258001 adresses traitées
adresse : bulk pour les ids de 9536222 à 9537221
bulk : {
  "took" : 90,
  "errors" :  ...
57: 259001 adresses traitées
adresse : bulk pour les ids de 9537222 à 9538221
bulk : {
  "took" : 89,
  "errors" :  ...
57: 260001 adresses traitées
adresse : bulk pour les ids de 9538222 à 9539221
bulk : {
  "took" : 86,
  "errors" :  ...
57: 261001 adresses traitées
adresse : bulk pour les ids de 9539222 à 9540221
bulk : {
  "took" : 66,
  "errors" :  ...
57: 262001 adresses traitées
57: 263001 adresses traitées
adresse : bulk pour les ids de 9540222 à 9541221
bulk : {
  "took" : 100,
  "errors" : ...
57: 264001 adresses traitées
adresse : bulk pour les ids de 9541222 à 9542221
bulk : {
  "took" : 70,
  "errors" :  ...
57: 265001 adresses traitées
adresse : bulk pour les ids de 9542222 à 9543221
bulk : {
  "took" : 95,
  "errors" :  ...
57: 266001 adresses traitées
adresse : bulk pour les ids de 9543222 à 9544221
bulk : {
  "took" : 67,
  "errors" :  ...
57: 267001 adresses traitées
adresse : bulk pour les ids de 9544222 à 9545221
bulk : {
  "took" : 97,
  "errors" :  ...
57: 268001 adresses traitées
adresse : bulk pour les ids de 9545222 à 9546221
bulk : {
  "took" : 82,
  "errors" :  ...
57: 269001 adresses traitées
adresse : bulk pour les ids de 9546222 à 9547221
bulk : {
  "took" : 86,
  "errors" :  ...
57: 270001 adresses traitées
adresse : bulk pour les ids de 9547222 à 9548221
bulk : {
  "took" : 81,
  "errors" :  ...
57: 271001 adresses traitées
adresse : bulk pour les ids de 9548222 à 9549221
bulk : {
  "took" : 100,
  "errors" : ...
57: 272001 adresses traitées
adresse : bulk pour les ids de 9549222 à 9550221
bulk : {
  "took" : 67,
  "errors" :  ...
57: 273001 adresses traitées
adresse : bulk pour les ids de 9550222 à 9551221
bulk : {
  "took" : 96,
  "errors" :  ...
57: 274001 adresses traitées
adresse : bulk pour les ids de 9551222 à 9552221
bulk : {
  "took" : 109,
  "errors" : ...
57: 275001 adresses traitées
adresse : bulk pour les ids de 9552222 à 9553221
bulk : {
  "took" : 82,
  "errors" :  ...
57: 276001 adresses traitées
adresse : bulk pour les ids de 9553222 à 9554221
bulk : {
  "took" : 89,
  "errors" :  ...
57: 277001 adresses traitées
adresse : bulk pour les ids de 9554222 à 9555221
bulk : {
  "took" : 84,
  "errors" :  ...
57: 278001 adresses traitées
adresse : bulk pour les ids de 9555222 à 9556221
bulk : {
  "took" : 90,
  "errors" :  ...
57: 279001 adresses traitées
adresse : bulk pour les ids de 9556222 à 9557221
bulk : {
  "took" : 107,
  "errors" : ...
57: 280001 adresses traitées
adresse : bulk pour les ids de 9557222 à 9558221
bulk : {
  "took" : 69,
  "errors" :  ...
57: 281001 adresses traitées
adresse : bulk pour les ids de 9558222 à 9559221
bulk : {
  "took" : 95,
  "errors" :  ...
57: 282001 adresses traitées
adresse : bulk pour les ids de 9559222 à 9560221
bulk : {
  "took" : 66,
  "errors" :  ...
57: 283001 adresses traitées
adresse : bulk pour les ids de 9560222 à 9561221
bulk : {
  "took" : 97,
  "errors" :  ...
57: 284001 adresses traitées
adresse : bulk pour les ids de 9561222 à 9562221
bulk : {
  "took" : 65,
  "errors" :  ...
57: 285001 adresses traitées
adresse : bulk pour les ids de 9562222 à 9563221
bulk : {
  "took" : 75,
  "errors" :  ...
57: 286001 adresses traitées
adresse : bulk pour les ids de 9563222 à 9564221
bulk : {
  "took" : 90,
  "errors" :  ...
57: 287001 adresses traitées
adresse : bulk pour les ids de 9564222 à 9565221
bulk : {
  "took" : 77,
  "errors" :  ...
57: 288001 adresses traitées
adresse : bulk pour les ids de 9565222 à 9566221
bulk : {
  "took" : 76,
  "errors" :  ...
57: 289001 adresses traitées
adresse : bulk pour les ids de 9566222 à 9567221
bulk : {
  "took" : 95,
  "errors" :  ...
57: 290001 adresses traitées
57: 291001 adresses traitées
adresse : bulk pour les ids de 9567222 à 9568221
bulk : {
  "took" : 83,
  "errors" :  ...
57: 292001 adresses traitées
adresse : bulk pour les ids de 9568222 à 9569221
bulk : {
  "took" : 95,
  "errors" :  ...
57: 293001 adresses traitées
adresse : bulk pour les ids de 9569222 à 9570221
bulk : {
  "took" : 80,
  "errors" :  ...
57: 294001 adresses traitées
adresse : bulk pour les ids de 9570222 à 9571221
bulk : {
  "took" : 74,
  "errors" :  ...
57: 295001 adresses traitées
adresse : bulk pour les ids de 9571222 à 9572221
bulk : {
  "took" : 93,
  "errors" :  ...
57: 296001 adresses traitées
adresse : bulk pour les ids de 9572222 à 9573221
bulk : {
  "took" : 67,
  "errors" :  ...
57: 297001 adresses traitées
adresse : bulk pour les ids de 9573222 à 9574221
bulk : {
  "took" : 90,
  "errors" :  ...
57: 298001 adresses traitées
adresse : bulk pour les ids de 9574222 à 9575221
bulk : {
  "took" : 86,
  "errors" :  ...
57: 299001 adresses traitées
adresse : bulk pour les ids de 9575222 à 9576221
bulk : {
  "took" : 74,
  "errors" :  ...
57: 300001 adresses traitées
adresse : bulk pour les ids de 9576222 à 9577221
bulk : {
  "took" : 84,
  "errors" :  ...
57: 301001 adresses traitées
adresse : bulk pour les ids de 9577222 à 9578221
bulk : {
  "took" : 74,
  "errors" :  ...
57: 302001 adresses traitées
adresse : bulk pour les ids de 9578222 à 9579221
bulk : {
  "took" : 86,
  "errors" :  ...
57: 303001 adresses traitées
adresse : bulk pour les ids de 9579222 à 9580221
bulk : {
  "took" : 92,
  "errors" :  ...
57: 304001 adresses traitées
adresse : bulk pour les ids de 9580222 à 9581221
bulk : {
  "took" : 68,
  "errors" :  ...
57: 305001 adresses traitées
adresse : bulk pour les ids de 9581222 à 9582221
bulk : {
  "took" : 93,
  "errors" :  ...
57: 306001 adresses traitées
adresse : bulk pour les ids de 9582222 à 9583221
bulk : {
  "took" : 80,
  "errors" :  ...
57: 307001 adresses traitées
adresse : bulk pour les ids de 9583222 à 9584221
bulk : {
  "took" : 73,
  "errors" :  ...
57: 308001 adresses traitées
adresse : bulk pour les ids de 9584222 à 9585221
bulk : {
  "took" : 86,
  "errors" :  ...
57: 309001 adresses traitées
adresse : bulk pour les ids de 9585222 à 9586221
bulk : {
  "took" : 87,
  "errors" :  ...
57: 310001 adresses traitées
adresse : bulk pour les ids de 9586222 à 9587221
bulk : {
  "took" : 66,
  "errors" :  ...
57: 311001 adresses traitées
adresse : bulk pour les ids de 9587222 à 9588221
bulk : {
  "took" : 103,
  "errors" : ...
57: 312001 adresses traitées
adresse : bulk pour les ids de 9588222 à 9589221
bulk : {
  "took" : 68,
  "errors" :  ...
57: 313001 adresses traitées
adresse : bulk pour les ids de 9589222 à 9590221
bulk : {
  "took" : 96,
  "errors" :  ...
57: 314001 adresses traitées
adresse : bulk pour les ids de 9590222 à 9591221
bulk : {
  "took" : 67,
  "errors" :  ...
57: 315001 adresses traitées
adresse : bulk pour les ids de 9591222 à 9592221
bulk : {
  "took" : 72,
  "errors" :  ...
57: 316001 adresses traitées
adresse : bulk pour les ids de 9592222 à 9593221
bulk : {
  "took" : 85,
  "errors" :  ...
57: 317001 adresses traitées
adresse : bulk pour les ids de 9593222 à 9594221
bulk : {
  "took" : 76,
  "errors" :  ...
57: 318001 adresses traitées
adresse : bulk pour les ids de 9594222 à 9595221
bulk : {
  "took" : 88,
  "errors" :  ...
57: 319001 adresses traitées
adresse : bulk pour les ids de 9595222 à 9596221
bulk : {
  "took" : 73,
  "errors" :  ...
57: 320001 adresses traitées
adresse : bulk pour les ids de 9596222 à 9597221
bulk : {
  "took" : 84,
  "errors" :  ...
57: 321001 adresses traitées
adresse : bulk pour les ids de 9597222 à 9598221
bulk : {
  "took" : 91,
  "errors" :  ...
57: 322001 adresses traitées
adresse : bulk pour les ids de 9598222 à 9599221
bulk : {
  "took" : 69,
  "errors" :  ...
57: 323001 adresses traitées
adresse : bulk pour les ids de 9599222 à 9600221
bulk : {
  "took" : 92,
  "errors" :  ...
57: 324001 adresses traitées
adresse : bulk pour les ids de 9600222 à 9601221
bulk : {
  "took" : 90,
  "errors" :  ...
57: 325001 adresses traitées
adresse : bulk pour les ids de 9601222 à 9602221
bulk : {
  "took" : 75,
  "errors" :  ...
57: 326001 adresses traitées
adresse : bulk pour les ids de 9602222 à 9603221
bulk : {
  "took" : 86,
  "errors" :  ...
57: 327001 adresses traitées
adresse : bulk pour les ids de 9603222 à 9604221
bulk : {
  "took" : 93,
  "errors" :  ...
57: 328001 adresses traitées
adresse : bulk pour les ids de 9604222 à 9605221
bulk : {
  "took" : 68,
  "errors" :  ...
57: 329001 adresses traitées
adresse : bulk pour les ids de 9605222 à 9606221
bulk : {
  "took" : 92,
  "errors" :  ...
57: 330001 adresses traitées
adresse : bulk pour les ids de 9606222 à 9607221
bulk : {
  "took" : 67,
  "errors" :  ...
57: 331001 adresses traitées
adresse : bulk pour les ids de 9607222 à 9608221
bulk : {
  "took" : 98,
  "errors" :  ...
57: 332001 adresses traitées
adresse : bulk pour les ids de 9608222 à 9609221
bulk : {
  "took" : 66,
  "errors" :  ...
57: 333001 adresses traitées
adresse : bulk pour les ids de 9609222 à 9610221
bulk : {
  "took" : 71,
  "errors" :  ...
57: 334001 adresses traitées
adresse : bulk pour les ids de 9610222 à 9611221
bulk : {
  "took" : 84,
  "errors" :  ...
57: 335001 adresses traitées
57: 336001 adresses traitées
adresse : bulk pour les ids de 9611222 à 9612221
bulk : {
  "took" : 77,
  "errors" :  ...
57: 337001 adresses traitées
adresse : bulk pour les ids de 9612222 à 9613221
bulk : {
  "took" : 83,
  "errors" :  ...
57: 338001 adresses traitées
adresse : bulk pour les ids de 9613222 à 9614221
bulk : {
  "took" : 91,
  "errors" :  ...
57: 339001 adresses traitées
adresse : bulk pour les ids de 9614222 à 9615221
bulk : {
  "took" : 65,
  "errors" :  ...
57: 340001 adresses traitées
adresse : bulk pour les ids de 9615222 à 9616221
bulk : {
  "took" : 91,
  "errors" :  ...
57: 341001 adresses traitées
adresse : bulk pour les ids de 9616222 à 9617221
bulk : {
  "took" : 65,
  "errors" :  ...
57: 342001 adresses traitées
adresse : bulk pour les ids de 9617222 à 9618221
bulk : {
  "took" : 89,
  "errors" :  ...
57: 343001 adresses traitées
adresse : bulk pour les ids de 9618222 à 9619221
bulk : {
  "took" : 95,
  "errors" :  ...
57: 344001 adresses traitées
adresse : bulk pour les ids de 9619222 à 9620221
bulk : {
  "took" : 89,
  "errors" :  ...
57: 345001 adresses traitées
adresse : bulk pour les ids de 9620222 à 9621221
bulk : {
  "took" : 69,
  "errors" :  ...
57: 346001 adresses traitées
adresse : bulk pour les ids de 9621222 à 9622221
bulk : {
  "took" : 92,
  "errors" :  ...
57: 347001 adresses traitées
adresse : bulk pour les ids de 9622222 à 9623221
bulk : {
  "took" : 66,
  "errors" :  ...
57: 348001 adresses traitées
adresse : bulk pour les ids de 9623222 à 9624221
bulk : {
  "took" : 89,
  "errors" :  ...
57: 349001 adresses traitées
adresse : bulk pour les ids de 9624222 à 9625221
bulk : {
  "took" : 80,
  "errors" :  ...
57: 350001 adresses traitées
adresse : bulk pour les ids de 9625222 à 9626221
bulk : {
  "took" : 77,
  "errors" :  ...
57: 351001 adresses traitées
adresse : bulk pour les ids de 9626222 à 9627221
bulk : {
  "took" : 87,
  "errors" :  ...
57: 352001 adresses traitées
adresse : bulk pour les ids de 9627222 à 9628221
bulk : {
  "took" : 79,
  "errors" :  ...
57: 353001 adresses traitées
adresse : bulk pour les ids de 9628222 à 9629221
bulk : {
  "took" : 68,
  "errors" :  ...
57: 354001 adresses traitées
adresse : bulk pour les ids de 9629222 à 9630221
bulk : {
  "took" : 103,
  "errors" : ...
57: 355001 adresses traitées
adresse : bulk pour les ids de 9630222 à 9631221
bulk : {
  "took" : 80,
  "errors" :  ...
57: 356001 adresses traitées
adresse : bulk pour les ids de 9631222 à 9632221
bulk : {
  "took" : 88,
  "errors" :  ...
57: 357001 adresses traitées
adresse : bulk pour les ids de 9632222 à 9633221
bulk : {
  "took" : 91,
  "errors" :  ...
57: 358001 adresses traitées
adresse : bulk pour les ids de 9633222 à 9634221
bulk : {
  "took" : 68,
  "errors" :  ...
57: 359001 adresses traitées
adresse : bulk pour les ids de 9634222 à 9635221
bulk : {
  "took" : 102,
  "errors" : ...
57: 360001 adresses traitées
adresse : bulk pour les ids de 9635222 à 9636005
bulk : {
  "took" : 53,
  "errors" :  ...
dpt 58 : voies
58: 1 voies traitées
voie : bulk pour les ids de 731306 à 731505
bulk : {
  "took" : 13,
  "errors" :  ...
58: 201 voies traitées
voie : bulk pour les ids de 731506 à 731705
bulk : {
  "took" : 26,
  "errors" :  ...
58: 401 voies traitées
voie : bulk pour les ids de 731706 à 731905
bulk : {
  "took" : 12,
  "errors" :  ...
58: 601 voies traitées
voie : bulk pour les ids de 731906 à 732105
bulk : {
  "took" : 12,
  "errors" :  ...
58: 801 voies traitées
voie : bulk pour les ids de 732106 à 732305
bulk : {
  "took" : 13,
  "errors" :  ...
58: 1001 voies traitées
voie : bulk pour les ids de 732306 à 732505
bulk : {
  "took" : 11,
  "errors" :  ...
58: 1201 voies traitées
voie : bulk pour les ids de 732506 à 732705
bulk : {
  "took" : 12,
  "errors" :  ...
58: 1401 voies traitées
voie : bulk pour les ids de 732706 à 732905
bulk : {
  "took" : 13,
  "errors" :  ...
58: 1601 voies traitées
voie : bulk pour les ids de 732906 à 733105
bulk : {
  "took" : 13,
  "errors" :  ...
58: 1801 voies traitées
voie : bulk pour les ids de 733106 à 733305
bulk : {
  "took" : 13,
  "errors" :  ...
58: 2001 voies traitées
voie : bulk pour les ids de 733306 à 733505
bulk : {
  "took" : 13,
  "errors" :  ...
58: 2201 voies traitées
voie : bulk pour les ids de 733506 à 733705
bulk : {
  "took" : 29,
  "errors" :  ...
58: 2401 voies traitées
voie : bulk pour les ids de 733706 à 733905
bulk : {
  "took" : 13,
  "errors" :  ...
58: 2601 voies traitées
voie : bulk pour les ids de 733906 à 734105
bulk : {
  "took" : 12,
  "errors" :  ...
58: 2801 voies traitées
voie : bulk pour les ids de 734106 à 734305
bulk : {
  "took" : 13,
  "errors" :  ...
58: 3001 voies traitées
voie : bulk pour les ids de 734306 à 734505
bulk : {
  "took" : 12,
  "errors" :  ...
58: 3201 voies traitées
voie : bulk pour les ids de 734506 à 734705
bulk : {
  "took" : 13,
  "errors" :  ...
58: 3401 voies traitées
voie : bulk pour les ids de 734706 à 734905
bulk : {
  "took" : 12,
  "errors" :  ...
58: 3601 voies traitées
voie : bulk pour les ids de 734906 à 735105
bulk : {
  "took" : 26,
  "errors" :  ...
58: 3801 voies traitées
voie : bulk pour les ids de 735106 à 735305
bulk : {
  "took" : 12,
  "errors" :  ...
58: 4001 voies traitées
voie : bulk pour les ids de 735306 à 735505
bulk : {
  "took" : 16,
  "errors" :  ...
58: 4201 voies traitées
voie : bulk pour les ids de 735506 à 735705
bulk : {
  "took" : 16,
  "errors" :  ...
58: 4401 voies traitées
voie : bulk pour les ids de 735706 à 735905
bulk : {
  "took" : 12,
  "errors" :  ...
58: 4601 voies traitées
voie : bulk pour les ids de 735906 à 736105
bulk : {
  "took" : 13,
  "errors" :  ...
58: 4801 voies traitées
voie : bulk pour les ids de 736106 à 736305
bulk : {
  "took" : 13,
  "errors" :  ...
58: 5001 voies traitées
voie : bulk pour les ids de 736306 à 736505
bulk : {
  "took" : 13,
  "errors" :  ...
58: 5201 voies traitées
voie : bulk pour les ids de 736506 à 736705
bulk : {
  "took" : 13,
  "errors" :  ...
58: 5401 voies traitées
voie : bulk pour les ids de 736706 à 736905
bulk : {
  "took" : 13,
  "errors" :  ...
58: 5601 voies traitées
voie : bulk pour les ids de 736906 à 737105
bulk : {
  "took" : 13,
  "errors" :  ...
58: 5801 voies traitées
voie : bulk pour les ids de 737106 à 737305
bulk : {
  "took" : 12,
  "errors" :  ...
58: 6001 voies traitées
voie : bulk pour les ids de 737306 à 737505
bulk : {
  "took" : 13,
  "errors" :  ...
58: 6201 voies traitées
voie : bulk pour les ids de 737506 à 737705
bulk : {
  "took" : 13,
  "errors" :  ...
58: 6401 voies traitées
voie : bulk pour les ids de 737706 à 737723
bulk : {
  "took" : 1,
  "errors" : f ...
dpt 58 : adresses
58: 1 adresses traitées
58: 1001 adresses traitées
adresse : bulk pour les ids de 9636006 à 9637005
bulk : {
  "took" : 73,
  "errors" :  ...
58: 2001 adresses traitées
adresse : bulk pour les ids de 9637006 à 9638005
bulk : {
  "took" : 116,
  "errors" : ...
58: 3001 adresses traitées
adresse : bulk pour les ids de 9638006 à 9639005
bulk : {
  "took" : 71,
  "errors" :  ...
58: 4001 adresses traitées
adresse : bulk pour les ids de 9639006 à 9640005
bulk : {
  "took" : 97,
  "errors" :  ...
58: 5001 adresses traitées
adresse : bulk pour les ids de 9640006 à 9641005
bulk : {
  "took" : 85,
  "errors" :  ...
58: 6001 adresses traitées
adresse : bulk pour les ids de 9641006 à 9642005
bulk : {
  "took" : 89,
  "errors" :  ...
58: 7001 adresses traitées
adresse : bulk pour les ids de 9642006 à 9643005
bulk : {
  "took" : 99,
  "errors" :  ...
58: 8001 adresses traitées
adresse : bulk pour les ids de 9643006 à 9644005
bulk : {
  "took" : 91,
  "errors" :  ...
58: 9001 adresses traitées
adresse : bulk pour les ids de 9644006 à 9645005
bulk : {
  "took" : 88,
  "errors" :  ...
58: 10001 adresses traitées
adresse : bulk pour les ids de 9645006 à 9646005
bulk : {
  "took" : 92,
  "errors" :  ...
58: 11001 adresses traitées
adresse : bulk pour les ids de 9646006 à 9647005
bulk : {
  "took" : 73,
  "errors" :  ...
58: 12001 adresses traitées
adresse : bulk pour les ids de 9647006 à 9648005
bulk : {
  "took" : 82,
  "errors" :  ...
58: 13001 adresses traitées
adresse : bulk pour les ids de 9648006 à 9649005
bulk : {
  "took" : 96,
  "errors" :  ...
58: 14001 adresses traitées
adresse : bulk pour les ids de 9649006 à 9650005
bulk : {
  "took" : 76,
  "errors" :  ...
58: 15001 adresses traitées
adresse : bulk pour les ids de 9650006 à 9651005
bulk : {
  "took" : 72,
  "errors" :  ...
58: 16001 adresses traitées
adresse : bulk pour les ids de 9651006 à 9652005
bulk : {
  "took" : 106,
  "errors" : ...
58: 17001 adresses traitées
adresse : bulk pour les ids de 9652006 à 9653005
bulk : {
  "took" : 88,
  "errors" :  ...
58: 18001 adresses traitées
adresse : bulk pour les ids de 9653006 à 9654005
bulk : {
  "took" : 72,
  "errors" :  ...
58: 19001 adresses traitées
adresse : bulk pour les ids de 9654006 à 9655005
bulk : {
  "took" : 106,
  "errors" : ...
58: 20001 adresses traitées
adresse : bulk pour les ids de 9655006 à 9656005
bulk : {
  "took" : 68,
  "errors" :  ...
58: 21001 adresses traitées
58: 22001 adresses traitées
adresse : bulk pour les ids de 9656006 à 9657005
bulk : {
  "took" : 87,
  "errors" :  ...
58: 23001 adresses traitées
adresse : bulk pour les ids de 9657006 à 9658005
bulk : {
  "took" : 96,
  "errors" :  ...
58: 24001 adresses traitées
adresse : bulk pour les ids de 9658006 à 9659005
bulk : {
  "took" : 70,
  "errors" :  ...
58: 25001 adresses traitées
adresse : bulk pour les ids de 9659006 à 9660005
bulk : {
  "took" : 84,
  "errors" :  ...
58: 26001 adresses traitées
adresse : bulk pour les ids de 9660006 à 9661005
bulk : {
  "took" : 74,
  "errors" :  ...
58: 27001 adresses traitées
adresse : bulk pour les ids de 9661006 à 9662005
bulk : {
  "took" : 86,
  "errors" :  ...
58: 28001 adresses traitées
adresse : bulk pour les ids de 9662006 à 9663005
bulk : {
  "took" : 87,
  "errors" :  ...
58: 29001 adresses traitées
adresse : bulk pour les ids de 9663006 à 9664005
bulk : {
  "took" : 84,
  "errors" :  ...
58: 30001 adresses traitées
adresse : bulk pour les ids de 9664006 à 9665005
bulk : {
  "took" : 87,
  "errors" :  ...
58: 31001 adresses traitées
adresse : bulk pour les ids de 9665006 à 9666005
bulk : {
  "took" : 86,
  "errors" :  ...
58: 32001 adresses traitées
adresse : bulk pour les ids de 9666006 à 9667005
bulk : {
  "took" : 83,
  "errors" :  ...
58: 33001 adresses traitées
adresse : bulk pour les ids de 9667006 à 9668005
bulk : {
  "took" : 102,
  "errors" : ...
58: 34001 adresses traitées
adresse : bulk pour les ids de 9668006 à 9669005
bulk : {
  "took" : 84,
  "errors" :  ...
58: 35001 adresses traitées
adresse : bulk pour les ids de 9669006 à 9670005
bulk : {
  "took" : 81,
  "errors" :  ...
58: 36001 adresses traitées
adresse : bulk pour les ids de 9670006 à 9671005
bulk : {
  "took" : 84,
  "errors" :  ...
58: 37001 adresses traitées
adresse : bulk pour les ids de 9671006 à 9672005
bulk : {
  "took" : 84,
  "errors" :  ...
58: 38001 adresses traitées
adresse : bulk pour les ids de 9672006 à 9673005
bulk : {
  "took" : 84,
  "errors" :  ...
58: 39001 adresses traitées
adresse : bulk pour les ids de 9673006 à 9674005
bulk : {
  "took" : 83,
  "errors" :  ...
58: 40001 adresses traitées
adresse : bulk pour les ids de 9674006 à 9675005
bulk : {
  "took" : 67,
  "errors" :  ...
58: 41001 adresses traitées
adresse : bulk pour les ids de 9675006 à 9676005
bulk : {
  "took" : 101,
  "errors" : ...
58: 42001 adresses traitées
adresse : bulk pour les ids de 9676006 à 9677005
bulk : {
  "took" : 77,
  "errors" :  ...
58: 43001 adresses traitées
adresse : bulk pour les ids de 9677006 à 9678005
bulk : {
  "took" : 67,
  "errors" :  ...
58: 44001 adresses traitées
adresse : bulk pour les ids de 9678006 à 9679005
bulk : {
  "took" : 94,
  "errors" :  ...
58: 45001 adresses traitées
adresse : bulk pour les ids de 9679006 à 9680005
bulk : {
  "took" : 69,
  "errors" :  ...
58: 46001 adresses traitées
adresse : bulk pour les ids de 9680006 à 9681005
bulk : {
  "took" : 109,
  "errors" : ...
58: 47001 adresses traitées
adresse : bulk pour les ids de 9681006 à 9682005
bulk : {
  "took" : 75,
  "errors" :  ...
58: 48001 adresses traitées
adresse : bulk pour les ids de 9682006 à 9683005
bulk : {
  "took" : 92,
  "errors" :  ...
58: 49001 adresses traitées
58: 50001 adresses traitées
adresse : bulk pour les ids de 9683006 à 9684005
bulk : {
  "took" : 84,
  "errors" :  ...
58: 51001 adresses traitées
adresse : bulk pour les ids de 9684006 à 9685005
bulk : {
  "took" : 89,
  "errors" :  ...
58: 52001 adresses traitées
adresse : bulk pour les ids de 9685006 à 9686005
bulk : {
  "took" : 71,
  "errors" :  ...
58: 53001 adresses traitées
adresse : bulk pour les ids de 9686006 à 9687005
bulk : {
  "took" : 88,
  "errors" :  ...
58: 54001 adresses traitées
adresse : bulk pour les ids de 9687006 à 9688005
bulk : {
  "took" : 69,
  "errors" :  ...
58: 55001 adresses traitées
adresse : bulk pour les ids de 9688006 à 9689005
bulk : {
  "took" : 91,
  "errors" :  ...
58: 56001 adresses traitées
adresse : bulk pour les ids de 9689006 à 9690005
bulk : {
  "took" : 89,
  "errors" :  ...
58: 57001 adresses traitées
adresse : bulk pour les ids de 9690006 à 9691005
bulk : {
  "took" : 75,
  "errors" :  ...
58: 58001 adresses traitées
adresse : bulk pour les ids de 9691006 à 9692005
bulk : {
  "took" : 83,
  "errors" :  ...
58: 59001 adresses traitées
adresse : bulk pour les ids de 9692006 à 9693005
bulk : {
  "took" : 74,
  "errors" :  ...
58: 60001 adresses traitées
adresse : bulk pour les ids de 9693006 à 9694005
bulk : {
  "took" : 74,
  "errors" :  ...
58: 61001 adresses traitées
adresse : bulk pour les ids de 9694006 à 9695005
bulk : {
  "took" : 95,
  "errors" :  ...
58: 62001 adresses traitées
adresse : bulk pour les ids de 9695006 à 9696005
bulk : {
  "took" : 77,
  "errors" :  ...
58: 63001 adresses traitées
adresse : bulk pour les ids de 9696006 à 9697005
bulk : {
  "took" : 88,
  "errors" :  ...
58: 64001 adresses traitées
adresse : bulk pour les ids de 9697006 à 9698005
bulk : {
  "took" : 93,
  "errors" :  ...
58: 65001 adresses traitées
adresse : bulk pour les ids de 9698006 à 9699005
bulk : {
  "took" : 79,
  "errors" :  ...
58: 66001 adresses traitées
adresse : bulk pour les ids de 9699006 à 9700005
bulk : {
  "took" : 86,
  "errors" :  ...
58: 67001 adresses traitées
adresse : bulk pour les ids de 9700006 à 9701005
bulk : {
  "took" : 78,
  "errors" :  ...
58: 68001 adresses traitées
adresse : bulk pour les ids de 9701006 à 9702005
bulk : {
  "took" : 70,
  "errors" :  ...
58: 69001 adresses traitées
adresse : bulk pour les ids de 9702006 à 9703005
bulk : {
  "took" : 96,
  "errors" :  ...
58: 70001 adresses traitées
adresse : bulk pour les ids de 9703006 à 9704005
bulk : {
  "took" : 73,
  "errors" :  ...
58: 71001 adresses traitées
adresse : bulk pour les ids de 9704006 à 9705005
bulk : {
  "took" : 79,
  "errors" :  ...
58: 72001 adresses traitées
adresse : bulk pour les ids de 9705006 à 9706005
bulk : {
  "took" : 98,
  "errors" :  ...
58: 73001 adresses traitées
adresse : bulk pour les ids de 9706006 à 9707005
bulk : {
  "took" : 82,
  "errors" :  ...
58: 74001 adresses traitées
adresse : bulk pour les ids de 9707006 à 9708005
bulk : {
  "took" : 87,
  "errors" :  ...
58: 75001 adresses traitées
adresse : bulk pour les ids de 9708006 à 9709005
bulk : {
  "took" : 89,
  "errors" :  ...
58: 76001 adresses traitées
adresse : bulk pour les ids de 9709006 à 9710005
bulk : {
  "took" : 69,
  "errors" :  ...
58: 77001 adresses traitées
adresse : bulk pour les ids de 9710006 à 9711005
bulk : {
  "took" : 99,
  "errors" :  ...
58: 78001 adresses traitées
adresse : bulk pour les ids de 9711006 à 9712005
bulk : {
  "took" : 68,
  "errors" :  ...
58: 79001 adresses traitées
adresse : bulk pour les ids de 9712006 à 9713005
bulk : {
  "took" : 100,
  "errors" : ...
58: 80001 adresses traitées
adresse : bulk pour les ids de 9713006 à 9714005
bulk : {
  "took" : 88,
  "errors" :  ...
58: 81001 adresses traitées
58: 82001 adresses traitées
adresse : bulk pour les ids de 9714006 à 9715005
bulk : {
  "took" : 78,
  "errors" :  ...
58: 83001 adresses traitées
adresse : bulk pour les ids de 9715006 à 9716005
bulk : {
  "took" : 85,
  "errors" :  ...
58: 84001 adresses traitées
adresse : bulk pour les ids de 9716006 à 9717005
bulk : {
  "took" : 78,
  "errors" :  ...
58: 85001 adresses traitées
adresse : bulk pour les ids de 9717006 à 9718005
bulk : {
  "took" : 82,
  "errors" :  ...
58: 86001 adresses traitées
adresse : bulk pour les ids de 9718006 à 9719005
bulk : {
  "took" : 93,
  "errors" :  ...
58: 87001 adresses traitées
adresse : bulk pour les ids de 9719006 à 9720005
bulk : {
  "took" : 78,
  "errors" :  ...
58: 88001 adresses traitées
adresse : bulk pour les ids de 9720006 à 9721005
bulk : {
  "took" : 94,
  "errors" :  ...
58: 89001 adresses traitées
adresse : bulk pour les ids de 9721006 à 9722005
bulk : {
  "took" : 85,
  "errors" :  ...
adresse : bulk pour les ids de 9722006 à 9722562
bulk : {
  "took" : 39,
  "errors" :  ...
dpt 59 : voies
59: 1 voies traitées
voie : bulk pour les ids de 737724 à 737923
bulk : {
  "took" : 15,
  "errors" :  ...
59: 201 voies traitées
voie : bulk pour les ids de 737924 à 738123
bulk : {
  "took" : 13,
  "errors" :  ...
59: 401 voies traitées
voie : bulk pour les ids de 738124 à 738323
bulk : {
  "took" : 34,
  "errors" :  ...
59: 601 voies traitées
voie : bulk pour les ids de 738324 à 738523
bulk : {
  "took" : 13,
  "errors" :  ...
59: 801 voies traitées
voie : bulk pour les ids de 738524 à 738723
bulk : {
  "took" : 16,
  "errors" :  ...
59: 1001 voies traitées
voie : bulk pour les ids de 738724 à 738923
bulk : {
  "took" : 23,
  "errors" :  ...
59: 1201 voies traitées
voie : bulk pour les ids de 738924 à 739123
bulk : {
  "took" : 12,
  "errors" :  ...
59: 1401 voies traitées
voie : bulk pour les ids de 739124 à 739323
bulk : {
  "took" : 11,
  "errors" :  ...
59: 1601 voies traitées
voie : bulk pour les ids de 739324 à 739523
bulk : {
  "took" : 11,
  "errors" :  ...
59: 1801 voies traitées
voie : bulk pour les ids de 739524 à 739723
bulk : {
  "took" : 12,
  "errors" :  ...
59: 2001 voies traitées
voie : bulk pour les ids de 739724 à 739923
bulk : {
  "took" : 12,
  "errors" :  ...
59: 2201 voies traitées
voie : bulk pour les ids de 739924 à 740123
bulk : {
  "took" : 27,
  "errors" :  ...
59: 2401 voies traitées
voie : bulk pour les ids de 740124 à 740323
bulk : {
  "took" : 12,
  "errors" :  ...
59: 2601 voies traitées
voie : bulk pour les ids de 740324 à 740523
bulk : {
  "took" : 11,
  "errors" :  ...
59: 2801 voies traitées
voie : bulk pour les ids de 740524 à 740723
bulk : {
  "took" : 12,
  "errors" :  ...
59: 3001 voies traitées
voie : bulk pour les ids de 740724 à 740923
bulk : {
  "took" : 13,
  "errors" :  ...
59: 3201 voies traitées
voie : bulk pour les ids de 740924 à 741123
bulk : {
  "took" : 12,
  "errors" :  ...
59: 3401 voies traitées
voie : bulk pour les ids de 741124 à 741323
bulk : {
  "took" : 12,
  "errors" :  ...
59: 3601 voies traitées
voie : bulk pour les ids de 741324 à 741523
bulk : {
  "took" : 12,
  "errors" :  ...
59: 3801 voies traitées
voie : bulk pour les ids de 741524 à 741723
bulk : {
  "took" : 12,
  "errors" :  ...
59: 4001 voies traitées
voie : bulk pour les ids de 741724 à 741923
bulk : {
  "took" : 12,
  "errors" :  ...
59: 4201 voies traitées
voie : bulk pour les ids de 741924 à 742123
bulk : {
  "took" : 12,
  "errors" :  ...
59: 4401 voies traitées
voie : bulk pour les ids de 742124 à 742323
bulk : {
  "took" : 30,
  "errors" :  ...
59: 4601 voies traitées
voie : bulk pour les ids de 742324 à 742523
bulk : {
  "took" : 30,
  "errors" :  ...
59: 4801 voies traitées
voie : bulk pour les ids de 742524 à 742723
bulk : {
  "took" : 16,
  "errors" :  ...
59: 5001 voies traitées
voie : bulk pour les ids de 742724 à 742923
bulk : {
  "took" : 13,
  "errors" :  ...
59: 5201 voies traitées
voie : bulk pour les ids de 742924 à 743123
bulk : {
  "took" : 12,
  "errors" :  ...
59: 5401 voies traitées
voie : bulk pour les ids de 743124 à 743323
bulk : {
  "took" : 13,
  "errors" :  ...
59: 5601 voies traitées
voie : bulk pour les ids de 743324 à 743523
bulk : {
  "took" : 12,
  "errors" :  ...
59: 5801 voies traitées
voie : bulk pour les ids de 743524 à 743723
bulk : {
  "took" : 12,
  "errors" :  ...
59: 6001 voies traitées
voie : bulk pour les ids de 743724 à 743923
bulk : {
  "took" : 13,
  "errors" :  ...
59: 6201 voies traitées
voie : bulk pour les ids de 743924 à 744123
bulk : {
  "took" : 27,
  "errors" :  ...
59: 6401 voies traitées
voie : bulk pour les ids de 744124 à 744323
bulk : {
  "took" : 13,
  "errors" :  ...
59: 6601 voies traitées
voie : bulk pour les ids de 744324 à 744523
bulk : {
  "took" : 13,
  "errors" :  ...
59: 6801 voies traitées
voie : bulk pour les ids de 744524 à 744723
bulk : {
  "took" : 12,
  "errors" :  ...
59: 7001 voies traitées
voie : bulk pour les ids de 744724 à 744923
bulk : {
  "took" : 12,
  "errors" :  ...
59: 7201 voies traitées
voie : bulk pour les ids de 744924 à 745123
bulk : {
  "took" : 13,
  "errors" :  ...
59: 7401 voies traitées
voie : bulk pour les ids de 745124 à 745323
bulk : {
  "took" : 13,
  "errors" :  ...
59: 7601 voies traitées
voie : bulk pour les ids de 745324 à 745523
bulk : {
  "took" : 12,
  "errors" :  ...
59: 7801 voies traitées
voie : bulk pour les ids de 745524 à 745723
bulk : {
  "took" : 12,
  "errors" :  ...
59: 8001 voies traitées
voie : bulk pour les ids de 745724 à 745923
bulk : {
  "took" : 12,
  "errors" :  ...
59: 8201 voies traitées
voie : bulk pour les ids de 745924 à 746123
bulk : {
  "took" : 12,
  "errors" :  ...
59: 8401 voies traitées
voie : bulk pour les ids de 746124 à 746323
bulk : {
  "took" : 45,
  "errors" :  ...
59: 8601 voies traitées
voie : bulk pour les ids de 746324 à 746523
bulk : {
  "took" : 11,
  "errors" :  ...
59: 8801 voies traitées
voie : bulk pour les ids de 746524 à 746723
bulk : {
  "took" : 12,
  "errors" :  ...
59: 9001 voies traitées
voie : bulk pour les ids de 746724 à 746923
bulk : {
  "took" : 12,
  "errors" :  ...
59: 9201 voies traitées
voie : bulk pour les ids de 746924 à 747123
bulk : {
  "took" : 12,
  "errors" :  ...
59: 9401 voies traitées
voie : bulk pour les ids de 747124 à 747323
bulk : {
  "took" : 12,
  "errors" :  ...
59: 9601 voies traitées
voie : bulk pour les ids de 747324 à 747523
bulk : {
  "took" : 12,
  "errors" :  ...
59: 9801 voies traitées
voie : bulk pour les ids de 747524 à 747723
bulk : {
  "took" : 12,
  "errors" :  ...
59: 10001 voies traitées
voie : bulk pour les ids de 747724 à 747923
bulk : {
  "took" : 12,
  "errors" :  ...
59: 10201 voies traitées
voie : bulk pour les ids de 747924 à 748123
bulk : {
  "took" : 27,
  "errors" :  ...
59: 10401 voies traitées
voie : bulk pour les ids de 748124 à 748323
bulk : {
  "took" : 12,
  "errors" :  ...
59: 10601 voies traitées
voie : bulk pour les ids de 748324 à 748523
bulk : {
  "took" : 12,
  "errors" :  ...
59: 10801 voies traitées
voie : bulk pour les ids de 748524 à 748723
bulk : {
  "took" : 12,
  "errors" :  ...
59: 11001 voies traitées
voie : bulk pour les ids de 748724 à 748923
bulk : {
  "took" : 12,
  "errors" :  ...
59: 11201 voies traitées
voie : bulk pour les ids de 748924 à 749123
bulk : {
  "took" : 12,
  "errors" :  ...
59: 11401 voies traitées
voie : bulk pour les ids de 749124 à 749323
bulk : {
  "took" : 12,
  "errors" :  ...
59: 11601 voies traitées
voie : bulk pour les ids de 749324 à 749523
bulk : {
  "took" : 12,
  "errors" :  ...
59: 11801 voies traitées
voie : bulk pour les ids de 749524 à 749723
bulk : {
  "took" : 11,
  "errors" :  ...
59: 12001 voies traitées
voie : bulk pour les ids de 749724 à 749923
bulk : {
  "took" : 12,
  "errors" :  ...
59: 12201 voies traitées
voie : bulk pour les ids de 749924 à 750123
bulk : {
  "took" : 43,
  "errors" :  ...
59: 12401 voies traitées
voie : bulk pour les ids de 750124 à 750323
bulk : {
  "took" : 12,
  "errors" :  ...
59: 12601 voies traitées
voie : bulk pour les ids de 750324 à 750523
bulk : {
  "took" : 13,
  "errors" :  ...
59: 12801 voies traitées
voie : bulk pour les ids de 750524 à 750723
bulk : {
  "took" : 12,
  "errors" :  ...
59: 13001 voies traitées
voie : bulk pour les ids de 750724 à 750923
bulk : {
  "took" : 12,
  "errors" :  ...
59: 13201 voies traitées
voie : bulk pour les ids de 750924 à 751123
bulk : {
  "took" : 12,
  "errors" :  ...
59: 13401 voies traitées
voie : bulk pour les ids de 751124 à 751323
bulk : {
  "took" : 24,
  "errors" :  ...
59: 13601 voies traitées
voie : bulk pour les ids de 751324 à 751523
bulk : {
  "took" : 13,
  "errors" :  ...
59: 13801 voies traitées
voie : bulk pour les ids de 751524 à 751723
bulk : {
  "took" : 12,
  "errors" :  ...
59: 14001 voies traitées
voie : bulk pour les ids de 751724 à 751923
bulk : {
  "took" : 12,
  "errors" :  ...
59: 14201 voies traitées
voie : bulk pour les ids de 751924 à 752123
bulk : {
  "took" : 12,
  "errors" :  ...
59: 14401 voies traitées
voie : bulk pour les ids de 752124 à 752323
bulk : {
  "took" : 12,
  "errors" :  ...
59: 14601 voies traitées
voie : bulk pour les ids de 752324 à 752523
bulk : {
  "took" : 12,
  "errors" :  ...
59: 14801 voies traitées
voie : bulk pour les ids de 752524 à 752723
bulk : {
  "took" : 12,
  "errors" :  ...
59: 15001 voies traitées
voie : bulk pour les ids de 752724 à 752923
bulk : {
  "took" : 12,
  "errors" :  ...
59: 15201 voies traitées
voie : bulk pour les ids de 752924 à 753123
bulk : {
  "took" : 12,
  "errors" :  ...
59: 15401 voies traitées
voie : bulk pour les ids de 753124 à 753323
bulk : {
  "took" : 24,
  "errors" :  ...
59: 15601 voies traitées
voie : bulk pour les ids de 753324 à 753523
bulk : {
  "took" : 12,
  "errors" :  ...
59: 15801 voies traitées
voie : bulk pour les ids de 753524 à 753723
bulk : {
  "took" : 18,
  "errors" :  ...
59: 16001 voies traitées
voie : bulk pour les ids de 753724 à 753923
bulk : {
  "took" : 22,
  "errors" :  ...
59: 16201 voies traitées
voie : bulk pour les ids de 753924 à 754123
bulk : {
  "took" : 12,
  "errors" :  ...
59: 16401 voies traitées
voie : bulk pour les ids de 754124 à 754323
bulk : {
  "took" : 11,
  "errors" :  ...
59: 16601 voies traitées
voie : bulk pour les ids de 754324 à 754523
bulk : {
  "took" : 11,
  "errors" :  ...
59: 16801 voies traitées
voie : bulk pour les ids de 754524 à 754723
bulk : {
  "took" : 12,
  "errors" :  ...
59: 17001 voies traitées
voie : bulk pour les ids de 754724 à 754923
bulk : {
  "took" : 12,
  "errors" :  ...
59: 17201 voies traitées
voie : bulk pour les ids de 754924 à 755123
bulk : {
  "took" : 12,
  "errors" :  ...
59: 17401 voies traitées
voie : bulk pour les ids de 755124 à 755323
bulk : {
  "took" : 12,
  "errors" :  ...
59: 17601 voies traitées
voie : bulk pour les ids de 755324 à 755523
bulk : {
  "took" : 12,
  "errors" :  ...
59: 17801 voies traitées
voie : bulk pour les ids de 755524 à 755723
bulk : {
  "took" : 12,
  "errors" :  ...
59: 18001 voies traitées
voie : bulk pour les ids de 755724 à 755923
bulk : {
  "took" : 12,
  "errors" :  ...
59: 18201 voies traitées
voie : bulk pour les ids de 755924 à 756123
bulk : {
  "took" : 11,
  "errors" :  ...
59: 18401 voies traitées
voie : bulk pour les ids de 756124 à 756323
bulk : {
  "took" : 12,
  "errors" :  ...
59: 18601 voies traitées
voie : bulk pour les ids de 756324 à 756523
bulk : {
  "took" : 28,
  "errors" :  ...
59: 18801 voies traitées
voie : bulk pour les ids de 756524 à 756723
bulk : {
  "took" : 12,
  "errors" :  ...
59: 19001 voies traitées
voie : bulk pour les ids de 756724 à 756923
bulk : {
  "took" : 12,
  "errors" :  ...
59: 19201 voies traitées
voie : bulk pour les ids de 756924 à 757123
bulk : {
  "took" : 12,
  "errors" :  ...
59: 19401 voies traitées
voie : bulk pour les ids de 757124 à 757323
bulk : {
  "took" : 12,
  "errors" :  ...
59: 19601 voies traitées
voie : bulk pour les ids de 757324 à 757523
bulk : {
  "took" : 17,
  "errors" :  ...
59: 19801 voies traitées
voie : bulk pour les ids de 757524 à 757723
bulk : {
  "took" : 21,
  "errors" :  ...
59: 20001 voies traitées
voie : bulk pour les ids de 757724 à 757923
bulk : {
  "took" : 12,
  "errors" :  ...
59: 20201 voies traitées
voie : bulk pour les ids de 757924 à 758123
bulk : {
  "took" : 12,
  "errors" :  ...
59: 20401 voies traitées
voie : bulk pour les ids de 758124 à 758323
bulk : {
  "took" : 12,
  "errors" :  ...
59: 20601 voies traitées
voie : bulk pour les ids de 758324 à 758523
bulk : {
  "took" : 24,
  "errors" :  ...
59: 20801 voies traitées
voie : bulk pour les ids de 758524 à 758723
bulk : {
  "took" : 11,
  "errors" :  ...
59: 21001 voies traitées
voie : bulk pour les ids de 758724 à 758923
bulk : {
  "took" : 12,
  "errors" :  ...
59: 21201 voies traitées
voie : bulk pour les ids de 758924 à 759123
bulk : {
  "took" : 13,
  "errors" :  ...
59: 21401 voies traitées
voie : bulk pour les ids de 759124 à 759323
bulk : {
  "took" : 13,
  "errors" :  ...
59: 21601 voies traitées
voie : bulk pour les ids de 759324 à 759523
bulk : {
  "took" : 12,
  "errors" :  ...
59: 21801 voies traitées
voie : bulk pour les ids de 759524 à 759723
bulk : {
  "took" : 12,
  "errors" :  ...
59: 22001 voies traitées
voie : bulk pour les ids de 759724 à 759923
bulk : {
  "took" : 12,
  "errors" :  ...
59: 22201 voies traitées
voie : bulk pour les ids de 759924 à 760123
bulk : {
  "took" : 25,
  "errors" :  ...
59: 22401 voies traitées
voie : bulk pour les ids de 760124 à 760323
bulk : {
  "took" : 12,
  "errors" :  ...
59: 22601 voies traitées
voie : bulk pour les ids de 760324 à 760523
bulk : {
  "took" : 11,
  "errors" :  ...
59: 22801 voies traitées
voie : bulk pour les ids de 760524 à 760723
bulk : {
  "took" : 13,
  "errors" :  ...
59: 23001 voies traitées
voie : bulk pour les ids de 760724 à 760923
bulk : {
  "took" : 12,
  "errors" :  ...
59: 23201 voies traitées
voie : bulk pour les ids de 760924 à 761123
bulk : {
  "took" : 12,
  "errors" :  ...
59: 23401 voies traitées
voie : bulk pour les ids de 761124 à 761323
bulk : {
  "took" : 22,
  "errors" :  ...
59: 23601 voies traitées
voie : bulk pour les ids de 761324 à 761523
bulk : {
  "took" : 23,
  "errors" :  ...
59: 23801 voies traitées
voie : bulk pour les ids de 761524 à 761723
bulk : {
  "took" : 12,
  "errors" :  ...
59: 24001 voies traitées
voie : bulk pour les ids de 761724 à 761923
bulk : {
  "took" : 29,
  "errors" :  ...
59: 24201 voies traitées
voie : bulk pour les ids de 761924 à 762123
bulk : {
  "took" : 15,
  "errors" :  ...
59: 24401 voies traitées
voie : bulk pour les ids de 762124 à 762323
bulk : {
  "took" : 12,
  "errors" :  ...
59: 24601 voies traitées
voie : bulk pour les ids de 762324 à 762523
bulk : {
  "took" : 12,
  "errors" :  ...
59: 24801 voies traitées
voie : bulk pour les ids de 762524 à 762723
bulk : {
  "took" : 12,
  "errors" :  ...
59: 25001 voies traitées
voie : bulk pour les ids de 762724 à 762923
bulk : {
  "took" : 12,
  "errors" :  ...
59: 25201 voies traitées
voie : bulk pour les ids de 762924 à 763123
bulk : {
  "took" : 11,
  "errors" :  ...
59: 25401 voies traitées
voie : bulk pour les ids de 763124 à 763323
bulk : {
  "took" : 12,
  "errors" :  ...
59: 25601 voies traitées
voie : bulk pour les ids de 763324 à 763523
bulk : {
  "took" : 13,
  "errors" :  ...
59: 25801 voies traitées
voie : bulk pour les ids de 763524 à 763723
bulk : {
  "took" : 12,
  "errors" :  ...
59: 26001 voies traitées
voie : bulk pour les ids de 763724 à 763923
bulk : {
  "took" : 12,
  "errors" :  ...
59: 26201 voies traitées
voie : bulk pour les ids de 763924 à 764123
bulk : {
  "took" : 25,
  "errors" :  ...
59: 26401 voies traitées
voie : bulk pour les ids de 764124 à 764323
bulk : {
  "took" : 12,
  "errors" :  ...
59: 26601 voies traitées
voie : bulk pour les ids de 764324 à 764523
bulk : {
  "took" : 12,
  "errors" :  ...
59: 26801 voies traitées
voie : bulk pour les ids de 764524 à 764723
bulk : {
  "took" : 13,
  "errors" :  ...
59: 27001 voies traitées
voie : bulk pour les ids de 764724 à 764923
bulk : {
  "took" : 17,
  "errors" :  ...
59: 27201 voies traitées
voie : bulk pour les ids de 764924 à 765123
bulk : {
  "took" : 21,
  "errors" :  ...
59: 27401 voies traitées
voie : bulk pour les ids de 765124 à 765323
bulk : {
  "took" : 12,
  "errors" :  ...
59: 27601 voies traitées
voie : bulk pour les ids de 765324 à 765523
bulk : {
  "took" : 12,
  "errors" :  ...
59: 27801 voies traitées
voie : bulk pour les ids de 765524 à 765723
bulk : {
  "took" : 12,
  "errors" :  ...
59: 28001 voies traitées
voie : bulk pour les ids de 765724 à 765923
bulk : {
  "took" : 27,
  "errors" :  ...
59: 28201 voies traitées
voie : bulk pour les ids de 765924 à 766123
bulk : {
  "took" : 12,
  "errors" :  ...
59: 28401 voies traitées
voie : bulk pour les ids de 766124 à 766323
bulk : {
  "took" : 12,
  "errors" :  ...
59: 28601 voies traitées
voie : bulk pour les ids de 766324 à 766523
bulk : {
  "took" : 11,
  "errors" :  ...
59: 28801 voies traitées
voie : bulk pour les ids de 766524 à 766723
bulk : {
  "took" : 12,
  "errors" :  ...
59: 29001 voies traitées
voie : bulk pour les ids de 766724 à 766923
bulk : {
  "took" : 12,
  "errors" :  ...
59: 29201 voies traitées
voie : bulk pour les ids de 766924 à 767123
bulk : {
  "took" : 12,
  "errors" :  ...
59: 29401 voies traitées
voie : bulk pour les ids de 767124 à 767323
bulk : {
  "took" : 12,
  "errors" :  ...
59: 29601 voies traitées
voie : bulk pour les ids de 767324 à 767523
bulk : {
  "took" : 12,
  "errors" :  ...
59: 29801 voies traitées
voie : bulk pour les ids de 767524 à 767723
bulk : {
  "took" : 12,
  "errors" :  ...
59: 30001 voies traitées
voie : bulk pour les ids de 767724 à 767923
bulk : {
  "took" : 12,
  "errors" :  ...
59: 30201 voies traitées
voie : bulk pour les ids de 767924 à 768123
bulk : {
  "took" : 25,
  "errors" :  ...
59: 30401 voies traitées
voie : bulk pour les ids de 768124 à 768323
bulk : {
  "took" : 13,
  "errors" :  ...
59: 30601 voies traitées
voie : bulk pour les ids de 768324 à 768523
bulk : {
  "took" : 12,
  "errors" :  ...
59: 30801 voies traitées
voie : bulk pour les ids de 768524 à 768723
bulk : {
  "took" : 21,
  "errors" :  ...
59: 31001 voies traitées
voie : bulk pour les ids de 768724 à 768923
bulk : {
  "took" : 16,
  "errors" :  ...
59: 31201 voies traitées
voie : bulk pour les ids de 768924 à 769123
bulk : {
  "took" : 12,
  "errors" :  ...
59: 31401 voies traitées
voie : bulk pour les ids de 769124 à 769323
bulk : {
  "took" : 12,
  "errors" :  ...
59: 31601 voies traitées
voie : bulk pour les ids de 769324 à 769523
bulk : {
  "took" : 12,
  "errors" :  ...
59: 31801 voies traitées
voie : bulk pour les ids de 769524 à 769723
bulk : {
  "took" : 12,
  "errors" :  ...
59: 32001 voies traitées
voie : bulk pour les ids de 769724 à 769923
bulk : {
  "took" : 12,
  "errors" :  ...
59: 32201 voies traitées
voie : bulk pour les ids de 769924 à 770123
bulk : {
  "took" : 12,
  "errors" :  ...
59: 32401 voies traitées
voie : bulk pour les ids de 770124 à 770323
bulk : {
  "took" : 13,
  "errors" :  ...
59: 32601 voies traitées
voie : bulk pour les ids de 770324 à 770523
bulk : {
  "took" : 12,
  "errors" :  ...
59: 32801 voies traitées
voie : bulk pour les ids de 770524 à 770723
bulk : {
  "took" : 12,
  "errors" :  ...
59: 33001 voies traitées
voie : bulk pour les ids de 770724 à 770923
bulk : {
  "took" : 11,
  "errors" :  ...
59: 33201 voies traitées
voie : bulk pour les ids de 770924 à 771123
bulk : {
  "took" : 13,
  "errors" :  ...
59: 33401 voies traitées
voie : bulk pour les ids de 771124 à 771323
bulk : {
  "took" : 13,
  "errors" :  ...
59: 33601 voies traitées
voie : bulk pour les ids de 771324 à 771523
bulk : {
  "took" : 12,
  "errors" :  ...
59: 33801 voies traitées
voie : bulk pour les ids de 771524 à 771723
bulk : {
  "took" : 12,
  "errors" :  ...
59: 34001 voies traitées
voie : bulk pour les ids de 771724 à 771923
bulk : {
  "took" : 12,
  "errors" :  ...
59: 34201 voies traitées
voie : bulk pour les ids de 771924 à 772123
bulk : {
  "took" : 25,
  "errors" :  ...
59: 34401 voies traitées
voie : bulk pour les ids de 772124 à 772323
bulk : {
  "took" : 12,
  "errors" :  ...
59: 34601 voies traitées
voie : bulk pour les ids de 772324 à 772523
bulk : {
  "took" : 21,
  "errors" :  ...
59: 34801 voies traitées
voie : bulk pour les ids de 772524 à 772723
bulk : {
  "took" : 16,
  "errors" :  ...
59: 35001 voies traitées
voie : bulk pour les ids de 772724 à 772923
bulk : {
  "took" : 12,
  "errors" :  ...
59: 35201 voies traitées
voie : bulk pour les ids de 772924 à 773123
bulk : {
  "took" : 12,
  "errors" :  ...
59: 35401 voies traitées
voie : bulk pour les ids de 773124 à 773323
bulk : {
  "took" : 12,
  "errors" :  ...
59: 35601 voies traitées
voie : bulk pour les ids de 773324 à 773523
bulk : {
  "took" : 12,
  "errors" :  ...
59: 35801 voies traitées
voie : bulk pour les ids de 773524 à 773723
bulk : {
  "took" : 12,
  "errors" :  ...
59: 36001 voies traitées
voie : bulk pour les ids de 773724 à 773923
bulk : {
  "took" : 11,
  "errors" :  ...
59: 36201 voies traitées
voie : bulk pour les ids de 773924 à 774123
bulk : {
  "took" : 29,
  "errors" :  ...
59: 36401 voies traitées
voie : bulk pour les ids de 774124 à 774323
bulk : {
  "took" : 12,
  "errors" :  ...
59: 36601 voies traitées
voie : bulk pour les ids de 774324 à 774523
bulk : {
  "took" : 12,
  "errors" :  ...
59: 36801 voies traitées
voie : bulk pour les ids de 774524 à 774723
bulk : {
  "took" : 12,
  "errors" :  ...
59: 37001 voies traitées
voie : bulk pour les ids de 774724 à 774923
bulk : {
  "took" : 12,
  "errors" :  ...
59: 37201 voies traitées
voie : bulk pour les ids de 774924 à 775123
bulk : {
  "took" : 12,
  "errors" :  ...
59: 37401 voies traitées
voie : bulk pour les ids de 775124 à 775323
bulk : {
  "took" : 12,
  "errors" :  ...
59: 37601 voies traitées
voie : bulk pour les ids de 775324 à 775523
bulk : {
  "took" : 13,
  "errors" :  ...
59: 37801 voies traitées
voie : bulk pour les ids de 775524 à 775679
bulk : {
  "took" : 10,
  "errors" :  ...
dpt 59 : adresses
59: 1 adresses traitées
59: 1001 adresses traitées
adresse : bulk pour les ids de 9722563 à 9723562
bulk : {
  "took" : 80,
  "errors" :  ...
59: 2001 adresses traitées
adresse : bulk pour les ids de 9723563 à 9724562
bulk : {
  "took" : 114,
  "errors" : ...
59: 3001 adresses traitées
adresse : bulk pour les ids de 9724563 à 9725562
bulk : {
  "took" : 84,
  "errors" :  ...
59: 4001 adresses traitées
adresse : bulk pour les ids de 9725563 à 9726562
bulk : {
  "took" : 71,
  "errors" :  ...
59: 5001 adresses traitées
adresse : bulk pour les ids de 9726563 à 9727562
bulk : {
  "took" : 85,
  "errors" :  ...
59: 6001 adresses traitées
adresse : bulk pour les ids de 9727563 à 9728562
bulk : {
  "took" : 100,
  "errors" : ...
59: 7001 adresses traitées
adresse : bulk pour les ids de 9728563 à 9729562
bulk : {
  "took" : 70,
  "errors" :  ...
59: 8001 adresses traitées
adresse : bulk pour les ids de 9729563 à 9730562
bulk : {
  "took" : 103,
  "errors" : ...
59: 9001 adresses traitées
adresse : bulk pour les ids de 9730563 à 9731562
bulk : {
  "took" : 101,
  "errors" : ...
59: 10001 adresses traitées
adresse : bulk pour les ids de 9731563 à 9732562
bulk : {
  "took" : 73,
  "errors" :  ...
59: 11001 adresses traitées
adresse : bulk pour les ids de 9732563 à 9733562
bulk : {
  "took" : 88,
  "errors" :  ...
59: 12001 adresses traitées
adresse : bulk pour les ids de 9733563 à 9734562
bulk : {
  "took" : 78,
  "errors" :  ...
59: 13001 adresses traitées
adresse : bulk pour les ids de 9734563 à 9735562
bulk : {
  "took" : 76,
  "errors" :  ...
59: 14001 adresses traitées
adresse : bulk pour les ids de 9735563 à 9736562
bulk : {
  "took" : 90,
  "errors" :  ...
59: 15001 adresses traitées
adresse : bulk pour les ids de 9736563 à 9737562
bulk : {
  "took" : 84,
  "errors" :  ...
59: 16001 adresses traitées
adresse : bulk pour les ids de 9737563 à 9738562
bulk : {
  "took" : 86,
  "errors" :  ...
59: 17001 adresses traitées
adresse : bulk pour les ids de 9738563 à 9739562
bulk : {
  "took" : 84,
  "errors" :  ...
59: 18001 adresses traitées
adresse : bulk pour les ids de 9739563 à 9740562
bulk : {
  "took" : 70,
  "errors" :  ...
59: 19001 adresses traitées
adresse : bulk pour les ids de 9740563 à 9741562
bulk : {
  "took" : 97,
  "errors" :  ...
59: 20001 adresses traitées
adresse : bulk pour les ids de 9741563 à 9742562
bulk : {
  "took" : 84,
  "errors" :  ...
59: 21001 adresses traitées
adresse : bulk pour les ids de 9742563 à 9743562
bulk : {
  "took" : 74,
  "errors" :  ...
59: 22001 adresses traitées
adresse : bulk pour les ids de 9743563 à 9744562
bulk : {
  "took" : 82,
  "errors" :  ...
59: 23001 adresses traitées
adresse : bulk pour les ids de 9744563 à 9745562
bulk : {
  "took" : 90,
  "errors" :  ...
59: 24001 adresses traitées
adresse : bulk pour les ids de 9745563 à 9746562
bulk : {
  "took" : 68,
  "errors" :  ...
59: 25001 adresses traitées
adresse : bulk pour les ids de 9746563 à 9747562
bulk : {
  "took" : 93,
  "errors" :  ...
59: 26001 adresses traitées
adresse : bulk pour les ids de 9747563 à 9748562
bulk : {
  "took" : 83,
  "errors" :  ...
59: 27001 adresses traitées
adresse : bulk pour les ids de 9748563 à 9749562
bulk : {
  "took" : 85,
  "errors" :  ...
59: 28001 adresses traitées
adresse : bulk pour les ids de 9749563 à 9750562
bulk : {
  "took" : 90,
  "errors" :  ...
59: 29001 adresses traitées
adresse : bulk pour les ids de 9750563 à 9751562
bulk : {
  "took" : 78,
  "errors" :  ...
59: 30001 adresses traitées
adresse : bulk pour les ids de 9751563 à 9752562
bulk : {
  "took" : 84,
  "errors" :  ...
59: 31001 adresses traitées
adresse : bulk pour les ids de 9752563 à 9753562
bulk : {
  "took" : 101,
  "errors" : ...
59: 32001 adresses traitées
adresse : bulk pour les ids de 9753563 à 9754562
bulk : {
  "took" : 66,
  "errors" :  ...
59: 33001 adresses traitées
adresse : bulk pour les ids de 9754563 à 9755562
bulk : {
  "took" : 75,
  "errors" :  ...
59: 34001 adresses traitées
adresse : bulk pour les ids de 9755563 à 9756562
bulk : {
  "took" : 81,
  "errors" :  ...
59: 35001 adresses traitées
adresse : bulk pour les ids de 9756563 à 9757562
bulk : {
  "took" : 84,
  "errors" :  ...
59: 36001 adresses traitées
adresse : bulk pour les ids de 9757563 à 9758562
bulk : {
  "took" : 86,
  "errors" :  ...
59: 37001 adresses traitées
adresse : bulk pour les ids de 9758563 à 9759562
bulk : {
  "took" : 98,
  "errors" :  ...
59: 38001 adresses traitées
adresse : bulk pour les ids de 9759563 à 9760562
bulk : {
  "took" : 68,
  "errors" :  ...
59: 39001 adresses traitées
adresse : bulk pour les ids de 9760563 à 9761562
bulk : {
  "took" : 98,
  "errors" :  ...
59: 40001 adresses traitées
adresse : bulk pour les ids de 9761563 à 9762562
bulk : {
  "took" : 67,
  "errors" :  ...
59: 41001 adresses traitées
adresse : bulk pour les ids de 9762563 à 9763562
bulk : {
  "took" : 83,
  "errors" :  ...
59: 42001 adresses traitées
adresse : bulk pour les ids de 9763563 à 9764562
bulk : {
  "took" : 83,
  "errors" :  ...
59: 43001 adresses traitées
adresse : bulk pour les ids de 9764563 à 9765562
bulk : {
  "took" : 77,
  "errors" :  ...
59: 44001 adresses traitées
adresse : bulk pour les ids de 9765563 à 9766562
bulk : {
  "took" : 66,
  "errors" :  ...
59: 45001 adresses traitées
adresse : bulk pour les ids de 9766563 à 9767562
bulk : {
  "took" : 93,
  "errors" :  ...
59: 46001 adresses traitées
adresse : bulk pour les ids de 9767563 à 9768562
bulk : {
  "took" : 67,
  "errors" :  ...
59: 47001 adresses traitées
adresse : bulk pour les ids de 9768563 à 9769562
bulk : {
  "took" : 100,
  "errors" : ...
59: 48001 adresses traitées
59: 49001 adresses traitées
adresse : bulk pour les ids de 9769563 à 9770562
bulk : {
  "took" : 81,
  "errors" :  ...
59: 50001 adresses traitées
adresse : bulk pour les ids de 9770563 à 9771562
bulk : {
  "took" : 83,
  "errors" :  ...
59: 51001 adresses traitées
adresse : bulk pour les ids de 9771563 à 9772562
bulk : {
  "took" : 80,
  "errors" :  ...
59: 52001 adresses traitées
adresse : bulk pour les ids de 9772563 à 9773562
bulk : {
  "took" : 87,
  "errors" :  ...
59: 53001 adresses traitées
adresse : bulk pour les ids de 9773563 à 9774562
bulk : {
  "took" : 67,
  "errors" :  ...
59: 54001 adresses traitées
adresse : bulk pour les ids de 9774563 à 9775562
bulk : {
  "took" : 89,
  "errors" :  ...
59: 55001 adresses traitées
adresse : bulk pour les ids de 9775563 à 9776562
bulk : {
  "took" : 86,
  "errors" :  ...
59: 56001 adresses traitées
adresse : bulk pour les ids de 9776563 à 9777562
bulk : {
  "took" : 75,
  "errors" :  ...
59: 57001 adresses traitées
adresse : bulk pour les ids de 9777563 à 9778562
bulk : {
  "took" : 80,
  "errors" :  ...
59: 58001 adresses traitées
adresse : bulk pour les ids de 9778563 à 9779562
bulk : {
  "took" : 93,
  "errors" :  ...
59: 59001 adresses traitées
adresse : bulk pour les ids de 9779563 à 9780562
bulk : {
  "took" : 70,
  "errors" :  ...
59: 60001 adresses traitées
adresse : bulk pour les ids de 9780563 à 9781562
bulk : {
  "took" : 93,
  "errors" :  ...
59: 61001 adresses traitées
adresse : bulk pour les ids de 9781563 à 9782562
bulk : {
  "took" : 67,
  "errors" :  ...
59: 62001 adresses traitées
adresse : bulk pour les ids de 9782563 à 9783562
bulk : {
  "took" : 75,
  "errors" :  ...
59: 63001 adresses traitées
adresse : bulk pour les ids de 9783563 à 9784562
bulk : {
  "took" : 85,
  "errors" :  ...
59: 64001 adresses traitées
adresse : bulk pour les ids de 9784563 à 9785562
bulk : {
  "took" : 78,
  "errors" :  ...
59: 65001 adresses traitées
adresse : bulk pour les ids de 9785563 à 9786562
bulk : {
  "took" : 83,
  "errors" :  ...
59: 66001 adresses traitées
adresse : bulk pour les ids de 9786563 à 9787562
bulk : {
  "took" : 84,
  "errors" :  ...
59: 67001 adresses traitées
adresse : bulk pour les ids de 9787563 à 9788562
bulk : {
  "took" : 75,
  "errors" :  ...
59: 68001 adresses traitées
adresse : bulk pour les ids de 9788563 à 9789562
bulk : {
  "took" : 108,
  "errors" : ...
59: 69001 adresses traitées
adresse : bulk pour les ids de 9789563 à 9790562
bulk : {
  "took" : 94,
  "errors" :  ...
59: 70001 adresses traitées
adresse : bulk pour les ids de 9790563 à 9791562
bulk : {
  "took" : 67,
  "errors" :  ...
59: 71001 adresses traitées
adresse : bulk pour les ids de 9791563 à 9792562
bulk : {
  "took" : 75,
  "errors" :  ...
59: 72001 adresses traitées
adresse : bulk pour les ids de 9792563 à 9793562
bulk : {
  "took" : 84,
  "errors" :  ...
59: 73001 adresses traitées
adresse : bulk pour les ids de 9793563 à 9794562
bulk : {
  "took" : 75,
  "errors" :  ...
59: 74001 adresses traitées
adresse : bulk pour les ids de 9794563 à 9795562
bulk : {
  "took" : 81,
  "errors" :  ...
59: 75001 adresses traitées
adresse : bulk pour les ids de 9795563 à 9796562
bulk : {
  "took" : 87,
  "errors" :  ...
59: 76001 adresses traitées
adresse : bulk pour les ids de 9796563 à 9797562
bulk : {
  "took" : 67,
  "errors" :  ...
59: 77001 adresses traitées
adresse : bulk pour les ids de 9797563 à 9798562
bulk : {
  "took" : 92,
  "errors" :  ...
59: 78001 adresses traitées
adresse : bulk pour les ids de 9798563 à 9799562
bulk : {
  "took" : 68,
  "errors" :  ...
59: 79001 adresses traitées
adresse : bulk pour les ids de 9799563 à 9800562
bulk : {
  "took" : 76,
  "errors" :  ...
59: 80001 adresses traitées
adresse : bulk pour les ids de 9800563 à 9801562
bulk : {
  "took" : 84,
  "errors" :  ...
59: 81001 adresses traitées
adresse : bulk pour les ids de 9801563 à 9802562
bulk : {
  "took" : 80,
  "errors" :  ...
59: 82001 adresses traitées
adresse : bulk pour les ids de 9802563 à 9803562
bulk : {
  "took" : 86,
  "errors" :  ...
59: 83001 adresses traitées
adresse : bulk pour les ids de 9803563 à 9804562
bulk : {
  "took" : 77,
  "errors" :  ...
59: 84001 adresses traitées
adresse : bulk pour les ids de 9804563 à 9805562
bulk : {
  "took" : 88,
  "errors" :  ...
59: 85001 adresses traitées
adresse : bulk pour les ids de 9805563 à 9806562
bulk : {
  "took" : 86,
  "errors" :  ...
59: 86001 adresses traitées
adresse : bulk pour les ids de 9806563 à 9807562
bulk : {
  "took" : 89,
  "errors" :  ...
59: 87001 adresses traitées
adresse : bulk pour les ids de 9807563 à 9808562
bulk : {
  "took" : 84,
  "errors" :  ...
59: 88001 adresses traitées
adresse : bulk pour les ids de 9808563 à 9809562
bulk : {
  "took" : 70,
  "errors" :  ...
59: 89001 adresses traitées
adresse : bulk pour les ids de 9809563 à 9810562
bulk : {
  "took" : 99,
  "errors" :  ...
59: 90001 adresses traitées
adresse : bulk pour les ids de 9810563 à 9811562
bulk : {
  "took" : 69,
  "errors" :  ...
59: 91001 adresses traitées
adresse : bulk pour les ids de 9811563 à 9812562
bulk : {
  "took" : 97,
  "errors" :  ...
59: 92001 adresses traitées
adresse : bulk pour les ids de 9812563 à 9813562
bulk : {
  "took" : 93,
  "errors" :  ...
59: 93001 adresses traitées
adresse : bulk pour les ids de 9813563 à 9814562
bulk : {
  "took" : 68,
  "errors" :  ...
59: 94001 adresses traitées
adresse : bulk pour les ids de 9814563 à 9815562
bulk : {
  "took" : 92,
  "errors" :  ...
59: 95001 adresses traitées
adresse : bulk pour les ids de 9815563 à 9816562
bulk : {
  "took" : 94,
  "errors" :  ...
59: 96001 adresses traitées
adresse : bulk pour les ids de 9816563 à 9817562
bulk : {
  "took" : 76,
  "errors" :  ...
59: 97001 adresses traitées
adresse : bulk pour les ids de 9817563 à 9818562
bulk : {
  "took" : 73,
  "errors" :  ...
59: 98001 adresses traitées
adresse : bulk pour les ids de 9818563 à 9819562
bulk : {
  "took" : 91,
  "errors" :  ...
59: 99001 adresses traitées
adresse : bulk pour les ids de 9819563 à 9820562
bulk : {
  "took" : 67,
  "errors" :  ...
59: 100001 adresses traitées
adresse : bulk pour les ids de 9820563 à 9821562
bulk : {
  "took" : 91,
  "errors" :  ...
59: 101001 adresses traitées
adresse : bulk pour les ids de 9821563 à 9822562
bulk : {
  "took" : 95,
  "errors" :  ...
59: 102001 adresses traitées
adresse : bulk pour les ids de 9822563 à 9823562
bulk : {
  "took" : 102,
  "errors" : ...
59: 103001 adresses traitées
adresse : bulk pour les ids de 9823563 à 9824562
bulk : {
  "took" : 68,
  "errors" :  ...
59: 104001 adresses traitées
adresse : bulk pour les ids de 9824563 à 9825562
bulk : {
  "took" : 98,
  "errors" :  ...
59: 105001 adresses traitées
adresse : bulk pour les ids de 9825563 à 9826562
bulk : {
  "took" : 69,
  "errors" :  ...
59: 106001 adresses traitées
adresse : bulk pour les ids de 9826563 à 9827562
bulk : {
  "took" : 98,
  "errors" :  ...
59: 107001 adresses traitées
adresse : bulk pour les ids de 9827563 à 9828562
bulk : {
  "took" : 67,
  "errors" :  ...
59: 108001 adresses traitées
adresse : bulk pour les ids de 9828563 à 9829562
bulk : {
  "took" : 85,
  "errors" :  ...
59: 109001 adresses traitées
adresse : bulk pour les ids de 9829563 à 9830562
bulk : {
  "took" : 87,
  "errors" :  ...
59: 110001 adresses traitées
adresse : bulk pour les ids de 9830563 à 9831562
bulk : {
  "took" : 99,
  "errors" :  ...
59: 111001 adresses traitées
adresse : bulk pour les ids de 9831563 à 9832562
bulk : {
  "took" : 82,
  "errors" :  ...
59: 112001 adresses traitées
adresse : bulk pour les ids de 9832563 à 9833562
bulk : {
  "took" : 93,
  "errors" :  ...
59: 113001 adresses traitées
adresse : bulk pour les ids de 9833563 à 9834562
bulk : {
  "took" : 89,
  "errors" :  ...
59: 114001 adresses traitées
adresse : bulk pour les ids de 9834563 à 9835562
bulk : {
  "took" : 67,
  "errors" :  ...
59: 115001 adresses traitées
adresse : bulk pour les ids de 9835563 à 9836562
bulk : {
  "took" : 93,
  "errors" :  ...
59: 116001 adresses traitées
adresse : bulk pour les ids de 9836563 à 9837562
bulk : {
  "took" : 69,
  "errors" :  ...
59: 117001 adresses traitées
adresse : bulk pour les ids de 9837563 à 9838562
bulk : {
  "took" : 96,
  "errors" :  ...
59: 118001 adresses traitées
adresse : bulk pour les ids de 9838563 à 9839562
bulk : {
  "took" : 98,
  "errors" :  ...
59: 119001 adresses traitées
adresse : bulk pour les ids de 9839563 à 9840562
bulk : {
  "took" : 89,
  "errors" :  ...
59: 120001 adresses traitées
adresse : bulk pour les ids de 9840563 à 9841562
bulk : {
  "took" : 81,
  "errors" :  ...
59: 121001 adresses traitées
59: 122001 adresses traitées
adresse : bulk pour les ids de 9841563 à 9842562
bulk : {
  "took" : 75,
  "errors" :  ...
59: 123001 adresses traitées
adresse : bulk pour les ids de 9842563 à 9843562
bulk : {
  "took" : 81,
  "errors" :  ...
59: 124001 adresses traitées
adresse : bulk pour les ids de 9843563 à 9844562
bulk : {
  "took" : 86,
  "errors" :  ...
59: 125001 adresses traitées
adresse : bulk pour les ids de 9844563 à 9845562
bulk : {
  "took" : 67,
  "errors" :  ...
59: 126001 adresses traitées
adresse : bulk pour les ids de 9845563 à 9846562
bulk : {
  "took" : 88,
  "errors" :  ...
59: 127001 adresses traitées
adresse : bulk pour les ids de 9846563 à 9847562
bulk : {
  "took" : 67,
  "errors" :  ...
59: 128001 adresses traitées
adresse : bulk pour les ids de 9847563 à 9848562
bulk : {
  "took" : 90,
  "errors" :  ...
59: 129001 adresses traitées
adresse : bulk pour les ids de 9848563 à 9849562
bulk : {
  "took" : 89,
  "errors" :  ...
59: 130001 adresses traitées
adresse : bulk pour les ids de 9849563 à 9850562
bulk : {
  "took" : 105,
  "errors" : ...
59: 131001 adresses traitées
adresse : bulk pour les ids de 9850563 à 9851562
bulk : {
  "took" : 68,
  "errors" :  ...
59: 132001 adresses traitées
adresse : bulk pour les ids de 9851563 à 9852562
bulk : {
  "took" : 89,
  "errors" :  ...
59: 133001 adresses traitées
adresse : bulk pour les ids de 9852563 à 9853562
bulk : {
  "took" : 69,
  "errors" :  ...
59: 134001 adresses traitées
adresse : bulk pour les ids de 9853563 à 9854562
bulk : {
  "took" : 76,
  "errors" :  ...
59: 135001 adresses traitées
adresse : bulk pour les ids de 9854563 à 9855562
bulk : {
  "took" : 82,
  "errors" :  ...
59: 136001 adresses traitées
adresse : bulk pour les ids de 9855563 à 9856562
bulk : {
  "took" : 78,
  "errors" :  ...
59: 137001 adresses traitées
adresse : bulk pour les ids de 9856563 à 9857562
bulk : {
  "took" : 72,
  "errors" :  ...
59: 138001 adresses traitées
adresse : bulk pour les ids de 9857563 à 9858562
bulk : {
  "took" : 95,
  "errors" :  ...
59: 139001 adresses traitées
adresse : bulk pour les ids de 9858563 à 9859562
bulk : {
  "took" : 67,
  "errors" :  ...
59: 140001 adresses traitées
adresse : bulk pour les ids de 9859563 à 9860562
bulk : {
  "took" : 86,
  "errors" :  ...
59: 141001 adresses traitées
adresse : bulk pour les ids de 9860563 à 9861562
bulk : {
  "took" : 86,
  "errors" :  ...
59: 142001 adresses traitées
adresse : bulk pour les ids de 9861563 à 9862562
bulk : {
  "took" : 84,
  "errors" :  ...
59: 143001 adresses traitées
adresse : bulk pour les ids de 9862563 à 9863562
bulk : {
  "took" : 83,
  "errors" :  ...
59: 144001 adresses traitées
adresse : bulk pour les ids de 9863563 à 9864562
bulk : {
  "took" : 77,
  "errors" :  ...
59: 145001 adresses traitées
adresse : bulk pour les ids de 9864563 à 9865562
bulk : {
  "took" : 67,
  "errors" :  ...
59: 146001 adresses traitées
adresse : bulk pour les ids de 9865563 à 9866562
bulk : {
  "took" : 97,
  "errors" :  ...
59: 147001 adresses traitées
adresse : bulk pour les ids de 9866563 à 9867562
bulk : {
  "took" : 65,
  "errors" :  ...
59: 148001 adresses traitées
adresse : bulk pour les ids de 9867563 à 9868562
bulk : {
  "took" : 93,
  "errors" :  ...
59: 149001 adresses traitées
adresse : bulk pour les ids de 9868563 à 9869562
bulk : {
  "took" : 68,
  "errors" :  ...
59: 150001 adresses traitées
adresse : bulk pour les ids de 9869563 à 9870562
bulk : {
  "took" : 88,
  "errors" :  ...
59: 151001 adresses traitées
adresse : bulk pour les ids de 9870563 à 9871562
bulk : {
  "took" : 81,
  "errors" :  ...
59: 152001 adresses traitées
adresse : bulk pour les ids de 9871563 à 9872562
bulk : {
  "took" : 75,
  "errors" :  ...
59: 153001 adresses traitées
adresse : bulk pour les ids de 9872563 à 9873562
bulk : {
  "took" : 79,
  "errors" :  ...
59: 154001 adresses traitées
adresse : bulk pour les ids de 9873563 à 9874562
bulk : {
  "took" : 78,
  "errors" :  ...
59: 155001 adresses traitées
adresse : bulk pour les ids de 9874563 à 9875562
bulk : {
  "took" : 66,
  "errors" :  ...
59: 156001 adresses traitées
adresse : bulk pour les ids de 9875563 à 9876562
bulk : {
  "took" : 95,
  "errors" :  ...
59: 157001 adresses traitées
adresse : bulk pour les ids de 9876563 à 9877562
bulk : {
  "took" : 80,
  "errors" :  ...
59: 158001 adresses traitées
adresse : bulk pour les ids de 9877563 à 9878562
bulk : {
  "took" : 75,
  "errors" :  ...
59: 159001 adresses traitées
adresse : bulk pour les ids de 9878563 à 9879562
bulk : {
  "took" : 81,
  "errors" :  ...
59: 160001 adresses traitées
adresse : bulk pour les ids de 9879563 à 9880562
bulk : {
  "took" : 80,
  "errors" :  ...
59: 161001 adresses traitées
adresse : bulk pour les ids de 9880563 à 9881562
bulk : {
  "took" : 87,
  "errors" :  ...
59: 162001 adresses traitées
adresse : bulk pour les ids de 9881563 à 9882562
bulk : {
  "took" : 91,
  "errors" :  ...
59: 163001 adresses traitées
59: 164001 adresses traitées
adresse : bulk pour les ids de 9882563 à 9883562
bulk : {
  "took" : 66,
  "errors" :  ...
59: 165001 adresses traitées
adresse : bulk pour les ids de 9883563 à 9884562
bulk : {
  "took" : 90,
  "errors" :  ...
59: 166001 adresses traitées
adresse : bulk pour les ids de 9884563 à 9885562
bulk : {
  "took" : 67,
  "errors" :  ...
59: 167001 adresses traitées
adresse : bulk pour les ids de 9885563 à 9886562
bulk : {
  "took" : 95,
  "errors" :  ...
59: 168001 adresses traitées
adresse : bulk pour les ids de 9886563 à 9887562
bulk : {
  "took" : 79,
  "errors" :  ...
59: 169001 adresses traitées
adresse : bulk pour les ids de 9887563 à 9888562
bulk : {
  "took" : 76,
  "errors" :  ...
59: 170001 adresses traitées
adresse : bulk pour les ids de 9888563 à 9889562
bulk : {
  "took" : 84,
  "errors" :  ...
59: 171001 adresses traitées
adresse : bulk pour les ids de 9889563 à 9890562
bulk : {
  "took" : 82,
  "errors" :  ...
59: 172001 adresses traitées
adresse : bulk pour les ids de 9890563 à 9891562
bulk : {
  "took" : 83,
  "errors" :  ...
59: 173001 adresses traitées
adresse : bulk pour les ids de 9891563 à 9892562
bulk : {
  "took" : 90,
  "errors" :  ...
59: 174001 adresses traitées
adresse : bulk pour les ids de 9892563 à 9893562
bulk : {
  "took" : 79,
  "errors" :  ...
59: 175001 adresses traitées
adresse : bulk pour les ids de 9893563 à 9894562
bulk : {
  "took" : 82,
  "errors" :  ...
59: 176001 adresses traitées
adresse : bulk pour les ids de 9894563 à 9895562
bulk : {
  "took" : 89,
  "errors" :  ...
59: 177001 adresses traitées
adresse : bulk pour les ids de 9895563 à 9896562
bulk : {
  "took" : 75,
  "errors" :  ...
59: 178001 adresses traitées
adresse : bulk pour les ids de 9896563 à 9897562
bulk : {
  "took" : 66,
  "errors" :  ...
59: 179001 adresses traitées
adresse : bulk pour les ids de 9897563 à 9898562
bulk : {
  "took" : 93,
  "errors" :  ...
59: 180001 adresses traitées
adresse : bulk pour les ids de 9898563 à 9899562
bulk : {
  "took" : 66,
  "errors" :  ...
59: 181001 adresses traitées
adresse : bulk pour les ids de 9899563 à 9900562
bulk : {
  "took" : 99,
  "errors" :  ...
59: 182001 adresses traitées
adresse : bulk pour les ids de 9900563 à 9901562
bulk : {
  "took" : 66,
  "errors" :  ...
59: 183001 adresses traitées
adresse : bulk pour les ids de 9901563 à 9902562
bulk : {
  "took" : 98,
  "errors" :  ...
59: 184001 adresses traitées
adresse : bulk pour les ids de 9902563 à 9903562
bulk : {
  "took" : 84,
  "errors" :  ...
59: 185001 adresses traitées
adresse : bulk pour les ids de 9903563 à 9904562
bulk : {
  "took" : 76,
  "errors" :  ...
59: 186001 adresses traitées
adresse : bulk pour les ids de 9904563 à 9905562
bulk : {
  "took" : 80,
  "errors" :  ...
59: 187001 adresses traitées
adresse : bulk pour les ids de 9905563 à 9906562
bulk : {
  "took" : 86,
  "errors" :  ...
59: 188001 adresses traitées
adresse : bulk pour les ids de 9906563 à 9907562
bulk : {
  "took" : 87,
  "errors" :  ...
59: 189001 adresses traitées
adresse : bulk pour les ids de 9907563 à 9908562
bulk : {
  "took" : 91,
  "errors" :  ...
59: 190001 adresses traitées
adresse : bulk pour les ids de 9908563 à 9909562
bulk : {
  "took" : 77,
  "errors" :  ...
59: 191001 adresses traitées
adresse : bulk pour les ids de 9909563 à 9910562
bulk : {
  "took" : 81,
  "errors" :  ...
59: 192001 adresses traitées
adresse : bulk pour les ids de 9910563 à 9911562
bulk : {
  "took" : 81,
  "errors" :  ...
59: 193001 adresses traitées
adresse : bulk pour les ids de 9911563 à 9912562
bulk : {
  "took" : 69,
  "errors" :  ...
59: 194001 adresses traitées
adresse : bulk pour les ids de 9912563 à 9913562
bulk : {
  "took" : 78,
  "errors" :  ...
59: 195001 adresses traitées
adresse : bulk pour les ids de 9913563 à 9914562
bulk : {
  "took" : 80,
  "errors" :  ...
59: 196001 adresses traitées
adresse : bulk pour les ids de 9914563 à 9915562
bulk : {
  "took" : 84,
  "errors" :  ...
59: 197001 adresses traitées
adresse : bulk pour les ids de 9915563 à 9916562
bulk : {
  "took" : 82,
  "errors" :  ...
59: 198001 adresses traitées
adresse : bulk pour les ids de 9916563 à 9917562
bulk : {
  "took" : 74,
  "errors" :  ...
59: 199001 adresses traitées
59: 200001 adresses traitées
adresse : bulk pour les ids de 9917563 à 9918562
bulk : {
  "took" : 84,
  "errors" :  ...
59: 201001 adresses traitées
adresse : bulk pour les ids de 9918563 à 9919562
bulk : {
  "took" : 95,
  "errors" :  ...
59: 202001 adresses traitées
adresse : bulk pour les ids de 9919563 à 9920562
bulk : {
  "took" : 71,
  "errors" :  ...
59: 203001 adresses traitées
adresse : bulk pour les ids de 9920563 à 9921562
bulk : {
  "took" : 92,
  "errors" :  ...
59: 204001 adresses traitées
adresse : bulk pour les ids de 9921563 à 9922562
bulk : {
  "took" : 66,
  "errors" :  ...
59: 205001 adresses traitées
adresse : bulk pour les ids de 9922563 à 9923562
bulk : {
  "took" : 74,
  "errors" :  ...
59: 206001 adresses traitées
adresse : bulk pour les ids de 9923563 à 9924562
bulk : {
  "took" : 82,
  "errors" :  ...
59: 207001 adresses traitées
adresse : bulk pour les ids de 9924563 à 9925562
bulk : {
  "took" : 77,
  "errors" :  ...
59: 208001 adresses traitées
adresse : bulk pour les ids de 9925563 à 9926562
bulk : {
  "took" : 85,
  "errors" :  ...
59: 209001 adresses traitées
adresse : bulk pour les ids de 9926563 à 9927562
bulk : {
  "took" : 74,
  "errors" :  ...
59: 210001 adresses traitées
adresse : bulk pour les ids de 9927563 à 9928562
bulk : {
  "took" : 67,
  "errors" :  ...
59: 211001 adresses traitées
adresse : bulk pour les ids de 9928563 à 9929562
bulk : {
  "took" : 104,
  "errors" : ...
59: 212001 adresses traitées
adresse : bulk pour les ids de 9929563 à 9930562
bulk : {
  "took" : 80,
  "errors" :  ...
59: 213001 adresses traitées
adresse : bulk pour les ids de 9930563 à 9931562
bulk : {
  "took" : 75,
  "errors" :  ...
59: 214001 adresses traitées
adresse : bulk pour les ids de 9931563 à 9932562
bulk : {
  "took" : 83,
  "errors" :  ...
59: 215001 adresses traitées
adresse : bulk pour les ids de 9932563 à 9933562
bulk : {
  "took" : 76,
  "errors" :  ...
59: 216001 adresses traitées
adresse : bulk pour les ids de 9933563 à 9934562
bulk : {
  "took" : 84,
  "errors" :  ...
59: 217001 adresses traitées
adresse : bulk pour les ids de 9934563 à 9935562
bulk : {
  "took" : 88,
  "errors" :  ...
59: 218001 adresses traitées
adresse : bulk pour les ids de 9935563 à 9936562
bulk : {
  "took" : 67,
  "errors" :  ...
59: 219001 adresses traitées
adresse : bulk pour les ids de 9936563 à 9937562
bulk : {
  "took" : 87,
  "errors" :  ...
59: 220001 adresses traitées
adresse : bulk pour les ids de 9937563 à 9938562
bulk : {
  "took" : 67,
  "errors" :  ...
59: 221001 adresses traitées
adresse : bulk pour les ids de 9938563 à 9939562
bulk : {
  "took" : 89,
  "errors" :  ...
59: 222001 adresses traitées
adresse : bulk pour les ids de 9939563 à 9940562
bulk : {
  "took" : 80,
  "errors" :  ...
59: 223001 adresses traitées
adresse : bulk pour les ids de 9940563 à 9941562
bulk : {
  "took" : 72,
  "errors" :  ...
59: 224001 adresses traitées
adresse : bulk pour les ids de 9941563 à 9942562
bulk : {
  "took" : 86,
  "errors" :  ...
59: 225001 adresses traitées
adresse : bulk pour les ids de 9942563 à 9943562
bulk : {
  "took" : 76,
  "errors" :  ...
59: 226001 adresses traitées
adresse : bulk pour les ids de 9943563 à 9944562
bulk : {
  "took" : 79,
  "errors" :  ...
59: 227001 adresses traitées
adresse : bulk pour les ids de 9944563 à 9945562
bulk : {
  "took" : 78,
  "errors" :  ...
59: 228001 adresses traitées
adresse : bulk pour les ids de 9945563 à 9946562
bulk : {
  "took" : 67,
  "errors" :  ...
59: 229001 adresses traitées
adresse : bulk pour les ids de 9946563 à 9947562
bulk : {
  "took" : 75,
  "errors" :  ...
59: 230001 adresses traitées
adresse : bulk pour les ids de 9947563 à 9948562
bulk : {
  "took" : 87,
  "errors" :  ...
59: 231001 adresses traitées
59: 232001 adresses traitées
adresse : bulk pour les ids de 9948563 à 9949562
bulk : {
  "took" : 74,
  "errors" :  ...
59: 233001 adresses traitées
adresse : bulk pour les ids de 9949563 à 9950562
bulk : {
  "took" : 80,
  "errors" :  ...
59: 234001 adresses traitées
adresse : bulk pour les ids de 9950563 à 9951562
bulk : {
  "took" : 89,
  "errors" :  ...
59: 235001 adresses traitées
adresse : bulk pour les ids de 9951563 à 9952562
bulk : {
  "took" : 67,
  "errors" :  ...
59: 236001 adresses traitées
adresse : bulk pour les ids de 9952563 à 9953562
bulk : {
  "took" : 92,
  "errors" :  ...
59: 237001 adresses traitées
adresse : bulk pour les ids de 9953563 à 9954562
bulk : {
  "took" : 66,
  "errors" :  ...
59: 238001 adresses traitées
adresse : bulk pour les ids de 9954563 à 9955562
bulk : {
  "took" : 97,
  "errors" :  ...
59: 239001 adresses traitées
adresse : bulk pour les ids de 9955563 à 9956562
bulk : {
  "took" : 80,
  "errors" :  ...
59: 240001 adresses traitées
adresse : bulk pour les ids de 9956563 à 9957562
bulk : {
  "took" : 74,
  "errors" :  ...
59: 241001 adresses traitées
adresse : bulk pour les ids de 9957563 à 9958562
bulk : {
  "took" : 83,
  "errors" :  ...
59: 242001 adresses traitées
adresse : bulk pour les ids de 9958563 à 9959562
bulk : {
  "took" : 75,
  "errors" :  ...
59: 243001 adresses traitées
adresse : bulk pour les ids de 9959563 à 9960562
bulk : {
  "took" : 84,
  "errors" :  ...
59: 244001 adresses traitées
adresse : bulk pour les ids de 9960563 à 9961562
bulk : {
  "took" : 89,
  "errors" :  ...
59: 245001 adresses traitées
adresse : bulk pour les ids de 9961563 à 9962562
bulk : {
  "took" : 67,
  "errors" :  ...
59: 246001 adresses traitées
adresse : bulk pour les ids de 9962563 à 9963562
bulk : {
  "took" : 95,
  "errors" :  ...
59: 247001 adresses traitées
adresse : bulk pour les ids de 9963563 à 9964562
bulk : {
  "took" : 66,
  "errors" :  ...
59: 248001 adresses traitées
adresse : bulk pour les ids de 9964563 à 9965562
bulk : {
  "took" : 107,
  "errors" : ...
59: 249001 adresses traitées
adresse : bulk pour les ids de 9965563 à 9966562
bulk : {
  "took" : 66,
  "errors" :  ...
59: 250001 adresses traitées
adresse : bulk pour les ids de 9966563 à 9967562
bulk : {
  "took" : 76,
  "errors" :  ...
59: 251001 adresses traitées
adresse : bulk pour les ids de 9967563 à 9968562
bulk : {
  "took" : 82,
  "errors" :  ...
59: 252001 adresses traitées
adresse : bulk pour les ids de 9968563 à 9969562
bulk : {
  "took" : 75,
  "errors" :  ...
59: 253001 adresses traitées
adresse : bulk pour les ids de 9969563 à 9970562
bulk : {
  "took" : 82,
  "errors" :  ...
59: 254001 adresses traitées
adresse : bulk pour les ids de 9970563 à 9971562
bulk : {
  "took" : 77,
  "errors" :  ...
59: 255001 adresses traitées
adresse : bulk pour les ids de 9971563 à 9972562
bulk : {
  "took" : 66,
  "errors" :  ...
59: 256001 adresses traitées
adresse : bulk pour les ids de 9972563 à 9973562
bulk : {
  "took" : 90,
  "errors" :  ...
59: 257001 adresses traitées
adresse : bulk pour les ids de 9973563 à 9974562
bulk : {
  "took" : 67,
  "errors" :  ...
59: 258001 adresses traitées
adresse : bulk pour les ids de 9974563 à 9975562
bulk : {
  "took" : 88,
  "errors" :  ...
59: 259001 adresses traitées
adresse : bulk pour les ids de 9975563 à 9976562
bulk : {
  "took" : 65,
  "errors" :  ...
59: 260001 adresses traitées
adresse : bulk pour les ids de 9976563 à 9977562
bulk : {
  "took" : 85,
  "errors" :  ...
59: 261001 adresses traitées
adresse : bulk pour les ids de 9977563 à 9978562
bulk : {
  "took" : 89,
  "errors" :  ...
59: 262001 adresses traitées
adresse : bulk pour les ids de 9978563 à 9979562
bulk : {
  "took" : 85,
  "errors" :  ...
59: 263001 adresses traitées
adresse : bulk pour les ids de 9979563 à 9980562
bulk : {
  "took" : 94,
  "errors" :  ...
59: 264001 adresses traitées
adresse : bulk pour les ids de 9980563 à 9981562
bulk : {
  "took" : 94,
  "errors" :  ...
59: 265001 adresses traitées
adresse : bulk pour les ids de 9981563 à 9982562
bulk : {
  "took" : 66,
  "errors" :  ...
59: 266001 adresses traitées
59: 267001 adresses traitées
adresse : bulk pour les ids de 9982563 à 9983562
bulk : {
  "took" : 98,
  "errors" :  ...
59: 268001 adresses traitées
adresse : bulk pour les ids de 9983563 à 9984562
bulk : {
  "took" : 86,
  "errors" :  ...
59: 269001 adresses traitées
adresse : bulk pour les ids de 9984563 à 9985562
bulk : {
  "took" : 83,
  "errors" :  ...
59: 270001 adresses traitées
adresse : bulk pour les ids de 9985563 à 9986562
bulk : {
  "took" : 83,
  "errors" :  ...
59: 271001 adresses traitées
adresse : bulk pour les ids de 9986563 à 9987562
bulk : {
  "took" : 92,
  "errors" :  ...
59: 272001 adresses traitées
adresse : bulk pour les ids de 9987563 à 9988562
bulk : {
  "took" : 67,
  "errors" :  ...
59: 273001 adresses traitées
adresse : bulk pour les ids de 9988563 à 9989562
bulk : {
  "took" : 97,
  "errors" :  ...
59: 274001 adresses traitées
adresse : bulk pour les ids de 9989563 à 9990562
bulk : {
  "took" : 66,
  "errors" :  ...
59: 275001 adresses traitées
adresse : bulk pour les ids de 9990563 à 9991562
bulk : {
  "took" : 95,
  "errors" :  ...
59: 276001 adresses traitées
adresse : bulk pour les ids de 9991563 à 9992562
bulk : {
  "took" : 86,
  "errors" :  ...
59: 277001 adresses traitées
adresse : bulk pour les ids de 9992563 à 9993562
bulk : {
  "took" : 82,
  "errors" :  ...
59: 278001 adresses traitées
adresse : bulk pour les ids de 9993563 à 9994562
bulk : {
  "took" : 87,
  "errors" :  ...
59: 279001 adresses traitées
adresse : bulk pour les ids de 9994563 à 9995562
bulk : {
  "took" : 89,
  "errors" :  ...
59: 280001 adresses traitées
adresse : bulk pour les ids de 9995563 à 9996562
bulk : {
  "took" : 65,
  "errors" :  ...
59: 281001 adresses traitées
adresse : bulk pour les ids de 9996563 à 9997562
bulk : {
  "took" : 87,
  "errors" :  ...
59: 282001 adresses traitées
adresse : bulk pour les ids de 9997563 à 9998562
bulk : {
  "took" : 63,
  "errors" :  ...
59: 283001 adresses traitées
adresse : bulk pour les ids de 9998563 à 9999562
bulk : {
  "took" : 87,
  "errors" :  ...
59: 284001 adresses traitées
adresse : bulk pour les ids de 9999563 à 10000562
bulk : {
  "took" : 82,
  "errors" :  ...
59: 285001 adresses traitées
adresse : bulk pour les ids de 10000563 à 10001562
bulk : {
  "took" : 74,
  "errors" :  ...
59: 286001 adresses traitées
adresse : bulk pour les ids de 10001563 à 10002562
bulk : {
  "took" : 66,
  "errors" :  ...
59: 287001 adresses traitées
adresse : bulk pour les ids de 10002563 à 10003562
bulk : {
  "took" : 93,
  "errors" :  ...
59: 288001 adresses traitées
adresse : bulk pour les ids de 10003563 à 10004562
bulk : {
  "took" : 63,
  "errors" :  ...
59: 289001 adresses traitées
adresse : bulk pour les ids de 10004563 à 10005562
bulk : {
  "took" : 99,
  "errors" :  ...
59: 290001 adresses traitées
adresse : bulk pour les ids de 10005563 à 10006562
bulk : {
  "took" : 65,
  "errors" :  ...
59: 291001 adresses traitées
adresse : bulk pour les ids de 10006563 à 10007562
bulk : {
  "took" : 90,
  "errors" :  ...
59: 292001 adresses traitées
adresse : bulk pour les ids de 10007563 à 10008562
bulk : {
  "took" : 92,
  "errors" :  ...
59: 293001 adresses traitées
adresse : bulk pour les ids de 10008563 à 10009562
bulk : {
  "took" : 72,
  "errors" :  ...
59: 294001 adresses traitées
adresse : bulk pour les ids de 10009563 à 10010562
bulk : {
  "took" : 99,
  "errors" :  ...
59: 295001 adresses traitées
adresse : bulk pour les ids de 10010563 à 10011562
bulk : {
  "took" : 63,
  "errors" :  ...
59: 296001 adresses traitées
adresse : bulk pour les ids de 10011563 à 10012562
bulk : {
  "took" : 87,
  "errors" :  ...
59: 297001 adresses traitées
adresse : bulk pour les ids de 10012563 à 10013562
bulk : {
  "took" : 81,
  "errors" :  ...
59: 298001 adresses traitées
adresse : bulk pour les ids de 10013563 à 10014562
bulk : {
  "took" : 73,
  "errors" :  ...
59: 299001 adresses traitées
adresse : bulk pour les ids de 10014563 à 10015562
bulk : {
  "took" : 87,
  "errors" :  ...
59: 300001 adresses traitées
adresse : bulk pour les ids de 10015563 à 10016562
bulk : {
  "took" : 79,
  "errors" :  ...
59: 301001 adresses traitées
adresse : bulk pour les ids de 10016563 à 10017562
bulk : {
  "took" : 67,
  "errors" :  ...
59: 302001 adresses traitées
adresse : bulk pour les ids de 10017563 à 10018562
bulk : {
  "took" : 93,
  "errors" :  ...
59: 303001 adresses traitées
adresse : bulk pour les ids de 10018563 à 10019562
bulk : {
  "took" : 79,
  "errors" :  ...
59: 304001 adresses traitées
adresse : bulk pour les ids de 10019563 à 10020562
bulk : {
  "took" : 74,
  "errors" :  ...
59: 305001 adresses traitées
adresse : bulk pour les ids de 10020563 à 10021562
bulk : {
  "took" : 83,
  "errors" :  ...
59: 306001 adresses traitées
adresse : bulk pour les ids de 10021563 à 10022562
bulk : {
  "took" : 87,
  "errors" :  ...
59: 307001 adresses traitées
adresse : bulk pour les ids de 10022563 à 10023562
bulk : {
  "took" : 64,
  "errors" :  ...
59: 308001 adresses traitées
adresse : bulk pour les ids de 10023563 à 10024562
bulk : {
  "took" : 88,
  "errors" :  ...
59: 309001 adresses traitées
adresse : bulk pour les ids de 10024563 à 10025562
bulk : {
  "took" : 66,
  "errors" :  ...
59: 310001 adresses traitées
adresse : bulk pour les ids de 10025563 à 10026562
bulk : {
  "took" : 92,
  "errors" :  ...
59: 311001 adresses traitées
59: 312001 adresses traitées
adresse : bulk pour les ids de 10026563 à 10027562
bulk : {
  "took" : 80,
  "errors" :  ...
59: 313001 adresses traitées
adresse : bulk pour les ids de 10027563 à 10028562
bulk : {
  "took" : 72,
  "errors" :  ...
59: 314001 adresses traitées
adresse : bulk pour les ids de 10028563 à 10029562
bulk : {
  "took" : 85,
  "errors" :  ...
59: 315001 adresses traitées
adresse : bulk pour les ids de 10029563 à 10030562
bulk : {
  "took" : 86,
  "errors" :  ...
59: 316001 adresses traitées
adresse : bulk pour les ids de 10030563 à 10031562
bulk : {
  "took" : 66,
  "errors" :  ...
59: 317001 adresses traitées
adresse : bulk pour les ids de 10031563 à 10032562
bulk : {
  "took" : 89,
  "errors" :  ...
59: 318001 adresses traitées
adresse : bulk pour les ids de 10032563 à 10033562
bulk : {
  "took" : 65,
  "errors" :  ...
59: 319001 adresses traitées
adresse : bulk pour les ids de 10033563 à 10034562
bulk : {
  "took" : 92,
  "errors" :  ...
59: 320001 adresses traitées
adresse : bulk pour les ids de 10034563 à 10035562
bulk : {
  "took" : 93,
  "errors" :  ...
59: 321001 adresses traitées
adresse : bulk pour les ids de 10035563 à 10036562
bulk : {
  "took" : 72,
  "errors" :  ...
59: 322001 adresses traitées
adresse : bulk pour les ids de 10036563 à 10037562
bulk : {
  "took" : 81,
  "errors" :  ...
59: 323001 adresses traitées
adresse : bulk pour les ids de 10037563 à 10038562
bulk : {
  "took" : 81,
  "errors" :  ...
59: 324001 adresses traitées
adresse : bulk pour les ids de 10038563 à 10039562
bulk : {
  "took" : 65,
  "errors" :  ...
59: 325001 adresses traitées
adresse : bulk pour les ids de 10039563 à 10040562
bulk : {
  "took" : 95,
  "errors" :  ...
59: 326001 adresses traitées
adresse : bulk pour les ids de 10040563 à 10041562
bulk : {
  "took" : 64,
  "errors" :  ...
59: 327001 adresses traitées
adresse : bulk pour les ids de 10041563 à 10042562
bulk : {
  "took" : 93,
  "errors" :  ...
59: 328001 adresses traitées
adresse : bulk pour les ids de 10042563 à 10043562
bulk : {
  "took" : 75,
  "errors" :  ...
59: 329001 adresses traitées
adresse : bulk pour les ids de 10043563 à 10044562
bulk : {
  "took" : 77,
  "errors" :  ...
59: 330001 adresses traitées
adresse : bulk pour les ids de 10044563 à 10045562
bulk : {
  "took" : 91,
  "errors" :  ...
59: 331001 adresses traitées
adresse : bulk pour les ids de 10045563 à 10046562
bulk : {
  "took" : 78,
  "errors" :  ...
59: 332001 adresses traitées
adresse : bulk pour les ids de 10046563 à 10047562
bulk : {
  "took" : 93,
  "errors" :  ...
59: 333001 adresses traitées
adresse : bulk pour les ids de 10047563 à 10048562
bulk : {
  "took" : 93,
  "errors" :  ...
59: 334001 adresses traitées
adresse : bulk pour les ids de 10048563 à 10049562
bulk : {
  "took" : 67,
  "errors" :  ...
59: 335001 adresses traitées
adresse : bulk pour les ids de 10049563 à 10050562
bulk : {
  "took" : 96,
  "errors" :  ...
59: 336001 adresses traitées
adresse : bulk pour les ids de 10050563 à 10051562
bulk : {
  "took" : 65,
  "errors" :  ...
59: 337001 adresses traitées
adresse : bulk pour les ids de 10051563 à 10052562
bulk : {
  "took" : 88,
  "errors" :  ...
59: 338001 adresses traitées
adresse : bulk pour les ids de 10052563 à 10053562
bulk : {
  "took" : 79,
  "errors" :  ...
59: 339001 adresses traitées
adresse : bulk pour les ids de 10053563 à 10054562
bulk : {
  "took" : 73,
  "errors" :  ...
59: 340001 adresses traitées
adresse : bulk pour les ids de 10054563 à 10055562
bulk : {
  "took" : 68,
  "errors" :  ...
59: 341001 adresses traitées
adresse : bulk pour les ids de 10055563 à 10056562
bulk : {
  "took" : 88,
  "errors" :  ...
59: 342001 adresses traitées
adresse : bulk pour les ids de 10056563 à 10057562
bulk : {
  "took" : 65,
  "errors" :  ...
59: 343001 adresses traitées
adresse : bulk pour les ids de 10057563 à 10058562
bulk : {
  "took" : 101,
  "errors" : ...
59: 344001 adresses traitées
adresse : bulk pour les ids de 10058563 à 10059562
bulk : {
  "took" : 66,
  "errors" :  ...
59: 345001 adresses traitées
adresse : bulk pour les ids de 10059563 à 10060562
bulk : {
  "took" : 101,
  "errors" : ...
59: 346001 adresses traitées
adresse : bulk pour les ids de 10060563 à 10061562
bulk : {
  "took" : 87,
  "errors" :  ...
59: 347001 adresses traitées
adresse : bulk pour les ids de 10061563 à 10062562
bulk : {
  "took" : 82,
  "errors" :  ...
59: 348001 adresses traitées
adresse : bulk pour les ids de 10062563 à 10063562
bulk : {
  "took" : 90,
  "errors" :  ...
59: 349001 adresses traitées
adresse : bulk pour les ids de 10063563 à 10064562
bulk : {
  "took" : 83,
  "errors" :  ...
59: 350001 adresses traitées
adresse : bulk pour les ids de 10064563 à 10065562
bulk : {
  "took" : 68,
  "errors" :  ...
59: 351001 adresses traitées
59: 352001 adresses traitées
adresse : bulk pour les ids de 10065563 à 10066562
bulk : {
  "took" : 101,
  "errors" : ...
59: 353001 adresses traitées
adresse : bulk pour les ids de 10066563 à 10067562
bulk : {
  "took" : 68,
  "errors" :  ...
59: 354001 adresses traitées
adresse : bulk pour les ids de 10067563 à 10068562
bulk : {
  "took" : 100,
  "errors" : ...
59: 355001 adresses traitées
adresse : bulk pour les ids de 10068563 à 10069562
bulk : {
  "took" : 67,
  "errors" :  ...
59: 356001 adresses traitées
adresse : bulk pour les ids de 10069563 à 10070562
bulk : {
  "took" : 76,
  "errors" :  ...
59: 357001 adresses traitées
adresse : bulk pour les ids de 10070563 à 10071562
bulk : {
  "took" : 67,
  "errors" :  ...
59: 358001 adresses traitées
adresse : bulk pour les ids de 10071563 à 10072562
bulk : {
  "took" : 92,
  "errors" :  ...
59: 359001 adresses traitées
adresse : bulk pour les ids de 10072563 à 10073562
bulk : {
  "took" : 67,
  "errors" :  ...
59: 360001 adresses traitées
adresse : bulk pour les ids de 10073563 à 10074562
bulk : {
  "took" : 98,
  "errors" :  ...
59: 361001 adresses traitées
adresse : bulk pour les ids de 10074563 à 10075562
bulk : {
  "took" : 88,
  "errors" :  ...
59: 362001 adresses traitées
adresse : bulk pour les ids de 10075563 à 10076562
bulk : {
  "took" : 76,
  "errors" :  ...
59: 363001 adresses traitées
adresse : bulk pour les ids de 10076563 à 10077562
bulk : {
  "took" : 96,
  "errors" :  ...
59: 364001 adresses traitées
adresse : bulk pour les ids de 10077563 à 10078562
bulk : {
  "took" : 66,
  "errors" :  ...
59: 365001 adresses traitées
adresse : bulk pour les ids de 10078563 à 10079562
bulk : {
  "took" : 94,
  "errors" :  ...
59: 366001 adresses traitées
adresse : bulk pour les ids de 10079563 à 10080562
bulk : {
  "took" : 86,
  "errors" :  ...
59: 367001 adresses traitées
adresse : bulk pour les ids de 10080563 à 10081562
bulk : {
  "took" : 74,
  "errors" :  ...
59: 368001 adresses traitées
adresse : bulk pour les ids de 10081563 à 10082562
bulk : {
  "took" : 84,
  "errors" :  ...
59: 369001 adresses traitées
adresse : bulk pour les ids de 10082563 à 10083562
bulk : {
  "took" : 97,
  "errors" :  ...
59: 370001 adresses traitées
adresse : bulk pour les ids de 10083563 à 10084562
bulk : {
  "took" : 70,
  "errors" :  ...
59: 371001 adresses traitées
adresse : bulk pour les ids de 10084563 à 10085562
bulk : {
  "took" : 90,
  "errors" :  ...
59: 372001 adresses traitées
adresse : bulk pour les ids de 10085563 à 10086562
bulk : {
  "took" : 66,
  "errors" :  ...
59: 373001 adresses traitées
adresse : bulk pour les ids de 10086563 à 10087562
bulk : {
  "took" : 91,
  "errors" :  ...
59: 374001 adresses traitées
adresse : bulk pour les ids de 10087563 à 10088562
bulk : {
  "took" : 83,
  "errors" :  ...
59: 375001 adresses traitées
adresse : bulk pour les ids de 10088563 à 10089562
bulk : {
  "took" : 89,
  "errors" :  ...
59: 376001 adresses traitées
adresse : bulk pour les ids de 10089563 à 10090562
bulk : {
  "took" : 68,
  "errors" :  ...
59: 377001 adresses traitées
adresse : bulk pour les ids de 10090563 à 10091562
bulk : {
  "took" : 91,
  "errors" :  ...
59: 378001 adresses traitées
adresse : bulk pour les ids de 10091563 à 10092562
bulk : {
  "took" : 69,
  "errors" :  ...
59: 379001 adresses traitées
adresse : bulk pour les ids de 10092563 à 10093562
bulk : {
  "took" : 87,
  "errors" :  ...
59: 380001 adresses traitées
adresse : bulk pour les ids de 10093563 à 10094562
bulk : {
  "took" : 80,
  "errors" :  ...
59: 381001 adresses traitées
adresse : bulk pour les ids de 10094563 à 10095562
bulk : {
  "took" : 82,
  "errors" :  ...
59: 382001 adresses traitées
adresse : bulk pour les ids de 10095563 à 10096562
bulk : {
  "took" : 91,
  "errors" :  ...
59: 383001 adresses traitées
adresse : bulk pour les ids de 10096563 à 10097562
bulk : {
  "took" : 97,
  "errors" :  ...
59: 384001 adresses traitées
adresse : bulk pour les ids de 10097563 à 10098562
bulk : {
  "took" : 65,
  "errors" :  ...
59: 385001 adresses traitées
adresse : bulk pour les ids de 10098563 à 10099562
bulk : {
  "took" : 92,
  "errors" :  ...
59: 386001 adresses traitées
adresse : bulk pour les ids de 10099563 à 10100562
bulk : {
  "took" : 67,
  "errors" :  ...
59: 387001 adresses traitées
adresse : bulk pour les ids de 10100563 à 10101562
bulk : {
  "took" : 76,
  "errors" :  ...
59: 388001 adresses traitées
adresse : bulk pour les ids de 10101563 à 10102562
bulk : {
  "took" : 83,
  "errors" :  ...
59: 389001 adresses traitées
adresse : bulk pour les ids de 10102563 à 10103562
bulk : {
  "took" : 75,
  "errors" :  ...
59: 390001 adresses traitées
adresse : bulk pour les ids de 10103563 à 10104562
bulk : {
  "took" : 91,
  "errors" :  ...
59: 391001 adresses traitées
adresse : bulk pour les ids de 10104563 à 10105562
bulk : {
  "took" : 87,
  "errors" :  ...
59: 392001 adresses traitées
59: 393001 adresses traitées
adresse : bulk pour les ids de 10105563 à 10106562
bulk : {
  "took" : 68,
  "errors" :  ...
59: 394001 adresses traitées
adresse : bulk pour les ids de 10106563 à 10107562
bulk : {
  "took" : 94,
  "errors" :  ...
59: 395001 adresses traitées
adresse : bulk pour les ids de 10107563 à 10108562
bulk : {
  "took" : 81,
  "errors" :  ...
59: 396001 adresses traitées
adresse : bulk pour les ids de 10108563 à 10109562
bulk : {
  "took" : 79,
  "errors" :  ...
59: 397001 adresses traitées
adresse : bulk pour les ids de 10109563 à 10110562
bulk : {
  "took" : 83,
  "errors" :  ...
59: 398001 adresses traitées
adresse : bulk pour les ids de 10110563 à 10111562
bulk : {
  "took" : 77,
  "errors" :  ...
59: 399001 adresses traitées
adresse : bulk pour les ids de 10111563 à 10112562
bulk : {
  "took" : 67,
  "errors" :  ...
59: 400001 adresses traitées
adresse : bulk pour les ids de 10112563 à 10113562
bulk : {
  "took" : 101,
  "errors" : ...
59: 401001 adresses traitées
adresse : bulk pour les ids de 10113563 à 10114562
bulk : {
  "took" : 67,
  "errors" :  ...
59: 402001 adresses traitées
adresse : bulk pour les ids de 10114563 à 10115562
bulk : {
  "took" : 95,
  "errors" :  ...
59: 403001 adresses traitées
adresse : bulk pour les ids de 10115563 à 10116562
bulk : {
  "took" : 81,
  "errors" :  ...
59: 404001 adresses traitées
adresse : bulk pour les ids de 10116563 à 10117562
bulk : {
  "took" : 83,
  "errors" :  ...
59: 405001 adresses traitées
adresse : bulk pour les ids de 10117563 à 10118562
bulk : {
  "took" : 66,
  "errors" :  ...
59: 406001 adresses traitées
adresse : bulk pour les ids de 10118563 à 10119562
bulk : {
  "took" : 96,
  "errors" :  ...
59: 407001 adresses traitées
adresse : bulk pour les ids de 10119563 à 10120562
bulk : {
  "took" : 66,
  "errors" :  ...
59: 408001 adresses traitées
adresse : bulk pour les ids de 10120563 à 10121562
bulk : {
  "took" : 96,
  "errors" :  ...
59: 409001 adresses traitées
adresse : bulk pour les ids de 10121563 à 10122562
bulk : {
  "took" : 66,
  "errors" :  ...
59: 410001 adresses traitées
adresse : bulk pour les ids de 10122563 à 10123562
bulk : {
  "took" : 97,
  "errors" :  ...
59: 411001 adresses traitées
adresse : bulk pour les ids de 10123563 à 10124562
bulk : {
  "took" : 83,
  "errors" :  ...
59: 412001 adresses traitées
adresse : bulk pour les ids de 10124563 à 10125562
bulk : {
  "took" : 97,
  "errors" :  ...
59: 413001 adresses traitées
adresse : bulk pour les ids de 10125563 à 10126562
bulk : {
  "took" : 66,
  "errors" :  ...
59: 414001 adresses traitées
adresse : bulk pour les ids de 10126563 à 10127562
bulk : {
  "took" : 101,
  "errors" : ...
59: 415001 adresses traitées
adresse : bulk pour les ids de 10127563 à 10128562
bulk : {
  "took" : 66,
  "errors" :  ...
59: 416001 adresses traitées
adresse : bulk pour les ids de 10128563 à 10129562
bulk : {
  "took" : 103,
  "errors" : ...
59: 417001 adresses traitées
adresse : bulk pour les ids de 10129563 à 10130562
bulk : {
  "took" : 81,
  "errors" :  ...
59: 418001 adresses traitées
adresse : bulk pour les ids de 10130563 à 10131562
bulk : {
  "took" : 81,
  "errors" :  ...
59: 419001 adresses traitées
adresse : bulk pour les ids de 10131563 à 10132562
bulk : {
  "took" : 82,
  "errors" :  ...
59: 420001 adresses traitées
adresse : bulk pour les ids de 10132563 à 10133562
bulk : {
  "took" : 97,
  "errors" :  ...
59: 421001 adresses traitées
adresse : bulk pour les ids de 10133563 à 10134562
bulk : {
  "took" : 67,
  "errors" :  ...
59: 422001 adresses traitées
adresse : bulk pour les ids de 10134563 à 10135562
bulk : {
  "took" : 102,
  "errors" : ...
59: 423001 adresses traitées
adresse : bulk pour les ids de 10135563 à 10136562
bulk : {
  "took" : 66,
  "errors" :  ...
59: 424001 adresses traitées
adresse : bulk pour les ids de 10136563 à 10137562
bulk : {
  "took" : 81,
  "errors" :  ...
59: 425001 adresses traitées
adresse : bulk pour les ids de 10137563 à 10138562
bulk : {
  "took" : 84,
  "errors" :  ...
59: 426001 adresses traitées
adresse : bulk pour les ids de 10138563 à 10139562
bulk : {
  "took" : 83,
  "errors" :  ...
59: 427001 adresses traitées
adresse : bulk pour les ids de 10139563 à 10140562
bulk : {
  "took" : 87,
  "errors" :  ...
59: 428001 adresses traitées
adresse : bulk pour les ids de 10140563 à 10141562
bulk : {
  "took" : 82,
  "errors" :  ...
59: 429001 adresses traitées
adresse : bulk pour les ids de 10141563 à 10142562
bulk : {
  "took" : 67,
  "errors" :  ...
59: 430001 adresses traitées
adresse : bulk pour les ids de 10142563 à 10143562
bulk : {
  "took" : 97,
  "errors" :  ...
59: 431001 adresses traitées
adresse : bulk pour les ids de 10143563 à 10144562
bulk : {
  "took" : 87,
  "errors" :  ...
59: 432001 adresses traitées
adresse : bulk pour les ids de 10144563 à 10145562
bulk : {
  "took" : 85,
  "errors" :  ...
59: 433001 adresses traitées
59: 434001 adresses traitées
adresse : bulk pour les ids de 10145563 à 10146562
bulk : {
  "took" : 86,
  "errors" :  ...
59: 435001 adresses traitées
adresse : bulk pour les ids de 10146563 à 10147562
bulk : {
  "took" : 86,
  "errors" :  ...
59: 436001 adresses traitées
adresse : bulk pour les ids de 10147563 à 10148562
bulk : {
  "took" : 85,
  "errors" :  ...
59: 437001 adresses traitées
adresse : bulk pour les ids de 10148563 à 10149562
bulk : {
  "took" : 104,
  "errors" : ...
59: 438001 adresses traitées
adresse : bulk pour les ids de 10149563 à 10150562
bulk : {
  "took" : 66,
  "errors" :  ...
59: 439001 adresses traitées
adresse : bulk pour les ids de 10150563 à 10151562
bulk : {
  "took" : 108,
  "errors" : ...
59: 440001 adresses traitées
adresse : bulk pour les ids de 10151563 à 10152562
bulk : {
  "took" : 83,
  "errors" :  ...
59: 441001 adresses traitées
adresse : bulk pour les ids de 10152563 à 10153562
bulk : {
  "took" : 84,
  "errors" :  ...
59: 442001 adresses traitées
adresse : bulk pour les ids de 10153563 à 10154562
bulk : {
  "took" : 86,
  "errors" :  ...
59: 443001 adresses traitées
adresse : bulk pour les ids de 10154563 à 10155562
bulk : {
  "took" : 91,
  "errors" :  ...
59: 444001 adresses traitées
adresse : bulk pour les ids de 10155563 à 10156562
bulk : {
  "took" : 68,
  "errors" :  ...
59: 445001 adresses traitées
adresse : bulk pour les ids de 10156563 à 10157562
bulk : {
  "took" : 94,
  "errors" :  ...
59: 446001 adresses traitées
adresse : bulk pour les ids de 10157563 à 10158562
bulk : {
  "took" : 74,
  "errors" :  ...
59: 447001 adresses traitées
adresse : bulk pour les ids de 10158563 à 10159562
bulk : {
  "took" : 70,
  "errors" :  ...
59: 448001 adresses traitées
adresse : bulk pour les ids de 10159563 à 10160562
bulk : {
  "took" : 93,
  "errors" :  ...
59: 449001 adresses traitées
adresse : bulk pour les ids de 10160563 à 10161562
bulk : {
  "took" : 80,
  "errors" :  ...
59: 450001 adresses traitées
adresse : bulk pour les ids de 10161563 à 10162562
bulk : {
  "took" : 74,
  "errors" :  ...
59: 451001 adresses traitées
adresse : bulk pour les ids de 10162563 à 10163562
bulk : {
  "took" : 84,
  "errors" :  ...
59: 452001 adresses traitées
adresse : bulk pour les ids de 10163563 à 10164562
bulk : {
  "took" : 97,
  "errors" :  ...
59: 453001 adresses traitées
adresse : bulk pour les ids de 10164563 à 10165562
bulk : {
  "took" : 68,
  "errors" :  ...
59: 454001 adresses traitées
adresse : bulk pour les ids de 10165563 à 10166562
bulk : {
  "took" : 93,
  "errors" :  ...
59: 455001 adresses traitées
adresse : bulk pour les ids de 10166563 à 10167562
bulk : {
  "took" : 84,
  "errors" :  ...
59: 456001 adresses traitées
adresse : bulk pour les ids de 10167563 à 10168562
bulk : {
  "took" : 77,
  "errors" :  ...
59: 457001 adresses traitées
adresse : bulk pour les ids de 10168563 à 10169562
bulk : {
  "took" : 88,
  "errors" :  ...
59: 458001 adresses traitées
adresse : bulk pour les ids de 10169563 à 10170562
bulk : {
  "took" : 78,
  "errors" :  ...
59: 459001 adresses traitées
adresse : bulk pour les ids de 10170563 à 10171562
bulk : {
  "took" : 92,
  "errors" :  ...
59: 460001 adresses traitées
adresse : bulk pour les ids de 10171563 à 10172562
bulk : {
  "took" : 93,
  "errors" :  ...
59: 461001 adresses traitées
adresse : bulk pour les ids de 10172563 à 10173562
bulk : {
  "took" : 68,
  "errors" :  ...
59: 462001 adresses traitées
adresse : bulk pour les ids de 10173563 à 10174562
bulk : {
  "took" : 92,
  "errors" :  ...
59: 463001 adresses traitées
adresse : bulk pour les ids de 10174563 à 10175562
bulk : {
  "took" : 68,
  "errors" :  ...
59: 464001 adresses traitées
adresse : bulk pour les ids de 10175563 à 10176562
bulk : {
  "took" : 94,
  "errors" :  ...
59: 465001 adresses traitées
adresse : bulk pour les ids de 10176563 à 10177562
bulk : {
  "took" : 95,
  "errors" :  ...
59: 466001 adresses traitées
adresse : bulk pour les ids de 10177563 à 10178562
bulk : {
  "took" : 101,
  "errors" : ...
59: 467001 adresses traitées
adresse : bulk pour les ids de 10178563 à 10179562
bulk : {
  "took" : 85,
  "errors" :  ...
59: 468001 adresses traitées
adresse : bulk pour les ids de 10179563 à 10180562
bulk : {
  "took" : 85,
  "errors" :  ...
59: 469001 adresses traitées
adresse : bulk pour les ids de 10180563 à 10181562
bulk : {
  "took" : 83,
  "errors" :  ...
59: 470001 adresses traitées
adresse : bulk pour les ids de 10181563 à 10182562
bulk : {
  "took" : 95,
  "errors" :  ...
59: 471001 adresses traitées
adresse : bulk pour les ids de 10182563 à 10183562
bulk : {
  "took" : 67,
  "errors" :  ...
59: 472001 adresses traitées
adresse : bulk pour les ids de 10183563 à 10184562
bulk : {
  "took" : 91,
  "errors" :  ...
59: 473001 adresses traitées
adresse : bulk pour les ids de 10184563 à 10185562
bulk : {
  "took" : 69,
  "errors" :  ...
59: 474001 adresses traitées
adresse : bulk pour les ids de 10185563 à 10186562
bulk : {
  "took" : 99,
  "errors" :  ...
59: 475001 adresses traitées
adresse : bulk pour les ids de 10186563 à 10187562
bulk : {
  "took" : 87,
  "errors" :  ...
59: 476001 adresses traitées
adresse : bulk pour les ids de 10187563 à 10188562
bulk : {
  "took" : 92,
  "errors" :  ...
59: 477001 adresses traitées
adresse : bulk pour les ids de 10188563 à 10189562
bulk : {
  "took" : 78,
  "errors" :  ...
59: 478001 adresses traitées
adresse : bulk pour les ids de 10189563 à 10190562
bulk : {
  "took" : 99,
  "errors" :  ...
59: 479001 adresses traitées
adresse : bulk pour les ids de 10190563 à 10191562
bulk : {
  "took" : 85,
  "errors" :  ...
59: 480001 adresses traitées
adresse : bulk pour les ids de 10191563 à 10192562
bulk : {
  "took" : 77,
  "errors" :  ...
59: 481001 adresses traitées
adresse : bulk pour les ids de 10192563 à 10193562
bulk : {
  "took" : 81,
  "errors" :  ...
59: 482001 adresses traitées
adresse : bulk pour les ids de 10193563 à 10194562
bulk : {
  "took" : 89,
  "errors" :  ...
59: 483001 adresses traitées
adresse : bulk pour les ids de 10194563 à 10195562
bulk : {
  "took" : 81,
  "errors" :  ...
59: 484001 adresses traitées
adresse : bulk pour les ids de 10195563 à 10196562
bulk : {
  "took" : 73,
  "errors" :  ...
59: 485001 adresses traitées
adresse : bulk pour les ids de 10196563 à 10197562
bulk : {
  "took" : 85,
  "errors" :  ...
59: 486001 adresses traitées
59: 487001 adresses traitées
adresse : bulk pour les ids de 10197563 à 10198562
bulk : {
  "took" : 90,
  "errors" :  ...
59: 488001 adresses traitées
adresse : bulk pour les ids de 10198563 à 10199562
bulk : {
  "took" : 65,
  "errors" :  ...
59: 489001 adresses traitées
adresse : bulk pour les ids de 10199563 à 10200562
bulk : {
  "took" : 92,
  "errors" :  ...
59: 490001 adresses traitées
adresse : bulk pour les ids de 10200563 à 10201562
bulk : {
  "took" : 66,
  "errors" :  ...
59: 491001 adresses traitées
adresse : bulk pour les ids de 10201563 à 10202562
bulk : {
  "took" : 92,
  "errors" :  ...
59: 492001 adresses traitées
adresse : bulk pour les ids de 10202563 à 10203562
bulk : {
  "took" : 81,
  "errors" :  ...
59: 493001 adresses traitées
adresse : bulk pour les ids de 10203563 à 10204562
bulk : {
  "took" : 75,
  "errors" :  ...
59: 494001 adresses traitées
adresse : bulk pour les ids de 10204563 à 10205562
bulk : {
  "took" : 80,
  "errors" :  ...
59: 495001 adresses traitées
adresse : bulk pour les ids de 10205563 à 10206562
bulk : {
  "took" : 79,
  "errors" :  ...
59: 496001 adresses traitées
adresse : bulk pour les ids de 10206563 à 10207562
bulk : {
  "took" : 90,
  "errors" :  ...
59: 497001 adresses traitées
adresse : bulk pour les ids de 10207563 à 10208562
bulk : {
  "took" : 98,
  "errors" :  ...
59: 498001 adresses traitées
adresse : bulk pour les ids de 10208563 à 10209562
bulk : {
  "took" : 67,
  "errors" :  ...
59: 499001 adresses traitées
adresse : bulk pour les ids de 10209563 à 10210562
bulk : {
  "took" : 97,
  "errors" :  ...
59: 500001 adresses traitées
adresse : bulk pour les ids de 10210563 à 10211562
bulk : {
  "took" : 67,
  "errors" :  ...
59: 501001 adresses traitées
adresse : bulk pour les ids de 10211563 à 10212562
bulk : {
  "took" : 96,
  "errors" :  ...
59: 502001 adresses traitées
adresse : bulk pour les ids de 10212563 à 10213562
bulk : {
  "took" : 73,
  "errors" :  ...
59: 503001 adresses traitées
adresse : bulk pour les ids de 10213563 à 10214562
bulk : {
  "took" : 75,
  "errors" :  ...
59: 504001 adresses traitées
adresse : bulk pour les ids de 10214563 à 10215562
bulk : {
  "took" : 87,
  "errors" :  ...
59: 505001 adresses traitées
adresse : bulk pour les ids de 10215563 à 10216562
bulk : {
  "took" : 86,
  "errors" :  ...
59: 506001 adresses traitées
adresse : bulk pour les ids de 10216563 à 10217562
bulk : {
  "took" : 80,
  "errors" :  ...
59: 507001 adresses traitées
adresse : bulk pour les ids de 10217563 à 10218562
bulk : {
  "took" : 83,
  "errors" :  ...
59: 508001 adresses traitées
adresse : bulk pour les ids de 10218563 à 10219562
bulk : {
  "took" : 67,
  "errors" :  ...
59: 509001 adresses traitées
adresse : bulk pour les ids de 10219563 à 10220562
bulk : {
  "took" : 100,
  "errors" : ...
59: 510001 adresses traitées
adresse : bulk pour les ids de 10220563 à 10221562
bulk : {
  "took" : 68,
  "errors" :  ...
59: 511001 adresses traitées
adresse : bulk pour les ids de 10221563 à 10222562
bulk : {
  "took" : 102,
  "errors" : ...
59: 512001 adresses traitées
adresse : bulk pour les ids de 10222563 à 10223562
bulk : {
  "took" : 66,
  "errors" :  ...
59: 513001 adresses traitées
adresse : bulk pour les ids de 10223563 à 10224562
bulk : {
  "took" : 94,
  "errors" :  ...
59: 514001 adresses traitées
adresse : bulk pour les ids de 10224563 à 10225562
bulk : {
  "took" : 82,
  "errors" :  ...
59: 515001 adresses traitées
adresse : bulk pour les ids de 10225563 à 10226562
bulk : {
  "took" : 76,
  "errors" :  ...
59: 516001 adresses traitées
adresse : bulk pour les ids de 10226563 à 10227562
bulk : {
  "took" : 86,
  "errors" :  ...
59: 517001 adresses traitées
adresse : bulk pour les ids de 10227563 à 10228562
bulk : {
  "took" : 82,
  "errors" :  ...
59: 518001 adresses traitées
adresse : bulk pour les ids de 10228563 à 10229562
bulk : {
  "took" : 82,
  "errors" :  ...
59: 519001 adresses traitées
adresse : bulk pour les ids de 10229563 à 10230562
bulk : {
  "took" : 92,
  "errors" :  ...
59: 520001 adresses traitées
adresse : bulk pour les ids de 10230563 à 10231562
bulk : {
  "took" : 122,
  "errors" : ...
59: 521001 adresses traitées
adresse : bulk pour les ids de 10231563 à 10232562
bulk : {
  "took" : 84,
  "errors" :  ...
59: 522001 adresses traitées
adresse : bulk pour les ids de 10232563 à 10233562
bulk : {
  "took" : 93,
  "errors" :  ...
59: 523001 adresses traitées
adresse : bulk pour les ids de 10233563 à 10234562
bulk : {
  "took" : 75,
  "errors" :  ...
59: 524001 adresses traitées
59: 525001 adresses traitées
adresse : bulk pour les ids de 10234563 à 10235562
bulk : {
  "took" : 90,
  "errors" :  ...
59: 526001 adresses traitées
adresse : bulk pour les ids de 10235563 à 10236562
bulk : {
  "took" : 104,
  "errors" : ...
59: 527001 adresses traitées
adresse : bulk pour les ids de 10236563 à 10237562
bulk : {
  "took" : 67,
  "errors" :  ...
59: 528001 adresses traitées
adresse : bulk pour les ids de 10237563 à 10238562
bulk : {
  "took" : 106,
  "errors" : ...
59: 529001 adresses traitées
adresse : bulk pour les ids de 10238563 à 10239562
bulk : {
  "took" : 67,
  "errors" :  ...
59: 530001 adresses traitées
adresse : bulk pour les ids de 10239563 à 10240562
bulk : {
  "took" : 106,
  "errors" : ...
59: 531001 adresses traitées
adresse : bulk pour les ids de 10240563 à 10241562
bulk : {
  "took" : 99,
  "errors" :  ...
59: 532001 adresses traitées
adresse : bulk pour les ids de 10241563 à 10242562
bulk : {
  "took" : 79,
  "errors" :  ...
59: 533001 adresses traitées
adresse : bulk pour les ids de 10242563 à 10243562
bulk : {
  "took" : 93,
  "errors" :  ...
59: 534001 adresses traitées
adresse : bulk pour les ids de 10243563 à 10244562
bulk : {
  "took" : 77,
  "errors" :  ...
59: 535001 adresses traitées
adresse : bulk pour les ids de 10244563 à 10245562
bulk : {
  "took" : 90,
  "errors" :  ...
59: 536001 adresses traitées
adresse : bulk pour les ids de 10245563 à 10246562
bulk : {
  "took" : 92,
  "errors" :  ...
59: 537001 adresses traitées
adresse : bulk pour les ids de 10246563 à 10247562
bulk : {
  "took" : 68,
  "errors" :  ...
59: 538001 adresses traitées
adresse : bulk pour les ids de 10247563 à 10248562
bulk : {
  "took" : 102,
  "errors" : ...
59: 539001 adresses traitées
adresse : bulk pour les ids de 10248563 à 10249562
bulk : {
  "took" : 82,
  "errors" :  ...
59: 540001 adresses traitées
adresse : bulk pour les ids de 10249563 à 10250562
bulk : {
  "took" : 89,
  "errors" :  ...
59: 541001 adresses traitées
adresse : bulk pour les ids de 10250563 à 10251562
bulk : {
  "took" : 67,
  "errors" :  ...
59: 542001 adresses traitées
adresse : bulk pour les ids de 10251563 à 10252562
bulk : {
  "took" : 104,
  "errors" : ...
59: 543001 adresses traitées
adresse : bulk pour les ids de 10252563 à 10253562
bulk : {
  "took" : 67,
  "errors" :  ...
59: 544001 adresses traitées
adresse : bulk pour les ids de 10253563 à 10254562
bulk : {
  "took" : 111,
  "errors" : ...
59: 545001 adresses traitées
adresse : bulk pour les ids de 10254563 à 10255562
bulk : {
  "took" : 68,
  "errors" :  ...
59: 546001 adresses traitées
adresse : bulk pour les ids de 10255563 à 10256562
bulk : {
  "took" : 101,
  "errors" : ...
59: 547001 adresses traitées
adresse : bulk pour les ids de 10256563 à 10257562
bulk : {
  "took" : 82,
  "errors" :  ...
59: 548001 adresses traitées
adresse : bulk pour les ids de 10257563 à 10258562
bulk : {
  "took" : 83,
  "errors" :  ...
59: 549001 adresses traitées
adresse : bulk pour les ids de 10258563 à 10259562
bulk : {
  "took" : 81,
  "errors" :  ...
59: 550001 adresses traitées
adresse : bulk pour les ids de 10259563 à 10260562
bulk : {
  "took" : 83,
  "errors" :  ...
59: 551001 adresses traitées
adresse : bulk pour les ids de 10260563 à 10261562
bulk : {
  "took" : 67,
  "errors" :  ...
59: 552001 adresses traitées
59: 553001 adresses traitées
adresse : bulk pour les ids de 10261563 à 10262562
bulk : {
  "took" : 102,
  "errors" : ...
59: 554001 adresses traitées
adresse : bulk pour les ids de 10262563 à 10263562
bulk : {
  "took" : 65,
  "errors" :  ...
59: 555001 adresses traitées
adresse : bulk pour les ids de 10263563 à 10264562
bulk : {
  "took" : 102,
  "errors" : ...
59: 556001 adresses traitées
adresse : bulk pour les ids de 10264563 à 10265562
bulk : {
  "took" : 67,
  "errors" :  ...
59: 557001 adresses traitées
adresse : bulk pour les ids de 10265563 à 10266562
bulk : {
  "took" : 99,
  "errors" :  ...
59: 558001 adresses traitées
adresse : bulk pour les ids de 10266563 à 10267562
bulk : {
  "took" : 81,
  "errors" :  ...
59: 559001 adresses traitées
adresse : bulk pour les ids de 10267563 à 10268562
bulk : {
  "took" : 83,
  "errors" :  ...
59: 560001 adresses traitées
adresse : bulk pour les ids de 10268563 à 10269562
bulk : {
  "took" : 69,
  "errors" :  ...
59: 561001 adresses traitées
adresse : bulk pour les ids de 10269563 à 10270562
bulk : {
  "took" : 107,
  "errors" : ...
59: 562001 adresses traitées
adresse : bulk pour les ids de 10270563 à 10271562
bulk : {
  "took" : 66,
  "errors" :  ...
59: 563001 adresses traitées
adresse : bulk pour les ids de 10271563 à 10272562
bulk : {
  "took" : 102,
  "errors" : ...
59: 564001 adresses traitées
adresse : bulk pour les ids de 10272563 à 10273562
bulk : {
  "took" : 76,
  "errors" :  ...
59: 565001 adresses traitées
adresse : bulk pour les ids de 10273563 à 10274562
bulk : {
  "took" : 81,
  "errors" :  ...
59: 566001 adresses traitées
adresse : bulk pour les ids de 10274563 à 10275562
bulk : {
  "took" : 99,
  "errors" :  ...
59: 567001 adresses traitées
adresse : bulk pour les ids de 10275563 à 10276562
bulk : {
  "took" : 66,
  "errors" :  ...
59: 568001 adresses traitées
adresse : bulk pour les ids de 10276563 à 10277562
bulk : {
  "took" : 101,
  "errors" : ...
59: 569001 adresses traitées
adresse : bulk pour les ids de 10277563 à 10278562
bulk : {
  "took" : 66,
  "errors" :  ...
59: 570001 adresses traitées
adresse : bulk pour les ids de 10278563 à 10279562
bulk : {
  "took" : 99,
  "errors" :  ...
59: 571001 adresses traitées
adresse : bulk pour les ids de 10279563 à 10280562
bulk : {
  "took" : 83,
  "errors" :  ...
59: 572001 adresses traitées
adresse : bulk pour les ids de 10280563 à 10281562
bulk : {
  "took" : 77,
  "errors" :  ...
59: 573001 adresses traitées
adresse : bulk pour les ids de 10281563 à 10282562
bulk : {
  "took" : 85,
  "errors" :  ...
59: 574001 adresses traitées
adresse : bulk pour les ids de 10282563 à 10283562
bulk : {
  "took" : 75,
  "errors" :  ...
59: 575001 adresses traitées
adresse : bulk pour les ids de 10283563 à 10284562
bulk : {
  "took" : 66,
  "errors" :  ...
59: 576001 adresses traitées
adresse : bulk pour les ids de 10284563 à 10285562
bulk : {
  "took" : 101,
  "errors" : ...
59: 577001 adresses traitées
adresse : bulk pour les ids de 10285563 à 10286562
bulk : {
  "took" : 85,
  "errors" :  ...
59: 578001 adresses traitées
adresse : bulk pour les ids de 10286563 à 10287562
bulk : {
  "took" : 75,
  "errors" :  ...
59: 579001 adresses traitées
adresse : bulk pour les ids de 10287563 à 10288562
bulk : {
  "took" : 81,
  "errors" :  ...
59: 580001 adresses traitées
adresse : bulk pour les ids de 10288563 à 10289562
bulk : {
  "took" : 85,
  "errors" :  ...
59: 581001 adresses traitées
adresse : bulk pour les ids de 10289563 à 10290562
bulk : {
  "took" : 85,
  "errors" :  ...
59: 582001 adresses traitées
59: 583001 adresses traitées
adresse : bulk pour les ids de 10290563 à 10291562
bulk : {
  "took" : 100,
  "errors" : ...
59: 584001 adresses traitées
adresse : bulk pour les ids de 10291563 à 10292562
bulk : {
  "took" : 77,
  "errors" :  ...
59: 585001 adresses traitées
adresse : bulk pour les ids de 10292563 à 10293562
bulk : {
  "took" : 86,
  "errors" :  ...
59: 586001 adresses traitées
adresse : bulk pour les ids de 10293563 à 10294562
bulk : {
  "took" : 74,
  "errors" :  ...
59: 587001 adresses traitées
adresse : bulk pour les ids de 10294563 à 10295562
bulk : {
  "took" : 81,
  "errors" :  ...
59: 588001 adresses traitées
adresse : bulk pour les ids de 10295563 à 10296562
bulk : {
  "took" : 93,
  "errors" :  ...
59: 589001 adresses traitées
adresse : bulk pour les ids de 10296563 à 10297562
bulk : {
  "took" : 77,
  "errors" :  ...
59: 590001 adresses traitées
adresse : bulk pour les ids de 10297563 à 10298562
bulk : {
  "took" : 100,
  "errors" : ...
59: 591001 adresses traitées
adresse : bulk pour les ids de 10298563 à 10299562
bulk : {
  "took" : 82,
  "errors" :  ...
59: 592001 adresses traitées
adresse : bulk pour les ids de 10299563 à 10300562
bulk : {
  "took" : 86,
  "errors" :  ...
59: 593001 adresses traitées
adresse : bulk pour les ids de 10300563 à 10301562
bulk : {
  "took" : 88,
  "errors" :  ...
59: 594001 adresses traitées
adresse : bulk pour les ids de 10301563 à 10302562
bulk : {
  "took" : 94,
  "errors" :  ...
59: 595001 adresses traitées
adresse : bulk pour les ids de 10302563 à 10303562
bulk : {
  "took" : 69,
  "errors" :  ...
59: 596001 adresses traitées
adresse : bulk pour les ids de 10303563 à 10304562
bulk : {
  "took" : 90,
  "errors" :  ...
59: 597001 adresses traitées
adresse : bulk pour les ids de 10304563 à 10305562
bulk : {
  "took" : 81,
  "errors" :  ...
59: 598001 adresses traitées
adresse : bulk pour les ids de 10305563 à 10306562
bulk : {
  "took" : 75,
  "errors" :  ...
59: 599001 adresses traitées
adresse : bulk pour les ids de 10306563 à 10307562
bulk : {
  "took" : 85,
  "errors" :  ...
59: 600001 adresses traitées
adresse : bulk pour les ids de 10307563 à 10308562
bulk : {
  "took" : 82,
  "errors" :  ...
59: 601001 adresses traitées
adresse : bulk pour les ids de 10308563 à 10309562
bulk : {
  "took" : 67,
  "errors" :  ...
59: 602001 adresses traitées
adresse : bulk pour les ids de 10309563 à 10310562
bulk : {
  "took" : 96,
  "errors" :  ...
59: 603001 adresses traitées
adresse : bulk pour les ids de 10310563 à 10311562
bulk : {
  "took" : 67,
  "errors" :  ...
59: 604001 adresses traitées
adresse : bulk pour les ids de 10311563 à 10312562
bulk : {
  "took" : 90,
  "errors" :  ...
59: 605001 adresses traitées
adresse : bulk pour les ids de 10312563 à 10313562
bulk : {
  "took" : 65,
  "errors" :  ...
59: 606001 adresses traitées
adresse : bulk pour les ids de 10313563 à 10314562
bulk : {
  "took" : 85,
  "errors" :  ...
59: 607001 adresses traitées
adresse : bulk pour les ids de 10314563 à 10315562
bulk : {
  "took" : 85,
  "errors" :  ...
59: 608001 adresses traitées
adresse : bulk pour les ids de 10315563 à 10316562
bulk : {
  "took" : 76,
  "errors" :  ...
59: 609001 adresses traitées
adresse : bulk pour les ids de 10316563 à 10317562
bulk : {
  "took" : 86,
  "errors" :  ...
59: 610001 adresses traitées
adresse : bulk pour les ids de 10317563 à 10318562
bulk : {
  "took" : 85,
  "errors" :  ...
59: 611001 adresses traitées
adresse : bulk pour les ids de 10318563 à 10319562
bulk : {
  "took" : 71,
  "errors" :  ...
59: 612001 adresses traitées
adresse : bulk pour les ids de 10319563 à 10320562
bulk : {
  "took" : 95,
  "errors" :  ...
59: 613001 adresses traitées
adresse : bulk pour les ids de 10320563 à 10321562
bulk : {
  "took" : 85,
  "errors" :  ...
59: 614001 adresses traitées
adresse : bulk pour les ids de 10321563 à 10322562
bulk : {
  "took" : 76,
  "errors" :  ...
59: 615001 adresses traitées
adresse : bulk pour les ids de 10322563 à 10323562
bulk : {
  "took" : 82,
  "errors" :  ...
59: 616001 adresses traitées
adresse : bulk pour les ids de 10323563 à 10324562
bulk : {
  "took" : 101,
  "errors" : ...
59: 617001 adresses traitées
adresse : bulk pour les ids de 10324563 à 10325562
bulk : {
  "took" : 66,
  "errors" :  ...
59: 618001 adresses traitées
adresse : bulk pour les ids de 10325563 à 10326562
bulk : {
  "took" : 99,
  "errors" :  ...
59: 619001 adresses traitées
adresse : bulk pour les ids de 10326563 à 10327562
bulk : {
  "took" : 66,
  "errors" :  ...
59: 620001 adresses traitées
adresse : bulk pour les ids de 10327563 à 10328562
bulk : {
  "took" : 98,
  "errors" :  ...
59: 621001 adresses traitées
59: 622001 adresses traitées
adresse : bulk pour les ids de 10328563 à 10329562
bulk : {
  "took" : 80,
  "errors" :  ...
59: 623001 adresses traitées
adresse : bulk pour les ids de 10329563 à 10330562
bulk : {
  "took" : 79,
  "errors" :  ...
59: 624001 adresses traitées
adresse : bulk pour les ids de 10330563 à 10331562
bulk : {
  "took" : 84,
  "errors" :  ...
59: 625001 adresses traitées
adresse : bulk pour les ids de 10331563 à 10332562
bulk : {
  "took" : 78,
  "errors" :  ...
59: 626001 adresses traitées
adresse : bulk pour les ids de 10332563 à 10333562
bulk : {
  "took" : 85,
  "errors" :  ...
59: 627001 adresses traitées
adresse : bulk pour les ids de 10333563 à 10334562
bulk : {
  "took" : 94,
  "errors" :  ...
59: 628001 adresses traitées
adresse : bulk pour les ids de 10334563 à 10335562
bulk : {
  "took" : 66,
  "errors" :  ...
59: 629001 adresses traitées
adresse : bulk pour les ids de 10335563 à 10336562
bulk : {
  "took" : 88,
  "errors" :  ...
59: 630001 adresses traitées
adresse : bulk pour les ids de 10336563 à 10337562
bulk : {
  "took" : 68,
  "errors" :  ...
59: 631001 adresses traitées
adresse : bulk pour les ids de 10337563 à 10338562
bulk : {
  "took" : 83,
  "errors" :  ...
59: 632001 adresses traitées
adresse : bulk pour les ids de 10338563 à 10339562
bulk : {
  "took" : 90,
  "errors" :  ...
59: 633001 adresses traitées
adresse : bulk pour les ids de 10339563 à 10340562
bulk : {
  "took" : 90,
  "errors" :  ...
59: 634001 adresses traitées
adresse : bulk pour les ids de 10340563 à 10341562
bulk : {
  "took" : 80,
  "errors" :  ...
59: 635001 adresses traitées
adresse : bulk pour les ids de 10341563 à 10342562
bulk : {
  "took" : 74,
  "errors" :  ...
59: 636001 adresses traitées
adresse : bulk pour les ids de 10342563 à 10343562
bulk : {
  "took" : 84,
  "errors" :  ...
59: 637001 adresses traitées
adresse : bulk pour les ids de 10343563 à 10344562
bulk : {
  "took" : 76,
  "errors" :  ...
59: 638001 adresses traitées
adresse : bulk pour les ids de 10344563 à 10345562
bulk : {
  "took" : 65,
  "errors" :  ...
59: 639001 adresses traitées
adresse : bulk pour les ids de 10345563 à 10346562
bulk : {
  "took" : 101,
  "errors" : ...
59: 640001 adresses traitées
adresse : bulk pour les ids de 10346563 à 10347562
bulk : {
  "took" : 67,
  "errors" :  ...
59: 641001 adresses traitées
adresse : bulk pour les ids de 10347563 à 10348562
bulk : {
  "took" : 97,
  "errors" :  ...
59: 642001 adresses traitées
adresse : bulk pour les ids de 10348563 à 10349562
bulk : {
  "took" : 80,
  "errors" :  ...
59: 643001 adresses traitées
adresse : bulk pour les ids de 10349563 à 10350562
bulk : {
  "took" : 82,
  "errors" :  ...
59: 644001 adresses traitées
adresse : bulk pour les ids de 10350563 à 10351562
bulk : {
  "took" : 81,
  "errors" :  ...
59: 645001 adresses traitées
adresse : bulk pour les ids de 10351563 à 10352562
bulk : {
  "took" : 83,
  "errors" :  ...
59: 646001 adresses traitées
adresse : bulk pour les ids de 10352563 à 10353562
bulk : {
  "took" : 82,
  "errors" :  ...
59: 647001 adresses traitées
adresse : bulk pour les ids de 10353563 à 10354562
bulk : {
  "took" : 82,
  "errors" :  ...
59: 648001 adresses traitées
adresse : bulk pour les ids de 10354563 à 10355562
bulk : {
  "took" : 80,
  "errors" :  ...
59: 649001 adresses traitées
adresse : bulk pour les ids de 10355563 à 10356562
bulk : {
  "took" : 105,
  "errors" : ...
59: 650001 adresses traitées
adresse : bulk pour les ids de 10356563 à 10357562
bulk : {
  "took" : 83,
  "errors" :  ...
59: 651001 adresses traitées
adresse : bulk pour les ids de 10357563 à 10358562
bulk : {
  "took" : 81,
  "errors" :  ...
59: 652001 adresses traitées
adresse : bulk pour les ids de 10358563 à 10359562
bulk : {
  "took" : 85,
  "errors" :  ...
59: 653001 adresses traitées
adresse : bulk pour les ids de 10359563 à 10360562
bulk : {
  "took" : 83,
  "errors" :  ...
59: 654001 adresses traitées
adresse : bulk pour les ids de 10360563 à 10361562
bulk : {
  "took" : 86,
  "errors" :  ...
59: 655001 adresses traitées
adresse : bulk pour les ids de 10361563 à 10362562
bulk : {
  "took" : 82,
  "errors" :  ...
59: 656001 adresses traitées
adresse : bulk pour les ids de 10362563 à 10363562
bulk : {
  "took" : 66,
  "errors" :  ...
59: 657001 adresses traitées
adresse : bulk pour les ids de 10363563 à 10364562
bulk : {
  "took" : 94,
  "errors" :  ...
59: 658001 adresses traitées
adresse : bulk pour les ids de 10364563 à 10365562
bulk : {
  "took" : 67,
  "errors" :  ...
59: 659001 adresses traitées
adresse : bulk pour les ids de 10365563 à 10366562
bulk : {
  "took" : 91,
  "errors" :  ...
59: 660001 adresses traitées
adresse : bulk pour les ids de 10366563 à 10367562
bulk : {
  "took" : 86,
  "errors" :  ...
59: 661001 adresses traitées
adresse : bulk pour les ids de 10367563 à 10368562
bulk : {
  "took" : 73,
  "errors" :  ...
59: 662001 adresses traitées
adresse : bulk pour les ids de 10368563 à 10369562
bulk : {
  "took" : 88,
  "errors" :  ...
59: 663001 adresses traitées
adresse : bulk pour les ids de 10369563 à 10370562
bulk : {
  "took" : 72,
  "errors" :  ...
59: 664001 adresses traitées
adresse : bulk pour les ids de 10370563 à 10371562
bulk : {
  "took" : 86,
  "errors" :  ...
59: 665001 adresses traitées
adresse : bulk pour les ids de 10371563 à 10372562
bulk : {
  "took" : 69,
  "errors" :  ...
59: 666001 adresses traitées
59: 667001 adresses traitées
adresse : bulk pour les ids de 10372563 à 10373562
bulk : {
  "took" : 66,
  "errors" :  ...
59: 668001 adresses traitées
adresse : bulk pour les ids de 10373563 à 10374562
bulk : {
  "took" : 83,
  "errors" :  ...
59: 669001 adresses traitées
adresse : bulk pour les ids de 10374563 à 10375562
bulk : {
  "took" : 67,
  "errors" :  ...
59: 670001 adresses traitées
adresse : bulk pour les ids de 10375563 à 10376562
bulk : {
  "took" : 82,
  "errors" :  ...
59: 671001 adresses traitées
adresse : bulk pour les ids de 10376563 à 10377562
bulk : {
  "took" : 67,
  "errors" :  ...
59: 672001 adresses traitées
adresse : bulk pour les ids de 10377563 à 10378562
bulk : {
  "took" : 89,
  "errors" :  ...
59: 673001 adresses traitées
adresse : bulk pour les ids de 10378563 à 10379562
bulk : {
  "took" : 71,
  "errors" :  ...
59: 674001 adresses traitées
adresse : bulk pour les ids de 10379563 à 10380562
bulk : {
  "took" : 89,
  "errors" :  ...
59: 675001 adresses traitées
adresse : bulk pour les ids de 10380563 à 10381562
bulk : {
  "took" : 68,
  "errors" :  ...
59: 676001 adresses traitées
adresse : bulk pour les ids de 10381563 à 10382562
bulk : {
  "took" : 67,
  "errors" :  ...
59: 677001 adresses traitées
adresse : bulk pour les ids de 10382563 à 10383562
bulk : {
  "took" : 84,
  "errors" :  ...
59: 678001 adresses traitées
adresse : bulk pour les ids de 10383563 à 10384562
bulk : {
  "took" : 69,
  "errors" :  ...
59: 679001 adresses traitées
adresse : bulk pour les ids de 10384563 à 10385562
bulk : {
  "took" : 86,
  "errors" :  ...
59: 680001 adresses traitées
adresse : bulk pour les ids de 10385563 à 10386562
bulk : {
  "took" : 67,
  "errors" :  ...
59: 681001 adresses traitées
adresse : bulk pour les ids de 10386563 à 10387562
bulk : {
  "took" : 84,
  "errors" :  ...
59: 682001 adresses traitées
adresse : bulk pour les ids de 10387563 à 10388562
bulk : {
  "took" : 68,
  "errors" :  ...
59: 683001 adresses traitées
adresse : bulk pour les ids de 10388563 à 10389562
bulk : {
  "took" : 82,
  "errors" :  ...
59: 684001 adresses traitées
adresse : bulk pour les ids de 10389563 à 10390562
bulk : {
  "took" : 69,
  "errors" :  ...
59: 685001 adresses traitées
adresse : bulk pour les ids de 10390563 à 10391562
bulk : {
  "took" : 84,
  "errors" :  ...
59: 686001 adresses traitées
adresse : bulk pour les ids de 10391563 à 10392562
bulk : {
  "took" : 67,
  "errors" :  ...
59: 687001 adresses traitées
adresse : bulk pour les ids de 10392563 à 10393562
bulk : {
  "took" : 89,
  "errors" :  ...
59: 688001 adresses traitées
adresse : bulk pour les ids de 10393563 à 10394562
bulk : {
  "took" : 70,
  "errors" :  ...
59: 689001 adresses traitées
adresse : bulk pour les ids de 10394563 à 10395562
bulk : {
  "took" : 88,
  "errors" :  ...
59: 690001 adresses traitées
adresse : bulk pour les ids de 10395563 à 10396562
bulk : {
  "took" : 72,
  "errors" :  ...
59: 691001 adresses traitées
adresse : bulk pour les ids de 10396563 à 10397562
bulk : {
  "took" : 100,
  "errors" : ...
59: 692001 adresses traitées
adresse : bulk pour les ids de 10397563 à 10398562
bulk : {
  "took" : 72,
  "errors" :  ...
59: 693001 adresses traitées
adresse : bulk pour les ids de 10398563 à 10399562
bulk : {
  "took" : 88,
  "errors" :  ...
59: 694001 adresses traitées
adresse : bulk pour les ids de 10399563 à 10400562
bulk : {
  "took" : 71,
  "errors" :  ...
59: 695001 adresses traitées
adresse : bulk pour les ids de 10400563 à 10401562
bulk : {
  "took" : 83,
  "errors" :  ...
59: 696001 adresses traitées
adresse : bulk pour les ids de 10401563 à 10402562
bulk : {
  "took" : 70,
  "errors" :  ...
59: 697001 adresses traitées
adresse : bulk pour les ids de 10402563 à 10403562
bulk : {
  "took" : 88,
  "errors" :  ...
59: 698001 adresses traitées
adresse : bulk pour les ids de 10403563 à 10404562
bulk : {
  "took" : 68,
  "errors" :  ...
59: 699001 adresses traitées
adresse : bulk pour les ids de 10404563 à 10405562
bulk : {
  "took" : 86,
  "errors" :  ...
59: 700001 adresses traitées
adresse : bulk pour les ids de 10405563 à 10406562
bulk : {
  "took" : 68,
  "errors" :  ...
59: 701001 adresses traitées
adresse : bulk pour les ids de 10406563 à 10407562
bulk : {
  "took" : 83,
  "errors" :  ...
59: 702001 adresses traitées
adresse : bulk pour les ids de 10407563 à 10408562
bulk : {
  "took" : 68,
  "errors" :  ...
59: 703001 adresses traitées
adresse : bulk pour les ids de 10408563 à 10409562
bulk : {
  "took" : 83,
  "errors" :  ...
59: 704001 adresses traitées
adresse : bulk pour les ids de 10409563 à 10410562
bulk : {
  "took" : 69,
  "errors" :  ...
59: 705001 adresses traitées
adresse : bulk pour les ids de 10410563 à 10411562
bulk : {
  "took" : 86,
  "errors" :  ...
59: 706001 adresses traitées
adresse : bulk pour les ids de 10411563 à 10412562
bulk : {
  "took" : 69,
  "errors" :  ...
59: 707001 adresses traitées
adresse : bulk pour les ids de 10412563 à 10413562
bulk : {
  "took" : 82,
  "errors" :  ...
59: 708001 adresses traitées
adresse : bulk pour les ids de 10413563 à 10414562
bulk : {
  "took" : 70,
  "errors" :  ...
59: 709001 adresses traitées
adresse : bulk pour les ids de 10414563 à 10415562
bulk : {
  "took" : 82,
  "errors" :  ...
59: 710001 adresses traitées
adresse : bulk pour les ids de 10415563 à 10416562
bulk : {
  "took" : 69,
  "errors" :  ...
59: 711001 adresses traitées
adresse : bulk pour les ids de 10416563 à 10417562
bulk : {
  "took" : 67,
  "errors" :  ...
59: 712001 adresses traitées
adresse : bulk pour les ids de 10417563 à 10418562
bulk : {
  "took" : 84,
  "errors" :  ...
59: 713001 adresses traitées
adresse : bulk pour les ids de 10418563 à 10419562
bulk : {
  "took" : 69,
  "errors" :  ...
59: 714001 adresses traitées
adresse : bulk pour les ids de 10419563 à 10420562
bulk : {
  "took" : 83,
  "errors" :  ...
59: 715001 adresses traitées
adresse : bulk pour les ids de 10420563 à 10421562
bulk : {
  "took" : 67,
  "errors" :  ...
59: 716001 adresses traitées
adresse : bulk pour les ids de 10421563 à 10422562
bulk : {
  "took" : 91,
  "errors" :  ...
59: 717001 adresses traitées
adresse : bulk pour les ids de 10422563 à 10423562
bulk : {
  "took" : 68,
  "errors" :  ...
59: 718001 adresses traitées
adresse : bulk pour les ids de 10423563 à 10424562
bulk : {
  "took" : 90,
  "errors" :  ...
59: 719001 adresses traitées
adresse : bulk pour les ids de 10424563 à 10425562
bulk : {
  "took" : 68,
  "errors" :  ...
59: 720001 adresses traitées
adresse : bulk pour les ids de 10425563 à 10426562
bulk : {
  "took" : 88,
  "errors" :  ...
59: 721001 adresses traitées
adresse : bulk pour les ids de 10426563 à 10427562
bulk : {
  "took" : 68,
  "errors" :  ...
59: 722001 adresses traitées
adresse : bulk pour les ids de 10427563 à 10428562
bulk : {
  "took" : 87,
  "errors" :  ...
59: 723001 adresses traitées
adresse : bulk pour les ids de 10428563 à 10429562
bulk : {
  "took" : 68,
  "errors" :  ...
59: 724001 adresses traitées
adresse : bulk pour les ids de 10429563 à 10430562
bulk : {
  "took" : 91,
  "errors" :  ...
59: 725001 adresses traitées
adresse : bulk pour les ids de 10430563 à 10431562
bulk : {
  "took" : 70,
  "errors" :  ...
59: 726001 adresses traitées
adresse : bulk pour les ids de 10431563 à 10432562
bulk : {
  "took" : 87,
  "errors" :  ...
59: 727001 adresses traitées
adresse : bulk pour les ids de 10432563 à 10433562
bulk : {
  "took" : 71,
  "errors" :  ...
59: 728001 adresses traitées
adresse : bulk pour les ids de 10433563 à 10434562
bulk : {
  "took" : 89,
  "errors" :  ...
59: 729001 adresses traitées
adresse : bulk pour les ids de 10434563 à 10435562
bulk : {
  "took" : 68,
  "errors" :  ...
59: 730001 adresses traitées
59: 731001 adresses traitées
adresse : bulk pour les ids de 10435563 à 10436562
bulk : {
  "took" : 88,
  "errors" :  ...
59: 732001 adresses traitées
adresse : bulk pour les ids de 10436563 à 10437562
bulk : {
  "took" : 70,
  "errors" :  ...
59: 733001 adresses traitées
adresse : bulk pour les ids de 10437563 à 10438562
bulk : {
  "took" : 91,
  "errors" :  ...
59: 734001 adresses traitées
adresse : bulk pour les ids de 10438563 à 10439562
bulk : {
  "took" : 72,
  "errors" :  ...
59: 735001 adresses traitées
adresse : bulk pour les ids de 10439563 à 10440562
bulk : {
  "took" : 94,
  "errors" :  ...
59: 736001 adresses traitées
adresse : bulk pour les ids de 10440563 à 10441562
bulk : {
  "took" : 69,
  "errors" :  ...
59: 737001 adresses traitées
adresse : bulk pour les ids de 10441563 à 10442562
bulk : {
  "took" : 87,
  "errors" :  ...
59: 738001 adresses traitées
adresse : bulk pour les ids de 10442563 à 10443562
bulk : {
  "took" : 72,
  "errors" :  ...
59: 739001 adresses traitées
adresse : bulk pour les ids de 10443563 à 10444562
bulk : {
  "took" : 91,
  "errors" :  ...
59: 740001 adresses traitées
adresse : bulk pour les ids de 10444563 à 10445562
bulk : {
  "took" : 70,
  "errors" :  ...
59: 741001 adresses traitées
adresse : bulk pour les ids de 10445563 à 10446562
bulk : {
  "took" : 95,
  "errors" :  ...
59: 742001 adresses traitées
adresse : bulk pour les ids de 10446563 à 10447562
bulk : {
  "took" : 70,
  "errors" :  ...
59: 743001 adresses traitées
adresse : bulk pour les ids de 10447563 à 10448562
bulk : {
  "took" : 85,
  "errors" :  ...
59: 744001 adresses traitées
adresse : bulk pour les ids de 10448563 à 10449562
bulk : {
  "took" : 72,
  "errors" :  ...
59: 745001 adresses traitées
adresse : bulk pour les ids de 10449563 à 10450562
bulk : {
  "took" : 86,
  "errors" :  ...
59: 746001 adresses traitées
adresse : bulk pour les ids de 10450563 à 10451562
bulk : {
  "took" : 69,
  "errors" :  ...
59: 747001 adresses traitées
adresse : bulk pour les ids de 10451563 à 10452562
bulk : {
  "took" : 69,
  "errors" :  ...
59: 748001 adresses traitées
adresse : bulk pour les ids de 10452563 à 10453562
bulk : {
  "took" : 86,
  "errors" :  ...
59: 749001 adresses traitées
adresse : bulk pour les ids de 10453563 à 10454562
bulk : {
  "took" : 68,
  "errors" :  ...
59: 750001 adresses traitées
adresse : bulk pour les ids de 10454563 à 10455562
bulk : {
  "took" : 86,
  "errors" :  ...
59: 751001 adresses traitées
adresse : bulk pour les ids de 10455563 à 10456562
bulk : {
  "took" : 69,
  "errors" :  ...
59: 752001 adresses traitées
adresse : bulk pour les ids de 10456563 à 10457562
bulk : {
  "took" : 85,
  "errors" :  ...
59: 753001 adresses traitées
adresse : bulk pour les ids de 10457563 à 10458562
bulk : {
  "took" : 69,
  "errors" :  ...
59: 754001 adresses traitées
adresse : bulk pour les ids de 10458563 à 10459562
bulk : {
  "took" : 84,
  "errors" :  ...
59: 755001 adresses traitées
adresse : bulk pour les ids de 10459563 à 10460562
bulk : {
  "took" : 71,
  "errors" :  ...
59: 756001 adresses traitées
adresse : bulk pour les ids de 10460563 à 10461562
bulk : {
  "took" : 90,
  "errors" :  ...
59: 757001 adresses traitées
adresse : bulk pour les ids de 10461563 à 10462562
bulk : {
  "took" : 69,
  "errors" :  ...
59: 758001 adresses traitées
adresse : bulk pour les ids de 10462563 à 10463562
bulk : {
  "took" : 89,
  "errors" :  ...
59: 759001 adresses traitées
adresse : bulk pour les ids de 10463563 à 10464562
bulk : {
  "took" : 72,
  "errors" :  ...
59: 760001 adresses traitées
adresse : bulk pour les ids de 10464563 à 10465562
bulk : {
  "took" : 85,
  "errors" :  ...
59: 761001 adresses traitées
adresse : bulk pour les ids de 10465563 à 10466562
bulk : {
  "took" : 73,
  "errors" :  ...
59: 762001 adresses traitées
adresse : bulk pour les ids de 10466563 à 10467562
bulk : {
  "took" : 84,
  "errors" :  ...
59: 763001 adresses traitées
adresse : bulk pour les ids de 10467563 à 10468562
bulk : {
  "took" : 68,
  "errors" :  ...
59: 764001 adresses traitées
adresse : bulk pour les ids de 10468563 à 10469562
bulk : {
  "took" : 92,
  "errors" :  ...
59: 765001 adresses traitées
adresse : bulk pour les ids de 10469563 à 10470562
bulk : {
  "took" : 73,
  "errors" :  ...
59: 766001 adresses traitées
adresse : bulk pour les ids de 10470563 à 10471562
bulk : {
  "took" : 85,
  "errors" :  ...
59: 767001 adresses traitées
adresse : bulk pour les ids de 10471563 à 10472562
bulk : {
  "took" : 71,
  "errors" :  ...
59: 768001 adresses traitées
adresse : bulk pour les ids de 10472563 à 10473562
bulk : {
  "took" : 85,
  "errors" :  ...
59: 769001 adresses traitées
59: 770001 adresses traitées
adresse : bulk pour les ids de 10473563 à 10474562
bulk : {
  "took" : 71,
  "errors" :  ...
59: 771001 adresses traitées
adresse : bulk pour les ids de 10474563 à 10475562
bulk : {
  "took" : 89,
  "errors" :  ...
59: 772001 adresses traitées
adresse : bulk pour les ids de 10475563 à 10476562
bulk : {
  "took" : 70,
  "errors" :  ...
59: 773001 adresses traitées
adresse : bulk pour les ids de 10476563 à 10477562
bulk : {
  "took" : 85,
  "errors" :  ...
59: 774001 adresses traitées
adresse : bulk pour les ids de 10477563 à 10478562
bulk : {
  "took" : 72,
  "errors" :  ...
59: 775001 adresses traitées
adresse : bulk pour les ids de 10478563 à 10479562
bulk : {
  "took" : 85,
  "errors" :  ...
59: 776001 adresses traitées
adresse : bulk pour les ids de 10479563 à 10480562
bulk : {
  "took" : 88,
  "errors" :  ...
59: 777001 adresses traitées
adresse : bulk pour les ids de 10480563 à 10481562
bulk : {
  "took" : 69,
  "errors" :  ...
59: 778001 adresses traitées
adresse : bulk pour les ids de 10481563 à 10482562
bulk : {
  "took" : 86,
  "errors" :  ...
59: 779001 adresses traitées
adresse : bulk pour les ids de 10482563 à 10483562
bulk : {
  "took" : 71,
  "errors" :  ...
59: 780001 adresses traitées
adresse : bulk pour les ids de 10483563 à 10484562
bulk : {
  "took" : 82,
  "errors" :  ...
59: 781001 adresses traitées
adresse : bulk pour les ids de 10484563 à 10485562
bulk : {
  "took" : 75,
  "errors" :  ...
59: 782001 adresses traitées
adresse : bulk pour les ids de 10485563 à 10486562
bulk : {
  "took" : 93,
  "errors" :  ...
59: 783001 adresses traitées
adresse : bulk pour les ids de 10486563 à 10487562
bulk : {
  "took" : 70,
  "errors" :  ...
59: 784001 adresses traitées
adresse : bulk pour les ids de 10487563 à 10488562
bulk : {
  "took" : 91,
  "errors" :  ...
59: 785001 adresses traitées
adresse : bulk pour les ids de 10488563 à 10489562
bulk : {
  "took" : 69,
  "errors" :  ...
59: 786001 adresses traitées
adresse : bulk pour les ids de 10489563 à 10490562
bulk : {
  "took" : 90,
  "errors" :  ...
59: 787001 adresses traitées
adresse : bulk pour les ids de 10490563 à 10491562
bulk : {
  "took" : 74,
  "errors" :  ...
59: 788001 adresses traitées
adresse : bulk pour les ids de 10491563 à 10492562
bulk : {
  "took" : 91,
  "errors" :  ...
59: 789001 adresses traitées
adresse : bulk pour les ids de 10492563 à 10493562
bulk : {
  "took" : 74,
  "errors" :  ...
59: 790001 adresses traitées
adresse : bulk pour les ids de 10493563 à 10494562
bulk : {
  "took" : 87,
  "errors" :  ...
59: 791001 adresses traitées
adresse : bulk pour les ids de 10494563 à 10495562
bulk : {
  "took" : 72,
  "errors" :  ...
59: 792001 adresses traitées
adresse : bulk pour les ids de 10495563 à 10496562
bulk : {
  "took" : 86,
  "errors" :  ...
59: 793001 adresses traitées
adresse : bulk pour les ids de 10496563 à 10497562
bulk : {
  "took" : 72,
  "errors" :  ...
59: 794001 adresses traitées
adresse : bulk pour les ids de 10497563 à 10498562
bulk : {
  "took" : 95,
  "errors" :  ...
59: 795001 adresses traitées
adresse : bulk pour les ids de 10498563 à 10499562
bulk : {
  "took" : 70,
  "errors" :  ...
59: 796001 adresses traitées
adresse : bulk pour les ids de 10499563 à 10500562
bulk : {
  "took" : 89,
  "errors" :  ...
59: 797001 adresses traitées
adresse : bulk pour les ids de 10500563 à 10501562
bulk : {
  "took" : 73,
  "errors" :  ...
59: 798001 adresses traitées
adresse : bulk pour les ids de 10501563 à 10502562
bulk : {
  "took" : 85,
  "errors" :  ...
59: 799001 adresses traitées
adresse : bulk pour les ids de 10502563 à 10503562
bulk : {
  "took" : 73,
  "errors" :  ...
59: 800001 adresses traitées
adresse : bulk pour les ids de 10503563 à 10504562
bulk : {
  "took" : 87,
  "errors" :  ...
59: 801001 adresses traitées
59: 802001 adresses traitées
adresse : bulk pour les ids de 10504563 à 10505562
bulk : {
  "took" : 71,
  "errors" :  ...
59: 803001 adresses traitées
adresse : bulk pour les ids de 10505563 à 10506562
bulk : {
  "took" : 71,
  "errors" :  ...
59: 804001 adresses traitées
adresse : bulk pour les ids de 10506563 à 10507562
bulk : {
  "took" : 85,
  "errors" :  ...
59: 805001 adresses traitées
adresse : bulk pour les ids de 10507563 à 10508562
bulk : {
  "took" : 72,
  "errors" :  ...
59: 806001 adresses traitées
adresse : bulk pour les ids de 10508563 à 10509562
bulk : {
  "took" : 86,
  "errors" :  ...
59: 807001 adresses traitées
adresse : bulk pour les ids de 10509563 à 10510562
bulk : {
  "took" : 75,
  "errors" :  ...
59: 808001 adresses traitées
adresse : bulk pour les ids de 10510563 à 10511562
bulk : {
  "took" : 88,
  "errors" :  ...
59: 809001 adresses traitées
adresse : bulk pour les ids de 10511563 à 10512562
bulk : {
  "took" : 71,
  "errors" :  ...
59: 810001 adresses traitées
adresse : bulk pour les ids de 10512563 à 10513562
bulk : {
  "took" : 85,
  "errors" :  ...
59: 811001 adresses traitées
adresse : bulk pour les ids de 10513563 à 10514562
bulk : {
  "took" : 71,
  "errors" :  ...
59: 812001 adresses traitées
adresse : bulk pour les ids de 10514563 à 10515562
bulk : {
  "took" : 87,
  "errors" :  ...
59: 813001 adresses traitées
adresse : bulk pour les ids de 10515563 à 10516562
bulk : {
  "took" : 70,
  "errors" :  ...
59: 814001 adresses traitées
adresse : bulk pour les ids de 10516563 à 10517562
bulk : {
  "took" : 86,
  "errors" :  ...
59: 815001 adresses traitées
adresse : bulk pour les ids de 10517563 à 10518562
bulk : {
  "took" : 70,
  "errors" :  ...
59: 816001 adresses traitées
adresse : bulk pour les ids de 10518563 à 10519562
bulk : {
  "took" : 87,
  "errors" :  ...
59: 817001 adresses traitées
adresse : bulk pour les ids de 10519563 à 10520562
bulk : {
  "took" : 76,
  "errors" :  ...
59: 818001 adresses traitées
adresse : bulk pour les ids de 10520563 à 10521562
bulk : {
  "took" : 84,
  "errors" :  ...
59: 819001 adresses traitées
adresse : bulk pour les ids de 10521563 à 10522562
bulk : {
  "took" : 72,
  "errors" :  ...
59: 820001 adresses traitées
adresse : bulk pour les ids de 10522563 à 10523562
bulk : {
  "took" : 90,
  "errors" :  ...
59: 821001 adresses traitées
adresse : bulk pour les ids de 10523563 à 10524562
bulk : {
  "took" : 73,
  "errors" :  ...
59: 822001 adresses traitées
adresse : bulk pour les ids de 10524563 à 10525562
bulk : {
  "took" : 87,
  "errors" :  ...
59: 823001 adresses traitées
adresse : bulk pour les ids de 10525563 à 10526562
bulk : {
  "took" : 78,
  "errors" :  ...
59: 824001 adresses traitées
adresse : bulk pour les ids de 10526563 à 10527562
bulk : {
  "took" : 89,
  "errors" :  ...
59: 825001 adresses traitées
adresse : bulk pour les ids de 10527563 à 10528562
bulk : {
  "took" : 73,
  "errors" :  ...
59: 826001 adresses traitées
adresse : bulk pour les ids de 10528563 à 10529562
bulk : {
  "took" : 86,
  "errors" :  ...
59: 827001 adresses traitées
adresse : bulk pour les ids de 10529563 à 10530562
bulk : {
  "took" : 71,
  "errors" :  ...
59: 828001 adresses traitées
59: 829001 adresses traitées
adresse : bulk pour les ids de 10530563 à 10531562
bulk : {
  "took" : 88,
  "errors" :  ...
59: 830001 adresses traitées
adresse : bulk pour les ids de 10531563 à 10532562
bulk : {
  "took" : 70,
  "errors" :  ...
59: 831001 adresses traitées
adresse : bulk pour les ids de 10532563 à 10533562
bulk : {
  "took" : 74,
  "errors" :  ...
59: 832001 adresses traitées
adresse : bulk pour les ids de 10533563 à 10534562
bulk : {
  "took" : 85,
  "errors" :  ...
59: 833001 adresses traitées
adresse : bulk pour les ids de 10534563 à 10535562
bulk : {
  "took" : 70,
  "errors" :  ...
59: 834001 adresses traitées
adresse : bulk pour les ids de 10535563 à 10536562
bulk : {
  "took" : 84,
  "errors" :  ...
59: 835001 adresses traitées
adresse : bulk pour les ids de 10536563 à 10537562
bulk : {
  "took" : 70,
  "errors" :  ...
59: 836001 adresses traitées
adresse : bulk pour les ids de 10537563 à 10538562
bulk : {
  "took" : 85,
  "errors" :  ...
59: 837001 adresses traitées
adresse : bulk pour les ids de 10538563 à 10539562
bulk : {
  "took" : 68,
  "errors" :  ...
59: 838001 adresses traitées
adresse : bulk pour les ids de 10539563 à 10540562
bulk : {
  "took" : 85,
  "errors" :  ...
59: 839001 adresses traitées
adresse : bulk pour les ids de 10540563 à 10541562
bulk : {
  "took" : 70,
  "errors" :  ...
59: 840001 adresses traitées
adresse : bulk pour les ids de 10541563 à 10542562
bulk : {
  "took" : 86,
  "errors" :  ...
59: 841001 adresses traitées
adresse : bulk pour les ids de 10542563 à 10543562
bulk : {
  "took" : 69,
  "errors" :  ...
59: 842001 adresses traitées
adresse : bulk pour les ids de 10543563 à 10544562
bulk : {
  "took" : 89,
  "errors" :  ...
59: 843001 adresses traitées
adresse : bulk pour les ids de 10544563 à 10545562
bulk : {
  "took" : 70,
  "errors" :  ...
59: 844001 adresses traitées
adresse : bulk pour les ids de 10545563 à 10546562
bulk : {
  "took" : 86,
  "errors" :  ...
59: 845001 adresses traitées
adresse : bulk pour les ids de 10546563 à 10547562
bulk : {
  "took" : 73,
  "errors" :  ...
59: 846001 adresses traitées
adresse : bulk pour les ids de 10547563 à 10548562
bulk : {
  "took" : 83,
  "errors" :  ...
59: 847001 adresses traitées
adresse : bulk pour les ids de 10548563 à 10549562
bulk : {
  "took" : 72,
  "errors" :  ...
59: 848001 adresses traitées
adresse : bulk pour les ids de 10549563 à 10550562
bulk : {
  "took" : 88,
  "errors" :  ...
59: 849001 adresses traitées
adresse : bulk pour les ids de 10550563 à 10551562
bulk : {
  "took" : 70,
  "errors" :  ...
59: 850001 adresses traitées
adresse : bulk pour les ids de 10551563 à 10552562
bulk : {
  "took" : 87,
  "errors" :  ...
59: 851001 adresses traitées
adresse : bulk pour les ids de 10552563 à 10553562
bulk : {
  "took" : 69,
  "errors" :  ...
59: 852001 adresses traitées
adresse : bulk pour les ids de 10553563 à 10554562
bulk : {
  "took" : 88,
  "errors" :  ...
59: 853001 adresses traitées
adresse : bulk pour les ids de 10554563 à 10555562
bulk : {
  "took" : 69,
  "errors" :  ...
59: 854001 adresses traitées
adresse : bulk pour les ids de 10555563 à 10556562
bulk : {
  "took" : 84,
  "errors" :  ...
59: 855001 adresses traitées
adresse : bulk pour les ids de 10556563 à 10557562
bulk : {
  "took" : 73,
  "errors" :  ...
59: 856001 adresses traitées
adresse : bulk pour les ids de 10557563 à 10558562
bulk : {
  "took" : 89,
  "errors" :  ...
59: 857001 adresses traitées
adresse : bulk pour les ids de 10558563 à 10559562
bulk : {
  "took" : 69,
  "errors" :  ...
59: 858001 adresses traitées
adresse : bulk pour les ids de 10559563 à 10560562
bulk : {
  "took" : 89,
  "errors" :  ...
59: 859001 adresses traitées
adresse : bulk pour les ids de 10560563 à 10561562
bulk : {
  "took" : 73,
  "errors" :  ...
59: 860001 adresses traitées
adresse : bulk pour les ids de 10561563 à 10562562
bulk : {
  "took" : 88,
  "errors" :  ...
59: 861001 adresses traitées
adresse : bulk pour les ids de 10562563 à 10563562
bulk : {
  "took" : 68,
  "errors" :  ...
59: 862001 adresses traitées
adresse : bulk pour les ids de 10563563 à 10564562
bulk : {
  "took" : 87,
  "errors" :  ...
59: 863001 adresses traitées
adresse : bulk pour les ids de 10564563 à 10565562
bulk : {
  "took" : 71,
  "errors" :  ...
59: 864001 adresses traitées
adresse : bulk pour les ids de 10565563 à 10566562
bulk : {
  "took" : 73,
  "errors" :  ...
59: 865001 adresses traitées
adresse : bulk pour les ids de 10566563 à 10567562
bulk : {
  "took" : 89,
  "errors" :  ...
59: 866001 adresses traitées
adresse : bulk pour les ids de 10567563 à 10568562
bulk : {
  "took" : 69,
  "errors" :  ...
59: 867001 adresses traitées
adresse : bulk pour les ids de 10568563 à 10569562
bulk : {
  "took" : 86,
  "errors" :  ...
59: 868001 adresses traitées
adresse : bulk pour les ids de 10569563 à 10570562
bulk : {
  "took" : 68,
  "errors" :  ...
59: 869001 adresses traitées
adresse : bulk pour les ids de 10570563 à 10571562
bulk : {
  "took" : 85,
  "errors" :  ...
59: 870001 adresses traitées
adresse : bulk pour les ids de 10571563 à 10572562
bulk : {
  "took" : 67,
  "errors" :  ...
59: 871001 adresses traitées
adresse : bulk pour les ids de 10572563 à 10573562
bulk : {
  "took" : 84,
  "errors" :  ...
59: 872001 adresses traitées
adresse : bulk pour les ids de 10573563 à 10574562
bulk : {
  "took" : 68,
  "errors" :  ...
59: 873001 adresses traitées
adresse : bulk pour les ids de 10574563 à 10575562
bulk : {
  "took" : 89,
  "errors" :  ...
59: 874001 adresses traitées
adresse : bulk pour les ids de 10575563 à 10576562
bulk : {
  "took" : 67,
  "errors" :  ...
59: 875001 adresses traitées
adresse : bulk pour les ids de 10576563 à 10577562
bulk : {
  "took" : 97,
  "errors" :  ...
59: 876001 adresses traitées
adresse : bulk pour les ids de 10577563 à 10578562
bulk : {
  "took" : 68,
  "errors" :  ...
59: 877001 adresses traitées
adresse : bulk pour les ids de 10578563 à 10579562
bulk : {
  "took" : 84,
  "errors" :  ...
59: 878001 adresses traitées
adresse : bulk pour les ids de 10579563 à 10580562
bulk : {
  "took" : 67,
  "errors" :  ...
59: 879001 adresses traitées
adresse : bulk pour les ids de 10580563 à 10581562
bulk : {
  "took" : 82,
  "errors" :  ...
59: 880001 adresses traitées
adresse : bulk pour les ids de 10581563 à 10582562
bulk : {
  "took" : 68,
  "errors" :  ...
59: 881001 adresses traitées
adresse : bulk pour les ids de 10582563 à 10583562
bulk : {
  "took" : 87,
  "errors" :  ...
59: 882001 adresses traitées
adresse : bulk pour les ids de 10583563 à 10584562
bulk : {
  "took" : 69,
  "errors" :  ...
59: 883001 adresses traitées
adresse : bulk pour les ids de 10584563 à 10585562
bulk : {
  "took" : 81,
  "errors" :  ...
59: 884001 adresses traitées
adresse : bulk pour les ids de 10585563 à 10586562
bulk : {
  "took" : 70,
  "errors" :  ...
59: 885001 adresses traitées
adresse : bulk pour les ids de 10586563 à 10587562
bulk : {
  "took" : 85,
  "errors" :  ...
59: 886001 adresses traitées
adresse : bulk pour les ids de 10587563 à 10588562
bulk : {
  "took" : 70,
  "errors" :  ...
59: 887001 adresses traitées
adresse : bulk pour les ids de 10588563 à 10589562
bulk : {
  "took" : 92,
  "errors" :  ...
59: 888001 adresses traitées
adresse : bulk pour les ids de 10589563 à 10590562
bulk : {
  "took" : 69,
  "errors" :  ...
59: 889001 adresses traitées
adresse : bulk pour les ids de 10590563 à 10591562
bulk : {
  "took" : 83,
  "errors" :  ...
59: 890001 adresses traitées
adresse : bulk pour les ids de 10591563 à 10592562
bulk : {
  "took" : 67,
  "errors" :  ...
59: 891001 adresses traitées
adresse : bulk pour les ids de 10592563 à 10593562
bulk : {
  "took" : 87,
  "errors" :  ...
59: 892001 adresses traitées
59: 893001 adresses traitées
adresse : bulk pour les ids de 10593563 à 10594562
bulk : {
  "took" : 68,
  "errors" :  ...
59: 894001 adresses traitées
adresse : bulk pour les ids de 10594563 à 10595562
bulk : {
  "took" : 85,
  "errors" :  ...
59: 895001 adresses traitées
adresse : bulk pour les ids de 10595563 à 10596562
bulk : {
  "took" : 67,
  "errors" :  ...
59: 896001 adresses traitées
adresse : bulk pour les ids de 10596563 à 10597562
bulk : {
  "took" : 88,
  "errors" :  ...
59: 897001 adresses traitées
adresse : bulk pour les ids de 10597563 à 10598562
bulk : {
  "took" : 69,
  "errors" :  ...
59: 898001 adresses traitées
adresse : bulk pour les ids de 10598563 à 10599562
bulk : {
  "took" : 83,
  "errors" :  ...
59: 899001 adresses traitées
adresse : bulk pour les ids de 10599563 à 10600562
bulk : {
  "took" : 66,
  "errors" :  ...
59: 900001 adresses traitées
adresse : bulk pour les ids de 10600563 à 10601562
bulk : {
  "took" : 82,
  "errors" :  ...
59: 901001 adresses traitées
adresse : bulk pour les ids de 10601563 à 10602562
bulk : {
  "took" : 85,
  "errors" :  ...
59: 902001 adresses traitées
adresse : bulk pour les ids de 10602563 à 10603562
bulk : {
  "took" : 67,
  "errors" :  ...
59: 903001 adresses traitées
adresse : bulk pour les ids de 10603563 à 10604562
bulk : {
  "took" : 85,
  "errors" :  ...
59: 904001 adresses traitées
adresse : bulk pour les ids de 10604563 à 10605562
bulk : {
  "took" : 69,
  "errors" :  ...
59: 905001 adresses traitées
adresse : bulk pour les ids de 10605563 à 10606562
bulk : {
  "took" : 84,
  "errors" :  ...
59: 906001 adresses traitées
adresse : bulk pour les ids de 10606563 à 10607562
bulk : {
  "took" : 70,
  "errors" :  ...
59: 907001 adresses traitées
adresse : bulk pour les ids de 10607563 à 10608562
bulk : {
  "took" : 91,
  "errors" :  ...
59: 908001 adresses traitées
adresse : bulk pour les ids de 10608563 à 10609562
bulk : {
  "took" : 70,
  "errors" :  ...
59: 909001 adresses traitées
adresse : bulk pour les ids de 10609563 à 10610562
bulk : {
  "took" : 85,
  "errors" :  ...
59: 910001 adresses traitées
adresse : bulk pour les ids de 10610563 à 10611562
bulk : {
  "took" : 68,
  "errors" :  ...
59: 911001 adresses traitées
adresse : bulk pour les ids de 10611563 à 10612562
bulk : {
  "took" : 86,
  "errors" :  ...
59: 912001 adresses traitées
adresse : bulk pour les ids de 10612563 à 10613562
bulk : {
  "took" : 68,
  "errors" :  ...
59: 913001 adresses traitées
adresse : bulk pour les ids de 10613563 à 10614562
bulk : {
  "took" : 88,
  "errors" :  ...
59: 914001 adresses traitées
adresse : bulk pour les ids de 10614563 à 10615562
bulk : {
  "took" : 69,
  "errors" :  ...
59: 915001 adresses traitées
adresse : bulk pour les ids de 10615563 à 10616562
bulk : {
  "took" : 87,
  "errors" :  ...
59: 916001 adresses traitées
adresse : bulk pour les ids de 10616563 à 10617562
bulk : {
  "took" : 69,
  "errors" :  ...
59: 917001 adresses traitées
adresse : bulk pour les ids de 10617563 à 10618562
bulk : {
  "took" : 89,
  "errors" :  ...
59: 918001 adresses traitées
adresse : bulk pour les ids de 10618563 à 10619562
bulk : {
  "took" : 68,
  "errors" :  ...
59: 919001 adresses traitées
adresse : bulk pour les ids de 10619563 à 10620562
bulk : {
  "took" : 86,
  "errors" :  ...
59: 920001 adresses traitées
adresse : bulk pour les ids de 10620563 à 10621562
bulk : {
  "took" : 76,
  "errors" :  ...
59: 921001 adresses traitées
adresse : bulk pour les ids de 10621563 à 10622562
bulk : {
  "took" : 90,
  "errors" :  ...
59: 922001 adresses traitées
adresse : bulk pour les ids de 10622563 à 10623562
bulk : {
  "took" : 70,
  "errors" :  ...
59: 923001 adresses traitées
adresse : bulk pour les ids de 10623563 à 10624562
bulk : {
  "took" : 88,
  "errors" :  ...
59: 924001 adresses traitées
adresse : bulk pour les ids de 10624563 à 10625562
bulk : {
  "took" : 68,
  "errors" :  ...
59: 925001 adresses traitées
adresse : bulk pour les ids de 10625563 à 10626562
bulk : {
  "took" : 91,
  "errors" :  ...
59: 926001 adresses traitées
adresse : bulk pour les ids de 10626563 à 10627562
bulk : {
  "took" : 69,
  "errors" :  ...
59: 927001 adresses traitées
59: 928001 adresses traitées
adresse : bulk pour les ids de 10627563 à 10628562
bulk : {
  "took" : 84,
  "errors" :  ...
59: 929001 adresses traitées
adresse : bulk pour les ids de 10628563 à 10629562
bulk : {
  "took" : 69,
  "errors" :  ...
59: 930001 adresses traitées
adresse : bulk pour les ids de 10629563 à 10630562
bulk : {
  "took" : 85,
  "errors" :  ...
59: 931001 adresses traitées
adresse : bulk pour les ids de 10630563 à 10631562
bulk : {
  "took" : 69,
  "errors" :  ...
59: 932001 adresses traitées
adresse : bulk pour les ids de 10631563 à 10632562
bulk : {
  "took" : 96,
  "errors" :  ...
59: 933001 adresses traitées
adresse : bulk pour les ids de 10632563 à 10633562
bulk : {
  "took" : 68,
  "errors" :  ...
59: 934001 adresses traitées
adresse : bulk pour les ids de 10633563 à 10634562
bulk : {
  "took" : 90,
  "errors" :  ...
59: 935001 adresses traitées
adresse : bulk pour les ids de 10634563 à 10635562
bulk : {
  "took" : 86,
  "errors" :  ...
59: 936001 adresses traitées
adresse : bulk pour les ids de 10635563 à 10636562
bulk : {
  "took" : 74,
  "errors" :  ...
59: 937001 adresses traitées
adresse : bulk pour les ids de 10636563 à 10637562
bulk : {
  "took" : 107,
  "errors" : ...
59: 938001 adresses traitées
adresse : bulk pour les ids de 10637563 à 10638562
bulk : {
  "took" : 68,
  "errors" :  ...
59: 939001 adresses traitées
adresse : bulk pour les ids de 10638563 à 10639562
bulk : {
  "took" : 83,
  "errors" :  ...
59: 940001 adresses traitées
adresse : bulk pour les ids de 10639563 à 10640562
bulk : {
  "took" : 70,
  "errors" :  ...
59: 941001 adresses traitées
adresse : bulk pour les ids de 10640563 à 10641562
bulk : {
  "took" : 85,
  "errors" :  ...
59: 942001 adresses traitées
adresse : bulk pour les ids de 10641563 à 10642562
bulk : {
  "took" : 72,
  "errors" :  ...
59: 943001 adresses traitées
adresse : bulk pour les ids de 10642563 à 10643562
bulk : {
  "took" : 86,
  "errors" :  ...
59: 944001 adresses traitées
adresse : bulk pour les ids de 10643563 à 10644562
bulk : {
  "took" : 70,
  "errors" :  ...
59: 945001 adresses traitées
adresse : bulk pour les ids de 10644563 à 10645562
bulk : {
  "took" : 87,
  "errors" :  ...
59: 946001 adresses traitées
adresse : bulk pour les ids de 10645563 à 10646562
bulk : {
  "took" : 71,
  "errors" :  ...
59: 947001 adresses traitées
adresse : bulk pour les ids de 10646563 à 10647562
bulk : {
  "took" : 85,
  "errors" :  ...
59: 948001 adresses traitées
adresse : bulk pour les ids de 10647563 à 10648562
bulk : {
  "took" : 68,
  "errors" :  ...
59: 949001 adresses traitées
adresse : bulk pour les ids de 10648563 à 10649562
bulk : {
  "took" : 85,
  "errors" :  ...
59: 950001 adresses traitées
adresse : bulk pour les ids de 10649563 à 10650562
bulk : {
  "took" : 71,
  "errors" :  ...
59: 951001 adresses traitées
adresse : bulk pour les ids de 10650563 à 10651562
bulk : {
  "took" : 84,
  "errors" :  ...
59: 952001 adresses traitées
adresse : bulk pour les ids de 10651563 à 10652562
bulk : {
  "took" : 71,
  "errors" :  ...
59: 953001 adresses traitées
adresse : bulk pour les ids de 10652563 à 10653562
bulk : {
  "took" : 87,
  "errors" :  ...
59: 954001 adresses traitées
adresse : bulk pour les ids de 10653563 à 10654562
bulk : {
  "took" : 74,
  "errors" :  ...
59: 955001 adresses traitées
adresse : bulk pour les ids de 10654563 à 10655562
bulk : {
  "took" : 99,
  "errors" :  ...
59: 956001 adresses traitées
adresse : bulk pour les ids de 10655563 à 10656562
bulk : {
  "took" : 72,
  "errors" :  ...
59: 957001 adresses traitées
adresse : bulk pour les ids de 10656563 à 10657562
bulk : {
  "took" : 94,
  "errors" :  ...
59: 958001 adresses traitées
adresse : bulk pour les ids de 10657563 à 10658562
bulk : {
  "took" : 71,
  "errors" :  ...
59: 959001 adresses traitées
adresse : bulk pour les ids de 10658563 à 10659562
bulk : {
  "took" : 83,
  "errors" :  ...
59: 960001 adresses traitées
adresse : bulk pour les ids de 10659563 à 10660562
bulk : {
  "took" : 84,
  "errors" :  ...
59: 961001 adresses traitées
adresse : bulk pour les ids de 10660563 à 10661562
bulk : {
  "took" : 72,
  "errors" :  ...
59: 962001 adresses traitées
adresse : bulk pour les ids de 10661563 à 10662562
bulk : {
  "took" : 83,
  "errors" :  ...
59: 963001 adresses traitées
adresse : bulk pour les ids de 10662563 à 10663562
bulk : {
  "took" : 67,
  "errors" :  ...
59: 964001 adresses traitées
adresse : bulk pour les ids de 10663563 à 10664562
bulk : {
  "took" : 86,
  "errors" :  ...
59: 965001 adresses traitées
adresse : bulk pour les ids de 10664563 à 10664920
bulk : {
  "took" : 27,
  "errors" :  ...
dpt 60 : voies
60: 1 voies traitées
voie : bulk pour les ids de 775680 à 775879
bulk : {
  "took" : 14,
  "errors" :  ...
60: 201 voies traitées
voie : bulk pour les ids de 775880 à 776079
bulk : {
  "took" : 11,
  "errors" :  ...
60: 401 voies traitées
voie : bulk pour les ids de 776080 à 776279
bulk : {
  "took" : 12,
  "errors" :  ...
60: 601 voies traitées
voie : bulk pour les ids de 776280 à 776479
bulk : {
  "took" : 13,
  "errors" :  ...
60: 801 voies traitées
voie : bulk pour les ids de 776480 à 776679
bulk : {
  "took" : 12,
  "errors" :  ...
60: 1001 voies traitées
voie : bulk pour les ids de 776680 à 776879
bulk : {
  "took" : 11,
  "errors" :  ...
60: 1201 voies traitées
voie : bulk pour les ids de 776880 à 777079
bulk : {
  "took" : 12,
  "errors" :  ...
60: 1401 voies traitées
voie : bulk pour les ids de 777080 à 777279
bulk : {
  "took" : 25,
  "errors" :  ...
60: 1601 voies traitées
voie : bulk pour les ids de 777280 à 777479
bulk : {
  "took" : 12,
  "errors" :  ...
60: 1801 voies traitées
voie : bulk pour les ids de 777480 à 777679
bulk : {
  "took" : 12,
  "errors" :  ...
60: 2001 voies traitées
voie : bulk pour les ids de 777680 à 777879
bulk : {
  "took" : 12,
  "errors" :  ...
60: 2201 voies traitées
voie : bulk pour les ids de 777880 à 778079
bulk : {
  "took" : 12,
  "errors" :  ...
60: 2401 voies traitées
voie : bulk pour les ids de 778080 à 778279
bulk : {
  "took" : 12,
  "errors" :  ...
60: 2601 voies traitées
voie : bulk pour les ids de 778280 à 778479
bulk : {
  "took" : 11,
  "errors" :  ...
60: 2801 voies traitées
voie : bulk pour les ids de 778480 à 778679
bulk : {
  "took" : 11,
  "errors" :  ...
60: 3001 voies traitées
voie : bulk pour les ids de 778680 à 778879
bulk : {
  "took" : 12,
  "errors" :  ...
60: 3201 voies traitées
voie : bulk pour les ids de 778880 à 779079
bulk : {
  "took" : 12,
  "errors" :  ...
60: 3401 voies traitées
voie : bulk pour les ids de 779080 à 779279
bulk : {
  "took" : 12,
  "errors" :  ...
60: 3601 voies traitées
voie : bulk pour les ids de 779280 à 779479
bulk : {
  "took" : 37,
  "errors" :  ...
60: 3801 voies traitées
voie : bulk pour les ids de 779480 à 779679
bulk : {
  "took" : 12,
  "errors" :  ...
60: 4001 voies traitées
voie : bulk pour les ids de 779680 à 779879
bulk : {
  "took" : 12,
  "errors" :  ...
60: 4201 voies traitées
voie : bulk pour les ids de 779880 à 780079
bulk : {
  "took" : 12,
  "errors" :  ...
60: 4401 voies traitées
voie : bulk pour les ids de 780080 à 780279
bulk : {
  "took" : 18,
  "errors" :  ...
60: 4601 voies traitées
voie : bulk pour les ids de 780280 à 780479
bulk : {
  "took" : 12,
  "errors" :  ...
60: 4801 voies traitées
voie : bulk pour les ids de 780480 à 780679
bulk : {
  "took" : 12,
  "errors" :  ...
60: 5001 voies traitées
voie : bulk pour les ids de 780680 à 780879
bulk : {
  "took" : 11,
  "errors" :  ...
60: 5201 voies traitées
voie : bulk pour les ids de 780880 à 781079
bulk : {
  "took" : 12,
  "errors" :  ...
60: 5401 voies traitées
voie : bulk pour les ids de 781080 à 781279
bulk : {
  "took" : 12,
  "errors" :  ...
60: 5601 voies traitées
voie : bulk pour les ids de 781280 à 781479
bulk : {
  "took" : 11,
  "errors" :  ...
60: 5801 voies traitées
voie : bulk pour les ids de 781480 à 781679
bulk : {
  "took" : 12,
  "errors" :  ...
60: 6001 voies traitées
voie : bulk pour les ids de 781680 à 781879
bulk : {
  "took" : 13,
  "errors" :  ...
60: 6201 voies traitées
voie : bulk pour les ids de 781880 à 782079
bulk : {
  "took" : 12,
  "errors" :  ...
60: 6401 voies traitées
voie : bulk pour les ids de 782080 à 782279
bulk : {
  "took" : 30,
  "errors" :  ...
60: 6601 voies traitées
voie : bulk pour les ids de 782280 à 782479
bulk : {
  "took" : 12,
  "errors" :  ...
60: 6801 voies traitées
voie : bulk pour les ids de 782480 à 782679
bulk : {
  "took" : 12,
  "errors" :  ...
60: 7001 voies traitées
voie : bulk pour les ids de 782680 à 782879
bulk : {
  "took" : 13,
  "errors" :  ...
60: 7201 voies traitées
voie : bulk pour les ids de 782880 à 783079
bulk : {
  "took" : 24,
  "errors" :  ...
60: 7401 voies traitées
voie : bulk pour les ids de 783080 à 783279
bulk : {
  "took" : 30,
  "errors" :  ...
60: 7601 voies traitées
voie : bulk pour les ids de 783280 à 783479
bulk : {
  "took" : 12,
  "errors" :  ...
60: 7801 voies traitées
voie : bulk pour les ids de 783480 à 783679
bulk : {
  "took" : 12,
  "errors" :  ...
60: 8001 voies traitées
voie : bulk pour les ids de 783680 à 783879
bulk : {
  "took" : 12,
  "errors" :  ...
60: 8201 voies traitées
voie : bulk pour les ids de 783880 à 784079
bulk : {
  "took" : 12,
  "errors" :  ...
60: 8401 voies traitées
voie : bulk pour les ids de 784080 à 784279
bulk : {
  "took" : 12,
  "errors" :  ...
60: 8601 voies traitées
voie : bulk pour les ids de 784280 à 784479
bulk : {
  "took" : 15,
  "errors" :  ...
60: 8801 voies traitées
voie : bulk pour les ids de 784480 à 784679
bulk : {
  "took" : 22,
  "errors" :  ...
60: 9001 voies traitées
voie : bulk pour les ids de 784680 à 784879
bulk : {
  "took" : 13,
  "errors" :  ...
60: 9201 voies traitées
voie : bulk pour les ids de 784880 à 785079
bulk : {
  "took" : 30,
  "errors" :  ...
60: 9401 voies traitées
voie : bulk pour les ids de 785080 à 785279
bulk : {
  "took" : 12,
  "errors" :  ...
60: 9601 voies traitées
voie : bulk pour les ids de 785280 à 785479
bulk : {
  "took" : 12,
  "errors" :  ...
60: 9801 voies traitées
voie : bulk pour les ids de 785480 à 785679
bulk : {
  "took" : 12,
  "errors" :  ...
60: 10001 voies traitées
voie : bulk pour les ids de 785680 à 785879
bulk : {
  "took" : 13,
  "errors" :  ...
60: 10201 voies traitées
voie : bulk pour les ids de 785880 à 786079
bulk : {
  "took" : 12,
  "errors" :  ...
60: 10401 voies traitées
voie : bulk pour les ids de 786080 à 786279
bulk : {
  "took" : 12,
  "errors" :  ...
60: 10601 voies traitées
voie : bulk pour les ids de 786280 à 786479
bulk : {
  "took" : 13,
  "errors" :  ...
60: 10801 voies traitées
voie : bulk pour les ids de 786480 à 786679
bulk : {
  "took" : 29,
  "errors" :  ...
60: 11001 voies traitées
voie : bulk pour les ids de 786680 à 786879
bulk : {
  "took" : 12,
  "errors" :  ...
60: 11201 voies traitées
voie : bulk pour les ids de 786880 à 787079
bulk : {
  "took" : 15,
  "errors" :  ...
60: 11401 voies traitées
voie : bulk pour les ids de 787080 à 787279
bulk : {
  "took" : 12,
  "errors" :  ...
60: 11601 voies traitées
voie : bulk pour les ids de 787280 à 787479
bulk : {
  "took" : 12,
  "errors" :  ...
60: 11801 voies traitées
voie : bulk pour les ids de 787480 à 787679
bulk : {
  "took" : 16,
  "errors" :  ...
60: 12001 voies traitées
voie : bulk pour les ids de 787680 à 787879
bulk : {
  "took" : 12,
  "errors" :  ...
60: 12201 voies traitées
voie : bulk pour les ids de 787880 à 788079
bulk : {
  "took" : 15,
  "errors" :  ...
60: 12401 voies traitées
voie : bulk pour les ids de 788080 à 788279
bulk : {
  "took" : 20,
  "errors" :  ...
60: 12601 voies traitées
voie : bulk pour les ids de 788280 à 788479
bulk : {
  "took" : 11,
  "errors" :  ...
60: 12801 voies traitées
voie : bulk pour les ids de 788480 à 788679
bulk : {
  "took" : 11,
  "errors" :  ...
60: 13001 voies traitées
voie : bulk pour les ids de 788680 à 788879
bulk : {
  "took" : 12,
  "errors" :  ...
60: 13201 voies traitées
voie : bulk pour les ids de 788880 à 789079
bulk : {
  "took" : 12,
  "errors" :  ...
60: 13401 voies traitées
voie : bulk pour les ids de 789080 à 789279
bulk : {
  "took" : 12,
  "errors" :  ...
60: 13601 voies traitées
voie : bulk pour les ids de 789280 à 789479
bulk : {
  "took" : 12,
  "errors" :  ...
60: 13801 voies traitées
voie : bulk pour les ids de 789480 à 789679
bulk : {
  "took" : 12,
  "errors" :  ...
60: 14001 voies traitées
voie : bulk pour les ids de 789680 à 789879
bulk : {
  "took" : 12,
  "errors" :  ...
60: 14201 voies traitées
voie : bulk pour les ids de 789880 à 790079
bulk : {
  "took" : 11,
  "errors" :  ...
60: 14401 voies traitées
voie : bulk pour les ids de 790080 à 790279
bulk : {
  "took" : 12,
  "errors" :  ...
60: 14601 voies traitées
voie : bulk pour les ids de 790280 à 790479
bulk : {
  "took" : 16,
  "errors" :  ...
60: 14801 voies traitées
voie : bulk pour les ids de 790480 à 790679
bulk : {
  "took" : 24,
  "errors" :  ...
60: 15001 voies traitées
voie : bulk pour les ids de 790680 à 790879
bulk : {
  "took" : 12,
  "errors" :  ...
60: 15201 voies traitées
voie : bulk pour les ids de 790880 à 791079
bulk : {
  "took" : 16,
  "errors" :  ...
60: 15401 voies traitées
voie : bulk pour les ids de 791080 à 791279
bulk : {
  "took" : 15,
  "errors" :  ...
60: 15601 voies traitées
voie : bulk pour les ids de 791280 à 791479
bulk : {
  "took" : 12,
  "errors" :  ...
60: 15801 voies traitées
voie : bulk pour les ids de 791480 à 791679
bulk : {
  "took" : 45,
  "errors" :  ...
60: 16001 voies traitées
voie : bulk pour les ids de 791680 à 791879
bulk : {
  "took" : 12,
  "errors" :  ...
60: 16201 voies traitées
voie : bulk pour les ids de 791880 à 792079
bulk : {
  "took" : 12,
  "errors" :  ...
60: 16401 voies traitées
voie : bulk pour les ids de 792080 à 792279
bulk : {
  "took" : 11,
  "errors" :  ...
60: 16601 voies traitées
voie : bulk pour les ids de 792280 à 792479
bulk : {
  "took" : 12,
  "errors" :  ...
60: 16801 voies traitées
voie : bulk pour les ids de 792480 à 792679
bulk : {
  "took" : 12,
  "errors" :  ...
60: 17001 voies traitées
voie : bulk pour les ids de 792680 à 792879
bulk : {
  "took" : 12,
  "errors" :  ...
60: 17201 voies traitées
voie : bulk pour les ids de 792880 à 793079
bulk : {
  "took" : 12,
  "errors" :  ...
60: 17401 voies traitées
voie : bulk pour les ids de 793080 à 793279
bulk : {
  "took" : 12,
  "errors" :  ...
60: 17601 voies traitées
voie : bulk pour les ids de 793280 à 793479
bulk : {
  "took" : 12,
  "errors" :  ...
60: 17801 voies traitées
voie : bulk pour les ids de 793480 à 793679
bulk : {
  "took" : 29,
  "errors" :  ...
60: 18001 voies traitées
voie : bulk pour les ids de 793680 à 793711
bulk : {
  "took" : 2,
  "errors" : f ...
dpt 60 : adresses
60: 1 adresses traitées
60: 1001 adresses traitées
adresse : bulk pour les ids de 10664921 à 10665920
bulk : {
  "took" : 76,
  "errors" :  ...
60: 2001 adresses traitées
adresse : bulk pour les ids de 10665921 à 10666920
bulk : {
  "took" : 94,
  "errors" :  ...
60: 3001 adresses traitées
adresse : bulk pour les ids de 10666921 à 10667920
bulk : {
  "took" : 71,
  "errors" :  ...
60: 4001 adresses traitées
adresse : bulk pour les ids de 10667921 à 10668920
bulk : {
  "took" : 91,
  "errors" :  ...
60: 5001 adresses traitées
adresse : bulk pour les ids de 10668921 à 10669920
bulk : {
  "took" : 71,
  "errors" :  ...
60: 6001 adresses traitées
adresse : bulk pour les ids de 10669921 à 10670920
bulk : {
  "took" : 90,
  "errors" :  ...
60: 7001 adresses traitées
adresse : bulk pour les ids de 10670921 à 10671920
bulk : {
  "took" : 73,
  "errors" :  ...
60: 8001 adresses traitées
adresse : bulk pour les ids de 10671921 à 10672920
bulk : {
  "took" : 91,
  "errors" :  ...
60: 9001 adresses traitées
adresse : bulk pour les ids de 10672921 à 10673920
bulk : {
  "took" : 71,
  "errors" :  ...
60: 10001 adresses traitées
adresse : bulk pour les ids de 10673921 à 10674920
bulk : {
  "took" : 90,
  "errors" :  ...
60: 11001 adresses traitées
adresse : bulk pour les ids de 10674921 à 10675920
bulk : {
  "took" : 71,
  "errors" :  ...
60: 12001 adresses traitées
adresse : bulk pour les ids de 10675921 à 10676920
bulk : {
  "took" : 85,
  "errors" :  ...
60: 13001 adresses traitées
adresse : bulk pour les ids de 10676921 à 10677920
bulk : {
  "took" : 70,
  "errors" :  ...
60: 14001 adresses traitées
adresse : bulk pour les ids de 10677921 à 10678920
bulk : {
  "took" : 90,
  "errors" :  ...
60: 15001 adresses traitées
adresse : bulk pour les ids de 10678921 à 10679920
bulk : {
  "took" : 71,
  "errors" :  ...
60: 16001 adresses traitées
adresse : bulk pour les ids de 10679921 à 10680920
bulk : {
  "took" : 90,
  "errors" :  ...
60: 17001 adresses traitées
adresse : bulk pour les ids de 10680921 à 10681920
bulk : {
  "took" : 71,
  "errors" :  ...
60: 18001 adresses traitées
adresse : bulk pour les ids de 10681921 à 10682920
bulk : {
  "took" : 94,
  "errors" :  ...
60: 19001 adresses traitées
adresse : bulk pour les ids de 10682921 à 10683920
bulk : {
  "took" : 87,
  "errors" :  ...
60: 20001 adresses traitées
adresse : bulk pour les ids de 10683921 à 10684920
bulk : {
  "took" : 92,
  "errors" :  ...
60: 21001 adresses traitées
adresse : bulk pour les ids de 10684921 à 10685920
bulk : {
  "took" : 73,
  "errors" :  ...
60: 22001 adresses traitées
adresse : bulk pour les ids de 10685921 à 10686920
bulk : {
  "took" : 90,
  "errors" :  ...
60: 23001 adresses traitées
adresse : bulk pour les ids de 10686921 à 10687920
bulk : {
  "took" : 72,
  "errors" :  ...
60: 24001 adresses traitées
adresse : bulk pour les ids de 10687921 à 10688920
bulk : {
  "took" : 95,
  "errors" :  ...
60: 25001 adresses traitées
adresse : bulk pour les ids de 10688921 à 10689920
bulk : {
  "took" : 74,
  "errors" :  ...
60: 26001 adresses traitées
adresse : bulk pour les ids de 10689921 à 10690920
bulk : {
  "took" : 107,
  "errors" : ...
60: 27001 adresses traitées
adresse : bulk pour les ids de 10690921 à 10691920
bulk : {
  "took" : 98,
  "errors" :  ...
60: 28001 adresses traitées
adresse : bulk pour les ids de 10691921 à 10692920
bulk : {
  "took" : 70,
  "errors" :  ...
60: 29001 adresses traitées
adresse : bulk pour les ids de 10692921 à 10693920
bulk : {
  "took" : 90,
  "errors" :  ...
60: 30001 adresses traitées
adresse : bulk pour les ids de 10693921 à 10694920
bulk : {
  "took" : 70,
  "errors" :  ...
60: 31001 adresses traitées
adresse : bulk pour les ids de 10694921 à 10695920
bulk : {
  "took" : 91,
  "errors" :  ...
60: 32001 adresses traitées
adresse : bulk pour les ids de 10695921 à 10696920
bulk : {
  "took" : 72,
  "errors" :  ...
60: 33001 adresses traitées
adresse : bulk pour les ids de 10696921 à 10697920
bulk : {
  "took" : 95,
  "errors" :  ...
60: 34001 adresses traitées
adresse : bulk pour les ids de 10697921 à 10698920
bulk : {
  "took" : 70,
  "errors" :  ...
60: 35001 adresses traitées
adresse : bulk pour les ids de 10698921 à 10699920
bulk : {
  "took" : 88,
  "errors" :  ...
60: 36001 adresses traitées
adresse : bulk pour les ids de 10699921 à 10700920
bulk : {
  "took" : 74,
  "errors" :  ...
60: 37001 adresses traitées
adresse : bulk pour les ids de 10700921 à 10701920
bulk : {
  "took" : 94,
  "errors" :  ...
60: 38001 adresses traitées
adresse : bulk pour les ids de 10701921 à 10702920
bulk : {
  "took" : 70,
  "errors" :  ...
60: 39001 adresses traitées
adresse : bulk pour les ids de 10702921 à 10703920
bulk : {
  "took" : 86,
  "errors" :  ...
60: 40001 adresses traitées
adresse : bulk pour les ids de 10703921 à 10704920
bulk : {
  "took" : 70,
  "errors" :  ...
60: 41001 adresses traitées
adresse : bulk pour les ids de 10704921 à 10705920
bulk : {
  "took" : 90,
  "errors" :  ...
60: 42001 adresses traitées
adresse : bulk pour les ids de 10705921 à 10706920
bulk : {
  "took" : 74,
  "errors" :  ...
60: 43001 adresses traitées
adresse : bulk pour les ids de 10706921 à 10707920
bulk : {
  "took" : 86,
  "errors" :  ...
60: 44001 adresses traitées
adresse : bulk pour les ids de 10707921 à 10708920
bulk : {
  "took" : 74,
  "errors" :  ...
60: 45001 adresses traitées
adresse : bulk pour les ids de 10708921 à 10709920
bulk : {
  "took" : 87,
  "errors" :  ...
60: 46001 adresses traitées
adresse : bulk pour les ids de 10709921 à 10710920
bulk : {
  "took" : 71,
  "errors" :  ...
60: 47001 adresses traitées
adresse : bulk pour les ids de 10710921 à 10711920
bulk : {
  "took" : 92,
  "errors" :  ...
60: 48001 adresses traitées
adresse : bulk pour les ids de 10711921 à 10712920
bulk : {
  "took" : 74,
  "errors" :  ...
60: 49001 adresses traitées
adresse : bulk pour les ids de 10712921 à 10713920
bulk : {
  "took" : 90,
  "errors" :  ...
60: 50001 adresses traitées
adresse : bulk pour les ids de 10713921 à 10714920
bulk : {
  "took" : 70,
  "errors" :  ...
60: 51001 adresses traitées
adresse : bulk pour les ids de 10714921 à 10715920
bulk : {
  "took" : 94,
  "errors" :  ...
60: 52001 adresses traitées
adresse : bulk pour les ids de 10715921 à 10716920
bulk : {
  "took" : 71,
  "errors" :  ...
60: 53001 adresses traitées
60: 54001 adresses traitées
adresse : bulk pour les ids de 10716921 à 10717920
bulk : {
  "took" : 92,
  "errors" :  ...
60: 55001 adresses traitées
adresse : bulk pour les ids de 10717921 à 10718920
bulk : {
  "took" : 71,
  "errors" :  ...
60: 56001 adresses traitées
adresse : bulk pour les ids de 10718921 à 10719920
bulk : {
  "took" : 86,
  "errors" :  ...
60: 57001 adresses traitées
adresse : bulk pour les ids de 10719921 à 10720920
bulk : {
  "took" : 73,
  "errors" :  ...
60: 58001 adresses traitées
adresse : bulk pour les ids de 10720921 à 10721920
bulk : {
  "took" : 72,
  "errors" :  ...
60: 59001 adresses traitées
adresse : bulk pour les ids de 10721921 à 10722920
bulk : {
  "took" : 85,
  "errors" :  ...
60: 60001 adresses traitées
adresse : bulk pour les ids de 10722921 à 10723920
bulk : {
  "took" : 70,
  "errors" :  ...
60: 61001 adresses traitées
adresse : bulk pour les ids de 10723921 à 10724920
bulk : {
  "took" : 89,
  "errors" :  ...
60: 62001 adresses traitées
adresse : bulk pour les ids de 10724921 à 10725920
bulk : {
  "took" : 69,
  "errors" :  ...
60: 63001 adresses traitées
adresse : bulk pour les ids de 10725921 à 10726920
bulk : {
  "took" : 92,
  "errors" :  ...
60: 64001 adresses traitées
adresse : bulk pour les ids de 10726921 à 10727920
bulk : {
  "took" : 69,
  "errors" :  ...
60: 65001 adresses traitées
adresse : bulk pour les ids de 10727921 à 10728920
bulk : {
  "took" : 85,
  "errors" :  ...
60: 66001 adresses traitées
adresse : bulk pour les ids de 10728921 à 10729920
bulk : {
  "took" : 70,
  "errors" :  ...
60: 67001 adresses traitées
adresse : bulk pour les ids de 10729921 à 10730920
bulk : {
  "took" : 86,
  "errors" :  ...
60: 68001 adresses traitées
adresse : bulk pour les ids de 10730921 à 10731920
bulk : {
  "took" : 69,
  "errors" :  ...
60: 69001 adresses traitées
adresse : bulk pour les ids de 10731921 à 10732920
bulk : {
  "took" : 85,
  "errors" :  ...
60: 70001 adresses traitées
adresse : bulk pour les ids de 10732921 à 10733920
bulk : {
  "took" : 70,
  "errors" :  ...
60: 71001 adresses traitées
adresse : bulk pour les ids de 10733921 à 10734920
bulk : {
  "took" : 91,
  "errors" :  ...
60: 72001 adresses traitées
adresse : bulk pour les ids de 10734921 à 10735920
bulk : {
  "took" : 71,
  "errors" :  ...
60: 73001 adresses traitées
adresse : bulk pour les ids de 10735921 à 10736920
bulk : {
  "took" : 90,
  "errors" :  ...
60: 74001 adresses traitées
adresse : bulk pour les ids de 10736921 à 10737920
bulk : {
  "took" : 71,
  "errors" :  ...
60: 75001 adresses traitées
adresse : bulk pour les ids de 10737921 à 10738920
bulk : {
  "took" : 91,
  "errors" :  ...
60: 76001 adresses traitées
adresse : bulk pour les ids de 10738921 à 10739920
bulk : {
  "took" : 71,
  "errors" :  ...
60: 77001 adresses traitées
adresse : bulk pour les ids de 10739921 à 10740920
bulk : {
  "took" : 89,
  "errors" :  ...
60: 78001 adresses traitées
adresse : bulk pour les ids de 10740921 à 10741920
bulk : {
  "took" : 69,
  "errors" :  ...
60: 79001 adresses traitées
adresse : bulk pour les ids de 10741921 à 10742920
bulk : {
  "took" : 85,
  "errors" :  ...
60: 80001 adresses traitées
adresse : bulk pour les ids de 10742921 à 10743920
bulk : {
  "took" : 72,
  "errors" :  ...
60: 81001 adresses traitées
adresse : bulk pour les ids de 10743921 à 10744920
bulk : {
  "took" : 87,
  "errors" :  ...
60: 82001 adresses traitées
adresse : bulk pour les ids de 10744921 à 10745920
bulk : {
  "took" : 69,
  "errors" :  ...
60: 83001 adresses traitées
adresse : bulk pour les ids de 10745921 à 10746920
bulk : {
  "took" : 87,
  "errors" :  ...
60: 84001 adresses traitées
adresse : bulk pour les ids de 10746921 à 10747920
bulk : {
  "took" : 70,
  "errors" :  ...
60: 85001 adresses traitées
adresse : bulk pour les ids de 10747921 à 10748920
bulk : {
  "took" : 79,
  "errors" :  ...
60: 86001 adresses traitées
adresse : bulk pour les ids de 10748921 à 10749920
bulk : {
  "took" : 84,
  "errors" :  ...
60: 87001 adresses traitées
adresse : bulk pour les ids de 10749921 à 10750920
bulk : {
  "took" : 68,
  "errors" :  ...
60: 88001 adresses traitées
adresse : bulk pour les ids de 10750921 à 10751920
bulk : {
  "took" : 85,
  "errors" :  ...
60: 89001 adresses traitées
adresse : bulk pour les ids de 10751921 à 10752920
bulk : {
  "took" : 70,
  "errors" :  ...
60: 90001 adresses traitées
adresse : bulk pour les ids de 10752921 à 10753920
bulk : {
  "took" : 82,
  "errors" :  ...
60: 91001 adresses traitées
adresse : bulk pour les ids de 10753921 à 10754920
bulk : {
  "took" : 69,
  "errors" :  ...
60: 92001 adresses traitées
adresse : bulk pour les ids de 10754921 à 10755920
bulk : {
  "took" : 86,
  "errors" :  ...
60: 93001 adresses traitées
adresse : bulk pour les ids de 10755921 à 10756920
bulk : {
  "took" : 69,
  "errors" :  ...
60: 94001 adresses traitées
adresse : bulk pour les ids de 10756921 à 10757920
bulk : {
  "took" : 91,
  "errors" :  ...
60: 95001 adresses traitées
adresse : bulk pour les ids de 10757921 à 10758920
bulk : {
  "took" : 71,
  "errors" :  ...
60: 96001 adresses traitées
adresse : bulk pour les ids de 10758921 à 10759920
bulk : {
  "took" : 88,
  "errors" :  ...
60: 97001 adresses traitées
adresse : bulk pour les ids de 10759921 à 10760920
bulk : {
  "took" : 70,
  "errors" :  ...
60: 98001 adresses traitées
adresse : bulk pour les ids de 10760921 à 10761920
bulk : {
  "took" : 91,
  "errors" :  ...
60: 99001 adresses traitées
adresse : bulk pour les ids de 10761921 à 10762920
bulk : {
  "took" : 71,
  "errors" :  ...
60: 100001 adresses traitées
adresse : bulk pour les ids de 10762921 à 10763920
bulk : {
  "took" : 90,
  "errors" :  ...
60: 101001 adresses traitées
adresse : bulk pour les ids de 10763921 à 10764920
bulk : {
  "took" : 70,
  "errors" :  ...
60: 102001 adresses traitées
adresse : bulk pour les ids de 10764921 à 10765920
bulk : {
  "took" : 85,
  "errors" :  ...
60: 103001 adresses traitées
adresse : bulk pour les ids de 10765921 à 10766920
bulk : {
  "took" : 71,
  "errors" :  ...
60: 104001 adresses traitées
60: 105001 adresses traitées
adresse : bulk pour les ids de 10766921 à 10767920
bulk : {
  "took" : 87,
  "errors" :  ...
60: 106001 adresses traitées
adresse : bulk pour les ids de 10767921 à 10768920
bulk : {
  "took" : 69,
  "errors" :  ...
60: 107001 adresses traitées
adresse : bulk pour les ids de 10768921 à 10769920
bulk : {
  "took" : 86,
  "errors" :  ...
60: 108001 adresses traitées
adresse : bulk pour les ids de 10769921 à 10770920
bulk : {
  "took" : 68,
  "errors" :  ...
60: 109001 adresses traitées
adresse : bulk pour les ids de 10770921 à 10771920
bulk : {
  "took" : 87,
  "errors" :  ...
60: 110001 adresses traitées
adresse : bulk pour les ids de 10771921 à 10772920
bulk : {
  "took" : 70,
  "errors" :  ...
60: 111001 adresses traitées
adresse : bulk pour les ids de 10772921 à 10773920
bulk : {
  "took" : 70,
  "errors" :  ...
60: 112001 adresses traitées
adresse : bulk pour les ids de 10773921 à 10774920
bulk : {
  "took" : 85,
  "errors" :  ...
60: 113001 adresses traitées
adresse : bulk pour les ids de 10774921 à 10775920
bulk : {
  "took" : 69,
  "errors" :  ...
60: 114001 adresses traitées
adresse : bulk pour les ids de 10775921 à 10776920
bulk : {
  "took" : 84,
  "errors" :  ...
60: 115001 adresses traitées
adresse : bulk pour les ids de 10776921 à 10777920
bulk : {
  "took" : 69,
  "errors" :  ...
60: 116001 adresses traitées
adresse : bulk pour les ids de 10777921 à 10778920
bulk : {
  "took" : 93,
  "errors" :  ...
60: 117001 adresses traitées
adresse : bulk pour les ids de 10778921 à 10779920
bulk : {
  "took" : 87,
  "errors" :  ...
60: 118001 adresses traitées
adresse : bulk pour les ids de 10779921 à 10780920
bulk : {
  "took" : 83,
  "errors" :  ...
60: 119001 adresses traitées
adresse : bulk pour les ids de 10780921 à 10781920
bulk : {
  "took" : 70,
  "errors" :  ...
60: 120001 adresses traitées
adresse : bulk pour les ids de 10781921 à 10782920
bulk : {
  "took" : 68,
  "errors" :  ...
60: 121001 adresses traitées
adresse : bulk pour les ids de 10782921 à 10783920
bulk : {
  "took" : 83,
  "errors" :  ...
60: 122001 adresses traitées
adresse : bulk pour les ids de 10783921 à 10784920
bulk : {
  "took" : 66,
  "errors" :  ...
60: 123001 adresses traitées
adresse : bulk pour les ids de 10784921 à 10785920
bulk : {
  "took" : 69,
  "errors" :  ...
60: 124001 adresses traitées
adresse : bulk pour les ids de 10785921 à 10786920
bulk : {
  "took" : 83,
  "errors" :  ...
60: 125001 adresses traitées
adresse : bulk pour les ids de 10786921 à 10787920
bulk : {
  "took" : 69,
  "errors" :  ...
60: 126001 adresses traitées
adresse : bulk pour les ids de 10787921 à 10788920
bulk : {
  "took" : 82,
  "errors" :  ...
60: 127001 adresses traitées
adresse : bulk pour les ids de 10788921 à 10789920
bulk : {
  "took" : 68,
  "errors" :  ...
60: 128001 adresses traitées
adresse : bulk pour les ids de 10789921 à 10790920
bulk : {
  "took" : 82,
  "errors" :  ...
60: 129001 adresses traitées
adresse : bulk pour les ids de 10790921 à 10791920
bulk : {
  "took" : 72,
  "errors" :  ...
60: 130001 adresses traitées
adresse : bulk pour les ids de 10791921 à 10792920
bulk : {
  "took" : 69,
  "errors" :  ...
60: 131001 adresses traitées
adresse : bulk pour les ids de 10792921 à 10793920
bulk : {
  "took" : 81,
  "errors" :  ...
60: 132001 adresses traitées
adresse : bulk pour les ids de 10793921 à 10794920
bulk : {
  "took" : 70,
  "errors" :  ...
60: 133001 adresses traitées
adresse : bulk pour les ids de 10794921 à 10795920
bulk : {
  "took" : 81,
  "errors" :  ...
60: 134001 adresses traitées
adresse : bulk pour les ids de 10795921 à 10796920
bulk : {
  "took" : 68,
  "errors" :  ...
60: 135001 adresses traitées
adresse : bulk pour les ids de 10796921 à 10797920
bulk : {
  "took" : 81,
  "errors" :  ...
60: 136001 adresses traitées
adresse : bulk pour les ids de 10797921 à 10798920
bulk : {
  "took" : 68,
  "errors" :  ...
60: 137001 adresses traitées
adresse : bulk pour les ids de 10798921 à 10799920
bulk : {
  "took" : 85,
  "errors" :  ...
60: 138001 adresses traitées
adresse : bulk pour les ids de 10799921 à 10800920
bulk : {
  "took" : 68,
  "errors" :  ...
60: 139001 adresses traitées
adresse : bulk pour les ids de 10800921 à 10801920
bulk : {
  "took" : 70,
  "errors" :  ...
60: 140001 adresses traitées
adresse : bulk pour les ids de 10801921 à 10802920
bulk : {
  "took" : 90,
  "errors" :  ...
60: 141001 adresses traitées
adresse : bulk pour les ids de 10802921 à 10803920
bulk : {
  "took" : 71,
  "errors" :  ...
60: 142001 adresses traitées
adresse : bulk pour les ids de 10803921 à 10804920
bulk : {
  "took" : 88,
  "errors" :  ...
60: 143001 adresses traitées
adresse : bulk pour les ids de 10804921 à 10805920
bulk : {
  "took" : 87,
  "errors" :  ...
60: 144001 adresses traitées
adresse : bulk pour les ids de 10805921 à 10806920
bulk : {
  "took" : 71,
  "errors" :  ...
60: 145001 adresses traitées
adresse : bulk pour les ids de 10806921 à 10807920
bulk : {
  "took" : 87,
  "errors" :  ...
60: 146001 adresses traitées
adresse : bulk pour les ids de 10807921 à 10808920
bulk : {
  "took" : 68,
  "errors" :  ...
60: 147001 adresses traitées
adresse : bulk pour les ids de 10808921 à 10809920
bulk : {
  "took" : 92,
  "errors" :  ...
60: 148001 adresses traitées
adresse : bulk pour les ids de 10809921 à 10810920
bulk : {
  "took" : 68,
  "errors" :  ...
60: 149001 adresses traitées
adresse : bulk pour les ids de 10810921 à 10811920
bulk : {
  "took" : 84,
  "errors" :  ...
60: 150001 adresses traitées
adresse : bulk pour les ids de 10811921 à 10812920
bulk : {
  "took" : 70,
  "errors" :  ...
60: 151001 adresses traitées
60: 152001 adresses traitées
adresse : bulk pour les ids de 10812921 à 10813920
bulk : {
  "took" : 84,
  "errors" :  ...
60: 153001 adresses traitées
adresse : bulk pour les ids de 10813921 à 10814920
bulk : {
  "took" : 69,
  "errors" :  ...
60: 154001 adresses traitées
adresse : bulk pour les ids de 10814921 à 10815920
bulk : {
  "took" : 85,
  "errors" :  ...
60: 155001 adresses traitées
adresse : bulk pour les ids de 10815921 à 10816920
bulk : {
  "took" : 70,
  "errors" :  ...
60: 156001 adresses traitées
adresse : bulk pour les ids de 10816921 à 10817920
bulk : {
  "took" : 86,
  "errors" :  ...
60: 157001 adresses traitées
adresse : bulk pour les ids de 10817921 à 10818920
bulk : {
  "took" : 71,
  "errors" :  ...
60: 158001 adresses traitées
adresse : bulk pour les ids de 10818921 à 10819920
bulk : {
  "took" : 92,
  "errors" :  ...
60: 159001 adresses traitées
adresse : bulk pour les ids de 10819921 à 10820920
bulk : {
  "took" : 68,
  "errors" :  ...
60: 160001 adresses traitées
adresse : bulk pour les ids de 10820921 à 10821920
bulk : {
  "took" : 69,
  "errors" :  ...
60: 161001 adresses traitées
adresse : bulk pour les ids de 10821921 à 10822920
bulk : {
  "took" : 88,
  "errors" :  ...
60: 162001 adresses traitées
adresse : bulk pour les ids de 10822921 à 10823920
bulk : {
  "took" : 69,
  "errors" :  ...
60: 163001 adresses traitées
adresse : bulk pour les ids de 10823921 à 10824920
bulk : {
  "took" : 83,
  "errors" :  ...
60: 164001 adresses traitées
adresse : bulk pour les ids de 10824921 à 10825920
bulk : {
  "took" : 69,
  "errors" :  ...
60: 165001 adresses traitées
adresse : bulk pour les ids de 10825921 à 10826920
bulk : {
  "took" : 84,
  "errors" :  ...
60: 166001 adresses traitées
adresse : bulk pour les ids de 10826921 à 10827920
bulk : {
  "took" : 69,
  "errors" :  ...
60: 167001 adresses traitées
adresse : bulk pour les ids de 10827921 à 10828920
bulk : {
  "took" : 84,
  "errors" :  ...
60: 168001 adresses traitées
adresse : bulk pour les ids de 10828921 à 10829920
bulk : {
  "took" : 68,
  "errors" :  ...
60: 169001 adresses traitées
adresse : bulk pour les ids de 10829921 à 10830920
bulk : {
  "took" : 82,
  "errors" :  ...
60: 170001 adresses traitées
adresse : bulk pour les ids de 10830921 à 10831920
bulk : {
  "took" : 67,
  "errors" :  ...
60: 171001 adresses traitées
adresse : bulk pour les ids de 10831921 à 10832920
bulk : {
  "took" : 90,
  "errors" :  ...
60: 172001 adresses traitées
adresse : bulk pour les ids de 10832921 à 10833920
bulk : {
  "took" : 68,
  "errors" :  ...
60: 173001 adresses traitées
adresse : bulk pour les ids de 10833921 à 10834920
bulk : {
  "took" : 82,
  "errors" :  ...
60: 174001 adresses traitées
adresse : bulk pour les ids de 10834921 à 10835920
bulk : {
  "took" : 73,
  "errors" :  ...
60: 175001 adresses traitées
adresse : bulk pour les ids de 10835921 à 10836920
bulk : {
  "took" : 84,
  "errors" :  ...
60: 176001 adresses traitées
adresse : bulk pour les ids de 10836921 à 10837920
bulk : {
  "took" : 71,
  "errors" :  ...
60: 177001 adresses traitées
adresse : bulk pour les ids de 10837921 à 10838920
bulk : {
  "took" : 100,
  "errors" : ...
60: 178001 adresses traitées
adresse : bulk pour les ids de 10838921 à 10839920
bulk : {
  "took" : 68,
  "errors" :  ...
60: 179001 adresses traitées
adresse : bulk pour les ids de 10839921 à 10840920
bulk : {
  "took" : 93,
  "errors" :  ...
60: 180001 adresses traitées
adresse : bulk pour les ids de 10840921 à 10841920
bulk : {
  "took" : 73,
  "errors" :  ...
60: 181001 adresses traitées
adresse : bulk pour les ids de 10841921 à 10842920
bulk : {
  "took" : 94,
  "errors" :  ...
60: 182001 adresses traitées
adresse : bulk pour les ids de 10842921 à 10843920
bulk : {
  "took" : 72,
  "errors" :  ...
60: 183001 adresses traitées
adresse : bulk pour les ids de 10843921 à 10844920
bulk : {
  "took" : 89,
  "errors" :  ...
60: 184001 adresses traitées
adresse : bulk pour les ids de 10844921 à 10845920
bulk : {
  "took" : 73,
  "errors" :  ...
60: 185001 adresses traitées
adresse : bulk pour les ids de 10845921 à 10846920
bulk : {
  "took" : 94,
  "errors" :  ...
60: 186001 adresses traitées
adresse : bulk pour les ids de 10846921 à 10847920
bulk : {
  "took" : 72,
  "errors" :  ...
60: 187001 adresses traitées
adresse : bulk pour les ids de 10847921 à 10848920
bulk : {
  "took" : 72,
  "errors" :  ...
60: 188001 adresses traitées
adresse : bulk pour les ids de 10848921 à 10849920
bulk : {
  "took" : 83,
  "errors" :  ...
60: 189001 adresses traitées
adresse : bulk pour les ids de 10849921 à 10850920
bulk : {
  "took" : 71,
  "errors" :  ...
60: 190001 adresses traitées
adresse : bulk pour les ids de 10850921 à 10851920
bulk : {
  "took" : 84,
  "errors" :  ...
60: 191001 adresses traitées
adresse : bulk pour les ids de 10851921 à 10852920
bulk : {
  "took" : 70,
  "errors" :  ...
60: 192001 adresses traitées
adresse : bulk pour les ids de 10852921 à 10853920
bulk : {
  "took" : 87,
  "errors" :  ...
60: 193001 adresses traitées
adresse : bulk pour les ids de 10853921 à 10854920
bulk : {
  "took" : 74,
  "errors" :  ...
60: 194001 adresses traitées
adresse : bulk pour les ids de 10854921 à 10855920
bulk : {
  "took" : 92,
  "errors" :  ...
60: 195001 adresses traitées
adresse : bulk pour les ids de 10855921 à 10856920
bulk : {
  "took" : 76,
  "errors" :  ...
60: 196001 adresses traitées
adresse : bulk pour les ids de 10856921 à 10857920
bulk : {
  "took" : 89,
  "errors" :  ...
60: 197001 adresses traitées
adresse : bulk pour les ids de 10857921 à 10858920
bulk : {
  "took" : 69,
  "errors" :  ...
60: 198001 adresses traitées
adresse : bulk pour les ids de 10858921 à 10859920
bulk : {
  "took" : 89,
  "errors" :  ...
60: 199001 adresses traitées
adresse : bulk pour les ids de 10859921 à 10860920
bulk : {
  "took" : 71,
  "errors" :  ...
60: 200001 adresses traitées
adresse : bulk pour les ids de 10860921 à 10861920
bulk : {
  "took" : 90,
  "errors" :  ...
60: 201001 adresses traitées
adresse : bulk pour les ids de 10861921 à 10862920
bulk : {
  "took" : 70,
  "errors" :  ...
60: 202001 adresses traitées
adresse : bulk pour les ids de 10862921 à 10863920
bulk : {
  "took" : 84,
  "errors" :  ...
60: 203001 adresses traitées
adresse : bulk pour les ids de 10863921 à 10864920
bulk : {
  "took" : 71,
  "errors" :  ...
60: 204001 adresses traitées
60: 205001 adresses traitées
adresse : bulk pour les ids de 10864921 à 10865920
bulk : {
  "took" : 86,
  "errors" :  ...
60: 206001 adresses traitées
adresse : bulk pour les ids de 10865921 à 10866920
bulk : {
  "took" : 94,
  "errors" :  ...
60: 207001 adresses traitées
adresse : bulk pour les ids de 10866921 à 10867920
bulk : {
  "took" : 91,
  "errors" :  ...
60: 208001 adresses traitées
adresse : bulk pour les ids de 10867921 à 10868920
bulk : {
  "took" : 69,
  "errors" :  ...
60: 209001 adresses traitées
adresse : bulk pour les ids de 10868921 à 10869920
bulk : {
  "took" : 84,
  "errors" :  ...
60: 210001 adresses traitées
adresse : bulk pour les ids de 10869921 à 10870920
bulk : {
  "took" : 68,
  "errors" :  ...
60: 211001 adresses traitées
adresse : bulk pour les ids de 10870921 à 10871920
bulk : {
  "took" : 68,
  "errors" :  ...
60: 212001 adresses traitées
adresse : bulk pour les ids de 10871921 à 10872920
bulk : {
  "took" : 85,
  "errors" :  ...
60: 213001 adresses traitées
adresse : bulk pour les ids de 10872921 à 10873920
bulk : {
  "took" : 70,
  "errors" :  ...
60: 214001 adresses traitées
adresse : bulk pour les ids de 10873921 à 10874920
bulk : {
  "took" : 83,
  "errors" :  ...
60: 215001 adresses traitées
adresse : bulk pour les ids de 10874921 à 10875920
bulk : {
  "took" : 68,
  "errors" :  ...
60: 216001 adresses traitées
adresse : bulk pour les ids de 10875921 à 10876920
bulk : {
  "took" : 84,
  "errors" :  ...
60: 217001 adresses traitées
adresse : bulk pour les ids de 10876921 à 10877920
bulk : {
  "took" : 69,
  "errors" :  ...
60: 218001 adresses traitées
adresse : bulk pour les ids de 10877921 à 10878920
bulk : {
  "took" : 82,
  "errors" :  ...
60: 219001 adresses traitées
adresse : bulk pour les ids de 10878921 à 10879920
bulk : {
  "took" : 68,
  "errors" :  ...
60: 220001 adresses traitées
adresse : bulk pour les ids de 10879921 à 10880920
bulk : {
  "took" : 87,
  "errors" :  ...
60: 221001 adresses traitées
adresse : bulk pour les ids de 10880921 à 10881920
bulk : {
  "took" : 72,
  "errors" :  ...
60: 222001 adresses traitées
adresse : bulk pour les ids de 10881921 à 10882920
bulk : {
  "took" : 85,
  "errors" :  ...
60: 223001 adresses traitées
adresse : bulk pour les ids de 10882921 à 10883920
bulk : {
  "took" : 71,
  "errors" :  ...
60: 224001 adresses traitées
adresse : bulk pour les ids de 10883921 à 10884920
bulk : {
  "took" : 84,
  "errors" :  ...
60: 225001 adresses traitées
adresse : bulk pour les ids de 10884921 à 10885920
bulk : {
  "took" : 68,
  "errors" :  ...
60: 226001 adresses traitées
adresse : bulk pour les ids de 10885921 à 10886920
bulk : {
  "took" : 85,
  "errors" :  ...
60: 227001 adresses traitées
adresse : bulk pour les ids de 10886921 à 10887920
bulk : {
  "took" : 74,
  "errors" :  ...
60: 228001 adresses traitées
adresse : bulk pour les ids de 10887921 à 10888920
bulk : {
  "took" : 92,
  "errors" :  ...
60: 229001 adresses traitées
adresse : bulk pour les ids de 10888921 à 10889920
bulk : {
  "took" : 73,
  "errors" :  ...
60: 230001 adresses traitées
adresse : bulk pour les ids de 10889921 à 10890920
bulk : {
  "took" : 90,
  "errors" :  ...
60: 231001 adresses traitées
adresse : bulk pour les ids de 10890921 à 10891920
bulk : {
  "took" : 72,
  "errors" :  ...
60: 232001 adresses traitées
adresse : bulk pour les ids de 10891921 à 10892920
bulk : {
  "took" : 88,
  "errors" :  ...
60: 233001 adresses traitées
adresse : bulk pour les ids de 10892921 à 10893920
bulk : {
  "took" : 71,
  "errors" :  ...
60: 234001 adresses traitées
adresse : bulk pour les ids de 10893921 à 10894920
bulk : {
  "took" : 90,
  "errors" :  ...
60: 235001 adresses traitées
adresse : bulk pour les ids de 10894921 à 10895920
bulk : {
  "took" : 70,
  "errors" :  ...
60: 236001 adresses traitées
adresse : bulk pour les ids de 10895921 à 10896920
bulk : {
  "took" : 86,
  "errors" :  ...
60: 237001 adresses traitées
adresse : bulk pour les ids de 10896921 à 10897920
bulk : {
  "took" : 73,
  "errors" :  ...
60: 238001 adresses traitées
adresse : bulk pour les ids de 10897921 à 10898920
bulk : {
  "took" : 70,
  "errors" :  ...
60: 239001 adresses traitées
adresse : bulk pour les ids de 10898921 à 10899920
bulk : {
  "took" : 87,
  "errors" :  ...
60: 240001 adresses traitées
adresse : bulk pour les ids de 10899921 à 10900920
bulk : {
  "took" : 81,
  "errors" :  ...
60: 241001 adresses traitées
adresse : bulk pour les ids de 10900921 à 10901920
bulk : {
  "took" : 86,
  "errors" :  ...
60: 242001 adresses traitées
adresse : bulk pour les ids de 10901921 à 10902920
bulk : {
  "took" : 71,
  "errors" :  ...
60: 243001 adresses traitées
adresse : bulk pour les ids de 10902921 à 10903920
bulk : {
  "took" : 91,
  "errors" :  ...
60: 244001 adresses traitées
adresse : bulk pour les ids de 10903921 à 10904920
bulk : {
  "took" : 70,
  "errors" :  ...
60: 245001 adresses traitées
adresse : bulk pour les ids de 10904921 à 10905920
bulk : {
  "took" : 89,
  "errors" :  ...
60: 246001 adresses traitées
adresse : bulk pour les ids de 10905921 à 10906920
bulk : {
  "took" : 73,
  "errors" :  ...
60: 247001 adresses traitées
adresse : bulk pour les ids de 10906921 à 10907920
bulk : {
  "took" : 91,
  "errors" :  ...
60: 248001 adresses traitées
adresse : bulk pour les ids de 10907921 à 10908920
bulk : {
  "took" : 71,
  "errors" :  ...
60: 249001 adresses traitées
adresse : bulk pour les ids de 10908921 à 10909920
bulk : {
  "took" : 87,
  "errors" :  ...
60: 250001 adresses traitées
adresse : bulk pour les ids de 10909921 à 10910920
bulk : {
  "took" : 70,
  "errors" :  ...
60: 251001 adresses traitées
adresse : bulk pour les ids de 10910921 à 10911920
bulk : {
  "took" : 89,
  "errors" :  ...
60: 252001 adresses traitées
adresse : bulk pour les ids de 10911921 à 10912920
bulk : {
  "took" : 71,
  "errors" :  ...
60: 253001 adresses traitées
adresse : bulk pour les ids de 10912921 à 10913920
bulk : {
  "took" : 89,
  "errors" :  ...
60: 254001 adresses traitées
adresse : bulk pour les ids de 10913921 à 10914920
bulk : {
  "took" : 71,
  "errors" :  ...
60: 255001 adresses traitées
adresse : bulk pour les ids de 10914921 à 10915920
bulk : {
  "took" : 83,
  "errors" :  ...
60: 256001 adresses traitées
adresse : bulk pour les ids de 10915921 à 10916920
bulk : {
  "took" : 69,
  "errors" :  ...
60: 257001 adresses traitées
60: 258001 adresses traitées
adresse : bulk pour les ids de 10916921 à 10917920
bulk : {
  "took" : 88,
  "errors" :  ...
60: 259001 adresses traitées
adresse : bulk pour les ids de 10917921 à 10918920
bulk : {
  "took" : 69,
  "errors" :  ...
60: 260001 adresses traitées
adresse : bulk pour les ids de 10918921 à 10919920
bulk : {
  "took" : 86,
  "errors" :  ...
60: 261001 adresses traitées
adresse : bulk pour les ids de 10919921 à 10920920
bulk : {
  "took" : 69,
  "errors" :  ...
60: 262001 adresses traitées
adresse : bulk pour les ids de 10920921 à 10921920
bulk : {
  "took" : 88,
  "errors" :  ...
60: 263001 adresses traitées
adresse : bulk pour les ids de 10921921 à 10922920
bulk : {
  "took" : 70,
  "errors" :  ...
60: 264001 adresses traitées
adresse : bulk pour les ids de 10922921 à 10923920
bulk : {
  "took" : 84,
  "errors" :  ...
60: 265001 adresses traitées
adresse : bulk pour les ids de 10923921 à 10924920
bulk : {
  "took" : 69,
  "errors" :  ...
60: 266001 adresses traitées
adresse : bulk pour les ids de 10924921 à 10925920
bulk : {
  "took" : 71,
  "errors" :  ...
60: 267001 adresses traitées
adresse : bulk pour les ids de 10925921 à 10926920
bulk : {
  "took" : 91,
  "errors" :  ...
60: 268001 adresses traitées
adresse : bulk pour les ids de 10926921 à 10927920
bulk : {
  "took" : 71,
  "errors" :  ...
60: 269001 adresses traitées
adresse : bulk pour les ids de 10927921 à 10928920
bulk : {
  "took" : 93,
  "errors" :  ...
60: 270001 adresses traitées
adresse : bulk pour les ids de 10928921 à 10929920
bulk : {
  "took" : 73,
  "errors" :  ...
60: 271001 adresses traitées
adresse : bulk pour les ids de 10929921 à 10930920
bulk : {
  "took" : 86,
  "errors" :  ...
60: 272001 adresses traitées
adresse : bulk pour les ids de 10930921 à 10931920
bulk : {
  "took" : 71,
  "errors" :  ...
60: 273001 adresses traitées
adresse : bulk pour les ids de 10931921 à 10932920
bulk : {
  "took" : 95,
  "errors" :  ...
60: 274001 adresses traitées
adresse : bulk pour les ids de 10932921 à 10933920
bulk : {
  "took" : 70,
  "errors" :  ...
60: 275001 adresses traitées
adresse : bulk pour les ids de 10933921 à 10934920
bulk : {
  "took" : 86,
  "errors" :  ...
60: 276001 adresses traitées
adresse : bulk pour les ids de 10934921 à 10935920
bulk : {
  "took" : 74,
  "errors" :  ...
60: 277001 adresses traitées
adresse : bulk pour les ids de 10935921 à 10936920
bulk : {
  "took" : 86,
  "errors" :  ...
60: 278001 adresses traitées
adresse : bulk pour les ids de 10936921 à 10937920
bulk : {
  "took" : 73,
  "errors" :  ...
60: 279001 adresses traitées
adresse : bulk pour les ids de 10937921 à 10938920
bulk : {
  "took" : 90,
  "errors" :  ...
60: 280001 adresses traitées
adresse : bulk pour les ids de 10938921 à 10939920
bulk : {
  "took" : 70,
  "errors" :  ...
60: 281001 adresses traitées
adresse : bulk pour les ids de 10939921 à 10940920
bulk : {
  "took" : 88,
  "errors" :  ...
60: 282001 adresses traitées
adresse : bulk pour les ids de 10940921 à 10941920
bulk : {
  "took" : 73,
  "errors" :  ...
60: 283001 adresses traitées
adresse : bulk pour les ids de 10941921 à 10942920
bulk : {
  "took" : 89,
  "errors" :  ...
60: 284001 adresses traitées
adresse : bulk pour les ids de 10942921 à 10943920
bulk : {
  "took" : 72,
  "errors" :  ...
60: 285001 adresses traitées
adresse : bulk pour les ids de 10943921 à 10944920
bulk : {
  "took" : 85,
  "errors" :  ...
60: 286001 adresses traitées
adresse : bulk pour les ids de 10944921 à 10945920
bulk : {
  "took" : 70,
  "errors" :  ...
60: 287001 adresses traitées
adresse : bulk pour les ids de 10945921 à 10946920
bulk : {
  "took" : 91,
  "errors" :  ...
60: 288001 adresses traitées
adresse : bulk pour les ids de 10946921 à 10947920
bulk : {
  "took" : 74,
  "errors" :  ...
adresse : bulk pour les ids de 10947921 à 10948000
bulk : {
  "took" : 24,
  "errors" :  ...
dpt 61 : voies
61: 1 voies traitées
voie : bulk pour les ids de 793712 à 793911
bulk : {
  "took" : 12,
  "errors" :  ...
61: 201 voies traitées
voie : bulk pour les ids de 793912 à 794111
bulk : {
  "took" : 12,
  "errors" :  ...
61: 401 voies traitées
voie : bulk pour les ids de 794112 à 794311
bulk : {
  "took" : 12,
  "errors" :  ...
61: 601 voies traitées
voie : bulk pour les ids de 794312 à 794511
bulk : {
  "took" : 12,
  "errors" :  ...
61: 801 voies traitées
voie : bulk pour les ids de 794512 à 794711
bulk : {
  "took" : 13,
  "errors" :  ...
61: 1001 voies traitées
voie : bulk pour les ids de 794712 à 794911
bulk : {
  "took" : 12,
  "errors" :  ...
61: 1201 voies traitées
voie : bulk pour les ids de 794912 à 795111
bulk : {
  "took" : 12,
  "errors" :  ...
61: 1401 voies traitées
voie : bulk pour les ids de 795112 à 795311
bulk : {
  "took" : 12,
  "errors" :  ...
61: 1601 voies traitées
voie : bulk pour les ids de 795312 à 795511
bulk : {
  "took" : 11,
  "errors" :  ...
61: 1801 voies traitées
voie : bulk pour les ids de 795512 à 795711
bulk : {
  "took" : 12,
  "errors" :  ...
61: 2001 voies traitées
voie : bulk pour les ids de 795712 à 795911
bulk : {
  "took" : 31,
  "errors" :  ...
61: 2201 voies traitées
voie : bulk pour les ids de 795912 à 796111
bulk : {
  "took" : 12,
  "errors" :  ...
61: 2401 voies traitées
voie : bulk pour les ids de 796112 à 796311
bulk : {
  "took" : 12,
  "errors" :  ...
61: 2601 voies traitées
voie : bulk pour les ids de 796312 à 796511
bulk : {
  "took" : 12,
  "errors" :  ...
61: 2801 voies traitées
voie : bulk pour les ids de 796512 à 796711
bulk : {
  "took" : 11,
  "errors" :  ...
61: 3001 voies traitées
voie : bulk pour les ids de 796712 à 796911
bulk : {
  "took" : 12,
  "errors" :  ...
61: 3201 voies traitées
voie : bulk pour les ids de 796912 à 797111
bulk : {
  "took" : 12,
  "errors" :  ...
61: 3401 voies traitées
voie : bulk pour les ids de 797112 à 797311
bulk : {
  "took" : 16,
  "errors" :  ...
61: 3601 voies traitées
voie : bulk pour les ids de 797312 à 797511
bulk : {
  "took" : 21,
  "errors" :  ...
61: 3801 voies traitées
voie : bulk pour les ids de 797512 à 797711
bulk : {
  "took" : 32,
  "errors" :  ...
61: 4001 voies traitées
voie : bulk pour les ids de 797712 à 797911
bulk : {
  "took" : 12,
  "errors" :  ...
61: 4201 voies traitées
voie : bulk pour les ids de 797912 à 798111
bulk : {
  "took" : 14,
  "errors" :  ...
61: 4401 voies traitées
voie : bulk pour les ids de 798112 à 798311
bulk : {
  "took" : 13,
  "errors" :  ...
61: 4601 voies traitées
voie : bulk pour les ids de 798312 à 798511
bulk : {
  "took" : 12,
  "errors" :  ...
61: 4801 voies traitées
voie : bulk pour les ids de 798512 à 798711
bulk : {
  "took" : 13,
  "errors" :  ...
61: 5001 voies traitées
voie : bulk pour les ids de 798712 à 798911
bulk : {
  "took" : 13,
  "errors" :  ...
61: 5201 voies traitées
voie : bulk pour les ids de 798912 à 798935
bulk : {
  "took" : 2,
  "errors" : f ...
dpt 61 : adresses
61: 1 adresses traitées
61: 1001 adresses traitées
adresse : bulk pour les ids de 10948001 à 10949000
bulk : {
  "took" : 89,
  "errors" :  ...
61: 2001 adresses traitées
adresse : bulk pour les ids de 10949001 à 10950000
bulk : {
  "took" : 88,
  "errors" :  ...
61: 3001 adresses traitées
adresse : bulk pour les ids de 10950001 à 10951000
bulk : {
  "took" : 73,
  "errors" :  ...
61: 4001 adresses traitées
adresse : bulk pour les ids de 10951001 à 10952000
bulk : {
  "took" : 94,
  "errors" :  ...
61: 5001 adresses traitées
adresse : bulk pour les ids de 10952001 à 10953000
bulk : {
  "took" : 73,
  "errors" :  ...
61: 6001 adresses traitées
adresse : bulk pour les ids de 10953001 à 10954000
bulk : {
  "took" : 120,
  "errors" : ...
61: 7001 adresses traitées
adresse : bulk pour les ids de 10954001 à 10955000
bulk : {
  "took" : 85,
  "errors" :  ...
61: 8001 adresses traitées
adresse : bulk pour les ids de 10955001 à 10956000
bulk : {
  "took" : 100,
  "errors" : ...
61: 9001 adresses traitées
adresse : bulk pour les ids de 10956001 à 10957000
bulk : {
  "took" : 88,
  "errors" :  ...
61: 10001 adresses traitées
adresse : bulk pour les ids de 10957001 à 10958000
bulk : {
  "took" : 90,
  "errors" :  ...
61: 11001 adresses traitées
adresse : bulk pour les ids de 10958001 à 10959000
bulk : {
  "took" : 93,
  "errors" :  ...
61: 12001 adresses traitées
adresse : bulk pour les ids de 10959001 à 10960000
bulk : {
  "took" : 83,
  "errors" :  ...
61: 13001 adresses traitées
adresse : bulk pour les ids de 10960001 à 10961000
bulk : {
  "took" : 69,
  "errors" :  ...
61: 14001 adresses traitées
adresse : bulk pour les ids de 10961001 à 10962000
bulk : {
  "took" : 96,
  "errors" :  ...
61: 15001 adresses traitées
adresse : bulk pour les ids de 10962001 à 10963000
bulk : {
  "took" : 77,
  "errors" :  ...
61: 16001 adresses traitées
adresse : bulk pour les ids de 10963001 à 10964000
bulk : {
  "took" : 92,
  "errors" :  ...
61: 17001 adresses traitées
adresse : bulk pour les ids de 10964001 à 10965000
bulk : {
  "took" : 78,
  "errors" :  ...
61: 18001 adresses traitées
adresse : bulk pour les ids de 10965001 à 10966000
bulk : {
  "took" : 93,
  "errors" :  ...
61: 19001 adresses traitées
adresse : bulk pour les ids de 10966001 à 10967000
bulk : {
  "took" : 78,
  "errors" :  ...
61: 20001 adresses traitées
adresse : bulk pour les ids de 10967001 à 10968000
bulk : {
  "took" : 102,
  "errors" : ...
61: 21001 adresses traitées
adresse : bulk pour les ids de 10968001 à 10969000
bulk : {
  "took" : 77,
  "errors" :  ...
61: 22001 adresses traitées
adresse : bulk pour les ids de 10969001 à 10970000
bulk : {
  "took" : 76,
  "errors" :  ...
61: 23001 adresses traitées
adresse : bulk pour les ids de 10970001 à 10971000
bulk : {
  "took" : 88,
  "errors" :  ...
61: 24001 adresses traitées
adresse : bulk pour les ids de 10971001 à 10972000
bulk : {
  "took" : 85,
  "errors" :  ...
61: 25001 adresses traitées
adresse : bulk pour les ids de 10972001 à 10973000
bulk : {
  "took" : 75,
  "errors" :  ...
61: 26001 adresses traitées
61: 27001 adresses traitées
adresse : bulk pour les ids de 10973001 à 10974000
bulk : {
  "took" : 89,
  "errors" :  ...
61: 28001 adresses traitées
adresse : bulk pour les ids de 10974001 à 10975000
bulk : {
  "took" : 76,
  "errors" :  ...
61: 29001 adresses traitées
adresse : bulk pour les ids de 10975001 à 10976000
bulk : {
  "took" : 86,
  "errors" :  ...
61: 30001 adresses traitées
adresse : bulk pour les ids de 10976001 à 10977000
bulk : {
  "took" : 99,
  "errors" :  ...
61: 31001 adresses traitées
adresse : bulk pour les ids de 10977001 à 10978000
bulk : {
  "took" : 70,
  "errors" :  ...
61: 32001 adresses traitées
adresse : bulk pour les ids de 10978001 à 10979000
bulk : {
  "took" : 95,
  "errors" :  ...
61: 33001 adresses traitées
adresse : bulk pour les ids de 10979001 à 10980000
bulk : {
  "took" : 69,
  "errors" :  ...
61: 34001 adresses traitées
adresse : bulk pour les ids de 10980001 à 10981000
bulk : {
  "took" : 95,
  "errors" :  ...
61: 35001 adresses traitées
adresse : bulk pour les ids de 10981001 à 10982000
bulk : {
  "took" : 94,
  "errors" :  ...
61: 36001 adresses traitées
adresse : bulk pour les ids de 10982001 à 10983000
bulk : {
  "took" : 102,
  "errors" : ...
61: 37001 adresses traitées
adresse : bulk pour les ids de 10983001 à 10984000
bulk : {
  "took" : 70,
  "errors" :  ...
61: 38001 adresses traitées
adresse : bulk pour les ids de 10984001 à 10985000
bulk : {
  "took" : 97,
  "errors" :  ...
61: 39001 adresses traitées
adresse : bulk pour les ids de 10985001 à 10986000
bulk : {
  "took" : 85,
  "errors" :  ...
61: 40001 adresses traitées
adresse : bulk pour les ids de 10986001 à 10987000
bulk : {
  "took" : 89,
  "errors" :  ...
61: 41001 adresses traitées
adresse : bulk pour les ids de 10987001 à 10988000
bulk : {
  "took" : 87,
  "errors" :  ...
61: 42001 adresses traitées
adresse : bulk pour les ids de 10988001 à 10989000
bulk : {
  "took" : 99,
  "errors" :  ...
61: 43001 adresses traitées
adresse : bulk pour les ids de 10989001 à 10990000
bulk : {
  "took" : 69,
  "errors" :  ...
61: 44001 adresses traitées
adresse : bulk pour les ids de 10990001 à 10991000
bulk : {
  "took" : 103,
  "errors" : ...
61: 45001 adresses traitées
adresse : bulk pour les ids de 10991001 à 10992000
bulk : {
  "took" : 71,
  "errors" :  ...
61: 46001 adresses traitées
adresse : bulk pour les ids de 10992001 à 10993000
bulk : {
  "took" : 104,
  "errors" : ...
61: 47001 adresses traitées
adresse : bulk pour les ids de 10993001 à 10994000
bulk : {
  "took" : 82,
  "errors" :  ...
61: 48001 adresses traitées
adresse : bulk pour les ids de 10994001 à 10995000
bulk : {
  "took" : 85,
  "errors" :  ...
61: 49001 adresses traitées
adresse : bulk pour les ids de 10995001 à 10996000
bulk : {
  "took" : 67,
  "errors" :  ...
61: 50001 adresses traitées
61: 51001 adresses traitées
adresse : bulk pour les ids de 10996001 à 10997000
bulk : {
  "took" : 96,
  "errors" :  ...
61: 52001 adresses traitées
adresse : bulk pour les ids de 10997001 à 10998000
bulk : {
  "took" : 67,
  "errors" :  ...
61: 53001 adresses traitées
adresse : bulk pour les ids de 10998001 à 10999000
bulk : {
  "took" : 98,
  "errors" :  ...
61: 54001 adresses traitées
adresse : bulk pour les ids de 10999001 à 11000000
bulk : {
  "took" : 70,
  "errors" :  ...
61: 55001 adresses traitées
adresse : bulk pour les ids de 11000001 à 11001000
bulk : {
  "took" : 106,
  "errors" : ...
61: 56001 adresses traitées
adresse : bulk pour les ids de 11001001 à 11002000
bulk : {
  "took" : 68,
  "errors" :  ...
61: 57001 adresses traitées
adresse : bulk pour les ids de 11002001 à 11003000
bulk : {
  "took" : 96,
  "errors" :  ...
61: 58001 adresses traitées
adresse : bulk pour les ids de 11003001 à 11004000
bulk : {
  "took" : 70,
  "errors" :  ...
61: 59001 adresses traitées
adresse : bulk pour les ids de 11004001 à 11005000
bulk : {
  "took" : 98,
  "errors" :  ...
61: 60001 adresses traitées
adresse : bulk pour les ids de 11005001 à 11006000
bulk : {
  "took" : 69,
  "errors" :  ...
61: 61001 adresses traitées
adresse : bulk pour les ids de 11006001 à 11007000
bulk : {
  "took" : 96,
  "errors" :  ...
61: 62001 adresses traitées
adresse : bulk pour les ids de 11007001 à 11008000
bulk : {
  "took" : 69,
  "errors" :  ...
61: 63001 adresses traitées
adresse : bulk pour les ids de 11008001 à 11009000
bulk : {
  "took" : 99,
  "errors" :  ...
61: 64001 adresses traitées
adresse : bulk pour les ids de 11009001 à 11010000
bulk : {
  "took" : 84,
  "errors" :  ...
61: 65001 adresses traitées
adresse : bulk pour les ids de 11010001 à 11011000
bulk : {
  "took" : 85,
  "errors" :  ...
61: 66001 adresses traitées
adresse : bulk pour les ids de 11011001 à 11012000
bulk : {
  "took" : 70,
  "errors" :  ...
61: 67001 adresses traitées
adresse : bulk pour les ids de 11012001 à 11013000
bulk : {
  "took" : 101,
  "errors" : ...
61: 68001 adresses traitées
adresse : bulk pour les ids de 11013001 à 11014000
bulk : {
  "took" : 69,
  "errors" :  ...
61: 69001 adresses traitées
adresse : bulk pour les ids de 11014001 à 11015000
bulk : {
  "took" : 101,
  "errors" : ...
61: 70001 adresses traitées
adresse : bulk pour les ids de 11015001 à 11016000
bulk : {
  "took" : 69,
  "errors" :  ...
61: 71001 adresses traitées
adresse : bulk pour les ids de 11016001 à 11017000
bulk : {
  "took" : 99,
  "errors" :  ...
61: 72001 adresses traitées
adresse : bulk pour les ids de 11017001 à 11018000
bulk : {
  "took" : 69,
  "errors" :  ...
61: 73001 adresses traitées
adresse : bulk pour les ids de 11018001 à 11019000
bulk : {
  "took" : 109,
  "errors" : ...
61: 74001 adresses traitées
adresse : bulk pour les ids de 11019001 à 11020000
bulk : {
  "took" : 75,
  "errors" :  ...
61: 75001 adresses traitées
adresse : bulk pour les ids de 11020001 à 11021000
bulk : {
  "took" : 103,
  "errors" : ...
61: 76001 adresses traitées
adresse : bulk pour les ids de 11021001 à 11022000
bulk : {
  "took" : 91,
  "errors" :  ...
61: 77001 adresses traitées
adresse : bulk pour les ids de 11022001 à 11023000
bulk : {
  "took" : 68,
  "errors" :  ...
61: 78001 adresses traitées
adresse : bulk pour les ids de 11023001 à 11024000
bulk : {
  "took" : 92,
  "errors" :  ...
61: 79001 adresses traitées
adresse : bulk pour les ids de 11024001 à 11024433
bulk : {
  "took" : 30,
  "errors" :  ...
dpt 62 : voies
62: 1 voies traitées
voie : bulk pour les ids de 798936 à 799135
bulk : {
  "took" : 12,
  "errors" :  ...
62: 201 voies traitées
voie : bulk pour les ids de 799136 à 799335
bulk : {
  "took" : 26,
  "errors" :  ...
62: 401 voies traitées
voie : bulk pour les ids de 799336 à 799535
bulk : {
  "took" : 12,
  "errors" :  ...
62: 601 voies traitées
voie : bulk pour les ids de 799536 à 799735
bulk : {
  "took" : 13,
  "errors" :  ...
62: 801 voies traitées
voie : bulk pour les ids de 799736 à 799935
bulk : {
  "took" : 12,
  "errors" :  ...
62: 1001 voies traitées
voie : bulk pour les ids de 799936 à 800135
bulk : {
  "took" : 12,
  "errors" :  ...
62: 1201 voies traitées
voie : bulk pour les ids de 800136 à 800335
bulk : {
  "took" : 12,
  "errors" :  ...
62: 1401 voies traitées
voie : bulk pour les ids de 800336 à 800535
bulk : {
  "took" : 11,
  "errors" :  ...
62: 1601 voies traitées
voie : bulk pour les ids de 800536 à 800735
bulk : {
  "took" : 11,
  "errors" :  ...
62: 1801 voies traitées
voie : bulk pour les ids de 800736 à 800935
bulk : {
  "took" : 21,
  "errors" :  ...
62: 2001 voies traitées
voie : bulk pour les ids de 800936 à 801135
bulk : {
  "took" : 15,
  "errors" :  ...
62: 2201 voies traitées
voie : bulk pour les ids de 801136 à 801335
bulk : {
  "took" : 25,
  "errors" :  ...
62: 2401 voies traitées
voie : bulk pour les ids de 801336 à 801535
bulk : {
  "took" : 11,
  "errors" :  ...
62: 2601 voies traitées
voie : bulk pour les ids de 801536 à 801735
bulk : {
  "took" : 11,
  "errors" :  ...
62: 2801 voies traitées
voie : bulk pour les ids de 801736 à 801935
bulk : {
  "took" : 12,
  "errors" :  ...
62: 3001 voies traitées
voie : bulk pour les ids de 801936 à 802135
bulk : {
  "took" : 12,
  "errors" :  ...
62: 3201 voies traitées
voie : bulk pour les ids de 802136 à 802335
bulk : {
  "took" : 11,
  "errors" :  ...
62: 3401 voies traitées
voie : bulk pour les ids de 802336 à 802535
bulk : {
  "took" : 11,
  "errors" :  ...
62: 3601 voies traitées
voie : bulk pour les ids de 802536 à 802735
bulk : {
  "took" : 12,
  "errors" :  ...
62: 3801 voies traitées
voie : bulk pour les ids de 802736 à 802935
bulk : {
  "took" : 12,
  "errors" :  ...
62: 4001 voies traitées
voie : bulk pour les ids de 802936 à 803135
bulk : {
  "took" : 12,
  "errors" :  ...
62: 4201 voies traitées
voie : bulk pour les ids de 803136 à 803335
bulk : {
  "took" : 29,
  "errors" :  ...
62: 4401 voies traitées
voie : bulk pour les ids de 803336 à 803535
bulk : {
  "took" : 11,
  "errors" :  ...
62: 4601 voies traitées
voie : bulk pour les ids de 803536 à 803735
bulk : {
  "took" : 12,
  "errors" :  ...
62: 4801 voies traitées
voie : bulk pour les ids de 803736 à 803935
bulk : {
  "took" : 11,
  "errors" :  ...
62: 5001 voies traitées
voie : bulk pour les ids de 803936 à 804135
bulk : {
  "took" : 11,
  "errors" :  ...
62: 5201 voies traitées
voie : bulk pour les ids de 804136 à 804335
bulk : {
  "took" : 11,
  "errors" :  ...
62: 5401 voies traitées
voie : bulk pour les ids de 804336 à 804535
bulk : {
  "took" : 11,
  "errors" :  ...
62: 5601 voies traitées
voie : bulk pour les ids de 804536 à 804735
bulk : {
  "took" : 32,
  "errors" :  ...
62: 5801 voies traitées
voie : bulk pour les ids de 804736 à 804935
bulk : {
  "took" : 12,
  "errors" :  ...
62: 6001 voies traitées
voie : bulk pour les ids de 804936 à 805135
bulk : {
  "took" : 12,
  "errors" :  ...
62: 6201 voies traitées
voie : bulk pour les ids de 805136 à 805335
bulk : {
  "took" : 29,
  "errors" :  ...
62: 6401 voies traitées
voie : bulk pour les ids de 805336 à 805535
bulk : {
  "took" : 12,
  "errors" :  ...
62: 6601 voies traitées
voie : bulk pour les ids de 805536 à 805735
bulk : {
  "took" : 11,
  "errors" :  ...
62: 6801 voies traitées
voie : bulk pour les ids de 805736 à 805935
bulk : {
  "took" : 12,
  "errors" :  ...
62: 7001 voies traitées
voie : bulk pour les ids de 805936 à 806135
bulk : {
  "took" : 11,
  "errors" :  ...
62: 7201 voies traitées
voie : bulk pour les ids de 806136 à 806335
bulk : {
  "took" : 11,
  "errors" :  ...
62: 7401 voies traitées
voie : bulk pour les ids de 806336 à 806535
bulk : {
  "took" : 12,
  "errors" :  ...
62: 7601 voies traitées
voie : bulk pour les ids de 806536 à 806735
bulk : {
  "took" : 12,
  "errors" :  ...
62: 7801 voies traitées
voie : bulk pour les ids de 806736 à 806935
bulk : {
  "took" : 12,
  "errors" :  ...
62: 8001 voies traitées
voie : bulk pour les ids de 806936 à 807135
bulk : {
  "took" : 12,
  "errors" :  ...
62: 8201 voies traitées
voie : bulk pour les ids de 807136 à 807335
bulk : {
  "took" : 25,
  "errors" :  ...
62: 8401 voies traitées
voie : bulk pour les ids de 807336 à 807535
bulk : {
  "took" : 12,
  "errors" :  ...
62: 8601 voies traitées
voie : bulk pour les ids de 807536 à 807735
bulk : {
  "took" : 12,
  "errors" :  ...
62: 8801 voies traitées
voie : bulk pour les ids de 807736 à 807935
bulk : {
  "took" : 12,
  "errors" :  ...
62: 9001 voies traitées
voie : bulk pour les ids de 807936 à 808135
bulk : {
  "took" : 12,
  "errors" :  ...
62: 9201 voies traitées
voie : bulk pour les ids de 808136 à 808335
bulk : {
  "took" : 21,
  "errors" :  ...
62: 9401 voies traitées
voie : bulk pour les ids de 808336 à 808535
bulk : {
  "took" : 15,
  "errors" :  ...
62: 9601 voies traitées
voie : bulk pour les ids de 808536 à 808735
bulk : {
  "took" : 12,
  "errors" :  ...
62: 9801 voies traitées
voie : bulk pour les ids de 808736 à 808935
bulk : {
  "took" : 25,
  "errors" :  ...
62: 10001 voies traitées
voie : bulk pour les ids de 808936 à 809135
bulk : {
  "took" : 12,
  "errors" :  ...
62: 10201 voies traitées
voie : bulk pour les ids de 809136 à 809335
bulk : {
  "took" : 11,
  "errors" :  ...
62: 10401 voies traitées
voie : bulk pour les ids de 809336 à 809535
bulk : {
  "took" : 11,
  "errors" :  ...
62: 10601 voies traitées
voie : bulk pour les ids de 809536 à 809735
bulk : {
  "took" : 12,
  "errors" :  ...
62: 10801 voies traitées
voie : bulk pour les ids de 809736 à 809935
bulk : {
  "took" : 11,
  "errors" :  ...
62: 11001 voies traitées
voie : bulk pour les ids de 809936 à 810135
bulk : {
  "took" : 12,
  "errors" :  ...
62: 11201 voies traitées
voie : bulk pour les ids de 810136 à 810335
bulk : {
  "took" : 11,
  "errors" :  ...
62: 11401 voies traitées
voie : bulk pour les ids de 810336 à 810535
bulk : {
  "took" : 11,
  "errors" :  ...
62: 11601 voies traitées
voie : bulk pour les ids de 810536 à 810735
bulk : {
  "took" : 11,
  "errors" :  ...
62: 11801 voies traitées
voie : bulk pour les ids de 810736 à 810935
bulk : {
  "took" : 25,
  "errors" :  ...
62: 12001 voies traitées
voie : bulk pour les ids de 810936 à 811135
bulk : {
  "took" : 11,
  "errors" :  ...
62: 12201 voies traitées
voie : bulk pour les ids de 811136 à 811335
bulk : {
  "took" : 11,
  "errors" :  ...
62: 12401 voies traitées
voie : bulk pour les ids de 811336 à 811535
bulk : {
  "took" : 12,
  "errors" :  ...
62: 12601 voies traitées
voie : bulk pour les ids de 811536 à 811735
bulk : {
  "took" : 11,
  "errors" :  ...
62: 12801 voies traitées
voie : bulk pour les ids de 811736 à 811935
bulk : {
  "took" : 12,
  "errors" :  ...
62: 13001 voies traitées
voie : bulk pour les ids de 811936 à 812135
bulk : {
  "took" : 30,
  "errors" :  ...
62: 13201 voies traitées
voie : bulk pour les ids de 812136 à 812335
bulk : {
  "took" : 12,
  "errors" :  ...
62: 13401 voies traitées
voie : bulk pour les ids de 812336 à 812535
bulk : {
  "took" : 11,
  "errors" :  ...
62: 13601 voies traitées
voie : bulk pour les ids de 812536 à 812735
bulk : {
  "took" : 12,
  "errors" :  ...
62: 13801 voies traitées
voie : bulk pour les ids de 812736 à 812935
bulk : {
  "took" : 30,
  "errors" :  ...
62: 14001 voies traitées
voie : bulk pour les ids de 812936 à 813135
bulk : {
  "took" : 12,
  "errors" :  ...
62: 14201 voies traitées
voie : bulk pour les ids de 813136 à 813335
bulk : {
  "took" : 12,
  "errors" :  ...
62: 14401 voies traitées
voie : bulk pour les ids de 813336 à 813535
bulk : {
  "took" : 11,
  "errors" :  ...
62: 14601 voies traitées
voie : bulk pour les ids de 813536 à 813735
bulk : {
  "took" : 11,
  "errors" :  ...
62: 14801 voies traitées
voie : bulk pour les ids de 813736 à 813935
bulk : {
  "took" : 12,
  "errors" :  ...
62: 15001 voies traitées
voie : bulk pour les ids de 813936 à 814135
bulk : {
  "took" : 11,
  "errors" :  ...
62: 15201 voies traitées
voie : bulk pour les ids de 814136 à 814335
bulk : {
  "took" : 11,
  "errors" :  ...
62: 15401 voies traitées
voie : bulk pour les ids de 814336 à 814535
bulk : {
  "took" : 30,
  "errors" :  ...
62: 15601 voies traitées
voie : bulk pour les ids de 814536 à 814735
bulk : {
  "took" : 11,
  "errors" :  ...
62: 15801 voies traitées
voie : bulk pour les ids de 814736 à 814935
bulk : {
  "took" : 11,
  "errors" :  ...
62: 16001 voies traitées
voie : bulk pour les ids de 814936 à 815135
bulk : {
  "took" : 11,
  "errors" :  ...
62: 16201 voies traitées
voie : bulk pour les ids de 815136 à 815335
bulk : {
  "took" : 11,
  "errors" :  ...
62: 16401 voies traitées
voie : bulk pour les ids de 815336 à 815535
bulk : {
  "took" : 11,
  "errors" :  ...
62: 16601 voies traitées
voie : bulk pour les ids de 815536 à 815735
bulk : {
  "took" : 30,
  "errors" :  ...
62: 16801 voies traitées
voie : bulk pour les ids de 815736 à 815935
bulk : {
  "took" : 12,
  "errors" :  ...
62: 17001 voies traitées
voie : bulk pour les ids de 815936 à 816135
bulk : {
  "took" : 12,
  "errors" :  ...
62: 17201 voies traitées
voie : bulk pour les ids de 816136 à 816335
bulk : {
  "took" : 12,
  "errors" :  ...
62: 17401 voies traitées
voie : bulk pour les ids de 816336 à 816535
bulk : {
  "took" : 11,
  "errors" :  ...
62: 17601 voies traitées
voie : bulk pour les ids de 816536 à 816735
bulk : {
  "took" : 11,
  "errors" :  ...
62: 17801 voies traitées
voie : bulk pour les ids de 816736 à 816935
bulk : {
  "took" : 11,
  "errors" :  ...
62: 18001 voies traitées
voie : bulk pour les ids de 816936 à 817135
bulk : {
  "took" : 11,
  "errors" :  ...
62: 18201 voies traitées
voie : bulk pour les ids de 817136 à 817335
bulk : {
  "took" : 12,
  "errors" :  ...
62: 18401 voies traitées
voie : bulk pour les ids de 817336 à 817535
bulk : {
  "took" : 12,
  "errors" :  ...
62: 18601 voies traitées
voie : bulk pour les ids de 817536 à 817735
bulk : {
  "took" : 12,
  "errors" :  ...
62: 18801 voies traitées
voie : bulk pour les ids de 817736 à 817935
bulk : {
  "took" : 28,
  "errors" :  ...
62: 19001 voies traitées
voie : bulk pour les ids de 817936 à 818135
bulk : {
  "took" : 12,
  "errors" :  ...
62: 19201 voies traitées
voie : bulk pour les ids de 818136 à 818335
bulk : {
  "took" : 11,
  "errors" :  ...
62: 19401 voies traitées
voie : bulk pour les ids de 818336 à 818535
bulk : {
  "took" : 12,
  "errors" :  ...
62: 19601 voies traitées
voie : bulk pour les ids de 818536 à 818735
bulk : {
  "took" : 12,
  "errors" :  ...
62: 19801 voies traitées
voie : bulk pour les ids de 818736 à 818935
bulk : {
  "took" : 12,
  "errors" :  ...
62: 20001 voies traitées
voie : bulk pour les ids de 818936 à 819135
bulk : {
  "took" : 13,
  "errors" :  ...
62: 20201 voies traitées
voie : bulk pour les ids de 819136 à 819335
bulk : {
  "took" : 12,
  "errors" :  ...
62: 20401 voies traitées
voie : bulk pour les ids de 819336 à 819535
bulk : {
  "took" : 41,
  "errors" :  ...
62: 20601 voies traitées
voie : bulk pour les ids de 819536 à 819735
bulk : {
  "took" : 25,
  "errors" :  ...
62: 20801 voies traitées
voie : bulk pour les ids de 819736 à 819935
bulk : {
  "took" : 11,
  "errors" :  ...
62: 21001 voies traitées
voie : bulk pour les ids de 819936 à 820135
bulk : {
  "took" : 11,
  "errors" :  ...
62: 21201 voies traitées
voie : bulk pour les ids de 820136 à 820335
bulk : {
  "took" : 12,
  "errors" :  ...
62: 21401 voies traitées
voie : bulk pour les ids de 820336 à 820535
bulk : {
  "took" : 13,
  "errors" :  ...
62: 21601 voies traitées
voie : bulk pour les ids de 820536 à 820735
bulk : {
  "took" : 12,
  "errors" :  ...
62: 21801 voies traitées
voie : bulk pour les ids de 820736 à 820935
bulk : {
  "took" : 11,
  "errors" :  ...
62: 22001 voies traitées
voie : bulk pour les ids de 820936 à 821135
bulk : {
  "took" : 12,
  "errors" :  ...
62: 22201 voies traitées
voie : bulk pour les ids de 821136 à 821335
bulk : {
  "took" : 12,
  "errors" :  ...
62: 22401 voies traitées
voie : bulk pour les ids de 821336 à 821535
bulk : {
  "took" : 12,
  "errors" :  ...
62: 22601 voies traitées
voie : bulk pour les ids de 821536 à 821735
bulk : {
  "took" : 12,
  "errors" :  ...
62: 22801 voies traitées
voie : bulk pour les ids de 821736 à 821935
bulk : {
  "took" : 28,
  "errors" :  ...
62: 23001 voies traitées
voie : bulk pour les ids de 821936 à 822135
bulk : {
  "took" : 12,
  "errors" :  ...
62: 23201 voies traitées
voie : bulk pour les ids de 822136 à 822335
bulk : {
  "took" : 11,
  "errors" :  ...
62: 23401 voies traitées
voie : bulk pour les ids de 822336 à 822535
bulk : {
  "took" : 11,
  "errors" :  ...
62: 23601 voies traitées
voie : bulk pour les ids de 822536 à 822735
bulk : {
  "took" : 11,
  "errors" :  ...
62: 23801 voies traitées
voie : bulk pour les ids de 822736 à 822935
bulk : {
  "took" : 15,
  "errors" :  ...
62: 24001 voies traitées
voie : bulk pour les ids de 822936 à 823135
bulk : {
  "took" : 20,
  "errors" :  ...
62: 24201 voies traitées
voie : bulk pour les ids de 823136 à 823335
bulk : {
  "took" : 11,
  "errors" :  ...
62: 24401 voies traitées
voie : bulk pour les ids de 823336 à 823535
bulk : {
  "took" : 12,
  "errors" :  ...
62: 24601 voies traitées
voie : bulk pour les ids de 823536 à 823735
bulk : {
  "took" : 28,
  "errors" :  ...
62: 24801 voies traitées
voie : bulk pour les ids de 823736 à 823935
bulk : {
  "took" : 13,
  "errors" :  ...
62: 25001 voies traitées
voie : bulk pour les ids de 823936 à 824135
bulk : {
  "took" : 12,
  "errors" :  ...
62: 25201 voies traitées
voie : bulk pour les ids de 824136 à 824335
bulk : {
  "took" : 12,
  "errors" :  ...
62: 25401 voies traitées
voie : bulk pour les ids de 824336 à 824535
bulk : {
  "took" : 12,
  "errors" :  ...
62: 25601 voies traitées
voie : bulk pour les ids de 824536 à 824735
bulk : {
  "took" : 11,
  "errors" :  ...
62: 25801 voies traitées
voie : bulk pour les ids de 824736 à 824935
bulk : {
  "took" : 11,
  "errors" :  ...
62: 26001 voies traitées
voie : bulk pour les ids de 824936 à 825135
bulk : {
  "took" : 12,
  "errors" :  ...
62: 26201 voies traitées
voie : bulk pour les ids de 825136 à 825335
bulk : {
  "took" : 11,
  "errors" :  ...
62: 26401 voies traitées
voie : bulk pour les ids de 825336 à 825535
bulk : {
  "took" : 24,
  "errors" :  ...
62: 26601 voies traitées
voie : bulk pour les ids de 825536 à 825735
bulk : {
  "took" : 12,
  "errors" :  ...
62: 26801 voies traitées
voie : bulk pour les ids de 825736 à 825935
bulk : {
  "took" : 11,
  "errors" :  ...
62: 27001 voies traitées
voie : bulk pour les ids de 825936 à 826135
bulk : {
  "took" : 12,
  "errors" :  ...
62: 27201 voies traitées
voie : bulk pour les ids de 826136 à 826335
bulk : {
  "took" : 12,
  "errors" :  ...
62: 27401 voies traitées
voie : bulk pour les ids de 826336 à 826535
bulk : {
  "took" : 16,
  "errors" :  ...
62: 27601 voies traitées
voie : bulk pour les ids de 826536 à 826735
bulk : {
  "took" : 21,
  "errors" :  ...
62: 27801 voies traitées
voie : bulk pour les ids de 826736 à 826935
bulk : {
  "took" : 12,
  "errors" :  ...
62: 28001 voies traitées
voie : bulk pour les ids de 826936 à 827135
bulk : {
  "took" : 24,
  "errors" :  ...
62: 28201 voies traitées
voie : bulk pour les ids de 827136 à 827335
bulk : {
  "took" : 12,
  "errors" :  ...
62: 28401 voies traitées
voie : bulk pour les ids de 827336 à 827535
bulk : {
  "took" : 11,
  "errors" :  ...
62: 28601 voies traitées
voie : bulk pour les ids de 827536 à 827735
bulk : {
  "took" : 12,
  "errors" :  ...
62: 28801 voies traitées
voie : bulk pour les ids de 827736 à 827935
bulk : {
  "took" : 12,
  "errors" :  ...
62: 29001 voies traitées
voie : bulk pour les ids de 827936 à 828135
bulk : {
  "took" : 14,
  "errors" :  ...
62: 29201 voies traitées
voie : bulk pour les ids de 828136 à 828335
bulk : {
  "took" : 11,
  "errors" :  ...
62: 29401 voies traitées
voie : bulk pour les ids de 828336 à 828535
bulk : {
  "took" : 12,
  "errors" :  ...
62: 29601 voies traitées
voie : bulk pour les ids de 828536 à 828735
bulk : {
  "took" : 11,
  "errors" :  ...
62: 29801 voies traitées
voie : bulk pour les ids de 828736 à 828852
bulk : {
  "took" : 7,
  "errors" : f ...
dpt 62 : adresses
62: 1 adresses traitées
62: 1001 adresses traitées
adresse : bulk pour les ids de 11024434 à 11025433
bulk : {
  "took" : 75,
  "errors" :  ...
62: 2001 adresses traitées
adresse : bulk pour les ids de 11025434 à 11026433
bulk : {
  "took" : 117,
  "errors" : ...
62: 3001 adresses traitées
adresse : bulk pour les ids de 11026434 à 11027433
bulk : {
  "took" : 86,
  "errors" :  ...
62: 4001 adresses traitées
adresse : bulk pour les ids de 11027434 à 11028433
bulk : {
  "took" : 72,
  "errors" :  ...
62: 5001 adresses traitées
adresse : bulk pour les ids de 11028434 à 11029433
bulk : {
  "took" : 90,
  "errors" :  ...
62: 6001 adresses traitées
adresse : bulk pour les ids de 11029434 à 11030433
bulk : {
  "took" : 100,
  "errors" : ...
62: 7001 adresses traitées
adresse : bulk pour les ids de 11030434 à 11031433
bulk : {
  "took" : 77,
  "errors" :  ...
62: 8001 adresses traitées
adresse : bulk pour les ids de 11031434 à 11032433
bulk : {
  "took" : 87,
  "errors" :  ...
62: 9001 adresses traitées
adresse : bulk pour les ids de 11032434 à 11033433
bulk : {
  "took" : 101,
  "errors" : ...
62: 10001 adresses traitées
adresse : bulk pour les ids de 11033434 à 11034433
bulk : {
  "took" : 75,
  "errors" :  ...
62: 11001 adresses traitées
adresse : bulk pour les ids de 11034434 à 11035433
bulk : {
  "took" : 87,
  "errors" :  ...
62: 12001 adresses traitées
adresse : bulk pour les ids de 11035434 à 11036433
bulk : {
  "took" : 83,
  "errors" :  ...
62: 13001 adresses traitées
adresse : bulk pour les ids de 11036434 à 11037433
bulk : {
  "took" : 84,
  "errors" :  ...
62: 14001 adresses traitées
adresse : bulk pour les ids de 11037434 à 11038433
bulk : {
  "took" : 84,
  "errors" :  ...
62: 15001 adresses traitées
adresse : bulk pour les ids de 11038434 à 11039433
bulk : {
  "took" : 67,
  "errors" :  ...
62: 16001 adresses traitées
adresse : bulk pour les ids de 11039434 à 11040433
bulk : {
  "took" : 96,
  "errors" :  ...
62: 17001 adresses traitées
adresse : bulk pour les ids de 11040434 à 11041433
bulk : {
  "took" : 67,
  "errors" :  ...
62: 18001 adresses traitées
adresse : bulk pour les ids de 11041434 à 11042433
bulk : {
  "took" : 96,
  "errors" :  ...
62: 19001 adresses traitées
adresse : bulk pour les ids de 11042434 à 11043433
bulk : {
  "took" : 65,
  "errors" :  ...
62: 20001 adresses traitées
adresse : bulk pour les ids de 11043434 à 11044433
bulk : {
  "took" : 94,
  "errors" :  ...
62: 21001 adresses traitées
adresse : bulk pour les ids de 11044434 à 11045433
bulk : {
  "took" : 67,
  "errors" :  ...
62: 22001 adresses traitées
adresse : bulk pour les ids de 11045434 à 11046433
bulk : {
  "took" : 98,
  "errors" :  ...
62: 23001 adresses traitées
adresse : bulk pour les ids de 11046434 à 11047433
bulk : {
  "took" : 66,
  "errors" :  ...
62: 24001 adresses traitées
adresse : bulk pour les ids de 11047434 à 11048433
bulk : {
  "took" : 80,
  "errors" :  ...
62: 25001 adresses traitées
adresse : bulk pour les ids de 11048434 à 11049433
bulk : {
  "took" : 80,
  "errors" :  ...
62: 26001 adresses traitées
adresse : bulk pour les ids de 11049434 à 11050433
bulk : {
  "took" : 81,
  "errors" :  ...
62: 27001 adresses traitées
adresse : bulk pour les ids de 11050434 à 11051433
bulk : {
  "took" : 72,
  "errors" :  ...
62: 28001 adresses traitées
adresse : bulk pour les ids de 11051434 à 11052433
bulk : {
  "took" : 92,
  "errors" :  ...
62: 29001 adresses traitées
adresse : bulk pour les ids de 11052434 à 11053433
bulk : {
  "took" : 78,
  "errors" :  ...
62: 30001 adresses traitées
adresse : bulk pour les ids de 11053434 à 11054433
bulk : {
  "took" : 91,
  "errors" :  ...
62: 31001 adresses traitées
adresse : bulk pour les ids de 11054434 à 11055433
bulk : {
  "took" : 91,
  "errors" :  ...
62: 32001 adresses traitées
adresse : bulk pour les ids de 11055434 à 11056433
bulk : {
  "took" : 64,
  "errors" :  ...
62: 33001 adresses traitées
adresse : bulk pour les ids de 11056434 à 11057433
bulk : {
  "took" : 92,
  "errors" :  ...
62: 34001 adresses traitées
adresse : bulk pour les ids de 11057434 à 11058433
bulk : {
  "took" : 65,
  "errors" :  ...
62: 35001 adresses traitées
adresse : bulk pour les ids de 11058434 à 11059433
bulk : {
  "took" : 90,
  "errors" :  ...
62: 36001 adresses traitées
adresse : bulk pour les ids de 11059434 à 11060433
bulk : {
  "took" : 81,
  "errors" :  ...
62: 37001 adresses traitées
adresse : bulk pour les ids de 11060434 à 11061433
bulk : {
  "took" : 75,
  "errors" :  ...
62: 38001 adresses traitées
adresse : bulk pour les ids de 11061434 à 11062433
bulk : {
  "took" : 86,
  "errors" :  ...
62: 39001 adresses traitées
adresse : bulk pour les ids de 11062434 à 11063433
bulk : {
  "took" : 79,
  "errors" :  ...
62: 40001 adresses traitées
adresse : bulk pour les ids de 11063434 à 11064433
bulk : {
  "took" : 83,
  "errors" :  ...
62: 41001 adresses traitées
adresse : bulk pour les ids de 11064434 à 11065433
bulk : {
  "took" : 95,
  "errors" :  ...
62: 42001 adresses traitées
adresse : bulk pour les ids de 11065434 à 11066433
bulk : {
  "took" : 68,
  "errors" :  ...
62: 43001 adresses traitées
adresse : bulk pour les ids de 11066434 à 11067433
bulk : {
  "took" : 102,
  "errors" : ...
62: 44001 adresses traitées
62: 45001 adresses traitées
adresse : bulk pour les ids de 11067434 à 11068433
bulk : {
  "took" : 86,
  "errors" :  ...
62: 46001 adresses traitées
adresse : bulk pour les ids de 11068434 à 11069433
bulk : {
  "took" : 84,
  "errors" :  ...
62: 47001 adresses traitées
adresse : bulk pour les ids de 11069434 à 11070433
bulk : {
  "took" : 81,
  "errors" :  ...
62: 48001 adresses traitées
adresse : bulk pour les ids de 11070434 à 11071433
bulk : {
  "took" : 82,
  "errors" :  ...
62: 49001 adresses traitées
adresse : bulk pour les ids de 11071434 à 11072433
bulk : {
  "took" : 66,
  "errors" :  ...
62: 50001 adresses traitées
adresse : bulk pour les ids de 11072434 à 11073433
bulk : {
  "took" : 106,
  "errors" : ...
62: 51001 adresses traitées
adresse : bulk pour les ids de 11073434 à 11074433
bulk : {
  "took" : 68,
  "errors" :  ...
62: 52001 adresses traitées
adresse : bulk pour les ids de 11074434 à 11075433
bulk : {
  "took" : 97,
  "errors" :  ...
62: 53001 adresses traitées
adresse : bulk pour les ids de 11075434 à 11076433
bulk : {
  "took" : 79,
  "errors" :  ...
62: 54001 adresses traitées
adresse : bulk pour les ids de 11076434 à 11077433
bulk : {
  "took" : 82,
  "errors" :  ...
62: 55001 adresses traitées
adresse : bulk pour les ids de 11077434 à 11078433
bulk : {
  "took" : 83,
  "errors" :  ...
62: 56001 adresses traitées
adresse : bulk pour les ids de 11078434 à 11079433
bulk : {
  "took" : 97,
  "errors" :  ...
62: 57001 adresses traitées
adresse : bulk pour les ids de 11079434 à 11080433
bulk : {
  "took" : 76,
  "errors" :  ...
62: 58001 adresses traitées
adresse : bulk pour les ids de 11080434 à 11081433
bulk : {
  "took" : 82,
  "errors" :  ...
62: 59001 adresses traitées
adresse : bulk pour les ids de 11081434 à 11082433
bulk : {
  "took" : 84,
  "errors" :  ...
62: 60001 adresses traitées
adresse : bulk pour les ids de 11082434 à 11083433
bulk : {
  "took" : 68,
  "errors" :  ...
62: 61001 adresses traitées
adresse : bulk pour les ids de 11083434 à 11084433
bulk : {
  "took" : 98,
  "errors" :  ...
62: 62001 adresses traitées
adresse : bulk pour les ids de 11084434 à 11085433
bulk : {
  "took" : 68,
  "errors" :  ...
62: 63001 adresses traitées
adresse : bulk pour les ids de 11085434 à 11086433
bulk : {
  "took" : 101,
  "errors" : ...
62: 64001 adresses traitées
adresse : bulk pour les ids de 11086434 à 11087433
bulk : {
  "took" : 79,
  "errors" :  ...
62: 65001 adresses traitées
adresse : bulk pour les ids de 11087434 à 11088433
bulk : {
  "took" : 84,
  "errors" :  ...
62: 66001 adresses traitées
adresse : bulk pour les ids de 11088434 à 11089433
bulk : {
  "took" : 68,
  "errors" :  ...
62: 67001 adresses traitées
adresse : bulk pour les ids de 11089434 à 11090433
bulk : {
  "took" : 99,
  "errors" :  ...
62: 68001 adresses traitées
adresse : bulk pour les ids de 11090434 à 11091433
bulk : {
  "took" : 67,
  "errors" :  ...
62: 69001 adresses traitées
adresse : bulk pour les ids de 11091434 à 11092433
bulk : {
  "took" : 96,
  "errors" :  ...
62: 70001 adresses traitées
adresse : bulk pour les ids de 11092434 à 11093433
bulk : {
  "took" : 81,
  "errors" :  ...
62: 71001 adresses traitées
adresse : bulk pour les ids de 11093434 à 11094433
bulk : {
  "took" : 84,
  "errors" :  ...
62: 72001 adresses traitées
adresse : bulk pour les ids de 11094434 à 11095433
bulk : {
  "took" : 85,
  "errors" :  ...
62: 73001 adresses traitées
adresse : bulk pour les ids de 11095434 à 11096433
bulk : {
  "took" : 98,
  "errors" :  ...
62: 74001 adresses traitées
adresse : bulk pour les ids de 11096434 à 11097433
bulk : {
  "took" : 66,
  "errors" :  ...
62: 75001 adresses traitées
adresse : bulk pour les ids de 11097434 à 11098433
bulk : {
  "took" : 100,
  "errors" : ...
62: 76001 adresses traitées
adresse : bulk pour les ids de 11098434 à 11099433
bulk : {
  "took" : 69,
  "errors" :  ...
62: 77001 adresses traitées
adresse : bulk pour les ids de 11099434 à 11100433
bulk : {
  "took" : 99,
  "errors" :  ...
62: 78001 adresses traitées
adresse : bulk pour les ids de 11100434 à 11101433
bulk : {
  "took" : 87,
  "errors" :  ...
62: 79001 adresses traitées
adresse : bulk pour les ids de 11101434 à 11102433
bulk : {
  "took" : 83,
  "errors" :  ...
62: 80001 adresses traitées
adresse : bulk pour les ids de 11102434 à 11103433
bulk : {
  "took" : 81,
  "errors" :  ...
62: 81001 adresses traitées
adresse : bulk pour les ids de 11103434 à 11104433
bulk : {
  "took" : 100,
  "errors" : ...
62: 82001 adresses traitées
adresse : bulk pour les ids de 11104434 à 11105433
bulk : {
  "took" : 67,
  "errors" :  ...
62: 83001 adresses traitées
62: 84001 adresses traitées
adresse : bulk pour les ids de 11105434 à 11106433
bulk : {
  "took" : 104,
  "errors" : ...
62: 85001 adresses traitées
adresse : bulk pour les ids de 11106434 à 11107433
bulk : {
  "took" : 68,
  "errors" :  ...
62: 86001 adresses traitées
adresse : bulk pour les ids de 11107434 à 11108433
bulk : {
  "took" : 88,
  "errors" :  ...
62: 87001 adresses traitées
adresse : bulk pour les ids de 11108434 à 11109433
bulk : {
  "took" : 76,
  "errors" :  ...
62: 88001 adresses traitées
adresse : bulk pour les ids de 11109434 à 11110433
bulk : {
  "took" : 94,
  "errors" :  ...
62: 89001 adresses traitées
adresse : bulk pour les ids de 11110434 à 11111433
bulk : {
  "took" : 75,
  "errors" :  ...
62: 90001 adresses traitées
adresse : bulk pour les ids de 11111434 à 11112433
bulk : {
  "took" : 76,
  "errors" :  ...
62: 91001 adresses traitées
adresse : bulk pour les ids de 11112434 à 11113433
bulk : {
  "took" : 92,
  "errors" :  ...
62: 92001 adresses traitées
adresse : bulk pour les ids de 11113434 à 11114433
bulk : {
  "took" : 81,
  "errors" :  ...
62: 93001 adresses traitées
adresse : bulk pour les ids de 11114434 à 11115433
bulk : {
  "took" : 84,
  "errors" :  ...
62: 94001 adresses traitées
adresse : bulk pour les ids de 11115434 à 11116433
bulk : {
  "took" : 81,
  "errors" :  ...
62: 95001 adresses traitées
adresse : bulk pour les ids de 11116434 à 11117433
bulk : {
  "took" : 77,
  "errors" :  ...
62: 96001 adresses traitées
adresse : bulk pour les ids de 11117434 à 11118433
bulk : {
  "took" : 81,
  "errors" :  ...
62: 97001 adresses traitées
adresse : bulk pour les ids de 11118434 à 11119433
bulk : {
  "took" : 88,
  "errors" :  ...
62: 98001 adresses traitées
adresse : bulk pour les ids de 11119434 à 11120433
bulk : {
  "took" : 68,
  "errors" :  ...
62: 99001 adresses traitées
adresse : bulk pour les ids de 11120434 à 11121433
bulk : {
  "took" : 91,
  "errors" :  ...
62: 100001 adresses traitées
adresse : bulk pour les ids de 11121434 à 11122433
bulk : {
  "took" : 81,
  "errors" :  ...
62: 101001 adresses traitées
adresse : bulk pour les ids de 11122434 à 11123433
bulk : {
  "took" : 76,
  "errors" :  ...
62: 102001 adresses traitées
adresse : bulk pour les ids de 11123434 à 11124433
bulk : {
  "took" : 85,
  "errors" :  ...
62: 103001 adresses traitées
adresse : bulk pour les ids de 11124434 à 11125433
bulk : {
  "took" : 79,
  "errors" :  ...
62: 104001 adresses traitées
adresse : bulk pour les ids de 11125434 à 11126433
bulk : {
  "took" : 69,
  "errors" :  ...
62: 105001 adresses traitées
adresse : bulk pour les ids de 11126434 à 11127433
bulk : {
  "took" : 96,
  "errors" :  ...
62: 106001 adresses traitées
adresse : bulk pour les ids de 11127434 à 11128433
bulk : {
  "took" : 67,
  "errors" :  ...
62: 107001 adresses traitées
adresse : bulk pour les ids de 11128434 à 11129433
bulk : {
  "took" : 97,
  "errors" :  ...
62: 108001 adresses traitées
adresse : bulk pour les ids de 11129434 à 11130433
bulk : {
  "took" : 90,
  "errors" :  ...
62: 109001 adresses traitées
adresse : bulk pour les ids de 11130434 à 11131433
bulk : {
  "took" : 97,
  "errors" :  ...
62: 110001 adresses traitées
adresse : bulk pour les ids de 11131434 à 11132433
bulk : {
  "took" : 69,
  "errors" :  ...
62: 111001 adresses traitées
adresse : bulk pour les ids de 11132434 à 11133433
bulk : {
  "took" : 100,
  "errors" : ...
62: 112001 adresses traitées
adresse : bulk pour les ids de 11133434 à 11134433
bulk : {
  "took" : 69,
  "errors" :  ...
62: 113001 adresses traitées
adresse : bulk pour les ids de 11134434 à 11135433
bulk : {
  "took" : 96,
  "errors" :  ...
62: 114001 adresses traitées
adresse : bulk pour les ids de 11135434 à 11136433
bulk : {
  "took" : 84,
  "errors" :  ...
62: 115001 adresses traitées
adresse : bulk pour les ids de 11136434 à 11137433
bulk : {
  "took" : 96,
  "errors" :  ...
62: 116001 adresses traitées
adresse : bulk pour les ids de 11137434 à 11138433
bulk : {
  "took" : 67,
  "errors" :  ...
62: 117001 adresses traitées
adresse : bulk pour les ids de 11138434 à 11139433
bulk : {
  "took" : 98,
  "errors" :  ...
62: 118001 adresses traitées
adresse : bulk pour les ids de 11139434 à 11140433
bulk : {
  "took" : 68,
  "errors" :  ...
62: 119001 adresses traitées
adresse : bulk pour les ids de 11140434 à 11141433
bulk : {
  "took" : 100,
  "errors" : ...
62: 120001 adresses traitées
adresse : bulk pour les ids de 11141434 à 11142433
bulk : {
  "took" : 66,
  "errors" :  ...
62: 121001 adresses traitées
adresse : bulk pour les ids de 11142434 à 11143433
bulk : {
  "took" : 98,
  "errors" :  ...
62: 122001 adresses traitées
adresse : bulk pour les ids de 11143434 à 11144433
bulk : {
  "took" : 85,
  "errors" :  ...
62: 123001 adresses traitées
adresse : bulk pour les ids de 11144434 à 11145433
bulk : {
  "took" : 82,
  "errors" :  ...
62: 124001 adresses traitées
62: 125001 adresses traitées
adresse : bulk pour les ids de 11145434 à 11146433
bulk : {
  "took" : 85,
  "errors" :  ...
62: 126001 adresses traitées
adresse : bulk pour les ids de 11146434 à 11147433
bulk : {
  "took" : 96,
  "errors" :  ...
62: 127001 adresses traitées
adresse : bulk pour les ids de 11147434 à 11148433
bulk : {
  "took" : 84,
  "errors" :  ...
62: 128001 adresses traitées
adresse : bulk pour les ids de 11148434 à 11149433
bulk : {
  "took" : 82,
  "errors" :  ...
62: 129001 adresses traitées
adresse : bulk pour les ids de 11149434 à 11150433
bulk : {
  "took" : 81,
  "errors" :  ...
62: 130001 adresses traitées
adresse : bulk pour les ids de 11150434 à 11151433
bulk : {
  "took" : 83,
  "errors" :  ...
62: 131001 adresses traitées
adresse : bulk pour les ids de 11151434 à 11152433
bulk : {
  "took" : 79,
  "errors" :  ...
62: 132001 adresses traitées
adresse : bulk pour les ids de 11152434 à 11153433
bulk : {
  "took" : 82,
  "errors" :  ...
62: 133001 adresses traitées
adresse : bulk pour les ids de 11153434 à 11154433
bulk : {
  "took" : 80,
  "errors" :  ...
62: 134001 adresses traitées
adresse : bulk pour les ids de 11154434 à 11155433
bulk : {
  "took" : 82,
  "errors" :  ...
62: 135001 adresses traitées
adresse : bulk pour les ids de 11155434 à 11156433
bulk : {
  "took" : 80,
  "errors" :  ...
62: 136001 adresses traitées
adresse : bulk pour les ids de 11156434 à 11157433
bulk : {
  "took" : 82,
  "errors" :  ...
62: 137001 adresses traitées
adresse : bulk pour les ids de 11157434 à 11158433
bulk : {
  "took" : 79,
  "errors" :  ...
62: 138001 adresses traitées
adresse : bulk pour les ids de 11158434 à 11159433
bulk : {
  "took" : 82,
  "errors" :  ...
62: 139001 adresses traitées
adresse : bulk pour les ids de 11159434 à 11160433
bulk : {
  "took" : 72,
  "errors" :  ...
62: 140001 adresses traitées
adresse : bulk pour les ids de 11160434 à 11161433
bulk : {
  "took" : 97,
  "errors" :  ...
62: 141001 adresses traitées
adresse : bulk pour les ids de 11161434 à 11162433
bulk : {
  "took" : 66,
  "errors" :  ...
62: 142001 adresses traitées
adresse : bulk pour les ids de 11162434 à 11163433
bulk : {
  "took" : 102,
  "errors" : ...
62: 143001 adresses traitées
adresse : bulk pour les ids de 11163434 à 11164433
bulk : {
  "took" : 81,
  "errors" :  ...
62: 144001 adresses traitées
adresse : bulk pour les ids de 11164434 à 11165433
bulk : {
  "took" : 81,
  "errors" :  ...
62: 145001 adresses traitées
adresse : bulk pour les ids de 11165434 à 11166433
bulk : {
  "took" : 82,
  "errors" :  ...
62: 146001 adresses traitées
adresse : bulk pour les ids de 11166434 à 11167433
bulk : {
  "took" : 83,
  "errors" :  ...
62: 147001 adresses traitées
adresse : bulk pour les ids de 11167434 à 11168433
bulk : {
  "took" : 81,
  "errors" :  ...
62: 148001 adresses traitées
adresse : bulk pour les ids de 11168434 à 11169433
bulk : {
  "took" : 99,
  "errors" :  ...
62: 149001 adresses traitées
adresse : bulk pour les ids de 11169434 à 11170433
bulk : {
  "took" : 67,
  "errors" :  ...
62: 150001 adresses traitées
adresse : bulk pour les ids de 11170434 à 11171433
bulk : {
  "took" : 98,
  "errors" :  ...
62: 151001 adresses traitées
adresse : bulk pour les ids de 11171434 à 11172433
bulk : {
  "took" : 84,
  "errors" :  ...
62: 152001 adresses traitées
adresse : bulk pour les ids de 11172434 à 11173433
bulk : {
  "took" : 83,
  "errors" :  ...
62: 153001 adresses traitées
adresse : bulk pour les ids de 11173434 à 11174433
bulk : {
  "took" : 78,
  "errors" :  ...
62: 154001 adresses traitées
adresse : bulk pour les ids de 11174434 à 11175433
bulk : {
  "took" : 97,
  "errors" :  ...
62: 155001 adresses traitées
adresse : bulk pour les ids de 11175434 à 11176433
bulk : {
  "took" : 67,
  "errors" :  ...
62: 156001 adresses traitées
adresse : bulk pour les ids de 11176434 à 11177433
bulk : {
  "took" : 100,
  "errors" : ...
62: 157001 adresses traitées
adresse : bulk pour les ids de 11177434 à 11178433
bulk : {
  "took" : 67,
  "errors" :  ...
62: 158001 adresses traitées
adresse : bulk pour les ids de 11178434 à 11179433
bulk : {
  "took" : 101,
  "errors" : ...
62: 159001 adresses traitées
adresse : bulk pour les ids de 11179434 à 11180433
bulk : {
  "took" : 82,
  "errors" :  ...
62: 160001 adresses traitées
adresse : bulk pour les ids de 11180434 à 11181433
bulk : {
  "took" : 81,
  "errors" :  ...
62: 161001 adresses traitées
adresse : bulk pour les ids de 11181434 à 11182433
bulk : {
  "took" : 93,
  "errors" :  ...
62: 162001 adresses traitées
adresse : bulk pour les ids de 11182434 à 11183433
bulk : {
  "took" : 67,
  "errors" :  ...
62: 163001 adresses traitées
adresse : bulk pour les ids de 11183434 à 11184433
bulk : {
  "took" : 74,
  "errors" :  ...
62: 164001 adresses traitées
adresse : bulk pour les ids de 11184434 à 11185433
bulk : {
  "took" : 82,
  "errors" :  ...
62: 165001 adresses traitées
adresse : bulk pour les ids de 11185434 à 11186433
bulk : {
  "took" : 83,
  "errors" :  ...
62: 166001 adresses traitées
adresse : bulk pour les ids de 11186434 à 11187433
bulk : {
  "took" : 81,
  "errors" :  ...
62: 167001 adresses traitées
adresse : bulk pour les ids de 11187434 à 11188433
bulk : {
  "took" : 97,
  "errors" :  ...
62: 168001 adresses traitées
adresse : bulk pour les ids de 11188434 à 11189433
bulk : {
  "took" : 94,
  "errors" :  ...
62: 169001 adresses traitées
adresse : bulk pour les ids de 11189434 à 11190433
bulk : {
  "took" : 102,
  "errors" : ...
62: 170001 adresses traitées
adresse : bulk pour les ids de 11190434 à 11191433
bulk : {
  "took" : 67,
  "errors" :  ...
62: 171001 adresses traitées
adresse : bulk pour les ids de 11191434 à 11192433
bulk : {
  "took" : 101,
  "errors" : ...
62: 172001 adresses traitées
adresse : bulk pour les ids de 11192434 à 11193433
bulk : {
  "took" : 69,
  "errors" :  ...
62: 173001 adresses traitées
adresse : bulk pour les ids de 11193434 à 11194433
bulk : {
  "took" : 98,
  "errors" :  ...
62: 174001 adresses traitées
adresse : bulk pour les ids de 11194434 à 11195433
bulk : {
  "took" : 86,
  "errors" :  ...
62: 175001 adresses traitées
62: 176001 adresses traitées
adresse : bulk pour les ids de 11195434 à 11196433
bulk : {
  "took" : 83,
  "errors" :  ...
62: 177001 adresses traitées
adresse : bulk pour les ids de 11196434 à 11197433
bulk : {
  "took" : 70,
  "errors" :  ...
62: 178001 adresses traitées
adresse : bulk pour les ids de 11197434 à 11198433
bulk : {
  "took" : 101,
  "errors" : ...
62: 179001 adresses traitées
adresse : bulk pour les ids de 11198434 à 11199433
bulk : {
  "took" : 68,
  "errors" :  ...
62: 180001 adresses traitées
adresse : bulk pour les ids de 11199434 à 11200433
bulk : {
  "took" : 96,
  "errors" :  ...
62: 181001 adresses traitées
adresse : bulk pour les ids de 11200434 à 11201433
bulk : {
  "took" : 80,
  "errors" :  ...
62: 182001 adresses traitées
adresse : bulk pour les ids de 11201434 à 11202433
bulk : {
  "took" : 83,
  "errors" :  ...
62: 183001 adresses traitées
adresse : bulk pour les ids de 11202434 à 11203433
bulk : {
  "took" : 80,
  "errors" :  ...
62: 184001 adresses traitées
adresse : bulk pour les ids de 11203434 à 11204433
bulk : {
  "took" : 83,
  "errors" :  ...
62: 185001 adresses traitées
adresse : bulk pour les ids de 11204434 à 11205433
bulk : {
  "took" : 82,
  "errors" :  ...
62: 186001 adresses traitées
adresse : bulk pour les ids de 11205434 à 11206433
bulk : {
  "took" : 87,
  "errors" :  ...
62: 187001 adresses traitées
adresse : bulk pour les ids de 11206434 à 11207433
bulk : {
  "took" : 68,
  "errors" :  ...
62: 188001 adresses traitées
adresse : bulk pour les ids de 11207434 à 11208433
bulk : {
  "took" : 99,
  "errors" :  ...
62: 189001 adresses traitées
adresse : bulk pour les ids de 11208434 à 11209433
bulk : {
  "took" : 80,
  "errors" :  ...
62: 190001 adresses traitées
adresse : bulk pour les ids de 11209434 à 11210433
bulk : {
  "took" : 81,
  "errors" :  ...
62: 191001 adresses traitées
adresse : bulk pour les ids de 11210434 à 11211433
bulk : {
  "took" : 85,
  "errors" :  ...
62: 192001 adresses traitées
adresse : bulk pour les ids de 11211434 à 11212433
bulk : {
  "took" : 81,
  "errors" :  ...
62: 193001 adresses traitées
adresse : bulk pour les ids de 11212434 à 11213433
bulk : {
  "took" : 84,
  "errors" :  ...
62: 194001 adresses traitées
adresse : bulk pour les ids de 11213434 à 11214433
bulk : {
  "took" : 86,
  "errors" :  ...
62: 195001 adresses traitées
adresse : bulk pour les ids de 11214434 à 11215433
bulk : {
  "took" : 98,
  "errors" :  ...
62: 196001 adresses traitées
adresse : bulk pour les ids de 11215434 à 11216433
bulk : {
  "took" : 67,
  "errors" :  ...
62: 197001 adresses traitées
adresse : bulk pour les ids de 11216434 à 11217433
bulk : {
  "took" : 97,
  "errors" :  ...
62: 198001 adresses traitées
adresse : bulk pour les ids de 11217434 à 11218433
bulk : {
  "took" : 67,
  "errors" :  ...
62: 199001 adresses traitées
adresse : bulk pour les ids de 11218434 à 11219433
bulk : {
  "took" : 98,
  "errors" :  ...
62: 200001 adresses traitées
adresse : bulk pour les ids de 11219434 à 11220433
bulk : {
  "took" : 79,
  "errors" :  ...
62: 201001 adresses traitées
adresse : bulk pour les ids de 11220434 à 11221433
bulk : {
  "took" : 82,
  "errors" :  ...
62: 202001 adresses traitées
adresse : bulk pour les ids de 11221434 à 11222433
bulk : {
  "took" : 83,
  "errors" :  ...
62: 203001 adresses traitées
adresse : bulk pour les ids de 11222434 à 11223433
bulk : {
  "took" : 82,
  "errors" :  ...
62: 204001 adresses traitées
adresse : bulk pour les ids de 11223434 à 11224433
bulk : {
  "took" : 68,
  "errors" :  ...
62: 205001 adresses traitées
adresse : bulk pour les ids de 11224434 à 11225433
bulk : {
  "took" : 102,
  "errors" : ...
62: 206001 adresses traitées
62: 207001 adresses traitées
adresse : bulk pour les ids de 11225434 à 11226433
bulk : {
  "took" : 79,
  "errors" :  ...
62: 208001 adresses traitées
adresse : bulk pour les ids de 11226434 à 11227433
bulk : {
  "took" : 82,
  "errors" :  ...
62: 209001 adresses traitées
adresse : bulk pour les ids de 11227434 à 11228433
bulk : {
  "took" : 92,
  "errors" :  ...
62: 210001 adresses traitées
adresse : bulk pour les ids de 11228434 à 11229433
bulk : {
  "took" : 73,
  "errors" :  ...
62: 211001 adresses traitées
adresse : bulk pour les ids de 11229434 à 11230433
bulk : {
  "took" : 75,
  "errors" :  ...
62: 212001 adresses traitées
adresse : bulk pour les ids de 11230434 à 11231433
bulk : {
  "took" : 86,
  "errors" :  ...
62: 213001 adresses traitées
adresse : bulk pour les ids de 11231434 à 11232433
bulk : {
  "took" : 88,
  "errors" :  ...
62: 214001 adresses traitées
adresse : bulk pour les ids de 11232434 à 11233433
bulk : {
  "took" : 66,
  "errors" :  ...
62: 215001 adresses traitées
adresse : bulk pour les ids de 11233434 à 11234433
bulk : {
  "took" : 96,
  "errors" :  ...
62: 216001 adresses traitées
adresse : bulk pour les ids de 11234434 à 11235433
bulk : {
  "took" : 79,
  "errors" :  ...
62: 217001 adresses traitées
adresse : bulk pour les ids de 11235434 à 11236433
bulk : {
  "took" : 83,
  "errors" :  ...
62: 218001 adresses traitées
adresse : bulk pour les ids de 11236434 à 11237433
bulk : {
  "took" : 80,
  "errors" :  ...
62: 219001 adresses traitées
adresse : bulk pour les ids de 11237434 à 11238433
bulk : {
  "took" : 83,
  "errors" :  ...
62: 220001 adresses traitées
adresse : bulk pour les ids de 11238434 à 11239433
bulk : {
  "took" : 84,
  "errors" :  ...
62: 221001 adresses traitées
adresse : bulk pour les ids de 11239434 à 11240433
bulk : {
  "took" : 82,
  "errors" :  ...
62: 222001 adresses traitées
adresse : bulk pour les ids de 11240434 à 11241433
bulk : {
  "took" : 66,
  "errors" :  ...
62: 223001 adresses traitées
adresse : bulk pour les ids de 11241434 à 11242433
bulk : {
  "took" : 95,
  "errors" :  ...
62: 224001 adresses traitées
adresse : bulk pour les ids de 11242434 à 11243433
bulk : {
  "took" : 66,
  "errors" :  ...
62: 225001 adresses traitées
adresse : bulk pour les ids de 11243434 à 11244433
bulk : {
  "took" : 101,
  "errors" : ...
62: 226001 adresses traitées
adresse : bulk pour les ids de 11244434 à 11245433
bulk : {
  "took" : 79,
  "errors" :  ...
62: 227001 adresses traitées
adresse : bulk pour les ids de 11245434 à 11246433
bulk : {
  "took" : 79,
  "errors" :  ...
62: 228001 adresses traitées
adresse : bulk pour les ids de 11246434 à 11247433
bulk : {
  "took" : 83,
  "errors" :  ...
62: 229001 adresses traitées
adresse : bulk pour les ids de 11247434 à 11248433
bulk : {
  "took" : 84,
  "errors" :  ...
62: 230001 adresses traitées
adresse : bulk pour les ids de 11248434 à 11249433
bulk : {
  "took" : 69,
  "errors" :  ...
62: 231001 adresses traitées
adresse : bulk pour les ids de 11249434 à 11250433
bulk : {
  "took" : 95,
  "errors" :  ...
62: 232001 adresses traitées
62: 233001 adresses traitées
adresse : bulk pour les ids de 11250434 à 11251433
bulk : {
  "took" : 69,
  "errors" :  ...
62: 234001 adresses traitées
adresse : bulk pour les ids de 11251434 à 11252433
bulk : {
  "took" : 82,
  "errors" :  ...
62: 235001 adresses traitées
adresse : bulk pour les ids de 11252434 à 11253433
bulk : {
  "took" : 87,
  "errors" :  ...
62: 236001 adresses traitées
adresse : bulk pour les ids de 11253434 à 11254433
bulk : {
  "took" : 68,
  "errors" :  ...
62: 237001 adresses traitées
adresse : bulk pour les ids de 11254434 à 11255433
bulk : {
  "took" : 86,
  "errors" :  ...
62: 238001 adresses traitées
adresse : bulk pour les ids de 11255434 à 11256433
bulk : {
  "took" : 87,
  "errors" :  ...
62: 239001 adresses traitées
adresse : bulk pour les ids de 11256434 à 11257433
bulk : {
  "took" : 69,
  "errors" :  ...
62: 240001 adresses traitées
adresse : bulk pour les ids de 11257434 à 11258433
bulk : {
  "took" : 86,
  "errors" :  ...
62: 241001 adresses traitées
adresse : bulk pour les ids de 11258434 à 11259433
bulk : {
  "took" : 67,
  "errors" :  ...
62: 242001 adresses traitées
adresse : bulk pour les ids de 11259434 à 11260433
bulk : {
  "took" : 86,
  "errors" :  ...
62: 243001 adresses traitées
adresse : bulk pour les ids de 11260434 à 11261433
bulk : {
  "took" : 69,
  "errors" :  ...
62: 244001 adresses traitées
adresse : bulk pour les ids de 11261434 à 11262433
bulk : {
  "took" : 89,
  "errors" :  ...
62: 245001 adresses traitées
adresse : bulk pour les ids de 11262434 à 11263433
bulk : {
  "took" : 70,
  "errors" :  ...
62: 246001 adresses traitées
62: 247001 adresses traitées
adresse : bulk pour les ids de 11263434 à 11264433
bulk : {
  "took" : 89,
  "errors" :  ...
62: 248001 adresses traitées
adresse : bulk pour les ids de 11264434 à 11265433
bulk : {
  "took" : 67,
  "errors" :  ...
62: 249001 adresses traitées
adresse : bulk pour les ids de 11265434 à 11266433
bulk : {
  "took" : 67,
  "errors" :  ...
62: 250001 adresses traitées
adresse : bulk pour les ids de 11266434 à 11267433
bulk : {
  "took" : 86,
  "errors" :  ...
62: 251001 adresses traitées
adresse : bulk pour les ids de 11267434 à 11268433
bulk : {
  "took" : 69,
  "errors" :  ...
62: 252001 adresses traitées
adresse : bulk pour les ids de 11268434 à 11269433
bulk : {
  "took" : 86,
  "errors" :  ...
62: 253001 adresses traitées
adresse : bulk pour les ids de 11269434 à 11270433
bulk : {
  "took" : 70,
  "errors" :  ...
62: 254001 adresses traitées
adresse : bulk pour les ids de 11270434 à 11271433
bulk : {
  "took" : 86,
  "errors" :  ...
62: 255001 adresses traitées
adresse : bulk pour les ids de 11271434 à 11272433
bulk : {
  "took" : 67,
  "errors" :  ...
62: 256001 adresses traitées
adresse : bulk pour les ids de 11272434 à 11273433
bulk : {
  "took" : 84,
  "errors" :  ...
62: 257001 adresses traitées
adresse : bulk pour les ids de 11273434 à 11274433
bulk : {
  "took" : 67,
  "errors" :  ...
62: 258001 adresses traitées
adresse : bulk pour les ids de 11274434 à 11275433
bulk : {
  "took" : 82,
  "errors" :  ...
62: 259001 adresses traitées
62: 260001 adresses traitées
adresse : bulk pour les ids de 11275434 à 11276433
bulk : {
  "took" : 68,
  "errors" :  ...
62: 261001 adresses traitées
adresse : bulk pour les ids de 11276434 à 11277433
bulk : {
  "took" : 86,
  "errors" :  ...
62: 262001 adresses traitées
adresse : bulk pour les ids de 11277434 à 11278433
bulk : {
  "took" : 71,
  "errors" :  ...
62: 263001 adresses traitées
adresse : bulk pour les ids de 11278434 à 11279433
bulk : {
  "took" : 88,
  "errors" :  ...
62: 264001 adresses traitées
adresse : bulk pour les ids de 11279434 à 11280433
bulk : {
  "took" : 70,
  "errors" :  ...
62: 265001 adresses traitées
adresse : bulk pour les ids de 11280434 à 11281433
bulk : {
  "took" : 86,
  "errors" :  ...
62: 266001 adresses traitées
adresse : bulk pour les ids de 11281434 à 11282433
bulk : {
  "took" : 70,
  "errors" :  ...
62: 267001 adresses traitées
adresse : bulk pour les ids de 11282434 à 11283433
bulk : {
  "took" : 88,
  "errors" :  ...
62: 268001 adresses traitées
adresse : bulk pour les ids de 11283434 à 11284433
bulk : {
  "took" : 68,
  "errors" :  ...
62: 269001 adresses traitées
adresse : bulk pour les ids de 11284434 à 11285433
bulk : {
  "took" : 84,
  "errors" :  ...
62: 270001 adresses traitées
adresse : bulk pour les ids de 11285434 à 11286433
bulk : {
  "took" : 70,
  "errors" :  ...
62: 271001 adresses traitées
adresse : bulk pour les ids de 11286434 à 11287433
bulk : {
  "took" : 91,
  "errors" :  ...
62: 272001 adresses traitées
adresse : bulk pour les ids de 11287434 à 11288433
bulk : {
  "took" : 68,
  "errors" :  ...
62: 273001 adresses traitées
adresse : bulk pour les ids de 11288434 à 11289433
bulk : {
  "took" : 68,
  "errors" :  ...
62: 274001 adresses traitées
adresse : bulk pour les ids de 11289434 à 11290433
bulk : {
  "took" : 85,
  "errors" :  ...
62: 275001 adresses traitées
adresse : bulk pour les ids de 11290434 à 11291433
bulk : {
  "took" : 70,
  "errors" :  ...
62: 276001 adresses traitées
62: 277001 adresses traitées
adresse : bulk pour les ids de 11291434 à 11292433
bulk : {
  "took" : 84,
  "errors" :  ...
62: 278001 adresses traitées
adresse : bulk pour les ids de 11292434 à 11293433
bulk : {
  "took" : 69,
  "errors" :  ...
62: 279001 adresses traitées
adresse : bulk pour les ids de 11293434 à 11294433
bulk : {
  "took" : 83,
  "errors" :  ...
62: 280001 adresses traitées
adresse : bulk pour les ids de 11294434 à 11295433
bulk : {
  "took" : 71,
  "errors" :  ...
62: 281001 adresses traitées
adresse : bulk pour les ids de 11295434 à 11296433
bulk : {
  "took" : 90,
  "errors" :  ...
62: 282001 adresses traitées
adresse : bulk pour les ids de 11296434 à 11297433
bulk : {
  "took" : 70,
  "errors" :  ...
62: 283001 adresses traitées
adresse : bulk pour les ids de 11297434 à 11298433
bulk : {
  "took" : 90,
  "errors" :  ...
62: 284001 adresses traitées
adresse : bulk pour les ids de 11298434 à 11299433
bulk : {
  "took" : 69,
  "errors" :  ...
62: 285001 adresses traitées
adresse : bulk pour les ids de 11299434 à 11300433
bulk : {
  "took" : 86,
  "errors" :  ...
62: 286001 adresses traitées
adresse : bulk pour les ids de 11300434 à 11301433
bulk : {
  "took" : 69,
  "errors" :  ...
62: 287001 adresses traitées
adresse : bulk pour les ids de 11301434 à 11302433
bulk : {
  "took" : 85,
  "errors" :  ...
62: 288001 adresses traitées
adresse : bulk pour les ids de 11302434 à 11303433
bulk : {
  "took" : 69,
  "errors" :  ...
62: 289001 adresses traitées
adresse : bulk pour les ids de 11303434 à 11304433
bulk : {
  "took" : 86,
  "errors" :  ...
62: 290001 adresses traitées
adresse : bulk pour les ids de 11304434 à 11305433
bulk : {
  "took" : 68,
  "errors" :  ...
62: 291001 adresses traitées
adresse : bulk pour les ids de 11305434 à 11306433
bulk : {
  "took" : 82,
  "errors" :  ...
62: 292001 adresses traitées
adresse : bulk pour les ids de 11306434 à 11307433
bulk : {
  "took" : 71,
  "errors" :  ...
62: 293001 adresses traitées
adresse : bulk pour les ids de 11307434 à 11308433
bulk : {
  "took" : 84,
  "errors" :  ...
62: 294001 adresses traitées
adresse : bulk pour les ids de 11308434 à 11309433
bulk : {
  "took" : 70,
  "errors" :  ...
62: 295001 adresses traitées
adresse : bulk pour les ids de 11309434 à 11310433
bulk : {
  "took" : 87,
  "errors" :  ...
62: 296001 adresses traitées
adresse : bulk pour les ids de 11310434 à 11311433
bulk : {
  "took" : 67,
  "errors" :  ...
62: 297001 adresses traitées
adresse : bulk pour les ids de 11311434 à 11312433
bulk : {
  "took" : 94,
  "errors" :  ...
62: 298001 adresses traitées
adresse : bulk pour les ids de 11312434 à 11313433
bulk : {
  "took" : 71,
  "errors" :  ...
62: 299001 adresses traitées
adresse : bulk pour les ids de 11313434 à 11314433
bulk : {
  "took" : 83,
  "errors" :  ...
62: 300001 adresses traitées
adresse : bulk pour les ids de 11314434 à 11315433
bulk : {
  "took" : 69,
  "errors" :  ...
62: 301001 adresses traitées
adresse : bulk pour les ids de 11315434 à 11316433
bulk : {
  "took" : 87,
  "errors" :  ...
62: 302001 adresses traitées
adresse : bulk pour les ids de 11316434 à 11317433
bulk : {
  "took" : 71,
  "errors" :  ...
62: 303001 adresses traitées
adresse : bulk pour les ids de 11317434 à 11318433
bulk : {
  "took" : 87,
  "errors" :  ...
62: 304001 adresses traitées
62: 305001 adresses traitées
adresse : bulk pour les ids de 11318434 à 11319433
bulk : {
  "took" : 68,
  "errors" :  ...
62: 306001 adresses traitées
adresse : bulk pour les ids de 11319434 à 11320433
bulk : {
  "took" : 68,
  "errors" :  ...
62: 307001 adresses traitées
adresse : bulk pour les ids de 11320434 à 11321433
bulk : {
  "took" : 87,
  "errors" :  ...
62: 308001 adresses traitées
adresse : bulk pour les ids de 11321434 à 11322433
bulk : {
  "took" : 75,
  "errors" :  ...
62: 309001 adresses traitées
adresse : bulk pour les ids de 11322434 à 11323433
bulk : {
  "took" : 84,
  "errors" :  ...
62: 310001 adresses traitées
adresse : bulk pour les ids de 11323434 à 11324433
bulk : {
  "took" : 71,
  "errors" :  ...
62: 311001 adresses traitées
adresse : bulk pour les ids de 11324434 à 11325433
bulk : {
  "took" : 92,
  "errors" :  ...
62: 312001 adresses traitées
adresse : bulk pour les ids de 11325434 à 11326433
bulk : {
  "took" : 71,
  "errors" :  ...
62: 313001 adresses traitées
adresse : bulk pour les ids de 11326434 à 11327433
bulk : {
  "took" : 88,
  "errors" :  ...
62: 314001 adresses traitées
adresse : bulk pour les ids de 11327434 à 11328433
bulk : {
  "took" : 68,
  "errors" :  ...
62: 315001 adresses traitées
adresse : bulk pour les ids de 11328434 à 11329433
bulk : {
  "took" : 91,
  "errors" :  ...
62: 316001 adresses traitées
adresse : bulk pour les ids de 11329434 à 11330433
bulk : {
  "took" : 71,
  "errors" :  ...
62: 317001 adresses traitées
adresse : bulk pour les ids de 11330434 à 11331433
bulk : {
  "took" : 83,
  "errors" :  ...
62: 318001 adresses traitées
adresse : bulk pour les ids de 11331434 à 11332433
bulk : {
  "took" : 77,
  "errors" :  ...
62: 319001 adresses traitées
adresse : bulk pour les ids de 11332434 à 11333433
bulk : {
  "took" : 88,
  "errors" :  ...
62: 320001 adresses traitées
adresse : bulk pour les ids de 11333434 à 11334433
bulk : {
  "took" : 70,
  "errors" :  ...
62: 321001 adresses traitées
adresse : bulk pour les ids de 11334434 à 11335433
bulk : {
  "took" : 92,
  "errors" :  ...
62: 322001 adresses traitées
adresse : bulk pour les ids de 11335434 à 11336433
bulk : {
  "took" : 72,
  "errors" :  ...
62: 323001 adresses traitées
adresse : bulk pour les ids de 11336434 à 11337433
bulk : {
  "took" : 92,
  "errors" :  ...
62: 324001 adresses traitées
adresse : bulk pour les ids de 11337434 à 11338433
bulk : {
  "took" : 70,
  "errors" :  ...
62: 325001 adresses traitées
adresse : bulk pour les ids de 11338434 à 11339433
bulk : {
  "took" : 84,
  "errors" :  ...
62: 326001 adresses traitées
adresse : bulk pour les ids de 11339434 à 11340433
bulk : {
  "took" : 71,
  "errors" :  ...
62: 327001 adresses traitées
adresse : bulk pour les ids de 11340434 à 11341433
bulk : {
  "took" : 89,
  "errors" :  ...
62: 328001 adresses traitées
adresse : bulk pour les ids de 11341434 à 11342433
bulk : {
  "took" : 71,
  "errors" :  ...
62: 329001 adresses traitées
adresse : bulk pour les ids de 11342434 à 11343433
bulk : {
  "took" : 84,
  "errors" :  ...
62: 330001 adresses traitées
adresse : bulk pour les ids de 11343434 à 11344433
bulk : {
  "took" : 70,
  "errors" :  ...
62: 331001 adresses traitées
adresse : bulk pour les ids de 11344434 à 11345433
bulk : {
  "took" : 95,
  "errors" :  ...
62: 332001 adresses traitées
adresse : bulk pour les ids de 11345434 à 11346433
bulk : {
  "took" : 72,
  "errors" :  ...
62: 333001 adresses traitées
adresse : bulk pour les ids de 11346434 à 11347433
bulk : {
  "took" : 88,
  "errors" :  ...
62: 334001 adresses traitées
62: 335001 adresses traitées
adresse : bulk pour les ids de 11347434 à 11348433
bulk : {
  "took" : 88,
  "errors" :  ...
62: 336001 adresses traitées
adresse : bulk pour les ids de 11348434 à 11349433
bulk : {
  "took" : 72,
  "errors" :  ...
62: 337001 adresses traitées
adresse : bulk pour les ids de 11349434 à 11350433
bulk : {
  "took" : 85,
  "errors" :  ...
62: 338001 adresses traitées
adresse : bulk pour les ids de 11350434 à 11351433
bulk : {
  "took" : 69,
  "errors" :  ...
62: 339001 adresses traitées
adresse : bulk pour les ids de 11351434 à 11352433
bulk : {
  "took" : 85,
  "errors" :  ...
62: 340001 adresses traitées
adresse : bulk pour les ids de 11352434 à 11353433
bulk : {
  "took" : 73,
  "errors" :  ...
62: 341001 adresses traitées
adresse : bulk pour les ids de 11353434 à 11354433
bulk : {
  "took" : 89,
  "errors" :  ...
62: 342001 adresses traitées
adresse : bulk pour les ids de 11354434 à 11355433
bulk : {
  "took" : 69,
  "errors" :  ...
62: 343001 adresses traitées
adresse : bulk pour les ids de 11355434 à 11356433
bulk : {
  "took" : 86,
  "errors" :  ...
62: 344001 adresses traitées
adresse : bulk pour les ids de 11356434 à 11357433
bulk : {
  "took" : 70,
  "errors" :  ...
62: 345001 adresses traitées
adresse : bulk pour les ids de 11357434 à 11358433
bulk : {
  "took" : 98,
  "errors" :  ...
62: 346001 adresses traitées
adresse : bulk pour les ids de 11358434 à 11359433
bulk : {
  "took" : 70,
  "errors" :  ...
62: 347001 adresses traitées
adresse : bulk pour les ids de 11359434 à 11360433
bulk : {
  "took" : 94,
  "errors" :  ...
62: 348001 adresses traitées
adresse : bulk pour les ids de 11360434 à 11361433
bulk : {
  "took" : 69,
  "errors" :  ...
62: 349001 adresses traitées
adresse : bulk pour les ids de 11361434 à 11362433
bulk : {
  "took" : 98,
  "errors" :  ...
62: 350001 adresses traitées
adresse : bulk pour les ids de 11362434 à 11363433
bulk : {
  "took" : 72,
  "errors" :  ...
62: 351001 adresses traitées
adresse : bulk pour les ids de 11363434 à 11364433
bulk : {
  "took" : 90,
  "errors" :  ...
62: 352001 adresses traitées
adresse : bulk pour les ids de 11364434 à 11365433
bulk : {
  "took" : 70,
  "errors" :  ...
62: 353001 adresses traitées
adresse : bulk pour les ids de 11365434 à 11366433
bulk : {
  "took" : 90,
  "errors" :  ...
62: 354001 adresses traitées
adresse : bulk pour les ids de 11366434 à 11367433
bulk : {
  "took" : 72,
  "errors" :  ...
62: 355001 adresses traitées
adresse : bulk pour les ids de 11367434 à 11368433
bulk : {
  "took" : 88,
  "errors" :  ...
62: 356001 adresses traitées
adresse : bulk pour les ids de 11368434 à 11369433
bulk : {
  "took" : 70,
  "errors" :  ...
62: 357001 adresses traitées
adresse : bulk pour les ids de 11369434 à 11370433
bulk : {
  "took" : 92,
  "errors" :  ...
62: 358001 adresses traitées
adresse : bulk pour les ids de 11370434 à 11371433
bulk : {
  "took" : 70,
  "errors" :  ...
62: 359001 adresses traitées
adresse : bulk pour les ids de 11371434 à 11372433
bulk : {
  "took" : 86,
  "errors" :  ...
62: 360001 adresses traitées
adresse : bulk pour les ids de 11372434 à 11373433
bulk : {
  "took" : 70,
  "errors" :  ...
62: 361001 adresses traitées
adresse : bulk pour les ids de 11373434 à 11374433
bulk : {
  "took" : 89,
  "errors" :  ...
62: 362001 adresses traitées
adresse : bulk pour les ids de 11374434 à 11375433
bulk : {
  "took" : 69,
  "errors" :  ...
62: 363001 adresses traitées
adresse : bulk pour les ids de 11375434 à 11376433
bulk : {
  "took" : 89,
  "errors" :  ...
62: 364001 adresses traitées
adresse : bulk pour les ids de 11376434 à 11377433
bulk : {
  "took" : 72,
  "errors" :  ...
62: 365001 adresses traitées
adresse : bulk pour les ids de 11377434 à 11378433
bulk : {
  "took" : 91,
  "errors" :  ...
62: 366001 adresses traitées
adresse : bulk pour les ids de 11378434 à 11379433
bulk : {
  "took" : 82,
  "errors" :  ...
62: 367001 adresses traitées
adresse : bulk pour les ids de 11379434 à 11380433
bulk : {
  "took" : 68,
  "errors" :  ...
62: 368001 adresses traitées
adresse : bulk pour les ids de 11380434 à 11381433
bulk : {
  "took" : 86,
  "errors" :  ...
62: 369001 adresses traitées
adresse : bulk pour les ids de 11381434 à 11382433
bulk : {
  "took" : 69,
  "errors" :  ...
62: 370001 adresses traitées
62: 371001 adresses traitées
adresse : bulk pour les ids de 11382434 à 11383433
bulk : {
  "took" : 88,
  "errors" :  ...
62: 372001 adresses traitées
adresse : bulk pour les ids de 11383434 à 11384433
bulk : {
  "took" : 69,
  "errors" :  ...
62: 373001 adresses traitées
adresse : bulk pour les ids de 11384434 à 11385433
bulk : {
  "took" : 87,
  "errors" :  ...
62: 374001 adresses traitées
adresse : bulk pour les ids de 11385434 à 11386433
bulk : {
  "took" : 71,
  "errors" :  ...
62: 375001 adresses traitées
adresse : bulk pour les ids de 11386434 à 11387433
bulk : {
  "took" : 84,
  "errors" :  ...
62: 376001 adresses traitées
adresse : bulk pour les ids de 11387434 à 11388433
bulk : {
  "took" : 71,
  "errors" :  ...
62: 377001 adresses traitées
adresse : bulk pour les ids de 11388434 à 11389433
bulk : {
  "took" : 85,
  "errors" :  ...
62: 378001 adresses traitées
adresse : bulk pour les ids de 11389434 à 11390433
bulk : {
  "took" : 71,
  "errors" :  ...
62: 379001 adresses traitées
adresse : bulk pour les ids de 11390434 à 11391433
bulk : {
  "took" : 83,
  "errors" :  ...
62: 380001 adresses traitées
adresse : bulk pour les ids de 11391434 à 11392433
bulk : {
  "took" : 70,
  "errors" :  ...
62: 381001 adresses traitées
adresse : bulk pour les ids de 11392434 à 11393433
bulk : {
  "took" : 86,
  "errors" :  ...
62: 382001 adresses traitées
adresse : bulk pour les ids de 11393434 à 11394433
bulk : {
  "took" : 71,
  "errors" :  ...
62: 383001 adresses traitées
adresse : bulk pour les ids de 11394434 à 11395433
bulk : {
  "took" : 93,
  "errors" :  ...
62: 384001 adresses traitées
adresse : bulk pour les ids de 11395434 à 11396433
bulk : {
  "took" : 71,
  "errors" :  ...
62: 385001 adresses traitées
adresse : bulk pour les ids de 11396434 à 11397433
bulk : {
  "took" : 85,
  "errors" :  ...
62: 386001 adresses traitées
adresse : bulk pour les ids de 11397434 à 11398433
bulk : {
  "took" : 68,
  "errors" :  ...
62: 387001 adresses traitées
adresse : bulk pour les ids de 11398434 à 11399433
bulk : {
  "took" : 88,
  "errors" :  ...
62: 388001 adresses traitées
adresse : bulk pour les ids de 11399434 à 11400433
bulk : {
  "took" : 70,
  "errors" :  ...
62: 389001 adresses traitées
adresse : bulk pour les ids de 11400434 à 11401433
bulk : {
  "took" : 87,
  "errors" :  ...
62: 390001 adresses traitées
adresse : bulk pour les ids de 11401434 à 11402433
bulk : {
  "took" : 71,
  "errors" :  ...
62: 391001 adresses traitées
adresse : bulk pour les ids de 11402434 à 11403433
bulk : {
  "took" : 116,
  "errors" : ...
62: 392001 adresses traitées
adresse : bulk pour les ids de 11403434 à 11404433
bulk : {
  "took" : 70,
  "errors" :  ...
62: 393001 adresses traitées
adresse : bulk pour les ids de 11404434 à 11405433
bulk : {
  "took" : 87,
  "errors" :  ...
62: 394001 adresses traitées
adresse : bulk pour les ids de 11405434 à 11406433
bulk : {
  "took" : 70,
  "errors" :  ...
62: 395001 adresses traitées
adresse : bulk pour les ids de 11406434 à 11407433
bulk : {
  "took" : 84,
  "errors" :  ...
62: 396001 adresses traitées
adresse : bulk pour les ids de 11407434 à 11408433
bulk : {
  "took" : 70,
  "errors" :  ...
62: 397001 adresses traitées
adresse : bulk pour les ids de 11408434 à 11409433
bulk : {
  "took" : 91,
  "errors" :  ...
62: 398001 adresses traitées
adresse : bulk pour les ids de 11409434 à 11410433
bulk : {
  "took" : 70,
  "errors" :  ...
62: 399001 adresses traitées
adresse : bulk pour les ids de 11410434 à 11411433
bulk : {
  "took" : 75,
  "errors" :  ...
62: 400001 adresses traitées
adresse : bulk pour les ids de 11411434 à 11412433
bulk : {
  "took" : 83,
  "errors" :  ...
62: 401001 adresses traitées
adresse : bulk pour les ids de 11412434 à 11413433
bulk : {
  "took" : 70,
  "errors" :  ...
62: 402001 adresses traitées
adresse : bulk pour les ids de 11413434 à 11414433
bulk : {
  "took" : 86,
  "errors" :  ...
62: 403001 adresses traitées
adresse : bulk pour les ids de 11414434 à 11415433
bulk : {
  "took" : 70,
  "errors" :  ...
62: 404001 adresses traitées
adresse : bulk pour les ids de 11415434 à 11416433
bulk : {
  "took" : 86,
  "errors" :  ...
62: 405001 adresses traitées
62: 406001 adresses traitées
adresse : bulk pour les ids de 11416434 à 11417433
bulk : {
  "took" : 70,
  "errors" :  ...
62: 407001 adresses traitées
adresse : bulk pour les ids de 11417434 à 11418433
bulk : {
  "took" : 86,
  "errors" :  ...
62: 408001 adresses traitées
adresse : bulk pour les ids de 11418434 à 11419433
bulk : {
  "took" : 72,
  "errors" :  ...
62: 409001 adresses traitées
adresse : bulk pour les ids de 11419434 à 11420433
bulk : {
  "took" : 85,
  "errors" :  ...
62: 410001 adresses traitées
adresse : bulk pour les ids de 11420434 à 11421433
bulk : {
  "took" : 70,
  "errors" :  ...
62: 411001 adresses traitées
adresse : bulk pour les ids de 11421434 à 11422433
bulk : {
  "took" : 84,
  "errors" :  ...
62: 412001 adresses traitées
adresse : bulk pour les ids de 11422434 à 11423433
bulk : {
  "took" : 72,
  "errors" :  ...
62: 413001 adresses traitées
adresse : bulk pour les ids de 11423434 à 11424433
bulk : {
  "took" : 86,
  "errors" :  ...
62: 414001 adresses traitées
adresse : bulk pour les ids de 11424434 à 11425433
bulk : {
  "took" : 72,
  "errors" :  ...
62: 415001 adresses traitées
adresse : bulk pour les ids de 11425434 à 11426433
bulk : {
  "took" : 85,
  "errors" :  ...
62: 416001 adresses traitées
adresse : bulk pour les ids de 11426434 à 11427433
bulk : {
  "took" : 69,
  "errors" :  ...
62: 417001 adresses traitées
adresse : bulk pour les ids de 11427434 à 11428433
bulk : {
  "took" : 85,
  "errors" :  ...
62: 418001 adresses traitées
adresse : bulk pour les ids de 11428434 à 11429433
bulk : {
  "took" : 71,
  "errors" :  ...
62: 419001 adresses traitées
adresse : bulk pour les ids de 11429434 à 11430433
bulk : {
  "took" : 90,
  "errors" :  ...
62: 420001 adresses traitées
adresse : bulk pour les ids de 11430434 à 11431433
bulk : {
  "took" : 71,
  "errors" :  ...
62: 421001 adresses traitées
adresse : bulk pour les ids de 11431434 à 11432433
bulk : {
  "took" : 90,
  "errors" :  ...
62: 422001 adresses traitées
adresse : bulk pour les ids de 11432434 à 11433433
bulk : {
  "took" : 68,
  "errors" :  ...
62: 423001 adresses traitées
adresse : bulk pour les ids de 11433434 à 11434433
bulk : {
  "took" : 88,
  "errors" :  ...
62: 424001 adresses traitées
adresse : bulk pour les ids de 11434434 à 11435433
bulk : {
  "took" : 71,
  "errors" :  ...
62: 425001 adresses traitées
adresse : bulk pour les ids de 11435434 à 11436433
bulk : {
  "took" : 84,
  "errors" :  ...
62: 426001 adresses traitées
adresse : bulk pour les ids de 11436434 à 11437433
bulk : {
  "took" : 69,
  "errors" :  ...
62: 427001 adresses traitées
adresse : bulk pour les ids de 11437434 à 11438433
bulk : {
  "took" : 84,
  "errors" :  ...
62: 428001 adresses traitées
adresse : bulk pour les ids de 11438434 à 11439433
bulk : {
  "took" : 69,
  "errors" :  ...
62: 429001 adresses traitées
adresse : bulk pour les ids de 11439434 à 11440433
bulk : {
  "took" : 89,
  "errors" :  ...
62: 430001 adresses traitées
adresse : bulk pour les ids de 11440434 à 11441433
bulk : {
  "took" : 73,
  "errors" :  ...
62: 431001 adresses traitées
adresse : bulk pour les ids de 11441434 à 11442433
bulk : {
  "took" : 70,
  "errors" :  ...
62: 432001 adresses traitées
adresse : bulk pour les ids de 11442434 à 11443433
bulk : {
  "took" : 83,
  "errors" :  ...
62: 433001 adresses traitées
adresse : bulk pour les ids de 11443434 à 11444433
bulk : {
  "took" : 70,
  "errors" :  ...
62: 434001 adresses traitées
adresse : bulk pour les ids de 11444434 à 11445433
bulk : {
  "took" : 88,
  "errors" :  ...
62: 435001 adresses traitées
adresse : bulk pour les ids de 11445434 à 11446433
bulk : {
  "took" : 72,
  "errors" :  ...
62: 436001 adresses traitées
adresse : bulk pour les ids de 11446434 à 11447433
bulk : {
  "took" : 85,
  "errors" :  ...
62: 437001 adresses traitées
adresse : bulk pour les ids de 11447434 à 11448433
bulk : {
  "took" : 71,
  "errors" :  ...
62: 438001 adresses traitées
adresse : bulk pour les ids de 11448434 à 11449433
bulk : {
  "took" : 87,
  "errors" :  ...
62: 439001 adresses traitées
adresse : bulk pour les ids de 11449434 à 11450433
bulk : {
  "took" : 72,
  "errors" :  ...
62: 440001 adresses traitées
adresse : bulk pour les ids de 11450434 à 11451433
bulk : {
  "took" : 85,
  "errors" :  ...
62: 441001 adresses traitées
adresse : bulk pour les ids de 11451434 à 11452433
bulk : {
  "took" : 73,
  "errors" :  ...
62: 442001 adresses traitées
adresse : bulk pour les ids de 11452434 à 11453433
bulk : {
  "took" : 87,
  "errors" :  ...
62: 443001 adresses traitées
adresse : bulk pour les ids de 11453434 à 11454433
bulk : {
  "took" : 70,
  "errors" :  ...
62: 444001 adresses traitées
62: 445001 adresses traitées
adresse : bulk pour les ids de 11454434 à 11455433
bulk : {
  "took" : 89,
  "errors" :  ...
62: 446001 adresses traitées
adresse : bulk pour les ids de 11455434 à 11456433
bulk : {
  "took" : 70,
  "errors" :  ...
62: 447001 adresses traitées
adresse : bulk pour les ids de 11456434 à 11457433
bulk : {
  "took" : 85,
  "errors" :  ...
62: 448001 adresses traitées
adresse : bulk pour les ids de 11457434 à 11458433
bulk : {
  "took" : 71,
  "errors" :  ...
62: 449001 adresses traitées
adresse : bulk pour les ids de 11458434 à 11459433
bulk : {
  "took" : 89,
  "errors" :  ...
62: 450001 adresses traitées
adresse : bulk pour les ids de 11459434 à 11460433
bulk : {
  "took" : 69,
  "errors" :  ...
62: 451001 adresses traitées
adresse : bulk pour les ids de 11460434 à 11461433
bulk : {
  "took" : 87,
  "errors" :  ...
62: 452001 adresses traitées
adresse : bulk pour les ids de 11461434 à 11462433
bulk : {
  "took" : 73,
  "errors" :  ...
62: 453001 adresses traitées
adresse : bulk pour les ids de 11462434 à 11463433
bulk : {
  "took" : 93,
  "errors" :  ...
62: 454001 adresses traitées
adresse : bulk pour les ids de 11463434 à 11464433
bulk : {
  "took" : 74,
  "errors" :  ...
62: 455001 adresses traitées
adresse : bulk pour les ids de 11464434 à 11465433
bulk : {
  "took" : 87,
  "errors" :  ...
62: 456001 adresses traitées
adresse : bulk pour les ids de 11465434 à 11466433
bulk : {
  "took" : 69,
  "errors" :  ...
62: 457001 adresses traitées
adresse : bulk pour les ids de 11466434 à 11467433
bulk : {
  "took" : 86,
  "errors" :  ...
62: 458001 adresses traitées
adresse : bulk pour les ids de 11467434 à 11468433
bulk : {
  "took" : 72,
  "errors" :  ...
62: 459001 adresses traitées
adresse : bulk pour les ids de 11468434 à 11469433
bulk : {
  "took" : 91,
  "errors" :  ...
62: 460001 adresses traitées
adresse : bulk pour les ids de 11469434 à 11470433
bulk : {
  "took" : 71,
  "errors" :  ...
62: 461001 adresses traitées
adresse : bulk pour les ids de 11470434 à 11471433
bulk : {
  "took" : 85,
  "errors" :  ...
62: 462001 adresses traitées
adresse : bulk pour les ids de 11471434 à 11472433
bulk : {
  "took" : 70,
  "errors" :  ...
62: 463001 adresses traitées
adresse : bulk pour les ids de 11472434 à 11473433
bulk : {
  "took" : 70,
  "errors" :  ...
62: 464001 adresses traitées
adresse : bulk pour les ids de 11473434 à 11474433
bulk : {
  "took" : 86,
  "errors" :  ...
62: 465001 adresses traitées
adresse : bulk pour les ids de 11474434 à 11475433
bulk : {
  "took" : 70,
  "errors" :  ...
62: 466001 adresses traitées
adresse : bulk pour les ids de 11475434 à 11476433
bulk : {
  "took" : 86,
  "errors" :  ...
62: 467001 adresses traitées
adresse : bulk pour les ids de 11476434 à 11477433
bulk : {
  "took" : 71,
  "errors" :  ...
62: 468001 adresses traitées
adresse : bulk pour les ids de 11477434 à 11478433
bulk : {
  "took" : 95,
  "errors" :  ...
62: 469001 adresses traitées
adresse : bulk pour les ids de 11478434 à 11479433
bulk : {
  "took" : 72,
  "errors" :  ...
62: 470001 adresses traitées
adresse : bulk pour les ids de 11479434 à 11480433
bulk : {
  "took" : 86,
  "errors" :  ...
62: 471001 adresses traitées
adresse : bulk pour les ids de 11480434 à 11481433
bulk : {
  "took" : 69,
  "errors" :  ...
62: 472001 adresses traitées
adresse : bulk pour les ids de 11481434 à 11482433
bulk : {
  "took" : 91,
  "errors" :  ...
62: 473001 adresses traitées
adresse : bulk pour les ids de 11482434 à 11483433
bulk : {
  "took" : 68,
  "errors" :  ...
62: 474001 adresses traitées
adresse : bulk pour les ids de 11483434 à 11484433
bulk : {
  "took" : 85,
  "errors" :  ...
62: 475001 adresses traitées
adresse : bulk pour les ids de 11484434 à 11485433
bulk : {
  "took" : 72,
  "errors" :  ...
62: 476001 adresses traitées
62: 477001 adresses traitées
adresse : bulk pour les ids de 11485434 à 11486433
bulk : {
  "took" : 87,
  "errors" :  ...
62: 478001 adresses traitées
adresse : bulk pour les ids de 11486434 à 11487433
bulk : {
  "took" : 69,
  "errors" :  ...
62: 479001 adresses traitées
adresse : bulk pour les ids de 11487434 à 11488433
bulk : {
  "took" : 95,
  "errors" :  ...
62: 480001 adresses traitées
adresse : bulk pour les ids de 11488434 à 11489433
bulk : {
  "took" : 72,
  "errors" :  ...
62: 481001 adresses traitées
adresse : bulk pour les ids de 11489434 à 11490433
bulk : {
  "took" : 89,
  "errors" :  ...
62: 482001 adresses traitées
adresse : bulk pour les ids de 11490434 à 11491433
bulk : {
  "took" : 75,
  "errors" :  ...
62: 483001 adresses traitées
adresse : bulk pour les ids de 11491434 à 11492433
bulk : {
  "took" : 89,
  "errors" :  ...
62: 484001 adresses traitées
adresse : bulk pour les ids de 11492434 à 11493433
bulk : {
  "took" : 75,
  "errors" :  ...
62: 485001 adresses traitées
adresse : bulk pour les ids de 11493434 à 11494433
bulk : {
  "took" : 91,
  "errors" :  ...
62: 486001 adresses traitées
adresse : bulk pour les ids de 11494434 à 11495433
bulk : {
  "took" : 70,
  "errors" :  ...
62: 487001 adresses traitées
adresse : bulk pour les ids de 11495434 à 11496433
bulk : {
  "took" : 87,
  "errors" :  ...
62: 488001 adresses traitées
adresse : bulk pour les ids de 11496434 à 11497433
bulk : {
  "took" : 70,
  "errors" :  ...
62: 489001 adresses traitées
adresse : bulk pour les ids de 11497434 à 11498433
bulk : {
  "took" : 89,
  "errors" :  ...
62: 490001 adresses traitées
adresse : bulk pour les ids de 11498434 à 11499433
bulk : {
  "took" : 71,
  "errors" :  ...
62: 491001 adresses traitées
adresse : bulk pour les ids de 11499434 à 11500433
bulk : {
  "took" : 87,
  "errors" :  ...
62: 492001 adresses traitées
adresse : bulk pour les ids de 11500434 à 11501433
bulk : {
  "took" : 69,
  "errors" :  ...
62: 493001 adresses traitées
adresse : bulk pour les ids de 11501434 à 11502433
bulk : {
  "took" : 85,
  "errors" :  ...
62: 494001 adresses traitées
adresse : bulk pour les ids de 11502434 à 11503433
bulk : {
  "took" : 70,
  "errors" :  ...
62: 495001 adresses traitées
adresse : bulk pour les ids de 11503434 à 11504433
bulk : {
  "took" : 86,
  "errors" :  ...
62: 496001 adresses traitées
adresse : bulk pour les ids de 11504434 à 11505433
bulk : {
  "took" : 90,
  "errors" :  ...
62: 497001 adresses traitées
adresse : bulk pour les ids de 11505434 à 11506433
bulk : {
  "took" : 71,
  "errors" :  ...
62: 498001 adresses traitées
adresse : bulk pour les ids de 11506434 à 11507433
bulk : {
  "took" : 89,
  "errors" :  ...
62: 499001 adresses traitées
adresse : bulk pour les ids de 11507434 à 11508433
bulk : {
  "took" : 70,
  "errors" :  ...
62: 500001 adresses traitées
adresse : bulk pour les ids de 11508434 à 11509433
bulk : {
  "took" : 90,
  "errors" :  ...
62: 501001 adresses traitées
adresse : bulk pour les ids de 11509434 à 11510433
bulk : {
  "took" : 70,
  "errors" :  ...
62: 502001 adresses traitées
adresse : bulk pour les ids de 11510434 à 11511433
bulk : {
  "took" : 84,
  "errors" :  ...
62: 503001 adresses traitées
adresse : bulk pour les ids de 11511434 à 11512433
bulk : {
  "took" : 74,
  "errors" :  ...
62: 504001 adresses traitées
adresse : bulk pour les ids de 11512434 à 11513433
bulk : {
  "took" : 93,
  "errors" :  ...
62: 505001 adresses traitées
adresse : bulk pour les ids de 11513434 à 11514433
bulk : {
  "took" : 102,
  "errors" : ...
62: 506001 adresses traitées
adresse : bulk pour les ids de 11514434 à 11515433
bulk : {
  "took" : 90,
  "errors" :  ...
62: 507001 adresses traitées
adresse : bulk pour les ids de 11515434 à 11516433
bulk : {
  "took" : 73,
  "errors" :  ...
62: 508001 adresses traitées
adresse : bulk pour les ids de 11516434 à 11517433
bulk : {
  "took" : 90,
  "errors" :  ...
62: 509001 adresses traitées
adresse : bulk pour les ids de 11517434 à 11518433
bulk : {
  "took" : 71,
  "errors" :  ...
62: 510001 adresses traitées
adresse : bulk pour les ids de 11518434 à 11519433
bulk : {
  "took" : 88,
  "errors" :  ...
62: 511001 adresses traitées
adresse : bulk pour les ids de 11519434 à 11520433
bulk : {
  "took" : 71,
  "errors" :  ...
62: 512001 adresses traitées
adresse : bulk pour les ids de 11520434 à 11521433
bulk : {
  "took" : 85,
  "errors" :  ...
62: 513001 adresses traitées
adresse : bulk pour les ids de 11521434 à 11522433
bulk : {
  "took" : 72,
  "errors" :  ...
62: 514001 adresses traitées
62: 515001 adresses traitées
adresse : bulk pour les ids de 11522434 à 11523433
bulk : {
  "took" : 96,
  "errors" :  ...
62: 516001 adresses traitées
adresse : bulk pour les ids de 11523434 à 11524433
bulk : {
  "took" : 75,
  "errors" :  ...
62: 517001 adresses traitées
adresse : bulk pour les ids de 11524434 à 11525433
bulk : {
  "took" : 94,
  "errors" :  ...
62: 518001 adresses traitées
adresse : bulk pour les ids de 11525434 à 11526433
bulk : {
  "took" : 72,
  "errors" :  ...
62: 519001 adresses traitées
adresse : bulk pour les ids de 11526434 à 11527433
bulk : {
  "took" : 89,
  "errors" :  ...
62: 520001 adresses traitées
adresse : bulk pour les ids de 11527434 à 11528433
bulk : {
  "took" : 71,
  "errors" :  ...
62: 521001 adresses traitées
adresse : bulk pour les ids de 11528434 à 11529433
bulk : {
  "took" : 88,
  "errors" :  ...
62: 522001 adresses traitées
adresse : bulk pour les ids de 11529434 à 11530433
bulk : {
  "took" : 70,
  "errors" :  ...
62: 523001 adresses traitées
adresse : bulk pour les ids de 11530434 à 11531433
bulk : {
  "took" : 86,
  "errors" :  ...
62: 524001 adresses traitées
adresse : bulk pour les ids de 11531434 à 11532433
bulk : {
  "took" : 86,
  "errors" :  ...
62: 525001 adresses traitées
adresse : bulk pour les ids de 11532434 à 11533433
bulk : {
  "took" : 72,
  "errors" :  ...
62: 526001 adresses traitées
adresse : bulk pour les ids de 11533434 à 11534433
bulk : {
  "took" : 87,
  "errors" :  ...
62: 527001 adresses traitées
adresse : bulk pour les ids de 11534434 à 11535433
bulk : {
  "took" : 72,
  "errors" :  ...
62: 528001 adresses traitées
adresse : bulk pour les ids de 11535434 à 11536433
bulk : {
  "took" : 86,
  "errors" :  ...
62: 529001 adresses traitées
adresse : bulk pour les ids de 11536434 à 11537433
bulk : {
  "took" : 72,
  "errors" :  ...
62: 530001 adresses traitées
adresse : bulk pour les ids de 11537434 à 11538433
bulk : {
  "took" : 86,
  "errors" :  ...
62: 531001 adresses traitées
adresse : bulk pour les ids de 11538434 à 11539433
bulk : {
  "took" : 71,
  "errors" :  ...
62: 532001 adresses traitées
adresse : bulk pour les ids de 11539434 à 11540433
bulk : {
  "took" : 90,
  "errors" :  ...
62: 533001 adresses traitées
adresse : bulk pour les ids de 11540434 à 11541433
bulk : {
  "took" : 69,
  "errors" :  ...
62: 534001 adresses traitées
adresse : bulk pour les ids de 11541434 à 11542433
bulk : {
  "took" : 85,
  "errors" :  ...
62: 535001 adresses traitées
adresse : bulk pour les ids de 11542434 à 11543433
bulk : {
  "took" : 70,
  "errors" :  ...
62: 536001 adresses traitées
adresse : bulk pour les ids de 11543434 à 11544433
bulk : {
  "took" : 89,
  "errors" :  ...
62: 537001 adresses traitées
adresse : bulk pour les ids de 11544434 à 11545433
bulk : {
  "took" : 71,
  "errors" :  ...
62: 538001 adresses traitées
adresse : bulk pour les ids de 11545434 à 11546433
bulk : {
  "took" : 88,
  "errors" :  ...
62: 539001 adresses traitées
adresse : bulk pour les ids de 11546434 à 11547433
bulk : {
  "took" : 70,
  "errors" :  ...
62: 540001 adresses traitées
adresse : bulk pour les ids de 11547434 à 11548433
bulk : {
  "took" : 91,
  "errors" :  ...
62: 541001 adresses traitées
adresse : bulk pour les ids de 11548434 à 11549433
bulk : {
  "took" : 72,
  "errors" :  ...
62: 542001 adresses traitées
adresse : bulk pour les ids de 11549434 à 11550433
bulk : {
  "took" : 92,
  "errors" :  ...
62: 543001 adresses traitées
adresse : bulk pour les ids de 11550434 à 11551433
bulk : {
  "took" : 72,
  "errors" :  ...
62: 544001 adresses traitées
adresse : bulk pour les ids de 11551434 à 11552433
bulk : {
  "took" : 88,
  "errors" :  ...
62: 545001 adresses traitées
62: 546001 adresses traitées
adresse : bulk pour les ids de 11552434 à 11553433
bulk : {
  "took" : 74,
  "errors" :  ...
62: 547001 adresses traitées
adresse : bulk pour les ids de 11553434 à 11554433
bulk : {
  "took" : 90,
  "errors" :  ...
62: 548001 adresses traitées
adresse : bulk pour les ids de 11554434 à 11555433
bulk : {
  "took" : 72,
  "errors" :  ...
62: 549001 adresses traitées
adresse : bulk pour les ids de 11555434 à 11556433
bulk : {
  "took" : 88,
  "errors" :  ...
62: 550001 adresses traitées
adresse : bulk pour les ids de 11556434 à 11557433
bulk : {
  "took" : 74,
  "errors" :  ...
62: 551001 adresses traitées
adresse : bulk pour les ids de 11557434 à 11558433
bulk : {
  "took" : 87,
  "errors" :  ...
62: 552001 adresses traitées
adresse : bulk pour les ids de 11558434 à 11559433
bulk : {
  "took" : 72,
  "errors" :  ...
62: 553001 adresses traitées
adresse : bulk pour les ids de 11559434 à 11560433
bulk : {
  "took" : 72,
  "errors" :  ...
62: 554001 adresses traitées
adresse : bulk pour les ids de 11560434 à 11561433
bulk : {
  "took" : 86,
  "errors" :  ...
62: 555001 adresses traitées
adresse : bulk pour les ids de 11561434 à 11562433
bulk : {
  "took" : 71,
  "errors" :  ...
62: 556001 adresses traitées
adresse : bulk pour les ids de 11562434 à 11563433
bulk : {
  "took" : 87,
  "errors" :  ...
62: 557001 adresses traitées
adresse : bulk pour les ids de 11563434 à 11564433
bulk : {
  "took" : 70,
  "errors" :  ...
62: 558001 adresses traitées
adresse : bulk pour les ids de 11564434 à 11565433
bulk : {
  "took" : 99,
  "errors" :  ...
62: 559001 adresses traitées
adresse : bulk pour les ids de 11565434 à 11566433
bulk : {
  "took" : 70,
  "errors" :  ...
62: 560001 adresses traitées
adresse : bulk pour les ids de 11566434 à 11567433
bulk : {
  "took" : 85,
  "errors" :  ...
62: 561001 adresses traitées
adresse : bulk pour les ids de 11567434 à 11568433
bulk : {
  "took" : 73,
  "errors" :  ...
62: 562001 adresses traitées
adresse : bulk pour les ids de 11568434 à 11569433
bulk : {
  "took" : 91,
  "errors" :  ...
62: 563001 adresses traitées
adresse : bulk pour les ids de 11569434 à 11570433
bulk : {
  "took" : 69,
  "errors" :  ...
62: 564001 adresses traitées
adresse : bulk pour les ids de 11570434 à 11571433
bulk : {
  "took" : 87,
  "errors" :  ...
62: 565001 adresses traitées
adresse : bulk pour les ids de 11571434 à 11572433
bulk : {
  "took" : 73,
  "errors" :  ...
62: 566001 adresses traitées
adresse : bulk pour les ids de 11572434 à 11573433
bulk : {
  "took" : 96,
  "errors" :  ...
62: 567001 adresses traitées
adresse : bulk pour les ids de 11573434 à 11574433
bulk : {
  "took" : 71,
  "errors" :  ...
62: 568001 adresses traitées
adresse : bulk pour les ids de 11574434 à 11575433
bulk : {
  "took" : 89,
  "errors" :  ...
62: 569001 adresses traitées
adresse : bulk pour les ids de 11575434 à 11576433
bulk : {
  "took" : 72,
  "errors" :  ...
62: 570001 adresses traitées
adresse : bulk pour les ids de 11576434 à 11577433
bulk : {
  "took" : 95,
  "errors" :  ...
62: 571001 adresses traitées
adresse : bulk pour les ids de 11577434 à 11578433
bulk : {
  "took" : 71,
  "errors" :  ...
62: 572001 adresses traitées
adresse : bulk pour les ids de 11578434 à 11579433
bulk : {
  "took" : 86,
  "errors" :  ...
62: 573001 adresses traitées
adresse : bulk pour les ids de 11579434 à 11580433
bulk : {
  "took" : 72,
  "errors" :  ...
62: 574001 adresses traitées
adresse : bulk pour les ids de 11580434 à 11581433
bulk : {
  "took" : 90,
  "errors" :  ...
62: 575001 adresses traitées
adresse : bulk pour les ids de 11581434 à 11582433
bulk : {
  "took" : 72,
  "errors" :  ...
62: 576001 adresses traitées
adresse : bulk pour les ids de 11582434 à 11583433
bulk : {
  "took" : 86,
  "errors" :  ...
62: 577001 adresses traitées
adresse : bulk pour les ids de 11583434 à 11584433
bulk : {
  "took" : 70,
  "errors" :  ...
62: 578001 adresses traitées
adresse : bulk pour les ids de 11584434 à 11585433
bulk : {
  "took" : 87,
  "errors" :  ...
62: 579001 adresses traitées
62: 580001 adresses traitées
adresse : bulk pour les ids de 11585434 à 11586433
bulk : {
  "took" : 71,
  "errors" :  ...
62: 581001 adresses traitées
adresse : bulk pour les ids de 11586434 à 11587433
bulk : {
  "took" : 85,
  "errors" :  ...
62: 582001 adresses traitées
adresse : bulk pour les ids de 11587434 à 11588433
bulk : {
  "took" : 71,
  "errors" :  ...
62: 583001 adresses traitées
adresse : bulk pour les ids de 11588434 à 11589433
bulk : {
  "took" : 86,
  "errors" :  ...
62: 584001 adresses traitées
adresse : bulk pour les ids de 11589434 à 11590433
bulk : {
  "took" : 70,
  "errors" :  ...
62: 585001 adresses traitées
adresse : bulk pour les ids de 11590434 à 11591433
bulk : {
  "took" : 84,
  "errors" :  ...
62: 586001 adresses traitées
adresse : bulk pour les ids de 11591434 à 11592433
bulk : {
  "took" : 87,
  "errors" :  ...
62: 587001 adresses traitées
adresse : bulk pour les ids de 11592434 à 11593433
bulk : {
  "took" : 73,
  "errors" :  ...
62: 588001 adresses traitées
adresse : bulk pour les ids de 11593434 à 11594433
bulk : {
  "took" : 87,
  "errors" :  ...
62: 589001 adresses traitées
adresse : bulk pour les ids de 11594434 à 11595433
bulk : {
  "took" : 70,
  "errors" :  ...
62: 590001 adresses traitées
adresse : bulk pour les ids de 11595434 à 11596433
bulk : {
  "took" : 88,
  "errors" :  ...
62: 591001 adresses traitées
adresse : bulk pour les ids de 11596434 à 11597433
bulk : {
  "took" : 72,
  "errors" :  ...
62: 592001 adresses traitées
adresse : bulk pour les ids de 11597434 à 11598433
bulk : {
  "took" : 93,
  "errors" :  ...
62: 593001 adresses traitées
adresse : bulk pour les ids de 11598434 à 11599433
bulk : {
  "took" : 73,
  "errors" :  ...
62: 594001 adresses traitées
adresse : bulk pour les ids de 11599434 à 11600433
bulk : {
  "took" : 90,
  "errors" :  ...
62: 595001 adresses traitées
adresse : bulk pour les ids de 11600434 à 11601433
bulk : {
  "took" : 73,
  "errors" :  ...
62: 596001 adresses traitées
adresse : bulk pour les ids de 11601434 à 11602433
bulk : {
  "took" : 84,
  "errors" :  ...
62: 597001 adresses traitées
adresse : bulk pour les ids de 11602434 à 11603433
bulk : {
  "took" : 71,
  "errors" :  ...
62: 598001 adresses traitées
adresse : bulk pour les ids de 11603434 à 11604433
bulk : {
  "took" : 89,
  "errors" :  ...
62: 599001 adresses traitées
adresse : bulk pour les ids de 11604434 à 11605433
bulk : {
  "took" : 73,
  "errors" :  ...
62: 600001 adresses traitées
adresse : bulk pour les ids de 11605434 à 11606433
bulk : {
  "took" : 90,
  "errors" :  ...
62: 601001 adresses traitées
adresse : bulk pour les ids de 11606434 à 11607433
bulk : {
  "took" : 71,
  "errors" :  ...
62: 602001 adresses traitées
adresse : bulk pour les ids de 11607434 à 11608433
bulk : {
  "took" : 90,
  "errors" :  ...
62: 603001 adresses traitées
adresse : bulk pour les ids de 11608434 à 11609433
bulk : {
  "took" : 72,
  "errors" :  ...
62: 604001 adresses traitées
adresse : bulk pour les ids de 11609434 à 11610433
bulk : {
  "took" : 94,
  "errors" :  ...
62: 605001 adresses traitées
adresse : bulk pour les ids de 11610434 à 11611433
bulk : {
  "took" : 72,
  "errors" :  ...
62: 606001 adresses traitées
adresse : bulk pour les ids de 11611434 à 11612433
bulk : {
  "took" : 85,
  "errors" :  ...
62: 607001 adresses traitées
adresse : bulk pour les ids de 11612434 à 11613433
bulk : {
  "took" : 72,
  "errors" :  ...
62: 608001 adresses traitées
adresse : bulk pour les ids de 11613434 à 11614433
bulk : {
  "took" : 95,
  "errors" :  ...
62: 609001 adresses traitées
adresse : bulk pour les ids de 11614434 à 11615433
bulk : {
  "took" : 72,
  "errors" :  ...
62: 610001 adresses traitées
adresse : bulk pour les ids de 11615434 à 11616433
bulk : {
  "took" : 98,
  "errors" :  ...
62: 611001 adresses traitées
62: 612001 adresses traitées
adresse : bulk pour les ids de 11616434 à 11617433
bulk : {
  "took" : 71,
  "errors" :  ...
62: 613001 adresses traitées
adresse : bulk pour les ids de 11617434 à 11618433
bulk : {
  "took" : 93,
  "errors" :  ...
62: 614001 adresses traitées
adresse : bulk pour les ids de 11618434 à 11619433
bulk : {
  "took" : 71,
  "errors" :  ...
62: 615001 adresses traitées
adresse : bulk pour les ids de 11619434 à 11620433
bulk : {
  "took" : 85,
  "errors" :  ...
62: 616001 adresses traitées
adresse : bulk pour les ids de 11620434 à 11621433
bulk : {
  "took" : 72,
  "errors" :  ...
62: 617001 adresses traitées
adresse : bulk pour les ids de 11621434 à 11622433
bulk : {
  "took" : 94,
  "errors" :  ...
62: 618001 adresses traitées
adresse : bulk pour les ids de 11622434 à 11623433
bulk : {
  "took" : 87,
  "errors" :  ...
62: 619001 adresses traitées
adresse : bulk pour les ids de 11623434 à 11624433
bulk : {
  "took" : 74,
  "errors" :  ...
62: 620001 adresses traitées
adresse : bulk pour les ids de 11624434 à 11625433
bulk : {
  "took" : 87,
  "errors" :  ...
62: 621001 adresses traitées
adresse : bulk pour les ids de 11625434 à 11626433
bulk : {
  "took" : 74,
  "errors" :  ...
62: 622001 adresses traitées
adresse : bulk pour les ids de 11626434 à 11627433
bulk : {
  "took" : 91,
  "errors" :  ...
62: 623001 adresses traitées
adresse : bulk pour les ids de 11627434 à 11628433
bulk : {
  "took" : 74,
  "errors" :  ...
62: 624001 adresses traitées
adresse : bulk pour les ids de 11628434 à 11629433
bulk : {
  "took" : 89,
  "errors" :  ...
62: 625001 adresses traitées
adresse : bulk pour les ids de 11629434 à 11630433
bulk : {
  "took" : 73,
  "errors" :  ...
62: 626001 adresses traitées
adresse : bulk pour les ids de 11630434 à 11631433
bulk : {
  "took" : 87,
  "errors" :  ...
62: 627001 adresses traitées
adresse : bulk pour les ids de 11631434 à 11632433
bulk : {
  "took" : 74,
  "errors" :  ...
62: 628001 adresses traitées
adresse : bulk pour les ids de 11632434 à 11633433
bulk : {
  "took" : 91,
  "errors" :  ...
62: 629001 adresses traitées
adresse : bulk pour les ids de 11633434 à 11634433
bulk : {
  "took" : 74,
  "errors" :  ...
62: 630001 adresses traitées
adresse : bulk pour les ids de 11634434 à 11635433
bulk : {
  "took" : 93,
  "errors" :  ...
62: 631001 adresses traitées
adresse : bulk pour les ids de 11635434 à 11636433
bulk : {
  "took" : 75,
  "errors" :  ...
62: 632001 adresses traitées
adresse : bulk pour les ids de 11636434 à 11637433
bulk : {
  "took" : 92,
  "errors" :  ...
62: 633001 adresses traitées
adresse : bulk pour les ids de 11637434 à 11638433
bulk : {
  "took" : 79,
  "errors" :  ...
62: 634001 adresses traitées
adresse : bulk pour les ids de 11638434 à 11639433
bulk : {
  "took" : 96,
  "errors" :  ...
62: 635001 adresses traitées
adresse : bulk pour les ids de 11639434 à 11639850
bulk : {
  "took" : 31,
  "errors" :  ...
dpt 63 : voies
63: 1 voies traitées
voie : bulk pour les ids de 828853 à 829052
bulk : {
  "took" : 13,
  "errors" :  ...
63: 201 voies traitées
voie : bulk pour les ids de 829053 à 829252
bulk : {
  "took" : 12,
  "errors" :  ...
63: 401 voies traitées
voie : bulk pour les ids de 829253 à 829452
bulk : {
  "took" : 12,
  "errors" :  ...
63: 601 voies traitées
voie : bulk pour les ids de 829453 à 829652
bulk : {
  "took" : 12,
  "errors" :  ...
63: 801 voies traitées
voie : bulk pour les ids de 829653 à 829852
bulk : {
  "took" : 12,
  "errors" :  ...
63: 1001 voies traitées
voie : bulk pour les ids de 829853 à 830052
bulk : {
  "took" : 33,
  "errors" :  ...
63: 1201 voies traitées
voie : bulk pour les ids de 830053 à 830252
bulk : {
  "took" : 13,
  "errors" :  ...
63: 1401 voies traitées
voie : bulk pour les ids de 830253 à 830452
bulk : {
  "took" : 13,
  "errors" :  ...
63: 1601 voies traitées
voie : bulk pour les ids de 830453 à 830652
bulk : {
  "took" : 12,
  "errors" :  ...
63: 1801 voies traitées
voie : bulk pour les ids de 830653 à 830852
bulk : {
  "took" : 13,
  "errors" :  ...
63: 2001 voies traitées
voie : bulk pour les ids de 830853 à 831052
bulk : {
  "took" : 13,
  "errors" :  ...
63: 2201 voies traitées
voie : bulk pour les ids de 831053 à 831252
bulk : {
  "took" : 12,
  "errors" :  ...
63: 2401 voies traitées
voie : bulk pour les ids de 831253 à 831452
bulk : {
  "took" : 13,
  "errors" :  ...
63: 2601 voies traitées
voie : bulk pour les ids de 831453 à 831652
bulk : {
  "took" : 12,
  "errors" :  ...
63: 2801 voies traitées
voie : bulk pour les ids de 831653 à 831852
bulk : {
  "took" : 12,
  "errors" :  ...
63: 3001 voies traitées
voie : bulk pour les ids de 831853 à 832052
bulk : {
  "took" : 27,
  "errors" :  ...
63: 3201 voies traitées
voie : bulk pour les ids de 832053 à 832252
bulk : {
  "took" : 12,
  "errors" :  ...
63: 3401 voies traitées
voie : bulk pour les ids de 832253 à 832452
bulk : {
  "took" : 12,
  "errors" :  ...
63: 3601 voies traitées
voie : bulk pour les ids de 832453 à 832652
bulk : {
  "took" : 17,
  "errors" :  ...
63: 3801 voies traitées
voie : bulk pour les ids de 832653 à 832852
bulk : {
  "took" : 12,
  "errors" :  ...
63: 4001 voies traitées
voie : bulk pour les ids de 832853 à 833052
bulk : {
  "took" : 12,
  "errors" :  ...
63: 4201 voies traitées
voie : bulk pour les ids de 833053 à 833252
bulk : {
  "took" : 12,
  "errors" :  ...
63: 4401 voies traitées
voie : bulk pour les ids de 833253 à 833452
bulk : {
  "took" : 15,
  "errors" :  ...
63: 4601 voies traitées
voie : bulk pour les ids de 833453 à 833652
bulk : {
  "took" : 12,
  "errors" :  ...
63: 4801 voies traitées
voie : bulk pour les ids de 833653 à 833852
bulk : {
  "took" : 13,
  "errors" :  ...
63: 5001 voies traitées
voie : bulk pour les ids de 833853 à 834052
bulk : {
  "took" : 28,
  "errors" :  ...
63: 5201 voies traitées
voie : bulk pour les ids de 834053 à 834252
bulk : {
  "took" : 13,
  "errors" :  ...
63: 5401 voies traitées
voie : bulk pour les ids de 834253 à 834452
bulk : {
  "took" : 16,
  "errors" :  ...
63: 5601 voies traitées
voie : bulk pour les ids de 834453 à 834652
bulk : {
  "took" : 13,
  "errors" :  ...
63: 5801 voies traitées
voie : bulk pour les ids de 834653 à 834852
bulk : {
  "took" : 12,
  "errors" :  ...
63: 6001 voies traitées
voie : bulk pour les ids de 834853 à 835052
bulk : {
  "took" : 12,
  "errors" :  ...
63: 6201 voies traitées
voie : bulk pour les ids de 835053 à 835252
bulk : {
  "took" : 12,
  "errors" :  ...
63: 6401 voies traitées
voie : bulk pour les ids de 835253 à 835452
bulk : {
  "took" : 30,
  "errors" :  ...
63: 6601 voies traitées
voie : bulk pour les ids de 835453 à 835652
bulk : {
  "took" : 12,
  "errors" :  ...
63: 6801 voies traitées
voie : bulk pour les ids de 835653 à 835852
bulk : {
  "took" : 12,
  "errors" :  ...
63: 7001 voies traitées
voie : bulk pour les ids de 835853 à 836052
bulk : {
  "took" : 12,
  "errors" :  ...
63: 7201 voies traitées
voie : bulk pour les ids de 836053 à 836252
bulk : {
  "took" : 12,
  "errors" :  ...
63: 7401 voies traitées
voie : bulk pour les ids de 836253 à 836452
bulk : {
  "took" : 13,
  "errors" :  ...
63: 7601 voies traitées
voie : bulk pour les ids de 836453 à 836652
bulk : {
  "took" : 13,
  "errors" :  ...
63: 7801 voies traitées
voie : bulk pour les ids de 836653 à 836852
bulk : {
  "took" : 12,
  "errors" :  ...
63: 8001 voies traitées
voie : bulk pour les ids de 836853 à 837052
bulk : {
  "took" : 12,
  "errors" :  ...
63: 8201 voies traitées
voie : bulk pour les ids de 837053 à 837252
bulk : {
  "took" : 13,
  "errors" :  ...
63: 8401 voies traitées
voie : bulk pour les ids de 837253 à 837452
bulk : {
  "took" : 26,
  "errors" :  ...
63: 8601 voies traitées
voie : bulk pour les ids de 837453 à 837652
bulk : {
  "took" : 13,
  "errors" :  ...
63: 8801 voies traitées
voie : bulk pour les ids de 837653 à 837852
bulk : {
  "took" : 13,
  "errors" :  ...
63: 9001 voies traitées
voie : bulk pour les ids de 837853 à 838052
bulk : {
  "took" : 13,
  "errors" :  ...
63: 9201 voies traitées
voie : bulk pour les ids de 838053 à 838252
bulk : {
  "took" : 17,
  "errors" :  ...
63: 9401 voies traitées
voie : bulk pour les ids de 838253 à 838452
bulk : {
  "took" : 16,
  "errors" :  ...
63: 9601 voies traitées
voie : bulk pour les ids de 838453 à 838652
bulk : {
  "took" : 12,
  "errors" :  ...
63: 9801 voies traitées
voie : bulk pour les ids de 838653 à 838852
bulk : {
  "took" : 12,
  "errors" :  ...
63: 10001 voies traitées
voie : bulk pour les ids de 838853 à 839052
bulk : {
  "took" : 12,
  "errors" :  ...
63: 10201 voies traitées
voie : bulk pour les ids de 839053 à 839252
bulk : {
  "took" : 12,
  "errors" :  ...
63: 10401 voies traitées
voie : bulk pour les ids de 839253 à 839452
bulk : {
  "took" : 29,
  "errors" :  ...
63: 10601 voies traitées
voie : bulk pour les ids de 839453 à 839652
bulk : {
  "took" : 12,
  "errors" :  ...
63: 10801 voies traitées
voie : bulk pour les ids de 839653 à 839852
bulk : {
  "took" : 12,
  "errors" :  ...
63: 11001 voies traitées
voie : bulk pour les ids de 839853 à 840052
bulk : {
  "took" : 13,
  "errors" :  ...
63: 11201 voies traitées
voie : bulk pour les ids de 840053 à 840252
bulk : {
  "took" : 13,
  "errors" :  ...
63: 11401 voies traitées
voie : bulk pour les ids de 840253 à 840452
bulk : {
  "took" : 12,
  "errors" :  ...
63: 11601 voies traitées
voie : bulk pour les ids de 840453 à 840652
bulk : {
  "took" : 11,
  "errors" :  ...
63: 11801 voies traitées
voie : bulk pour les ids de 840653 à 840852
bulk : {
  "took" : 12,
  "errors" :  ...
63: 12001 voies traitées
voie : bulk pour les ids de 840853 à 841052
bulk : {
  "took" : 12,
  "errors" :  ...
63: 12201 voies traitées
voie : bulk pour les ids de 841053 à 841252
bulk : {
  "took" : 12,
  "errors" :  ...
63: 12401 voies traitées
voie : bulk pour les ids de 841253 à 841452
bulk : {
  "took" : 28,
  "errors" :  ...
63: 12601 voies traitées
voie : bulk pour les ids de 841453 à 841652
bulk : {
  "took" : 17,
  "errors" :  ...
63: 12801 voies traitées
voie : bulk pour les ids de 841653 à 841852
bulk : {
  "took" : 12,
  "errors" :  ...
63: 13001 voies traitées
voie : bulk pour les ids de 841853 à 842052
bulk : {
  "took" : 21,
  "errors" :  ...
63: 13201 voies traitées
voie : bulk pour les ids de 842053 à 842252
bulk : {
  "took" : 16,
  "errors" :  ...
63: 13401 voies traitées
voie : bulk pour les ids de 842253 à 842452
bulk : {
  "took" : 12,
  "errors" :  ...
63: 13601 voies traitées
voie : bulk pour les ids de 842453 à 842652
bulk : {
  "took" : 12,
  "errors" :  ...
63: 13801 voies traitées
voie : bulk pour les ids de 842653 à 842852
bulk : {
  "took" : 29,
  "errors" :  ...
63: 14001 voies traitées
voie : bulk pour les ids de 842853 à 843052
bulk : {
  "took" : 12,
  "errors" :  ...
63: 14201 voies traitées
voie : bulk pour les ids de 843053 à 843252
bulk : {
  "took" : 15,
  "errors" :  ...
63: 14401 voies traitées
voie : bulk pour les ids de 843253 à 843452
bulk : {
  "took" : 12,
  "errors" :  ...
63: 14601 voies traitées
voie : bulk pour les ids de 843453 à 843652
bulk : {
  "took" : 12,
  "errors" :  ...
63: 14801 voies traitées
voie : bulk pour les ids de 843653 à 843852
bulk : {
  "took" : 11,
  "errors" :  ...
63: 15001 voies traitées
voie : bulk pour les ids de 843853 à 844052
bulk : {
  "took" : 12,
  "errors" :  ...
63: 15201 voies traitées
voie : bulk pour les ids de 844053 à 844252
bulk : {
  "took" : 12,
  "errors" :  ...
63: 15401 voies traitées
voie : bulk pour les ids de 844253 à 844452
bulk : {
  "took" : 11,
  "errors" :  ...
63: 15601 voies traitées
voie : bulk pour les ids de 844453 à 844652
bulk : {
  "took" : 12,
  "errors" :  ...
63: 15801 voies traitées
voie : bulk pour les ids de 844653 à 844852
bulk : {
  "took" : 12,
  "errors" :  ...
63: 16001 voies traitées
voie : bulk pour les ids de 844853 à 845052
bulk : {
  "took" : 24,
  "errors" :  ...
63: 16201 voies traitées
voie : bulk pour les ids de 845053 à 845153
bulk : {
  "took" : 5,
  "errors" : f ...
dpt 63 : adresses
63: 1 adresses traitées
63: 1001 adresses traitées
adresse : bulk pour les ids de 11639851 à 11640850
bulk : {
  "took" : 74,
  "errors" :  ...
63: 2001 adresses traitées
adresse : bulk pour les ids de 11640851 à 11641850
bulk : {
  "took" : 92,
  "errors" :  ...
63: 3001 adresses traitées
adresse : bulk pour les ids de 11641851 à 11642850
bulk : {
  "took" : 74,
  "errors" :  ...
63: 4001 adresses traitées
adresse : bulk pour les ids de 11642851 à 11643850
bulk : {
  "took" : 88,
  "errors" :  ...
63: 5001 adresses traitées
63: 6001 adresses traitées
adresse : bulk pour les ids de 11643851 à 11644850
bulk : {
  "took" : 73,
  "errors" :  ...
63: 7001 adresses traitées
adresse : bulk pour les ids de 11644851 à 11645850
bulk : {
  "took" : 88,
  "errors" :  ...
63: 8001 adresses traitées
adresse : bulk pour les ids de 11645851 à 11646850
bulk : {
  "took" : 73,
  "errors" :  ...
63: 9001 adresses traitées
adresse : bulk pour les ids de 11646851 à 11647850
bulk : {
  "took" : 91,
  "errors" :  ...
63: 10001 adresses traitées
adresse : bulk pour les ids de 11647851 à 11648850
bulk : {
  "took" : 71,
  "errors" :  ...
63: 11001 adresses traitées
adresse : bulk pour les ids de 11648851 à 11649850
bulk : {
  "took" : 91,
  "errors" :  ...
63: 12001 adresses traitées
adresse : bulk pour les ids de 11649851 à 11650850
bulk : {
  "took" : 72,
  "errors" :  ...
63: 13001 adresses traitées
63: 14001 adresses traitées
adresse : bulk pour les ids de 11650851 à 11651850
bulk : {
  "took" : 93,
  "errors" :  ...
63: 15001 adresses traitées
adresse : bulk pour les ids de 11651851 à 11652850
bulk : {
  "took" : 74,
  "errors" :  ...
63: 16001 adresses traitées
adresse : bulk pour les ids de 11652851 à 11653850
bulk : {
  "took" : 84,
  "errors" :  ...
63: 17001 adresses traitées
adresse : bulk pour les ids de 11653851 à 11654850
bulk : {
  "took" : 73,
  "errors" :  ...
63: 18001 adresses traitées
63: 19001 adresses traitées
adresse : bulk pour les ids de 11654851 à 11655850
bulk : {
  "took" : 96,
  "errors" :  ...
63: 20001 adresses traitées
adresse : bulk pour les ids de 11655851 à 11656850
bulk : {
  "took" : 93,
  "errors" :  ...
63: 21001 adresses traitées
adresse : bulk pour les ids de 11656851 à 11657850
bulk : {
  "took" : 70,
  "errors" :  ...
63: 22001 adresses traitées
63: 23001 adresses traitées
adresse : bulk pour les ids de 11657851 à 11658850
bulk : {
  "took" : 70,
  "errors" :  ...
63: 24001 adresses traitées
adresse : bulk pour les ids de 11658851 à 11659850
bulk : {
  "took" : 85,
  "errors" :  ...
63: 25001 adresses traitées
adresse : bulk pour les ids de 11659851 à 11660850
bulk : {
  "took" : 68,
  "errors" :  ...
63: 26001 adresses traitées
adresse : bulk pour les ids de 11660851 à 11661850
bulk : {
  "took" : 88,
  "errors" :  ...
63: 27001 adresses traitées
adresse : bulk pour les ids de 11661851 à 11662850
bulk : {
  "took" : 69,
  "errors" :  ...
63: 28001 adresses traitées
adresse : bulk pour les ids de 11662851 à 11663850
bulk : {
  "took" : 82,
  "errors" :  ...
63: 29001 adresses traitées
adresse : bulk pour les ids de 11663851 à 11664850
bulk : {
  "took" : 67,
  "errors" :  ...
63: 30001 adresses traitées
adresse : bulk pour les ids de 11664851 à 11665850
bulk : {
  "took" : 82,
  "errors" :  ...
63: 31001 adresses traitées
adresse : bulk pour les ids de 11665851 à 11666850
bulk : {
  "took" : 98,
  "errors" :  ...
63: 32001 adresses traitées
adresse : bulk pour les ids de 11666851 à 11667850
bulk : {
  "took" : 66,
  "errors" :  ...
63: 33001 adresses traitées
adresse : bulk pour les ids de 11667851 à 11668850
bulk : {
  "took" : 68,
  "errors" :  ...
63: 34001 adresses traitées
63: 35001 adresses traitées
adresse : bulk pour les ids de 11668851 à 11669850
bulk : {
  "took" : 87,
  "errors" :  ...
63: 36001 adresses traitées
adresse : bulk pour les ids de 11669851 à 11670850
bulk : {
  "took" : 67,
  "errors" :  ...
63: 37001 adresses traitées
adresse : bulk pour les ids de 11670851 à 11671850
bulk : {
  "took" : 81,
  "errors" :  ...
63: 38001 adresses traitées
adresse : bulk pour les ids de 11671851 à 11672850
bulk : {
  "took" : 70,
  "errors" :  ...
63: 39001 adresses traitées
adresse : bulk pour les ids de 11672851 à 11673850
bulk : {
  "took" : 82,
  "errors" :  ...
63: 40001 adresses traitées
63: 41001 adresses traitées
adresse : bulk pour les ids de 11673851 à 11674850
bulk : {
  "took" : 68,
  "errors" :  ...
63: 42001 adresses traitées
adresse : bulk pour les ids de 11674851 à 11675850
bulk : {
  "took" : 81,
  "errors" :  ...
63: 43001 adresses traitées
adresse : bulk pour les ids de 11675851 à 11676850
bulk : {
  "took" : 84,
  "errors" :  ...
63: 44001 adresses traitées
adresse : bulk pour les ids de 11676851 à 11677850
bulk : {
  "took" : 70,
  "errors" :  ...
63: 45001 adresses traitées
adresse : bulk pour les ids de 11677851 à 11678850
bulk : {
  "took" : 79,
  "errors" :  ...
63: 46001 adresses traitées
adresse : bulk pour les ids de 11678851 à 11679850
bulk : {
  "took" : 66,
  "errors" :  ...
63: 47001 adresses traitées
adresse : bulk pour les ids de 11679851 à 11680850
bulk : {
  "took" : 87,
  "errors" :  ...
63: 48001 adresses traitées
63: 49001 adresses traitées
adresse : bulk pour les ids de 11680851 à 11681850
bulk : {
  "took" : 69,
  "errors" :  ...
63: 50001 adresses traitées
adresse : bulk pour les ids de 11681851 à 11682850
bulk : {
  "took" : 85,
  "errors" :  ...
63: 51001 adresses traitées
adresse : bulk pour les ids de 11682851 à 11683850
bulk : {
  "took" : 68,
  "errors" :  ...
63: 52001 adresses traitées
adresse : bulk pour les ids de 11683851 à 11684850
bulk : {
  "took" : 82,
  "errors" :  ...
63: 53001 adresses traitées
adresse : bulk pour les ids de 11684851 à 11685850
bulk : {
  "took" : 70,
  "errors" :  ...
63: 54001 adresses traitées
adresse : bulk pour les ids de 11685851 à 11686850
bulk : {
  "took" : 87,
  "errors" :  ...
63: 55001 adresses traitées
63: 56001 adresses traitées
adresse : bulk pour les ids de 11686851 à 11687850
bulk : {
  "took" : 69,
  "errors" :  ...
63: 57001 adresses traitées
adresse : bulk pour les ids de 11687851 à 11688850
bulk : {
  "took" : 66,
  "errors" :  ...
63: 58001 adresses traitées
adresse : bulk pour les ids de 11688851 à 11689850
bulk : {
  "took" : 82,
  "errors" :  ...
63: 59001 adresses traitées
adresse : bulk pour les ids de 11689851 à 11690850
bulk : {
  "took" : 67,
  "errors" :  ...
63: 60001 adresses traitées
adresse : bulk pour les ids de 11690851 à 11691850
bulk : {
  "took" : 82,
  "errors" :  ...
63: 61001 adresses traitées
adresse : bulk pour les ids de 11691851 à 11692850
bulk : {
  "took" : 68,
  "errors" :  ...
63: 62001 adresses traitées
adresse : bulk pour les ids de 11692851 à 11693850
bulk : {
  "took" : 80,
  "errors" :  ...
63: 63001 adresses traitées
adresse : bulk pour les ids de 11693851 à 11694850
bulk : {
  "took" : 73,
  "errors" :  ...
63: 64001 adresses traitées
adresse : bulk pour les ids de 11694851 à 11695850
bulk : {
  "took" : 84,
  "errors" :  ...
63: 65001 adresses traitées
adresse : bulk pour les ids de 11695851 à 11696850
bulk : {
  "took" : 71,
  "errors" :  ...
63: 66001 adresses traitées
adresse : bulk pour les ids de 11696851 à 11697850
bulk : {
  "took" : 91,
  "errors" :  ...
63: 67001 adresses traitées
adresse : bulk pour les ids de 11697851 à 11698850
bulk : {
  "took" : 70,
  "errors" :  ...
63: 68001 adresses traitées
63: 69001 adresses traitées
adresse : bulk pour les ids de 11698851 à 11699850
bulk : {
  "took" : 88,
  "errors" :  ...
63: 70001 adresses traitées
adresse : bulk pour les ids de 11699851 à 11700850
bulk : {
  "took" : 70,
  "errors" :  ...
63: 71001 adresses traitées
adresse : bulk pour les ids de 11700851 à 11701850
bulk : {
  "took" : 83,
  "errors" :  ...
63: 72001 adresses traitées
adresse : bulk pour les ids de 11701851 à 11702850
bulk : {
  "took" : 72,
  "errors" :  ...
63: 73001 adresses traitées
adresse : bulk pour les ids de 11702851 à 11703850
bulk : {
  "took" : 91,
  "errors" :  ...
63: 74001 adresses traitées
adresse : bulk pour les ids de 11703851 à 11704850
bulk : {
  "took" : 72,
  "errors" :  ...
63: 75001 adresses traitées
adresse : bulk pour les ids de 11704851 à 11705850
bulk : {
  "took" : 85,
  "errors" :  ...
63: 76001 adresses traitées
adresse : bulk pour les ids de 11705851 à 11706850
bulk : {
  "took" : 69,
  "errors" :  ...
63: 77001 adresses traitées
adresse : bulk pour les ids de 11706851 à 11707850
bulk : {
  "took" : 85,
  "errors" :  ...
63: 78001 adresses traitées
adresse : bulk pour les ids de 11707851 à 11708850
bulk : {
  "took" : 70,
  "errors" :  ...
63: 79001 adresses traitées
adresse : bulk pour les ids de 11708851 à 11709850
bulk : {
  "took" : 89,
  "errors" :  ...
63: 80001 adresses traitées
adresse : bulk pour les ids de 11709851 à 11710850
bulk : {
  "took" : 70,
  "errors" :  ...
63: 81001 adresses traitées
63: 82001 adresses traitées
adresse : bulk pour les ids de 11710851 à 11711850
bulk : {
  "took" : 84,
  "errors" :  ...
63: 83001 adresses traitées
adresse : bulk pour les ids de 11711851 à 11712850
bulk : {
  "took" : 68,
  "errors" :  ...
63: 84001 adresses traitées
adresse : bulk pour les ids de 11712851 à 11713850
bulk : {
  "took" : 89,
  "errors" :  ...
63: 85001 adresses traitées
adresse : bulk pour les ids de 11713851 à 11714850
bulk : {
  "took" : 70,
  "errors" :  ...
63: 86001 adresses traitées
adresse : bulk pour les ids de 11714851 à 11715850
bulk : {
  "took" : 85,
  "errors" :  ...
63: 87001 adresses traitées
adresse : bulk pour les ids de 11715851 à 11716850
bulk : {
  "took" : 70,
  "errors" :  ...
63: 88001 adresses traitées
adresse : bulk pour les ids de 11716851 à 11717850
bulk : {
  "took" : 75,
  "errors" :  ...
63: 89001 adresses traitées
adresse : bulk pour les ids de 11717851 à 11718850
bulk : {
  "took" : 83,
  "errors" :  ...
63: 90001 adresses traitées
adresse : bulk pour les ids de 11718851 à 11719850
bulk : {
  "took" : 69,
  "errors" :  ...
63: 91001 adresses traitées
adresse : bulk pour les ids de 11719851 à 11720850
bulk : {
  "took" : 84,
  "errors" :  ...
63: 92001 adresses traitées
adresse : bulk pour les ids de 11720851 à 11721850
bulk : {
  "took" : 69,
  "errors" :  ...
63: 93001 adresses traitées
adresse : bulk pour les ids de 11721851 à 11722850
bulk : {
  "took" : 89,
  "errors" :  ...
63: 94001 adresses traitées
adresse : bulk pour les ids de 11722851 à 11723850
bulk : {
  "took" : 70,
  "errors" :  ...
63: 95001 adresses traitées
adresse : bulk pour les ids de 11723851 à 11724850
bulk : {
  "took" : 89,
  "errors" :  ...
63: 96001 adresses traitées
63: 97001 adresses traitées
adresse : bulk pour les ids de 11724851 à 11725850
bulk : {
  "took" : 70,
  "errors" :  ...
63: 98001 adresses traitées
adresse : bulk pour les ids de 11725851 à 11726850
bulk : {
  "took" : 84,
  "errors" :  ...
63: 99001 adresses traitées
adresse : bulk pour les ids de 11726851 à 11727850
bulk : {
  "took" : 71,
  "errors" :  ...
63: 100001 adresses traitées
adresse : bulk pour les ids de 11727851 à 11728850
bulk : {
  "took" : 89,
  "errors" :  ...
63: 101001 adresses traitées
adresse : bulk pour les ids de 11728851 à 11729850
bulk : {
  "took" : 69,
  "errors" :  ...
63: 102001 adresses traitées
adresse : bulk pour les ids de 11729851 à 11730850
bulk : {
  "took" : 91,
  "errors" :  ...
63: 103001 adresses traitées
adresse : bulk pour les ids de 11730851 à 11731850
bulk : {
  "took" : 69,
  "errors" :  ...
63: 104001 adresses traitées
adresse : bulk pour les ids de 11731851 à 11732850
bulk : {
  "took" : 89,
  "errors" :  ...
63: 105001 adresses traitées
adresse : bulk pour les ids de 11732851 à 11733850
bulk : {
  "took" : 70,
  "errors" :  ...
63: 106001 adresses traitées
adresse : bulk pour les ids de 11733851 à 11734850
bulk : {
  "took" : 84,
  "errors" :  ...
63: 107001 adresses traitées
adresse : bulk pour les ids de 11734851 à 11735850
bulk : {
  "took" : 69,
  "errors" :  ...
63: 108001 adresses traitées
adresse : bulk pour les ids de 11735851 à 11736850
bulk : {
  "took" : 86,
  "errors" :  ...
63: 109001 adresses traitées
adresse : bulk pour les ids de 11736851 à 11737850
bulk : {
  "took" : 68,
  "errors" :  ...
63: 110001 adresses traitées
adresse : bulk pour les ids de 11737851 à 11738850
bulk : {
  "took" : 82,
  "errors" :  ...
63: 111001 adresses traitées
adresse : bulk pour les ids de 11738851 à 11739850
bulk : {
  "took" : 69,
  "errors" :  ...
63: 112001 adresses traitées
adresse : bulk pour les ids de 11739851 à 11740850
bulk : {
  "took" : 94,
  "errors" :  ...
63: 113001 adresses traitées
adresse : bulk pour les ids de 11740851 à 11741850
bulk : {
  "took" : 69,
  "errors" :  ...
63: 114001 adresses traitées
adresse : bulk pour les ids de 11741851 à 11742850
bulk : {
  "took" : 84,
  "errors" :  ...
63: 115001 adresses traitées
adresse : bulk pour les ids de 11742851 à 11743850
bulk : {
  "took" : 70,
  "errors" :  ...
63: 116001 adresses traitées
adresse : bulk pour les ids de 11743851 à 11744850
bulk : {
  "took" : 68,
  "errors" :  ...
63: 117001 adresses traitées
adresse : bulk pour les ids de 11744851 à 11745850
bulk : {
  "took" : 83,
  "errors" :  ...
63: 118001 adresses traitées
adresse : bulk pour les ids de 11745851 à 11746850
bulk : {
  "took" : 68,
  "errors" :  ...
63: 119001 adresses traitées
adresse : bulk pour les ids de 11746851 à 11747850
bulk : {
  "took" : 86,
  "errors" :  ...
63: 120001 adresses traitées
adresse : bulk pour les ids de 11747851 à 11748850
bulk : {
  "took" : 69,
  "errors" :  ...
63: 121001 adresses traitées
adresse : bulk pour les ids de 11748851 à 11749850
bulk : {
  "took" : 85,
  "errors" :  ...
63: 122001 adresses traitées
63: 123001 adresses traitées
adresse : bulk pour les ids de 11749851 à 11750850
bulk : {
  "took" : 70,
  "errors" :  ...
63: 124001 adresses traitées
adresse : bulk pour les ids de 11750851 à 11751850
bulk : {
  "took" : 83,
  "errors" :  ...
63: 125001 adresses traitées
adresse : bulk pour les ids de 11751851 à 11752850
bulk : {
  "took" : 73,
  "errors" :  ...
63: 126001 adresses traitées
adresse : bulk pour les ids de 11752851 à 11753850
bulk : {
  "took" : 92,
  "errors" :  ...
63: 127001 adresses traitées
adresse : bulk pour les ids de 11753851 à 11754850
bulk : {
  "took" : 69,
  "errors" :  ...
63: 128001 adresses traitées
adresse : bulk pour les ids de 11754851 à 11755850
bulk : {
  "took" : 93,
  "errors" :  ...
63: 129001 adresses traitées
adresse : bulk pour les ids de 11755851 à 11756850
bulk : {
  "took" : 70,
  "errors" :  ...
63: 130001 adresses traitées
adresse : bulk pour les ids de 11756851 à 11757850
bulk : {
  "took" : 91,
  "errors" :  ...
63: 131001 adresses traitées
adresse : bulk pour les ids de 11757851 à 11758850
bulk : {
  "took" : 72,
  "errors" :  ...
63: 132001 adresses traitées
adresse : bulk pour les ids de 11758851 à 11759850
bulk : {
  "took" : 92,
  "errors" :  ...
63: 133001 adresses traitées
adresse : bulk pour les ids de 11759851 à 11760850
bulk : {
  "took" : 72,
  "errors" :  ...
63: 134001 adresses traitées
adresse : bulk pour les ids de 11760851 à 11761850
bulk : {
  "took" : 92,
  "errors" :  ...
63: 135001 adresses traitées
adresse : bulk pour les ids de 11761851 à 11762850
bulk : {
  "took" : 70,
  "errors" :  ...
63: 136001 adresses traitées
63: 137001 adresses traitées
adresse : bulk pour les ids de 11762851 à 11763850
bulk : {
  "took" : 88,
  "errors" :  ...
63: 138001 adresses traitées
adresse : bulk pour les ids de 11763851 à 11764850
bulk : {
  "took" : 73,
  "errors" :  ...
63: 139001 adresses traitées
adresse : bulk pour les ids de 11764851 à 11765850
bulk : {
  "took" : 85,
  "errors" :  ...
63: 140001 adresses traitées
adresse : bulk pour les ids de 11765851 à 11766850
bulk : {
  "took" : 71,
  "errors" :  ...
63: 141001 adresses traitées
adresse : bulk pour les ids de 11766851 à 11767850
bulk : {
  "took" : 91,
  "errors" :  ...
63: 142001 adresses traitées
adresse : bulk pour les ids de 11767851 à 11768850
bulk : {
  "took" : 71,
  "errors" :  ...
63: 143001 adresses traitées
adresse : bulk pour les ids de 11768851 à 11769850
bulk : {
  "took" : 85,
  "errors" :  ...
63: 144001 adresses traitées
adresse : bulk pour les ids de 11769851 à 11770850
bulk : {
  "took" : 71,
  "errors" :  ...
63: 145001 adresses traitées
adresse : bulk pour les ids de 11770851 à 11771850
bulk : {
  "took" : 89,
  "errors" :  ...
63: 146001 adresses traitées
adresse : bulk pour les ids de 11771851 à 11772850
bulk : {
  "took" : 70,
  "errors" :  ...
63: 147001 adresses traitées
63: 148001 adresses traitées
adresse : bulk pour les ids de 11772851 à 11773850
bulk : {
  "took" : 69,
  "errors" :  ...
63: 149001 adresses traitées
adresse : bulk pour les ids de 11773851 à 11774850
bulk : {
  "took" : 86,
  "errors" :  ...
63: 150001 adresses traitées
63: 151001 adresses traitées
adresse : bulk pour les ids de 11774851 à 11775850
bulk : {
  "took" : 71,
  "errors" :  ...
63: 152001 adresses traitées
adresse : bulk pour les ids de 11775851 à 11776850
bulk : {
  "took" : 88,
  "errors" :  ...
63: 153001 adresses traitées
adresse : bulk pour les ids de 11776851 à 11777850
bulk : {
  "took" : 73,
  "errors" :  ...
63: 154001 adresses traitées
adresse : bulk pour les ids de 11777851 à 11778850
bulk : {
  "took" : 86,
  "errors" :  ...
63: 155001 adresses traitées
adresse : bulk pour les ids de 11778851 à 11779850
bulk : {
  "took" : 73,
  "errors" :  ...
63: 156001 adresses traitées
63: 157001 adresses traitées
adresse : bulk pour les ids de 11779851 à 11780850
bulk : {
  "took" : 92,
  "errors" :  ...
63: 158001 adresses traitées
adresse : bulk pour les ids de 11780851 à 11781850
bulk : {
  "took" : 72,
  "errors" :  ...
63: 159001 adresses traitées
adresse : bulk pour les ids de 11781851 à 11782850
bulk : {
  "took" : 91,
  "errors" :  ...
63: 160001 adresses traitées
adresse : bulk pour les ids de 11782851 à 11783850
bulk : {
  "took" : 81,
  "errors" :  ...
63: 161001 adresses traitées
63: 162001 adresses traitées
adresse : bulk pour les ids de 11783851 à 11784850
bulk : {
  "took" : 85,
  "errors" :  ...
63: 163001 adresses traitées
adresse : bulk pour les ids de 11784851 à 11785850
bulk : {
  "took" : 67,
  "errors" :  ...
63: 164001 adresses traitées
adresse : bulk pour les ids de 11785851 à 11786850
bulk : {
  "took" : 88,
  "errors" :  ...
63: 165001 adresses traitées
adresse : bulk pour les ids de 11786851 à 11787850
bulk : {
  "took" : 69,
  "errors" :  ...
63: 166001 adresses traitées
adresse : bulk pour les ids de 11787851 à 11788850
bulk : {
  "took" : 95,
  "errors" :  ...
63: 167001 adresses traitées
63: 168001 adresses traitées
adresse : bulk pour les ids de 11788851 à 11789850
bulk : {
  "took" : 70,
  "errors" :  ...
63: 169001 adresses traitées
adresse : bulk pour les ids de 11789851 à 11790850
bulk : {
  "took" : 82,
  "errors" :  ...
63: 170001 adresses traitées
adresse : bulk pour les ids de 11790851 à 11791850
bulk : {
  "took" : 67,
  "errors" :  ...
63: 171001 adresses traitées
63: 172001 adresses traitées
adresse : bulk pour les ids de 11791851 à 11792850
bulk : {
  "took" : 81,
  "errors" :  ...
63: 173001 adresses traitées
adresse : bulk pour les ids de 11792851 à 11793850
bulk : {
  "took" : 68,
  "errors" :  ...
63: 174001 adresses traitées
adresse : bulk pour les ids de 11793851 à 11794850
bulk : {
  "took" : 85,
  "errors" :  ...
63: 175001 adresses traitées
adresse : bulk pour les ids de 11794851 à 11795850
bulk : {
  "took" : 69,
  "errors" :  ...
63: 176001 adresses traitées
63: 177001 adresses traitées
adresse : bulk pour les ids de 11795851 à 11796850
bulk : {
  "took" : 84,
  "errors" :  ...
63: 178001 adresses traitées
adresse : bulk pour les ids de 11796851 à 11797850
bulk : {
  "took" : 69,
  "errors" :  ...
63: 179001 adresses traitées
adresse : bulk pour les ids de 11797851 à 11798850
bulk : {
  "took" : 68,
  "errors" :  ...
63: 180001 adresses traitées
63: 181001 adresses traitées
adresse : bulk pour les ids de 11798851 à 11799850
bulk : {
  "took" : 82,
  "errors" :  ...
63: 182001 adresses traitées
adresse : bulk pour les ids de 11799851 à 11800850
bulk : {
  "took" : 65,
  "errors" :  ...
63: 183001 adresses traitées
adresse : bulk pour les ids de 11800851 à 11801850
bulk : {
  "took" : 80,
  "errors" :  ...
63: 184001 adresses traitées
adresse : bulk pour les ids de 11801851 à 11802850
bulk : {
  "took" : 70,
  "errors" :  ...
63: 185001 adresses traitées
adresse : bulk pour les ids de 11802851 à 11803850
bulk : {
  "took" : 85,
  "errors" :  ...
63: 186001 adresses traitées
adresse : bulk pour les ids de 11803851 à 11804850
bulk : {
  "took" : 65,
  "errors" :  ...
63: 187001 adresses traitées
adresse : bulk pour les ids de 11804851 à 11805850
bulk : {
  "took" : 81,
  "errors" :  ...
63: 188001 adresses traitées
adresse : bulk pour les ids de 11805851 à 11806850
bulk : {
  "took" : 66,
  "errors" :  ...
63: 189001 adresses traitées
adresse : bulk pour les ids de 11806851 à 11807850
bulk : {
  "took" : 84,
  "errors" :  ...
63: 190001 adresses traitées
63: 191001 adresses traitées
adresse : bulk pour les ids de 11807851 à 11808850
bulk : {
  "took" : 68,
  "errors" :  ...
63: 192001 adresses traitées
adresse : bulk pour les ids de 11808851 à 11809850
bulk : {
  "took" : 89,
  "errors" :  ...
63: 193001 adresses traitées
63: 194001 adresses traitées
adresse : bulk pour les ids de 11809851 à 11810850
bulk : {
  "took" : 71,
  "errors" :  ...
63: 195001 adresses traitées
adresse : bulk pour les ids de 11810851 à 11811850
bulk : {
  "took" : 81,
  "errors" :  ...
63: 196001 adresses traitées
63: 197001 adresses traitées
adresse : bulk pour les ids de 11811851 à 11812850
bulk : {
  "took" : 70,
  "errors" :  ...
63: 198001 adresses traitées
adresse : bulk pour les ids de 11812851 à 11813850
bulk : {
  "took" : 84,
  "errors" :  ...
63: 199001 adresses traitées
adresse : bulk pour les ids de 11813851 à 11814850
bulk : {
  "took" : 74,
  "errors" :  ...
63: 200001 adresses traitées
63: 201001 adresses traitées
adresse : bulk pour les ids de 11814851 à 11815850
bulk : {
  "took" : 87,
  "errors" :  ...
63: 202001 adresses traitées
adresse : bulk pour les ids de 11815851 à 11816850
bulk : {
  "took" : 67,
  "errors" :  ...
63: 203001 adresses traitées
adresse : bulk pour les ids de 11816851 à 11817850
bulk : {
  "took" : 84,
  "errors" :  ...
63: 204001 adresses traitées
adresse : bulk pour les ids de 11817851 à 11818850
bulk : {
  "took" : 71,
  "errors" :  ...
63: 205001 adresses traitées
adresse : bulk pour les ids de 11818851 à 11819850
bulk : {
  "took" : 81,
  "errors" :  ...
63: 206001 adresses traitées
63: 207001 adresses traitées
adresse : bulk pour les ids de 11819851 à 11820850
bulk : {
  "took" : 75,
  "errors" :  ...
63: 208001 adresses traitées
adresse : bulk pour les ids de 11820851 à 11821850
bulk : {
  "took" : 82,
  "errors" :  ...
63: 209001 adresses traitées
adresse : bulk pour les ids de 11821851 à 11822850
bulk : {
  "took" : 69,
  "errors" :  ...
63: 210001 adresses traitées
adresse : bulk pour les ids de 11822851 à 11823850
bulk : {
  "took" : 68,
  "errors" :  ...
63: 211001 adresses traitées
adresse : bulk pour les ids de 11823851 à 11824850
bulk : {
  "took" : 83,
  "errors" :  ...
63: 212001 adresses traitées
adresse : bulk pour les ids de 11824851 à 11825850
bulk : {
  "took" : 70,
  "errors" :  ...
63: 213001 adresses traitées
adresse : bulk pour les ids de 11825851 à 11826722
bulk : {
  "took" : 62,
  "errors" :  ...
dpt 64 : voies
64: 1 voies traitées
voie : bulk pour les ids de 845154 à 845353
bulk : {
  "took" : 13,
  "errors" :  ...
64: 201 voies traitées
voie : bulk pour les ids de 845354 à 845553
bulk : {
  "took" : 11,
  "errors" :  ...
64: 401 voies traitées
voie : bulk pour les ids de 845554 à 845753
bulk : {
  "took" : 11,
  "errors" :  ...
64: 601 voies traitées
voie : bulk pour les ids de 845754 à 845953
bulk : {
  "took" : 12,
  "errors" :  ...
64: 801 voies traitées
voie : bulk pour les ids de 845954 à 846153
bulk : {
  "took" : 28,
  "errors" :  ...
64: 1001 voies traitées
voie : bulk pour les ids de 846154 à 846353
bulk : {
  "took" : 12,
  "errors" :  ...
64: 1201 voies traitées
voie : bulk pour les ids de 846354 à 846553
bulk : {
  "took" : 12,
  "errors" :  ...
64: 1401 voies traitées
voie : bulk pour les ids de 846554 à 846753
bulk : {
  "took" : 12,
  "errors" :  ...
64: 1601 voies traitées
voie : bulk pour les ids de 846754 à 846953
bulk : {
  "took" : 12,
  "errors" :  ...
64: 1801 voies traitées
voie : bulk pour les ids de 846954 à 847153
bulk : {
  "took" : 12,
  "errors" :  ...
64: 2001 voies traitées
voie : bulk pour les ids de 847154 à 847353
bulk : {
  "took" : 12,
  "errors" :  ...
64: 2201 voies traitées
voie : bulk pour les ids de 847354 à 847553
bulk : {
  "took" : 12,
  "errors" :  ...
64: 2401 voies traitées
voie : bulk pour les ids de 847554 à 847753
bulk : {
  "took" : 13,
  "errors" :  ...
64: 2601 voies traitées
voie : bulk pour les ids de 847754 à 847953
bulk : {
  "took" : 12,
  "errors" :  ...
64: 2801 voies traitées
voie : bulk pour les ids de 847954 à 848153
bulk : {
  "took" : 12,
  "errors" :  ...
64: 3001 voies traitées
voie : bulk pour les ids de 848154 à 848353
bulk : {
  "took" : 12,
  "errors" :  ...
64: 3201 voies traitées
voie : bulk pour les ids de 848354 à 848553
bulk : {
  "took" : 12,
  "errors" :  ...
64: 3401 voies traitées
voie : bulk pour les ids de 848554 à 848753
bulk : {
  "took" : 11,
  "errors" :  ...
64: 3601 voies traitées
voie : bulk pour les ids de 848754 à 848953
bulk : {
  "took" : 15,
  "errors" :  ...
64: 3801 voies traitées
voie : bulk pour les ids de 848954 à 849153
bulk : {
  "took" : 12,
  "errors" :  ...
64: 4001 voies traitées
voie : bulk pour les ids de 849154 à 849353
bulk : {
  "took" : 11,
  "errors" :  ...
64: 4201 voies traitées
voie : bulk pour les ids de 849354 à 849553
bulk : {
  "took" : 12,
  "errors" :  ...
64: 4401 voies traitées
voie : bulk pour les ids de 849554 à 849753
bulk : {
  "took" : 27,
  "errors" :  ...
64: 4601 voies traitées
voie : bulk pour les ids de 849754 à 849953
bulk : {
  "took" : 13,
  "errors" :  ...
64: 4801 voies traitées
voie : bulk pour les ids de 849954 à 850153
bulk : {
  "took" : 11,
  "errors" :  ...
64: 5001 voies traitées
voie : bulk pour les ids de 850154 à 850353
bulk : {
  "took" : 11,
  "errors" :  ...
64: 5201 voies traitées
voie : bulk pour les ids de 850354 à 850553
bulk : {
  "took" : 11,
  "errors" :  ...
64: 5401 voies traitées
voie : bulk pour les ids de 850554 à 850753
bulk : {
  "took" : 11,
  "errors" :  ...
64: 5601 voies traitées
voie : bulk pour les ids de 850754 à 850953
bulk : {
  "took" : 11,
  "errors" :  ...
64: 5801 voies traitées
voie : bulk pour les ids de 850954 à 851153
bulk : {
  "took" : 12,
  "errors" :  ...
64: 6001 voies traitées
voie : bulk pour les ids de 851154 à 851353
bulk : {
  "took" : 12,
  "errors" :  ...
64: 6201 voies traitées
voie : bulk pour les ids de 851354 à 851553
bulk : {
  "took" : 12,
  "errors" :  ...
64: 6401 voies traitées
voie : bulk pour les ids de 851554 à 851753
bulk : {
  "took" : 12,
  "errors" :  ...
64: 6601 voies traitées
voie : bulk pour les ids de 851754 à 851953
bulk : {
  "took" : 11,
  "errors" :  ...
64: 6801 voies traitées
voie : bulk pour les ids de 851954 à 852153
bulk : {
  "took" : 11,
  "errors" :  ...
64: 7001 voies traitées
voie : bulk pour les ids de 852154 à 852353
bulk : {
  "took" : 11,
  "errors" :  ...
64: 7201 voies traitées
voie : bulk pour les ids de 852354 à 852553
bulk : {
  "took" : 14,
  "errors" :  ...
64: 7401 voies traitées
voie : bulk pour les ids de 852554 à 852753
bulk : {
  "took" : 11,
  "errors" :  ...
64: 7601 voies traitées
voie : bulk pour les ids de 852754 à 852953
bulk : {
  "took" : 12,
  "errors" :  ...
64: 7801 voies traitées
voie : bulk pour les ids de 852954 à 853153
bulk : {
  "took" : 11,
  "errors" :  ...
64: 8001 voies traitées
voie : bulk pour les ids de 853154 à 853353
bulk : {
  "took" : 11,
  "errors" :  ...
64: 8201 voies traitées
voie : bulk pour les ids de 853354 à 853553
bulk : {
  "took" : 11,
  "errors" :  ...
64: 8401 voies traitées
voie : bulk pour les ids de 853554 à 853753
bulk : {
  "took" : 23,
  "errors" :  ...
64: 8601 voies traitées
voie : bulk pour les ids de 853754 à 853953
bulk : {
  "took" : 11,
  "errors" :  ...
64: 8801 voies traitées
voie : bulk pour les ids de 853954 à 854153
bulk : {
  "took" : 11,
  "errors" :  ...
64: 9001 voies traitées
voie : bulk pour les ids de 854154 à 854353
bulk : {
  "took" : 11,
  "errors" :  ...
64: 9201 voies traitées
voie : bulk pour les ids de 854354 à 854553
bulk : {
  "took" : 11,
  "errors" :  ...
64: 9401 voies traitées
voie : bulk pour les ids de 854554 à 854753
bulk : {
  "took" : 11,
  "errors" :  ...
64: 9601 voies traitées
voie : bulk pour les ids de 854754 à 854953
bulk : {
  "took" : 10,
  "errors" :  ...
64: 9801 voies traitées
voie : bulk pour les ids de 854954 à 855153
bulk : {
  "took" : 12,
  "errors" :  ...
64: 10001 voies traitées
voie : bulk pour les ids de 855154 à 855353
bulk : {
  "took" : 11,
  "errors" :  ...
64: 10201 voies traitées
voie : bulk pour les ids de 855354 à 855553
bulk : {
  "took" : 11,
  "errors" :  ...
64: 10401 voies traitées
voie : bulk pour les ids de 855554 à 855753
bulk : {
  "took" : 23,
  "errors" :  ...
64: 10601 voies traitées
voie : bulk pour les ids de 855754 à 855953
bulk : {
  "took" : 12,
  "errors" :  ...
64: 10801 voies traitées
voie : bulk pour les ids de 855954 à 856153
bulk : {
  "took" : 11,
  "errors" :  ...
64: 11001 voies traitées
voie : bulk pour les ids de 856154 à 856353
bulk : {
  "took" : 15,
  "errors" :  ...
64: 11201 voies traitées
voie : bulk pour les ids de 856354 à 856553
bulk : {
  "took" : 16,
  "errors" :  ...
64: 11401 voies traitées
voie : bulk pour les ids de 856554 à 856753
bulk : {
  "took" : 20,
  "errors" :  ...
64: 11601 voies traitées
voie : bulk pour les ids de 856754 à 856953
bulk : {
  "took" : 11,
  "errors" :  ...
64: 11801 voies traitées
voie : bulk pour les ids de 856954 à 857153
bulk : {
  "took" : 12,
  "errors" :  ...
64: 12001 voies traitées
voie : bulk pour les ids de 857154 à 857353
bulk : {
  "took" : 11,
  "errors" :  ...
64: 12201 voies traitées
voie : bulk pour les ids de 857354 à 857553
bulk : {
  "took" : 11,
  "errors" :  ...
64: 12401 voies traitées
voie : bulk pour les ids de 857554 à 857753
bulk : {
  "took" : 11,
  "errors" :  ...
64: 12601 voies traitées
voie : bulk pour les ids de 857754 à 857953
bulk : {
  "took" : 11,
  "errors" :  ...
64: 12801 voies traitées
voie : bulk pour les ids de 857954 à 858153
bulk : {
  "took" : 12,
  "errors" :  ...
64: 13001 voies traitées
voie : bulk pour les ids de 858154 à 858353
bulk : {
  "took" : 12,
  "errors" :  ...
64: 13201 voies traitées
voie : bulk pour les ids de 858354 à 858553
bulk : {
  "took" : 11,
  "errors" :  ...
64: 13401 voies traitées
voie : bulk pour les ids de 858554 à 858753
bulk : {
  "took" : 12,
  "errors" :  ...
64: 13601 voies traitées
voie : bulk pour les ids de 858754 à 858953
bulk : {
  "took" : 12,
  "errors" :  ...
64: 13801 voies traitées
voie : bulk pour les ids de 858954 à 859153
bulk : {
  "took" : 11,
  "errors" :  ...
64: 14001 voies traitées
voie : bulk pour les ids de 859154 à 859353
bulk : {
  "took" : 26,
  "errors" :  ...
64: 14201 voies traitées
voie : bulk pour les ids de 859354 à 859553
bulk : {
  "took" : 13,
  "errors" :  ...
64: 14401 voies traitées
voie : bulk pour les ids de 859554 à 859753
bulk : {
  "took" : 12,
  "errors" :  ...
64: 14601 voies traitées
voie : bulk pour les ids de 859754 à 859953
bulk : {
  "took" : 12,
  "errors" :  ...
64: 14801 voies traitées
voie : bulk pour les ids de 859954 à 860153
bulk : {
  "took" : 12,
  "errors" :  ...
64: 15001 voies traitées
voie : bulk pour les ids de 860154 à 860353
bulk : {
  "took" : 21,
  "errors" :  ...
64: 15201 voies traitées
voie : bulk pour les ids de 860354 à 860553
bulk : {
  "took" : 21,
  "errors" :  ...
64: 15401 voies traitées
voie : bulk pour les ids de 860554 à 860753
bulk : {
  "took" : 11,
  "errors" :  ...
64: 15601 voies traitées
voie : bulk pour les ids de 860754 à 860953
bulk : {
  "took" : 12,
  "errors" :  ...
64: 15801 voies traitées
voie : bulk pour les ids de 860954 à 861153
bulk : {
  "took" : 12,
  "errors" :  ...
64: 16001 voies traitées
voie : bulk pour les ids de 861154 à 861353
bulk : {
  "took" : 24,
  "errors" :  ...
64: 16201 voies traitées
voie : bulk pour les ids de 861354 à 861553
bulk : {
  "took" : 11,
  "errors" :  ...
64: 16401 voies traitées
voie : bulk pour les ids de 861554 à 861753
bulk : {
  "took" : 12,
  "errors" :  ...
64: 16601 voies traitées
voie : bulk pour les ids de 861754 à 861953
bulk : {
  "took" : 12,
  "errors" :  ...
64: 16801 voies traitées
voie : bulk pour les ids de 861954 à 862153
bulk : {
  "took" : 13,
  "errors" :  ...
64: 17001 voies traitées
voie : bulk pour les ids de 862154 à 862353
bulk : {
  "took" : 12,
  "errors" :  ...
64: 17201 voies traitées
voie : bulk pour les ids de 862354 à 862553
bulk : {
  "took" : 12,
  "errors" :  ...
64: 17401 voies traitées
voie : bulk pour les ids de 862554 à 862753
bulk : {
  "took" : 11,
  "errors" :  ...
64: 17601 voies traitées
voie : bulk pour les ids de 862754 à 862953
bulk : {
  "took" : 12,
  "errors" :  ...
64: 17801 voies traitées
voie : bulk pour les ids de 862954 à 863153
bulk : {
  "took" : 12,
  "errors" :  ...
64: 18001 voies traitées
voie : bulk pour les ids de 863154 à 863353
bulk : {
  "took" : 28,
  "errors" :  ...
64: 18201 voies traitées
voie : bulk pour les ids de 863354 à 863553
bulk : {
  "took" : 11,
  "errors" :  ...
64: 18401 voies traitées
voie : bulk pour les ids de 863554 à 863753
bulk : {
  "took" : 12,
  "errors" :  ...
64: 18601 voies traitées
voie : bulk pour les ids de 863754 à 863953
bulk : {
  "took" : 11,
  "errors" :  ...
64: 18801 voies traitées
voie : bulk pour les ids de 863954 à 864153
bulk : {
  "took" : 16,
  "errors" :  ...
64: 19001 voies traitées
voie : bulk pour les ids de 864154 à 864353
bulk : {
  "took" : 20,
  "errors" :  ...
64: 19201 voies traitées
voie : bulk pour les ids de 864354 à 864395
bulk : {
  "took" : 3,
  "errors" : f ...
dpt 64 : adresses
64: 1 adresses traitées
64: 1001 adresses traitées
adresse : bulk pour les ids de 11826723 à 11827722
bulk : {
  "took" : 92,
  "errors" :  ...
64: 2001 adresses traitées
adresse : bulk pour les ids de 11827723 à 11828722
bulk : {
  "took" : 89,
  "errors" :  ...
64: 3001 adresses traitées
adresse : bulk pour les ids de 11828723 à 11829722
bulk : {
  "took" : 87,
  "errors" :  ...
64: 4001 adresses traitées
adresse : bulk pour les ids de 11829723 à 11830722
bulk : {
  "took" : 75,
  "errors" :  ...
64: 5001 adresses traitées
adresse : bulk pour les ids de 11830723 à 11831722
bulk : {
  "took" : 85,
  "errors" :  ...
64: 6001 adresses traitées
adresse : bulk pour les ids de 11831723 à 11832722
bulk : {
  "took" : 100,
  "errors" : ...
64: 7001 adresses traitées
64: 8001 adresses traitées
adresse : bulk pour les ids de 11832723 à 11833722
bulk : {
  "took" : 71,
  "errors" :  ...
64: 9001 adresses traitées
adresse : bulk pour les ids de 11833723 à 11834722
bulk : {
  "took" : 71,
  "errors" :  ...
64: 10001 adresses traitées
adresse : bulk pour les ids de 11834723 à 11835722
bulk : {
  "took" : 112,
  "errors" : ...
64: 11001 adresses traitées
adresse : bulk pour les ids de 11835723 à 11836722
bulk : {
  "took" : 100,
  "errors" : ...
64: 12001 adresses traitées
adresse : bulk pour les ids de 11836723 à 11837722
bulk : {
  "took" : 95,
  "errors" :  ...
64: 13001 adresses traitées
adresse : bulk pour les ids de 11837723 à 11838722
bulk : {
  "took" : 83,
  "errors" :  ...
64: 14001 adresses traitées
adresse : bulk pour les ids de 11838723 à 11839722
bulk : {
  "took" : 86,
  "errors" :  ...
64: 15001 adresses traitées
adresse : bulk pour les ids de 11839723 à 11840722
bulk : {
  "took" : 85,
  "errors" :  ...
64: 16001 adresses traitées
adresse : bulk pour les ids de 11840723 à 11841722
bulk : {
  "took" : 86,
  "errors" :  ...
64: 17001 adresses traitées
adresse : bulk pour les ids de 11841723 à 11842722
bulk : {
  "took" : 98,
  "errors" :  ...
64: 18001 adresses traitées
adresse : bulk pour les ids de 11842723 à 11843722
bulk : {
  "took" : 68,
  "errors" :  ...
64: 19001 adresses traitées
adresse : bulk pour les ids de 11843723 à 11844722
bulk : {
  "took" : 97,
  "errors" :  ...
64: 20001 adresses traitées
adresse : bulk pour les ids de 11844723 à 11845722
bulk : {
  "took" : 66,
  "errors" :  ...
64: 21001 adresses traitées
adresse : bulk pour les ids de 11845723 à 11846722
bulk : {
  "took" : 96,
  "errors" :  ...
64: 22001 adresses traitées
adresse : bulk pour les ids de 11846723 à 11847722
bulk : {
  "took" : 67,
  "errors" :  ...
64: 23001 adresses traitées
64: 24001 adresses traitées
adresse : bulk pour les ids de 11847723 à 11848722
bulk : {
  "took" : 101,
  "errors" : ...
64: 25001 adresses traitées
adresse : bulk pour les ids de 11848723 à 11849722
bulk : {
  "took" : 91,
  "errors" :  ...
64: 26001 adresses traitées
adresse : bulk pour les ids de 11849723 à 11850722
bulk : {
  "took" : 95,
  "errors" :  ...
64: 27001 adresses traitées
adresse : bulk pour les ids de 11850723 à 11851722
bulk : {
  "took" : 84,
  "errors" :  ...
64: 28001 adresses traitées
adresse : bulk pour les ids de 11851723 à 11852722
bulk : {
  "took" : 87,
  "errors" :  ...
64: 29001 adresses traitées
adresse : bulk pour les ids de 11852723 à 11853722
bulk : {
  "took" : 65,
  "errors" :  ...
64: 30001 adresses traitées
adresse : bulk pour les ids de 11853723 à 11854722
bulk : {
  "took" : 100,
  "errors" : ...
64: 31001 adresses traitées
adresse : bulk pour les ids de 11854723 à 11855722
bulk : {
  "took" : 89,
  "errors" :  ...
64: 32001 adresses traitées
adresse : bulk pour les ids de 11855723 à 11856722
bulk : {
  "took" : 107,
  "errors" : ...
64: 33001 adresses traitées
adresse : bulk pour les ids de 11856723 à 11857722
bulk : {
  "took" : 68,
  "errors" :  ...
64: 34001 adresses traitées
adresse : bulk pour les ids de 11857723 à 11858722
bulk : {
  "took" : 96,
  "errors" :  ...
64: 35001 adresses traitées
64: 36001 adresses traitées
adresse : bulk pour les ids de 11858723 à 11859722
bulk : {
  "took" : 85,
  "errors" :  ...
64: 37001 adresses traitées
adresse : bulk pour les ids de 11859723 à 11860722
bulk : {
  "took" : 116,
  "errors" : ...
64: 38001 adresses traitées
adresse : bulk pour les ids de 11860723 à 11861722
bulk : {
  "took" : 81,
  "errors" :  ...
64: 39001 adresses traitées
adresse : bulk pour les ids de 11861723 à 11862722
bulk : {
  "took" : 97,
  "errors" :  ...
64: 40001 adresses traitées
adresse : bulk pour les ids de 11862723 à 11863722
bulk : {
  "took" : 74,
  "errors" :  ...
64: 41001 adresses traitées
adresse : bulk pour les ids de 11863723 à 11864722
bulk : {
  "took" : 110,
  "errors" : ...
64: 42001 adresses traitées
adresse : bulk pour les ids de 11864723 à 11865722
bulk : {
  "took" : 84,
  "errors" :  ...
64: 43001 adresses traitées
64: 44001 adresses traitées
adresse : bulk pour les ids de 11865723 à 11866722
bulk : {
  "took" : 128,
  "errors" : ...
64: 45001 adresses traitées
adresse : bulk pour les ids de 11866723 à 11867722
bulk : {
  "took" : 81,
  "errors" :  ...
64: 46001 adresses traitées
adresse : bulk pour les ids de 11867723 à 11868722
bulk : {
  "took" : 108,
  "errors" : ...
64: 47001 adresses traitées
64: 48001 adresses traitées
adresse : bulk pour les ids de 11868723 à 11869722
bulk : {
  "took" : 73,
  "errors" :  ...
64: 49001 adresses traitées
adresse : bulk pour les ids de 11869723 à 11870722
bulk : {
  "took" : 117,
  "errors" : ...
64: 50001 adresses traitées
64: 51001 adresses traitées
adresse : bulk pour les ids de 11870723 à 11871722
bulk : {
  "took" : 77,
  "errors" :  ...
64: 52001 adresses traitées
adresse : bulk pour les ids de 11871723 à 11872722
bulk : {
  "took" : 102,
  "errors" : ...
64: 53001 adresses traitées
64: 54001 adresses traitées
adresse : bulk pour les ids de 11872723 à 11873722
bulk : {
  "took" : 80,
  "errors" :  ...
64: 55001 adresses traitées
adresse : bulk pour les ids de 11873723 à 11874722
bulk : {
  "took" : 80,
  "errors" :  ...
64: 56001 adresses traitées
adresse : bulk pour les ids de 11874723 à 11875722
bulk : {
  "took" : 84,
  "errors" :  ...
64: 57001 adresses traitées
adresse : bulk pour les ids de 11875723 à 11876722
bulk : {
  "took" : 67,
  "errors" :  ...
64: 58001 adresses traitées
64: 59001 adresses traitées
adresse : bulk pour les ids de 11876723 à 11877722
bulk : {
  "took" : 104,
  "errors" : ...
64: 60001 adresses traitées
adresse : bulk pour les ids de 11877723 à 11878722
bulk : {
  "took" : 85,
  "errors" :  ...
64: 61001 adresses traitées
64: 62001 adresses traitées
adresse : bulk pour les ids de 11878723 à 11879722
bulk : {
  "took" : 82,
  "errors" :  ...
64: 63001 adresses traitées
adresse : bulk pour les ids de 11879723 à 11880722
bulk : {
  "took" : 83,
  "errors" :  ...
64: 64001 adresses traitées
adresse : bulk pour les ids de 11880723 à 11881722
bulk : {
  "took" : 99,
  "errors" :  ...
64: 65001 adresses traitées
adresse : bulk pour les ids de 11881723 à 11882722
bulk : {
  "took" : 77,
  "errors" :  ...
64: 66001 adresses traitées
adresse : bulk pour les ids de 11882723 à 11883722
bulk : {
  "took" : 86,
  "errors" :  ...
64: 67001 adresses traitées
adresse : bulk pour les ids de 11883723 à 11884722
bulk : {
  "took" : 86,
  "errors" :  ...
64: 68001 adresses traitées
adresse : bulk pour les ids de 11884723 à 11885722
bulk : {
  "took" : 87,
  "errors" :  ...
64: 69001 adresses traitées
64: 70001 adresses traitées
adresse : bulk pour les ids de 11885723 à 11886722
bulk : {
  "took" : 100,
  "errors" : ...
64: 71001 adresses traitées
adresse : bulk pour les ids de 11886723 à 11887722
bulk : {
  "took" : 66,
  "errors" :  ...
64: 72001 adresses traitées
adresse : bulk pour les ids de 11887723 à 11888722
bulk : {
  "took" : 104,
  "errors" : ...
64: 73001 adresses traitées
adresse : bulk pour les ids de 11888723 à 11889722
bulk : {
  "took" : 67,
  "errors" :  ...
64: 74001 adresses traitées
adresse : bulk pour les ids de 11889723 à 11890722
bulk : {
  "took" : 97,
  "errors" :  ...
64: 75001 adresses traitées
adresse : bulk pour les ids de 11890723 à 11891722
bulk : {
  "took" : 81,
  "errors" :  ...
64: 76001 adresses traitées
adresse : bulk pour les ids de 11891723 à 11892722
bulk : {
  "took" : 83,
  "errors" :  ...
64: 77001 adresses traitées
64: 78001 adresses traitées
adresse : bulk pour les ids de 11892723 à 11893722
bulk : {
  "took" : 87,
  "errors" :  ...
64: 79001 adresses traitées
adresse : bulk pour les ids de 11893723 à 11894722
bulk : {
  "took" : 83,
  "errors" :  ...
64: 80001 adresses traitées
adresse : bulk pour les ids de 11894723 à 11895722
bulk : {
  "took" : 85,
  "errors" :  ...
64: 81001 adresses traitées
adresse : bulk pour les ids de 11895723 à 11896722
bulk : {
  "took" : 98,
  "errors" :  ...
64: 82001 adresses traitées
adresse : bulk pour les ids de 11896723 à 11897722
bulk : {
  "took" : 66,
  "errors" :  ...
64: 83001 adresses traitées
64: 84001 adresses traitées
adresse : bulk pour les ids de 11897723 à 11898722
bulk : {
  "took" : 100,
  "errors" : ...
64: 85001 adresses traitées
adresse : bulk pour les ids de 11898723 à 11899722
bulk : {
  "took" : 85,
  "errors" :  ...
64: 86001 adresses traitées
adresse : bulk pour les ids de 11899723 à 11900722
bulk : {
  "took" : 87,
  "errors" :  ...
64: 87001 adresses traitées
64: 88001 adresses traitées
adresse : bulk pour les ids de 11900723 à 11901722
bulk : {
  "took" : 100,
  "errors" : ...
64: 89001 adresses traitées
adresse : bulk pour les ids de 11901723 à 11902722
bulk : {
  "took" : 68,
  "errors" :  ...
64: 90001 adresses traitées
64: 91001 adresses traitées
adresse : bulk pour les ids de 11902723 à 11903722
bulk : {
  "took" : 100,
  "errors" : ...
64: 92001 adresses traitées
adresse : bulk pour les ids de 11903723 à 11904722
bulk : {
  "took" : 80,
  "errors" :  ...
64: 93001 adresses traitées
adresse : bulk pour les ids de 11904723 à 11905722
bulk : {
  "took" : 87,
  "errors" :  ...
64: 94001 adresses traitées
64: 95001 adresses traitées
adresse : bulk pour les ids de 11905723 à 11906722
bulk : {
  "took" : 84,
  "errors" :  ...
64: 96001 adresses traitées
adresse : bulk pour les ids de 11906723 à 11907722
bulk : {
  "took" : 83,
  "errors" :  ...
64: 97001 adresses traitées
adresse : bulk pour les ids de 11907723 à 11908722
bulk : {
  "took" : 91,
  "errors" :  ...
64: 98001 adresses traitées
adresse : bulk pour les ids de 11908723 à 11909722
bulk : {
  "took" : 89,
  "errors" :  ...
64: 99001 adresses traitées
64: 100001 adresses traitées
adresse : bulk pour les ids de 11909723 à 11910722
bulk : {
  "took" : 81,
  "errors" :  ...
64: 101001 adresses traitées
adresse : bulk pour les ids de 11910723 à 11911722
bulk : {
  "took" : 97,
  "errors" :  ...
64: 102001 adresses traitées
adresse : bulk pour les ids de 11911723 à 11912722
bulk : {
  "took" : 69,
  "errors" :  ...
64: 103001 adresses traitées
adresse : bulk pour les ids de 11912723 à 11913722
bulk : {
  "took" : 95,
  "errors" :  ...
64: 104001 adresses traitées
adresse : bulk pour les ids de 11913723 à 11914722
bulk : {
  "took" : 98,
  "errors" :  ...
64: 105001 adresses traitées
64: 106001 adresses traitées
adresse : bulk pour les ids de 11914723 à 11915722
bulk : {
  "took" : 90,
  "errors" :  ...
64: 107001 adresses traitées
adresse : bulk pour les ids de 11915723 à 11916722
bulk : {
  "took" : 84,
  "errors" :  ...
64: 108001 adresses traitées
adresse : bulk pour les ids de 11916723 à 11917722
bulk : {
  "took" : 67,
  "errors" :  ...
64: 109001 adresses traitées
adresse : bulk pour les ids de 11917723 à 11918722
bulk : {
  "took" : 100,
  "errors" : ...
64: 110001 adresses traitées
adresse : bulk pour les ids de 11918723 à 11919722
bulk : {
  "took" : 71,
  "errors" :  ...
64: 111001 adresses traitées
64: 112001 adresses traitées
adresse : bulk pour les ids de 11919723 à 11920722
bulk : {
  "took" : 106,
  "errors" : ...
64: 113001 adresses traitées
adresse : bulk pour les ids de 11920723 à 11921722
bulk : {
  "took" : 85,
  "errors" :  ...
64: 114001 adresses traitées
adresse : bulk pour les ids de 11921723 à 11922722
bulk : {
  "took" : 111,
  "errors" : ...
64: 115001 adresses traitées
adresse : bulk pour les ids de 11922723 à 11923722
bulk : {
  "took" : 65,
  "errors" :  ...
64: 116001 adresses traitées
adresse : bulk pour les ids de 11923723 à 11924722
bulk : {
  "took" : 95,
  "errors" :  ...
64: 117001 adresses traitées
adresse : bulk pour les ids de 11924723 à 11925722
bulk : {
  "took" : 85,
  "errors" :  ...
64: 118001 adresses traitées
adresse : bulk pour les ids de 11925723 à 11926722
bulk : {
  "took" : 83,
  "errors" :  ...
64: 119001 adresses traitées
64: 120001 adresses traitées
adresse : bulk pour les ids de 11926723 à 11927722
bulk : {
  "took" : 69,
  "errors" :  ...
64: 121001 adresses traitées
adresse : bulk pour les ids de 11927723 à 11928722
bulk : {
  "took" : 93,
  "errors" :  ...
64: 122001 adresses traitées
adresse : bulk pour les ids de 11928723 à 11929722
bulk : {
  "took" : 79,
  "errors" :  ...
64: 123001 adresses traitées
adresse : bulk pour les ids de 11929723 à 11930722
bulk : {
  "took" : 82,
  "errors" :  ...
64: 124001 adresses traitées
adresse : bulk pour les ids de 11930723 à 11931722
bulk : {
  "took" : 90,
  "errors" :  ...
64: 125001 adresses traitées
adresse : bulk pour les ids de 11931723 à 11932722
bulk : {
  "took" : 81,
  "errors" :  ...
64: 126001 adresses traitées
adresse : bulk pour les ids de 11932723 à 11933722
bulk : {
  "took" : 84,
  "errors" :  ...
64: 127001 adresses traitées
adresse : bulk pour les ids de 11933723 à 11934722
bulk : {
  "took" : 85,
  "errors" :  ...
64: 128001 adresses traitées
adresse : bulk pour les ids de 11934723 à 11935722
bulk : {
  "took" : 65,
  "errors" :  ...
64: 129001 adresses traitées
adresse : bulk pour les ids de 11935723 à 11936722
bulk : {
  "took" : 98,
  "errors" :  ...
64: 130001 adresses traitées
adresse : bulk pour les ids de 11936723 à 11937722
bulk : {
  "took" : 65,
  "errors" :  ...
64: 131001 adresses traitées
adresse : bulk pour les ids de 11937723 à 11938722
bulk : {
  "took" : 101,
  "errors" : ...
64: 132001 adresses traitées
64: 133001 adresses traitées
adresse : bulk pour les ids de 11938723 à 11939722
bulk : {
  "took" : 80,
  "errors" :  ...
64: 134001 adresses traitées
adresse : bulk pour les ids de 11939723 à 11940722
bulk : {
  "took" : 84,
  "errors" :  ...
64: 135001 adresses traitées
adresse : bulk pour les ids de 11940723 à 11941722
bulk : {
  "took" : 80,
  "errors" :  ...
64: 136001 adresses traitées
adresse : bulk pour les ids de 11941723 à 11942722
bulk : {
  "took" : 82,
  "errors" :  ...
64: 137001 adresses traitées
adresse : bulk pour les ids de 11942723 à 11943722
bulk : {
  "took" : 79,
  "errors" :  ...
64: 138001 adresses traitées
adresse : bulk pour les ids de 11943723 à 11944722
bulk : {
  "took" : 80,
  "errors" :  ...
64: 139001 adresses traitées
adresse : bulk pour les ids de 11944723 à 11945722
bulk : {
  "took" : 69,
  "errors" :  ...
64: 140001 adresses traitées
adresse : bulk pour les ids de 11945723 à 11946722
bulk : {
  "took" : 81,
  "errors" :  ...
64: 141001 adresses traitées
adresse : bulk pour les ids de 11946723 à 11947722
bulk : {
  "took" : 85,
  "errors" :  ...
64: 142001 adresses traitées
adresse : bulk pour les ids de 11947723 à 11948722
bulk : {
  "took" : 84,
  "errors" :  ...
64: 143001 adresses traitées
adresse : bulk pour les ids de 11948723 à 11949722
bulk : {
  "took" : 80,
  "errors" :  ...
64: 144001 adresses traitées
adresse : bulk pour les ids de 11949723 à 11950722
bulk : {
  "took" : 82,
  "errors" :  ...
64: 145001 adresses traitées
adresse : bulk pour les ids de 11950723 à 11951722
bulk : {
  "took" : 79,
  "errors" :  ...
64: 146001 adresses traitées
adresse : bulk pour les ids de 11951723 à 11952722
bulk : {
  "took" : 96,
  "errors" :  ...
64: 147001 adresses traitées
64: 148001 adresses traitées
adresse : bulk pour les ids de 11952723 à 11953722
bulk : {
  "took" : 67,
  "errors" :  ...
64: 149001 adresses traitées
adresse : bulk pour les ids de 11953723 à 11954722
bulk : {
  "took" : 94,
  "errors" :  ...
64: 150001 adresses traitées
adresse : bulk pour les ids de 11954723 à 11955722
bulk : {
  "took" : 67,
  "errors" :  ...
64: 151001 adresses traitées
adresse : bulk pour les ids de 11955723 à 11956722
bulk : {
  "took" : 96,
  "errors" :  ...
64: 152001 adresses traitées
adresse : bulk pour les ids de 11956723 à 11957722
bulk : {
  "took" : 83,
  "errors" :  ...
64: 153001 adresses traitées
adresse : bulk pour les ids de 11957723 à 11958722
bulk : {
  "took" : 83,
  "errors" :  ...
64: 154001 adresses traitées
64: 155001 adresses traitées
adresse : bulk pour les ids de 11958723 à 11959722
bulk : {
  "took" : 90,
  "errors" :  ...
64: 156001 adresses traitées
adresse : bulk pour les ids de 11959723 à 11960722
bulk : {
  "took" : 83,
  "errors" :  ...
64: 157001 adresses traitées
adresse : bulk pour les ids de 11960723 à 11961722
bulk : {
  "took" : 85,
  "errors" :  ...
64: 158001 adresses traitées
adresse : bulk pour les ids de 11961723 à 11962722
bulk : {
  "took" : 100,
  "errors" : ...
64: 159001 adresses traitées
adresse : bulk pour les ids de 11962723 à 11963722
bulk : {
  "took" : 72,
  "errors" :  ...
64: 160001 adresses traitées
64: 161001 adresses traitées
adresse : bulk pour les ids de 11963723 à 11964722
bulk : {
  "took" : 86,
  "errors" :  ...
64: 162001 adresses traitées
adresse : bulk pour les ids de 11964723 à 11965722
bulk : {
  "took" : 85,
  "errors" :  ...
64: 163001 adresses traitées
adresse : bulk pour les ids de 11965723 à 11966722
bulk : {
  "took" : 103,
  "errors" : ...
64: 164001 adresses traitées
adresse : bulk pour les ids de 11966723 à 11967722
bulk : {
  "took" : 67,
  "errors" :  ...
64: 165001 adresses traitées
adresse : bulk pour les ids de 11967723 à 11968722
bulk : {
  "took" : 100,
  "errors" : ...
64: 166001 adresses traitées
64: 167001 adresses traitées
adresse : bulk pour les ids de 11968723 à 11969722
bulk : {
  "took" : 67,
  "errors" :  ...
64: 168001 adresses traitées
adresse : bulk pour les ids de 11969723 à 11970722
bulk : {
  "took" : 101,
  "errors" : ...
64: 169001 adresses traitées
adresse : bulk pour les ids de 11970723 à 11971722
bulk : {
  "took" : 83,
  "errors" :  ...
64: 170001 adresses traitées
adresse : bulk pour les ids de 11971723 à 11972722
bulk : {
  "took" : 91,
  "errors" :  ...
64: 171001 adresses traitées
adresse : bulk pour les ids de 11972723 à 11973722
bulk : {
  "took" : 85,
  "errors" :  ...
64: 172001 adresses traitées
adresse : bulk pour les ids de 11973723 à 11974722
bulk : {
  "took" : 86,
  "errors" :  ...
64: 173001 adresses traitées
adresse : bulk pour les ids de 11974723 à 11975722
bulk : {
  "took" : 83,
  "errors" :  ...
64: 174001 adresses traitées
64: 175001 adresses traitées
adresse : bulk pour les ids de 11975723 à 11976722
bulk : {
  "took" : 97,
  "errors" :  ...
64: 176001 adresses traitées
adresse : bulk pour les ids de 11976723 à 11977722
bulk : {
  "took" : 66,
  "errors" :  ...
64: 177001 adresses traitées
adresse : bulk pour les ids de 11977723 à 11978722
bulk : {
  "took" : 97,
  "errors" :  ...
64: 178001 adresses traitées
adresse : bulk pour les ids de 11978723 à 11979722
bulk : {
  "took" : 67,
  "errors" :  ...
64: 179001 adresses traitées
adresse : bulk pour les ids de 11979723 à 11980722
bulk : {
  "took" : 100,
  "errors" : ...
64: 180001 adresses traitées
adresse : bulk pour les ids de 11980723 à 11981722
bulk : {
  "took" : 70,
  "errors" :  ...
64: 181001 adresses traitées
adresse : bulk pour les ids de 11981723 à 11982722
bulk : {
  "took" : 97,
  "errors" :  ...
64: 182001 adresses traitées
adresse : bulk pour les ids de 11982723 à 11983722
bulk : {
  "took" : 67,
  "errors" :  ...
64: 183001 adresses traitées
64: 184001 adresses traitées
adresse : bulk pour les ids de 11983723 à 11984722
bulk : {
  "took" : 99,
  "errors" :  ...
64: 185001 adresses traitées
adresse : bulk pour les ids de 11984723 à 11985722
bulk : {
  "took" : 67,
  "errors" :  ...
64: 186001 adresses traitées
adresse : bulk pour les ids de 11985723 à 11986722
bulk : {
  "took" : 95,
  "errors" :  ...
64: 187001 adresses traitées
64: 188001 adresses traitées
adresse : bulk pour les ids de 11986723 à 11987722
bulk : {
  "took" : 78,
  "errors" :  ...
64: 189001 adresses traitées
64: 190001 adresses traitées
adresse : bulk pour les ids de 11987723 à 11988722
bulk : {
  "took" : 82,
  "errors" :  ...
64: 191001 adresses traitées
adresse : bulk pour les ids de 11988723 à 11989722
bulk : {
  "took" : 81,
  "errors" :  ...
64: 192001 adresses traitées
adresse : bulk pour les ids de 11989723 à 11990722
bulk : {
  "took" : 99,
  "errors" :  ...
64: 193001 adresses traitées
adresse : bulk pour les ids de 11990723 à 11991722
bulk : {
  "took" : 70,
  "errors" :  ...
64: 194001 adresses traitées
adresse : bulk pour les ids de 11991723 à 11992722
bulk : {
  "took" : 96,
  "errors" :  ...
64: 195001 adresses traitées
64: 196001 adresses traitées
adresse : bulk pour les ids de 11992723 à 11993722
bulk : {
  "took" : 66,
  "errors" :  ...
64: 197001 adresses traitées
64: 198001 adresses traitées
adresse : bulk pour les ids de 11993723 à 11994722
bulk : {
  "took" : 102,
  "errors" : ...
64: 199001 adresses traitées
adresse : bulk pour les ids de 11994723 à 11995722
bulk : {
  "took" : 100,
  "errors" : ...
64: 200001 adresses traitées
adresse : bulk pour les ids de 11995723 à 11996722
bulk : {
  "took" : 65,
  "errors" :  ...
64: 201001 adresses traitées
64: 202001 adresses traitées
adresse : bulk pour les ids de 11996723 à 11997722
bulk : {
  "took" : 101,
  "errors" : ...
64: 203001 adresses traitées
adresse : bulk pour les ids de 11997723 à 11998722
bulk : {
  "took" : 86,
  "errors" :  ...
64: 204001 adresses traitées
adresse : bulk pour les ids de 11998723 à 11999722
bulk : {
  "took" : 83,
  "errors" :  ...
64: 205001 adresses traitées
adresse : bulk pour les ids de 11999723 à 12000722
bulk : {
  "took" : 91,
  "errors" :  ...
64: 206001 adresses traitées
adresse : bulk pour les ids de 12000723 à 12001722
bulk : {
  "took" : 83,
  "errors" :  ...
64: 207001 adresses traitées
adresse : bulk pour les ids de 12001723 à 12002722
bulk : {
  "took" : 85,
  "errors" :  ...
64: 208001 adresses traitées
adresse : bulk pour les ids de 12002723 à 12003240
bulk : {
  "took" : 52,
  "errors" :  ...
dpt 65 : voies
65: 1 voies traitées
voie : bulk pour les ids de 864396 à 864595
bulk : {
  "took" : 12,
  "errors" :  ...
65: 201 voies traitées
voie : bulk pour les ids de 864596 à 864795
bulk : {
  "took" : 12,
  "errors" :  ...
65: 401 voies traitées
voie : bulk pour les ids de 864796 à 864995
bulk : {
  "took" : 12,
  "errors" :  ...
65: 601 voies traitées
voie : bulk pour les ids de 864996 à 865195
bulk : {
  "took" : 12,
  "errors" :  ...
65: 801 voies traitées
voie : bulk pour les ids de 865196 à 865395
bulk : {
  "took" : 12,
  "errors" :  ...
65: 1001 voies traitées
voie : bulk pour les ids de 865396 à 865595
bulk : {
  "took" : 12,
  "errors" :  ...
65: 1201 voies traitées
voie : bulk pour les ids de 865596 à 865795
bulk : {
  "took" : 13,
  "errors" :  ...
65: 1401 voies traitées
voie : bulk pour les ids de 865796 à 865995
bulk : {
  "took" : 27,
  "errors" :  ...
65: 1601 voies traitées
voie : bulk pour les ids de 865996 à 866195
bulk : {
  "took" : 12,
  "errors" :  ...
65: 1801 voies traitées
voie : bulk pour les ids de 866196 à 866395
bulk : {
  "took" : 13,
  "errors" :  ...
65: 2001 voies traitées
voie : bulk pour les ids de 866396 à 866595
bulk : {
  "took" : 13,
  "errors" :  ...
65: 2201 voies traitées
voie : bulk pour les ids de 866596 à 866795
bulk : {
  "took" : 12,
  "errors" :  ...
65: 2401 voies traitées
voie : bulk pour les ids de 866796 à 866995
bulk : {
  "took" : 12,
  "errors" :  ...
65: 2601 voies traitées
voie : bulk pour les ids de 866996 à 867195
bulk : {
  "took" : 11,
  "errors" :  ...
65: 2801 voies traitées
voie : bulk pour les ids de 867196 à 867395
bulk : {
  "took" : 12,
  "errors" :  ...
65: 3001 voies traitées
voie : bulk pour les ids de 867396 à 867595
bulk : {
  "took" : 12,
  "errors" :  ...
65: 3201 voies traitées
voie : bulk pour les ids de 867596 à 867795
bulk : {
  "took" : 12,
  "errors" :  ...
65: 3401 voies traitées
voie : bulk pour les ids de 867796 à 867995
bulk : {
  "took" : 11,
  "errors" :  ...
65: 3601 voies traitées
voie : bulk pour les ids de 867996 à 868195
bulk : {
  "took" : 31,
  "errors" :  ...
65: 3801 voies traitées
voie : bulk pour les ids de 868196 à 868395
bulk : {
  "took" : 13,
  "errors" :  ...
65: 4001 voies traitées
voie : bulk pour les ids de 868396 à 868595
bulk : {
  "took" : 12,
  "errors" :  ...
65: 4201 voies traitées
voie : bulk pour les ids de 868596 à 868795
bulk : {
  "took" : 12,
  "errors" :  ...
65: 4401 voies traitées
voie : bulk pour les ids de 868796 à 868995
bulk : {
  "took" : 12,
  "errors" :  ...
65: 4601 voies traitées
voie : bulk pour les ids de 868996 à 869195
bulk : {
  "took" : 11,
  "errors" :  ...
65: 4801 voies traitées
voie : bulk pour les ids de 869196 à 869395
bulk : {
  "took" : 12,
  "errors" :  ...
65: 5001 voies traitées
voie : bulk pour les ids de 869396 à 869595
bulk : {
  "took" : 12,
  "errors" :  ...
65: 5201 voies traitées
voie : bulk pour les ids de 869596 à 869795
bulk : {
  "took" : 12,
  "errors" :  ...
65: 5401 voies traitées
voie : bulk pour les ids de 869796 à 869995
bulk : {
  "took" : 25,
  "errors" :  ...
65: 5601 voies traitées
voie : bulk pour les ids de 869996 à 870195
bulk : {
  "took" : 12,
  "errors" :  ...
65: 5801 voies traitées
voie : bulk pour les ids de 870196 à 870395
bulk : {
  "took" : 12,
  "errors" :  ...
65: 6001 voies traitées
voie : bulk pour les ids de 870396 à 870595
bulk : {
  "took" : 12,
  "errors" :  ...
65: 6201 voies traitées
voie : bulk pour les ids de 870596 à 870795
bulk : {
  "took" : 12,
  "errors" :  ...
65: 6401 voies traitées
voie : bulk pour les ids de 870796 à 870995
bulk : {
  "took" : 12,
  "errors" :  ...
65: 6601 voies traitées
voie : bulk pour les ids de 870996 à 871195
bulk : {
  "took" : 12,
  "errors" :  ...
65: 6801 voies traitées
voie : bulk pour les ids de 871196 à 871395
bulk : {
  "took" : 12,
  "errors" :  ...
65: 7001 voies traitées
voie : bulk pour les ids de 871396 à 871595
bulk : {
  "took" : 12,
  "errors" :  ...
65: 7201 voies traitées
voie : bulk pour les ids de 871596 à 871795
bulk : {
  "took" : 14,
  "errors" :  ...
65: 7401 voies traitées
voie : bulk pour les ids de 871796 à 871995
bulk : {
  "took" : 30,
  "errors" :  ...
65: 7601 voies traitées
voie : bulk pour les ids de 871996 à 872195
bulk : {
  "took" : 12,
  "errors" :  ...
65: 7801 voies traitées
voie : bulk pour les ids de 872196 à 872395
bulk : {
  "took" : 12,
  "errors" :  ...
65: 8001 voies traitées
voie : bulk pour les ids de 872396 à 872595
bulk : {
  "took" : 17,
  "errors" :  ...
65: 8201 voies traitées
voie : bulk pour les ids de 872596 à 872795
bulk : {
  "took" : 19,
  "errors" :  ...
65: 8401 voies traitées
voie : bulk pour les ids de 872796 à 872991
bulk : {
  "took" : 12,
  "errors" :  ...
dpt 65 : adresses
65: 1 adresses traitées
65: 1001 adresses traitées
adresse : bulk pour les ids de 12003241 à 12004240
bulk : {
  "took" : 82,
  "errors" :  ...
65: 2001 adresses traitées
adresse : bulk pour les ids de 12004241 à 12005240
bulk : {
  "took" : 98,
  "errors" :  ...
65: 3001 adresses traitées
adresse : bulk pour les ids de 12005241 à 12006240
bulk : {
  "took" : 69,
  "errors" :  ...
65: 4001 adresses traitées
adresse : bulk pour les ids de 12006241 à 12007240
bulk : {
  "took" : 103,
  "errors" : ...
65: 5001 adresses traitées
adresse : bulk pour les ids de 12007241 à 12008240
bulk : {
  "took" : 70,
  "errors" :  ...
65: 6001 adresses traitées
adresse : bulk pour les ids de 12008241 à 12009240
bulk : {
  "took" : 99,
  "errors" :  ...
65: 7001 adresses traitées
adresse : bulk pour les ids de 12009241 à 12010240
bulk : {
  "took" : 85,
  "errors" :  ...
65: 8001 adresses traitées
65: 9001 adresses traitées
adresse : bulk pour les ids de 12010241 à 12011240
bulk : {
  "took" : 85,
  "errors" :  ...
65: 10001 adresses traitées
adresse : bulk pour les ids de 12011241 à 12012240
bulk : {
  "took" : 85,
  "errors" :  ...
65: 11001 adresses traitées
adresse : bulk pour les ids de 12012241 à 12013240
bulk : {
  "took" : 86,
  "errors" :  ...
65: 12001 adresses traitées
adresse : bulk pour les ids de 12013241 à 12014240
bulk : {
  "took" : 87,
  "errors" :  ...
65: 13001 adresses traitées
65: 14001 adresses traitées
adresse : bulk pour les ids de 12014241 à 12015240
bulk : {
  "took" : 97,
  "errors" :  ...
65: 15001 adresses traitées
adresse : bulk pour les ids de 12015241 à 12016240
bulk : {
  "took" : 67,
  "errors" :  ...
65: 16001 adresses traitées
adresse : bulk pour les ids de 12016241 à 12017240
bulk : {
  "took" : 86,
  "errors" :  ...
65: 17001 adresses traitées
adresse : bulk pour les ids de 12017241 à 12018240
bulk : {
  "took" : 88,
  "errors" :  ...
65: 18001 adresses traitées
adresse : bulk pour les ids de 12018241 à 12019240
bulk : {
  "took" : 88,
  "errors" :  ...
65: 19001 adresses traitées
adresse : bulk pour les ids de 12019241 à 12020240
bulk : {
  "took" : 83,
  "errors" :  ...
65: 20001 adresses traitées
adresse : bulk pour les ids de 12020241 à 12021240
bulk : {
  "took" : 99,
  "errors" :  ...
65: 21001 adresses traitées
adresse : bulk pour les ids de 12021241 à 12022240
bulk : {
  "took" : 68,
  "errors" :  ...
65: 22001 adresses traitées
adresse : bulk pour les ids de 12022241 à 12023240
bulk : {
  "took" : 97,
  "errors" :  ...
65: 23001 adresses traitées
adresse : bulk pour les ids de 12023241 à 12024240
bulk : {
  "took" : 68,
  "errors" :  ...
65: 24001 adresses traitées
adresse : bulk pour les ids de 12024241 à 12025240
bulk : {
  "took" : 102,
  "errors" : ...
65: 25001 adresses traitées
adresse : bulk pour les ids de 12025241 à 12026240
bulk : {
  "took" : 82,
  "errors" :  ...
65: 26001 adresses traitées
adresse : bulk pour les ids de 12026241 à 12027240
bulk : {
  "took" : 82,
  "errors" :  ...
65: 27001 adresses traitées
adresse : bulk pour les ids de 12027241 à 12028240
bulk : {
  "took" : 82,
  "errors" :  ...
65: 28001 adresses traitées
adresse : bulk pour les ids de 12028241 à 12029240
bulk : {
  "took" : 87,
  "errors" :  ...
65: 29001 adresses traitées
adresse : bulk pour les ids de 12029241 à 12030240
bulk : {
  "took" : 82,
  "errors" :  ...
65: 30001 adresses traitées
adresse : bulk pour les ids de 12030241 à 12031240
bulk : {
  "took" : 97,
  "errors" :  ...
65: 31001 adresses traitées
adresse : bulk pour les ids de 12031241 à 12032240
bulk : {
  "took" : 67,
  "errors" :  ...
65: 32001 adresses traitées
65: 33001 adresses traitées
adresse : bulk pour les ids de 12032241 à 12033240
bulk : {
  "took" : 102,
  "errors" : ...
65: 34001 adresses traitées
adresse : bulk pour les ids de 12033241 à 12034240
bulk : {
  "took" : 86,
  "errors" :  ...
65: 35001 adresses traitées
adresse : bulk pour les ids de 12034241 à 12035240
bulk : {
  "took" : 82,
  "errors" :  ...
65: 36001 adresses traitées
adresse : bulk pour les ids de 12035241 à 12036240
bulk : {
  "took" : 69,
  "errors" :  ...
65: 37001 adresses traitées
adresse : bulk pour les ids de 12036241 à 12037240
bulk : {
  "took" : 104,
  "errors" : ...
65: 38001 adresses traitées
adresse : bulk pour les ids de 12037241 à 12038240
bulk : {
  "took" : 69,
  "errors" :  ...
65: 39001 adresses traitées
adresse : bulk pour les ids de 12038241 à 12039240
bulk : {
  "took" : 98,
  "errors" :  ...
65: 40001 adresses traitées
adresse : bulk pour les ids de 12039241 à 12040240
bulk : {
  "took" : 68,
  "errors" :  ...
65: 41001 adresses traitées
adresse : bulk pour les ids de 12040241 à 12041240
bulk : {
  "took" : 99,
  "errors" :  ...
65: 42001 adresses traitées
adresse : bulk pour les ids de 12041241 à 12042240
bulk : {
  "took" : 85,
  "errors" :  ...
65: 43001 adresses traitées
adresse : bulk pour les ids de 12042241 à 12043240
bulk : {
  "took" : 84,
  "errors" :  ...
65: 44001 adresses traitées
adresse : bulk pour les ids de 12043241 à 12044240
bulk : {
  "took" : 87,
  "errors" :  ...
65: 45001 adresses traitées
adresse : bulk pour les ids de 12044241 à 12045240
bulk : {
  "took" : 83,
  "errors" :  ...
65: 46001 adresses traitées
adresse : bulk pour les ids de 12045241 à 12046240
bulk : {
  "took" : 82,
  "errors" :  ...
65: 47001 adresses traitées
adresse : bulk pour les ids de 12046241 à 12047240
bulk : {
  "took" : 106,
  "errors" : ...
65: 48001 adresses traitées
adresse : bulk pour les ids de 12047241 à 12048240
bulk : {
  "took" : 68,
  "errors" :  ...
65: 49001 adresses traitées
65: 50001 adresses traitées
adresse : bulk pour les ids de 12048241 à 12049240
bulk : {
  "took" : 102,
  "errors" : ...
65: 51001 adresses traitées
adresse : bulk pour les ids de 12049241 à 12050240
bulk : {
  "took" : 69,
  "errors" :  ...
65: 52001 adresses traitées
adresse : bulk pour les ids de 12050241 à 12051240
bulk : {
  "took" : 104,
  "errors" : ...
65: 53001 adresses traitées
adresse : bulk pour les ids de 12051241 à 12052240
bulk : {
  "took" : 69,
  "errors" :  ...
65: 54001 adresses traitées
adresse : bulk pour les ids de 12052241 à 12053240
bulk : {
  "took" : 100,
  "errors" : ...
65: 55001 adresses traitées
adresse : bulk pour les ids de 12053241 à 12054240
bulk : {
  "took" : 76,
  "errors" :  ...
65: 56001 adresses traitées
adresse : bulk pour les ids de 12054241 à 12055240
bulk : {
  "took" : 91,
  "errors" :  ...
65: 57001 adresses traitées
adresse : bulk pour les ids de 12055241 à 12056240
bulk : {
  "took" : 101,
  "errors" : ...
65: 58001 adresses traitées
adresse : bulk pour les ids de 12056241 à 12057240
bulk : {
  "took" : 67,
  "errors" :  ...
65: 59001 adresses traitées
adresse : bulk pour les ids de 12057241 à 12058240
bulk : {
  "took" : 100,
  "errors" : ...
65: 60001 adresses traitées
adresse : bulk pour les ids de 12058241 à 12059240
bulk : {
  "took" : 69,
  "errors" :  ...
65: 61001 adresses traitées
adresse : bulk pour les ids de 12059241 à 12060240
bulk : {
  "took" : 103,
  "errors" : ...
65: 62001 adresses traitées
adresse : bulk pour les ids de 12060241 à 12061240
bulk : {
  "took" : 82,
  "errors" :  ...
65: 63001 adresses traitées
adresse : bulk pour les ids de 12061241 à 12062240
bulk : {
  "took" : 86,
  "errors" :  ...
65: 64001 adresses traitées
adresse : bulk pour les ids de 12062241 à 12063240
bulk : {
  "took" : 86,
  "errors" :  ...
65: 65001 adresses traitées
adresse : bulk pour les ids de 12063241 à 12064240
bulk : {
  "took" : 99,
  "errors" :  ...
65: 66001 adresses traitées
65: 67001 adresses traitées
adresse : bulk pour les ids de 12064241 à 12065240
bulk : {
  "took" : 70,
  "errors" :  ...
65: 68001 adresses traitées
adresse : bulk pour les ids de 12065241 à 12066240
bulk : {
  "took" : 100,
  "errors" : ...
65: 69001 adresses traitées
adresse : bulk pour les ids de 12066241 à 12067240
bulk : {
  "took" : 69,
  "errors" :  ...
65: 70001 adresses traitées
adresse : bulk pour les ids de 12067241 à 12068240
bulk : {
  "took" : 104,
  "errors" : ...
65: 71001 adresses traitées
adresse : bulk pour les ids de 12068241 à 12069240
bulk : {
  "took" : 71,
  "errors" :  ...
65: 72001 adresses traitées
adresse : bulk pour les ids de 12069241 à 12070240
bulk : {
  "took" : 88,
  "errors" :  ...
65: 73001 adresses traitées
adresse : bulk pour les ids de 12070241 à 12071240
bulk : {
  "took" : 71,
  "errors" :  ...
65: 74001 adresses traitées
adresse : bulk pour les ids de 12071241 à 12072240
bulk : {
  "took" : 100,
  "errors" : ...
65: 75001 adresses traitées
adresse : bulk pour les ids de 12072241 à 12073240
bulk : {
  "took" : 68,
  "errors" :  ...
65: 76001 adresses traitées
65: 77001 adresses traitées
adresse : bulk pour les ids de 12073241 à 12074240
bulk : {
  "took" : 100,
  "errors" : ...
65: 78001 adresses traitées
adresse : bulk pour les ids de 12074241 à 12075240
bulk : {
  "took" : 70,
  "errors" :  ...
65: 79001 adresses traitées
adresse : bulk pour les ids de 12075241 à 12076240
bulk : {
  "took" : 99,
  "errors" :  ...
65: 80001 adresses traitées
adresse : bulk pour les ids de 12076241 à 12077240
bulk : {
  "took" : 83,
  "errors" :  ...
65: 81001 adresses traitées
adresse : bulk pour les ids de 12077241 à 12078240
bulk : {
  "took" : 89,
  "errors" :  ...
65: 82001 adresses traitées
65: 83001 adresses traitées
adresse : bulk pour les ids de 12078241 à 12079240
bulk : {
  "took" : 84,
  "errors" :  ...
65: 84001 adresses traitées
adresse : bulk pour les ids de 12079241 à 12080240
bulk : {
  "took" : 99,
  "errors" :  ...
65: 85001 adresses traitées
adresse : bulk pour les ids de 12080241 à 12081240
bulk : {
  "took" : 69,
  "errors" :  ...
65: 86001 adresses traitées
adresse : bulk pour les ids de 12081241 à 12082240
bulk : {
  "took" : 102,
  "errors" : ...
65: 87001 adresses traitées
65: 88001 adresses traitées
adresse : bulk pour les ids de 12082241 à 12083240
bulk : {
  "took" : 81,
  "errors" :  ...
65: 89001 adresses traitées
adresse : bulk pour les ids de 12083241 à 12084240
bulk : {
  "took" : 105,
  "errors" : ...
65: 90001 adresses traitées
adresse : bulk pour les ids de 12084241 à 12085240
bulk : {
  "took" : 94,
  "errors" :  ...
65: 91001 adresses traitées
adresse : bulk pour les ids de 12085241 à 12086240
bulk : {
  "took" : 96,
  "errors" :  ...
65: 92001 adresses traitées
adresse : bulk pour les ids de 12086241 à 12087240
bulk : {
  "took" : 78,
  "errors" :  ...
65: 93001 adresses traitées
adresse : bulk pour les ids de 12087241 à 12088240
bulk : {
  "took" : 69,
  "errors" :  ...
65: 94001 adresses traitées
adresse : bulk pour les ids de 12088241 à 12089045
bulk : {
  "took" : 82,
  "errors" :  ...
dpt 66 : voies
66: 1 voies traitées
voie : bulk pour les ids de 872992 à 873191
bulk : {
  "took" : 13,
  "errors" :  ...
66: 201 voies traitées
voie : bulk pour les ids de 873192 à 873391
bulk : {
  "took" : 12,
  "errors" :  ...
66: 401 voies traitées
voie : bulk pour les ids de 873392 à 873591
bulk : {
  "took" : 12,
  "errors" :  ...
66: 601 voies traitées
voie : bulk pour les ids de 873592 à 873791
bulk : {
  "took" : 12,
  "errors" :  ...
66: 801 voies traitées
voie : bulk pour les ids de 873792 à 873991
bulk : {
  "took" : 11,
  "errors" :  ...
66: 1001 voies traitées
voie : bulk pour les ids de 873992 à 874191
bulk : {
  "took" : 11,
  "errors" :  ...
66: 1201 voies traitées
voie : bulk pour les ids de 874192 à 874391
bulk : {
  "took" : 13,
  "errors" :  ...
66: 1401 voies traitées
voie : bulk pour les ids de 874392 à 874591
bulk : {
  "took" : 12,
  "errors" :  ...
66: 1601 voies traitées
voie : bulk pour les ids de 874592 à 874791
bulk : {
  "took" : 12,
  "errors" :  ...
66: 1801 voies traitées
voie : bulk pour les ids de 874792 à 874991
bulk : {
  "took" : 29,
  "errors" :  ...
66: 2001 voies traitées
voie : bulk pour les ids de 874992 à 875191
bulk : {
  "took" : 12,
  "errors" :  ...
66: 2201 voies traitées
voie : bulk pour les ids de 875192 à 875391
bulk : {
  "took" : 12,
  "errors" :  ...
66: 2401 voies traitées
voie : bulk pour les ids de 875392 à 875591
bulk : {
  "took" : 16,
  "errors" :  ...
66: 2601 voies traitées
voie : bulk pour les ids de 875592 à 875791
bulk : {
  "took" : 21,
  "errors" :  ...
66: 2801 voies traitées
voie : bulk pour les ids de 875792 à 875991
bulk : {
  "took" : 12,
  "errors" :  ...
66: 3001 voies traitées
voie : bulk pour les ids de 875992 à 876191
bulk : {
  "took" : 11,
  "errors" :  ...
66: 3201 voies traitées
voie : bulk pour les ids de 876192 à 876391
bulk : {
  "took" : 12,
  "errors" :  ...
66: 3401 voies traitées
voie : bulk pour les ids de 876392 à 876591
bulk : {
  "took" : 11,
  "errors" :  ...
66: 3601 voies traitées
voie : bulk pour les ids de 876592 à 876791
bulk : {
  "took" : 11,
  "errors" :  ...
66: 3801 voies traitées
voie : bulk pour les ids de 876792 à 876991
bulk : {
  "took" : 12,
  "errors" :  ...
66: 4001 voies traitées
voie : bulk pour les ids de 876992 à 877191
bulk : {
  "took" : 12,
  "errors" :  ...
66: 4201 voies traitées
voie : bulk pour les ids de 877192 à 877391
bulk : {
  "took" : 11,
  "errors" :  ...
66: 4401 voies traitées
voie : bulk pour les ids de 877392 à 877591
bulk : {
  "took" : 17,
  "errors" :  ...
66: 4601 voies traitées
voie : bulk pour les ids de 877592 à 877791
bulk : {
  "took" : 12,
  "errors" :  ...
66: 4801 voies traitées
voie : bulk pour les ids de 877792 à 877991
bulk : {
  "took" : 25,
  "errors" :  ...
66: 5001 voies traitées
voie : bulk pour les ids de 877992 à 878191
bulk : {
  "took" : 12,
  "errors" :  ...
66: 5201 voies traitées
voie : bulk pour les ids de 878192 à 878391
bulk : {
  "took" : 12,
  "errors" :  ...
66: 5401 voies traitées
voie : bulk pour les ids de 878392 à 878591
bulk : {
  "took" : 12,
  "errors" :  ...
66: 5601 voies traitées
voie : bulk pour les ids de 878592 à 878791
bulk : {
  "took" : 15,
  "errors" :  ...
66: 5801 voies traitées
voie : bulk pour les ids de 878792 à 878991
bulk : {
  "took" : 12,
  "errors" :  ...
66: 6001 voies traitées
voie : bulk pour les ids de 878992 à 879191
bulk : {
  "took" : 12,
  "errors" :  ...
66: 6201 voies traitées
voie : bulk pour les ids de 879192 à 879391
bulk : {
  "took" : 16,
  "errors" :  ...
66: 6401 voies traitées
voie : bulk pour les ids de 879392 à 879591
bulk : {
  "took" : 21,
  "errors" :  ...
66: 6601 voies traitées
voie : bulk pour les ids de 879592 à 879791
bulk : {
  "took" : 25,
  "errors" :  ...
66: 6801 voies traitées
voie : bulk pour les ids de 879792 à 879991
bulk : {
  "took" : 12,
  "errors" :  ...
66: 7001 voies traitées
voie : bulk pour les ids de 879992 à 880191
bulk : {
  "took" : 11,
  "errors" :  ...
66: 7201 voies traitées
voie : bulk pour les ids de 880192 à 880391
bulk : {
  "took" : 12,
  "errors" :  ...
66: 7401 voies traitées
voie : bulk pour les ids de 880392 à 880591
bulk : {
  "took" : 13,
  "errors" :  ...
66: 7601 voies traitées
voie : bulk pour les ids de 880592 à 880791
bulk : {
  "took" : 12,
  "errors" :  ...
66: 7801 voies traitées
voie : bulk pour les ids de 880792 à 880991
bulk : {
  "took" : 14,
  "errors" :  ...
66: 8001 voies traitées
voie : bulk pour les ids de 880992 à 881191
bulk : {
  "took" : 12,
  "errors" :  ...
66: 8201 voies traitées
voie : bulk pour les ids de 881192 à 881391
bulk : {
  "took" : 28,
  "errors" :  ...
66: 8401 voies traitées
voie : bulk pour les ids de 881392 à 881591
bulk : {
  "took" : 12,
  "errors" :  ...
66: 8601 voies traitées
voie : bulk pour les ids de 881592 à 881791
bulk : {
  "took" : 12,
  "errors" :  ...
66: 8801 voies traitées
voie : bulk pour les ids de 881792 à 881991
bulk : {
  "took" : 11,
  "errors" :  ...
66: 9001 voies traitées
voie : bulk pour les ids de 881992 à 882191
bulk : {
  "took" : 12,
  "errors" :  ...
66: 9201 voies traitées
voie : bulk pour les ids de 882192 à 882391
bulk : {
  "took" : 12,
  "errors" :  ...
66: 9401 voies traitées
voie : bulk pour les ids de 882392 à 882591
bulk : {
  "took" : 11,
  "errors" :  ...
66: 9601 voies traitées
voie : bulk pour les ids de 882592 à 882791
bulk : {
  "took" : 12,
  "errors" :  ...
66: 9801 voies traitées
voie : bulk pour les ids de 882792 à 882991
bulk : {
  "took" : 12,
  "errors" :  ...
66: 10001 voies traitées
voie : bulk pour les ids de 882992 à 883191
bulk : {
  "took" : 16,
  "errors" :  ...
66: 10201 voies traitées
voie : bulk pour les ids de 883192 à 883391
bulk : {
  "took" : 37,
  "errors" :  ...
66: 10401 voies traitées
voie : bulk pour les ids de 883392 à 883591
bulk : {
  "took" : 12,
  "errors" :  ...
66: 10601 voies traitées
voie : bulk pour les ids de 883592 à 883791
bulk : {
  "took" : 11,
  "errors" :  ...
66: 10801 voies traitées
voie : bulk pour les ids de 883792 à 883991
bulk : {
  "took" : 12,
  "errors" :  ...
66: 11001 voies traitées
voie : bulk pour les ids de 883992 à 884191
bulk : {
  "took" : 12,
  "errors" :  ...
66: 11201 voies traitées
voie : bulk pour les ids de 884192 à 884391
bulk : {
  "took" : 12,
  "errors" :  ...
66: 11401 voies traitées
voie : bulk pour les ids de 884392 à 884591
bulk : {
  "took" : 12,
  "errors" :  ...
66: 11601 voies traitées
voie : bulk pour les ids de 884592 à 884791
bulk : {
  "took" : 13,
  "errors" :  ...
66: 11801 voies traitées
voie : bulk pour les ids de 884792 à 884991
bulk : {
  "took" : 12,
  "errors" :  ...
66: 12001 voies traitées
voie : bulk pour les ids de 884992 à 885191
bulk : {
  "took" : 12,
  "errors" :  ...
66: 12201 voies traitées
voie : bulk pour les ids de 885192 à 885391
bulk : {
  "took" : 33,
  "errors" :  ...
66: 12401 voies traitées
voie : bulk pour les ids de 885392 à 885591
bulk : {
  "took" : 12,
  "errors" :  ...
66: 12601 voies traitées
voie : bulk pour les ids de 885592 à 885791
bulk : {
  "took" : 12,
  "errors" :  ...
66: 12801 voies traitées
voie : bulk pour les ids de 885792 à 885991
bulk : {
  "took" : 13,
  "errors" :  ...
66: 13001 voies traitées
voie : bulk pour les ids de 885992 à 886191
bulk : {
  "took" : 12,
  "errors" :  ...
66: 13201 voies traitées
voie : bulk pour les ids de 886192 à 886391
bulk : {
  "took" : 12,
  "errors" :  ...
66: 13401 voies traitées
voie : bulk pour les ids de 886392 à 886591
bulk : {
  "took" : 11,
  "errors" :  ...
66: 13601 voies traitées
voie : bulk pour les ids de 886592 à 886791
bulk : {
  "took" : 11,
  "errors" :  ...
66: 13801 voies traitées
voie : bulk pour les ids de 886792 à 886991
bulk : {
  "took" : 16,
  "errors" :  ...
66: 14001 voies traitées
voie : bulk pour les ids de 886992 à 887191
bulk : {
  "took" : 21,
  "errors" :  ...
66: 14201 voies traitées
voie : bulk pour les ids de 887192 à 887391
bulk : {
  "took" : 28,
  "errors" :  ...
66: 14401 voies traitées
voie : bulk pour les ids de 887392 à 887591
bulk : {
  "took" : 12,
  "errors" :  ...
66: 14601 voies traitées
voie : bulk pour les ids de 887592 à 887791
bulk : {
  "took" : 12,
  "errors" :  ...
66: 14801 voies traitées
voie : bulk pour les ids de 887792 à 887866
bulk : {
  "took" : 5,
  "errors" : f ...
dpt 66 : adresses
66: 1 adresses traitées
66: 1001 adresses traitées
adresse : bulk pour les ids de 12089046 à 12090045
bulk : {
  "took" : 89,
  "errors" :  ...
66: 2001 adresses traitées
adresse : bulk pour les ids de 12090046 à 12091045
bulk : {
  "took" : 88,
  "errors" :  ...
66: 3001 adresses traitées
adresse : bulk pour les ids de 12091046 à 12092045
bulk : {
  "took" : 71,
  "errors" :  ...
66: 4001 adresses traitées
adresse : bulk pour les ids de 12092046 à 12093045
bulk : {
  "took" : 85,
  "errors" :  ...
66: 5001 adresses traitées
adresse : bulk pour les ids de 12093046 à 12094045
bulk : {
  "took" : 73,
  "errors" :  ...
66: 6001 adresses traitées
adresse : bulk pour les ids de 12094046 à 12095045
bulk : {
  "took" : 108,
  "errors" : ...
66: 7001 adresses traitées
adresse : bulk pour les ids de 12095046 à 12096045
bulk : {
  "took" : 87,
  "errors" :  ...
66: 8001 adresses traitées
adresse : bulk pour les ids de 12096046 à 12097045
bulk : {
  "took" : 74,
  "errors" :  ...
66: 9001 adresses traitées
adresse : bulk pour les ids de 12097046 à 12098045
bulk : {
  "took" : 101,
  "errors" : ...
66: 10001 adresses traitées
adresse : bulk pour les ids de 12098046 à 12099045
bulk : {
  "took" : 88,
  "errors" :  ...
66: 11001 adresses traitées
adresse : bulk pour les ids de 12099046 à 12100045
bulk : {
  "took" : 72,
  "errors" :  ...
66: 12001 adresses traitées
adresse : bulk pour les ids de 12100046 à 12101045
bulk : {
  "took" : 90,
  "errors" :  ...
66: 13001 adresses traitées
adresse : bulk pour les ids de 12101046 à 12102045
bulk : {
  "took" : 72,
  "errors" :  ...
66: 14001 adresses traitées
adresse : bulk pour les ids de 12102046 à 12103045
bulk : {
  "took" : 101,
  "errors" : ...
66: 15001 adresses traitées
adresse : bulk pour les ids de 12103046 à 12104045
bulk : {
  "took" : 76,
  "errors" :  ...
66: 16001 adresses traitées
adresse : bulk pour les ids de 12104046 à 12105045
bulk : {
  "took" : 91,
  "errors" :  ...
66: 17001 adresses traitées
adresse : bulk pour les ids de 12105046 à 12106045
bulk : {
  "took" : 74,
  "errors" :  ...
66: 18001 adresses traitées
adresse : bulk pour les ids de 12106046 à 12107045
bulk : {
  "took" : 91,
  "errors" :  ...
66: 19001 adresses traitées
adresse : bulk pour les ids de 12107046 à 12108045
bulk : {
  "took" : 77,
  "errors" :  ...
66: 20001 adresses traitées
adresse : bulk pour les ids de 12108046 à 12109045
bulk : {
  "took" : 86,
  "errors" :  ...
66: 21001 adresses traitées
66: 22001 adresses traitées
adresse : bulk pour les ids de 12109046 à 12110045
bulk : {
  "took" : 84,
  "errors" :  ...
66: 23001 adresses traitées
adresse : bulk pour les ids de 12110046 à 12111045
bulk : {
  "took" : 86,
  "errors" :  ...
66: 24001 adresses traitées
adresse : bulk pour les ids de 12111046 à 12112045
bulk : {
  "took" : 83,
  "errors" :  ...
66: 25001 adresses traitées
adresse : bulk pour les ids de 12112046 à 12113045
bulk : {
  "took" : 75,
  "errors" :  ...
66: 26001 adresses traitées
adresse : bulk pour les ids de 12113046 à 12114045
bulk : {
  "took" : 75,
  "errors" :  ...
66: 27001 adresses traitées
adresse : bulk pour les ids de 12114046 à 12115045
bulk : {
  "took" : 90,
  "errors" :  ...
66: 28001 adresses traitées
adresse : bulk pour les ids de 12115046 à 12116045
bulk : {
  "took" : 70,
  "errors" :  ...
66: 29001 adresses traitées
adresse : bulk pour les ids de 12116046 à 12117045
bulk : {
  "took" : 88,
  "errors" :  ...
66: 30001 adresses traitées
adresse : bulk pour les ids de 12117046 à 12118045
bulk : {
  "took" : 84,
  "errors" :  ...
66: 31001 adresses traitées
adresse : bulk pour les ids de 12118046 à 12119045
bulk : {
  "took" : 74,
  "errors" :  ...
66: 32001 adresses traitées
adresse : bulk pour les ids de 12119046 à 12120045
bulk : {
  "took" : 82,
  "errors" :  ...
66: 33001 adresses traitées
adresse : bulk pour les ids de 12120046 à 12121045
bulk : {
  "took" : 76,
  "errors" :  ...
66: 34001 adresses traitées
adresse : bulk pour les ids de 12121046 à 12122045
bulk : {
  "took" : 92,
  "errors" :  ...
66: 35001 adresses traitées
adresse : bulk pour les ids de 12122046 à 12123045
bulk : {
  "took" : 93,
  "errors" :  ...
66: 36001 adresses traitées
adresse : bulk pour les ids de 12123046 à 12124045
bulk : {
  "took" : 78,
  "errors" :  ...
66: 37001 adresses traitées
adresse : bulk pour les ids de 12124046 à 12125045
bulk : {
  "took" : 90,
  "errors" :  ...
66: 38001 adresses traitées
adresse : bulk pour les ids de 12125046 à 12126045
bulk : {
  "took" : 88,
  "errors" :  ...
66: 39001 adresses traitées
adresse : bulk pour les ids de 12126046 à 12127045
bulk : {
  "took" : 77,
  "errors" :  ...
66: 40001 adresses traitées
adresse : bulk pour les ids de 12127046 à 12128045
bulk : {
  "took" : 83,
  "errors" :  ...
66: 41001 adresses traitées
adresse : bulk pour les ids de 12128046 à 12129045
bulk : {
  "took" : 75,
  "errors" :  ...
66: 42001 adresses traitées
adresse : bulk pour les ids de 12129046 à 12130045
bulk : {
  "took" : 88,
  "errors" :  ...
66: 43001 adresses traitées
adresse : bulk pour les ids de 12130046 à 12131045
bulk : {
  "took" : 89,
  "errors" :  ...
66: 44001 adresses traitées
adresse : bulk pour les ids de 12131046 à 12132045
bulk : {
  "took" : 67,
  "errors" :  ...
66: 45001 adresses traitées
adresse : bulk pour les ids de 12132046 à 12133045
bulk : {
  "took" : 94,
  "errors" :  ...
66: 46001 adresses traitées
66: 47001 adresses traitées
adresse : bulk pour les ids de 12133046 à 12134045
bulk : {
  "took" : 80,
  "errors" :  ...
66: 48001 adresses traitées
adresse : bulk pour les ids de 12134046 à 12135045
bulk : {
  "took" : 75,
  "errors" :  ...
66: 49001 adresses traitées
adresse : bulk pour les ids de 12135046 à 12136045
bulk : {
  "took" : 82,
  "errors" :  ...
66: 50001 adresses traitées
adresse : bulk pour les ids de 12136046 à 12137045
bulk : {
  "took" : 75,
  "errors" :  ...
66: 51001 adresses traitées
adresse : bulk pour les ids de 12137046 à 12138045
bulk : {
  "took" : 89,
  "errors" :  ...
66: 52001 adresses traitées
adresse : bulk pour les ids de 12138046 à 12139045
bulk : {
  "took" : 92,
  "errors" :  ...
66: 53001 adresses traitées
adresse : bulk pour les ids de 12139046 à 12140045
bulk : {
  "took" : 72,
  "errors" :  ...
66: 54001 adresses traitées
adresse : bulk pour les ids de 12140046 à 12141045
bulk : {
  "took" : 76,
  "errors" :  ...
66: 55001 adresses traitées
adresse : bulk pour les ids de 12141046 à 12142045
bulk : {
  "took" : 86,
  "errors" :  ...
66: 56001 adresses traitées
adresse : bulk pour les ids de 12142046 à 12143045
bulk : {
  "took" : 76,
  "errors" :  ...
66: 57001 adresses traitées
adresse : bulk pour les ids de 12143046 à 12144045
bulk : {
  "took" : 81,
  "errors" :  ...
66: 58001 adresses traitées
adresse : bulk pour les ids de 12144046 à 12145045
bulk : {
  "took" : 78,
  "errors" :  ...
66: 59001 adresses traitées
adresse : bulk pour les ids de 12145046 à 12146045
bulk : {
  "took" : 84,
  "errors" :  ...
66: 60001 adresses traitées
adresse : bulk pour les ids de 12146046 à 12147045
bulk : {
  "took" : 90,
  "errors" :  ...
66: 61001 adresses traitées
adresse : bulk pour les ids de 12147046 à 12148045
bulk : {
  "took" : 71,
  "errors" :  ...
66: 62001 adresses traitées
adresse : bulk pour les ids de 12148046 à 12149045
bulk : {
  "took" : 91,
  "errors" :  ...
66: 63001 adresses traitées
adresse : bulk pour les ids de 12149046 à 12150045
bulk : {
  "took" : 81,
  "errors" :  ...
66: 64001 adresses traitées
adresse : bulk pour les ids de 12150046 à 12151045
bulk : {
  "took" : 87,
  "errors" :  ...
66: 65001 adresses traitées
adresse : bulk pour les ids de 12151046 à 12152045
bulk : {
  "took" : 85,
  "errors" :  ...
66: 66001 adresses traitées
adresse : bulk pour les ids de 12152046 à 12153045
bulk : {
  "took" : 76,
  "errors" :  ...
66: 67001 adresses traitées
adresse : bulk pour les ids de 12153046 à 12154045
bulk : {
  "took" : 89,
  "errors" :  ...
66: 68001 adresses traitées
adresse : bulk pour les ids de 12154046 à 12155045
bulk : {
  "took" : 87,
  "errors" :  ...
66: 69001 adresses traitées
adresse : bulk pour les ids de 12155046 à 12156045
bulk : {
  "took" : 71,
  "errors" :  ...
66: 70001 adresses traitées
adresse : bulk pour les ids de 12156046 à 12157045
bulk : {
  "took" : 90,
  "errors" :  ...
66: 71001 adresses traitées
adresse : bulk pour les ids de 12157046 à 12158045
bulk : {
  "took" : 73,
  "errors" :  ...
66: 72001 adresses traitées
adresse : bulk pour les ids de 12158046 à 12159045
bulk : {
  "took" : 75,
  "errors" :  ...
66: 73001 adresses traitées
adresse : bulk pour les ids de 12159046 à 12160045
bulk : {
  "took" : 82,
  "errors" :  ...
66: 74001 adresses traitées
adresse : bulk pour les ids de 12160046 à 12161045
bulk : {
  "took" : 78,
  "errors" :  ...
66: 75001 adresses traitées
adresse : bulk pour les ids de 12161046 à 12162045
bulk : {
  "took" : 90,
  "errors" :  ...
66: 76001 adresses traitées
adresse : bulk pour les ids de 12162046 à 12163045
bulk : {
  "took" : 90,
  "errors" :  ...
66: 77001 adresses traitées
adresse : bulk pour les ids de 12163046 à 12164045
bulk : {
  "took" : 67,
  "errors" :  ...
66: 78001 adresses traitées
adresse : bulk pour les ids de 12164046 à 12165045
bulk : {
  "took" : 94,
  "errors" :  ...
66: 79001 adresses traitées
adresse : bulk pour les ids de 12165046 à 12166045
bulk : {
  "took" : 72,
  "errors" :  ...
66: 80001 adresses traitées
adresse : bulk pour les ids de 12166046 à 12167045
bulk : {
  "took" : 93,
  "errors" :  ...
66: 81001 adresses traitées
adresse : bulk pour les ids de 12167046 à 12168045
bulk : {
  "took" : 80,
  "errors" :  ...
66: 82001 adresses traitées
66: 83001 adresses traitées
adresse : bulk pour les ids de 12168046 à 12169045
bulk : {
  "took" : 77,
  "errors" :  ...
66: 84001 adresses traitées
adresse : bulk pour les ids de 12169046 à 12170045
bulk : {
  "took" : 87,
  "errors" :  ...
66: 85001 adresses traitées
adresse : bulk pour les ids de 12170046 à 12171045
bulk : {
  "took" : 76,
  "errors" :  ...
66: 86001 adresses traitées
adresse : bulk pour les ids de 12171046 à 12172045
bulk : {
  "took" : 69,
  "errors" :  ...
66: 87001 adresses traitées
adresse : bulk pour les ids de 12172046 à 12173045
bulk : {
  "took" : 91,
  "errors" :  ...
66: 88001 adresses traitées
adresse : bulk pour les ids de 12173046 à 12174045
bulk : {
  "took" : 68,
  "errors" :  ...
66: 89001 adresses traitées
adresse : bulk pour les ids de 12174046 à 12175045
bulk : {
  "took" : 76,
  "errors" :  ...
66: 90001 adresses traitées
adresse : bulk pour les ids de 12175046 à 12176045
bulk : {
  "took" : 85,
  "errors" :  ...
66: 91001 adresses traitées
adresse : bulk pour les ids de 12176046 à 12177045
bulk : {
  "took" : 90,
  "errors" :  ...
66: 92001 adresses traitées
adresse : bulk pour les ids de 12177046 à 12178045
bulk : {
  "took" : 71,
  "errors" :  ...
66: 93001 adresses traitées
adresse : bulk pour les ids de 12178046 à 12179045
bulk : {
  "took" : 93,
  "errors" :  ...
66: 94001 adresses traitées
adresse : bulk pour les ids de 12179046 à 12180045
bulk : {
  "took" : 258,
  "errors" : ...
66: 95001 adresses traitées
adresse : bulk pour les ids de 12180046 à 12181045
bulk : {
  "took" : 100,
  "errors" : ...
66: 96001 adresses traitées
adresse : bulk pour les ids de 12181046 à 12182045
bulk : {
  "took" : 77,
  "errors" :  ...
66: 97001 adresses traitées
adresse : bulk pour les ids de 12182046 à 12183045
bulk : {
  "took" : 75,
  "errors" :  ...
66: 98001 adresses traitées
adresse : bulk pour les ids de 12183046 à 12184045
bulk : {
  "took" : 96,
  "errors" :  ...
66: 99001 adresses traitées
adresse : bulk pour les ids de 12184046 à 12185045
bulk : {
  "took" : 129,
  "errors" : ...
66: 100001 adresses traitées
adresse : bulk pour les ids de 12185046 à 12186045
bulk : {
  "took" : 77,
  "errors" :  ...
66: 101001 adresses traitées
adresse : bulk pour les ids de 12186046 à 12187045
bulk : {
  "took" : 93,
  "errors" :  ...
66: 102001 adresses traitées
adresse : bulk pour les ids de 12187046 à 12188045
bulk : {
  "took" : 67,
  "errors" :  ...
66: 103001 adresses traitées
adresse : bulk pour les ids de 12188046 à 12189045
bulk : {
  "took" : 89,
  "errors" :  ...
66: 104001 adresses traitées
adresse : bulk pour les ids de 12189046 à 12190045
bulk : {
  "took" : 92,
  "errors" :  ...
66: 105001 adresses traitées
adresse : bulk pour les ids de 12190046 à 12191045
bulk : {
  "took" : 75,
  "errors" :  ...
66: 106001 adresses traitées
adresse : bulk pour les ids de 12191046 à 12192045
bulk : {
  "took" : 81,
  "errors" :  ...
66: 107001 adresses traitées
adresse : bulk pour les ids de 12192046 à 12193045
bulk : {
  "took" : 89,
  "errors" :  ...
66: 108001 adresses traitées
adresse : bulk pour les ids de 12193046 à 12194045
bulk : {
  "took" : 75,
  "errors" :  ...
66: 109001 adresses traitées
adresse : bulk pour les ids de 12194046 à 12195045
bulk : {
  "took" : 90,
  "errors" :  ...
66: 110001 adresses traitées
66: 111001 adresses traitées
adresse : bulk pour les ids de 12195046 à 12196045
bulk : {
  "took" : 83,
  "errors" :  ...
66: 112001 adresses traitées
adresse : bulk pour les ids de 12196046 à 12197045
bulk : {
  "took" : 75,
  "errors" :  ...
66: 113001 adresses traitées
adresse : bulk pour les ids de 12197046 à 12198045
bulk : {
  "took" : 87,
  "errors" :  ...
66: 114001 adresses traitées
adresse : bulk pour les ids de 12198046 à 12199045
bulk : {
  "took" : 75,
  "errors" :  ...
66: 115001 adresses traitées
adresse : bulk pour les ids de 12199046 à 12200045
bulk : {
  "took" : 90,
  "errors" :  ...
66: 116001 adresses traitées
adresse : bulk pour les ids de 12200046 à 12201045
bulk : {
  "took" : 90,
  "errors" :  ...
66: 117001 adresses traitées
adresse : bulk pour les ids de 12201046 à 12202045
bulk : {
  "took" : 68,
  "errors" :  ...
66: 118001 adresses traitées
adresse : bulk pour les ids de 12202046 à 12203045
bulk : {
  "took" : 89,
  "errors" :  ...
66: 119001 adresses traitées
adresse : bulk pour les ids de 12203046 à 12204045
bulk : {
  "took" : 88,
  "errors" :  ...
66: 120001 adresses traitées
adresse : bulk pour les ids de 12204046 à 12205045
bulk : {
  "took" : 74,
  "errors" :  ...
66: 121001 adresses traitées
adresse : bulk pour les ids de 12205046 à 12206045
bulk : {
  "took" : 89,
  "errors" :  ...
66: 122001 adresses traitées
adresse : bulk pour les ids de 12206046 à 12207045
bulk : {
  "took" : 78,
  "errors" :  ...
66: 123001 adresses traitées
adresse : bulk pour les ids de 12207046 à 12208045
bulk : {
  "took" : 83,
  "errors" :  ...
66: 124001 adresses traitées
adresse : bulk pour les ids de 12208046 à 12209045
bulk : {
  "took" : 89,
  "errors" :  ...
66: 125001 adresses traitées
adresse : bulk pour les ids de 12209046 à 12210045
bulk : {
  "took" : 84,
  "errors" :  ...
66: 126001 adresses traitées
adresse : bulk pour les ids de 12210046 à 12211045
bulk : {
  "took" : 68,
  "errors" :  ...
66: 127001 adresses traitées
adresse : bulk pour les ids de 12211046 à 12212045
bulk : {
  "took" : 96,
  "errors" :  ...
66: 128001 adresses traitées
adresse : bulk pour les ids de 12212046 à 12213045
bulk : {
  "took" : 68,
  "errors" :  ...
66: 129001 adresses traitées
adresse : bulk pour les ids de 12213046 à 12214045
bulk : {
  "took" : 96,
  "errors" :  ...
66: 130001 adresses traitées
adresse : bulk pour les ids de 12214046 à 12215045
bulk : {
  "took" : 67,
  "errors" :  ...
66: 131001 adresses traitées
adresse : bulk pour les ids de 12215046 à 12216045
bulk : {
  "took" : 83,
  "errors" :  ...
66: 132001 adresses traitées
adresse : bulk pour les ids de 12216046 à 12217045
bulk : {
  "took" : 80,
  "errors" :  ...
66: 133001 adresses traitées
66: 134001 adresses traitées
adresse : bulk pour les ids de 12217046 à 12218045
bulk : {
  "took" : 84,
  "errors" :  ...
66: 135001 adresses traitées
adresse : bulk pour les ids de 12218046 à 12219045
bulk : {
  "took" : 68,
  "errors" :  ...
66: 136001 adresses traitées
adresse : bulk pour les ids de 12219046 à 12220045
bulk : {
  "took" : 101,
  "errors" : ...
66: 137001 adresses traitées
adresse : bulk pour les ids de 12220046 à 12221045
bulk : {
  "took" : 68,
  "errors" :  ...
66: 138001 adresses traitées
adresse : bulk pour les ids de 12221046 à 12222045
bulk : {
  "took" : 85,
  "errors" :  ...
66: 139001 adresses traitées
adresse : bulk pour les ids de 12222046 à 12223045
bulk : {
  "took" : 88,
  "errors" :  ...
66: 140001 adresses traitées
adresse : bulk pour les ids de 12223046 à 12224045
bulk : {
  "took" : 82,
  "errors" :  ...
66: 141001 adresses traitées
adresse : bulk pour les ids de 12224046 à 12225045
bulk : {
  "took" : 88,
  "errors" :  ...
66: 142001 adresses traitées
adresse : bulk pour les ids de 12225046 à 12226045
bulk : {
  "took" : 82,
  "errors" :  ...
66: 143001 adresses traitées
adresse : bulk pour les ids de 12226046 à 12227045
bulk : {
  "took" : 66,
  "errors" :  ...
66: 144001 adresses traitées
adresse : bulk pour les ids de 12227046 à 12228045
bulk : {
  "took" : 99,
  "errors" :  ...
66: 145001 adresses traitées
adresse : bulk pour les ids de 12228046 à 12229045
bulk : {
  "took" : 79,
  "errors" :  ...
66: 146001 adresses traitées
adresse : bulk pour les ids de 12229046 à 12230045
bulk : {
  "took" : 84,
  "errors" :  ...
66: 147001 adresses traitées
adresse : bulk pour les ids de 12230046 à 12231045
bulk : {
  "took" : 81,
  "errors" :  ...
66: 148001 adresses traitées
adresse : bulk pour les ids de 12231046 à 12232045
bulk : {
  "took" : 76,
  "errors" :  ...
66: 149001 adresses traitées
adresse : bulk pour les ids de 12232046 à 12233045
bulk : {
  "took" : 94,
  "errors" :  ...
66: 150001 adresses traitées
adresse : bulk pour les ids de 12233046 à 12234045
bulk : {
  "took" : 94,
  "errors" :  ...
66: 151001 adresses traitées
adresse : bulk pour les ids de 12234046 à 12235045
bulk : {
  "took" : 76,
  "errors" :  ...
66: 152001 adresses traitées
66: 153001 adresses traitées
adresse : bulk pour les ids de 12235046 à 12236045
bulk : {
  "took" : 91,
  "errors" :  ...
66: 154001 adresses traitées
adresse : bulk pour les ids de 12236046 à 12237045
bulk : {
  "took" : 82,
  "errors" :  ...
66: 155001 adresses traitées
adresse : bulk pour les ids de 12237046 à 12238045
bulk : {
  "took" : 77,
  "errors" :  ...
66: 156001 adresses traitées
adresse : bulk pour les ids de 12238046 à 12239045
bulk : {
  "took" : 94,
  "errors" :  ...
66: 157001 adresses traitées
adresse : bulk pour les ids de 12239046 à 12240045
bulk : {
  "took" : 95,
  "errors" :  ...
66: 158001 adresses traitées
adresse : bulk pour les ids de 12240046 à 12241045
bulk : {
  "took" : 69,
  "errors" :  ...
66: 159001 adresses traitées
adresse : bulk pour les ids de 12241046 à 12242045
bulk : {
  "took" : 149,
  "errors" : ...
66: 160001 adresses traitées
adresse : bulk pour les ids de 12242046 à 12243045
bulk : {
  "took" : 70,
  "errors" :  ...
66: 161001 adresses traitées
adresse : bulk pour les ids de 12243046 à 12244045
bulk : {
  "took" : 94,
  "errors" :  ...
66: 162001 adresses traitées
adresse : bulk pour les ids de 12244046 à 12245045
bulk : {
  "took" : 86,
  "errors" :  ...
66: 163001 adresses traitées
adresse : bulk pour les ids de 12245046 à 12246045
bulk : {
  "took" : 92,
  "errors" :  ...
66: 164001 adresses traitées
adresse : bulk pour les ids de 12246046 à 12247045
bulk : {
  "took" : 68,
  "errors" :  ...
66: 165001 adresses traitées
adresse : bulk pour les ids de 12247046 à 12248045
bulk : {
  "took" : 90,
  "errors" :  ...
66: 166001 adresses traitées
adresse : bulk pour les ids de 12248046 à 12249045
bulk : {
  "took" : 85,
  "errors" :  ...
66: 167001 adresses traitées
adresse : bulk pour les ids de 12249046 à 12250045
bulk : {
  "took" : 77,
  "errors" :  ...
66: 168001 adresses traitées
adresse : bulk pour les ids de 12250046 à 12251045
bulk : {
  "took" : 88,
  "errors" :  ...
66: 169001 adresses traitées
adresse : bulk pour les ids de 12251046 à 12252045
bulk : {
  "took" : 77,
  "errors" :  ...
66: 170001 adresses traitées
adresse : bulk pour les ids de 12252046 à 12253045
bulk : {
  "took" : 86,
  "errors" :  ...
66: 171001 adresses traitées
adresse : bulk pour les ids de 12253046 à 12254045
bulk : {
  "took" : 76,
  "errors" :  ...
66: 172001 adresses traitées
adresse : bulk pour les ids de 12254046 à 12255045
bulk : {
  "took" : 76,
  "errors" :  ...
66: 173001 adresses traitées
66: 174001 adresses traitées
adresse : bulk pour les ids de 12255046 à 12256045
bulk : {
  "took" : 92,
  "errors" :  ...
66: 175001 adresses traitées
adresse : bulk pour les ids de 12256046 à 12257045
bulk : {
  "took" : 92,
  "errors" :  ...
66: 176001 adresses traitées
adresse : bulk pour les ids de 12257046 à 12258045
bulk : {
  "took" : 79,
  "errors" :  ...
66: 177001 adresses traitées
adresse : bulk pour les ids de 12258046 à 12259045
bulk : {
  "took" : 82,
  "errors" :  ...
66: 178001 adresses traitées
adresse : bulk pour les ids de 12259046 à 12260045
bulk : {
  "took" : 77,
  "errors" :  ...
66: 179001 adresses traitées
adresse : bulk pour les ids de 12260046 à 12261045
bulk : {
  "took" : 85,
  "errors" :  ...
66: 180001 adresses traitées
adresse : bulk pour les ids de 12261046 à 12262045
bulk : {
  "took" : 94,
  "errors" :  ...
66: 181001 adresses traitées
adresse : bulk pour les ids de 12262046 à 12263045
bulk : {
  "took" : 67,
  "errors" :  ...
66: 182001 adresses traitées
adresse : bulk pour les ids de 12263046 à 12264045
bulk : {
  "took" : 101,
  "errors" : ...
66: 183001 adresses traitées
adresse : bulk pour les ids de 12264046 à 12265045
bulk : {
  "took" : 86,
  "errors" :  ...
66: 184001 adresses traitées
adresse : bulk pour les ids de 12265046 à 12266045
bulk : {
  "took" : 89,
  "errors" :  ...
66: 185001 adresses traitées
adresse : bulk pour les ids de 12266046 à 12267045
bulk : {
  "took" : 68,
  "errors" :  ...
66: 186001 adresses traitées
66: 187001 adresses traitées
adresse : bulk pour les ids de 12267046 à 12268045
bulk : {
  "took" : 90,
  "errors" :  ...
66: 188001 adresses traitées
adresse : bulk pour les ids de 12268046 à 12269045
bulk : {
  "took" : 70,
  "errors" :  ...
66: 189001 adresses traitées
adresse : bulk pour les ids de 12269046 à 12270045
bulk : {
  "took" : 91,
  "errors" :  ...
66: 190001 adresses traitées
adresse : bulk pour les ids de 12270046 à 12271045
bulk : {
  "took" : 74,
  "errors" :  ...
66: 191001 adresses traitées
adresse : bulk pour les ids de 12271046 à 12272045
bulk : {
  "took" : 78,
  "errors" :  ...
66: 192001 adresses traitées
adresse : bulk pour les ids de 12272046 à 12273045
bulk : {
  "took" : 85,
  "errors" :  ...
66: 193001 adresses traitées
adresse : bulk pour les ids de 12273046 à 12274045
bulk : {
  "took" : 77,
  "errors" :  ...
66: 194001 adresses traitées
adresse : bulk pour les ids de 12274046 à 12275045
bulk : {
  "took" : 71,
  "errors" :  ...
66: 195001 adresses traitées
adresse : bulk pour les ids de 12275046 à 12276045
bulk : {
  "took" : 88,
  "errors" :  ...
66: 196001 adresses traitées
adresse : bulk pour les ids de 12276046 à 12277045
bulk : {
  "took" : 73,
  "errors" :  ...
66: 197001 adresses traitées
adresse : bulk pour les ids de 12277046 à 12278045
bulk : {
  "took" : 95,
  "errors" :  ...
66: 198001 adresses traitées
66: 199001 adresses traitées
adresse : bulk pour les ids de 12278046 à 12279045
bulk : {
  "took" : 96,
  "errors" :  ...
66: 200001 adresses traitées
adresse : bulk pour les ids de 12279046 à 12280045
bulk : {
  "took" : 79,
  "errors" :  ...
66: 201001 adresses traitées
adresse : bulk pour les ids de 12280046 à 12281045
bulk : {
  "took" : 95,
  "errors" :  ...
66: 202001 adresses traitées
adresse : bulk pour les ids de 12281046 à 12282045
bulk : {
  "took" : 94,
  "errors" :  ...
66: 203001 adresses traitées
adresse : bulk pour les ids de 12282046 à 12283045
bulk : {
  "took" : 87,
  "errors" :  ...
66: 204001 adresses traitées
adresse : bulk pour les ids de 12283046 à 12284045
bulk : {
  "took" : 96,
  "errors" :  ...
66: 205001 adresses traitées
adresse : bulk pour les ids de 12284046 à 12285045
bulk : {
  "took" : 94,
  "errors" :  ...
66: 206001 adresses traitées
adresse : bulk pour les ids de 12285046 à 12286045
bulk : {
  "took" : 68,
  "errors" :  ...
66: 207001 adresses traitées
adresse : bulk pour les ids de 12286046 à 12287045
bulk : {
  "took" : 92,
  "errors" :  ...
66: 208001 adresses traitées
adresse : bulk pour les ids de 12287046 à 12288045
bulk : {
  "took" : 69,
  "errors" :  ...
66: 209001 adresses traitées
adresse : bulk pour les ids de 12288046 à 12288643
bulk : {
  "took" : 42,
  "errors" :  ...
dpt 67 : voies
67: 1 voies traitées
voie : bulk pour les ids de 887867 à 888066
bulk : {
  "took" : 14,
  "errors" :  ...
67: 201 voies traitées
voie : bulk pour les ids de 888067 à 888266
bulk : {
  "took" : 13,
  "errors" :  ...
67: 401 voies traitées
voie : bulk pour les ids de 888267 à 888466
bulk : {
  "took" : 12,
  "errors" :  ...
67: 601 voies traitées
voie : bulk pour les ids de 888467 à 888666
bulk : {
  "took" : 32,
  "errors" :  ...
67: 801 voies traitées
voie : bulk pour les ids de 888667 à 888866
bulk : {
  "took" : 11,
  "errors" :  ...
67: 1001 voies traitées
voie : bulk pour les ids de 888867 à 889066
bulk : {
  "took" : 12,
  "errors" :  ...
67: 1201 voies traitées
voie : bulk pour les ids de 889067 à 889266
bulk : {
  "took" : 12,
  "errors" :  ...
67: 1401 voies traitées
voie : bulk pour les ids de 889267 à 889466
bulk : {
  "took" : 13,
  "errors" :  ...
67: 1601 voies traitées
voie : bulk pour les ids de 889467 à 889666
bulk : {
  "took" : 12,
  "errors" :  ...
67: 1801 voies traitées
voie : bulk pour les ids de 889667 à 889866
bulk : {
  "took" : 12,
  "errors" :  ...
67: 2001 voies traitées
voie : bulk pour les ids de 889867 à 890066
bulk : {
  "took" : 12,
  "errors" :  ...
67: 2201 voies traitées
voie : bulk pour les ids de 890067 à 890266
bulk : {
  "took" : 12,
  "errors" :  ...
67: 2401 voies traitées
voie : bulk pour les ids de 890267 à 890466
bulk : {
  "took" : 12,
  "errors" :  ...
67: 2601 voies traitées
voie : bulk pour les ids de 890467 à 890666
bulk : {
  "took" : 25,
  "errors" :  ...
67: 2801 voies traitées
voie : bulk pour les ids de 890667 à 890866
bulk : {
  "took" : 12,
  "errors" :  ...
67: 3001 voies traitées
voie : bulk pour les ids de 890867 à 891066
bulk : {
  "took" : 13,
  "errors" :  ...
67: 3201 voies traitées
voie : bulk pour les ids de 891067 à 891266
bulk : {
  "took" : 12,
  "errors" :  ...
67: 3401 voies traitées
voie : bulk pour les ids de 891267 à 891466
bulk : {
  "took" : 12,
  "errors" :  ...
67: 3601 voies traitées
voie : bulk pour les ids de 891467 à 891666
bulk : {
  "took" : 11,
  "errors" :  ...
67: 3801 voies traitées
voie : bulk pour les ids de 891667 à 891866
bulk : {
  "took" : 29,
  "errors" :  ...
67: 4001 voies traitées
voie : bulk pour les ids de 891867 à 892066
bulk : {
  "took" : 11,
  "errors" :  ...
67: 4201 voies traitées
voie : bulk pour les ids de 892067 à 892266
bulk : {
  "took" : 11,
  "errors" :  ...
67: 4401 voies traitées
voie : bulk pour les ids de 892267 à 892466
bulk : {
  "took" : 12,
  "errors" :  ...
67: 4601 voies traitées
voie : bulk pour les ids de 892467 à 892666
bulk : {
  "took" : 29,
  "errors" :  ...
67: 4801 voies traitées
voie : bulk pour les ids de 892667 à 892866
bulk : {
  "took" : 11,
  "errors" :  ...
67: 5001 voies traitées
voie : bulk pour les ids de 892867 à 893066
bulk : {
  "took" : 11,
  "errors" :  ...
67: 5201 voies traitées
voie : bulk pour les ids de 893067 à 893266
bulk : {
  "took" : 12,
  "errors" :  ...
67: 5401 voies traitées
voie : bulk pour les ids de 893267 à 893466
bulk : {
  "took" : 11,
  "errors" :  ...
67: 5601 voies traitées
voie : bulk pour les ids de 893467 à 893666
bulk : {
  "took" : 11,
  "errors" :  ...
67: 5801 voies traitées
voie : bulk pour les ids de 893667 à 893866
bulk : {
  "took" : 12,
  "errors" :  ...
67: 6001 voies traitées
voie : bulk pour les ids de 893867 à 894066
bulk : {
  "took" : 12,
  "errors" :  ...
67: 6201 voies traitées
voie : bulk pour les ids de 894067 à 894266
bulk : {
  "took" : 11,
  "errors" :  ...
67: 6401 voies traitées
voie : bulk pour les ids de 894267 à 894466
bulk : {
  "took" : 12,
  "errors" :  ...
67: 6601 voies traitées
voie : bulk pour les ids de 894467 à 894666
bulk : {
  "took" : 24,
  "errors" :  ...
67: 6801 voies traitées
voie : bulk pour les ids de 894667 à 894866
bulk : {
  "took" : 12,
  "errors" :  ...
67: 7001 voies traitées
voie : bulk pour les ids de 894867 à 895066
bulk : {
  "took" : 11,
  "errors" :  ...
67: 7201 voies traitées
voie : bulk pour les ids de 895067 à 895266
bulk : {
  "took" : 12,
  "errors" :  ...
67: 7401 voies traitées
voie : bulk pour les ids de 895267 à 895466
bulk : {
  "took" : 11,
  "errors" :  ...
67: 7601 voies traitées
voie : bulk pour les ids de 895467 à 895666
bulk : {
  "took" : 12,
  "errors" :  ...
67: 7801 voies traitées
voie : bulk pour les ids de 895667 à 895866
bulk : {
  "took" : 29,
  "errors" :  ...
67: 8001 voies traitées
voie : bulk pour les ids de 895867 à 896066
bulk : {
  "took" : 11,
  "errors" :  ...
67: 8201 voies traitées
voie : bulk pour les ids de 896067 à 896266
bulk : {
  "took" : 11,
  "errors" :  ...
67: 8401 voies traitées
voie : bulk pour les ids de 896267 à 896466
bulk : {
  "took" : 12,
  "errors" :  ...
67: 8601 voies traitées
voie : bulk pour les ids de 896467 à 896666
bulk : {
  "took" : 29,
  "errors" :  ...
67: 8801 voies traitées
voie : bulk pour les ids de 896667 à 896866
bulk : {
  "took" : 11,
  "errors" :  ...
67: 9001 voies traitées
voie : bulk pour les ids de 896867 à 897066
bulk : {
  "took" : 12,
  "errors" :  ...
67: 9201 voies traitées
voie : bulk pour les ids de 897067 à 897266
bulk : {
  "took" : 12,
  "errors" :  ...
67: 9401 voies traitées
voie : bulk pour les ids de 897267 à 897466
bulk : {
  "took" : 12,
  "errors" :  ...
67: 9601 voies traitées
voie : bulk pour les ids de 897467 à 897666
bulk : {
  "took" : 11,
  "errors" :  ...
67: 9801 voies traitées
voie : bulk pour les ids de 897667 à 897866
bulk : {
  "took" : 12,
  "errors" :  ...
67: 10001 voies traitées
voie : bulk pour les ids de 897867 à 898066
bulk : {
  "took" : 12,
  "errors" :  ...
67: 10201 voies traitées
voie : bulk pour les ids de 898067 à 898266
bulk : {
  "took" : 12,
  "errors" :  ...
67: 10401 voies traitées
voie : bulk pour les ids de 898267 à 898466
bulk : {
  "took" : 12,
  "errors" :  ...
67: 10601 voies traitées
voie : bulk pour les ids de 898467 à 898666
bulk : {
  "took" : 12,
  "errors" :  ...
67: 10801 voies traitées
voie : bulk pour les ids de 898667 à 898866
bulk : {
  "took" : 11,
  "errors" :  ...
67: 11001 voies traitées
voie : bulk pour les ids de 898867 à 899066
bulk : {
  "took" : 12,
  "errors" :  ...
67: 11201 voies traitées
voie : bulk pour les ids de 899067 à 899266
bulk : {
  "took" : 11,
  "errors" :  ...
67: 11401 voies traitées
voie : bulk pour les ids de 899267 à 899466
bulk : {
  "took" : 12,
  "errors" :  ...
67: 11601 voies traitées
voie : bulk pour les ids de 899467 à 899666
bulk : {
  "took" : 29,
  "errors" :  ...
67: 11801 voies traitées
voie : bulk pour les ids de 899667 à 899866
bulk : {
  "took" : 37,
  "errors" :  ...
67: 12001 voies traitées
voie : bulk pour les ids de 899867 à 900066
bulk : {
  "took" : 13,
  "errors" :  ...
67: 12201 voies traitées
voie : bulk pour les ids de 900067 à 900266
bulk : {
  "took" : 13,
  "errors" :  ...
67: 12401 voies traitées
voie : bulk pour les ids de 900267 à 900466
bulk : {
  "took" : 12,
  "errors" :  ...
67: 12601 voies traitées
voie : bulk pour les ids de 900467 à 900666
bulk : {
  "took" : 13,
  "errors" :  ...
67: 12801 voies traitées
voie : bulk pour les ids de 900667 à 900866
bulk : {
  "took" : 12,
  "errors" :  ...
67: 13001 voies traitées
voie : bulk pour les ids de 900867 à 901066
bulk : {
  "took" : 13,
  "errors" :  ...
67: 13201 voies traitées
voie : bulk pour les ids de 901067 à 901266
bulk : {
  "took" : 12,
  "errors" :  ...
67: 13401 voies traitées
voie : bulk pour les ids de 901267 à 901466
bulk : {
  "took" : 12,
  "errors" :  ...
67: 13601 voies traitées
voie : bulk pour les ids de 901467 à 901666
bulk : {
  "took" : 12,
  "errors" :  ...
67: 13801 voies traitées
voie : bulk pour les ids de 901667 à 901866
bulk : {
  "took" : 12,
  "errors" :  ...
67: 14001 voies traitées
voie : bulk pour les ids de 901867 à 902066
bulk : {
  "took" : 12,
  "errors" :  ...
67: 14201 voies traitées
voie : bulk pour les ids de 902067 à 902266
bulk : {
  "took" : 12,
  "errors" :  ...
67: 14401 voies traitées
voie : bulk pour les ids de 902267 à 902466
bulk : {
  "took" : 12,
  "errors" :  ...
67: 14601 voies traitées
voie : bulk pour les ids de 902467 à 902666
bulk : {
  "took" : 11,
  "errors" :  ...
67: 14801 voies traitées
voie : bulk pour les ids de 902667 à 902866
bulk : {
  "took" : 12,
  "errors" :  ...
67: 15001 voies traitées
voie : bulk pour les ids de 902867 à 903066
bulk : {
  "took" : 12,
  "errors" :  ...
67: 15201 voies traitées
voie : bulk pour les ids de 903067 à 903266
bulk : {
  "took" : 12,
  "errors" :  ...
67: 15401 voies traitées
voie : bulk pour les ids de 903267 à 903466
bulk : {
  "took" : 12,
  "errors" :  ...
67: 15601 voies traitées
voie : bulk pour les ids de 903467 à 903666
bulk : {
  "took" : 31,
  "errors" :  ...
67: 15801 voies traitées
voie : bulk pour les ids de 903667 à 903866
bulk : {
  "took" : 29,
  "errors" :  ...
67: 16001 voies traitées
voie : bulk pour les ids de 903867 à 904066
bulk : {
  "took" : 12,
  "errors" :  ...
67: 16201 voies traitées
voie : bulk pour les ids de 904067 à 904266
bulk : {
  "took" : 11,
  "errors" :  ...
67: 16401 voies traitées
voie : bulk pour les ids de 904267 à 904466
bulk : {
  "took" : 11,
  "errors" :  ...
67: 16601 voies traitées
voie : bulk pour les ids de 904467 à 904666
bulk : {
  "took" : 12,
  "errors" :  ...
67: 16801 voies traitées
voie : bulk pour les ids de 904667 à 904866
bulk : {
  "took" : 12,
  "errors" :  ...
67: 17001 voies traitées
voie : bulk pour les ids de 904867 à 905066
bulk : {
  "took" : 11,
  "errors" :  ...
67: 17201 voies traitées
voie : bulk pour les ids de 905067 à 905266
bulk : {
  "took" : 34,
  "errors" :  ...
67: 17401 voies traitées
voie : bulk pour les ids de 905267 à 905466
bulk : {
  "took" : 12,
  "errors" :  ...
67: 17601 voies traitées
voie : bulk pour les ids de 905467 à 905666
bulk : {
  "took" : 12,
  "errors" :  ...
67: 17801 voies traitées
voie : bulk pour les ids de 905667 à 905866
bulk : {
  "took" : 11,
  "errors" :  ...
67: 18001 voies traitées
voie : bulk pour les ids de 905867 à 906066
bulk : {
  "took" : 12,
  "errors" :  ...
67: 18201 voies traitées
voie : bulk pour les ids de 906067 à 906266
bulk : {
  "took" : 12,
  "errors" :  ...
67: 18401 voies traitées
voie : bulk pour les ids de 906267 à 906466
bulk : {
  "took" : 11,
  "errors" :  ...
67: 18601 voies traitées
voie : bulk pour les ids de 906467 à 906666
bulk : {
  "took" : 11,
  "errors" :  ...
67: 18801 voies traitées
voie : bulk pour les ids de 906667 à 906866
bulk : {
  "took" : 12,
  "errors" :  ...
67: 19001 voies traitées
voie : bulk pour les ids de 906867 à 907066
bulk : {
  "took" : 12,
  "errors" :  ...
67: 19201 voies traitées
voie : bulk pour les ids de 907067 à 907266
bulk : {
  "took" : 28,
  "errors" :  ...
67: 19401 voies traitées
voie : bulk pour les ids de 907267 à 907466
bulk : {
  "took" : 12,
  "errors" :  ...
67: 19601 voies traitées
voie : bulk pour les ids de 907467 à 907666
bulk : {
  "took" : 29,
  "errors" :  ...
67: 19801 voies traitées
voie : bulk pour les ids de 907667 à 907866
bulk : {
  "took" : 12,
  "errors" :  ...
67: 20001 voies traitées
voie : bulk pour les ids de 907867 à 908066
bulk : {
  "took" : 12,
  "errors" :  ...
67: 20201 voies traitées
voie : bulk pour les ids de 908067 à 908266
bulk : {
  "took" : 12,
  "errors" :  ...
67: 20401 voies traitées
voie : bulk pour les ids de 908267 à 908291
bulk : {
  "took" : 1,
  "errors" : f ...
dpt 67 : adresses
67: 1 adresses traitées
67: 1001 adresses traitées
adresse : bulk pour les ids de 12288644 à 12289643
bulk : {
  "took" : 73,
  "errors" :  ...
67: 2001 adresses traitées
adresse : bulk pour les ids de 12289644 à 12290643
bulk : {
  "took" : 107,
  "errors" : ...
67: 3001 adresses traitées
adresse : bulk pour les ids de 12290644 à 12291643
bulk : {
  "took" : 84,
  "errors" :  ...
67: 4001 adresses traitées
adresse : bulk pour les ids de 12291644 à 12292643
bulk : {
  "took" : 72,
  "errors" :  ...
67: 5001 adresses traitées
adresse : bulk pour les ids de 12292644 à 12293643
bulk : {
  "took" : 82,
  "errors" :  ...
67: 6001 adresses traitées
adresse : bulk pour les ids de 12293644 à 12294643
bulk : {
  "took" : 86,
  "errors" :  ...
67: 7001 adresses traitées
adresse : bulk pour les ids de 12294644 à 12295643
bulk : {
  "took" : 72,
  "errors" :  ...
67: 8001 adresses traitées
adresse : bulk pour les ids de 12295644 à 12296643
bulk : {
  "took" : 89,
  "errors" :  ...
67: 9001 adresses traitées
adresse : bulk pour les ids de 12296644 à 12297643
bulk : {
  "took" : 102,
  "errors" : ...
67: 10001 adresses traitées
adresse : bulk pour les ids de 12297644 à 12298643
bulk : {
  "took" : 77,
  "errors" :  ...
67: 11001 adresses traitées
adresse : bulk pour les ids de 12298644 à 12299643
bulk : {
  "took" : 94,
  "errors" :  ...
67: 12001 adresses traitées
adresse : bulk pour les ids de 12299644 à 12300643
bulk : {
  "took" : 81,
  "errors" :  ...
67: 13001 adresses traitées
adresse : bulk pour les ids de 12300644 à 12301643
bulk : {
  "took" : 72,
  "errors" :  ...
67: 14001 adresses traitées
adresse : bulk pour les ids de 12301644 à 12302643
bulk : {
  "took" : 93,
  "errors" :  ...
67: 15001 adresses traitées
adresse : bulk pour les ids de 12302644 à 12303643
bulk : {
  "took" : 73,
  "errors" :  ...
67: 16001 adresses traitées
adresse : bulk pour les ids de 12303644 à 12304643
bulk : {
  "took" : 101,
  "errors" : ...
67: 17001 adresses traitées
adresse : bulk pour les ids de 12304644 à 12305643
bulk : {
  "took" : 85,
  "errors" :  ...
67: 18001 adresses traitées
adresse : bulk pour les ids de 12305644 à 12306643
bulk : {
  "took" : 72,
  "errors" :  ...
67: 19001 adresses traitées
adresse : bulk pour les ids de 12306644 à 12307643
bulk : {
  "took" : 83,
  "errors" :  ...
67: 20001 adresses traitées
adresse : bulk pour les ids de 12307644 à 12308643
bulk : {
  "took" : 92,
  "errors" :  ...
67: 21001 adresses traitées
adresse : bulk pour les ids de 12308644 à 12309643
bulk : {
  "took" : 72,
  "errors" :  ...
67: 22001 adresses traitées
adresse : bulk pour les ids de 12309644 à 12310643
bulk : {
  "took" : 97,
  "errors" :  ...
67: 23001 adresses traitées
adresse : bulk pour les ids de 12310644 à 12311643
bulk : {
  "took" : 108,
  "errors" : ...
67: 24001 adresses traitées
adresse : bulk pour les ids de 12311644 à 12312643
bulk : {
  "took" : 72,
  "errors" :  ...
67: 25001 adresses traitées
adresse : bulk pour les ids de 12312644 à 12313643
bulk : {
  "took" : 80,
  "errors" :  ...
67: 26001 adresses traitées
adresse : bulk pour les ids de 12313644 à 12314643
bulk : {
  "took" : 84,
  "errors" :  ...
67: 27001 adresses traitées
adresse : bulk pour les ids de 12314644 à 12315643
bulk : {
  "took" : 72,
  "errors" :  ...
67: 28001 adresses traitées
adresse : bulk pour les ids de 12315644 à 12316643
bulk : {
  "took" : 84,
  "errors" :  ...
67: 29001 adresses traitées
adresse : bulk pour les ids de 12316644 à 12317643
bulk : {
  "took" : 85,
  "errors" :  ...
67: 30001 adresses traitées
adresse : bulk pour les ids de 12317644 à 12318643
bulk : {
  "took" : 70,
  "errors" :  ...
67: 31001 adresses traitées
adresse : bulk pour les ids de 12318644 à 12319643
bulk : {
  "took" : 96,
  "errors" :  ...
67: 32001 adresses traitées
adresse : bulk pour les ids de 12319644 à 12320643
bulk : {
  "took" : 67,
  "errors" :  ...
67: 33001 adresses traitées
adresse : bulk pour les ids de 12320644 à 12321643
bulk : {
  "took" : 101,
  "errors" : ...
67: 34001 adresses traitées
adresse : bulk pour les ids de 12321644 à 12322643
bulk : {
  "took" : 80,
  "errors" :  ...
67: 35001 adresses traitées
adresse : bulk pour les ids de 12322644 à 12323643
bulk : {
  "took" : 82,
  "errors" :  ...
67: 36001 adresses traitées
adresse : bulk pour les ids de 12323644 à 12324643
bulk : {
  "took" : 79,
  "errors" :  ...
67: 37001 adresses traitées
adresse : bulk pour les ids de 12324644 à 12325643
bulk : {
  "took" : 82,
  "errors" :  ...
67: 38001 adresses traitées
adresse : bulk pour les ids de 12325644 à 12326643
bulk : {
  "took" : 67,
  "errors" :  ...
67: 39001 adresses traitées
adresse : bulk pour les ids de 12326644 à 12327643
bulk : {
  "took" : 99,
  "errors" :  ...
67: 40001 adresses traitées
adresse : bulk pour les ids de 12327644 à 12328643
bulk : {
  "took" : 83,
  "errors" :  ...
67: 41001 adresses traitées
adresse : bulk pour les ids de 12328644 à 12329643
bulk : {
  "took" : 82,
  "errors" :  ...
67: 42001 adresses traitées
adresse : bulk pour les ids de 12329644 à 12330643
bulk : {
  "took" : 84,
  "errors" :  ...
67: 43001 adresses traitées
adresse : bulk pour les ids de 12330644 à 12331643
bulk : {
  "took" : 95,
  "errors" :  ...
67: 44001 adresses traitées
adresse : bulk pour les ids de 12331644 à 12332643
bulk : {
  "took" : 68,
  "errors" :  ...
67: 45001 adresses traitées
adresse : bulk pour les ids de 12332644 à 12333643
bulk : {
  "took" : 97,
  "errors" :  ...
67: 46001 adresses traitées
adresse : bulk pour les ids de 12333644 à 12334643
bulk : {
  "took" : 66,
  "errors" :  ...
67: 47001 adresses traitées
adresse : bulk pour les ids de 12334644 à 12335643
bulk : {
  "took" : 96,
  "errors" :  ...
67: 48001 adresses traitées
adresse : bulk pour les ids de 12335644 à 12336643
bulk : {
  "took" : 82,
  "errors" :  ...
67: 49001 adresses traitées
adresse : bulk pour les ids de 12336644 à 12337643
bulk : {
  "took" : 82,
  "errors" :  ...
67: 50001 adresses traitées
adresse : bulk pour les ids de 12337644 à 12338643
bulk : {
  "took" : 81,
  "errors" :  ...
67: 51001 adresses traitées
adresse : bulk pour les ids de 12338644 à 12339643
bulk : {
  "took" : 95,
  "errors" :  ...
67: 52001 adresses traitées
adresse : bulk pour les ids de 12339644 à 12340643
bulk : {
  "took" : 71,
  "errors" :  ...
67: 53001 adresses traitées
adresse : bulk pour les ids de 12340644 à 12341643
bulk : {
  "took" : 94,
  "errors" :  ...
67: 54001 adresses traitées
adresse : bulk pour les ids de 12341644 à 12342643
bulk : {
  "took" : 68,
  "errors" :  ...
67: 55001 adresses traitées
adresse : bulk pour les ids de 12342644 à 12343643
bulk : {
  "took" : 85,
  "errors" :  ...
67: 56001 adresses traitées
adresse : bulk pour les ids de 12343644 à 12344643
bulk : {
  "took" : 80,
  "errors" :  ...
67: 57001 adresses traitées
adresse : bulk pour les ids de 12344644 à 12345643
bulk : {
  "took" : 96,
  "errors" :  ...
67: 58001 adresses traitées
adresse : bulk pour les ids de 12345644 à 12346643
bulk : {
  "took" : 80,
  "errors" :  ...
67: 59001 adresses traitées
adresse : bulk pour les ids de 12346644 à 12347643
bulk : {
  "took" : 78,
  "errors" :  ...
67: 60001 adresses traitées
adresse : bulk pour les ids de 12347644 à 12348643
bulk : {
  "took" : 68,
  "errors" :  ...
67: 61001 adresses traitées
adresse : bulk pour les ids de 12348644 à 12349643
bulk : {
  "took" : 91,
  "errors" :  ...
67: 62001 adresses traitées
adresse : bulk pour les ids de 12349644 à 12350643
bulk : {
  "took" : 75,
  "errors" :  ...
67: 63001 adresses traitées
adresse : bulk pour les ids de 12350644 à 12351643
bulk : {
  "took" : 85,
  "errors" :  ...
67: 64001 adresses traitées
adresse : bulk pour les ids de 12351644 à 12352643
bulk : {
  "took" : 90,
  "errors" :  ...
67: 65001 adresses traitées
adresse : bulk pour les ids de 12352644 à 12353643
bulk : {
  "took" : 67,
  "errors" :  ...
67: 66001 adresses traitées
adresse : bulk pour les ids de 12353644 à 12354643
bulk : {
  "took" : 102,
  "errors" : ...
67: 67001 adresses traitées
adresse : bulk pour les ids de 12354644 à 12355643
bulk : {
  "took" : 69,
  "errors" :  ...
67: 68001 adresses traitées
adresse : bulk pour les ids de 12355644 à 12356643
bulk : {
  "took" : 97,
  "errors" :  ...
67: 69001 adresses traitées
adresse : bulk pour les ids de 12356644 à 12357643
bulk : {
  "took" : 82,
  "errors" :  ...
67: 70001 adresses traitées
adresse : bulk pour les ids de 12357644 à 12358643
bulk : {
  "took" : 76,
  "errors" :  ...
67: 71001 adresses traitées
adresse : bulk pour les ids de 12358644 à 12359643
bulk : {
  "took" : 84,
  "errors" :  ...
67: 72001 adresses traitées
adresse : bulk pour les ids de 12359644 à 12360643
bulk : {
  "took" : 77,
  "errors" :  ...
67: 73001 adresses traitées
adresse : bulk pour les ids de 12360644 à 12361643
bulk : {
  "took" : 68,
  "errors" :  ...
67: 74001 adresses traitées
adresse : bulk pour les ids de 12361644 à 12362643
bulk : {
  "took" : 93,
  "errors" :  ...
67: 75001 adresses traitées
adresse : bulk pour les ids de 12362644 à 12363643
bulk : {
  "took" : 68,
  "errors" :  ...
67: 76001 adresses traitées
adresse : bulk pour les ids de 12363644 à 12364643
bulk : {
  "took" : 97,
  "errors" :  ...
67: 77001 adresses traitées
adresse : bulk pour les ids de 12364644 à 12365643
bulk : {
  "took" : 82,
  "errors" :  ...
67: 78001 adresses traitées
adresse : bulk pour les ids de 12365644 à 12366643
bulk : {
  "took" : 75,
  "errors" :  ...
67: 79001 adresses traitées
adresse : bulk pour les ids de 12366644 à 12367643
bulk : {
  "took" : 68,
  "errors" :  ...
67: 80001 adresses traitées
adresse : bulk pour les ids de 12367644 à 12368643
bulk : {
  "took" : 92,
  "errors" :  ...
67: 81001 adresses traitées
adresse : bulk pour les ids de 12368644 à 12369643
bulk : {
  "took" : 69,
  "errors" :  ...
67: 82001 adresses traitées
adresse : bulk pour les ids de 12369644 à 12370643
bulk : {
  "took" : 93,
  "errors" :  ...
67: 83001 adresses traitées
adresse : bulk pour les ids de 12370644 à 12371643
bulk : {
  "took" : 72,
  "errors" :  ...
67: 84001 adresses traitées
adresse : bulk pour les ids de 12371644 à 12372643
bulk : {
  "took" : 75,
  "errors" :  ...
67: 85001 adresses traitées
adresse : bulk pour les ids de 12372644 à 12373643
bulk : {
  "took" : 81,
  "errors" :  ...
67: 86001 adresses traitées
adresse : bulk pour les ids de 12373644 à 12374643
bulk : {
  "took" : 77,
  "errors" :  ...
67: 87001 adresses traitées
adresse : bulk pour les ids de 12374644 à 12375643
bulk : {
  "took" : 80,
  "errors" :  ...
67: 88001 adresses traitées
adresse : bulk pour les ids de 12375644 à 12376643
bulk : {
  "took" : 82,
  "errors" :  ...
67: 89001 adresses traitées
adresse : bulk pour les ids de 12376644 à 12377643
bulk : {
  "took" : 84,
  "errors" :  ...
67: 90001 adresses traitées
adresse : bulk pour les ids de 12377644 à 12378643
bulk : {
  "took" : 90,
  "errors" :  ...
67: 91001 adresses traitées
adresse : bulk pour les ids de 12378644 à 12379643
bulk : {
  "took" : 68,
  "errors" :  ...
67: 92001 adresses traitées
adresse : bulk pour les ids de 12379644 à 12380643
bulk : {
  "took" : 89,
  "errors" :  ...
67: 93001 adresses traitées
adresse : bulk pour les ids de 12380644 à 12381643
bulk : {
  "took" : 68,
  "errors" :  ...
67: 94001 adresses traitées
adresse : bulk pour les ids de 12381644 à 12382643
bulk : {
  "took" : 84,
  "errors" :  ...
67: 95001 adresses traitées
adresse : bulk pour les ids de 12382644 à 12383643
bulk : {
  "took" : 91,
  "errors" :  ...
67: 96001 adresses traitées
adresse : bulk pour les ids de 12383644 à 12384643
bulk : {
  "took" : 100,
  "errors" : ...
67: 97001 adresses traitées
adresse : bulk pour les ids de 12384644 à 12385643
bulk : {
  "took" : 68,
  "errors" :  ...
67: 98001 adresses traitées
adresse : bulk pour les ids de 12385644 à 12386643
bulk : {
  "took" : 94,
  "errors" :  ...
67: 99001 adresses traitées
adresse : bulk pour les ids de 12386644 à 12387643
bulk : {
  "took" : 67,
  "errors" :  ...
67: 100001 adresses traitées
adresse : bulk pour les ids de 12387644 à 12388643
bulk : {
  "took" : 97,
  "errors" :  ...
67: 101001 adresses traitées
adresse : bulk pour les ids de 12388644 à 12389643
bulk : {
  "took" : 86,
  "errors" :  ...
67: 102001 adresses traitées
67: 103001 adresses traitées
adresse : bulk pour les ids de 12389644 à 12390643
bulk : {
  "took" : 76,
  "errors" :  ...
67: 104001 adresses traitées
adresse : bulk pour les ids de 12390644 à 12391643
bulk : {
  "took" : 91,
  "errors" :  ...
67: 105001 adresses traitées
adresse : bulk pour les ids de 12391644 à 12392643
bulk : {
  "took" : 76,
  "errors" :  ...
67: 106001 adresses traitées
adresse : bulk pour les ids de 12392644 à 12393643
bulk : {
  "took" : 79,
  "errors" :  ...
67: 107001 adresses traitées
adresse : bulk pour les ids de 12393644 à 12394643
bulk : {
  "took" : 87,
  "errors" :  ...
67: 108001 adresses traitées
adresse : bulk pour les ids de 12394644 à 12395643
bulk : {
  "took" : 68,
  "errors" :  ...
67: 109001 adresses traitées
adresse : bulk pour les ids de 12395644 à 12396643
bulk : {
  "took" : 87,
  "errors" :  ...
67: 110001 adresses traitées
adresse : bulk pour les ids de 12396644 à 12397643
bulk : {
  "took" : 85,
  "errors" :  ...
67: 111001 adresses traitées
adresse : bulk pour les ids de 12397644 à 12398643
bulk : {
  "took" : 77,
  "errors" :  ...
67: 112001 adresses traitées
adresse : bulk pour les ids de 12398644 à 12399643
bulk : {
  "took" : 86,
  "errors" :  ...
67: 113001 adresses traitées
adresse : bulk pour les ids de 12399644 à 12400643
bulk : {
  "took" : 91,
  "errors" :  ...
67: 114001 adresses traitées
adresse : bulk pour les ids de 12400644 à 12401643
bulk : {
  "took" : 68,
  "errors" :  ...
67: 115001 adresses traitées
adresse : bulk pour les ids de 12401644 à 12402643
bulk : {
  "took" : 95,
  "errors" :  ...
67: 116001 adresses traitées
adresse : bulk pour les ids de 12402644 à 12403643
bulk : {
  "took" : 71,
  "errors" :  ...
67: 117001 adresses traitées
adresse : bulk pour les ids de 12403644 à 12404643
bulk : {
  "took" : 85,
  "errors" :  ...
67: 118001 adresses traitées
adresse : bulk pour les ids de 12404644 à 12405643
bulk : {
  "took" : 81,
  "errors" :  ...
67: 119001 adresses traitées
adresse : bulk pour les ids de 12405644 à 12406643
bulk : {
  "took" : 79,
  "errors" :  ...
67: 120001 adresses traitées
adresse : bulk pour les ids de 12406644 à 12407643
bulk : {
  "took" : 67,
  "errors" :  ...
67: 121001 adresses traitées
adresse : bulk pour les ids de 12407644 à 12408643
bulk : {
  "took" : 101,
  "errors" : ...
67: 122001 adresses traitées
adresse : bulk pour les ids de 12408644 à 12409643
bulk : {
  "took" : 67,
  "errors" :  ...
67: 123001 adresses traitées
adresse : bulk pour les ids de 12409644 à 12410643
bulk : {
  "took" : 89,
  "errors" :  ...
67: 124001 adresses traitées
adresse : bulk pour les ids de 12410644 à 12411643
bulk : {
  "took" : 67,
  "errors" :  ...
67: 125001 adresses traitées
adresse : bulk pour les ids de 12411644 à 12412643
bulk : {
  "took" : 82,
  "errors" :  ...
67: 126001 adresses traitées
adresse : bulk pour les ids de 12412644 à 12413643
bulk : {
  "took" : 86,
  "errors" :  ...
67: 127001 adresses traitées
adresse : bulk pour les ids de 12413644 à 12414643
bulk : {
  "took" : 75,
  "errors" :  ...
67: 128001 adresses traitées
adresse : bulk pour les ids de 12414644 à 12415643
bulk : {
  "took" : 68,
  "errors" :  ...
67: 129001 adresses traitées
adresse : bulk pour les ids de 12415644 à 12416643
bulk : {
  "took" : 92,
  "errors" :  ...
67: 130001 adresses traitées
adresse : bulk pour les ids de 12416644 à 12417643
bulk : {
  "took" : 70,
  "errors" :  ...
67: 131001 adresses traitées
adresse : bulk pour les ids de 12417644 à 12418643
bulk : {
  "took" : 89,
  "errors" :  ...
67: 132001 adresses traitées
adresse : bulk pour les ids de 12418644 à 12419643
bulk : {
  "took" : 81,
  "errors" :  ...
67: 133001 adresses traitées
adresse : bulk pour les ids de 12419644 à 12420643
bulk : {
  "took" : 77,
  "errors" :  ...
67: 134001 adresses traitées
adresse : bulk pour les ids de 12420644 à 12421643
bulk : {
  "took" : 85,
  "errors" :  ...
67: 135001 adresses traitées
adresse : bulk pour les ids de 12421644 à 12422643
bulk : {
  "took" : 77,
  "errors" :  ...
67: 136001 adresses traitées
adresse : bulk pour les ids de 12422644 à 12423643
bulk : {
  "took" : 70,
  "errors" :  ...
67: 137001 adresses traitées
adresse : bulk pour les ids de 12423644 à 12424643
bulk : {
  "took" : 88,
  "errors" :  ...
67: 138001 adresses traitées
adresse : bulk pour les ids de 12424644 à 12425643
bulk : {
  "took" : 66,
  "errors" :  ...
67: 139001 adresses traitées
adresse : bulk pour les ids de 12425644 à 12426643
bulk : {
  "took" : 90,
  "errors" :  ...
67: 140001 adresses traitées
adresse : bulk pour les ids de 12426644 à 12427643
bulk : {
  "took" : 67,
  "errors" :  ...
67: 141001 adresses traitées
adresse : bulk pour les ids de 12427644 à 12428643
bulk : {
  "took" : 94,
  "errors" :  ...
67: 142001 adresses traitées
adresse : bulk pour les ids de 12428644 à 12429643
bulk : {
  "took" : 82,
  "errors" :  ...
67: 143001 adresses traitées
adresse : bulk pour les ids de 12429644 à 12430643
bulk : {
  "took" : 76,
  "errors" :  ...
67: 144001 adresses traitées
adresse : bulk pour les ids de 12430644 à 12431643
bulk : {
  "took" : 87,
  "errors" :  ...
67: 145001 adresses traitées
adresse : bulk pour les ids de 12431644 à 12432643
bulk : {
  "took" : 74,
  "errors" :  ...
67: 146001 adresses traitées
adresse : bulk pour les ids de 12432644 à 12433643
bulk : {
  "took" : 68,
  "errors" :  ...
67: 147001 adresses traitées
adresse : bulk pour les ids de 12433644 à 12434643
bulk : {
  "took" : 93,
  "errors" :  ...
67: 148001 adresses traitées
adresse : bulk pour les ids de 12434644 à 12435643
bulk : {
  "took" : 83,
  "errors" :  ...
67: 149001 adresses traitées
adresse : bulk pour les ids de 12435644 à 12436643
bulk : {
  "took" : 92,
  "errors" :  ...
67: 150001 adresses traitées
adresse : bulk pour les ids de 12436644 à 12437643
bulk : {
  "took" : 68,
  "errors" :  ...
67: 151001 adresses traitées
adresse : bulk pour les ids de 12437644 à 12438643
bulk : {
  "took" : 107,
  "errors" : ...
67: 152001 adresses traitées
adresse : bulk pour les ids de 12438644 à 12439643
bulk : {
  "took" : 83,
  "errors" :  ...
67: 153001 adresses traitées
adresse : bulk pour les ids de 12439644 à 12440643
bulk : {
  "took" : 76,
  "errors" :  ...
67: 154001 adresses traitées
adresse : bulk pour les ids de 12440644 à 12441643
bulk : {
  "took" : 88,
  "errors" :  ...
67: 155001 adresses traitées
adresse : bulk pour les ids de 12441644 à 12442643
bulk : {
  "took" : 75,
  "errors" :  ...
67: 156001 adresses traitées
adresse : bulk pour les ids de 12442644 à 12443643
bulk : {
  "took" : 85,
  "errors" :  ...
67: 157001 adresses traitées
adresse : bulk pour les ids de 12443644 à 12444643
bulk : {
  "took" : 75,
  "errors" :  ...
67: 158001 adresses traitées
adresse : bulk pour les ids de 12444644 à 12445643
bulk : {
  "took" : 82,
  "errors" :  ...
67: 159001 adresses traitées
adresse : bulk pour les ids de 12445644 à 12446643
bulk : {
  "took" : 94,
  "errors" :  ...
67: 160001 adresses traitées
adresse : bulk pour les ids de 12446644 à 12447643
bulk : {
  "took" : 66,
  "errors" :  ...
67: 161001 adresses traitées
adresse : bulk pour les ids de 12447644 à 12448643
bulk : {
  "took" : 89,
  "errors" :  ...
67: 162001 adresses traitées
adresse : bulk pour les ids de 12448644 à 12449643
bulk : {
  "took" : 68,
  "errors" :  ...
67: 163001 adresses traitées
adresse : bulk pour les ids de 12449644 à 12450643
bulk : {
  "took" : 92,
  "errors" :  ...
67: 164001 adresses traitées
adresse : bulk pour les ids de 12450644 à 12451643
bulk : {
  "took" : 81,
  "errors" :  ...
67: 165001 adresses traitées
adresse : bulk pour les ids de 12451644 à 12452643
bulk : {
  "took" : 73,
  "errors" :  ...
67: 166001 adresses traitées
adresse : bulk pour les ids de 12452644 à 12453643
bulk : {
  "took" : 75,
  "errors" :  ...
67: 167001 adresses traitées
adresse : bulk pour les ids de 12453644 à 12454643
bulk : {
  "took" : 93,
  "errors" :  ...
67: 168001 adresses traitées
adresse : bulk pour les ids de 12454644 à 12455643
bulk : {
  "took" : 67,
  "errors" :  ...
67: 169001 adresses traitées
adresse : bulk pour les ids de 12455644 à 12456643
bulk : {
  "took" : 91,
  "errors" :  ...
67: 170001 adresses traitées
adresse : bulk pour les ids de 12456644 à 12457643
bulk : {
  "took" : 68,
  "errors" :  ...
67: 171001 adresses traitées
adresse : bulk pour les ids de 12457644 à 12458643
bulk : {
  "took" : 87,
  "errors" :  ...
67: 172001 adresses traitées
adresse : bulk pour les ids de 12458644 à 12459643
bulk : {
  "took" : 81,
  "errors" :  ...
67: 173001 adresses traitées
adresse : bulk pour les ids de 12459644 à 12460643
bulk : {
  "took" : 81,
  "errors" :  ...
67: 174001 adresses traitées
adresse : bulk pour les ids de 12460644 à 12461643
bulk : {
  "took" : 92,
  "errors" :  ...
67: 175001 adresses traitées
adresse : bulk pour les ids de 12461644 à 12462643
bulk : {
  "took" : 84,
  "errors" :  ...
67: 176001 adresses traitées
adresse : bulk pour les ids de 12462644 à 12463643
bulk : {
  "took" : 90,
  "errors" :  ...
67: 177001 adresses traitées
adresse : bulk pour les ids de 12463644 à 12464643
bulk : {
  "took" : 96,
  "errors" :  ...
67: 178001 adresses traitées
adresse : bulk pour les ids de 12464644 à 12465643
bulk : {
  "took" : 69,
  "errors" :  ...
67: 179001 adresses traitées
adresse : bulk pour les ids de 12465644 à 12466643
bulk : {
  "took" : 102,
  "errors" : ...
67: 180001 adresses traitées
adresse : bulk pour les ids de 12466644 à 12467643
bulk : {
  "took" : 67,
  "errors" :  ...
67: 181001 adresses traitées
adresse : bulk pour les ids de 12467644 à 12468643
bulk : {
  "took" : 95,
  "errors" :  ...
67: 182001 adresses traitées
67: 183001 adresses traitées
adresse : bulk pour les ids de 12468644 à 12469643
bulk : {
  "took" : 78,
  "errors" :  ...
67: 184001 adresses traitées
adresse : bulk pour les ids de 12469644 à 12470643
bulk : {
  "took" : 74,
  "errors" :  ...
67: 185001 adresses traitées
adresse : bulk pour les ids de 12470644 à 12471643
bulk : {
  "took" : 69,
  "errors" :  ...
67: 186001 adresses traitées
adresse : bulk pour les ids de 12471644 à 12472643
bulk : {
  "took" : 88,
  "errors" :  ...
67: 187001 adresses traitées
adresse : bulk pour les ids de 12472644 à 12473643
bulk : {
  "took" : 66,
  "errors" :  ...
67: 188001 adresses traitées
adresse : bulk pour les ids de 12473644 à 12474643
bulk : {
  "took" : 87,
  "errors" :  ...
67: 189001 adresses traitées
adresse : bulk pour les ids de 12474644 à 12475643
bulk : {
  "took" : 79,
  "errors" :  ...
67: 190001 adresses traitées
adresse : bulk pour les ids de 12475644 à 12476643
bulk : {
  "took" : 77,
  "errors" :  ...
67: 191001 adresses traitées
adresse : bulk pour les ids de 12476644 à 12477643
bulk : {
  "took" : 84,
  "errors" :  ...
67: 192001 adresses traitées
adresse : bulk pour les ids de 12477644 à 12478643
bulk : {
  "took" : 82,
  "errors" :  ...
67: 193001 adresses traitées
adresse : bulk pour les ids de 12478644 à 12479643
bulk : {
  "took" : 81,
  "errors" :  ...
67: 194001 adresses traitées
adresse : bulk pour les ids de 12479644 à 12480643
bulk : {
  "took" : 76,
  "errors" :  ...
67: 195001 adresses traitées
adresse : bulk pour les ids de 12480644 à 12481643
bulk : {
  "took" : 84,
  "errors" :  ...
67: 196001 adresses traitées
adresse : bulk pour les ids de 12481644 à 12482643
bulk : {
  "took" : 88,
  "errors" :  ...
67: 197001 adresses traitées
adresse : bulk pour les ids de 12482644 à 12483643
bulk : {
  "took" : 67,
  "errors" :  ...
67: 198001 adresses traitées
adresse : bulk pour les ids de 12483644 à 12484643
bulk : {
  "took" : 96,
  "errors" :  ...
67: 199001 adresses traitées
adresse : bulk pour les ids de 12484644 à 12485643
bulk : {
  "took" : 67,
  "errors" :  ...
67: 200001 adresses traitées
adresse : bulk pour les ids de 12485644 à 12486643
bulk : {
  "took" : 94,
  "errors" :  ...
67: 201001 adresses traitées
adresse : bulk pour les ids de 12486644 à 12487643
bulk : {
  "took" : 93,
  "errors" :  ...
67: 202001 adresses traitées
adresse : bulk pour les ids de 12487644 à 12488643
bulk : {
  "took" : 88,
  "errors" :  ...
67: 203001 adresses traitées
adresse : bulk pour les ids de 12488644 à 12489643
bulk : {
  "took" : 66,
  "errors" :  ...
67: 204001 adresses traitées
adresse : bulk pour les ids de 12489644 à 12490643
bulk : {
  "took" : 101,
  "errors" : ...
67: 205001 adresses traitées
adresse : bulk pour les ids de 12490644 à 12491643
bulk : {
  "took" : 68,
  "errors" :  ...
67: 206001 adresses traitées
adresse : bulk pour les ids de 12491644 à 12492643
bulk : {
  "took" : 83,
  "errors" :  ...
67: 207001 adresses traitées
adresse : bulk pour les ids de 12492644 à 12493643
bulk : {
  "took" : 80,
  "errors" :  ...
67: 208001 adresses traitées
adresse : bulk pour les ids de 12493644 à 12494643
bulk : {
  "took" : 82,
  "errors" :  ...
67: 209001 adresses traitées
adresse : bulk pour les ids de 12494644 à 12495643
bulk : {
  "took" : 85,
  "errors" :  ...
67: 210001 adresses traitées
adresse : bulk pour les ids de 12495644 à 12496643
bulk : {
  "took" : 83,
  "errors" :  ...
67: 211001 adresses traitées
adresse : bulk pour les ids de 12496644 à 12497643
bulk : {
  "took" : 68,
  "errors" :  ...
67: 212001 adresses traitées
adresse : bulk pour les ids de 12497644 à 12498643
bulk : {
  "took" : 96,
  "errors" :  ...
67: 213001 adresses traitées
adresse : bulk pour les ids de 12498644 à 12499643
bulk : {
  "took" : 68,
  "errors" :  ...
67: 214001 adresses traitées
adresse : bulk pour les ids de 12499644 à 12500643
bulk : {
  "took" : 102,
  "errors" : ...
67: 215001 adresses traitées
adresse : bulk pour les ids de 12500644 à 12501643
bulk : {
  "took" : 80,
  "errors" :  ...
67: 216001 adresses traitées
adresse : bulk pour les ids de 12501644 à 12502643
bulk : {
  "took" : 83,
  "errors" :  ...
67: 217001 adresses traitées
adresse : bulk pour les ids de 12502644 à 12503643
bulk : {
  "took" : 84,
  "errors" :  ...
67: 218001 adresses traitées
adresse : bulk pour les ids de 12503644 à 12504643
bulk : {
  "took" : 83,
  "errors" :  ...
67: 219001 adresses traitées
adresse : bulk pour les ids de 12504644 à 12505643
bulk : {
  "took" : 82,
  "errors" :  ...
67: 220001 adresses traitées
adresse : bulk pour les ids de 12505644 à 12506643
bulk : {
  "took" : 95,
  "errors" :  ...
67: 221001 adresses traitées
adresse : bulk pour les ids de 12506644 à 12507643
bulk : {
  "took" : 69,
  "errors" :  ...
67: 222001 adresses traitées
adresse : bulk pour les ids de 12507644 à 12508643
bulk : {
  "took" : 83,
  "errors" :  ...
67: 223001 adresses traitées
adresse : bulk pour les ids de 12508644 à 12509643
bulk : {
  "took" : 85,
  "errors" :  ...
67: 224001 adresses traitées
adresse : bulk pour les ids de 12509644 à 12510643
bulk : {
  "took" : 84,
  "errors" :  ...
67: 225001 adresses traitées
adresse : bulk pour les ids de 12510644 à 12511643
bulk : {
  "took" : 83,
  "errors" :  ...
67: 226001 adresses traitées
adresse : bulk pour les ids de 12511644 à 12512643
bulk : {
  "took" : 100,
  "errors" : ...
67: 227001 adresses traitées
adresse : bulk pour les ids de 12512644 à 12513643
bulk : {
  "took" : 70,
  "errors" :  ...
67: 228001 adresses traitées
adresse : bulk pour les ids de 12513644 à 12514643
bulk : {
  "took" : 101,
  "errors" : ...
67: 229001 adresses traitées
adresse : bulk pour les ids de 12514644 à 12515643
bulk : {
  "took" : 69,
  "errors" :  ...
67: 230001 adresses traitées
adresse : bulk pour les ids de 12515644 à 12516643
bulk : {
  "took" : 100,
  "errors" : ...
67: 231001 adresses traitées
adresse : bulk pour les ids de 12516644 à 12517643
bulk : {
  "took" : 81,
  "errors" :  ...
67: 232001 adresses traitées
adresse : bulk pour les ids de 12517644 à 12518643
bulk : {
  "took" : 83,
  "errors" :  ...
67: 233001 adresses traitées
adresse : bulk pour les ids de 12518644 à 12519643
bulk : {
  "took" : 79,
  "errors" :  ...
67: 234001 adresses traitées
adresse : bulk pour les ids de 12519644 à 12520643
bulk : {
  "took" : 84,
  "errors" :  ...
67: 235001 adresses traitées
adresse : bulk pour les ids de 12520644 à 12521643
bulk : {
  "took" : 67,
  "errors" :  ...
67: 236001 adresses traitées
adresse : bulk pour les ids de 12521644 à 12522643
bulk : {
  "took" : 96,
  "errors" :  ...
67: 237001 adresses traitées
adresse : bulk pour les ids de 12522644 à 12523643
bulk : {
  "took" : 66,
  "errors" :  ...
67: 238001 adresses traitées
adresse : bulk pour les ids de 12523644 à 12524643
bulk : {
  "took" : 97,
  "errors" :  ...
67: 239001 adresses traitées
adresse : bulk pour les ids de 12524644 à 12525643
bulk : {
  "took" : 81,
  "errors" :  ...
67: 240001 adresses traitées
adresse : bulk pour les ids de 12525644 à 12526643
bulk : {
  "took" : 96,
  "errors" :  ...
67: 241001 adresses traitées
67: 242001 adresses traitées
adresse : bulk pour les ids de 12526644 à 12527643
bulk : {
  "took" : 67,
  "errors" :  ...
67: 243001 adresses traitées
adresse : bulk pour les ids de 12527644 à 12528643
bulk : {
  "took" : 97,
  "errors" :  ...
67: 244001 adresses traitées
adresse : bulk pour les ids de 12528644 à 12529643
bulk : {
  "took" : 68,
  "errors" :  ...
67: 245001 adresses traitées
adresse : bulk pour les ids de 12529644 à 12530643
bulk : {
  "took" : 101,
  "errors" : ...
67: 246001 adresses traitées
adresse : bulk pour les ids de 12530644 à 12531643
bulk : {
  "took" : 67,
  "errors" :  ...
67: 247001 adresses traitées
adresse : bulk pour les ids de 12531644 à 12532643
bulk : {
  "took" : 106,
  "errors" : ...
67: 248001 adresses traitées
adresse : bulk pour les ids de 12532644 à 12533643
bulk : {
  "took" : 85,
  "errors" :  ...
67: 249001 adresses traitées
adresse : bulk pour les ids de 12533644 à 12534643
bulk : {
  "took" : 83,
  "errors" :  ...
67: 250001 adresses traitées
adresse : bulk pour les ids de 12534644 à 12535643
bulk : {
  "took" : 80,
  "errors" :  ...
67: 251001 adresses traitées
adresse : bulk pour les ids de 12535644 à 12536643
bulk : {
  "took" : 97,
  "errors" :  ...
67: 252001 adresses traitées
adresse : bulk pour les ids de 12536644 à 12537643
bulk : {
  "took" : 76,
  "errors" :  ...
67: 253001 adresses traitées
adresse : bulk pour les ids de 12537644 à 12538643
bulk : {
  "took" : 81,
  "errors" :  ...
67: 254001 adresses traitées
adresse : bulk pour les ids de 12538644 à 12539643
bulk : {
  "took" : 75,
  "errors" :  ...
67: 255001 adresses traitées
adresse : bulk pour les ids de 12539644 à 12540643
bulk : {
  "took" : 67,
  "errors" :  ...
67: 256001 adresses traitées
adresse : bulk pour les ids de 12540644 à 12541643
bulk : {
  "took" : 96,
  "errors" :  ...
67: 257001 adresses traitées
adresse : bulk pour les ids de 12541644 à 12542643
bulk : {
  "took" : 66,
  "errors" :  ...
67: 258001 adresses traitées
adresse : bulk pour les ids de 12542644 à 12543643
bulk : {
  "took" : 96,
  "errors" :  ...
67: 259001 adresses traitées
adresse : bulk pour les ids de 12543644 à 12544643
bulk : {
  "took" : 68,
  "errors" :  ...
67: 260001 adresses traitées
adresse : bulk pour les ids de 12544644 à 12545643
bulk : {
  "took" : 75,
  "errors" :  ...
67: 261001 adresses traitées
adresse : bulk pour les ids de 12545644 à 12546643
bulk : {
  "took" : 92,
  "errors" :  ...
67: 262001 adresses traitées
adresse : bulk pour les ids de 12546644 à 12547643
bulk : {
  "took" : 74,
  "errors" :  ...
67: 263001 adresses traitées
adresse : bulk pour les ids de 12547644 à 12548643
bulk : {
  "took" : 80,
  "errors" :  ...
67: 264001 adresses traitées
adresse : bulk pour les ids de 12548644 à 12549643
bulk : {
  "took" : 75,
  "errors" :  ...
67: 265001 adresses traitées
adresse : bulk pour les ids de 12549644 à 12550643
bulk : {
  "took" : 87,
  "errors" :  ...
67: 266001 adresses traitées
adresse : bulk pour les ids de 12550644 à 12551643
bulk : {
  "took" : 98,
  "errors" :  ...
67: 267001 adresses traitées
adresse : bulk pour les ids de 12551644 à 12552643
bulk : {
  "took" : 67,
  "errors" :  ...
67: 268001 adresses traitées
adresse : bulk pour les ids de 12552644 à 12553643
bulk : {
  "took" : 92,
  "errors" :  ...
67: 269001 adresses traitées
adresse : bulk pour les ids de 12553644 à 12554643
bulk : {
  "took" : 70,
  "errors" :  ...
67: 270001 adresses traitées
adresse : bulk pour les ids de 12554644 à 12555643
bulk : {
  "took" : 75,
  "errors" :  ...
67: 271001 adresses traitées
adresse : bulk pour les ids de 12555644 à 12556643
bulk : {
  "took" : 89,
  "errors" :  ...
67: 272001 adresses traitées
adresse : bulk pour les ids de 12556644 à 12557643
bulk : {
  "took" : 75,
  "errors" :  ...
67: 273001 adresses traitées
adresse : bulk pour les ids de 12557644 à 12558643
bulk : {
  "took" : 68,
  "errors" :  ...
67: 274001 adresses traitées
adresse : bulk pour les ids de 12558644 à 12559643
bulk : {
  "took" : 87,
  "errors" :  ...
67: 275001 adresses traitées
adresse : bulk pour les ids de 12559644 à 12560643
bulk : {
  "took" : 78,
  "errors" :  ...
67: 276001 adresses traitées
adresse : bulk pour les ids de 12560644 à 12561643
bulk : {
  "took" : 80,
  "errors" :  ...
67: 277001 adresses traitées
adresse : bulk pour les ids de 12561644 à 12562643
bulk : {
  "took" : 87,
  "errors" :  ...
67: 278001 adresses traitées
adresse : bulk pour les ids de 12562644 à 12563643
bulk : {
  "took" : 81,
  "errors" :  ...
67: 279001 adresses traitées
adresse : bulk pour les ids de 12563644 à 12564643
bulk : {
  "took" : 89,
  "errors" :  ...
67: 280001 adresses traitées
adresse : bulk pour les ids de 12564644 à 12565643
bulk : {
  "took" : 92,
  "errors" :  ...
67: 281001 adresses traitées
67: 282001 adresses traitées
adresse : bulk pour les ids de 12565644 à 12566643
bulk : {
  "took" : 71,
  "errors" :  ...
67: 283001 adresses traitées
adresse : bulk pour les ids de 12566644 à 12567643
bulk : {
  "took" : 98,
  "errors" :  ...
67: 284001 adresses traitées
adresse : bulk pour les ids de 12567644 à 12568643
bulk : {
  "took" : 71,
  "errors" :  ...
67: 285001 adresses traitées
adresse : bulk pour les ids de 12568644 à 12569643
bulk : {
  "took" : 95,
  "errors" :  ...
67: 286001 adresses traitées
adresse : bulk pour les ids de 12569644 à 12570643
bulk : {
  "took" : 88,
  "errors" :  ...
67: 287001 adresses traitées
adresse : bulk pour les ids de 12570644 à 12571643
bulk : {
  "took" : 75,
  "errors" :  ...
67: 288001 adresses traitées
adresse : bulk pour les ids de 12571644 à 12572643
bulk : {
  "took" : 86,
  "errors" :  ...
67: 289001 adresses traitées
adresse : bulk pour les ids de 12572644 à 12573643
bulk : {
  "took" : 76,
  "errors" :  ...
67: 290001 adresses traitées
adresse : bulk pour les ids de 12573644 à 12574643
bulk : {
  "took" : 87,
  "errors" :  ...
67: 291001 adresses traitées
adresse : bulk pour les ids de 12574644 à 12575643
bulk : {
  "took" : 100,
  "errors" : ...
67: 292001 adresses traitées
adresse : bulk pour les ids de 12575644 à 12576643
bulk : {
  "took" : 66,
  "errors" :  ...
67: 293001 adresses traitées
adresse : bulk pour les ids de 12576644 à 12577643
bulk : {
  "took" : 94,
  "errors" :  ...
67: 294001 adresses traitées
adresse : bulk pour les ids de 12577644 à 12578643
bulk : {
  "took" : 87,
  "errors" :  ...
67: 295001 adresses traitées
adresse : bulk pour les ids de 12578644 à 12579643
bulk : {
  "took" : 81,
  "errors" :  ...
67: 296001 adresses traitées
adresse : bulk pour les ids de 12579644 à 12580643
bulk : {
  "took" : 83,
  "errors" :  ...
67: 297001 adresses traitées
adresse : bulk pour les ids de 12580644 à 12581643
bulk : {
  "took" : 93,
  "errors" :  ...
67: 298001 adresses traitées
adresse : bulk pour les ids de 12581644 à 12582643
bulk : {
  "took" : 66,
  "errors" :  ...
67: 299001 adresses traitées
adresse : bulk pour les ids de 12582644 à 12583643
bulk : {
  "took" : 92,
  "errors" :  ...
67: 300001 adresses traitées
adresse : bulk pour les ids de 12583644 à 12584643
bulk : {
  "took" : 66,
  "errors" :  ...
67: 301001 adresses traitées
adresse : bulk pour les ids de 12584644 à 12585643
bulk : {
  "took" : 87,
  "errors" :  ...
67: 302001 adresses traitées
adresse : bulk pour les ids de 12585644 à 12586643
bulk : {
  "took" : 79,
  "errors" :  ...
67: 303001 adresses traitées
adresse : bulk pour les ids de 12586644 à 12587643
bulk : {
  "took" : 78,
  "errors" :  ...
67: 304001 adresses traitées
adresse : bulk pour les ids de 12587644 à 12588643
bulk : {
  "took" : 87,
  "errors" :  ...
67: 305001 adresses traitées
adresse : bulk pour les ids de 12588644 à 12589643
bulk : {
  "took" : 81,
  "errors" :  ...
67: 306001 adresses traitées
adresse : bulk pour les ids de 12589644 à 12590643
bulk : {
  "took" : 83,
  "errors" :  ...
67: 307001 adresses traitées
adresse : bulk pour les ids de 12590644 à 12591643
bulk : {
  "took" : 97,
  "errors" :  ...
67: 308001 adresses traitées
adresse : bulk pour les ids de 12591644 à 12592643
bulk : {
  "took" : 69,
  "errors" :  ...
67: 309001 adresses traitées
adresse : bulk pour les ids de 12592644 à 12593643
bulk : {
  "took" : 99,
  "errors" :  ...
67: 310001 adresses traitées
adresse : bulk pour les ids de 12593644 à 12594643
bulk : {
  "took" : 90,
  "errors" :  ...
67: 311001 adresses traitées
adresse : bulk pour les ids de 12594644 à 12595268
bulk : {
  "took" : 77,
  "errors" :  ...
dpt 68 : voies
68: 1 voies traitées
voie : bulk pour les ids de 908292 à 908491
bulk : {
  "took" : 13,
  "errors" :  ...
68: 201 voies traitées
voie : bulk pour les ids de 908492 à 908691
bulk : {
  "took" : 12,
  "errors" :  ...
68: 401 voies traitées
voie : bulk pour les ids de 908692 à 908891
bulk : {
  "took" : 12,
  "errors" :  ...
68: 601 voies traitées
voie : bulk pour les ids de 908892 à 909091
bulk : {
  "took" : 12,
  "errors" :  ...
68: 801 voies traitées
voie : bulk pour les ids de 909092 à 909291
bulk : {
  "took" : 12,
  "errors" :  ...
68: 1001 voies traitées
voie : bulk pour les ids de 909292 à 909491
bulk : {
  "took" : 11,
  "errors" :  ...
68: 1201 voies traitées
voie : bulk pour les ids de 909492 à 909691
bulk : {
  "took" : 12,
  "errors" :  ...
68: 1401 voies traitées
voie : bulk pour les ids de 909692 à 909891
bulk : {
  "took" : 12,
  "errors" :  ...
68: 1601 voies traitées
voie : bulk pour les ids de 909892 à 910091
bulk : {
  "took" : 11,
  "errors" :  ...
68: 1801 voies traitées
voie : bulk pour les ids de 910092 à 910291
bulk : {
  "took" : 29,
  "errors" :  ...
68: 2001 voies traitées
voie : bulk pour les ids de 910292 à 910491
bulk : {
  "took" : 12,
  "errors" :  ...
68: 2201 voies traitées
voie : bulk pour les ids de 910492 à 910691
bulk : {
  "took" : 12,
  "errors" :  ...
68: 2401 voies traitées
voie : bulk pour les ids de 910692 à 910891
bulk : {
  "took" : 12,
  "errors" :  ...
68: 2601 voies traitées
voie : bulk pour les ids de 910892 à 911091
bulk : {
  "took" : 11,
  "errors" :  ...
68: 2801 voies traitées
voie : bulk pour les ids de 911092 à 911291
bulk : {
  "took" : 14,
  "errors" :  ...
68: 3001 voies traitées
voie : bulk pour les ids de 911292 à 911491
bulk : {
  "took" : 12,
  "errors" :  ...
68: 3201 voies traitées
voie : bulk pour les ids de 911492 à 911691
bulk : {
  "took" : 12,
  "errors" :  ...
68: 3401 voies traitées
voie : bulk pour les ids de 911692 à 911891
bulk : {
  "took" : 12,
  "errors" :  ...
68: 3601 voies traitées
voie : bulk pour les ids de 911892 à 912091
bulk : {
  "took" : 12,
  "errors" :  ...
68: 3801 voies traitées
voie : bulk pour les ids de 912092 à 912291
bulk : {
  "took" : 25,
  "errors" :  ...
68: 4001 voies traitées
voie : bulk pour les ids de 912292 à 912491
bulk : {
  "took" : 12,
  "errors" :  ...
68: 4201 voies traitées
voie : bulk pour les ids de 912492 à 912691
bulk : {
  "took" : 12,
  "errors" :  ...
68: 4401 voies traitées
voie : bulk pour les ids de 912692 à 912891
bulk : {
  "took" : 12,
  "errors" :  ...
68: 4601 voies traitées
voie : bulk pour les ids de 912892 à 913091
bulk : {
  "took" : 12,
  "errors" :  ...
68: 4801 voies traitées
voie : bulk pour les ids de 913092 à 913291
bulk : {
  "took" : 13,
  "errors" :  ...
68: 5001 voies traitées
voie : bulk pour les ids de 913292 à 913491
bulk : {
  "took" : 12,
  "errors" :  ...
68: 5201 voies traitées
voie : bulk pour les ids de 913492 à 913691
bulk : {
  "took" : 12,
  "errors" :  ...
68: 5401 voies traitées
voie : bulk pour les ids de 913692 à 913891
bulk : {
  "took" : 12,
  "errors" :  ...
68: 5601 voies traitées
voie : bulk pour les ids de 913892 à 914091
bulk : {
  "took" : 13,
  "errors" :  ...
68: 5801 voies traitées
voie : bulk pour les ids de 914092 à 914291
bulk : {
  "took" : 24,
  "errors" :  ...
68: 6001 voies traitées
voie : bulk pour les ids de 914292 à 914491
bulk : {
  "took" : 12,
  "errors" :  ...
68: 6201 voies traitées
voie : bulk pour les ids de 914492 à 914691
bulk : {
  "took" : 12,
  "errors" :  ...
68: 6401 voies traitées
voie : bulk pour les ids de 914692 à 914891
bulk : {
  "took" : 12,
  "errors" :  ...
68: 6601 voies traitées
voie : bulk pour les ids de 914892 à 915091
bulk : {
  "took" : 12,
  "errors" :  ...
68: 6801 voies traitées
voie : bulk pour les ids de 915092 à 915291
bulk : {
  "took" : 12,
  "errors" :  ...
68: 7001 voies traitées
voie : bulk pour les ids de 915292 à 915491
bulk : {
  "took" : 12,
  "errors" :  ...
68: 7201 voies traitées
voie : bulk pour les ids de 915492 à 915691
bulk : {
  "took" : 12,
  "errors" :  ...
68: 7401 voies traitées
voie : bulk pour les ids de 915692 à 915891
bulk : {
  "took" : 12,
  "errors" :  ...
68: 7601 voies traitées
voie : bulk pour les ids de 915892 à 916091
bulk : {
  "took" : 15,
  "errors" :  ...
68: 7801 voies traitées
voie : bulk pour les ids de 916092 à 916291
bulk : {
  "took" : 13,
  "errors" :  ...
68: 8001 voies traitées
voie : bulk pour les ids de 916292 à 916491
bulk : {
  "took" : 12,
  "errors" :  ...
68: 8201 voies traitées
voie : bulk pour les ids de 916492 à 916691
bulk : {
  "took" : 12,
  "errors" :  ...
68: 8401 voies traitées
voie : bulk pour les ids de 916692 à 916891
bulk : {
  "took" : 13,
  "errors" :  ...
68: 8601 voies traitées
voie : bulk pour les ids de 916892 à 917091
bulk : {
  "took" : 12,
  "errors" :  ...
68: 8801 voies traitées
voie : bulk pour les ids de 917092 à 917291
bulk : {
  "took" : 12,
  "errors" :  ...
68: 9001 voies traitées
voie : bulk pour les ids de 917292 à 917491
bulk : {
  "took" : 12,
  "errors" :  ...
68: 9201 voies traitées
voie : bulk pour les ids de 917492 à 917691
bulk : {
  "took" : 30,
  "errors" :  ...
68: 9401 voies traitées
voie : bulk pour les ids de 917692 à 917891
bulk : {
  "took" : 12,
  "errors" :  ...
68: 9601 voies traitées
voie : bulk pour les ids de 917892 à 918091
bulk : {
  "took" : 12,
  "errors" :  ...
68: 9801 voies traitées
voie : bulk pour les ids de 918092 à 918291
bulk : {
  "took" : 12,
  "errors" :  ...
68: 10001 voies traitées
voie : bulk pour les ids de 918292 à 918491
bulk : {
  "took" : 12,
  "errors" :  ...
68: 10201 voies traitées
voie : bulk pour les ids de 918492 à 918691
bulk : {
  "took" : 12,
  "errors" :  ...
68: 10401 voies traitées
voie : bulk pour les ids de 918692 à 918891
bulk : {
  "took" : 12,
  "errors" :  ...
68: 10601 voies traitées
voie : bulk pour les ids de 918892 à 919091
bulk : {
  "took" : 12,
  "errors" :  ...
68: 10801 voies traitées
voie : bulk pour les ids de 919092 à 919291
bulk : {
  "took" : 12,
  "errors" :  ...
68: 11001 voies traitées
voie : bulk pour les ids de 919292 à 919491
bulk : {
  "took" : 12,
  "errors" :  ...
68: 11201 voies traitées
voie : bulk pour les ids de 919492 à 919691
bulk : {
  "took" : 32,
  "errors" :  ...
68: 11401 voies traitées
voie : bulk pour les ids de 919692 à 919891
bulk : {
  "took" : 13,
  "errors" :  ...
68: 11601 voies traitées
voie : bulk pour les ids de 919892 à 920091
bulk : {
  "took" : 13,
  "errors" :  ...
68: 11801 voies traitées
voie : bulk pour les ids de 920092 à 920291
bulk : {
  "took" : 12,
  "errors" :  ...
68: 12001 voies traitées
voie : bulk pour les ids de 920292 à 920491
bulk : {
  "took" : 14,
  "errors" :  ...
68: 12201 voies traitées
voie : bulk pour les ids de 920492 à 920691
bulk : {
  "took" : 13,
  "errors" :  ...
68: 12401 voies traitées
voie : bulk pour les ids de 920692 à 920891
bulk : {
  "took" : 12,
  "errors" :  ...
68: 12601 voies traitées
voie : bulk pour les ids de 920892 à 921091
bulk : {
  "took" : 12,
  "errors" :  ...
68: 12801 voies traitées
voie : bulk pour les ids de 921092 à 921291
bulk : {
  "took" : 12,
  "errors" :  ...
68: 13001 voies traitées
voie : bulk pour les ids de 921292 à 921491
bulk : {
  "took" : 12,
  "errors" :  ...
68: 13201 voies traitées
voie : bulk pour les ids de 921492 à 921691
bulk : {
  "took" : 31,
  "errors" :  ...
68: 13401 voies traitées
voie : bulk pour les ids de 921692 à 921891
bulk : {
  "took" : 12,
  "errors" :  ...
68: 13601 voies traitées
voie : bulk pour les ids de 921892 à 922091
bulk : {
  "took" : 13,
  "errors" :  ...
68: 13801 voies traitées
voie : bulk pour les ids de 922092 à 922291
bulk : {
  "took" : 12,
  "errors" :  ...
68: 14001 voies traitées
voie : bulk pour les ids de 922292 à 922491
bulk : {
  "took" : 12,
  "errors" :  ...
68: 14201 voies traitées
voie : bulk pour les ids de 922492 à 922691
bulk : {
  "took" : 13,
  "errors" :  ...
68: 14401 voies traitées
voie : bulk pour les ids de 922692 à 922891
bulk : {
  "took" : 13,
  "errors" :  ...
68: 14601 voies traitées
voie : bulk pour les ids de 922892 à 923091
bulk : {
  "took" : 22,
  "errors" :  ...
68: 14801 voies traitées
voie : bulk pour les ids de 923092 à 923229
bulk : {
  "took" : 14,
  "errors" :  ...
dpt 68 : adresses
68: 1 adresses traitées
68: 1001 adresses traitées
adresse : bulk pour les ids de 12595269 à 12596268
bulk : {
  "took" : 83,
  "errors" :  ...
68: 2001 adresses traitées
adresse : bulk pour les ids de 12596269 à 12597268
bulk : {
  "took" : 93,
  "errors" :  ...
68: 3001 adresses traitées
adresse : bulk pour les ids de 12597269 à 12598268
bulk : {
  "took" : 69,
  "errors" :  ...
68: 4001 adresses traitées
adresse : bulk pour les ids de 12598269 à 12599268
bulk : {
  "took" : 89,
  "errors" :  ...
68: 5001 adresses traitées
adresse : bulk pour les ids de 12599269 à 12600268
bulk : {
  "took" : 65,
  "errors" :  ...
68: 6001 adresses traitées
adresse : bulk pour les ids de 12600269 à 12601268
bulk : {
  "took" : 92,
  "errors" :  ...
68: 7001 adresses traitées
adresse : bulk pour les ids de 12601269 à 12602268
bulk : {
  "took" : 79,
  "errors" :  ...
68: 8001 adresses traitées
adresse : bulk pour les ids de 12602269 à 12603268
bulk : {
  "took" : 77,
  "errors" :  ...
68: 9001 adresses traitées
adresse : bulk pour les ids de 12603269 à 12604268
bulk : {
  "took" : 80,
  "errors" :  ...
68: 10001 adresses traitées
adresse : bulk pour les ids de 12604269 à 12605268
bulk : {
  "took" : 89,
  "errors" :  ...
68: 11001 adresses traitées
adresse : bulk pour les ids de 12605269 à 12606268
bulk : {
  "took" : 66,
  "errors" :  ...
68: 12001 adresses traitées
adresse : bulk pour les ids de 12606269 à 12607268
bulk : {
  "took" : 98,
  "errors" :  ...
68: 13001 adresses traitées
adresse : bulk pour les ids de 12607269 à 12608268
bulk : {
  "took" : 67,
  "errors" :  ...
68: 14001 adresses traitées
adresse : bulk pour les ids de 12608269 à 12609268
bulk : {
  "took" : 99,
  "errors" :  ...
68: 15001 adresses traitées
adresse : bulk pour les ids de 12609269 à 12610268
bulk : {
  "took" : 78,
  "errors" :  ...
68: 16001 adresses traitées
adresse : bulk pour les ids de 12610269 à 12611268
bulk : {
  "took" : 81,
  "errors" :  ...
68: 17001 adresses traitées
adresse : bulk pour les ids de 12611269 à 12612268
bulk : {
  "took" : 89,
  "errors" :  ...
68: 18001 adresses traitées
adresse : bulk pour les ids de 12612269 à 12613268
bulk : {
  "took" : 80,
  "errors" :  ...
68: 19001 adresses traitées
adresse : bulk pour les ids de 12613269 à 12614268
bulk : {
  "took" : 65,
  "errors" :  ...
68: 20001 adresses traitées
adresse : bulk pour les ids de 12614269 à 12615268
bulk : {
  "took" : 96,
  "errors" :  ...
68: 21001 adresses traitées
adresse : bulk pour les ids de 12615269 à 12616268
bulk : {
  "took" : 67,
  "errors" :  ...
68: 22001 adresses traitées
adresse : bulk pour les ids de 12616269 à 12617268
bulk : {
  "took" : 82,
  "errors" :  ...
68: 23001 adresses traitées
adresse : bulk pour les ids de 12617269 à 12618268
bulk : {
  "took" : 95,
  "errors" :  ...
68: 24001 adresses traitées
adresse : bulk pour les ids de 12618269 à 12619268
bulk : {
  "took" : 66,
  "errors" :  ...
68: 25001 adresses traitées
adresse : bulk pour les ids de 12619269 à 12620268
bulk : {
  "took" : 86,
  "errors" :  ...
68: 26001 adresses traitées
adresse : bulk pour les ids de 12620269 à 12621268
bulk : {
  "took" : 84,
  "errors" :  ...
68: 27001 adresses traitées
adresse : bulk pour les ids de 12621269 à 12622268
bulk : {
  "took" : 74,
  "errors" :  ...
68: 28001 adresses traitées
adresse : bulk pour les ids de 12622269 à 12623268
bulk : {
  "took" : 82,
  "errors" :  ...
68: 29001 adresses traitées
adresse : bulk pour les ids de 12623269 à 12624268
bulk : {
  "took" : 75,
  "errors" :  ...
68: 30001 adresses traitées
adresse : bulk pour les ids de 12624269 à 12625268
bulk : {
  "took" : 79,
  "errors" :  ...
68: 31001 adresses traitées
adresse : bulk pour les ids de 12625269 à 12626268
bulk : {
  "took" : 94,
  "errors" :  ...
68: 32001 adresses traitées
adresse : bulk pour les ids de 12626269 à 12627268
bulk : {
  "took" : 65,
  "errors" :  ...
68: 33001 adresses traitées
adresse : bulk pour les ids de 12627269 à 12628268
bulk : {
  "took" : 88,
  "errors" :  ...
68: 34001 adresses traitées
adresse : bulk pour les ids de 12628269 à 12629268
bulk : {
  "took" : 80,
  "errors" :  ...
68: 35001 adresses traitées
adresse : bulk pour les ids de 12629269 à 12630268
bulk : {
  "took" : 78,
  "errors" :  ...
68: 36001 adresses traitées
adresse : bulk pour les ids de 12630269 à 12631268
bulk : {
  "took" : 80,
  "errors" :  ...
68: 37001 adresses traitées
adresse : bulk pour les ids de 12631269 à 12632268
bulk : {
  "took" : 99,
  "errors" :  ...
68: 38001 adresses traitées
adresse : bulk pour les ids de 12632269 à 12633268
bulk : {
  "took" : 66,
  "errors" :  ...
68: 39001 adresses traitées
adresse : bulk pour les ids de 12633269 à 12634268
bulk : {
  "took" : 85,
  "errors" :  ...
68: 40001 adresses traitées
adresse : bulk pour les ids de 12634269 à 12635268
bulk : {
  "took" : 78,
  "errors" :  ...
68: 41001 adresses traitées
adresse : bulk pour les ids de 12635269 à 12636268
bulk : {
  "took" : 74,
  "errors" :  ...
68: 42001 adresses traitées
68: 43001 adresses traitées
adresse : bulk pour les ids de 12636269 à 12637268
bulk : {
  "took" : 81,
  "errors" :  ...
68: 44001 adresses traitées
adresse : bulk pour les ids de 12637269 à 12638268
bulk : {
  "took" : 74,
  "errors" :  ...
68: 45001 adresses traitées
adresse : bulk pour les ids de 12638269 à 12639268
bulk : {
  "took" : 71,
  "errors" :  ...
68: 46001 adresses traitées
adresse : bulk pour les ids de 12639269 à 12640268
bulk : {
  "took" : 94,
  "errors" :  ...
68: 47001 adresses traitées
adresse : bulk pour les ids de 12640269 à 12641268
bulk : {
  "took" : 66,
  "errors" :  ...
68: 48001 adresses traitées
adresse : bulk pour les ids de 12641269 à 12642268
bulk : {
  "took" : 101,
  "errors" : ...
68: 49001 adresses traitées
adresse : bulk pour les ids de 12642269 à 12643268
bulk : {
  "took" : 67,
  "errors" :  ...
68: 50001 adresses traitées
adresse : bulk pour les ids de 12643269 à 12644268
bulk : {
  "took" : 86,
  "errors" :  ...
68: 51001 adresses traitées
adresse : bulk pour les ids de 12644269 à 12645268
bulk : {
  "took" : 89,
  "errors" :  ...
68: 52001 adresses traitées
adresse : bulk pour les ids de 12645269 à 12646268
bulk : {
  "took" : 77,
  "errors" :  ...
68: 53001 adresses traitées
adresse : bulk pour les ids de 12646269 à 12647268
bulk : {
  "took" : 92,
  "errors" :  ...
68: 54001 adresses traitées
adresse : bulk pour les ids de 12647269 à 12648268
bulk : {
  "took" : 87,
  "errors" :  ...
68: 55001 adresses traitées
adresse : bulk pour les ids de 12648269 à 12649268
bulk : {
  "took" : 68,
  "errors" :  ...
68: 56001 adresses traitées
adresse : bulk pour les ids de 12649269 à 12650268
bulk : {
  "took" : 92,
  "errors" :  ...
68: 57001 adresses traitées
adresse : bulk pour les ids de 12650269 à 12651268
bulk : {
  "took" : 84,
  "errors" :  ...
68: 58001 adresses traitées
adresse : bulk pour les ids de 12651269 à 12652268
bulk : {
  "took" : 74,
  "errors" :  ...
68: 59001 adresses traitées
adresse : bulk pour les ids de 12652269 à 12653268
bulk : {
  "took" : 80,
  "errors" :  ...
68: 60001 adresses traitées
adresse : bulk pour les ids de 12653269 à 12654268
bulk : {
  "took" : 73,
  "errors" :  ...
68: 61001 adresses traitées
adresse : bulk pour les ids de 12654269 à 12655268
bulk : {
  "took" : 76,
  "errors" :  ...
68: 62001 adresses traitées
adresse : bulk pour les ids de 12655269 à 12656268
bulk : {
  "took" : 84,
  "errors" :  ...
68: 63001 adresses traitées
adresse : bulk pour les ids de 12656269 à 12657268
bulk : {
  "took" : 78,
  "errors" :  ...
68: 64001 adresses traitées
adresse : bulk pour les ids de 12657269 à 12658268
bulk : {
  "took" : 88,
  "errors" :  ...
68: 65001 adresses traitées
adresse : bulk pour les ids de 12658269 à 12659268
bulk : {
  "took" : 79,
  "errors" :  ...
68: 66001 adresses traitées
adresse : bulk pour les ids de 12659269 à 12660268
bulk : {
  "took" : 77,
  "errors" :  ...
68: 67001 adresses traitées
adresse : bulk pour les ids de 12660269 à 12661268
bulk : {
  "took" : 85,
  "errors" :  ...
68: 68001 adresses traitées
adresse : bulk pour les ids de 12661269 à 12662268
bulk : {
  "took" : 89,
  "errors" :  ...
68: 69001 adresses traitées
adresse : bulk pour les ids de 12662269 à 12663268
bulk : {
  "took" : 69,
  "errors" :  ...
68: 70001 adresses traitées
adresse : bulk pour les ids de 12663269 à 12664268
bulk : {
  "took" : 88,
  "errors" :  ...
68: 71001 adresses traitées
adresse : bulk pour les ids de 12664269 à 12665268
bulk : {
  "took" : 80,
  "errors" :  ...
68: 72001 adresses traitées
adresse : bulk pour les ids de 12665269 à 12666268
bulk : {
  "took" : 94,
  "errors" :  ...
68: 73001 adresses traitées
adresse : bulk pour les ids de 12666269 à 12667268
bulk : {
  "took" : 67,
  "errors" :  ...
68: 74001 adresses traitées
adresse : bulk pour les ids de 12667269 à 12668268
bulk : {
  "took" : 76,
  "errors" :  ...
68: 75001 adresses traitées
68: 76001 adresses traitées
adresse : bulk pour les ids de 12668269 à 12669268
bulk : {
  "took" : 83,
  "errors" :  ...
68: 77001 adresses traitées
adresse : bulk pour les ids de 12669269 à 12670268
bulk : {
  "took" : 90,
  "errors" :  ...
68: 78001 adresses traitées
adresse : bulk pour les ids de 12670269 à 12671268
bulk : {
  "took" : 67,
  "errors" :  ...
68: 79001 adresses traitées
adresse : bulk pour les ids de 12671269 à 12672268
bulk : {
  "took" : 90,
  "errors" :  ...
68: 80001 adresses traitées
adresse : bulk pour les ids de 12672269 à 12673268
bulk : {
  "took" : 66,
  "errors" :  ...
68: 81001 adresses traitées
adresse : bulk pour les ids de 12673269 à 12674268
bulk : {
  "took" : 89,
  "errors" :  ...
68: 82001 adresses traitées
adresse : bulk pour les ids de 12674269 à 12675268
bulk : {
  "took" : 80,
  "errors" :  ...
68: 83001 adresses traitées
adresse : bulk pour les ids de 12675269 à 12676268
bulk : {
  "took" : 75,
  "errors" :  ...
68: 84001 adresses traitées
adresse : bulk pour les ids de 12676269 à 12677268
bulk : {
  "took" : 85,
  "errors" :  ...
68: 85001 adresses traitées
adresse : bulk pour les ids de 12677269 à 12678268
bulk : {
  "took" : 83,
  "errors" :  ...
68: 86001 adresses traitées
adresse : bulk pour les ids de 12678269 à 12679268
bulk : {
  "took" : 82,
  "errors" :  ...
68: 87001 adresses traitées
adresse : bulk pour les ids de 12679269 à 12680268
bulk : {
  "took" : 76,
  "errors" :  ...
68: 88001 adresses traitées
adresse : bulk pour les ids de 12680269 à 12681268
bulk : {
  "took" : 72,
  "errors" :  ...
68: 89001 adresses traitées
adresse : bulk pour les ids de 12681269 à 12682268
bulk : {
  "took" : 94,
  "errors" :  ...
68: 90001 adresses traitées
adresse : bulk pour les ids de 12682269 à 12683268
bulk : {
  "took" : 78,
  "errors" :  ...
68: 91001 adresses traitées
adresse : bulk pour les ids de 12683269 à 12684268
bulk : {
  "took" : 80,
  "errors" :  ...
68: 92001 adresses traitées
adresse : bulk pour les ids de 12684269 à 12685268
bulk : {
  "took" : 82,
  "errors" :  ...
68: 93001 adresses traitées
adresse : bulk pour les ids de 12685269 à 12686268
bulk : {
  "took" : 71,
  "errors" :  ...
68: 94001 adresses traitées
adresse : bulk pour les ids de 12686269 à 12687268
bulk : {
  "took" : 83,
  "errors" :  ...
68: 95001 adresses traitées
adresse : bulk pour les ids de 12687269 à 12688268
bulk : {
  "took" : 87,
  "errors" :  ...
68: 96001 adresses traitées
adresse : bulk pour les ids de 12688269 à 12689268
bulk : {
  "took" : 65,
  "errors" :  ...
68: 97001 adresses traitées
adresse : bulk pour les ids de 12689269 à 12690268
bulk : {
  "took" : 101,
  "errors" : ...
68: 98001 adresses traitées
adresse : bulk pour les ids de 12690269 à 12691268
bulk : {
  "took" : 64,
  "errors" :  ...
68: 99001 adresses traitées
adresse : bulk pour les ids de 12691269 à 12692268
bulk : {
  "took" : 90,
  "errors" :  ...
68: 100001 adresses traitées
adresse : bulk pour les ids de 12692269 à 12693268
bulk : {
  "took" : 85,
  "errors" :  ...
68: 101001 adresses traitées
adresse : bulk pour les ids de 12693269 à 12694268
bulk : {
  "took" : 74,
  "errors" :  ...
68: 102001 adresses traitées
adresse : bulk pour les ids de 12694269 à 12695268
bulk : {
  "took" : 82,
  "errors" :  ...
68: 103001 adresses traitées
adresse : bulk pour les ids de 12695269 à 12696268
bulk : {
  "took" : 72,
  "errors" :  ...
68: 104001 adresses traitées
adresse : bulk pour les ids de 12696269 à 12697268
bulk : {
  "took" : 81,
  "errors" :  ...
68: 105001 adresses traitées
adresse : bulk pour les ids de 12697269 à 12698268
bulk : {
  "took" : 97,
  "errors" :  ...
68: 106001 adresses traitées
adresse : bulk pour les ids de 12698269 à 12699268
bulk : {
  "took" : 68,
  "errors" :  ...
68: 107001 adresses traitées
adresse : bulk pour les ids de 12699269 à 12700268
bulk : {
  "took" : 90,
  "errors" :  ...
68: 108001 adresses traitées
adresse : bulk pour les ids de 12700269 à 12701268
bulk : {
  "took" : 82,
  "errors" :  ...
68: 109001 adresses traitées
adresse : bulk pour les ids de 12701269 à 12702268
bulk : {
  "took" : 72,
  "errors" :  ...
68: 110001 adresses traitées
adresse : bulk pour les ids de 12702269 à 12703268
bulk : {
  "took" : 79,
  "errors" :  ...
68: 111001 adresses traitées
adresse : bulk pour les ids de 12703269 à 12704268
bulk : {
  "took" : 85,
  "errors" :  ...
68: 112001 adresses traitées
adresse : bulk pour les ids de 12704269 à 12705268
bulk : {
  "took" : 64,
  "errors" :  ...
68: 113001 adresses traitées
adresse : bulk pour les ids de 12705269 à 12706268
bulk : {
  "took" : 92,
  "errors" :  ...
68: 114001 adresses traitées
adresse : bulk pour les ids de 12706269 à 12707268
bulk : {
  "took" : 79,
  "errors" :  ...
68: 115001 adresses traitées
adresse : bulk pour les ids de 12707269 à 12708268
bulk : {
  "took" : 71,
  "errors" :  ...
68: 116001 adresses traitées
adresse : bulk pour les ids de 12708269 à 12709268
bulk : {
  "took" : 78,
  "errors" :  ...
68: 117001 adresses traitées
adresse : bulk pour les ids de 12709269 à 12710268
bulk : {
  "took" : 81,
  "errors" :  ...
68: 118001 adresses traitées
adresse : bulk pour les ids de 12710269 à 12711268
bulk : {
  "took" : 64,
  "errors" :  ...
68: 119001 adresses traitées
adresse : bulk pour les ids de 12711269 à 12712268
bulk : {
  "took" : 97,
  "errors" :  ...
68: 120001 adresses traitées
adresse : bulk pour les ids de 12712269 à 12713268
bulk : {
  "took" : 64,
  "errors" :  ...
68: 121001 adresses traitées
adresse : bulk pour les ids de 12713269 à 12714268
bulk : {
  "took" : 99,
  "errors" :  ...
68: 122001 adresses traitées
adresse : bulk pour les ids de 12714269 à 12715268
bulk : {
  "took" : 64,
  "errors" :  ...
68: 123001 adresses traitées
68: 124001 adresses traitées
adresse : bulk pour les ids de 12715269 à 12716268
bulk : {
  "took" : 78,
  "errors" :  ...
68: 125001 adresses traitées
adresse : bulk pour les ids de 12716269 à 12717268
bulk : {
  "took" : 79,
  "errors" :  ...
68: 126001 adresses traitées
adresse : bulk pour les ids de 12717269 à 12718268
bulk : {
  "took" : 80,
  "errors" :  ...
68: 127001 adresses traitées
adresse : bulk pour les ids de 12718269 à 12719268
bulk : {
  "took" : 78,
  "errors" :  ...
68: 128001 adresses traitées
adresse : bulk pour les ids de 12719269 à 12720268
bulk : {
  "took" : 87,
  "errors" :  ...
68: 129001 adresses traitées
adresse : bulk pour les ids de 12720269 à 12721268
bulk : {
  "took" : 64,
  "errors" :  ...
68: 130001 adresses traitées
adresse : bulk pour les ids de 12721269 à 12722268
bulk : {
  "took" : 88,
  "errors" :  ...
68: 131001 adresses traitées
adresse : bulk pour les ids de 12722269 à 12723268
bulk : {
  "took" : 64,
  "errors" :  ...
68: 132001 adresses traitées
adresse : bulk pour les ids de 12723269 à 12724268
bulk : {
  "took" : 66,
  "errors" :  ...
68: 133001 adresses traitées
adresse : bulk pour les ids de 12724269 à 12725268
bulk : {
  "took" : 83,
  "errors" :  ...
68: 134001 adresses traitées
adresse : bulk pour les ids de 12725269 à 12726268
bulk : {
  "took" : 82,
  "errors" :  ...
68: 135001 adresses traitées
adresse : bulk pour les ids de 12726269 à 12727268
bulk : {
  "took" : 67,
  "errors" :  ...
68: 136001 adresses traitées
adresse : bulk pour les ids de 12727269 à 12728268
bulk : {
  "took" : 84,
  "errors" :  ...
68: 137001 adresses traitées
adresse : bulk pour les ids de 12728269 à 12729268
bulk : {
  "took" : 67,
  "errors" :  ...
68: 138001 adresses traitées
adresse : bulk pour les ids de 12729269 à 12730268
bulk : {
  "took" : 83,
  "errors" :  ...
68: 139001 adresses traitées
adresse : bulk pour les ids de 12730269 à 12731268
bulk : {
  "took" : 66,
  "errors" :  ...
68: 140001 adresses traitées
adresse : bulk pour les ids de 12731269 à 12732268
bulk : {
  "took" : 86,
  "errors" :  ...
68: 141001 adresses traitées
adresse : bulk pour les ids de 12732269 à 12733268
bulk : {
  "took" : 65,
  "errors" :  ...
68: 142001 adresses traitées
adresse : bulk pour les ids de 12733269 à 12734268
bulk : {
  "took" : 82,
  "errors" :  ...
68: 143001 adresses traitées
adresse : bulk pour les ids de 12734269 à 12735268
bulk : {
  "took" : 65,
  "errors" :  ...
68: 144001 adresses traitées
adresse : bulk pour les ids de 12735269 à 12736268
bulk : {
  "took" : 84,
  "errors" :  ...
68: 145001 adresses traitées
adresse : bulk pour les ids de 12736269 à 12737268
bulk : {
  "took" : 70,
  "errors" :  ...
68: 146001 adresses traitées
adresse : bulk pour les ids de 12737269 à 12738268
bulk : {
  "took" : 67,
  "errors" :  ...
68: 147001 adresses traitées
adresse : bulk pour les ids de 12738269 à 12739268
bulk : {
  "took" : 83,
  "errors" :  ...
68: 148001 adresses traitées
adresse : bulk pour les ids de 12739269 à 12740268
bulk : {
  "took" : 69,
  "errors" :  ...
68: 149001 adresses traitées
adresse : bulk pour les ids de 12740269 à 12741268
bulk : {
  "took" : 82,
  "errors" :  ...
68: 150001 adresses traitées
adresse : bulk pour les ids de 12741269 à 12742268
bulk : {
  "took" : 68,
  "errors" :  ...
68: 151001 adresses traitées
adresse : bulk pour les ids de 12742269 à 12743268
bulk : {
  "took" : 81,
  "errors" :  ...
68: 152001 adresses traitées
adresse : bulk pour les ids de 12743269 à 12744268
bulk : {
  "took" : 74,
  "errors" :  ...
68: 153001 adresses traitées
adresse : bulk pour les ids de 12744269 à 12745268
bulk : {
  "took" : 85,
  "errors" :  ...
68: 154001 adresses traitées
adresse : bulk pour les ids de 12745269 à 12746268
bulk : {
  "took" : 65,
  "errors" :  ...
68: 155001 adresses traitées
adresse : bulk pour les ids de 12746269 à 12747268
bulk : {
  "took" : 87,
  "errors" :  ...
68: 156001 adresses traitées
adresse : bulk pour les ids de 12747269 à 12748268
bulk : {
  "took" : 66,
  "errors" :  ...
68: 157001 adresses traitées
adresse : bulk pour les ids de 12748269 à 12749268
bulk : {
  "took" : 89,
  "errors" :  ...
68: 158001 adresses traitées
adresse : bulk pour les ids de 12749269 à 12750268
bulk : {
  "took" : 68,
  "errors" :  ...
68: 159001 adresses traitées
adresse : bulk pour les ids de 12750269 à 12751268
bulk : {
  "took" : 85,
  "errors" :  ...
68: 160001 adresses traitées
adresse : bulk pour les ids de 12751269 à 12752268
bulk : {
  "took" : 68,
  "errors" :  ...
68: 161001 adresses traitées
adresse : bulk pour les ids de 12752269 à 12753268
bulk : {
  "took" : 87,
  "errors" :  ...
68: 162001 adresses traitées
adresse : bulk pour les ids de 12753269 à 12754268
bulk : {
  "took" : 68,
  "errors" :  ...
68: 163001 adresses traitées
adresse : bulk pour les ids de 12754269 à 12755268
bulk : {
  "took" : 82,
  "errors" :  ...
68: 164001 adresses traitées
adresse : bulk pour les ids de 12755269 à 12756268
bulk : {
  "took" : 70,
  "errors" :  ...
68: 165001 adresses traitées
adresse : bulk pour les ids de 12756269 à 12757268
bulk : {
  "took" : 87,
  "errors" :  ...
68: 166001 adresses traitées
adresse : bulk pour les ids de 12757269 à 12758268
bulk : {
  "took" : 68,
  "errors" :  ...
68: 167001 adresses traitées
adresse : bulk pour les ids de 12758269 à 12759268
bulk : {
  "took" : 87,
  "errors" :  ...
68: 168001 adresses traitées
adresse : bulk pour les ids de 12759269 à 12760268
bulk : {
  "took" : 70,
  "errors" :  ...
68: 169001 adresses traitées
adresse : bulk pour les ids de 12760269 à 12761268
bulk : {
  "took" : 84,
  "errors" :  ...
68: 170001 adresses traitées
adresse : bulk pour les ids de 12761269 à 12762268
bulk : {
  "took" : 72,
  "errors" :  ...
68: 171001 adresses traitées
adresse : bulk pour les ids de 12762269 à 12763268
bulk : {
  "took" : 86,
  "errors" :  ...
68: 172001 adresses traitées
adresse : bulk pour les ids de 12763269 à 12764268
bulk : {
  "took" : 67,
  "errors" :  ...
68: 173001 adresses traitées
adresse : bulk pour les ids de 12764269 à 12765268
bulk : {
  "took" : 92,
  "errors" :  ...
68: 174001 adresses traitées
adresse : bulk pour les ids de 12765269 à 12766268
bulk : {
  "took" : 67,
  "errors" :  ...
68: 175001 adresses traitées
adresse : bulk pour les ids de 12766269 à 12767268
bulk : {
  "took" : 82,
  "errors" :  ...
68: 176001 adresses traitées
adresse : bulk pour les ids de 12767269 à 12768268
bulk : {
  "took" : 68,
  "errors" :  ...
68: 177001 adresses traitées
adresse : bulk pour les ids de 12768269 à 12769268
bulk : {
  "took" : 66,
  "errors" :  ...
68: 178001 adresses traitées
adresse : bulk pour les ids de 12769269 à 12770268
bulk : {
  "took" : 82,
  "errors" :  ...
68: 179001 adresses traitées
adresse : bulk pour les ids de 12770269 à 12771268
bulk : {
  "took" : 68,
  "errors" :  ...
68: 180001 adresses traitées
adresse : bulk pour les ids de 12771269 à 12772268
bulk : {
  "took" : 82,
  "errors" :  ...
68: 181001 adresses traitées
adresse : bulk pour les ids de 12772269 à 12773268
bulk : {
  "took" : 67,
  "errors" :  ...
68: 182001 adresses traitées
adresse : bulk pour les ids de 12773269 à 12774268
bulk : {
  "took" : 81,
  "errors" :  ...
68: 183001 adresses traitées
adresse : bulk pour les ids de 12774269 à 12775268
bulk : {
  "took" : 69,
  "errors" :  ...
68: 184001 adresses traitées
adresse : bulk pour les ids de 12775269 à 12776268
bulk : {
  "took" : 86,
  "errors" :  ...
68: 185001 adresses traitées
adresse : bulk pour les ids de 12776269 à 12777268
bulk : {
  "took" : 67,
  "errors" :  ...
68: 186001 adresses traitées
adresse : bulk pour les ids de 12777269 à 12778268
bulk : {
  "took" : 90,
  "errors" :  ...
68: 187001 adresses traitées
adresse : bulk pour les ids de 12778269 à 12779268
bulk : {
  "took" : 69,
  "errors" :  ...
68: 188001 adresses traitées
adresse : bulk pour les ids de 12779269 à 12780268
bulk : {
  "took" : 92,
  "errors" :  ...
68: 189001 adresses traitées
adresse : bulk pour les ids de 12780269 à 12781268
bulk : {
  "took" : 67,
  "errors" :  ...
68: 190001 adresses traitées
adresse : bulk pour les ids de 12781269 à 12782268
bulk : {
  "took" : 91,
  "errors" :  ...
68: 191001 adresses traitées
adresse : bulk pour les ids de 12782269 à 12783268
bulk : {
  "took" : 69,
  "errors" :  ...
68: 192001 adresses traitées
68: 193001 adresses traitées
adresse : bulk pour les ids de 12783269 à 12784268
bulk : {
  "took" : 87,
  "errors" :  ...
68: 194001 adresses traitées
adresse : bulk pour les ids de 12784269 à 12785268
bulk : {
  "took" : 70,
  "errors" :  ...
68: 195001 adresses traitées
adresse : bulk pour les ids de 12785269 à 12786268
bulk : {
  "took" : 88,
  "errors" :  ...
68: 196001 adresses traitées
adresse : bulk pour les ids de 12786269 à 12787268
bulk : {
  "took" : 77,
  "errors" :  ...
68: 197001 adresses traitées
adresse : bulk pour les ids de 12787269 à 12788268
bulk : {
  "took" : 87,
  "errors" :  ...
68: 198001 adresses traitées
adresse : bulk pour les ids de 12788269 à 12789268
bulk : {
  "took" : 71,
  "errors" :  ...
68: 199001 adresses traitées
adresse : bulk pour les ids de 12789269 à 12790268
bulk : {
  "took" : 85,
  "errors" :  ...
68: 200001 adresses traitées
adresse : bulk pour les ids de 12790269 à 12791268
bulk : {
  "took" : 70,
  "errors" :  ...
68: 201001 adresses traitées
adresse : bulk pour les ids de 12791269 à 12792268
bulk : {
  "took" : 89,
  "errors" :  ...
68: 202001 adresses traitées
adresse : bulk pour les ids de 12792269 à 12793268
bulk : {
  "took" : 69,
  "errors" :  ...
68: 203001 adresses traitées
adresse : bulk pour les ids de 12793269 à 12794268
bulk : {
  "took" : 80,
  "errors" :  ...
68: 204001 adresses traitées
adresse : bulk pour les ids de 12794269 à 12795268
bulk : {
  "took" : 68,
  "errors" :  ...
68: 205001 adresses traitées
adresse : bulk pour les ids de 12795269 à 12796268
bulk : {
  "took" : 85,
  "errors" :  ...
68: 206001 adresses traitées
adresse : bulk pour les ids de 12796269 à 12797268
bulk : {
  "took" : 67,
  "errors" :  ...
68: 207001 adresses traitées
adresse : bulk pour les ids de 12797269 à 12798268
bulk : {
  "took" : 83,
  "errors" :  ...
68: 208001 adresses traitées
adresse : bulk pour les ids de 12798269 à 12799268
bulk : {
  "took" : 69,
  "errors" :  ...
68: 209001 adresses traitées
adresse : bulk pour les ids de 12799269 à 12800268
bulk : {
  "took" : 82,
  "errors" :  ...
68: 210001 adresses traitées
adresse : bulk pour les ids de 12800269 à 12801268
bulk : {
  "took" : 69,
  "errors" :  ...
68: 211001 adresses traitées
adresse : bulk pour les ids de 12801269 à 12802268
bulk : {
  "took" : 76,
  "errors" :  ...
68: 212001 adresses traitées
adresse : bulk pour les ids de 12802269 à 12803268
bulk : {
  "took" : 82,
  "errors" :  ...
68: 213001 adresses traitées
adresse : bulk pour les ids de 12803269 à 12804268
bulk : {
  "took" : 69,
  "errors" :  ...
68: 214001 adresses traitées
adresse : bulk pour les ids de 12804269 à 12805268
bulk : {
  "took" : 82,
  "errors" :  ...
68: 215001 adresses traitées
adresse : bulk pour les ids de 12805269 à 12806268
bulk : {
  "took" : 77,
  "errors" :  ...
68: 216001 adresses traitées
adresse : bulk pour les ids de 12806269 à 12807268
bulk : {
  "took" : 84,
  "errors" :  ...
68: 217001 adresses traitées
adresse : bulk pour les ids de 12807269 à 12808268
bulk : {
  "took" : 67,
  "errors" :  ...
68: 218001 adresses traitées
adresse : bulk pour les ids de 12808269 à 12809268
bulk : {
  "took" : 80,
  "errors" :  ...
68: 219001 adresses traitées
adresse : bulk pour les ids de 12809269 à 12810268
bulk : {
  "took" : 68,
  "errors" :  ...
68: 220001 adresses traitées
adresse : bulk pour les ids de 12810269 à 12811268
bulk : {
  "took" : 88,
  "errors" :  ...
68: 221001 adresses traitées
adresse : bulk pour les ids de 12811269 à 12812268
bulk : {
  "took" : 69,
  "errors" :  ...
68: 222001 adresses traitées
adresse : bulk pour les ids de 12812269 à 12813268
bulk : {
  "took" : 85,
  "errors" :  ...
68: 223001 adresses traitées
adresse : bulk pour les ids de 12813269 à 12814268
bulk : {
  "took" : 69,
  "errors" :  ...
68: 224001 adresses traitées
adresse : bulk pour les ids de 12814269 à 12815268
bulk : {
  "took" : 83,
  "errors" :  ...
68: 225001 adresses traitées
adresse : bulk pour les ids de 12815269 à 12816268
bulk : {
  "took" : 68,
  "errors" :  ...
68: 226001 adresses traitées
adresse : bulk pour les ids de 12816269 à 12817268
bulk : {
  "took" : 81,
  "errors" :  ...
68: 227001 adresses traitées
adresse : bulk pour les ids de 12817269 à 12818268
bulk : {
  "took" : 69,
  "errors" :  ...
68: 228001 adresses traitées
adresse : bulk pour les ids de 12818269 à 12819268
bulk : {
  "took" : 86,
  "errors" :  ...
68: 229001 adresses traitées
adresse : bulk pour les ids de 12819269 à 12820268
bulk : {
  "took" : 69,
  "errors" :  ...
68: 230001 adresses traitées
adresse : bulk pour les ids de 12820269 à 12821268
bulk : {
  "took" : 86,
  "errors" :  ...
68: 231001 adresses traitées
adresse : bulk pour les ids de 12821269 à 12822268
bulk : {
  "took" : 72,
  "errors" :  ...
68: 232001 adresses traitées
adresse : bulk pour les ids de 12822269 à 12823268
bulk : {
  "took" : 82,
  "errors" :  ...
68: 233001 adresses traitées
adresse : bulk pour les ids de 12823269 à 12824268
bulk : {
  "took" : 69,
  "errors" :  ...
68: 234001 adresses traitées
adresse : bulk pour les ids de 12824269 à 12825268
bulk : {
  "took" : 86,
  "errors" :  ...
68: 235001 adresses traitées
adresse : bulk pour les ids de 12825269 à 12826268
bulk : {
  "took" : 71,
  "errors" :  ...
68: 236001 adresses traitées
adresse : bulk pour les ids de 12826269 à 12827182
bulk : {
  "took" : 77,
  "errors" :  ...
dpt 69 : voies
69: 1 voies traitées
voie : bulk pour les ids de 923230 à 923429
bulk : {
  "took" : 12,
  "errors" :  ...
69: 201 voies traitées
voie : bulk pour les ids de 923430 à 923629
bulk : {
  "took" : 12,
  "errors" :  ...
69: 401 voies traitées
voie : bulk pour les ids de 923630 à 923829
bulk : {
  "took" : 11,
  "errors" :  ...
69: 601 voies traitées
voie : bulk pour les ids de 923830 à 924029
bulk : {
  "took" : 12,
  "errors" :  ...
69: 801 voies traitées
voie : bulk pour les ids de 924030 à 924229
bulk : {
  "took" : 12,
  "errors" :  ...
69: 1001 voies traitées
voie : bulk pour les ids de 924230 à 924429
bulk : {
  "took" : 12,
  "errors" :  ...
69: 1201 voies traitées
voie : bulk pour les ids de 924430 à 924629
bulk : {
  "took" : 27,
  "errors" :  ...
69: 1401 voies traitées
voie : bulk pour les ids de 924630 à 924829
bulk : {
  "took" : 11,
  "errors" :  ...
69: 1601 voies traitées
voie : bulk pour les ids de 924830 à 925029
bulk : {
  "took" : 11,
  "errors" :  ...
69: 1801 voies traitées
voie : bulk pour les ids de 925030 à 925229
bulk : {
  "took" : 12,
  "errors" :  ...
69: 2001 voies traitées
voie : bulk pour les ids de 925230 à 925429
bulk : {
  "took" : 12,
  "errors" :  ...
69: 2201 voies traitées
voie : bulk pour les ids de 925430 à 925629
bulk : {
  "took" : 12,
  "errors" :  ...
69: 2401 voies traitées
voie : bulk pour les ids de 925630 à 925829
bulk : {
  "took" : 13,
  "errors" :  ...
69: 2601 voies traitées
voie : bulk pour les ids de 925830 à 926029
bulk : {
  "took" : 12,
  "errors" :  ...
69: 2801 voies traitées
voie : bulk pour les ids de 926030 à 926229
bulk : {
  "took" : 12,
  "errors" :  ...
69: 3001 voies traitées
voie : bulk pour les ids de 926230 à 926429
bulk : {
  "took" : 11,
  "errors" :  ...
69: 3201 voies traitées
voie : bulk pour les ids de 926430 à 926629
bulk : {
  "took" : 12,
  "errors" :  ...
69: 3401 voies traitées
voie : bulk pour les ids de 926630 à 926829
bulk : {
  "took" : 25,
  "errors" :  ...
69: 3601 voies traitées
voie : bulk pour les ids de 926830 à 927029
bulk : {
  "took" : 17,
  "errors" :  ...
69: 3801 voies traitées
voie : bulk pour les ids de 927030 à 927229
bulk : {
  "took" : 12,
  "errors" :  ...
69: 4001 voies traitées
voie : bulk pour les ids de 927230 à 927429
bulk : {
  "took" : 12,
  "errors" :  ...
69: 4201 voies traitées
voie : bulk pour les ids de 927430 à 927629
bulk : {
  "took" : 13,
  "errors" :  ...
69: 4401 voies traitées
voie : bulk pour les ids de 927630 à 927829
bulk : {
  "took" : 12,
  "errors" :  ...
69: 4601 voies traitées
voie : bulk pour les ids de 927830 à 928029
bulk : {
  "took" : 11,
  "errors" :  ...
69: 4801 voies traitées
voie : bulk pour les ids de 928030 à 928229
bulk : {
  "took" : 13,
  "errors" :  ...
69: 5001 voies traitées
voie : bulk pour les ids de 928230 à 928429
bulk : {
  "took" : 12,
  "errors" :  ...
69: 5201 voies traitées
voie : bulk pour les ids de 928430 à 928629
bulk : {
  "took" : 32,
  "errors" :  ...
69: 5401 voies traitées
voie : bulk pour les ids de 928630 à 928829
bulk : {
  "took" : 13,
  "errors" :  ...
69: 5601 voies traitées
voie : bulk pour les ids de 928830 à 929029
bulk : {
  "took" : 13,
  "errors" :  ...
69: 5801 voies traitées
voie : bulk pour les ids de 929030 à 929229
bulk : {
  "took" : 12,
  "errors" :  ...
69: 6001 voies traitées
voie : bulk pour les ids de 929230 à 929429
bulk : {
  "took" : 12,
  "errors" :  ...
69: 6201 voies traitées
voie : bulk pour les ids de 929430 à 929629
bulk : {
  "took" : 13,
  "errors" :  ...
69: 6401 voies traitées
voie : bulk pour les ids de 929630 à 929829
bulk : {
  "took" : 12,
  "errors" :  ...
69: 6601 voies traitées
voie : bulk pour les ids de 929830 à 930029
bulk : {
  "took" : 12,
  "errors" :  ...
69: 6801 voies traitées
voie : bulk pour les ids de 930030 à 930229
bulk : {
  "took" : 12,
  "errors" :  ...
69: 7001 voies traitées
voie : bulk pour les ids de 930230 à 930429
bulk : {
  "took" : 12,
  "errors" :  ...
69: 7201 voies traitées
voie : bulk pour les ids de 930430 à 930629
bulk : {
  "took" : 34,
  "errors" :  ...
69: 7401 voies traitées
voie : bulk pour les ids de 930630 à 930829
bulk : {
  "took" : 12,
  "errors" :  ...
69: 7601 voies traitées
voie : bulk pour les ids de 930830 à 931029
bulk : {
  "took" : 12,
  "errors" :  ...
69: 7801 voies traitées
voie : bulk pour les ids de 931030 à 931229
bulk : {
  "took" : 12,
  "errors" :  ...
69: 8001 voies traitées
voie : bulk pour les ids de 931230 à 931429
bulk : {
  "took" : 12,
  "errors" :  ...
69: 8201 voies traitées
voie : bulk pour les ids de 931430 à 931629
bulk : {
  "took" : 12,
  "errors" :  ...
69: 8401 voies traitées
voie : bulk pour les ids de 931630 à 931829
bulk : {
  "took" : 12,
  "errors" :  ...
69: 8601 voies traitées
voie : bulk pour les ids de 931830 à 932029
bulk : {
  "took" : 12,
  "errors" :  ...
69: 8801 voies traitées
voie : bulk pour les ids de 932030 à 932229
bulk : {
  "took" : 12,
  "errors" :  ...
69: 9001 voies traitées
voie : bulk pour les ids de 932230 à 932429
bulk : {
  "took" : 12,
  "errors" :  ...
69: 9201 voies traitées
voie : bulk pour les ids de 932430 à 932629
bulk : {
  "took" : 36,
  "errors" :  ...
69: 9401 voies traitées
voie : bulk pour les ids de 932630 à 932829
bulk : {
  "took" : 13,
  "errors" :  ...
69: 9601 voies traitées
voie : bulk pour les ids de 932830 à 933029
bulk : {
  "took" : 13,
  "errors" :  ...
69: 9801 voies traitées
voie : bulk pour les ids de 933030 à 933229
bulk : {
  "took" : 13,
  "errors" :  ...
69: 10001 voies traitées
voie : bulk pour les ids de 933230 à 933429
bulk : {
  "took" : 12,
  "errors" :  ...
69: 10201 voies traitées
voie : bulk pour les ids de 933430 à 933629
bulk : {
  "took" : 13,
  "errors" :  ...
69: 10401 voies traitées
voie : bulk pour les ids de 933630 à 933829
bulk : {
  "took" : 12,
  "errors" :  ...
69: 10601 voies traitées
voie : bulk pour les ids de 933830 à 934029
bulk : {
  "took" : 13,
  "errors" :  ...
69: 10801 voies traitées
voie : bulk pour les ids de 934030 à 934229
bulk : {
  "took" : 22,
  "errors" :  ...
69: 11001 voies traitées
voie : bulk pour les ids de 934230 à 934429
bulk : {
  "took" : 35,
  "errors" :  ...
69: 11201 voies traitées
voie : bulk pour les ids de 934430 à 934629
bulk : {
  "took" : 13,
  "errors" :  ...
69: 11401 voies traitées
voie : bulk pour les ids de 934630 à 934829
bulk : {
  "took" : 12,
  "errors" :  ...
69: 11601 voies traitées
voie : bulk pour les ids de 934830 à 935029
bulk : {
  "took" : 12,
  "errors" :  ...
69: 11801 voies traitées
voie : bulk pour les ids de 935030 à 935229
bulk : {
  "took" : 13,
  "errors" :  ...
69: 12001 voies traitées
voie : bulk pour les ids de 935230 à 935429
bulk : {
  "took" : 13,
  "errors" :  ...
69: 12201 voies traitées
voie : bulk pour les ids de 935430 à 935629
bulk : {
  "took" : 13,
  "errors" :  ...
69: 12401 voies traitées
voie : bulk pour les ids de 935630 à 935829
bulk : {
  "took" : 13,
  "errors" :  ...
69: 12601 voies traitées
voie : bulk pour les ids de 935830 à 936029
bulk : {
  "took" : 13,
  "errors" :  ...
69: 12801 voies traitées
voie : bulk pour les ids de 936030 à 936229
bulk : {
  "took" : 12,
  "errors" :  ...
69: 13001 voies traitées
voie : bulk pour les ids de 936230 à 936429
bulk : {
  "took" : 13,
  "errors" :  ...
69: 13201 voies traitées
voie : bulk pour les ids de 936430 à 936629
bulk : {
  "took" : 24,
  "errors" :  ...
69: 13401 voies traitées
voie : bulk pour les ids de 936630 à 936829
bulk : {
  "took" : 19,
  "errors" :  ...
69: 13601 voies traitées
voie : bulk pour les ids de 936830 à 937029
bulk : {
  "took" : 12,
  "errors" :  ...
69: 13801 voies traitées
voie : bulk pour les ids de 937030 à 937229
bulk : {
  "took" : 12,
  "errors" :  ...
69: 14001 voies traitées
voie : bulk pour les ids de 937230 à 937429
bulk : {
  "took" : 33,
  "errors" :  ...
69: 14201 voies traitées
voie : bulk pour les ids de 937430 à 937629
bulk : {
  "took" : 13,
  "errors" :  ...
69: 14401 voies traitées
voie : bulk pour les ids de 937630 à 937829
bulk : {
  "took" : 18,
  "errors" :  ...
69: 14601 voies traitées
voie : bulk pour les ids de 937830 à 938029
bulk : {
  "took" : 22,
  "errors" :  ...
69: 14801 voies traitées
voie : bulk pour les ids de 938030 à 938229
bulk : {
  "took" : 16,
  "errors" :  ...
69: 15001 voies traitées
voie : bulk pour les ids de 938230 à 938429
bulk : {
  "took" : 32,
  "errors" :  ...
69: 15201 voies traitées
voie : bulk pour les ids de 938430 à 938629
bulk : {
  "took" : 13,
  "errors" :  ...
69: 15401 voies traitées
voie : bulk pour les ids de 938630 à 938829
bulk : {
  "took" : 14,
  "errors" :  ...
69: 15601 voies traitées
voie : bulk pour les ids de 938830 à 939029
bulk : {
  "took" : 12,
  "errors" :  ...
69: 15801 voies traitées
voie : bulk pour les ids de 939030 à 939229
bulk : {
  "took" : 12,
  "errors" :  ...
69: 16001 voies traitées
voie : bulk pour les ids de 939230 à 939429
bulk : {
  "took" : 11,
  "errors" :  ...
69: 16201 voies traitées
voie : bulk pour les ids de 939430 à 939629
bulk : {
  "took" : 12,
  "errors" :  ...
69: 16401 voies traitées
voie : bulk pour les ids de 939630 à 939829
bulk : {
  "took" : 27,
  "errors" :  ...
69: 16601 voies traitées
voie : bulk pour les ids de 939830 à 940029
bulk : {
  "took" : 12,
  "errors" :  ...
69: 16801 voies traitées
voie : bulk pour les ids de 940030 à 940229
bulk : {
  "took" : 12,
  "errors" :  ...
69: 17001 voies traitées
voie : bulk pour les ids de 940230 à 940429
bulk : {
  "took" : 12,
  "errors" :  ...
69: 17201 voies traitées
voie : bulk pour les ids de 940430 à 940629
bulk : {
  "took" : 12,
  "errors" :  ...
69: 17401 voies traitées
voie : bulk pour les ids de 940630 à 940829
bulk : {
  "took" : 12,
  "errors" :  ...
69: 17601 voies traitées
voie : bulk pour les ids de 940830 à 941029
bulk : {
  "took" : 12,
  "errors" :  ...
69: 17801 voies traitées
voie : bulk pour les ids de 941030 à 941229
bulk : {
  "took" : 12,
  "errors" :  ...
69: 18001 voies traitées
voie : bulk pour les ids de 941230 à 941429
bulk : {
  "took" : 13,
  "errors" :  ...
69: 18201 voies traitées
voie : bulk pour les ids de 941430 à 941629
bulk : {
  "took" : 13,
  "errors" :  ...
69: 18401 voies traitées
voie : bulk pour les ids de 941630 à 941829
bulk : {
  "took" : 33,
  "errors" :  ...
69: 18601 voies traitées
voie : bulk pour les ids de 941830 à 942029
bulk : {
  "took" : 12,
  "errors" :  ...
69: 18801 voies traitées
voie : bulk pour les ids de 942030 à 942229
bulk : {
  "took" : 12,
  "errors" :  ...
69: 19001 voies traitées
voie : bulk pour les ids de 942230 à 942429
bulk : {
  "took" : 18,
  "errors" :  ...
69: 19201 voies traitées
voie : bulk pour les ids de 942430 à 942629
bulk : {
  "took" : 13,
  "errors" :  ...
69: 19401 voies traitées
voie : bulk pour les ids de 942630 à 942681
bulk : {
  "took" : 4,
  "errors" : f ...
dpt 69 : adresses
69: 1 adresses traitées
69: 1001 adresses traitées
adresse : bulk pour les ids de 12827183 à 12828182
bulk : {
  "took" : 100,
  "errors" : ...
69: 2001 adresses traitées
adresse : bulk pour les ids de 12828183 à 12829182
bulk : {
  "took" : 104,
  "errors" : ...
69: 3001 adresses traitées
adresse : bulk pour les ids de 12829183 à 12830182
bulk : {
  "took" : 92,
  "errors" :  ...
69: 4001 adresses traitées
adresse : bulk pour les ids de 12830183 à 12831182
bulk : {
  "took" : 74,
  "errors" :  ...
69: 5001 adresses traitées
69: 6001 adresses traitées
adresse : bulk pour les ids de 12831183 à 12832182
bulk : {
  "took" : 91,
  "errors" :  ...
69: 7001 adresses traitées
adresse : bulk pour les ids de 12832183 à 12833182
bulk : {
  "took" : 88,
  "errors" :  ...
69: 8001 adresses traitées
adresse : bulk pour les ids de 12833183 à 12834182
bulk : {
  "took" : 96,
  "errors" :  ...
69: 9001 adresses traitées
adresse : bulk pour les ids de 12834183 à 12835182
bulk : {
  "took" : 89,
  "errors" :  ...
69: 10001 adresses traitées
69: 11001 adresses traitées
adresse : bulk pour les ids de 12835183 à 12836182
bulk : {
  "took" : 106,
  "errors" : ...
69: 12001 adresses traitées
adresse : bulk pour les ids de 12836183 à 12837182
bulk : {
  "took" : 72,
  "errors" :  ...
69: 13001 adresses traitées
adresse : bulk pour les ids de 12837183 à 12838182
bulk : {
  "took" : 89,
  "errors" :  ...
69: 14001 adresses traitées
adresse : bulk pour les ids de 12838183 à 12839182
bulk : {
  "took" : 100,
  "errors" : ...
69: 15001 adresses traitées
adresse : bulk pour les ids de 12839183 à 12840182
bulk : {
  "took" : 95,
  "errors" :  ...
69: 16001 adresses traitées
adresse : bulk pour les ids de 12840183 à 12841182
bulk : {
  "took" : 73,
  "errors" :  ...
69: 17001 adresses traitées
adresse : bulk pour les ids de 12841183 à 12842182
bulk : {
  "took" : 88,
  "errors" :  ...
69: 18001 adresses traitées
adresse : bulk pour les ids de 12842183 à 12843182
bulk : {
  "took" : 82,
  "errors" :  ...
69: 19001 adresses traitées
69: 20001 adresses traitées
adresse : bulk pour les ids de 12843183 à 12844182
bulk : {
  "took" : 80,
  "errors" :  ...
69: 21001 adresses traitées
adresse : bulk pour les ids de 12844183 à 12845182
bulk : {
  "took" : 95,
  "errors" :  ...
69: 22001 adresses traitées
adresse : bulk pour les ids de 12845183 à 12846182
bulk : {
  "took" : 71,
  "errors" :  ...
69: 23001 adresses traitées
adresse : bulk pour les ids de 12846183 à 12847182
bulk : {
  "took" : 91,
  "errors" :  ...
69: 24001 adresses traitées
adresse : bulk pour les ids de 12847183 à 12848182
bulk : {
  "took" : 91,
  "errors" :  ...
69: 25001 adresses traitées
adresse : bulk pour les ids de 12848183 à 12849182
bulk : {
  "took" : 68,
  "errors" :  ...
69: 26001 adresses traitées
adresse : bulk pour les ids de 12849183 à 12850182
bulk : {
  "took" : 97,
  "errors" :  ...
69: 27001 adresses traitées
adresse : bulk pour les ids de 12850183 à 12851182
bulk : {
  "took" : 82,
  "errors" :  ...
69: 28001 adresses traitées
adresse : bulk pour les ids de 12851183 à 12852182
bulk : {
  "took" : 85,
  "errors" :  ...
69: 29001 adresses traitées
adresse : bulk pour les ids de 12852183 à 12853182
bulk : {
  "took" : 83,
  "errors" :  ...
69: 30001 adresses traitées
adresse : bulk pour les ids de 12853183 à 12854182
bulk : {
  "took" : 83,
  "errors" :  ...
69: 31001 adresses traitées
adresse : bulk pour les ids de 12854183 à 12855182
bulk : {
  "took" : 67,
  "errors" :  ...
69: 32001 adresses traitées
adresse : bulk pour les ids de 12855183 à 12856182
bulk : {
  "took" : 108,
  "errors" : ...
69: 33001 adresses traitées
69: 34001 adresses traitées
adresse : bulk pour les ids de 12856183 à 12857182
bulk : {
  "took" : 83,
  "errors" :  ...
69: 35001 adresses traitées
adresse : bulk pour les ids de 12857183 à 12858182
bulk : {
  "took" : 84,
  "errors" :  ...
69: 36001 adresses traitées
adresse : bulk pour les ids de 12858183 à 12859182
bulk : {
  "took" : 80,
  "errors" :  ...
69: 37001 adresses traitées
adresse : bulk pour les ids de 12859183 à 12860182
bulk : {
  "took" : 75,
  "errors" :  ...
69: 38001 adresses traitées
adresse : bulk pour les ids de 12860183 à 12861182
bulk : {
  "took" : 83,
  "errors" :  ...
69: 39001 adresses traitées
adresse : bulk pour les ids de 12861183 à 12862182
bulk : {
  "took" : 90,
  "errors" :  ...
69: 40001 adresses traitées
adresse : bulk pour les ids de 12862183 à 12863182
bulk : {
  "took" : 94,
  "errors" :  ...
69: 41001 adresses traitées
adresse : bulk pour les ids de 12863183 à 12864182
bulk : {
  "took" : 81,
  "errors" :  ...
69: 42001 adresses traitées
adresse : bulk pour les ids de 12864183 à 12865182
bulk : {
  "took" : 97,
  "errors" :  ...
69: 43001 adresses traitées
adresse : bulk pour les ids de 12865183 à 12866182
bulk : {
  "took" : 90,
  "errors" :  ...
69: 44001 adresses traitées
adresse : bulk pour les ids de 12866183 à 12867182
bulk : {
  "took" : 83,
  "errors" :  ...
69: 45001 adresses traitées
adresse : bulk pour les ids de 12867183 à 12868182
bulk : {
  "took" : 101,
  "errors" : ...
69: 46001 adresses traitées
69: 47001 adresses traitées
adresse : bulk pour les ids de 12868183 à 12869182
bulk : {
  "took" : 104,
  "errors" : ...
69: 48001 adresses traitées
adresse : bulk pour les ids de 12869183 à 12870182
bulk : {
  "took" : 83,
  "errors" :  ...
69: 49001 adresses traitées
adresse : bulk pour les ids de 12870183 à 12871182
bulk : {
  "took" : 90,
  "errors" :  ...
69: 50001 adresses traitées
adresse : bulk pour les ids de 12871183 à 12872182
bulk : {
  "took" : 85,
  "errors" :  ...
69: 51001 adresses traitées
adresse : bulk pour les ids de 12872183 à 12873182
bulk : {
  "took" : 100,
  "errors" : ...
69: 52001 adresses traitées
adresse : bulk pour les ids de 12873183 à 12874182
bulk : {
  "took" : 82,
  "errors" :  ...
69: 53001 adresses traitées
69: 54001 adresses traitées
adresse : bulk pour les ids de 12874183 à 12875182
bulk : {
  "took" : 88,
  "errors" :  ...
69: 55001 adresses traitées
adresse : bulk pour les ids de 12875183 à 12876182
bulk : {
  "took" : 83,
  "errors" :  ...
69: 56001 adresses traitées
adresse : bulk pour les ids de 12876183 à 12877182
bulk : {
  "took" : 86,
  "errors" :  ...
69: 57001 adresses traitées
adresse : bulk pour les ids de 12877183 à 12878182
bulk : {
  "took" : 84,
  "errors" :  ...
69: 58001 adresses traitées
adresse : bulk pour les ids de 12878183 à 12879182
bulk : {
  "took" : 100,
  "errors" : ...
69: 59001 adresses traitées
69: 60001 adresses traitées
adresse : bulk pour les ids de 12879183 à 12880182
bulk : {
  "took" : 79,
  "errors" :  ...
69: 61001 adresses traitées
adresse : bulk pour les ids de 12880183 à 12881182
bulk : {
  "took" : 95,
  "errors" :  ...
69: 62001 adresses traitées
adresse : bulk pour les ids de 12881183 à 12882182
bulk : {
  "took" : 82,
  "errors" :  ...
69: 63001 adresses traitées
adresse : bulk pour les ids de 12882183 à 12883182
bulk : {
  "took" : 85,
  "errors" :  ...
69: 64001 adresses traitées
adresse : bulk pour les ids de 12883183 à 12884182
bulk : {
  "took" : 104,
  "errors" : ...
69: 65001 adresses traitées
adresse : bulk pour les ids de 12884183 à 12885182
bulk : {
  "took" : 69,
  "errors" :  ...
69: 66001 adresses traitées
adresse : bulk pour les ids de 12885183 à 12886182
bulk : {
  "took" : 104,
  "errors" : ...
69: 67001 adresses traitées
adresse : bulk pour les ids de 12886183 à 12887182
bulk : {
  "took" : 88,
  "errors" :  ...
69: 68001 adresses traitées
adresse : bulk pour les ids de 12887183 à 12888182
bulk : {
  "took" : 88,
  "errors" :  ...
69: 69001 adresses traitées
adresse : bulk pour les ids de 12888183 à 12889182
bulk : {
  "took" : 70,
  "errors" :  ...
69: 70001 adresses traitées
adresse : bulk pour les ids de 12889183 à 12890182
bulk : {
  "took" : 108,
  "errors" : ...
69: 71001 adresses traitées
adresse : bulk pour les ids de 12890183 à 12891182
bulk : {
  "took" : 84,
  "errors" :  ...
69: 72001 adresses traitées
adresse : bulk pour les ids de 12891183 à 12892182
bulk : {
  "took" : 88,
  "errors" :  ...
69: 73001 adresses traitées
adresse : bulk pour les ids de 12892183 à 12893182
bulk : {
  "took" : 89,
  "errors" :  ...
69: 74001 adresses traitées
69: 75001 adresses traitées
adresse : bulk pour les ids de 12893183 à 12894182
bulk : {
  "took" : 89,
  "errors" :  ...
69: 76001 adresses traitées
adresse : bulk pour les ids de 12894183 à 12895182
bulk : {
  "took" : 95,
  "errors" :  ...
69: 77001 adresses traitées
adresse : bulk pour les ids de 12895183 à 12896182
bulk : {
  "took" : 92,
  "errors" :  ...
69: 78001 adresses traitées
adresse : bulk pour les ids de 12896183 à 12897182
bulk : {
  "took" : 88,
  "errors" :  ...
69: 79001 adresses traitées
adresse : bulk pour les ids de 12897183 à 12898182
bulk : {
  "took" : 90,
  "errors" :  ...
69: 80001 adresses traitées
adresse : bulk pour les ids de 12898183 à 12899182
bulk : {
  "took" : 85,
  "errors" :  ...
69: 81001 adresses traitées
adresse : bulk pour les ids de 12899183 à 12900182
bulk : {
  "took" : 70,
  "errors" :  ...
69: 82001 adresses traitées
adresse : bulk pour les ids de 12900183 à 12901182
bulk : {
  "took" : 99,
  "errors" :  ...
69: 83001 adresses traitées
adresse : bulk pour les ids de 12901183 à 12902182
bulk : {
  "took" : 73,
  "errors" :  ...
69: 84001 adresses traitées
adresse : bulk pour les ids de 12902183 à 12903182
bulk : {
  "took" : 101,
  "errors" : ...
69: 85001 adresses traitées
adresse : bulk pour les ids de 12903183 à 12904182
bulk : {
  "took" : 91,
  "errors" :  ...
69: 86001 adresses traitées
adresse : bulk pour les ids de 12904183 à 12905182
bulk : {
  "took" : 86,
  "errors" :  ...
69: 87001 adresses traitées
adresse : bulk pour les ids de 12905183 à 12906182
bulk : {
  "took" : 69,
  "errors" :  ...
69: 88001 adresses traitées
adresse : bulk pour les ids de 12906183 à 12907182
bulk : {
  "took" : 101,
  "errors" : ...
69: 89001 adresses traitées
adresse : bulk pour les ids de 12907183 à 12908182
bulk : {
  "took" : 70,
  "errors" :  ...
69: 90001 adresses traitées
69: 91001 adresses traitées
adresse : bulk pour les ids de 12908183 à 12909182
bulk : {
  "took" : 105,
  "errors" : ...
69: 92001 adresses traitées
adresse : bulk pour les ids de 12909183 à 12910182
bulk : {
  "took" : 85,
  "errors" :  ...
69: 93001 adresses traitées
adresse : bulk pour les ids de 12910183 à 12911182
bulk : {
  "took" : 87,
  "errors" :  ...
69: 94001 adresses traitées
adresse : bulk pour les ids de 12911183 à 12912182
bulk : {
  "took" : 85,
  "errors" :  ...
69: 95001 adresses traitées
adresse : bulk pour les ids de 12912183 à 12913182
bulk : {
  "took" : 87,
  "errors" :  ...
69: 96001 adresses traitées
adresse : bulk pour les ids de 12913183 à 12914182
bulk : {
  "took" : 69,
  "errors" :  ...
69: 97001 adresses traitées
adresse : bulk pour les ids de 12914183 à 12915182
bulk : {
  "took" : 96,
  "errors" :  ...
69: 98001 adresses traitées
adresse : bulk pour les ids de 12915183 à 12916182
bulk : {
  "took" : 70,
  "errors" :  ...
69: 99001 adresses traitées
adresse : bulk pour les ids de 12916183 à 12917182
bulk : {
  "took" : 102,
  "errors" : ...
69: 100001 adresses traitées
adresse : bulk pour les ids de 12917183 à 12918182
bulk : {
  "took" : 69,
  "errors" :  ...
69: 101001 adresses traitées
adresse : bulk pour les ids de 12918183 à 12919182
bulk : {
  "took" : 101,
  "errors" : ...
69: 102001 adresses traitées
adresse : bulk pour les ids de 12919183 à 12920182
bulk : {
  "took" : 82,
  "errors" :  ...
69: 103001 adresses traitées
adresse : bulk pour les ids de 12920183 à 12921182
bulk : {
  "took" : 98,
  "errors" :  ...
69: 104001 adresses traitées
adresse : bulk pour les ids de 12921183 à 12922182
bulk : {
  "took" : 82,
  "errors" :  ...
69: 105001 adresses traitées
adresse : bulk pour les ids de 12922183 à 12923182
bulk : {
  "took" : 90,
  "errors" :  ...
69: 106001 adresses traitées
adresse : bulk pour les ids de 12923183 à 12924182
bulk : {
  "took" : 69,
  "errors" :  ...
69: 107001 adresses traitées
adresse : bulk pour les ids de 12924183 à 12925182
bulk : {
  "took" : 90,
  "errors" :  ...
69: 108001 adresses traitées
adresse : bulk pour les ids de 12925183 à 12926182
bulk : {
  "took" : 103,
  "errors" : ...
69: 109001 adresses traitées
adresse : bulk pour les ids de 12926183 à 12927182
bulk : {
  "took" : 94,
  "errors" :  ...
69: 110001 adresses traitées
adresse : bulk pour les ids de 12927183 à 12928182
bulk : {
  "took" : 69,
  "errors" :  ...
69: 111001 adresses traitées
adresse : bulk pour les ids de 12928183 à 12929182
bulk : {
  "took" : 95,
  "errors" :  ...
69: 112001 adresses traitées
adresse : bulk pour les ids de 12929183 à 12930182
bulk : {
  "took" : 78,
  "errors" :  ...
69: 113001 adresses traitées
adresse : bulk pour les ids de 12930183 à 12931182
bulk : {
  "took" : 80,
  "errors" :  ...
69: 114001 adresses traitées
adresse : bulk pour les ids de 12931183 à 12932182
bulk : {
  "took" : 85,
  "errors" :  ...
69: 115001 adresses traitées
adresse : bulk pour les ids de 12932183 à 12933182
bulk : {
  "took" : 77,
  "errors" :  ...
69: 116001 adresses traitées
adresse : bulk pour les ids de 12933183 à 12934182
bulk : {
  "took" : 81,
  "errors" :  ...
69: 117001 adresses traitées
adresse : bulk pour les ids de 12934183 à 12935182
bulk : {
  "took" : 76,
  "errors" :  ...
69: 118001 adresses traitées
adresse : bulk pour les ids de 12935183 à 12936182
bulk : {
  "took" : 68,
  "errors" :  ...
69: 119001 adresses traitées
69: 120001 adresses traitées
adresse : bulk pour les ids de 12936183 à 12937182
bulk : {
  "took" : 91,
  "errors" :  ...
69: 121001 adresses traitées
adresse : bulk pour les ids de 12937183 à 12938182
bulk : {
  "took" : 69,
  "errors" :  ...
69: 122001 adresses traitées
adresse : bulk pour les ids de 12938183 à 12939182
bulk : {
  "took" : 95,
  "errors" :  ...
69: 123001 adresses traitées
adresse : bulk pour les ids de 12939183 à 12940182
bulk : {
  "took" : 82,
  "errors" :  ...
69: 124001 adresses traitées
adresse : bulk pour les ids de 12940183 à 12941182
bulk : {
  "took" : 80,
  "errors" :  ...
69: 125001 adresses traitées
adresse : bulk pour les ids de 12941183 à 12942182
bulk : {
  "took" : 108,
  "errors" : ...
69: 126001 adresses traitées
adresse : bulk pour les ids de 12942183 à 12943182
bulk : {
  "took" : 85,
  "errors" :  ...
69: 127001 adresses traitées
adresse : bulk pour les ids de 12943183 à 12944182
bulk : {
  "took" : 86,
  "errors" :  ...
69: 128001 adresses traitées
adresse : bulk pour les ids de 12944183 à 12945182
bulk : {
  "took" : 82,
  "errors" :  ...
69: 129001 adresses traitées
adresse : bulk pour les ids de 12945183 à 12946182
bulk : {
  "took" : 95,
  "errors" :  ...
69: 130001 adresses traitées
adresse : bulk pour les ids de 12946183 à 12947182
bulk : {
  "took" : 72,
  "errors" :  ...
69: 131001 adresses traitées
adresse : bulk pour les ids de 12947183 à 12948182
bulk : {
  "took" : 107,
  "errors" : ...
69: 132001 adresses traitées
adresse : bulk pour les ids de 12948183 à 12949182
bulk : {
  "took" : 71,
  "errors" :  ...
69: 133001 adresses traitées
adresse : bulk pour les ids de 12949183 à 12950182
bulk : {
  "took" : 97,
  "errors" :  ...
69: 134001 adresses traitées
adresse : bulk pour les ids de 12950183 à 12951182
bulk : {
  "took" : 82,
  "errors" :  ...
69: 135001 adresses traitées
adresse : bulk pour les ids de 12951183 à 12952182
bulk : {
  "took" : 102,
  "errors" : ...
69: 136001 adresses traitées
adresse : bulk pour les ids de 12952183 à 12953182
bulk : {
  "took" : 86,
  "errors" :  ...
69: 137001 adresses traitées
adresse : bulk pour les ids de 12953183 à 12954182
bulk : {
  "took" : 85,
  "errors" :  ...
69: 138001 adresses traitées
adresse : bulk pour les ids de 12954183 à 12955182
bulk : {
  "took" : 81,
  "errors" :  ...
69: 139001 adresses traitées
adresse : bulk pour les ids de 12955183 à 12956182
bulk : {
  "took" : 97,
  "errors" :  ...
69: 140001 adresses traitées
adresse : bulk pour les ids de 12956183 à 12957182
bulk : {
  "took" : 69,
  "errors" :  ...
69: 141001 adresses traitées
adresse : bulk pour les ids de 12957183 à 12958182
bulk : {
  "took" : 103,
  "errors" : ...
69: 142001 adresses traitées
69: 143001 adresses traitées
adresse : bulk pour les ids de 12958183 à 12959182
bulk : {
  "took" : 85,
  "errors" :  ...
69: 144001 adresses traitées
adresse : bulk pour les ids de 12959183 à 12960182
bulk : {
  "took" : 85,
  "errors" :  ...
69: 145001 adresses traitées
adresse : bulk pour les ids de 12960183 à 12961182
bulk : {
  "took" : 69,
  "errors" :  ...
69: 146001 adresses traitées
adresse : bulk pour les ids de 12961183 à 12962182
bulk : {
  "took" : 100,
  "errors" : ...
69: 147001 adresses traitées
adresse : bulk pour les ids de 12962183 à 12963182
bulk : {
  "took" : 70,
  "errors" :  ...
69: 148001 adresses traitées
adresse : bulk pour les ids de 12963183 à 12964182
bulk : {
  "took" : 109,
  "errors" : ...
69: 149001 adresses traitées
adresse : bulk pour les ids de 12964183 à 12965182
bulk : {
  "took" : 67,
  "errors" :  ...
69: 150001 adresses traitées
adresse : bulk pour les ids de 12965183 à 12966182
bulk : {
  "took" : 100,
  "errors" : ...
69: 151001 adresses traitées
adresse : bulk pour les ids de 12966183 à 12967182
bulk : {
  "took" : 91,
  "errors" :  ...
69: 152001 adresses traitées
adresse : bulk pour les ids de 12967183 à 12968182
bulk : {
  "took" : 83,
  "errors" :  ...
69: 153001 adresses traitées
adresse : bulk pour les ids de 12968183 à 12969182
bulk : {
  "took" : 85,
  "errors" :  ...
69: 154001 adresses traitées
adresse : bulk pour les ids de 12969183 à 12970182
bulk : {
  "took" : 83,
  "errors" :  ...
69: 155001 adresses traitées
adresse : bulk pour les ids de 12970183 à 12971182
bulk : {
  "took" : 68,
  "errors" :  ...
69: 156001 adresses traitées
adresse : bulk pour les ids de 12971183 à 12972182
bulk : {
  "took" : 104,
  "errors" : ...
69: 157001 adresses traitées
adresse : bulk pour les ids de 12972183 à 12973182
bulk : {
  "took" : 69,
  "errors" :  ...
69: 158001 adresses traitées
adresse : bulk pour les ids de 12973183 à 12974182
bulk : {
  "took" : 98,
  "errors" :  ...
69: 159001 adresses traitées
adresse : bulk pour les ids de 12974183 à 12975182
bulk : {
  "took" : 82,
  "errors" :  ...
69: 160001 adresses traitées
69: 161001 adresses traitées
adresse : bulk pour les ids de 12975183 à 12976182
bulk : {
  "took" : 85,
  "errors" :  ...
69: 162001 adresses traitées
adresse : bulk pour les ids de 12976183 à 12977182
bulk : {
  "took" : 72,
  "errors" :  ...
69: 163001 adresses traitées
adresse : bulk pour les ids de 12977183 à 12978182
bulk : {
  "took" : 102,
  "errors" : ...
69: 164001 adresses traitées
adresse : bulk pour les ids de 12978183 à 12979182
bulk : {
  "took" : 69,
  "errors" :  ...
69: 165001 adresses traitées
adresse : bulk pour les ids de 12979183 à 12980182
bulk : {
  "took" : 103,
  "errors" : ...
69: 166001 adresses traitées
adresse : bulk pour les ids de 12980183 à 12981182
bulk : {
  "took" : 81,
  "errors" :  ...
69: 167001 adresses traitées
adresse : bulk pour les ids de 12981183 à 12982182
bulk : {
  "took" : 84,
  "errors" :  ...
69: 168001 adresses traitées
adresse : bulk pour les ids de 12982183 à 12983182
bulk : {
  "took" : 86,
  "errors" :  ...
69: 169001 adresses traitées
adresse : bulk pour les ids de 12983183 à 12984182
bulk : {
  "took" : 87,
  "errors" :  ...
69: 170001 adresses traitées
adresse : bulk pour les ids de 12984183 à 12985182
bulk : {
  "took" : 86,
  "errors" :  ...
69: 171001 adresses traitées
adresse : bulk pour les ids de 12985183 à 12986182
bulk : {
  "took" : 98,
  "errors" :  ...
69: 172001 adresses traitées
adresse : bulk pour les ids de 12986183 à 12987182
bulk : {
  "took" : 68,
  "errors" :  ...
69: 173001 adresses traitées
adresse : bulk pour les ids de 12987183 à 12988182
bulk : {
  "took" : 107,
  "errors" : ...
69: 174001 adresses traitées
adresse : bulk pour les ids de 12988183 à 12989182
bulk : {
  "took" : 93,
  "errors" :  ...
69: 175001 adresses traitées
adresse : bulk pour les ids de 12989183 à 12990182
bulk : {
  "took" : 82,
  "errors" :  ...
69: 176001 adresses traitées
adresse : bulk pour les ids de 12990183 à 12991182
bulk : {
  "took" : 84,
  "errors" :  ...
69: 177001 adresses traitées
adresse : bulk pour les ids de 12991183 à 12992182
bulk : {
  "took" : 83,
  "errors" :  ...
69: 178001 adresses traitées
adresse : bulk pour les ids de 12992183 à 12993182
bulk : {
  "took" : 93,
  "errors" :  ...
69: 179001 adresses traitées
69: 180001 adresses traitées
adresse : bulk pour les ids de 12993183 à 12994182
bulk : {
  "took" : 95,
  "errors" :  ...
69: 181001 adresses traitées
adresse : bulk pour les ids de 12994183 à 12995182
bulk : {
  "took" : 68,
  "errors" :  ...
69: 182001 adresses traitées
adresse : bulk pour les ids de 12995183 à 12996182
bulk : {
  "took" : 86,
  "errors" :  ...
69: 183001 adresses traitées
adresse : bulk pour les ids de 12996183 à 12997182
bulk : {
  "took" : 80,
  "errors" :  ...
69: 184001 adresses traitées
adresse : bulk pour les ids de 12997183 à 12998182
bulk : {
  "took" : 84,
  "errors" :  ...
69: 185001 adresses traitées
adresse : bulk pour les ids de 12998183 à 12999182
bulk : {
  "took" : 84,
  "errors" :  ...
69: 186001 adresses traitées
adresse : bulk pour les ids de 12999183 à 13000182
bulk : {
  "took" : 95,
  "errors" :  ...
69: 187001 adresses traitées
adresse : bulk pour les ids de 13000183 à 13001182
bulk : {
  "took" : 66,
  "errors" :  ...
69: 188001 adresses traitées
adresse : bulk pour les ids de 13001183 à 13002182
bulk : {
  "took" : 99,
  "errors" :  ...
69: 189001 adresses traitées
adresse : bulk pour les ids de 13002183 à 13003182
bulk : {
  "took" : 67,
  "errors" :  ...
69: 190001 adresses traitées
adresse : bulk pour les ids de 13003183 à 13004182
bulk : {
  "took" : 75,
  "errors" :  ...
69: 191001 adresses traitées
adresse : bulk pour les ids de 13004183 à 13005182
bulk : {
  "took" : 90,
  "errors" :  ...
69: 192001 adresses traitées
adresse : bulk pour les ids de 13005183 à 13006182
bulk : {
  "took" : 75,
  "errors" :  ...
69: 193001 adresses traitées
adresse : bulk pour les ids de 13006183 à 13007182
bulk : {
  "took" : 80,
  "errors" :  ...
69: 194001 adresses traitées
adresse : bulk pour les ids de 13007183 à 13008182
bulk : {
  "took" : 87,
  "errors" :  ...
69: 195001 adresses traitées
69: 196001 adresses traitées
adresse : bulk pour les ids de 13008183 à 13009182
bulk : {
  "took" : 67,
  "errors" :  ...
69: 197001 adresses traitées
adresse : bulk pour les ids de 13009183 à 13010182
bulk : {
  "took" : 91,
  "errors" :  ...
69: 198001 adresses traitées
adresse : bulk pour les ids de 13010183 à 13011182
bulk : {
  "took" : 86,
  "errors" :  ...
69: 199001 adresses traitées
adresse : bulk pour les ids de 13011183 à 13012182
bulk : {
  "took" : 74,
  "errors" :  ...
69: 200001 adresses traitées
adresse : bulk pour les ids de 13012183 à 13013182
bulk : {
  "took" : 80,
  "errors" :  ...
69: 201001 adresses traitées
adresse : bulk pour les ids de 13013183 à 13014182
bulk : {
  "took" : 88,
  "errors" :  ...
69: 202001 adresses traitées
adresse : bulk pour les ids de 13014183 à 13015182
bulk : {
  "took" : 84,
  "errors" :  ...
69: 203001 adresses traitées
adresse : bulk pour les ids de 13015183 à 13016182
bulk : {
  "took" : 86,
  "errors" :  ...
69: 204001 adresses traitées
adresse : bulk pour les ids de 13016183 à 13017182
bulk : {
  "took" : 76,
  "errors" :  ...
69: 205001 adresses traitées
adresse : bulk pour les ids de 13017183 à 13018182
bulk : {
  "took" : 77,
  "errors" :  ...
69: 206001 adresses traitées
adresse : bulk pour les ids de 13018183 à 13019182
bulk : {
  "took" : 91,
  "errors" :  ...
69: 207001 adresses traitées
adresse : bulk pour les ids de 13019183 à 13020182
bulk : {
  "took" : 66,
  "errors" :  ...
69: 208001 adresses traitées
69: 209001 adresses traitées
adresse : bulk pour les ids de 13020183 à 13021182
bulk : {
  "took" : 90,
  "errors" :  ...
69: 210001 adresses traitées
adresse : bulk pour les ids de 13021183 à 13022182
bulk : {
  "took" : 65,
  "errors" :  ...
69: 211001 adresses traitées
adresse : bulk pour les ids de 13022183 à 13023182
bulk : {
  "took" : 92,
  "errors" :  ...
69: 212001 adresses traitées
adresse : bulk pour les ids de 13023183 à 13024182
bulk : {
  "took" : 78,
  "errors" :  ...
69: 213001 adresses traitées
adresse : bulk pour les ids de 13024183 à 13025182
bulk : {
  "took" : 79,
  "errors" :  ...
69: 214001 adresses traitées
adresse : bulk pour les ids de 13025183 à 13026182
bulk : {
  "took" : 82,
  "errors" :  ...
69: 215001 adresses traitées
adresse : bulk pour les ids de 13026183 à 13027182
bulk : {
  "took" : 74,
  "errors" :  ...
69: 216001 adresses traitées
adresse : bulk pour les ids de 13027183 à 13028182
bulk : {
  "took" : 66,
  "errors" :  ...
69: 217001 adresses traitées
adresse : bulk pour les ids de 13028183 à 13029182
bulk : {
  "took" : 95,
  "errors" :  ...
69: 218001 adresses traitées
adresse : bulk pour les ids de 13029183 à 13030182
bulk : {
  "took" : 83,
  "errors" :  ...
69: 219001 adresses traitées
adresse : bulk pour les ids de 13030183 à 13031182
bulk : {
  "took" : 96,
  "errors" :  ...
69: 220001 adresses traitées
adresse : bulk pour les ids de 13031183 à 13032182
bulk : {
  "took" : 67,
  "errors" :  ...
69: 221001 adresses traitées
adresse : bulk pour les ids de 13032183 à 13033182
bulk : {
  "took" : 95,
  "errors" :  ...
69: 222001 adresses traitées
69: 223001 adresses traitées
adresse : bulk pour les ids de 13033183 à 13034182
bulk : {
  "took" : 68,
  "errors" :  ...
69: 224001 adresses traitées
adresse : bulk pour les ids de 13034183 à 13035182
bulk : {
  "took" : 100,
  "errors" : ...
69: 225001 adresses traitées
adresse : bulk pour les ids de 13035183 à 13036182
bulk : {
  "took" : 81,
  "errors" :  ...
69: 226001 adresses traitées
adresse : bulk pour les ids de 13036183 à 13037182
bulk : {
  "took" : 83,
  "errors" :  ...
69: 227001 adresses traitées
adresse : bulk pour les ids de 13037183 à 13038182
bulk : {
  "took" : 89,
  "errors" :  ...
69: 228001 adresses traitées
adresse : bulk pour les ids de 13038183 à 13039182
bulk : {
  "took" : 95,
  "errors" :  ...
69: 229001 adresses traitées
adresse : bulk pour les ids de 13039183 à 13040182
bulk : {
  "took" : 67,
  "errors" :  ...
69: 230001 adresses traitées
69: 231001 adresses traitées
adresse : bulk pour les ids de 13040183 à 13041182
bulk : {
  "took" : 97,
  "errors" :  ...
69: 232001 adresses traitées
adresse : bulk pour les ids de 13041183 à 13042182
bulk : {
  "took" : 68,
  "errors" :  ...
69: 233001 adresses traitées
adresse : bulk pour les ids de 13042183 à 13043182
bulk : {
  "took" : 99,
  "errors" :  ...
69: 234001 adresses traitées
adresse : bulk pour les ids de 13043183 à 13044182
bulk : {
  "took" : 78,
  "errors" :  ...
69: 235001 adresses traitées
adresse : bulk pour les ids de 13044183 à 13045182
bulk : {
  "took" : 81,
  "errors" :  ...
69: 236001 adresses traitées
adresse : bulk pour les ids de 13045183 à 13046182
bulk : {
  "took" : 81,
  "errors" :  ...
69: 237001 adresses traitées
adresse : bulk pour les ids de 13046183 à 13047182
bulk : {
  "took" : 94,
  "errors" :  ...
69: 238001 adresses traitées
adresse : bulk pour les ids de 13047183 à 13048182
bulk : {
  "took" : 67,
  "errors" :  ...
69: 239001 adresses traitées
69: 240001 adresses traitées
adresse : bulk pour les ids de 13048183 à 13049182
bulk : {
  "took" : 93,
  "errors" :  ...
69: 241001 adresses traitées
adresse : bulk pour les ids de 13049183 à 13050182
bulk : {
  "took" : 78,
  "errors" :  ...
69: 242001 adresses traitées
adresse : bulk pour les ids de 13050183 à 13051182
bulk : {
  "took" : 80,
  "errors" :  ...
69: 243001 adresses traitées
adresse : bulk pour les ids de 13051183 à 13052182
bulk : {
  "took" : 82,
  "errors" :  ...
69: 244001 adresses traitées
adresse : bulk pour les ids de 13052183 à 13053182
bulk : {
  "took" : 80,
  "errors" :  ...
69: 245001 adresses traitées
adresse : bulk pour les ids de 13053183 à 13054182
bulk : {
  "took" : 76,
  "errors" :  ...
69: 246001 adresses traitées
adresse : bulk pour les ids de 13054183 à 13055182
bulk : {
  "took" : 82,
  "errors" :  ...
69: 247001 adresses traitées
adresse : bulk pour les ids de 13055183 à 13056182
bulk : {
  "took" : 65,
  "errors" :  ...
69: 248001 adresses traitées
69: 249001 adresses traitées
adresse : bulk pour les ids de 13056183 à 13057182
bulk : {
  "took" : 87,
  "errors" :  ...
69: 250001 adresses traitées
adresse : bulk pour les ids de 13057183 à 13058182
bulk : {
  "took" : 66,
  "errors" :  ...
69: 251001 adresses traitées
adresse : bulk pour les ids de 13058183 à 13059182
bulk : {
  "took" : 84,
  "errors" :  ...
69: 252001 adresses traitées
adresse : bulk pour les ids de 13059183 à 13060182
bulk : {
  "took" : 80,
  "errors" :  ...
69: 253001 adresses traitées
adresse : bulk pour les ids de 13060183 à 13061182
bulk : {
  "took" : 76,
  "errors" :  ...
69: 254001 adresses traitées
adresse : bulk pour les ids de 13061183 à 13062182
bulk : {
  "took" : 87,
  "errors" :  ...
69: 255001 adresses traitées
adresse : bulk pour les ids de 13062183 à 13063182
bulk : {
  "took" : 85,
  "errors" :  ...
69: 256001 adresses traitées
69: 257001 adresses traitées
adresse : bulk pour les ids de 13063183 à 13064182
bulk : {
  "took" : 83,
  "errors" :  ...
69: 258001 adresses traitées
adresse : bulk pour les ids de 13064183 à 13065182
bulk : {
  "took" : 66,
  "errors" :  ...
69: 259001 adresses traitées
adresse : bulk pour les ids de 13065183 à 13066182
bulk : {
  "took" : 96,
  "errors" :  ...
69: 260001 adresses traitées
adresse : bulk pour les ids de 13066183 à 13067182
bulk : {
  "took" : 81,
  "errors" :  ...
69: 261001 adresses traitées
adresse : bulk pour les ids de 13067183 à 13068182
bulk : {
  "took" : 84,
  "errors" :  ...
69: 262001 adresses traitées
adresse : bulk pour les ids de 13068183 à 13069182
bulk : {
  "took" : 85,
  "errors" :  ...
69: 263001 adresses traitées
adresse : bulk pour les ids de 13069183 à 13070182
bulk : {
  "took" : 76,
  "errors" :  ...
69: 264001 adresses traitées
adresse : bulk pour les ids de 13070183 à 13071182
bulk : {
  "took" : 85,
  "errors" :  ...
69: 265001 adresses traitées
adresse : bulk pour les ids de 13071183 à 13072182
bulk : {
  "took" : 81,
  "errors" :  ...
69: 266001 adresses traitées
adresse : bulk pour les ids de 13072183 à 13073182
bulk : {
  "took" : 83,
  "errors" :  ...
69: 267001 adresses traitées
adresse : bulk pour les ids de 13073183 à 13074182
bulk : {
  "took" : 82,
  "errors" :  ...
69: 268001 adresses traitées
adresse : bulk pour les ids de 13074183 à 13075182
bulk : {
  "took" : 84,
  "errors" :  ...
69: 269001 adresses traitées
adresse : bulk pour les ids de 13075183 à 13076182
bulk : {
  "took" : 67,
  "errors" :  ...
adresse : bulk pour les ids de 13076183 à 13076650
bulk : {
  "took" : 61,
  "errors" :  ...
dpt 70 : voies
70: 1 voies traitées
voie : bulk pour les ids de 942682 à 942881
bulk : {
  "took" : 12,
  "errors" :  ...
70: 201 voies traitées
voie : bulk pour les ids de 942882 à 943081
bulk : {
  "took" : 12,
  "errors" :  ...
70: 401 voies traitées
voie : bulk pour les ids de 943082 à 943281
bulk : {
  "took" : 12,
  "errors" :  ...
70: 601 voies traitées
voie : bulk pour les ids de 943282 à 943481
bulk : {
  "took" : 12,
  "errors" :  ...
70: 801 voies traitées
voie : bulk pour les ids de 943482 à 943681
bulk : {
  "took" : 12,
  "errors" :  ...
70: 1001 voies traitées
voie : bulk pour les ids de 943682 à 943881
bulk : {
  "took" : 11,
  "errors" :  ...
70: 1201 voies traitées
voie : bulk pour les ids de 943882 à 944081
bulk : {
  "took" : 12,
  "errors" :  ...
70: 1401 voies traitées
voie : bulk pour les ids de 944082 à 944281
bulk : {
  "took" : 29,
  "errors" :  ...
70: 1601 voies traitées
voie : bulk pour les ids de 944282 à 944481
bulk : {
  "took" : 12,
  "errors" :  ...
70: 1801 voies traitées
voie : bulk pour les ids de 944482 à 944681
bulk : {
  "took" : 12,
  "errors" :  ...
70: 2001 voies traitées
voie : bulk pour les ids de 944682 à 944881
bulk : {
  "took" : 12,
  "errors" :  ...
70: 2201 voies traitées
voie : bulk pour les ids de 944882 à 945081
bulk : {
  "took" : 12,
  "errors" :  ...
70: 2401 voies traitées
voie : bulk pour les ids de 945082 à 945281
bulk : {
  "took" : 12,
  "errors" :  ...
70: 2601 voies traitées
voie : bulk pour les ids de 945282 à 945481
bulk : {
  "took" : 11,
  "errors" :  ...
70: 2801 voies traitées
voie : bulk pour les ids de 945482 à 945681
bulk : {
  "took" : 12,
  "errors" :  ...
70: 3001 voies traitées
voie : bulk pour les ids de 945682 à 945881
bulk : {
  "took" : 12,
  "errors" :  ...
70: 3201 voies traitées
voie : bulk pour les ids de 945882 à 946081
bulk : {
  "took" : 11,
  "errors" :  ...
70: 3401 voies traitées
voie : bulk pour les ids de 946082 à 946281
bulk : {
  "took" : 12,
  "errors" :  ...
70: 3601 voies traitées
voie : bulk pour les ids de 946282 à 946481
bulk : {
  "took" : 46,
  "errors" :  ...
70: 3801 voies traitées
voie : bulk pour les ids de 946482 à 946681
bulk : {
  "took" : 15,
  "errors" :  ...
70: 4001 voies traitées
voie : bulk pour les ids de 946682 à 946881
bulk : {
  "took" : 12,
  "errors" :  ...
70: 4201 voies traitées
voie : bulk pour les ids de 946882 à 947081
bulk : {
  "took" : 12,
  "errors" :  ...
70: 4401 voies traitées
voie : bulk pour les ids de 947082 à 947281
bulk : {
  "took" : 12,
  "errors" :  ...
70: 4601 voies traitées
voie : bulk pour les ids de 947282 à 947481
bulk : {
  "took" : 11,
  "errors" :  ...
70: 4801 voies traitées
voie : bulk pour les ids de 947482 à 947681
bulk : {
  "took" : 12,
  "errors" :  ...
70: 5001 voies traitées
voie : bulk pour les ids de 947682 à 947881
bulk : {
  "took" : 17,
  "errors" :  ...
70: 5201 voies traitées
voie : bulk pour les ids de 947882 à 948081
bulk : {
  "took" : 12,
  "errors" :  ...
70: 5401 voies traitées
voie : bulk pour les ids de 948082 à 948281
bulk : {
  "took" : 31,
  "errors" :  ...
70: 5601 voies traitées
voie : bulk pour les ids de 948282 à 948481
bulk : {
  "took" : 12,
  "errors" :  ...
70: 5801 voies traitées
voie : bulk pour les ids de 948482 à 948681
bulk : {
  "took" : 12,
  "errors" :  ...
70: 6001 voies traitées
voie : bulk pour les ids de 948682 à 948881
bulk : {
  "took" : 12,
  "errors" :  ...
70: 6201 voies traitées
voie : bulk pour les ids de 948882 à 949081
bulk : {
  "took" : 13,
  "errors" :  ...
70: 6401 voies traitées
voie : bulk pour les ids de 949082 à 949281
bulk : {
  "took" : 12,
  "errors" :  ...
70: 6601 voies traitées
voie : bulk pour les ids de 949282 à 949481
bulk : {
  "took" : 12,
  "errors" :  ...
70: 6801 voies traitées
voie : bulk pour les ids de 949482 à 949681
bulk : {
  "took" : 11,
  "errors" :  ...
70: 7001 voies traitées
voie : bulk pour les ids de 949682 à 949881
bulk : {
  "took" : 12,
  "errors" :  ...
70: 7201 voies traitées
voie : bulk pour les ids de 949882 à 950081
bulk : {
  "took" : 16,
  "errors" :  ...
70: 7401 voies traitées
voie : bulk pour les ids de 950082 à 950281
bulk : {
  "took" : 12,
  "errors" :  ...
70: 7601 voies traitées
voie : bulk pour les ids de 950282 à 950481
bulk : {
  "took" : 11,
  "errors" :  ...
70: 7801 voies traitées
voie : bulk pour les ids de 950482 à 950681
bulk : {
  "took" : 12,
  "errors" :  ...
70: 8001 voies traitées
voie : bulk pour les ids de 950682 à 950881
bulk : {
  "took" : 12,
  "errors" :  ...
70: 8201 voies traitées
voie : bulk pour les ids de 950882 à 951081
bulk : {
  "took" : 29,
  "errors" :  ...
70: 8401 voies traitées
voie : bulk pour les ids de 951082 à 951281
bulk : {
  "took" : 11,
  "errors" :  ...
70: 8601 voies traitées
voie : bulk pour les ids de 951282 à 951481
bulk : {
  "took" : 12,
  "errors" :  ...
70: 8801 voies traitées
voie : bulk pour les ids de 951482 à 951681
bulk : {
  "took" : 11,
  "errors" :  ...
70: 9001 voies traitées
voie : bulk pour les ids de 951682 à 951881
bulk : {
  "took" : 12,
  "errors" :  ...
70: 9201 voies traitées
voie : bulk pour les ids de 951882 à 952081
bulk : {
  "took" : 12,
  "errors" :  ...
70: 9401 voies traitées
voie : bulk pour les ids de 952082 à 952281
bulk : {
  "took" : 12,
  "errors" :  ...
70: 9601 voies traitées
voie : bulk pour les ids de 952282 à 952423
bulk : {
  "took" : 9,
  "errors" : f ...
dpt 70 : adresses
70: 1 adresses traitées
70: 1001 adresses traitées
adresse : bulk pour les ids de 13076651 à 13077650
bulk : {
  "took" : 85,
  "errors" :  ...
70: 2001 adresses traitées
adresse : bulk pour les ids de 13077651 à 13078650
bulk : {
  "took" : 69,
  "errors" :  ...
70: 3001 adresses traitées
adresse : bulk pour les ids de 13078651 à 13079650
bulk : {
  "took" : 82,
  "errors" :  ...
70: 4001 adresses traitées
adresse : bulk pour les ids de 13079651 à 13080650
bulk : {
  "took" : 67,
  "errors" :  ...
70: 5001 adresses traitées
adresse : bulk pour les ids de 13080651 à 13081650
bulk : {
  "took" : 81,
  "errors" :  ...
70: 6001 adresses traitées
adresse : bulk pour les ids de 13081651 à 13082650
bulk : {
  "took" : 66,
  "errors" :  ...
70: 7001 adresses traitées
adresse : bulk pour les ids de 13082651 à 13083650
bulk : {
  "took" : 87,
  "errors" :  ...
70: 8001 adresses traitées
adresse : bulk pour les ids de 13083651 à 13084650
bulk : {
  "took" : 69,
  "errors" :  ...
70: 9001 adresses traitées
adresse : bulk pour les ids de 13084651 à 13085650
bulk : {
  "took" : 86,
  "errors" :  ...
70: 10001 adresses traitées
adresse : bulk pour les ids de 13085651 à 13086650
bulk : {
  "took" : 67,
  "errors" :  ...
70: 11001 adresses traitées
adresse : bulk pour les ids de 13086651 à 13087650
bulk : {
  "took" : 82,
  "errors" :  ...
70: 12001 adresses traitées
adresse : bulk pour les ids de 13087651 à 13088650
bulk : {
  "took" : 67,
  "errors" :  ...
70: 13001 adresses traitées
adresse : bulk pour les ids de 13088651 à 13089650
bulk : {
  "took" : 88,
  "errors" :  ...
70: 14001 adresses traitées
adresse : bulk pour les ids de 13089651 à 13090650
bulk : {
  "took" : 70,
  "errors" :  ...
70: 15001 adresses traitées
adresse : bulk pour les ids de 13090651 à 13091650
bulk : {
  "took" : 87,
  "errors" :  ...
70: 16001 adresses traitées
adresse : bulk pour les ids de 13091651 à 13092650
bulk : {
  "took" : 87,
  "errors" :  ...
70: 17001 adresses traitées
adresse : bulk pour les ids de 13092651 à 13093650
bulk : {
  "took" : 70,
  "errors" :  ...
70: 18001 adresses traitées
adresse : bulk pour les ids de 13093651 à 13094650
bulk : {
  "took" : 87,
  "errors" :  ...
70: 19001 adresses traitées
adresse : bulk pour les ids de 13094651 à 13095650
bulk : {
  "took" : 75,
  "errors" :  ...
70: 20001 adresses traitées
adresse : bulk pour les ids de 13095651 à 13096650
bulk : {
  "took" : 86,
  "errors" :  ...
70: 21001 adresses traitées
adresse : bulk pour les ids de 13096651 à 13097650
bulk : {
  "took" : 73,
  "errors" :  ...
70: 22001 adresses traitées
adresse : bulk pour les ids de 13097651 à 13098650
bulk : {
  "took" : 89,
  "errors" :  ...
70: 23001 adresses traitées
adresse : bulk pour les ids de 13098651 à 13099650
bulk : {
  "took" : 71,
  "errors" :  ...
70: 24001 adresses traitées
adresse : bulk pour les ids de 13099651 à 13100650
bulk : {
  "took" : 83,
  "errors" :  ...
70: 25001 adresses traitées
adresse : bulk pour les ids de 13100651 à 13101650
bulk : {
  "took" : 70,
  "errors" :  ...
70: 26001 adresses traitées
adresse : bulk pour les ids de 13101651 à 13102650
bulk : {
  "took" : 88,
  "errors" :  ...
70: 27001 adresses traitées
70: 28001 adresses traitées
adresse : bulk pour les ids de 13102651 à 13103650
bulk : {
  "took" : 75,
  "errors" :  ...
70: 29001 adresses traitées
adresse : bulk pour les ids de 13103651 à 13104650
bulk : {
  "took" : 94,
  "errors" :  ...
70: 30001 adresses traitées
adresse : bulk pour les ids de 13104651 à 13105650
bulk : {
  "took" : 71,
  "errors" :  ...
70: 31001 adresses traitées
adresse : bulk pour les ids de 13105651 à 13106650
bulk : {
  "took" : 100,
  "errors" : ...
70: 32001 adresses traitées
adresse : bulk pour les ids de 13106651 à 13107650
bulk : {
  "took" : 77,
  "errors" :  ...
70: 33001 adresses traitées
adresse : bulk pour les ids de 13107651 à 13108650
bulk : {
  "took" : 91,
  "errors" :  ...
70: 34001 adresses traitées
adresse : bulk pour les ids de 13108651 à 13109650
bulk : {
  "took" : 70,
  "errors" :  ...
70: 35001 adresses traitées
adresse : bulk pour les ids de 13109651 à 13110650
bulk : {
  "took" : 89,
  "errors" :  ...
70: 36001 adresses traitées
adresse : bulk pour les ids de 13110651 à 13111650
bulk : {
  "took" : 70,
  "errors" :  ...
70: 37001 adresses traitées
adresse : bulk pour les ids de 13111651 à 13112650
bulk : {
  "took" : 84,
  "errors" :  ...
70: 38001 adresses traitées
adresse : bulk pour les ids de 13112651 à 13113650
bulk : {
  "took" : 69,
  "errors" :  ...
70: 39001 adresses traitées
adresse : bulk pour les ids de 13113651 à 13114650
bulk : {
  "took" : 94,
  "errors" :  ...
70: 40001 adresses traitées
adresse : bulk pour les ids de 13114651 à 13115650
bulk : {
  "took" : 71,
  "errors" :  ...
70: 41001 adresses traitées
adresse : bulk pour les ids de 13115651 à 13116650
bulk : {
  "took" : 94,
  "errors" :  ...
70: 42001 adresses traitées
adresse : bulk pour les ids de 13116651 à 13117650
bulk : {
  "took" : 74,
  "errors" :  ...
70: 43001 adresses traitées
adresse : bulk pour les ids de 13117651 à 13118650
bulk : {
  "took" : 88,
  "errors" :  ...
70: 44001 adresses traitées
adresse : bulk pour les ids de 13118651 à 13119650
bulk : {
  "took" : 71,
  "errors" :  ...
70: 45001 adresses traitées
adresse : bulk pour les ids de 13119651 à 13120650
bulk : {
  "took" : 73,
  "errors" :  ...
70: 46001 adresses traitées
adresse : bulk pour les ids de 13120651 à 13121650
bulk : {
  "took" : 89,
  "errors" :  ...
70: 47001 adresses traitées
adresse : bulk pour les ids de 13121651 à 13122650
bulk : {
  "took" : 71,
  "errors" :  ...
70: 48001 adresses traitées
adresse : bulk pour les ids de 13122651 à 13123650
bulk : {
  "took" : 96,
  "errors" :  ...
70: 49001 adresses traitées
adresse : bulk pour les ids de 13123651 à 13124650
bulk : {
  "took" : 71,
  "errors" :  ...
70: 50001 adresses traitées
adresse : bulk pour les ids de 13124651 à 13125650
bulk : {
  "took" : 93,
  "errors" :  ...
70: 51001 adresses traitées
adresse : bulk pour les ids de 13125651 à 13126650
bulk : {
  "took" : 73,
  "errors" :  ...
70: 52001 adresses traitées
adresse : bulk pour les ids de 13126651 à 13127650
bulk : {
  "took" : 85,
  "errors" :  ...
70: 53001 adresses traitées
adresse : bulk pour les ids de 13127651 à 13128650
bulk : {
  "took" : 72,
  "errors" :  ...
70: 54001 adresses traitées
adresse : bulk pour les ids de 13128651 à 13129650
bulk : {
  "took" : 89,
  "errors" :  ...
70: 55001 adresses traitées
adresse : bulk pour les ids de 13129651 à 13130650
bulk : {
  "took" : 70,
  "errors" :  ...
70: 56001 adresses traitées
70: 57001 adresses traitées
adresse : bulk pour les ids de 13130651 à 13131650
bulk : {
  "took" : 95,
  "errors" :  ...
70: 58001 adresses traitées
adresse : bulk pour les ids de 13131651 à 13132650
bulk : {
  "took" : 70,
  "errors" :  ...
70: 59001 adresses traitées
adresse : bulk pour les ids de 13132651 à 13133650
bulk : {
  "took" : 87,
  "errors" :  ...
70: 60001 adresses traitées
adresse : bulk pour les ids de 13133651 à 13134650
bulk : {
  "took" : 72,
  "errors" :  ...
70: 61001 adresses traitées
adresse : bulk pour les ids de 13134651 à 13135650
bulk : {
  "took" : 86,
  "errors" :  ...
70: 62001 adresses traitées
adresse : bulk pour les ids de 13135651 à 13136650
bulk : {
  "took" : 71,
  "errors" :  ...
70: 63001 adresses traitées
adresse : bulk pour les ids de 13136651 à 13137650
bulk : {
  "took" : 92,
  "errors" :  ...
70: 64001 adresses traitées
adresse : bulk pour les ids de 13137651 à 13138650
bulk : {
  "took" : 74,
  "errors" :  ...
70: 65001 adresses traitées
adresse : bulk pour les ids de 13138651 à 13139650
bulk : {
  "took" : 88,
  "errors" :  ...
70: 66001 adresses traitées
adresse : bulk pour les ids de 13139651 à 13140650
bulk : {
  "took" : 72,
  "errors" :  ...
70: 67001 adresses traitées
adresse : bulk pour les ids de 13140651 à 13141650
bulk : {
  "took" : 88,
  "errors" :  ...
70: 68001 adresses traitées
adresse : bulk pour les ids de 13141651 à 13142650
bulk : {
  "took" : 70,
  "errors" :  ...
70: 69001 adresses traitées
adresse : bulk pour les ids de 13142651 à 13143650
bulk : {
  "took" : 86,
  "errors" :  ...
70: 70001 adresses traitées
adresse : bulk pour les ids de 13143651 à 13144650
bulk : {
  "took" : 72,
  "errors" :  ...
70: 71001 adresses traitées
adresse : bulk pour les ids de 13144651 à 13145650
bulk : {
  "took" : 85,
  "errors" :  ...
70: 72001 adresses traitées
adresse : bulk pour les ids de 13145651 à 13146650
bulk : {
  "took" : 74,
  "errors" :  ...
70: 73001 adresses traitées
adresse : bulk pour les ids de 13146651 à 13147650
bulk : {
  "took" : 85,
  "errors" :  ...
70: 74001 adresses traitées
70: 75001 adresses traitées
adresse : bulk pour les ids de 13147651 à 13148650
bulk : {
  "took" : 73,
  "errors" :  ...
70: 76001 adresses traitées
adresse : bulk pour les ids de 13148651 à 13149650
bulk : {
  "took" : 72,
  "errors" :  ...
70: 77001 adresses traitées
adresse : bulk pour les ids de 13149651 à 13150650
bulk : {
  "took" : 84,
  "errors" :  ...
70: 78001 adresses traitées
adresse : bulk pour les ids de 13150651 à 13151650
bulk : {
  "took" : 73,
  "errors" :  ...
70: 79001 adresses traitées
adresse : bulk pour les ids de 13151651 à 13152650
bulk : {
  "took" : 92,
  "errors" :  ...
70: 80001 adresses traitées
adresse : bulk pour les ids de 13152651 à 13153650
bulk : {
  "took" : 74,
  "errors" :  ...
70: 81001 adresses traitées
adresse : bulk pour les ids de 13153651 à 13154650
bulk : {
  "took" : 88,
  "errors" :  ...
70: 82001 adresses traitées
adresse : bulk pour les ids de 13154651 à 13155650
bulk : {
  "took" : 74,
  "errors" :  ...
70: 83001 adresses traitées
adresse : bulk pour les ids de 13155651 à 13156650
bulk : {
  "took" : 89,
  "errors" :  ...
70: 84001 adresses traitées
adresse : bulk pour les ids de 13156651 à 13157650
bulk : {
  "took" : 72,
  "errors" :  ...
70: 85001 adresses traitées
adresse : bulk pour les ids de 13157651 à 13158650
bulk : {
  "took" : 96,
  "errors" :  ...
70: 86001 adresses traitées
adresse : bulk pour les ids de 13158651 à 13159650
bulk : {
  "took" : 70,
  "errors" :  ...
70: 87001 adresses traitées
adresse : bulk pour les ids de 13159651 à 13160650
bulk : {
  "took" : 85,
  "errors" :  ...
70: 88001 adresses traitées
adresse : bulk pour les ids de 13160651 à 13161650
bulk : {
  "took" : 72,
  "errors" :  ...
70: 89001 adresses traitées
70: 90001 adresses traitées
adresse : bulk pour les ids de 13161651 à 13162650
bulk : {
  "took" : 87,
  "errors" :  ...
70: 91001 adresses traitées
adresse : bulk pour les ids de 13162651 à 13163650
bulk : {
  "took" : 70,
  "errors" :  ...
70: 92001 adresses traitées
adresse : bulk pour les ids de 13163651 à 13164650
bulk : {
  "took" : 93,
  "errors" :  ...
70: 93001 adresses traitées
adresse : bulk pour les ids de 13164651 à 13165650
bulk : {
  "took" : 73,
  "errors" :  ...
70: 94001 adresses traitées
adresse : bulk pour les ids de 13165651 à 13166650
bulk : {
  "took" : 88,
  "errors" :  ...
70: 95001 adresses traitées
adresse : bulk pour les ids de 13166651 à 13167650
bulk : {
  "took" : 72,
  "errors" :  ...
70: 96001 adresses traitées
adresse : bulk pour les ids de 13167651 à 13168650
bulk : {
  "took" : 92,
  "errors" :  ...
70: 97001 adresses traitées
70: 98001 adresses traitées
adresse : bulk pour les ids de 13168651 à 13169650
bulk : {
  "took" : 72,
  "errors" :  ...
70: 99001 adresses traitées
adresse : bulk pour les ids de 13169651 à 13170650
bulk : {
  "took" : 89,
  "errors" :  ...
70: 100001 adresses traitées
adresse : bulk pour les ids de 13170651 à 13171650
bulk : {
  "took" : 73,
  "errors" :  ...
70: 101001 adresses traitées
adresse : bulk pour les ids de 13171651 à 13172650
bulk : {
  "took" : 90,
  "errors" :  ...
70: 102001 adresses traitées
adresse : bulk pour les ids de 13172651 à 13173650
bulk : {
  "took" : 75,
  "errors" :  ...
70: 103001 adresses traitées
adresse : bulk pour les ids de 13173651 à 13174650
bulk : {
  "took" : 88,
  "errors" :  ...
70: 104001 adresses traitées
adresse : bulk pour les ids de 13174651 à 13175650
bulk : {
  "took" : 72,
  "errors" :  ...
70: 105001 adresses traitées
adresse : bulk pour les ids de 13175651 à 13176650
bulk : {
  "took" : 91,
  "errors" :  ...
70: 106001 adresses traitées
adresse : bulk pour les ids de 13176651 à 13177650
bulk : {
  "took" : 75,
  "errors" :  ...
70: 107001 adresses traitées
adresse : bulk pour les ids de 13177651 à 13178194
bulk : {
  "took" : 60,
  "errors" :  ...
dpt 71 : voies
71: 1 voies traitées
voie : bulk pour les ids de 952424 à 952623
bulk : {
  "took" : 12,
  "errors" :  ...
71: 201 voies traitées
voie : bulk pour les ids de 952624 à 952823
bulk : {
  "took" : 11,
  "errors" :  ...
71: 401 voies traitées
voie : bulk pour les ids de 952824 à 953023
bulk : {
  "took" : 12,
  "errors" :  ...
71: 601 voies traitées
voie : bulk pour les ids de 953024 à 953223
bulk : {
  "took" : 12,
  "errors" :  ...
71: 801 voies traitées
voie : bulk pour les ids de 953224 à 953423
bulk : {
  "took" : 12,
  "errors" :  ...
71: 1001 voies traitées
voie : bulk pour les ids de 953424 à 953623
bulk : {
  "took" : 15,
  "errors" :  ...
71: 1201 voies traitées
voie : bulk pour les ids de 953624 à 953823
bulk : {
  "took" : 39,
  "errors" :  ...
71: 1401 voies traitées
voie : bulk pour les ids de 953824 à 954023
bulk : {
  "took" : 11,
  "errors" :  ...
71: 1601 voies traitées
voie : bulk pour les ids de 954024 à 954223
bulk : {
  "took" : 12,
  "errors" :  ...
71: 1801 voies traitées
voie : bulk pour les ids de 954224 à 954423
bulk : {
  "took" : 11,
  "errors" :  ...
71: 2001 voies traitées
voie : bulk pour les ids de 954424 à 954623
bulk : {
  "took" : 12,
  "errors" :  ...
71: 2201 voies traitées
voie : bulk pour les ids de 954624 à 954823
bulk : {
  "took" : 12,
  "errors" :  ...
71: 2401 voies traitées
voie : bulk pour les ids de 954824 à 955023
bulk : {
  "took" : 12,
  "errors" :  ...
71: 2601 voies traitées
voie : bulk pour les ids de 955024 à 955223
bulk : {
  "took" : 12,
  "errors" :  ...
71: 2801 voies traitées
voie : bulk pour les ids de 955224 à 955423
bulk : {
  "took" : 12,
  "errors" :  ...
71: 3001 voies traitées
voie : bulk pour les ids de 955424 à 955623
bulk : {
  "took" : 12,
  "errors" :  ...
71: 3201 voies traitées
voie : bulk pour les ids de 955624 à 955823
bulk : {
  "took" : 12,
  "errors" :  ...
71: 3401 voies traitées
voie : bulk pour les ids de 955824 à 956023
bulk : {
  "took" : 11,
  "errors" :  ...
71: 3601 voies traitées
voie : bulk pour les ids de 956024 à 956223
bulk : {
  "took" : 12,
  "errors" :  ...
71: 3801 voies traitées
voie : bulk pour les ids de 956224 à 956423
bulk : {
  "took" : 11,
  "errors" :  ...
71: 4001 voies traitées
voie : bulk pour les ids de 956424 à 956623
bulk : {
  "took" : 11,
  "errors" :  ...
71: 4201 voies traitées
voie : bulk pour les ids de 956624 à 956823
bulk : {
  "took" : 12,
  "errors" :  ...
71: 4401 voies traitées
voie : bulk pour les ids de 956824 à 957023
bulk : {
  "took" : 29,
  "errors" :  ...
71: 4601 voies traitées
voie : bulk pour les ids de 957024 à 957223
bulk : {
  "took" : 11,
  "errors" :  ...
71: 4801 voies traitées
voie : bulk pour les ids de 957224 à 957423
bulk : {
  "took" : 16,
  "errors" :  ...
71: 5001 voies traitées
voie : bulk pour les ids de 957424 à 957623
bulk : {
  "took" : 21,
  "errors" :  ...
71: 5201 voies traitées
voie : bulk pour les ids de 957624 à 957823
bulk : {
  "took" : 12,
  "errors" :  ...
71: 5401 voies traitées
voie : bulk pour les ids de 957824 à 958023
bulk : {
  "took" : 11,
  "errors" :  ...
71: 5601 voies traitées
voie : bulk pour les ids de 958024 à 958223
bulk : {
  "took" : 11,
  "errors" :  ...
71: 5801 voies traitées
voie : bulk pour les ids de 958224 à 958423
bulk : {
  "took" : 12,
  "errors" :  ...
71: 6001 voies traitées
voie : bulk pour les ids de 958424 à 958623
bulk : {
  "took" : 11,
  "errors" :  ...
71: 6201 voies traitées
voie : bulk pour les ids de 958624 à 958823
bulk : {
  "took" : 23,
  "errors" :  ...
71: 6401 voies traitées
voie : bulk pour les ids de 958824 à 959023
bulk : {
  "took" : 11,
  "errors" :  ...
71: 6601 voies traitées
voie : bulk pour les ids de 959024 à 959223
bulk : {
  "took" : 11,
  "errors" :  ...
71: 6801 voies traitées
voie : bulk pour les ids de 959224 à 959423
bulk : {
  "took" : 11,
  "errors" :  ...
71: 7001 voies traitées
voie : bulk pour les ids de 959424 à 959623
bulk : {
  "took" : 12,
  "errors" :  ...
71: 7201 voies traitées
voie : bulk pour les ids de 959624 à 959823
bulk : {
  "took" : 11,
  "errors" :  ...
71: 7401 voies traitées
voie : bulk pour les ids de 959824 à 960023
bulk : {
  "took" : 12,
  "errors" :  ...
71: 7601 voies traitées
voie : bulk pour les ids de 960024 à 960223
bulk : {
  "took" : 12,
  "errors" :  ...
71: 7801 voies traitées
voie : bulk pour les ids de 960224 à 960423
bulk : {
  "took" : 11,
  "errors" :  ...
71: 8001 voies traitées
voie : bulk pour les ids de 960424 à 960623
bulk : {
  "took" : 11,
  "errors" :  ...
71: 8201 voies traitées
voie : bulk pour les ids de 960624 à 960823
bulk : {
  "took" : 12,
  "errors" :  ...
71: 8401 voies traitées
voie : bulk pour les ids de 960824 à 961023
bulk : {
  "took" : 26,
  "errors" :  ...
71: 8601 voies traitées
voie : bulk pour les ids de 961024 à 961223
bulk : {
  "took" : 12,
  "errors" :  ...
71: 8801 voies traitées
voie : bulk pour les ids de 961224 à 961423
bulk : {
  "took" : 29,
  "errors" :  ...
71: 9001 voies traitées
voie : bulk pour les ids de 961424 à 961623
bulk : {
  "took" : 12,
  "errors" :  ...
71: 9201 voies traitées
voie : bulk pour les ids de 961624 à 961823
bulk : {
  "took" : 11,
  "errors" :  ...
71: 9401 voies traitées
voie : bulk pour les ids de 961824 à 962023
bulk : {
  "took" : 12,
  "errors" :  ...
71: 9601 voies traitées
voie : bulk pour les ids de 962024 à 962223
bulk : {
  "took" : 12,
  "errors" :  ...
71: 9801 voies traitées
voie : bulk pour les ids de 962224 à 962423
bulk : {
  "took" : 11,
  "errors" :  ...
71: 10001 voies traitées
voie : bulk pour les ids de 962424 à 962623
bulk : {
  "took" : 28,
  "errors" :  ...
71: 10201 voies traitées
voie : bulk pour les ids de 962624 à 962823
bulk : {
  "took" : 12,
  "errors" :  ...
71: 10401 voies traitées
voie : bulk pour les ids de 962824 à 963023
bulk : {
  "took" : 11,
  "errors" :  ...
71: 10601 voies traitées
voie : bulk pour les ids de 963024 à 963223
bulk : {
  "took" : 12,
  "errors" :  ...
71: 10801 voies traitées
voie : bulk pour les ids de 963224 à 963423
bulk : {
  "took" : 12,
  "errors" :  ...
71: 11001 voies traitées
voie : bulk pour les ids de 963424 à 963623
bulk : {
  "took" : 12,
  "errors" :  ...
71: 11201 voies traitées
voie : bulk pour les ids de 963624 à 963823
bulk : {
  "took" : 11,
  "errors" :  ...
71: 11401 voies traitées
voie : bulk pour les ids de 963824 à 964023
bulk : {
  "took" : 12,
  "errors" :  ...
71: 11601 voies traitées
voie : bulk pour les ids de 964024 à 964223
bulk : {
  "took" : 12,
  "errors" :  ...
71: 11801 voies traitées
voie : bulk pour les ids de 964224 à 964423
bulk : {
  "took" : 12,
  "errors" :  ...
71: 12001 voies traitées
voie : bulk pour les ids de 964424 à 964623
bulk : {
  "took" : 26,
  "errors" :  ...
71: 12201 voies traitées
voie : bulk pour les ids de 964624 à 964823
bulk : {
  "took" : 11,
  "errors" :  ...
71: 12401 voies traitées
voie : bulk pour les ids de 964824 à 965023
bulk : {
  "took" : 22,
  "errors" :  ...
71: 12601 voies traitées
voie : bulk pour les ids de 965024 à 965223
bulk : {
  "took" : 21,
  "errors" :  ...
71: 12801 voies traitées
voie : bulk pour les ids de 965224 à 965423
bulk : {
  "took" : 12,
  "errors" :  ...
71: 13001 voies traitées
voie : bulk pour les ids de 965424 à 965623
bulk : {
  "took" : 12,
  "errors" :  ...
71: 13201 voies traitées
voie : bulk pour les ids de 965624 à 965823
bulk : {
  "took" : 12,
  "errors" :  ...
71: 13401 voies traitées
voie : bulk pour les ids de 965824 à 966023
bulk : {
  "took" : 11,
  "errors" :  ...
71: 13601 voies traitées
voie : bulk pour les ids de 966024 à 966223
bulk : {
  "took" : 12,
  "errors" :  ...
71: 13801 voies traitées
voie : bulk pour les ids de 966224 à 966423
bulk : {
  "took" : 23,
  "errors" :  ...
71: 14001 voies traitées
voie : bulk pour les ids de 966424 à 966623
bulk : {
  "took" : 11,
  "errors" :  ...
71: 14201 voies traitées
voie : bulk pour les ids de 966624 à 966823
bulk : {
  "took" : 11,
  "errors" :  ...
71: 14401 voies traitées
voie : bulk pour les ids de 966824 à 966891
bulk : {
  "took" : 4,
  "errors" : f ...
dpt 71 : adresses
71: 1 adresses traitées
71: 1001 adresses traitées
adresse : bulk pour les ids de 13178195 à 13179194
bulk : {
  "took" : 70,
  "errors" :  ...
71: 2001 adresses traitées
adresse : bulk pour les ids de 13179195 à 13180194
bulk : {
  "took" : 101,
  "errors" : ...
71: 3001 adresses traitées
adresse : bulk pour les ids de 13180195 à 13181194
bulk : {
  "took" : 85,
  "errors" :  ...
71: 4001 adresses traitées
adresse : bulk pour les ids de 13181195 à 13182194
bulk : {
  "took" : 72,
  "errors" :  ...
71: 5001 adresses traitées
adresse : bulk pour les ids de 13182195 à 13183194
bulk : {
  "took" : 82,
  "errors" :  ...
71: 6001 adresses traitées
adresse : bulk pour les ids de 13183195 à 13184194
bulk : {
  "took" : 96,
  "errors" :  ...
71: 7001 adresses traitées
adresse : bulk pour les ids de 13184195 à 13185194
bulk : {
  "took" : 70,
  "errors" :  ...
71: 8001 adresses traitées
adresse : bulk pour les ids de 13185195 à 13186194
bulk : {
  "took" : 71,
  "errors" :  ...
71: 9001 adresses traitées
adresse : bulk pour les ids de 13186195 à 13187194
bulk : {
  "took" : 97,
  "errors" :  ...
71: 10001 adresses traitées
adresse : bulk pour les ids de 13187195 à 13188194
bulk : {
  "took" : 73,
  "errors" :  ...
71: 11001 adresses traitées
adresse : bulk pour les ids de 13188195 à 13189194
bulk : {
  "took" : 85,
  "errors" :  ...
71: 12001 adresses traitées
adresse : bulk pour les ids de 13189195 à 13190194
bulk : {
  "took" : 86,
  "errors" :  ...
71: 13001 adresses traitées
adresse : bulk pour les ids de 13190195 à 13191194
bulk : {
  "took" : 71,
  "errors" :  ...
71: 14001 adresses traitées
adresse : bulk pour les ids de 13191195 à 13192194
bulk : {
  "took" : 71,
  "errors" :  ...
71: 15001 adresses traitées
adresse : bulk pour les ids de 13192195 à 13193194
bulk : {
  "took" : 81,
  "errors" :  ...
71: 16001 adresses traitées
adresse : bulk pour les ids de 13193195 à 13194194
bulk : {
  "took" : 83,
  "errors" :  ...
71: 17001 adresses traitées
71: 18001 adresses traitées
adresse : bulk pour les ids de 13194195 à 13195194
bulk : {
  "took" : 71,
  "errors" :  ...
71: 19001 adresses traitées
adresse : bulk pour les ids de 13195195 à 13196194
bulk : {
  "took" : 83,
  "errors" :  ...
71: 20001 adresses traitées
adresse : bulk pour les ids de 13196195 à 13197194
bulk : {
  "took" : 99,
  "errors" :  ...
71: 21001 adresses traitées
adresse : bulk pour les ids de 13197195 à 13198194
bulk : {
  "took" : 65,
  "errors" :  ...
71: 22001 adresses traitées
adresse : bulk pour les ids de 13198195 à 13199194
bulk : {
  "took" : 96,
  "errors" :  ...
71: 23001 adresses traitées
adresse : bulk pour les ids de 13199195 à 13200194
bulk : {
  "took" : 64,
  "errors" :  ...
71: 24001 adresses traitées
adresse : bulk pour les ids de 13200195 à 13201194
bulk : {
  "took" : 93,
  "errors" :  ...
71: 25001 adresses traitées
adresse : bulk pour les ids de 13201195 à 13202194
bulk : {
  "took" : 82,
  "errors" :  ...
71: 26001 adresses traitées
adresse : bulk pour les ids de 13202195 à 13203194
bulk : {
  "took" : 80,
  "errors" :  ...
71: 27001 adresses traitées
adresse : bulk pour les ids de 13203195 à 13204194
bulk : {
  "took" : 85,
  "errors" :  ...
71: 28001 adresses traitées
adresse : bulk pour les ids de 13204195 à 13205194
bulk : {
  "took" : 81,
  "errors" :  ...
71: 29001 adresses traitées
adresse : bulk pour les ids de 13205195 à 13206194
bulk : {
  "took" : 79,
  "errors" :  ...
71: 30001 adresses traitées
adresse : bulk pour les ids de 13206195 à 13207194
bulk : {
  "took" : 83,
  "errors" :  ...
71: 31001 adresses traitées
adresse : bulk pour les ids de 13207195 à 13208194
bulk : {
  "took" : 137,
  "errors" : ...
71: 32001 adresses traitées
71: 33001 adresses traitées
adresse : bulk pour les ids de 13208195 à 13209194
bulk : {
  "took" : 98,
  "errors" :  ...
71: 34001 adresses traitées
adresse : bulk pour les ids de 13209195 à 13210194
bulk : {
  "took" : 77,
  "errors" :  ...
71: 35001 adresses traitées
adresse : bulk pour les ids de 13210195 à 13211194
bulk : {
  "took" : 73,
  "errors" :  ...
71: 36001 adresses traitées
adresse : bulk pour les ids de 13211195 à 13212194
bulk : {
  "took" : 92,
  "errors" :  ...
71: 37001 adresses traitées
adresse : bulk pour les ids de 13212195 à 13213194
bulk : {
  "took" : 75,
  "errors" :  ...
71: 38001 adresses traitées
adresse : bulk pour les ids de 13213195 à 13214194
bulk : {
  "took" : 82,
  "errors" :  ...
71: 39001 adresses traitées
adresse : bulk pour les ids de 13214195 à 13215194
bulk : {
  "took" : 81,
  "errors" :  ...
71: 40001 adresses traitées
adresse : bulk pour les ids de 13215195 à 13216194
bulk : {
  "took" : 79,
  "errors" :  ...
71: 41001 adresses traitées
adresse : bulk pour les ids de 13216195 à 13217194
bulk : {
  "took" : 81,
  "errors" :  ...
71: 42001 adresses traitées
71: 43001 adresses traitées
adresse : bulk pour les ids de 13217195 à 13218194
bulk : {
  "took" : 87,
  "errors" :  ...
71: 44001 adresses traitées
adresse : bulk pour les ids de 13218195 à 13219194
bulk : {
  "took" : 69,
  "errors" :  ...
71: 45001 adresses traitées
adresse : bulk pour les ids de 13219195 à 13220194
bulk : {
  "took" : 95,
  "errors" :  ...
71: 46001 adresses traitées
adresse : bulk pour les ids de 13220195 à 13221194
bulk : {
  "took" : 70,
  "errors" :  ...
71: 47001 adresses traitées
adresse : bulk pour les ids de 13221195 à 13222194
bulk : {
  "took" : 95,
  "errors" :  ...
71: 48001 adresses traitées
adresse : bulk pour les ids de 13222195 à 13223194
bulk : {
  "took" : 68,
  "errors" :  ...
71: 49001 adresses traitées
adresse : bulk pour les ids de 13223195 à 13224194
bulk : {
  "took" : 88,
  "errors" :  ...
71: 50001 adresses traitées
adresse : bulk pour les ids de 13224195 à 13225194
bulk : {
  "took" : 66,
  "errors" :  ...
71: 51001 adresses traitées
adresse : bulk pour les ids de 13225195 à 13226194
bulk : {
  "took" : 89,
  "errors" :  ...
71: 52001 adresses traitées
adresse : bulk pour les ids de 13226195 à 13227194
bulk : {
  "took" : 81,
  "errors" :  ...
71: 53001 adresses traitées
adresse : bulk pour les ids de 13227195 à 13228194
bulk : {
  "took" : 81,
  "errors" :  ...
71: 54001 adresses traitées
adresse : bulk pour les ids de 13228195 à 13229194
bulk : {
  "took" : 80,
  "errors" :  ...
71: 55001 adresses traitées
adresse : bulk pour les ids de 13229195 à 13230194
bulk : {
  "took" : 88,
  "errors" :  ...
71: 56001 adresses traitées
adresse : bulk pour les ids de 13230195 à 13231194
bulk : {
  "took" : 66,
  "errors" :  ...
71: 57001 adresses traitées
adresse : bulk pour les ids de 13231195 à 13232194
bulk : {
  "took" : 91,
  "errors" :  ...
71: 58001 adresses traitées
adresse : bulk pour les ids de 13232195 à 13233194
bulk : {
  "took" : 82,
  "errors" :  ...
71: 59001 adresses traitées
adresse : bulk pour les ids de 13233195 à 13234194
bulk : {
  "took" : 75,
  "errors" :  ...
71: 60001 adresses traitées
adresse : bulk pour les ids de 13234195 à 13235194
bulk : {
  "took" : 82,
  "errors" :  ...
71: 61001 adresses traitées
adresse : bulk pour les ids de 13235195 à 13236194
bulk : {
  "took" : 81,
  "errors" :  ...
71: 62001 adresses traitées
adresse : bulk pour les ids de 13236195 à 13237194
bulk : {
  "took" : 81,
  "errors" :  ...
71: 63001 adresses traitées
adresse : bulk pour les ids de 13237195 à 13238194
bulk : {
  "took" : 94,
  "errors" :  ...
71: 64001 adresses traitées
adresse : bulk pour les ids de 13238195 à 13239194
bulk : {
  "took" : 66,
  "errors" :  ...
71: 65001 adresses traitées
adresse : bulk pour les ids de 13239195 à 13240194
bulk : {
  "took" : 87,
  "errors" :  ...
71: 66001 adresses traitées
adresse : bulk pour les ids de 13240195 à 13241194
bulk : {
  "took" : 65,
  "errors" :  ...
71: 67001 adresses traitées
adresse : bulk pour les ids de 13241195 à 13242194
bulk : {
  "took" : 91,
  "errors" :  ...
71: 68001 adresses traitées
adresse : bulk pour les ids de 13242195 à 13243194
bulk : {
  "took" : 66,
  "errors" :  ...
71: 69001 adresses traitées
71: 70001 adresses traitées
adresse : bulk pour les ids de 13243195 à 13244194
bulk : {
  "took" : 95,
  "errors" :  ...
71: 71001 adresses traitées
adresse : bulk pour les ids de 13244195 à 13245194
bulk : {
  "took" : 83,
  "errors" :  ...
71: 72001 adresses traitées
adresse : bulk pour les ids de 13245195 à 13246194
bulk : {
  "took" : 76,
  "errors" :  ...
71: 73001 adresses traitées
adresse : bulk pour les ids de 13246195 à 13247194
bulk : {
  "took" : 65,
  "errors" :  ...
71: 74001 adresses traitées
adresse : bulk pour les ids de 13247195 à 13248194
bulk : {
  "took" : 87,
  "errors" :  ...
71: 75001 adresses traitées
71: 76001 adresses traitées
adresse : bulk pour les ids de 13248195 à 13249194
bulk : {
  "took" : 65,
  "errors" :  ...
71: 77001 adresses traitées
adresse : bulk pour les ids de 13249195 à 13250194
bulk : {
  "took" : 97,
  "errors" :  ...
71: 78001 adresses traitées
adresse : bulk pour les ids de 13250195 à 13251194
bulk : {
  "took" : 82,
  "errors" :  ...
71: 79001 adresses traitées
adresse : bulk pour les ids de 13251195 à 13252194
bulk : {
  "took" : 76,
  "errors" :  ...
71: 80001 adresses traitées
adresse : bulk pour les ids de 13252195 à 13253194
bulk : {
  "took" : 88,
  "errors" :  ...
71: 81001 adresses traitées
adresse : bulk pour les ids de 13253195 à 13254194
bulk : {
  "took" : 73,
  "errors" :  ...
71: 82001 adresses traitées
adresse : bulk pour les ids de 13254195 à 13255194
bulk : {
  "took" : 66,
  "errors" :  ...
71: 83001 adresses traitées
adresse : bulk pour les ids de 13255195 à 13256194
bulk : {
  "took" : 91,
  "errors" :  ...
71: 84001 adresses traitées
adresse : bulk pour les ids de 13256195 à 13257194
bulk : {
  "took" : 69,
  "errors" :  ...
71: 85001 adresses traitées
adresse : bulk pour les ids de 13257195 à 13258194
bulk : {
  "took" : 94,
  "errors" :  ...
71: 86001 adresses traitées
71: 87001 adresses traitées
adresse : bulk pour les ids de 13258195 à 13259194
bulk : {
  "took" : 70,
  "errors" :  ...
71: 88001 adresses traitées
adresse : bulk pour les ids de 13259195 à 13260194
bulk : {
  "took" : 99,
  "errors" :  ...
71: 89001 adresses traitées
adresse : bulk pour les ids de 13260195 à 13261194
bulk : {
  "took" : 82,
  "errors" :  ...
71: 90001 adresses traitées
adresse : bulk pour les ids de 13261195 à 13262194
bulk : {
  "took" : 80,
  "errors" :  ...
71: 91001 adresses traitées
adresse : bulk pour les ids de 13262195 à 13263194
bulk : {
  "took" : 68,
  "errors" :  ...
71: 92001 adresses traitées
adresse : bulk pour les ids de 13263195 à 13264194
bulk : {
  "took" : 98,
  "errors" :  ...
71: 93001 adresses traitées
adresse : bulk pour les ids de 13264195 à 13265194
bulk : {
  "took" : 67,
  "errors" :  ...
71: 94001 adresses traitées
71: 95001 adresses traitées
adresse : bulk pour les ids de 13265195 à 13266194
bulk : {
  "took" : 95,
  "errors" :  ...
71: 96001 adresses traitées
adresse : bulk pour les ids de 13266195 à 13267194
bulk : {
  "took" : 92,
  "errors" :  ...
71: 97001 adresses traitées
adresse : bulk pour les ids de 13267195 à 13268194
bulk : {
  "took" : 97,
  "errors" :  ...
71: 98001 adresses traitées
adresse : bulk pour les ids de 13268195 à 13269194
bulk : {
  "took" : 79,
  "errors" :  ...
71: 99001 adresses traitées
adresse : bulk pour les ids de 13269195 à 13270194
bulk : {
  "took" : 83,
  "errors" :  ...
71: 100001 adresses traitées
adresse : bulk pour les ids de 13270195 à 13271194
bulk : {
  "took" : 83,
  "errors" :  ...
71: 101001 adresses traitées
adresse : bulk pour les ids de 13271195 à 13272194
bulk : {
  "took" : 81,
  "errors" :  ...
71: 102001 adresses traitées
adresse : bulk pour les ids de 13272195 à 13273194
bulk : {
  "took" : 66,
  "errors" :  ...
71: 103001 adresses traitées
adresse : bulk pour les ids de 13273195 à 13274194
bulk : {
  "took" : 105,
  "errors" : ...
71: 104001 adresses traitées
71: 105001 adresses traitées
adresse : bulk pour les ids de 13274195 à 13275194
bulk : {
  "took" : 68,
  "errors" :  ...
71: 106001 adresses traitées
adresse : bulk pour les ids de 13275195 à 13276194
bulk : {
  "took" : 95,
  "errors" :  ...
71: 107001 adresses traitées
adresse : bulk pour les ids de 13276195 à 13277194
bulk : {
  "took" : 72,
  "errors" :  ...
71: 108001 adresses traitées
adresse : bulk pour les ids de 13277195 à 13278194
bulk : {
  "took" : 83,
  "errors" :  ...
71: 109001 adresses traitées
adresse : bulk pour les ids de 13278195 à 13279194
bulk : {
  "took" : 86,
  "errors" :  ...
71: 110001 adresses traitées
adresse : bulk pour les ids de 13279195 à 13280194
bulk : {
  "took" : 81,
  "errors" :  ...
71: 111001 adresses traitées
adresse : bulk pour les ids de 13280195 à 13281194
bulk : {
  "took" : 78,
  "errors" :  ...
71: 112001 adresses traitées
71: 113001 adresses traitées
adresse : bulk pour les ids de 13281195 à 13282194
bulk : {
  "took" : 84,
  "errors" :  ...
71: 114001 adresses traitées
adresse : bulk pour les ids de 13282195 à 13283194
bulk : {
  "took" : 89,
  "errors" :  ...
71: 115001 adresses traitées
adresse : bulk pour les ids de 13283195 à 13284194
bulk : {
  "took" : 66,
  "errors" :  ...
71: 116001 adresses traitées
adresse : bulk pour les ids de 13284195 à 13285194
bulk : {
  "took" : 95,
  "errors" :  ...
71: 117001 adresses traitées
adresse : bulk pour les ids de 13285195 à 13286194
bulk : {
  "took" : 66,
  "errors" :  ...
71: 118001 adresses traitées
adresse : bulk pour les ids de 13286195 à 13287194
bulk : {
  "took" : 96,
  "errors" :  ...
71: 119001 adresses traitées
adresse : bulk pour les ids de 13287195 à 13288194
bulk : {
  "took" : 78,
  "errors" :  ...
71: 120001 adresses traitées
adresse : bulk pour les ids de 13288195 à 13289194
bulk : {
  "took" : 82,
  "errors" :  ...
71: 121001 adresses traitées
71: 122001 adresses traitées
adresse : bulk pour les ids de 13289195 à 13290194
bulk : {
  "took" : 79,
  "errors" :  ...
71: 123001 adresses traitées
adresse : bulk pour les ids de 13290195 à 13291194
bulk : {
  "took" : 96,
  "errors" :  ...
71: 124001 adresses traitées
adresse : bulk pour les ids de 13291195 à 13292194
bulk : {
  "took" : 65,
  "errors" :  ...
71: 125001 adresses traitées
adresse : bulk pour les ids de 13292195 à 13293194
bulk : {
  "took" : 93,
  "errors" :  ...
71: 126001 adresses traitées
adresse : bulk pour les ids de 13293195 à 13294194
bulk : {
  "took" : 65,
  "errors" :  ...
71: 127001 adresses traitées
71: 128001 adresses traitées
adresse : bulk pour les ids de 13294195 à 13295194
bulk : {
  "took" : 92,
  "errors" :  ...
71: 129001 adresses traitées
adresse : bulk pour les ids de 13295195 à 13296194
bulk : {
  "took" : 79,
  "errors" :  ...
71: 130001 adresses traitées
adresse : bulk pour les ids de 13296195 à 13297194
bulk : {
  "took" : 82,
  "errors" :  ...
71: 131001 adresses traitées
adresse : bulk pour les ids de 13297195 à 13298194
bulk : {
  "took" : 81,
  "errors" :  ...
71: 132001 adresses traitées
adresse : bulk pour les ids de 13298195 à 13299194
bulk : {
  "took" : 79,
  "errors" :  ...
71: 133001 adresses traitées
adresse : bulk pour les ids de 13299195 à 13300194
bulk : {
  "took" : 66,
  "errors" :  ...
71: 134001 adresses traitées
adresse : bulk pour les ids de 13300195 à 13301194
bulk : {
  "took" : 97,
  "errors" :  ...
71: 135001 adresses traitées
71: 136001 adresses traitées
adresse : bulk pour les ids de 13301195 à 13302194
bulk : {
  "took" : 90,
  "errors" :  ...
71: 137001 adresses traitées
adresse : bulk pour les ids de 13302195 à 13303194
bulk : {
  "took" : 68,
  "errors" :  ...
71: 138001 adresses traitées
71: 139001 adresses traitées
adresse : bulk pour les ids de 13303195 à 13304194
bulk : {
  "took" : 89,
  "errors" :  ...
71: 140001 adresses traitées
71: 141001 adresses traitées
adresse : bulk pour les ids de 13304195 à 13305194
bulk : {
  "took" : 68,
  "errors" :  ...
71: 142001 adresses traitées
adresse : bulk pour les ids de 13305195 à 13306194
bulk : {
  "took" : 94,
  "errors" :  ...
71: 143001 adresses traitées
adresse : bulk pour les ids de 13306195 à 13307194
bulk : {
  "took" : 80,
  "errors" :  ...
71: 144001 adresses traitées
adresse : bulk pour les ids de 13307195 à 13308194
bulk : {
  "took" : 77,
  "errors" :  ...
71: 145001 adresses traitées
adresse : bulk pour les ids de 13308195 à 13309194
bulk : {
  "took" : 78,
  "errors" :  ...
71: 146001 adresses traitées
71: 147001 adresses traitées
adresse : bulk pour les ids de 13309195 à 13310194
bulk : {
  "took" : 73,
  "errors" :  ...
71: 148001 adresses traitées
adresse : bulk pour les ids de 13310195 à 13311194
bulk : {
  "took" : 63,
  "errors" :  ...
71: 149001 adresses traitées
adresse : bulk pour les ids de 13311195 à 13312194
bulk : {
  "took" : 84,
  "errors" :  ...
71: 150001 adresses traitées
71: 151001 adresses traitées
adresse : bulk pour les ids de 13312195 à 13313194
bulk : {
  "took" : 65,
  "errors" :  ...
71: 152001 adresses traitées
adresse : bulk pour les ids de 13313195 à 13314194
bulk : {
  "took" : 91,
  "errors" :  ...
71: 153001 adresses traitées
adresse : bulk pour les ids de 13314195 à 13315194
bulk : {
  "took" : 81,
  "errors" :  ...
71: 154001 adresses traitées
71: 155001 adresses traitées
adresse : bulk pour les ids de 13315195 à 13316194
bulk : {
  "took" : 75,
  "errors" :  ...
71: 156001 adresses traitées
adresse : bulk pour les ids de 13316195 à 13317194
bulk : {
  "took" : 65,
  "errors" :  ...
71: 157001 adresses traitées
adresse : bulk pour les ids de 13317195 à 13318194
bulk : {
  "took" : 87,
  "errors" :  ...
71: 158001 adresses traitées
71: 159001 adresses traitées
adresse : bulk pour les ids de 13318195 à 13319194
bulk : {
  "took" : 80,
  "errors" :  ...
71: 160001 adresses traitées
adresse : bulk pour les ids de 13319195 à 13320194
bulk : {
  "took" : 81,
  "errors" :  ...
71: 161001 adresses traitées
adresse : bulk pour les ids de 13320195 à 13321194
bulk : {
  "took" : 63,
  "errors" :  ...
71: 162001 adresses traitées
adresse : bulk pour les ids de 13321195 à 13322194
bulk : {
  "took" : 96,
  "errors" :  ...
71: 163001 adresses traitées
adresse : bulk pour les ids de 13322195 à 13323194
bulk : {
  "took" : 67,
  "errors" :  ...
71: 164001 adresses traitées
adresse : bulk pour les ids de 13323195 à 13324194
bulk : {
  "took" : 90,
  "errors" :  ...
71: 165001 adresses traitées
adresse : bulk pour les ids de 13324195 à 13325194
bulk : {
  "took" : 93,
  "errors" :  ...
71: 166001 adresses traitées
adresse : bulk pour les ids de 13325195 à 13326194
bulk : {
  "took" : 76,
  "errors" :  ...
71: 167001 adresses traitées
adresse : bulk pour les ids de 13326195 à 13327194
bulk : {
  "took" : 86,
  "errors" :  ...
71: 168001 adresses traitées
adresse : bulk pour les ids de 13327195 à 13328194
bulk : {
  "took" : 83,
  "errors" :  ...
71: 169001 adresses traitées
adresse : bulk pour les ids de 13328195 à 13329194
bulk : {
  "took" : 80,
  "errors" :  ...
71: 170001 adresses traitées
71: 171001 adresses traitées
adresse : bulk pour les ids de 13329195 à 13330194
bulk : {
  "took" : 84,
  "errors" :  ...
71: 172001 adresses traitées
adresse : bulk pour les ids de 13330195 à 13331194
bulk : {
  "took" : 65,
  "errors" :  ...
71: 173001 adresses traitées
adresse : bulk pour les ids de 13331195 à 13332194
bulk : {
  "took" : 99,
  "errors" :  ...
71: 174001 adresses traitées
71: 175001 adresses traitées
adresse : bulk pour les ids de 13332195 à 13333194
bulk : {
  "took" : 82,
  "errors" :  ...
71: 176001 adresses traitées
adresse : bulk pour les ids de 13333195 à 13334194
bulk : {
  "took" : 81,
  "errors" :  ...
71: 177001 adresses traitées
71: 178001 adresses traitées
adresse : bulk pour les ids de 13334195 à 13335194
bulk : {
  "took" : 79,
  "errors" :  ...
71: 179001 adresses traitées
adresse : bulk pour les ids de 13335195 à 13336194
bulk : {
  "took" : 96,
  "errors" :  ...
71: 180001 adresses traitées
adresse : bulk pour les ids de 13336195 à 13337194
bulk : {
  "took" : 65,
  "errors" :  ...
71: 181001 adresses traitées
adresse : bulk pour les ids de 13337195 à 13338194
bulk : {
  "took" : 98,
  "errors" :  ...
71: 182001 adresses traitées
adresse : bulk pour les ids de 13338195 à 13339194
bulk : {
  "took" : 76,
  "errors" :  ...
71: 183001 adresses traitées
adresse : bulk pour les ids de 13339195 à 13340194
bulk : {
  "took" : 75,
  "errors" :  ...
71: 184001 adresses traitées
adresse : bulk pour les ids de 13340195 à 13341194
bulk : {
  "took" : 92,
  "errors" :  ...
71: 185001 adresses traitées
adresse : bulk pour les ids de 13341195 à 13342194
bulk : {
  "took" : 68,
  "errors" :  ...
71: 186001 adresses traitées
adresse : bulk pour les ids de 13342195 à 13343194
bulk : {
  "took" : 79,
  "errors" :  ...
71: 187001 adresses traitées
adresse : bulk pour les ids de 13343195 à 13344194
bulk : {
  "took" : 86,
  "errors" :  ...
71: 188001 adresses traitées
adresse : bulk pour les ids de 13344195 à 13345194
bulk : {
  "took" : 91,
  "errors" :  ...
71: 189001 adresses traitées
adresse : bulk pour les ids de 13345195 à 13346194
bulk : {
  "took" : 66,
  "errors" :  ...
71: 190001 adresses traitées
adresse : bulk pour les ids de 13346195 à 13346458
bulk : {
  "took" : 18,
  "errors" :  ...
dpt 72 : voies
72: 1 voies traitées
voie : bulk pour les ids de 966892 à 967091
bulk : {
  "took" : 15,
  "errors" :  ...
72: 201 voies traitées
voie : bulk pour les ids de 967092 à 967291
bulk : {
  "took" : 12,
  "errors" :  ...
72: 401 voies traitées
voie : bulk pour les ids de 967292 à 967491
bulk : {
  "took" : 24,
  "errors" :  ...
72: 601 voies traitées
voie : bulk pour les ids de 967492 à 967691
bulk : {
  "took" : 12,
  "errors" :  ...
72: 801 voies traitées
voie : bulk pour les ids de 967692 à 967891
bulk : {
  "took" : 12,
  "errors" :  ...
72: 1001 voies traitées
voie : bulk pour les ids de 967892 à 968091
bulk : {
  "took" : 12,
  "errors" :  ...
72: 1201 voies traitées
voie : bulk pour les ids de 968092 à 968291
bulk : {
  "took" : 12,
  "errors" :  ...
72: 1401 voies traitées
voie : bulk pour les ids de 968292 à 968491
bulk : {
  "took" : 12,
  "errors" :  ...
72: 1601 voies traitées
voie : bulk pour les ids de 968492 à 968691
bulk : {
  "took" : 12,
  "errors" :  ...
72: 1801 voies traitées
voie : bulk pour les ids de 968692 à 968891
bulk : {
  "took" : 13,
  "errors" :  ...
72: 2001 voies traitées
voie : bulk pour les ids de 968892 à 969091
bulk : {
  "took" : 13,
  "errors" :  ...
72: 2201 voies traitées
voie : bulk pour les ids de 969092 à 969291
bulk : {
  "took" : 12,
  "errors" :  ...
72: 2401 voies traitées
voie : bulk pour les ids de 969292 à 969491
bulk : {
  "took" : 30,
  "errors" :  ...
72: 2601 voies traitées
voie : bulk pour les ids de 969492 à 969691
bulk : {
  "took" : 13,
  "errors" :  ...
72: 2801 voies traitées
voie : bulk pour les ids de 969692 à 969891
bulk : {
  "took" : 11,
  "errors" :  ...
72: 3001 voies traitées
voie : bulk pour les ids de 969892 à 970091
bulk : {
  "took" : 12,
  "errors" :  ...
72: 3201 voies traitées
voie : bulk pour les ids de 970092 à 970291
bulk : {
  "took" : 13,
  "errors" :  ...
72: 3401 voies traitées
voie : bulk pour les ids de 970292 à 970491
bulk : {
  "took" : 12,
  "errors" :  ...
72: 3601 voies traitées
voie : bulk pour les ids de 970492 à 970691
bulk : {
  "took" : 22,
  "errors" :  ...
72: 3801 voies traitées
voie : bulk pour les ids de 970692 à 970891
bulk : {
  "took" : 16,
  "errors" :  ...
72: 4001 voies traitées
voie : bulk pour les ids de 970892 à 971091
bulk : {
  "took" : 11,
  "errors" :  ...
72: 4201 voies traitées
voie : bulk pour les ids de 971092 à 971291
bulk : {
  "took" : 26,
  "errors" :  ...
72: 4401 voies traitées
voie : bulk pour les ids de 971292 à 971491
bulk : {
  "took" : 14,
  "errors" :  ...
72: 4601 voies traitées
voie : bulk pour les ids de 971492 à 971691
bulk : {
  "took" : 13,
  "errors" :  ...
72: 4801 voies traitées
voie : bulk pour les ids de 971692 à 971891
bulk : {
  "took" : 13,
  "errors" :  ...
72: 5001 voies traitées
voie : bulk pour les ids de 971892 à 972091
bulk : {
  "took" : 12,
  "errors" :  ...
72: 5201 voies traitées
voie : bulk pour les ids de 972092 à 972291
bulk : {
  "took" : 11,
  "errors" :  ...
72: 5401 voies traitées
voie : bulk pour les ids de 972292 à 972491
bulk : {
  "took" : 11,
  "errors" :  ...
72: 5601 voies traitées
voie : bulk pour les ids de 972492 à 972691
bulk : {
  "took" : 12,
  "errors" :  ...
72: 5801 voies traitées
voie : bulk pour les ids de 972692 à 972891
bulk : {
  "took" : 12,
  "errors" :  ...
72: 6001 voies traitées
voie : bulk pour les ids de 972892 à 973091
bulk : {
  "took" : 12,
  "errors" :  ...
72: 6201 voies traitées
voie : bulk pour les ids de 973092 à 973291
bulk : {
  "took" : 12,
  "errors" :  ...
72: 6401 voies traitées
voie : bulk pour les ids de 973292 à 973491
bulk : {
  "took" : 25,
  "errors" :  ...
72: 6601 voies traitées
voie : bulk pour les ids de 973492 à 973691
bulk : {
  "took" : 12,
  "errors" :  ...
72: 6801 voies traitées
voie : bulk pour les ids de 973692 à 973891
bulk : {
  "took" : 12,
  "errors" :  ...
72: 7001 voies traitées
voie : bulk pour les ids de 973892 à 974091
bulk : {
  "took" : 22,
  "errors" :  ...
72: 7201 voies traitées
voie : bulk pour les ids de 974092 à 974291
bulk : {
  "took" : 16,
  "errors" :  ...
72: 7401 voies traitées
voie : bulk pour les ids de 974292 à 974491
bulk : {
  "took" : 12,
  "errors" :  ...
72: 7601 voies traitées
voie : bulk pour les ids de 974492 à 974691
bulk : {
  "took" : 12,
  "errors" :  ...
72: 7801 voies traitées
voie : bulk pour les ids de 974692 à 974891
bulk : {
  "took" : 12,
  "errors" :  ...
72: 8001 voies traitées
voie : bulk pour les ids de 974892 à 975091
bulk : {
  "took" : 12,
  "errors" :  ...
72: 8201 voies traitées
voie : bulk pour les ids de 975092 à 975291
bulk : {
  "took" : 29,
  "errors" :  ...
72: 8401 voies traitées
voie : bulk pour les ids de 975292 à 975491
bulk : {
  "took" : 12,
  "errors" :  ...
72: 8601 voies traitées
voie : bulk pour les ids de 975492 à 975691
bulk : {
  "took" : 12,
  "errors" :  ...
72: 8801 voies traitées
voie : bulk pour les ids de 975692 à 975891
bulk : {
  "took" : 12,
  "errors" :  ...
72: 9001 voies traitées
voie : bulk pour les ids de 975892 à 976091
bulk : {
  "took" : 12,
  "errors" :  ...
72: 9201 voies traitées
voie : bulk pour les ids de 976092 à 976291
bulk : {
  "took" : 13,
  "errors" :  ...
72: 9401 voies traitées
voie : bulk pour les ids de 976292 à 976491
bulk : {
  "took" : 13,
  "errors" :  ...
72: 9601 voies traitées
voie : bulk pour les ids de 976492 à 976691
bulk : {
  "took" : 12,
  "errors" :  ...
72: 9801 voies traitées
voie : bulk pour les ids de 976692 à 976891
bulk : {
  "took" : 73,
  "errors" :  ...
72: 10001 voies traitées
voie : bulk pour les ids de 976892 à 977091
bulk : {
  "took" : 13,
  "errors" :  ...
72: 10201 voies traitées
voie : bulk pour les ids de 977092 à 977291
bulk : {
  "took" : 29,
  "errors" :  ...
72: 10401 voies traitées
voie : bulk pour les ids de 977292 à 977491
bulk : {
  "took" : 15,
  "errors" :  ...
72: 10601 voies traitées
voie : bulk pour les ids de 977492 à 977691
bulk : {
  "took" : 21,
  "errors" :  ...
72: 10801 voies traitées
voie : bulk pour les ids de 977692 à 977891
bulk : {
  "took" : 16,
  "errors" :  ...
72: 11001 voies traitées
voie : bulk pour les ids de 977892 à 978091
bulk : {
  "took" : 17,
  "errors" :  ...
72: 11201 voies traitées
voie : bulk pour les ids de 978092 à 978291
bulk : {
  "took" : 13,
  "errors" :  ...
72: 11401 voies traitées
voie : bulk pour les ids de 978292 à 978490
bulk : {
  "took" : 13,
  "errors" :  ...
dpt 72 : adresses
72: 1 adresses traitées
72: 1001 adresses traitées
adresse : bulk pour les ids de 13346459 à 13347458
bulk : {
  "took" : 89,
  "errors" :  ...
72: 2001 adresses traitées
adresse : bulk pour les ids de 13347459 à 13348458
bulk : {
  "took" : 71,
  "errors" :  ...
72: 3001 adresses traitées
adresse : bulk pour les ids de 13348459 à 13349458
bulk : {
  "took" : 89,
  "errors" :  ...
72: 4001 adresses traitées
adresse : bulk pour les ids de 13349459 à 13350458
bulk : {
  "took" : 69,
  "errors" :  ...
72: 5001 adresses traitées
adresse : bulk pour les ids de 13350459 à 13351458
bulk : {
  "took" : 101,
  "errors" : ...
72: 6001 adresses traitées
adresse : bulk pour les ids de 13351459 à 13352458
bulk : {
  "took" : 66,
  "errors" :  ...
72: 7001 adresses traitées
adresse : bulk pour les ids de 13352459 à 13353458
bulk : {
  "took" : 95,
  "errors" :  ...
72: 8001 adresses traitées
adresse : bulk pour les ids de 13353459 à 13354458
bulk : {
  "took" : 83,
  "errors" :  ...
72: 9001 adresses traitées
adresse : bulk pour les ids de 13354459 à 13355458
bulk : {
  "took" : 86,
  "errors" :  ...
72: 10001 adresses traitées
adresse : bulk pour les ids de 13355459 à 13356458
bulk : {
  "took" : 90,
  "errors" :  ...
72: 11001 adresses traitées
adresse : bulk pour les ids de 13356459 à 13357458
bulk : {
  "took" : 92,
  "errors" :  ...
72: 12001 adresses traitées
adresse : bulk pour les ids de 13357459 à 13358458
bulk : {
  "took" : 79,
  "errors" :  ...
72: 13001 adresses traitées
adresse : bulk pour les ids de 13358459 à 13359458
bulk : {
  "took" : 92,
  "errors" :  ...
72: 14001 adresses traitées
adresse : bulk pour les ids de 13359459 à 13360458
bulk : {
  "took" : 77,
  "errors" :  ...
72: 15001 adresses traitées
72: 16001 adresses traitées
adresse : bulk pour les ids de 13360459 à 13361458
bulk : {
  "took" : 85,
  "errors" :  ...
72: 17001 adresses traitées
adresse : bulk pour les ids de 13361459 à 13362458
bulk : {
  "took" : 91,
  "errors" :  ...
72: 18001 adresses traitées
adresse : bulk pour les ids de 13362459 à 13363458
bulk : {
  "took" : 73,
  "errors" :  ...
72: 19001 adresses traitées
adresse : bulk pour les ids de 13363459 à 13364458
bulk : {
  "took" : 103,
  "errors" : ...
72: 20001 adresses traitées
adresse : bulk pour les ids de 13364459 à 13365458
bulk : {
  "took" : 70,
  "errors" :  ...
72: 21001 adresses traitées
adresse : bulk pour les ids de 13365459 à 13366458
bulk : {
  "took" : 102,
  "errors" : ...
72: 22001 adresses traitées
adresse : bulk pour les ids de 13366459 à 13367458
bulk : {
  "took" : 87,
  "errors" :  ...
72: 23001 adresses traitées
adresse : bulk pour les ids de 13367459 à 13368458
bulk : {
  "took" : 77,
  "errors" :  ...
72: 24001 adresses traitées
adresse : bulk pour les ids de 13368459 à 13369458
bulk : {
  "took" : 68,
  "errors" :  ...
72: 25001 adresses traitées
adresse : bulk pour les ids de 13369459 à 13370458
bulk : {
  "took" : 99,
  "errors" :  ...
72: 26001 adresses traitées
adresse : bulk pour les ids de 13370459 à 13371458
bulk : {
  "took" : 69,
  "errors" :  ...
72: 27001 adresses traitées
adresse : bulk pour les ids de 13371459 à 13372458
bulk : {
  "took" : 80,
  "errors" :  ...
72: 28001 adresses traitées
adresse : bulk pour les ids de 13372459 à 13373458
bulk : {
  "took" : 87,
  "errors" :  ...
72: 29001 adresses traitées
adresse : bulk pour les ids de 13373459 à 13374458
bulk : {
  "took" : 89,
  "errors" :  ...
72: 30001 adresses traitées
72: 31001 adresses traitées
adresse : bulk pour les ids de 13374459 à 13375458
bulk : {
  "took" : 85,
  "errors" :  ...
72: 32001 adresses traitées
adresse : bulk pour les ids de 13375459 à 13376458
bulk : {
  "took" : 91,
  "errors" :  ...
72: 33001 adresses traitées
adresse : bulk pour les ids de 13376459 à 13377458
bulk : {
  "took" : 69,
  "errors" :  ...
72: 34001 adresses traitées
adresse : bulk pour les ids de 13377459 à 13378458
bulk : {
  "took" : 90,
  "errors" :  ...
72: 35001 adresses traitées
adresse : bulk pour les ids de 13378459 à 13379458
bulk : {
  "took" : 69,
  "errors" :  ...
72: 36001 adresses traitées
adresse : bulk pour les ids de 13379459 à 13380458
bulk : {
  "took" : 93,
  "errors" :  ...
72: 37001 adresses traitées
adresse : bulk pour les ids de 13380459 à 13381458
bulk : {
  "took" : 87,
  "errors" :  ...
72: 38001 adresses traitées
adresse : bulk pour les ids de 13381459 à 13382458
bulk : {
  "took" : 79,
  "errors" :  ...
72: 39001 adresses traitées
adresse : bulk pour les ids de 13382459 à 13383458
bulk : {
  "took" : 81,
  "errors" :  ...
72: 40001 adresses traitées
72: 41001 adresses traitées
adresse : bulk pour les ids de 13383459 à 13384458
bulk : {
  "took" : 91,
  "errors" :  ...
72: 42001 adresses traitées
adresse : bulk pour les ids de 13384459 à 13385458
bulk : {
  "took" : 72,
  "errors" :  ...
72: 43001 adresses traitées
adresse : bulk pour les ids de 13385459 à 13386458
bulk : {
  "took" : 102,
  "errors" : ...
72: 44001 adresses traitées
adresse : bulk pour les ids de 13386459 à 13387458
bulk : {
  "took" : 93,
  "errors" :  ...
72: 45001 adresses traitées
adresse : bulk pour les ids de 13387459 à 13388458
bulk : {
  "took" : 82,
  "errors" :  ...
72: 46001 adresses traitées
adresse : bulk pour les ids de 13388459 à 13389458
bulk : {
  "took" : 66,
  "errors" :  ...
72: 47001 adresses traitées
adresse : bulk pour les ids de 13389459 à 13390458
bulk : {
  "took" : 77,
  "errors" :  ...
72: 48001 adresses traitées
adresse : bulk pour les ids de 13390459 à 13391458
bulk : {
  "took" : 80,
  "errors" :  ...
72: 49001 adresses traitées
adresse : bulk pour les ids de 13391459 à 13392458
bulk : {
  "took" : 76,
  "errors" :  ...
72: 50001 adresses traitées
adresse : bulk pour les ids de 13392459 à 13393458
bulk : {
  "took" : 81,
  "errors" :  ...
72: 51001 adresses traitées
72: 52001 adresses traitées
adresse : bulk pour les ids de 13393459 à 13394458
bulk : {
  "took" : 97,
  "errors" :  ...
72: 53001 adresses traitées
adresse : bulk pour les ids de 13394459 à 13395458
bulk : {
  "took" : 71,
  "errors" :  ...
72: 54001 adresses traitées
adresse : bulk pour les ids de 13395459 à 13396458
bulk : {
  "took" : 99,
  "errors" :  ...
72: 55001 adresses traitées
adresse : bulk pour les ids de 13396459 à 13397458
bulk : {
  "took" : 81,
  "errors" :  ...
72: 56001 adresses traitées
adresse : bulk pour les ids de 13397459 à 13398458
bulk : {
  "took" : 80,
  "errors" :  ...
72: 57001 adresses traitées
adresse : bulk pour les ids de 13398459 à 13399458
bulk : {
  "took" : 83,
  "errors" :  ...
72: 58001 adresses traitées
adresse : bulk pour les ids de 13399459 à 13400458
bulk : {
  "took" : 83,
  "errors" :  ...
72: 59001 adresses traitées
adresse : bulk pour les ids de 13400459 à 13401458
bulk : {
  "took" : 68,
  "errors" :  ...
72: 60001 adresses traitées
adresse : bulk pour les ids de 13401459 à 13402458
bulk : {
  "took" : 99,
  "errors" :  ...
72: 61001 adresses traitées
adresse : bulk pour les ids de 13402459 à 13403458
bulk : {
  "took" : 67,
  "errors" :  ...
72: 62001 adresses traitées
adresse : bulk pour les ids de 13403459 à 13404458
bulk : {
  "took" : 83,
  "errors" :  ...
72: 63001 adresses traitées
adresse : bulk pour les ids de 13404459 à 13405458
bulk : {
  "took" : 80,
  "errors" :  ...
72: 64001 adresses traitées
adresse : bulk pour les ids de 13405459 à 13406458
bulk : {
  "took" : 100,
  "errors" : ...
72: 65001 adresses traitées
adresse : bulk pour les ids de 13406459 à 13407458
bulk : {
  "took" : 69,
  "errors" :  ...
72: 66001 adresses traitées
72: 67001 adresses traitées
adresse : bulk pour les ids de 13407459 à 13408458
bulk : {
  "took" : 99,
  "errors" :  ...
72: 68001 adresses traitées
adresse : bulk pour les ids de 13408459 à 13409458
bulk : {
  "took" : 66,
  "errors" :  ...
72: 69001 adresses traitées
adresse : bulk pour les ids de 13409459 à 13410458
bulk : {
  "took" : 95,
  "errors" :  ...
72: 70001 adresses traitées
adresse : bulk pour les ids de 13410459 à 13411458
bulk : {
  "took" : 79,
  "errors" :  ...
72: 71001 adresses traitées
adresse : bulk pour les ids de 13411459 à 13412458
bulk : {
  "took" : 87,
  "errors" :  ...
72: 72001 adresses traitées
adresse : bulk pour les ids de 13412459 à 13413458
bulk : {
  "took" : 69,
  "errors" :  ...
72: 73001 adresses traitées
adresse : bulk pour les ids de 13413459 à 13414458
bulk : {
  "took" : 99,
  "errors" :  ...
72: 74001 adresses traitées
adresse : bulk pour les ids de 13414459 à 13415458
bulk : {
  "took" : 69,
  "errors" :  ...
72: 75001 adresses traitées
adresse : bulk pour les ids de 13415459 à 13416458
bulk : {
  "took" : 96,
  "errors" :  ...
72: 76001 adresses traitées
adresse : bulk pour les ids de 13416459 à 13417458
bulk : {
  "took" : 68,
  "errors" :  ...
72: 77001 adresses traitées
adresse : bulk pour les ids de 13417459 à 13418458
bulk : {
  "took" : 101,
  "errors" : ...
72: 78001 adresses traitées
adresse : bulk pour les ids de 13418459 à 13419458
bulk : {
  "took" : 83,
  "errors" :  ...
72: 79001 adresses traitées
adresse : bulk pour les ids de 13419459 à 13420458
bulk : {
  "took" : 81,
  "errors" :  ...
72: 80001 adresses traitées
adresse : bulk pour les ids de 13420459 à 13421458
bulk : {
  "took" : 68,
  "errors" :  ...
72: 81001 adresses traitées
adresse : bulk pour les ids de 13421459 à 13422458
bulk : {
  "took" : 96,
  "errors" :  ...
72: 82001 adresses traitées
adresse : bulk pour les ids de 13422459 à 13423458
bulk : {
  "took" : 79,
  "errors" :  ...
72: 83001 adresses traitées
adresse : bulk pour les ids de 13423459 à 13424458
bulk : {
  "took" : 84,
  "errors" :  ...
72: 84001 adresses traitées
adresse : bulk pour les ids de 13424459 à 13425458
bulk : {
  "took" : 67,
  "errors" :  ...
72: 85001 adresses traitées
adresse : bulk pour les ids de 13425459 à 13426458
bulk : {
  "took" : 96,
  "errors" :  ...
72: 86001 adresses traitées
adresse : bulk pour les ids de 13426459 à 13427458
bulk : {
  "took" : 66,
  "errors" :  ...
72: 87001 adresses traitées
adresse : bulk pour les ids de 13427459 à 13428458
bulk : {
  "took" : 100,
  "errors" : ...
72: 88001 adresses traitées
adresse : bulk pour les ids de 13428459 à 13429458
bulk : {
  "took" : 65,
  "errors" :  ...
72: 89001 adresses traitées
adresse : bulk pour les ids de 13429459 à 13430458
bulk : {
  "took" : 96,
  "errors" :  ...
72: 90001 adresses traitées
adresse : bulk pour les ids de 13430459 à 13431458
bulk : {
  "took" : 78,
  "errors" :  ...
72: 91001 adresses traitées
adresse : bulk pour les ids de 13431459 à 13432458
bulk : {
  "took" : 115,
  "errors" : ...
72: 92001 adresses traitées
adresse : bulk pour les ids de 13432459 à 13433458
bulk : {
  "took" : 67,
  "errors" :  ...
72: 93001 adresses traitées
adresse : bulk pour les ids de 13433459 à 13434458
bulk : {
  "took" : 98,
  "errors" :  ...
72: 94001 adresses traitées
adresse : bulk pour les ids de 13434459 à 13435458
bulk : {
  "took" : 67,
  "errors" :  ...
72: 95001 adresses traitées
adresse : bulk pour les ids de 13435459 à 13436458
bulk : {
  "took" : 98,
  "errors" :  ...
72: 96001 adresses traitées
adresse : bulk pour les ids de 13436459 à 13437458
bulk : {
  "took" : 78,
  "errors" :  ...
72: 97001 adresses traitées
adresse : bulk pour les ids de 13437459 à 13438458
bulk : {
  "took" : 99,
  "errors" :  ...
72: 98001 adresses traitées
adresse : bulk pour les ids de 13438459 à 13439458
bulk : {
  "took" : 421,
  "errors" : ...
72: 99001 adresses traitées
adresse : bulk pour les ids de 13439459 à 13440458
bulk : {
  "took" : 111,
  "errors" : ...
72: 100001 adresses traitées
adresse : bulk pour les ids de 13440459 à 13441458
bulk : {
  "took" : 97,
  "errors" :  ...
72: 101001 adresses traitées
adresse : bulk pour les ids de 13441459 à 13442458
bulk : {
  "took" : 106,
  "errors" : ...
72: 102001 adresses traitées
adresse : bulk pour les ids de 13442459 à 13443458
bulk : {
  "took" : 69,
  "errors" :  ...
72: 103001 adresses traitées
adresse : bulk pour les ids de 13443459 à 13444458
bulk : {
  "took" : 97,
  "errors" :  ...
72: 104001 adresses traitées
adresse : bulk pour les ids de 13444459 à 13445458
bulk : {
  "took" : 66,
  "errors" :  ...
72: 105001 adresses traitées
adresse : bulk pour les ids de 13445459 à 13446458
bulk : {
  "took" : 102,
  "errors" : ...
72: 106001 adresses traitées
adresse : bulk pour les ids de 13446459 à 13447458
bulk : {
  "took" : 68,
  "errors" :  ...
72: 107001 adresses traitées
adresse : bulk pour les ids de 13447459 à 13448458
bulk : {
  "took" : 98,
  "errors" :  ...
72: 108001 adresses traitées
adresse : bulk pour les ids de 13448459 à 13449458
bulk : {
  "took" : 87,
  "errors" :  ...
72: 109001 adresses traitées
72: 110001 adresses traitées
adresse : bulk pour les ids de 13449459 à 13450458
bulk : {
  "took" : 82,
  "errors" :  ...
72: 111001 adresses traitées
adresse : bulk pour les ids de 13450459 à 13451458
bulk : {
  "took" : 82,
  "errors" :  ...
72: 112001 adresses traitées
adresse : bulk pour les ids de 13451459 à 13452458
bulk : {
  "took" : 82,
  "errors" :  ...
72: 113001 adresses traitées
adresse : bulk pour les ids de 13452459 à 13453458
bulk : {
  "took" : 80,
  "errors" :  ...
72: 114001 adresses traitées
adresse : bulk pour les ids de 13453459 à 13454458
bulk : {
  "took" : 83,
  "errors" :  ...
72: 115001 adresses traitées
adresse : bulk pour les ids de 13454459 à 13455458
bulk : {
  "took" : 66,
  "errors" :  ...
72: 116001 adresses traitées
adresse : bulk pour les ids de 13455459 à 13456458
bulk : {
  "took" : 97,
  "errors" :  ...
72: 117001 adresses traitées
adresse : bulk pour les ids de 13456459 à 13457458
bulk : {
  "took" : 82,
  "errors" :  ...
72: 118001 adresses traitées
adresse : bulk pour les ids de 13457459 à 13458458
bulk : {
  "took" : 88,
  "errors" :  ...
72: 119001 adresses traitées
adresse : bulk pour les ids de 13458459 à 13459458
bulk : {
  "took" : 109,
  "errors" : ...
72: 120001 adresses traitées
adresse : bulk pour les ids de 13459459 à 13460458
bulk : {
  "took" : 95,
  "errors" :  ...
72: 121001 adresses traitées
adresse : bulk pour les ids de 13460459 à 13461458
bulk : {
  "took" : 69,
  "errors" :  ...
72: 122001 adresses traitées
adresse : bulk pour les ids de 13461459 à 13462458
bulk : {
  "took" : 83,
  "errors" :  ...
72: 123001 adresses traitées
adresse : bulk pour les ids de 13462459 à 13463458
bulk : {
  "took" : 89,
  "errors" :  ...
72: 124001 adresses traitées
adresse : bulk pour les ids de 13463459 à 13464458
bulk : {
  "took" : 76,
  "errors" :  ...
72: 125001 adresses traitées
adresse : bulk pour les ids de 13464459 à 13465458
bulk : {
  "took" : 88,
  "errors" :  ...
72: 126001 adresses traitées
adresse : bulk pour les ids de 13465459 à 13466458
bulk : {
  "took" : 76,
  "errors" :  ...
72: 127001 adresses traitées
72: 128001 adresses traitées
adresse : bulk pour les ids de 13466459 à 13467458
bulk : {
  "took" : 75,
  "errors" :  ...
72: 129001 adresses traitées
adresse : bulk pour les ids de 13467459 à 13468458
bulk : {
  "took" : 94,
  "errors" :  ...
72: 130001 adresses traitées
adresse : bulk pour les ids de 13468459 à 13469458
bulk : {
  "took" : 74,
  "errors" :  ...
72: 131001 adresses traitées
adresse : bulk pour les ids de 13469459 à 13470458
bulk : {
  "took" : 87,
  "errors" :  ...
72: 132001 adresses traitées
adresse : bulk pour les ids de 13470459 à 13471458
bulk : {
  "took" : 74,
  "errors" :  ...
72: 133001 adresses traitées
adresse : bulk pour les ids de 13471459 à 13472458
bulk : {
  "took" : 96,
  "errors" :  ...
72: 134001 adresses traitées
adresse : bulk pour les ids de 13472459 à 13473458
bulk : {
  "took" : 87,
  "errors" :  ...
72: 135001 adresses traitées
adresse : bulk pour les ids de 13473459 à 13474458
bulk : {
  "took" : 68,
  "errors" :  ...
72: 136001 adresses traitées
adresse : bulk pour les ids de 13474459 à 13475458
bulk : {
  "took" : 93,
  "errors" :  ...
72: 137001 adresses traitées
adresse : bulk pour les ids de 13475459 à 13476458
bulk : {
  "took" : 70,
  "errors" :  ...
72: 138001 adresses traitées
adresse : bulk pour les ids de 13476459 à 13477458
bulk : {
  "took" : 76,
  "errors" :  ...
72: 139001 adresses traitées
adresse : bulk pour les ids de 13477459 à 13478458
bulk : {
  "took" : 87,
  "errors" :  ...
72: 140001 adresses traitées
adresse : bulk pour les ids de 13478459 à 13479458
bulk : {
  "took" : 89,
  "errors" :  ...
72: 141001 adresses traitées
72: 142001 adresses traitées
adresse : bulk pour les ids de 13479459 à 13480458
bulk : {
  "took" : 86,
  "errors" :  ...
72: 143001 adresses traitées
adresse : bulk pour les ids de 13480459 à 13481458
bulk : {
  "took" : 82,
  "errors" :  ...
72: 144001 adresses traitées
adresse : bulk pour les ids de 13481459 à 13482458
bulk : {
  "took" : 87,
  "errors" :  ...
72: 145001 adresses traitées
adresse : bulk pour les ids de 13482459 à 13483458
bulk : {
  "took" : 82,
  "errors" :  ...
72: 146001 adresses traitées
adresse : bulk pour les ids de 13483459 à 13484458
bulk : {
  "took" : 69,
  "errors" :  ...
72: 147001 adresses traitées
adresse : bulk pour les ids de 13484459 à 13485458
bulk : {
  "took" : 95,
  "errors" :  ...
72: 148001 adresses traitées
adresse : bulk pour les ids de 13485459 à 13486458
bulk : {
  "took" : 69,
  "errors" :  ...
72: 149001 adresses traitées
adresse : bulk pour les ids de 13486459 à 13487458
bulk : {
  "took" : 90,
  "errors" :  ...
72: 150001 adresses traitées
adresse : bulk pour les ids de 13487459 à 13488458
bulk : {
  "took" : 69,
  "errors" :  ...
72: 151001 adresses traitées
adresse : bulk pour les ids de 13488459 à 13489458
bulk : {
  "took" : 95,
  "errors" :  ...
72: 152001 adresses traitées
adresse : bulk pour les ids de 13489459 à 13490458
bulk : {
  "took" : 82,
  "errors" :  ...
72: 153001 adresses traitées
adresse : bulk pour les ids de 13490459 à 13491458
bulk : {
  "took" : 87,
  "errors" :  ...
72: 154001 adresses traitées
adresse : bulk pour les ids de 13491459 à 13492458
bulk : {
  "took" : 82,
  "errors" :  ...
72: 155001 adresses traitées
adresse : bulk pour les ids de 13492459 à 13493458
bulk : {
  "took" : 91,
  "errors" :  ...
72: 156001 adresses traitées
72: 157001 adresses traitées
adresse : bulk pour les ids de 13493459 à 13494458
bulk : {
  "took" : 67,
  "errors" :  ...
72: 158001 adresses traitées
adresse : bulk pour les ids de 13494459 à 13495458
bulk : {
  "took" : 98,
  "errors" :  ...
72: 159001 adresses traitées
adresse : bulk pour les ids de 13495459 à 13496458
bulk : {
  "took" : 68,
  "errors" :  ...
72: 160001 adresses traitées
adresse : bulk pour les ids de 13496459 à 13497458
bulk : {
  "took" : 79,
  "errors" :  ...
72: 161001 adresses traitées
adresse : bulk pour les ids de 13497459 à 13498458
bulk : {
  "took" : 81,
  "errors" :  ...
72: 162001 adresses traitées
adresse : bulk pour les ids de 13498459 à 13499458
bulk : {
  "took" : 78,
  "errors" :  ...
72: 163001 adresses traitées
adresse : bulk pour les ids de 13499459 à 13500458
bulk : {
  "took" : 88,
  "errors" :  ...
72: 164001 adresses traitées
adresse : bulk pour les ids de 13500459 à 13501458
bulk : {
  "took" : 76,
  "errors" :  ...
72: 165001 adresses traitées
adresse : bulk pour les ids de 13501459 à 13502458
bulk : {
  "took" : 66,
  "errors" :  ...
72: 166001 adresses traitées
adresse : bulk pour les ids de 13502459 à 13503458
bulk : {
  "took" : 90,
  "errors" :  ...
72: 167001 adresses traitées
72: 168001 adresses traitées
adresse : bulk pour les ids de 13503459 à 13504458
bulk : {
  "took" : 70,
  "errors" :  ...
72: 169001 adresses traitées
adresse : bulk pour les ids de 13504459 à 13505458
bulk : {
  "took" : 94,
  "errors" :  ...
72: 170001 adresses traitées
adresse : bulk pour les ids de 13505459 à 13506458
bulk : {
  "took" : 69,
  "errors" :  ...
72: 171001 adresses traitées
adresse : bulk pour les ids de 13506459 à 13507458
bulk : {
  "took" : 97,
  "errors" :  ...
72: 172001 adresses traitées
adresse : bulk pour les ids de 13507459 à 13508458
bulk : {
  "took" : 84,
  "errors" :  ...
72: 173001 adresses traitées
adresse : bulk pour les ids de 13508459 à 13509458
bulk : {
  "took" : 79,
  "errors" :  ...
72: 174001 adresses traitées
adresse : bulk pour les ids de 13509459 à 13510458
bulk : {
  "took" : 80,
  "errors" :  ...
72: 175001 adresses traitées
adresse : bulk pour les ids de 13510459 à 13511458
bulk : {
  "took" : 91,
  "errors" :  ...
72: 176001 adresses traitées
72: 177001 adresses traitées
adresse : bulk pour les ids de 13511459 à 13512458
bulk : {
  "took" : 69,
  "errors" :  ...
72: 178001 adresses traitées
adresse : bulk pour les ids de 13512459 à 13513458
bulk : {
  "took" : 92,
  "errors" :  ...
72: 179001 adresses traitées
adresse : bulk pour les ids de 13513459 à 13514458
bulk : {
  "took" : 74,
  "errors" :  ...
72: 180001 adresses traitées
adresse : bulk pour les ids de 13514459 à 13515458
bulk : {
  "took" : 79,
  "errors" :  ...
72: 181001 adresses traitées
adresse : bulk pour les ids de 13515459 à 13516458
bulk : {
  "took" : 86,
  "errors" :  ...
72: 182001 adresses traitées
adresse : bulk pour les ids de 13516459 à 13517458
bulk : {
  "took" : 81,
  "errors" :  ...
72: 183001 adresses traitées
adresse : bulk pour les ids de 13517459 à 13518458
bulk : {
  "took" : 86,
  "errors" :  ...
72: 184001 adresses traitées
adresse : bulk pour les ids de 13518459 à 13519458
bulk : {
  "took" : 97,
  "errors" :  ...
72: 185001 adresses traitées
adresse : bulk pour les ids de 13519459 à 13520458
bulk : {
  "took" : 73,
  "errors" :  ...
72: 186001 adresses traitées
72: 187001 adresses traitées
adresse : bulk pour les ids de 13520459 à 13521458
bulk : {
  "took" : 97,
  "errors" :  ...
72: 188001 adresses traitées
adresse : bulk pour les ids de 13521459 à 13522458
bulk : {
  "took" : 68,
  "errors" :  ...
72: 189001 adresses traitées
adresse : bulk pour les ids de 13522459 à 13523458
bulk : {
  "took" : 101,
  "errors" : ...
72: 190001 adresses traitées
adresse : bulk pour les ids de 13523459 à 13524458
bulk : {
  "took" : 82,
  "errors" :  ...
72: 191001 adresses traitées
adresse : bulk pour les ids de 13524459 à 13525458
bulk : {
  "took" : 87,
  "errors" :  ...
72: 192001 adresses traitées
adresse : bulk pour les ids de 13525459 à 13526458
bulk : {
  "took" : 83,
  "errors" :  ...
adresse : bulk pour les ids de 13526459 à 13526997
bulk : {
  "took" : 48,
  "errors" :  ...
dpt 73 : voies
73: 1 voies traitées
voie : bulk pour les ids de 978491 à 978690
bulk : {
  "took" : 13,
  "errors" :  ...
73: 201 voies traitées
voie : bulk pour les ids de 978691 à 978890
bulk : {
  "took" : 12,
  "errors" :  ...
73: 401 voies traitées
voie : bulk pour les ids de 978891 à 979090
bulk : {
  "took" : 13,
  "errors" :  ...
73: 601 voies traitées
voie : bulk pour les ids de 979091 à 979290
bulk : {
  "took" : 13,
  "errors" :  ...
73: 801 voies traitées
voie : bulk pour les ids de 979291 à 979490
bulk : {
  "took" : 12,
  "errors" :  ...
73: 1001 voies traitées
voie : bulk pour les ids de 979491 à 979690
bulk : {
  "took" : 12,
  "errors" :  ...
73: 1201 voies traitées
voie : bulk pour les ids de 979691 à 979890
bulk : {
  "took" : 12,
  "errors" :  ...
73: 1401 voies traitées
voie : bulk pour les ids de 979891 à 980090
bulk : {
  "took" : 12,
  "errors" :  ...
73: 1601 voies traitées
voie : bulk pour les ids de 980091 à 980290
bulk : {
  "took" : 12,
  "errors" :  ...
73: 1801 voies traitées
voie : bulk pour les ids de 980291 à 980490
bulk : {
  "took" : 12,
  "errors" :  ...
73: 2001 voies traitées
voie : bulk pour les ids de 980491 à 980690
bulk : {
  "took" : 25,
  "errors" :  ...
73: 2201 voies traitées
voie : bulk pour les ids de 980691 à 980890
bulk : {
  "took" : 12,
  "errors" :  ...
73: 2401 voies traitées
voie : bulk pour les ids de 980891 à 981090
bulk : {
  "took" : 12,
  "errors" :  ...
73: 2601 voies traitées
voie : bulk pour les ids de 981091 à 981290
bulk : {
  "took" : 12,
  "errors" :  ...
73: 2801 voies traitées
voie : bulk pour les ids de 981291 à 981490
bulk : {
  "took" : 12,
  "errors" :  ...
73: 3001 voies traitées
voie : bulk pour les ids de 981491 à 981690
bulk : {
  "took" : 12,
  "errors" :  ...
73: 3201 voies traitées
voie : bulk pour les ids de 981691 à 981890
bulk : {
  "took" : 13,
  "errors" :  ...
73: 3401 voies traitées
voie : bulk pour les ids de 981891 à 982090
bulk : {
  "took" : 13,
  "errors" :  ...
73: 3601 voies traitées
voie : bulk pour les ids de 982091 à 982290
bulk : {
  "took" : 27,
  "errors" :  ...
73: 3801 voies traitées
voie : bulk pour les ids de 982291 à 982490
bulk : {
  "took" : 30,
  "errors" :  ...
73: 4001 voies traitées
voie : bulk pour les ids de 982491 à 982690
bulk : {
  "took" : 12,
  "errors" :  ...
73: 4201 voies traitées
voie : bulk pour les ids de 982691 à 982890
bulk : {
  "took" : 12,
  "errors" :  ...
73: 4401 voies traitées
voie : bulk pour les ids de 982891 à 983090
bulk : {
  "took" : 13,
  "errors" :  ...
73: 4601 voies traitées
voie : bulk pour les ids de 983091 à 983290
bulk : {
  "took" : 12,
  "errors" :  ...
73: 4801 voies traitées
voie : bulk pour les ids de 983291 à 983490
bulk : {
  "took" : 11,
  "errors" :  ...
73: 5001 voies traitées
voie : bulk pour les ids de 983491 à 983690
bulk : {
  "took" : 12,
  "errors" :  ...
73: 5201 voies traitées
voie : bulk pour les ids de 983691 à 983890
bulk : {
  "took" : 12,
  "errors" :  ...
73: 5401 voies traitées
voie : bulk pour les ids de 983891 à 984090
bulk : {
  "took" : 12,
  "errors" :  ...
73: 5601 voies traitées
voie : bulk pour les ids de 984091 à 984290
bulk : {
  "took" : 12,
  "errors" :  ...
73: 5801 voies traitées
voie : bulk pour les ids de 984291 à 984490
bulk : {
  "took" : 12,
  "errors" :  ...
73: 6001 voies traitées
voie : bulk pour les ids de 984491 à 984690
bulk : {
  "took" : 25,
  "errors" :  ...
73: 6201 voies traitées
voie : bulk pour les ids de 984691 à 984890
bulk : {
  "took" : 13,
  "errors" :  ...
73: 6401 voies traitées
voie : bulk pour les ids de 984891 à 985090
bulk : {
  "took" : 13,
  "errors" :  ...
73: 6601 voies traitées
voie : bulk pour les ids de 985091 à 985290
bulk : {
  "took" : 13,
  "errors" :  ...
73: 6801 voies traitées
voie : bulk pour les ids de 985291 à 985490
bulk : {
  "took" : 12,
  "errors" :  ...
73: 7001 voies traitées
voie : bulk pour les ids de 985491 à 985690
bulk : {
  "took" : 13,
  "errors" :  ...
73: 7201 voies traitées
voie : bulk pour les ids de 985691 à 985890
bulk : {
  "took" : 31,
  "errors" :  ...
73: 7401 voies traitées
voie : bulk pour les ids de 985891 à 986090
bulk : {
  "took" : 12,
  "errors" :  ...
73: 7601 voies traitées
voie : bulk pour les ids de 986091 à 986290
bulk : {
  "took" : 28,
  "errors" :  ...
73: 7801 voies traitées
voie : bulk pour les ids de 986291 à 986490
bulk : {
  "took" : 12,
  "errors" :  ...
73: 8001 voies traitées
voie : bulk pour les ids de 986491 à 986690
bulk : {
  "took" : 12,
  "errors" :  ...
73: 8201 voies traitées
voie : bulk pour les ids de 986691 à 986726
bulk : {
  "took" : 3,
  "errors" : f ...
dpt 73 : adresses
73: 1 adresses traitées
73: 1001 adresses traitées
adresse : bulk pour les ids de 13526998 à 13527997
bulk : {
  "took" : 95,
  "errors" :  ...
73: 2001 adresses traitées
adresse : bulk pour les ids de 13527998 à 13528997
bulk : {
  "took" : 88,
  "errors" :  ...
73: 3001 adresses traitées
adresse : bulk pour les ids de 13528998 à 13529997
bulk : {
  "took" : 90,
  "errors" :  ...
73: 4001 adresses traitées
73: 5001 adresses traitées
adresse : bulk pour les ids de 13529998 à 13530997
bulk : {
  "took" : 86,
  "errors" :  ...
73: 6001 adresses traitées
adresse : bulk pour les ids de 13530998 à 13531997
bulk : {
  "took" : 72,
  "errors" :  ...
73: 7001 adresses traitées
adresse : bulk pour les ids de 13531998 à 13532997
bulk : {
  "took" : 106,
  "errors" : ...
73: 8001 adresses traitées
73: 9001 adresses traitées
adresse : bulk pour les ids de 13532998 à 13533997
bulk : {
  "took" : 86,
  "errors" :  ...
73: 10001 adresses traitées
adresse : bulk pour les ids de 13533998 à 13534997
bulk : {
  "took" : 73,
  "errors" :  ...
73: 11001 adresses traitées
adresse : bulk pour les ids de 13534998 à 13535997
bulk : {
  "took" : 107,
  "errors" : ...
73: 12001 adresses traitées
adresse : bulk pour les ids de 13535998 à 13536997
bulk : {
  "took" : 72,
  "errors" :  ...
73: 13001 adresses traitées
adresse : bulk pour les ids de 13536998 à 13537997
bulk : {
  "took" : 88,
  "errors" :  ...
73: 14001 adresses traitées
adresse : bulk pour les ids de 13537998 à 13538997
bulk : {
  "took" : 98,
  "errors" :  ...
73: 15001 adresses traitées
adresse : bulk pour les ids de 13538998 à 13539997
bulk : {
  "took" : 74,
  "errors" :  ...
73: 16001 adresses traitées
adresse : bulk pour les ids de 13539998 à 13540997
bulk : {
  "took" : 86,
  "errors" :  ...
73: 17001 adresses traitées
adresse : bulk pour les ids de 13540998 à 13541997
bulk : {
  "took" : 91,
  "errors" :  ...
73: 18001 adresses traitées
adresse : bulk pour les ids de 13541998 à 13542997
bulk : {
  "took" : 87,
  "errors" :  ...
73: 19001 adresses traitées
adresse : bulk pour les ids de 13542998 à 13543997
bulk : {
  "took" : 92,
  "errors" :  ...
73: 20001 adresses traitées
adresse : bulk pour les ids de 13543998 à 13544997
bulk : {
  "took" : 88,
  "errors" :  ...
73: 21001 adresses traitées
adresse : bulk pour les ids de 13544998 à 13545997
bulk : {
  "took" : 88,
  "errors" :  ...
73: 22001 adresses traitées
73: 23001 adresses traitées
adresse : bulk pour les ids de 13545998 à 13546997
bulk : {
  "took" : 89,
  "errors" :  ...
73: 24001 adresses traitées
adresse : bulk pour les ids de 13546998 à 13547997
bulk : {
  "took" : 88,
  "errors" :  ...
73: 25001 adresses traitées
adresse : bulk pour les ids de 13547998 à 13548997
bulk : {
  "took" : 86,
  "errors" :  ...
73: 26001 adresses traitées
adresse : bulk pour les ids de 13548998 à 13549997
bulk : {
  "took" : 78,
  "errors" :  ...
73: 27001 adresses traitées
adresse : bulk pour les ids de 13549998 à 13550997
bulk : {
  "took" : 87,
  "errors" :  ...
73: 28001 adresses traitées
adresse : bulk pour les ids de 13550998 à 13551997
bulk : {
  "took" : 83,
  "errors" :  ...
73: 29001 adresses traitées
adresse : bulk pour les ids de 13551998 à 13552997
bulk : {
  "took" : 84,
  "errors" :  ...
73: 30001 adresses traitées
adresse : bulk pour les ids de 13552998 à 13553997
bulk : {
  "took" : 78,
  "errors" :  ...
73: 31001 adresses traitées
adresse : bulk pour les ids de 13553998 à 13554997
bulk : {
  "took" : 73,
  "errors" :  ...
73: 32001 adresses traitées
73: 33001 adresses traitées
adresse : bulk pour les ids de 13554998 à 13555997
bulk : {
  "took" : 94,
  "errors" :  ...
73: 34001 adresses traitées
adresse : bulk pour les ids de 13555998 à 13556997
bulk : {
  "took" : 88,
  "errors" :  ...
73: 35001 adresses traitées
adresse : bulk pour les ids de 13556998 à 13557997
bulk : {
  "took" : 70,
  "errors" :  ...
73: 36001 adresses traitées
73: 37001 adresses traitées
adresse : bulk pour les ids de 13557998 à 13558997
bulk : {
  "took" : 102,
  "errors" : ...
73: 38001 adresses traitées
adresse : bulk pour les ids de 13558998 à 13559997
bulk : {
  "took" : 80,
  "errors" :  ...
73: 39001 adresses traitées
adresse : bulk pour les ids de 13559998 à 13560997
bulk : {
  "took" : 77,
  "errors" :  ...
73: 40001 adresses traitées
adresse : bulk pour les ids de 13560998 à 13561997
bulk : {
  "took" : 91,
  "errors" :  ...
73: 41001 adresses traitées
73: 42001 adresses traitées
adresse : bulk pour les ids de 13561998 à 13562997
bulk : {
  "took" : 85,
  "errors" :  ...
73: 43001 adresses traitées
adresse : bulk pour les ids de 13562998 à 13563997
bulk : {
  "took" : 69,
  "errors" :  ...
73: 44001 adresses traitées
adresse : bulk pour les ids de 13563998 à 13564997
bulk : {
  "took" : 100,
  "errors" : ...
73: 45001 adresses traitées
adresse : bulk pour les ids de 13564998 à 13565997
bulk : {
  "took" : 104,
  "errors" : ...
73: 46001 adresses traitées
adresse : bulk pour les ids de 13565998 à 13566997
bulk : {
  "took" : 69,
  "errors" :  ...
73: 47001 adresses traitées
73: 48001 adresses traitées
adresse : bulk pour les ids de 13566998 à 13567997
bulk : {
  "took" : 95,
  "errors" :  ...
73: 49001 adresses traitées
adresse : bulk pour les ids de 13567998 à 13568997
bulk : {
  "took" : 70,
  "errors" :  ...
73: 50001 adresses traitées
adresse : bulk pour les ids de 13568998 à 13569997
bulk : {
  "took" : 103,
  "errors" : ...
73: 51001 adresses traitées
adresse : bulk pour les ids de 13569998 à 13570997
bulk : {
  "took" : 85,
  "errors" :  ...
73: 52001 adresses traitées
adresse : bulk pour les ids de 13570998 à 13571997
bulk : {
  "took" : 85,
  "errors" :  ...
73: 53001 adresses traitées
73: 54001 adresses traitées
adresse : bulk pour les ids de 13571998 à 13572997
bulk : {
  "took" : 67,
  "errors" :  ...
73: 55001 adresses traitées
adresse : bulk pour les ids de 13572998 à 13573997
bulk : {
  "took" : 96,
  "errors" :  ...
73: 56001 adresses traitées
adresse : bulk pour les ids de 13573998 à 13574997
bulk : {
  "took" : 66,
  "errors" :  ...
73: 57001 adresses traitées
adresse : bulk pour les ids de 13574998 à 13575997
bulk : {
  "took" : 83,
  "errors" :  ...
73: 58001 adresses traitées
adresse : bulk pour les ids de 13575998 à 13576997
bulk : {
  "took" : 79,
  "errors" :  ...
73: 59001 adresses traitées
adresse : bulk pour les ids de 13576998 à 13577997
bulk : {
  "took" : 82,
  "errors" :  ...
73: 60001 adresses traitées
adresse : bulk pour les ids de 13577998 à 13578997
bulk : {
  "took" : 86,
  "errors" :  ...
73: 61001 adresses traitées
adresse : bulk pour les ids de 13578998 à 13579997
bulk : {
  "took" : 84,
  "errors" :  ...
73: 62001 adresses traitées
adresse : bulk pour les ids de 13579998 à 13580997
bulk : {
  "took" : 70,
  "errors" :  ...
73: 63001 adresses traitées
73: 64001 adresses traitées
adresse : bulk pour les ids de 13580998 à 13581997
bulk : {
  "took" : 96,
  "errors" :  ...
73: 65001 adresses traitées
adresse : bulk pour les ids de 13581998 à 13582997
bulk : {
  "took" : 69,
  "errors" :  ...
73: 66001 adresses traitées
adresse : bulk pour les ids de 13582998 à 13583997
bulk : {
  "took" : 96,
  "errors" :  ...
73: 67001 adresses traitées
adresse : bulk pour les ids de 13583998 à 13584997
bulk : {
  "took" : 84,
  "errors" :  ...
73: 68001 adresses traitées
73: 69001 adresses traitées
adresse : bulk pour les ids de 13584998 à 13585997
bulk : {
  "took" : 77,
  "errors" :  ...
73: 70001 adresses traitées
adresse : bulk pour les ids de 13585998 à 13586997
bulk : {
  "took" : 103,
  "errors" : ...
73: 71001 adresses traitées
adresse : bulk pour les ids de 13586998 à 13587997
bulk : {
  "took" : 76,
  "errors" :  ...
73: 72001 adresses traitées
adresse : bulk pour les ids de 13587998 à 13588997
bulk : {
  "took" : 86,
  "errors" :  ...
73: 73001 adresses traitées
73: 74001 adresses traitées
adresse : bulk pour les ids de 13588998 à 13589997
bulk : {
  "took" : 82,
  "errors" :  ...
73: 75001 adresses traitées
73: 76001 adresses traitées
adresse : bulk pour les ids de 13589998 à 13590997
bulk : {
  "took" : 98,
  "errors" :  ...
73: 77001 adresses traitées
73: 78001 adresses traitées
adresse : bulk pour les ids de 13590998 à 13591997
bulk : {
  "took" : 69,
  "errors" :  ...
73: 79001 adresses traitées
73: 80001 adresses traitées
73: 81001 adresses traitées
adresse : bulk pour les ids de 13591998 à 13592997
bulk : {
  "took" : 99,
  "errors" :  ...
73: 82001 adresses traitées
73: 83001 adresses traitées
adresse : bulk pour les ids de 13592998 à 13593997
bulk : {
  "took" : 84,
  "errors" :  ...
73: 84001 adresses traitées
adresse : bulk pour les ids de 13593998 à 13594997
bulk : {
  "took" : 84,
  "errors" :  ...
73: 85001 adresses traitées
adresse : bulk pour les ids de 13594998 à 13595997
bulk : {
  "took" : 84,
  "errors" :  ...
73: 86001 adresses traitées
73: 87001 adresses traitées
adresse : bulk pour les ids de 13595998 à 13596997
bulk : {
  "took" : 77,
  "errors" :  ...
73: 88001 adresses traitées
adresse : bulk pour les ids de 13596998 à 13597997
bulk : {
  "took" : 98,
  "errors" :  ...
73: 89001 adresses traitées
adresse : bulk pour les ids de 13597998 à 13598997
bulk : {
  "took" : 84,
  "errors" :  ...
73: 90001 adresses traitées
73: 91001 adresses traitées
adresse : bulk pour les ids de 13598998 à 13599997
bulk : {
  "took" : 82,
  "errors" :  ...
73: 92001 adresses traitées
adresse : bulk pour les ids de 13599998 à 13600997
bulk : {
  "took" : 83,
  "errors" :  ...
73: 93001 adresses traitées
adresse : bulk pour les ids de 13600998 à 13601997
bulk : {
  "took" : 100,
  "errors" : ...
73: 94001 adresses traitées
adresse : bulk pour les ids de 13601998 à 13602997
bulk : {
  "took" : 70,
  "errors" :  ...
73: 95001 adresses traitées
adresse : bulk pour les ids de 13602998 à 13603997
bulk : {
  "took" : 92,
  "errors" :  ...
73: 96001 adresses traitées
adresse : bulk pour les ids de 13603998 à 13604997
bulk : {
  "took" : 93,
  "errors" :  ...
73: 97001 adresses traitées
adresse : bulk pour les ids de 13604998 à 13605997
bulk : {
  "took" : 80,
  "errors" :  ...
73: 98001 adresses traitées
adresse : bulk pour les ids de 13605998 à 13606997
bulk : {
  "took" : 89,
  "errors" :  ...
73: 99001 adresses traitées
adresse : bulk pour les ids de 13606998 à 13607981
bulk : {
  "took" : 85,
  "errors" :  ...
dpt 74 : voies
74: 1 voies traitées
voie : bulk pour les ids de 986727 à 986926
bulk : {
  "took" : 14,
  "errors" :  ...
74: 201 voies traitées
voie : bulk pour les ids de 986927 à 987126
bulk : {
  "took" : 13,
  "errors" :  ...
74: 401 voies traitées
voie : bulk pour les ids de 987127 à 987326
bulk : {
  "took" : 12,
  "errors" :  ...
74: 601 voies traitées
voie : bulk pour les ids de 987327 à 987526
bulk : {
  "took" : 12,
  "errors" :  ...
74: 801 voies traitées
voie : bulk pour les ids de 987527 à 987726
bulk : {
  "took" : 12,
  "errors" :  ...
74: 1001 voies traitées
voie : bulk pour les ids de 987727 à 987926
bulk : {
  "took" : 13,
  "errors" :  ...
74: 1201 voies traitées
voie : bulk pour les ids de 987927 à 988126
bulk : {
  "took" : 34,
  "errors" :  ...
74: 1401 voies traitées
voie : bulk pour les ids de 988127 à 988326
bulk : {
  "took" : 14,
  "errors" :  ...
74: 1601 voies traitées
voie : bulk pour les ids de 988327 à 988526
bulk : {
  "took" : 13,
  "errors" :  ...
74: 1801 voies traitées
voie : bulk pour les ids de 988527 à 988726
bulk : {
  "took" : 13,
  "errors" :  ...
74: 2001 voies traitées
voie : bulk pour les ids de 988727 à 988926
bulk : {
  "took" : 12,
  "errors" :  ...
74: 2201 voies traitées
voie : bulk pour les ids de 988927 à 989126
bulk : {
  "took" : 13,
  "errors" :  ...
74: 2401 voies traitées
voie : bulk pour les ids de 989127 à 989326
bulk : {
  "took" : 12,
  "errors" :  ...
74: 2601 voies traitées
voie : bulk pour les ids de 989327 à 989526
bulk : {
  "took" : 12,
  "errors" :  ...
74: 2801 voies traitées
voie : bulk pour les ids de 989527 à 989726
bulk : {
  "took" : 30,
  "errors" :  ...
74: 3001 voies traitées
voie : bulk pour les ids de 989727 à 989926
bulk : {
  "took" : 30,
  "errors" :  ...
74: 3201 voies traitées
voie : bulk pour les ids de 989927 à 990126
bulk : {
  "took" : 13,
  "errors" :  ...
74: 3401 voies traitées
voie : bulk pour les ids de 990127 à 990326
bulk : {
  "took" : 13,
  "errors" :  ...
74: 3601 voies traitées
voie : bulk pour les ids de 990327 à 990526
bulk : {
  "took" : 12,
  "errors" :  ...
74: 3801 voies traitées
voie : bulk pour les ids de 990527 à 990726
bulk : {
  "took" : 12,
  "errors" :  ...
74: 4001 voies traitées
voie : bulk pour les ids de 990727 à 990926
bulk : {
  "took" : 25,
  "errors" :  ...
74: 4201 voies traitées
voie : bulk pour les ids de 990927 à 991126
bulk : {
  "took" : 12,
  "errors" :  ...
74: 4401 voies traitées
voie : bulk pour les ids de 991127 à 991326
bulk : {
  "took" : 12,
  "errors" :  ...
74: 4601 voies traitées
voie : bulk pour les ids de 991327 à 991526
bulk : {
  "took" : 12,
  "errors" :  ...
74: 4801 voies traitées
voie : bulk pour les ids de 991527 à 991726
bulk : {
  "took" : 12,
  "errors" :  ...
74: 5001 voies traitées
voie : bulk pour les ids de 991727 à 991926
bulk : {
  "took" : 13,
  "errors" :  ...
74: 5201 voies traitées
voie : bulk pour les ids de 991927 à 992126
bulk : {
  "took" : 13,
  "errors" :  ...
74: 5401 voies traitées
voie : bulk pour les ids de 992127 à 992326
bulk : {
  "took" : 13,
  "errors" :  ...
74: 5601 voies traitées
voie : bulk pour les ids de 992327 à 992526
bulk : {
  "took" : 12,
  "errors" :  ...
74: 5801 voies traitées
voie : bulk pour les ids de 992527 à 992726
bulk : {
  "took" : 12,
  "errors" :  ...
74: 6001 voies traitées
voie : bulk pour les ids de 992727 à 992926
bulk : {
  "took" : 12,
  "errors" :  ...
74: 6201 voies traitées
voie : bulk pour les ids de 992927 à 993126
bulk : {
  "took" : 24,
  "errors" :  ...
74: 6401 voies traitées
voie : bulk pour les ids de 993127 à 993326
bulk : {
  "took" : 30,
  "errors" :  ...
74: 6601 voies traitées
voie : bulk pour les ids de 993327 à 993526
bulk : {
  "took" : 12,
  "errors" :  ...
74: 6801 voies traitées
voie : bulk pour les ids de 993527 à 993726
bulk : {
  "took" : 13,
  "errors" :  ...
74: 7001 voies traitées
voie : bulk pour les ids de 993727 à 993926
bulk : {
  "took" : 13,
  "errors" :  ...
74: 7201 voies traitées
voie : bulk pour les ids de 993927 à 994126
bulk : {
  "took" : 12,
  "errors" :  ...
74: 7401 voies traitées
voie : bulk pour les ids de 994127 à 994326
bulk : {
  "took" : 12,
  "errors" :  ...
74: 7601 voies traitées
voie : bulk pour les ids de 994327 à 994526
bulk : {
  "took" : 11,
  "errors" :  ...
74: 7801 voies traitées
voie : bulk pour les ids de 994527 à 994726
bulk : {
  "took" : 12,
  "errors" :  ...
74: 8001 voies traitées
voie : bulk pour les ids de 994727 à 994926
bulk : {
  "took" : 24,
  "errors" :  ...
74: 8201 voies traitées
voie : bulk pour les ids de 994927 à 995126
bulk : {
  "took" : 12,
  "errors" :  ...
74: 8401 voies traitées
voie : bulk pour les ids de 995127 à 995326
bulk : {
  "took" : 12,
  "errors" :  ...
74: 8601 voies traitées
voie : bulk pour les ids de 995327 à 995526
bulk : {
  "took" : 11,
  "errors" :  ...
74: 8801 voies traitées
voie : bulk pour les ids de 995527 à 995726
bulk : {
  "took" : 11,
  "errors" :  ...
74: 9001 voies traitées
voie : bulk pour les ids de 995727 à 995926
bulk : {
  "took" : 12,
  "errors" :  ...
74: 9201 voies traitées
voie : bulk pour les ids de 995927 à 996126
bulk : {
  "took" : 12,
  "errors" :  ...
74: 9401 voies traitées
voie : bulk pour les ids de 996127 à 996326
bulk : {
  "took" : 11,
  "errors" :  ...
74: 9601 voies traitées
voie : bulk pour les ids de 996327 à 996526
bulk : {
  "took" : 13,
  "errors" :  ...
74: 9801 voies traitées
voie : bulk pour les ids de 996527 à 996726
bulk : {
  "took" : 12,
  "errors" :  ...
74: 10001 voies traitées
voie : bulk pour les ids de 996727 à 996926
bulk : {
  "took" : 15,
  "errors" :  ...
74: 10201 voies traitées
voie : bulk pour les ids de 996927 à 997126
bulk : {
  "took" : 35,
  "errors" :  ...
74: 10401 voies traitées
voie : bulk pour les ids de 997127 à 997326
bulk : {
  "took" : 11,
  "errors" :  ...
74: 10601 voies traitées
voie : bulk pour les ids de 997327 à 997526
bulk : {
  "took" : 12,
  "errors" :  ...
74: 10801 voies traitées
voie : bulk pour les ids de 997527 à 997726
bulk : {
  "took" : 13,
  "errors" :  ...
74: 11001 voies traitées
voie : bulk pour les ids de 997727 à 997926
bulk : {
  "took" : 12,
  "errors" :  ...
74: 11201 voies traitées
voie : bulk pour les ids de 997927 à 998126
bulk : {
  "took" : 12,
  "errors" :  ...
74: 11401 voies traitées
voie : bulk pour les ids de 998127 à 998326
bulk : {
  "took" : 12,
  "errors" :  ...
74: 11601 voies traitées
voie : bulk pour les ids de 998327 à 998526
bulk : {
  "took" : 12,
  "errors" :  ...
74: 11801 voies traitées
voie : bulk pour les ids de 998527 à 998726
bulk : {
  "took" : 12,
  "errors" :  ...
74: 12001 voies traitées
voie : bulk pour les ids de 998727 à 998926
bulk : {
  "took" : 26,
  "errors" :  ...
74: 12201 voies traitées
voie : bulk pour les ids de 998927 à 999126
bulk : {
  "took" : 12,
  "errors" :  ...
74: 12401 voies traitées
voie : bulk pour les ids de 999127 à 999326
bulk : {
  "took" : 11,
  "errors" :  ...
74: 12601 voies traitées
voie : bulk pour les ids de 999327 à 999526
bulk : {
  "took" : 12,
  "errors" :  ...
74: 12801 voies traitées
voie : bulk pour les ids de 999527 à 999726
bulk : {
  "took" : 12,
  "errors" :  ...
74: 13001 voies traitées
voie : bulk pour les ids de 999727 à 999926
bulk : {
  "took" : 12,
  "errors" :  ...
74: 13201 voies traitées
voie : bulk pour les ids de 999927 à 1000126
bulk : {
  "took" : 12,
  "errors" :  ...
74: 13401 voies traitées
voie : bulk pour les ids de 1000127 à 1000326
bulk : {
  "took" : 12,
  "errors" :  ...
74: 13601 voies traitées
voie : bulk pour les ids de 1000327 à 1000526
bulk : {
  "took" : 12,
  "errors" :  ...
74: 13801 voies traitées
voie : bulk pour les ids de 1000527 à 1000726
bulk : {
  "took" : 30,
  "errors" :  ...
74: 14001 voies traitées
voie : bulk pour les ids de 1000727 à 1000926
bulk : {
  "took" : 30,
  "errors" :  ...
74: 14201 voies traitées
voie : bulk pour les ids de 1000927 à 1001126
bulk : {
  "took" : 12,
  "errors" :  ...
74: 14401 voies traitées
voie : bulk pour les ids de 1001127 à 1001326
bulk : {
  "took" : 12,
  "errors" :  ...
74: 14601 voies traitées
voie : bulk pour les ids de 1001327 à 1001526
bulk : {
  "took" : 12,
  "errors" :  ...
74: 14801 voies traitées
voie : bulk pour les ids de 1001527 à 1001726
bulk : {
  "took" : 12,
  "errors" :  ...
74: 15001 voies traitées
voie : bulk pour les ids de 1001727 à 1001926
bulk : {
  "took" : 12,
  "errors" :  ...
74: 15201 voies traitées
voie : bulk pour les ids de 1001927 à 1002126
bulk : {
  "took" : 12,
  "errors" :  ...
74: 15401 voies traitées
voie : bulk pour les ids de 1002127 à 1002326
bulk : {
  "took" : 24,
  "errors" :  ...
74: 15601 voies traitées
voie : bulk pour les ids de 1002327 à 1002526
bulk : {
  "took" : 12,
  "errors" :  ...
74: 15801 voies traitées
voie : bulk pour les ids de 1002527 à 1002726
bulk : {
  "took" : 13,
  "errors" :  ...
74: 16001 voies traitées
voie : bulk pour les ids de 1002727 à 1002926
bulk : {
  "took" : 12,
  "errors" :  ...
74: 16201 voies traitées
voie : bulk pour les ids de 1002927 à 1003126
bulk : {
  "took" : 12,
  "errors" :  ...
74: 16401 voies traitées
voie : bulk pour les ids de 1003127 à 1003326
bulk : {
  "took" : 13,
  "errors" :  ...
74: 16601 voies traitées
voie : bulk pour les ids de 1003327 à 1003526
bulk : {
  "took" : 13,
  "errors" :  ...
74: 16801 voies traitées
voie : bulk pour les ids de 1003527 à 1003726
bulk : {
  "took" : 25,
  "errors" :  ...
74: 17001 voies traitées
voie : bulk pour les ids de 1003727 à 1003926
bulk : {
  "took" : 12,
  "errors" :  ...
74: 17201 voies traitées
voie : bulk pour les ids de 1003927 à 1004126
bulk : {
  "took" : 12,
  "errors" :  ...
74: 17401 voies traitées
voie : bulk pour les ids de 1004127 à 1004326
bulk : {
  "took" : 30,
  "errors" :  ...
74: 17601 voies traitées
voie : bulk pour les ids de 1004327 à 1004526
bulk : {
  "took" : 12,
  "errors" :  ...
74: 17801 voies traitées
voie : bulk pour les ids de 1004527 à 1004726
bulk : {
  "took" : 12,
  "errors" :  ...
74: 18001 voies traitées
voie : bulk pour les ids de 1004727 à 1004926
bulk : {
  "took" : 12,
  "errors" :  ...
74: 18201 voies traitées
voie : bulk pour les ids de 1004927 à 1005126
bulk : {
  "took" : 12,
  "errors" :  ...
74: 18401 voies traitées
voie : bulk pour les ids de 1005127 à 1005326
bulk : {
  "took" : 13,
  "errors" :  ...
74: 18601 voies traitées
voie : bulk pour les ids de 1005327 à 1005526
bulk : {
  "took" : 23,
  "errors" :  ...
74: 18801 voies traitées
voie : bulk pour les ids de 1005527 à 1005726
bulk : {
  "took" : 12,
  "errors" :  ...
74: 19001 voies traitées
voie : bulk pour les ids de 1005727 à 1005926
bulk : {
  "took" : 12,
  "errors" :  ...
74: 19201 voies traitées
voie : bulk pour les ids de 1005927 à 1006126
bulk : {
  "took" : 11,
  "errors" :  ...
74: 19401 voies traitées
voie : bulk pour les ids de 1006127 à 1006326
bulk : {
  "took" : 12,
  "errors" :  ...
74: 19601 voies traitées
voie : bulk pour les ids de 1006327 à 1006526
bulk : {
  "took" : 12,
  "errors" :  ...
74: 19801 voies traitées
voie : bulk pour les ids de 1006527 à 1006726
bulk : {
  "took" : 12,
  "errors" :  ...
74: 20001 voies traitées
voie : bulk pour les ids de 1006727 à 1006926
bulk : {
  "took" : 12,
  "errors" :  ...
74: 20201 voies traitées
voie : bulk pour les ids de 1006927 à 1007126
bulk : {
  "took" : 12,
  "errors" :  ...
74: 20401 voies traitées
voie : bulk pour les ids de 1007127 à 1007326
bulk : {
  "took" : 12,
  "errors" :  ...
74: 20601 voies traitées
voie : bulk pour les ids de 1007327 à 1007526
bulk : {
  "took" : 12,
  "errors" :  ...
74: 20801 voies traitées
voie : bulk pour les ids de 1007527 à 1007726
bulk : {
  "took" : 28,
  "errors" :  ...
74: 21001 voies traitées
voie : bulk pour les ids de 1007727 à 1007926
bulk : {
  "took" : 11,
  "errors" :  ...
74: 21201 voies traitées
voie : bulk pour les ids de 1007927 à 1008126
bulk : {
  "took" : 30,
  "errors" :  ...
74: 21401 voies traitées
voie : bulk pour les ids de 1008127 à 1008326
bulk : {
  "took" : 12,
  "errors" :  ...
74: 21601 voies traitées
voie : bulk pour les ids de 1008327 à 1008526
bulk : {
  "took" : 12,
  "errors" :  ...
74: 21801 voies traitées
voie : bulk pour les ids de 1008527 à 1008726
bulk : {
  "took" : 12,
  "errors" :  ...
74: 22001 voies traitées
voie : bulk pour les ids de 1008727 à 1008926
bulk : {
  "took" : 12,
  "errors" :  ...
74: 22201 voies traitées
voie : bulk pour les ids de 1008927 à 1009126
bulk : {
  "took" : 12,
  "errors" :  ...
74: 22401 voies traitées
voie : bulk pour les ids de 1009127 à 1009326
bulk : {
  "took" : 12,
  "errors" :  ...
74: 22601 voies traitées
voie : bulk pour les ids de 1009327 à 1009378
bulk : {
  "took" : 3,
  "errors" : f ...
dpt 74 : adresses
74: 1 adresses traitées
74: 1001 adresses traitées
adresse : bulk pour les ids de 13607982 à 13608981
bulk : {
  "took" : 72,
  "errors" :  ...
74: 2001 adresses traitées
adresse : bulk pour les ids de 13608982 à 13609981
bulk : {
  "took" : 91,
  "errors" :  ...
74: 3001 adresses traitées
adresse : bulk pour les ids de 13609982 à 13610981
bulk : {
  "took" : 88,
  "errors" :  ...
74: 4001 adresses traitées
adresse : bulk pour les ids de 13610982 à 13611981
bulk : {
  "took" : 74,
  "errors" :  ...
74: 5001 adresses traitées
adresse : bulk pour les ids de 13611982 à 13612981
bulk : {
  "took" : 93,
  "errors" :  ...
74: 6001 adresses traitées
adresse : bulk pour les ids de 13612982 à 13613981
bulk : {
  "took" : 89,
  "errors" :  ...
74: 7001 adresses traitées
adresse : bulk pour les ids de 13613982 à 13614981
bulk : {
  "took" : 90,
  "errors" :  ...
74: 8001 adresses traitées
adresse : bulk pour les ids de 13614982 à 13615981
bulk : {
  "took" : 85,
  "errors" :  ...
74: 9001 adresses traitées
adresse : bulk pour les ids de 13615982 à 13616981
bulk : {
  "took" : 123,
  "errors" : ...
74: 10001 adresses traitées
adresse : bulk pour les ids de 13616982 à 13617981
bulk : {
  "took" : 86,
  "errors" :  ...
74: 11001 adresses traitées
adresse : bulk pour les ids de 13617982 à 13618981
bulk : {
  "took" : 86,
  "errors" :  ...
74: 12001 adresses traitées
74: 13001 adresses traitées
adresse : bulk pour les ids de 13618982 à 13619981
bulk : {
  "took" : 70,
  "errors" :  ...
74: 14001 adresses traitées
adresse : bulk pour les ids de 13619982 à 13620981
bulk : {
  "took" : 100,
  "errors" : ...
74: 15001 adresses traitées
adresse : bulk pour les ids de 13620982 à 13621981
bulk : {
  "took" : 83,
  "errors" :  ...
74: 16001 adresses traitées
adresse : bulk pour les ids de 13621982 à 13622981
bulk : {
  "took" : 87,
  "errors" :  ...
74: 17001 adresses traitées
adresse : bulk pour les ids de 13622982 à 13623981
bulk : {
  "took" : 67,
  "errors" :  ...
74: 18001 adresses traitées
adresse : bulk pour les ids de 13623982 à 13624981
bulk : {
  "took" : 107,
  "errors" : ...
74: 19001 adresses traitées
adresse : bulk pour les ids de 13624982 à 13625981
bulk : {
  "took" : 68,
  "errors" :  ...
74: 20001 adresses traitées
74: 21001 adresses traitées
adresse : bulk pour les ids de 13625982 à 13626981
bulk : {
  "took" : 110,
  "errors" : ...
74: 22001 adresses traitées
adresse : bulk pour les ids de 13626982 à 13627981
bulk : {
  "took" : 83,
  "errors" :  ...
74: 23001 adresses traitées
adresse : bulk pour les ids de 13627982 à 13628981
bulk : {
  "took" : 87,
  "errors" :  ...
74: 24001 adresses traitées
adresse : bulk pour les ids de 13628982 à 13629981
bulk : {
  "took" : 90,
  "errors" :  ...
74: 25001 adresses traitées
adresse : bulk pour les ids de 13629982 à 13630981
bulk : {
  "took" : 68,
  "errors" :  ...
74: 26001 adresses traitées
74: 27001 adresses traitées
adresse : bulk pour les ids de 13630982 à 13631981
bulk : {
  "took" : 76,
  "errors" :  ...
74: 28001 adresses traitées
74: 29001 adresses traitées
adresse : bulk pour les ids de 13631982 à 13632981
bulk : {
  "took" : 82,
  "errors" :  ...
74: 30001 adresses traitées
adresse : bulk pour les ids de 13632982 à 13633981
bulk : {
  "took" : 87,
  "errors" :  ...
74: 31001 adresses traitées
adresse : bulk pour les ids de 13633982 à 13634981
bulk : {
  "took" : 82,
  "errors" :  ...
74: 32001 adresses traitées
74: 33001 adresses traitées
adresse : bulk pour les ids de 13634982 à 13635981
bulk : {
  "took" : 99,
  "errors" :  ...
74: 34001 adresses traitées
adresse : bulk pour les ids de 13635982 à 13636981
bulk : {
  "took" : 68,
  "errors" :  ...
74: 35001 adresses traitées
74: 36001 adresses traitées
adresse : bulk pour les ids de 13636982 à 13637981
bulk : {
  "took" : 102,
  "errors" : ...
74: 37001 adresses traitées
74: 38001 adresses traitées
adresse : bulk pour les ids de 13637982 à 13638981
bulk : {
  "took" : 96,
  "errors" :  ...
74: 39001 adresses traitées
adresse : bulk pour les ids de 13638982 à 13639981
bulk : {
  "took" : 83,
  "errors" :  ...
74: 40001 adresses traitées
74: 41001 adresses traitées
adresse : bulk pour les ids de 13639982 à 13640981
bulk : {
  "took" : 79,
  "errors" :  ...
74: 42001 adresses traitées
adresse : bulk pour les ids de 13640982 à 13641981
bulk : {
  "took" : 89,
  "errors" :  ...
74: 43001 adresses traitées
adresse : bulk pour les ids de 13641982 à 13642981
bulk : {
  "took" : 78,
  "errors" :  ...
74: 44001 adresses traitées
adresse : bulk pour les ids de 13642982 à 13643981
bulk : {
  "took" : 81,
  "errors" :  ...
74: 45001 adresses traitées
adresse : bulk pour les ids de 13643982 à 13644981
bulk : {
  "took" : 93,
  "errors" :  ...
74: 46001 adresses traitées
adresse : bulk pour les ids de 13644982 à 13645981
bulk : {
  "took" : 69,
  "errors" :  ...
74: 47001 adresses traitées
adresse : bulk pour les ids de 13645982 à 13646981
bulk : {
  "took" : 89,
  "errors" :  ...
74: 48001 adresses traitées
adresse : bulk pour les ids de 13646982 à 13647981
bulk : {
  "took" : 70,
  "errors" :  ...
74: 49001 adresses traitées
adresse : bulk pour les ids de 13647982 à 13648981
bulk : {
  "took" : 78,
  "errors" :  ...
74: 50001 adresses traitées
adresse : bulk pour les ids de 13648982 à 13649981
bulk : {
  "took" : 86,
  "errors" :  ...
74: 51001 adresses traitées
adresse : bulk pour les ids de 13649982 à 13650981
bulk : {
  "took" : 86,
  "errors" :  ...
74: 52001 adresses traitées
adresse : bulk pour les ids de 13650982 à 13651981
bulk : {
  "took" : 80,
  "errors" :  ...
74: 53001 adresses traitées
adresse : bulk pour les ids de 13651982 à 13652981
bulk : {
  "took" : 86,
  "errors" :  ...
74: 54001 adresses traitées
adresse : bulk pour les ids de 13652982 à 13653981
bulk : {
  "took" : 80,
  "errors" :  ...
74: 55001 adresses traitées
adresse : bulk pour les ids de 13653982 à 13654981
bulk : {
  "took" : 71,
  "errors" :  ...
74: 56001 adresses traitées
74: 57001 adresses traitées
adresse : bulk pour les ids de 13654982 à 13655981
bulk : {
  "took" : 91,
  "errors" :  ...
74: 58001 adresses traitées
adresse : bulk pour les ids de 13655982 à 13656981
bulk : {
  "took" : 86,
  "errors" :  ...
74: 59001 adresses traitées
adresse : bulk pour les ids de 13656982 à 13657981
bulk : {
  "took" : 79,
  "errors" :  ...
74: 60001 adresses traitées
adresse : bulk pour les ids de 13657982 à 13658981
bulk : {
  "took" : 83,
  "errors" :  ...
74: 61001 adresses traitées
adresse : bulk pour les ids de 13658982 à 13659981
bulk : {
  "took" : 78,
  "errors" :  ...
74: 62001 adresses traitées
adresse : bulk pour les ids de 13659982 à 13660981
bulk : {
  "took" : 77,
  "errors" :  ...
74: 63001 adresses traitées
adresse : bulk pour les ids de 13660982 à 13661981
bulk : {
  "took" : 99,
  "errors" :  ...
74: 64001 adresses traitées
74: 65001 adresses traitées
adresse : bulk pour les ids de 13661982 à 13662981
bulk : {
  "took" : 79,
  "errors" :  ...
74: 66001 adresses traitées
adresse : bulk pour les ids de 13662982 à 13663981
bulk : {
  "took" : 100,
  "errors" : ...
74: 67001 adresses traitées
adresse : bulk pour les ids de 13663982 à 13664981
bulk : {
  "took" : 95,
  "errors" :  ...
74: 68001 adresses traitées
adresse : bulk pour les ids de 13664982 à 13665981
bulk : {
  "took" : 80,
  "errors" :  ...
74: 69001 adresses traitées
adresse : bulk pour les ids de 13665982 à 13666981
bulk : {
  "took" : 91,
  "errors" :  ...
74: 70001 adresses traitées
adresse : bulk pour les ids de 13666982 à 13667981
bulk : {
  "took" : 74,
  "errors" :  ...
74: 71001 adresses traitées
adresse : bulk pour les ids de 13667982 à 13668981
bulk : {
  "took" : 95,
  "errors" :  ...
74: 72001 adresses traitées
74: 73001 adresses traitées
adresse : bulk pour les ids de 13668982 à 13669981
bulk : {
  "took" : 92,
  "errors" :  ...
74: 74001 adresses traitées
adresse : bulk pour les ids de 13669982 à 13670981
bulk : {
  "took" : 99,
  "errors" :  ...
74: 75001 adresses traitées
74: 76001 adresses traitées
adresse : bulk pour les ids de 13670982 à 13671981
bulk : {
  "took" : 81,
  "errors" :  ...
74: 77001 adresses traitées
adresse : bulk pour les ids de 13671982 à 13672981
bulk : {
  "took" : 86,
  "errors" :  ...
74: 78001 adresses traitées
adresse : bulk pour les ids de 13672982 à 13673981
bulk : {
  "took" : 77,
  "errors" :  ...
74: 79001 adresses traitées
adresse : bulk pour les ids de 13673982 à 13674981
bulk : {
  "took" : 90,
  "errors" :  ...
74: 80001 adresses traitées
adresse : bulk pour les ids de 13674982 à 13675981
bulk : {
  "took" : 80,
  "errors" :  ...
74: 81001 adresses traitées
adresse : bulk pour les ids de 13675982 à 13676981
bulk : {
  "took" : 81,
  "errors" :  ...
74: 82001 adresses traitées
adresse : bulk pour les ids de 13676982 à 13677981
bulk : {
  "took" : 107,
  "errors" : ...
74: 83001 adresses traitées
74: 84001 adresses traitées
adresse : bulk pour les ids de 13677982 à 13678981
bulk : {
  "took" : 68,
  "errors" :  ...
74: 85001 adresses traitées
adresse : bulk pour les ids de 13678982 à 13679981
bulk : {
  "took" : 98,
  "errors" :  ...
74: 86001 adresses traitées
adresse : bulk pour les ids de 13679982 à 13680981
bulk : {
  "took" : 91,
  "errors" :  ...
74: 87001 adresses traitées
adresse : bulk pour les ids de 13680982 à 13681981
bulk : {
  "took" : 73,
  "errors" :  ...
74: 88001 adresses traitées
adresse : bulk pour les ids de 13681982 à 13682981
bulk : {
  "took" : 94,
  "errors" :  ...
74: 89001 adresses traitées
adresse : bulk pour les ids de 13682982 à 13683981
bulk : {
  "took" : 68,
  "errors" :  ...
74: 90001 adresses traitées
adresse : bulk pour les ids de 13683982 à 13684981
bulk : {
  "took" : 100,
  "errors" : ...
74: 91001 adresses traitées
adresse : bulk pour les ids de 13684982 à 13685981
bulk : {
  "took" : 84,
  "errors" :  ...
74: 92001 adresses traitées
adresse : bulk pour les ids de 13685982 à 13686981
bulk : {
  "took" : 86,
  "errors" :  ...
74: 93001 adresses traitées
adresse : bulk pour les ids de 13686982 à 13687981
bulk : {
  "took" : 68,
  "errors" :  ...
74: 94001 adresses traitées
adresse : bulk pour les ids de 13687982 à 13688981
bulk : {
  "took" : 97,
  "errors" :  ...
74: 95001 adresses traitées
adresse : bulk pour les ids de 13688982 à 13689981
bulk : {
  "took" : 83,
  "errors" :  ...
74: 96001 adresses traitées
74: 97001 adresses traitées
adresse : bulk pour les ids de 13689982 à 13690981
bulk : {
  "took" : 86,
  "errors" :  ...
74: 98001 adresses traitées
adresse : bulk pour les ids de 13690982 à 13691981
bulk : {
  "took" : 97,
  "errors" :  ...
74: 99001 adresses traitées
adresse : bulk pour les ids de 13691982 à 13692981
bulk : {
  "took" : 130,
  "errors" : ...
74: 100001 adresses traitées
adresse : bulk pour les ids de 13692982 à 13693981
bulk : {
  "took" : 80,
  "errors" :  ...
74: 101001 adresses traitées
adresse : bulk pour les ids de 13693982 à 13694981
bulk : {
  "took" : 88,
  "errors" :  ...
74: 102001 adresses traitées
adresse : bulk pour les ids de 13694982 à 13695981
bulk : {
  "took" : 82,
  "errors" :  ...
74: 103001 adresses traitées
adresse : bulk pour les ids de 13695982 à 13696981
bulk : {
  "took" : 84,
  "errors" :  ...
74: 104001 adresses traitées
adresse : bulk pour les ids de 13696982 à 13697981
bulk : {
  "took" : 102,
  "errors" : ...
74: 105001 adresses traitées
74: 106001 adresses traitées
adresse : bulk pour les ids de 13697982 à 13698981
bulk : {
  "took" : 78,
  "errors" :  ...
74: 107001 adresses traitées
adresse : bulk pour les ids de 13698982 à 13699981
bulk : {
  "took" : 91,
  "errors" :  ...
74: 108001 adresses traitées
adresse : bulk pour les ids de 13699982 à 13700981
bulk : {
  "took" : 89,
  "errors" :  ...
74: 109001 adresses traitées
adresse : bulk pour les ids de 13700982 à 13701981
bulk : {
  "took" : 70,
  "errors" :  ...
74: 110001 adresses traitées
adresse : bulk pour les ids de 13701982 à 13702981
bulk : {
  "took" : 98,
  "errors" :  ...
74: 111001 adresses traitées
adresse : bulk pour les ids de 13702982 à 13703981
bulk : {
  "took" : 93,
  "errors" :  ...
74: 112001 adresses traitées
74: 113001 adresses traitées
adresse : bulk pour les ids de 13703982 à 13704981
bulk : {
  "took" : 84,
  "errors" :  ...
74: 114001 adresses traitées
adresse : bulk pour les ids de 13704982 à 13705981
bulk : {
  "took" : 91,
  "errors" :  ...
74: 115001 adresses traitées
adresse : bulk pour les ids de 13705982 à 13706981
bulk : {
  "took" : 86,
  "errors" :  ...
74: 116001 adresses traitées
adresse : bulk pour les ids de 13706982 à 13707981
bulk : {
  "took" : 92,
  "errors" :  ...
74: 117001 adresses traitées
adresse : bulk pour les ids de 13707982 à 13708981
bulk : {
  "took" : 83,
  "errors" :  ...
74: 118001 adresses traitées
adresse : bulk pour les ids de 13708982 à 13709981
bulk : {
  "took" : 94,
  "errors" :  ...
74: 119001 adresses traitées
74: 120001 adresses traitées
adresse : bulk pour les ids de 13709982 à 13710981
bulk : {
  "took" : 88,
  "errors" :  ...
74: 121001 adresses traitées
adresse : bulk pour les ids de 13710982 à 13711981
bulk : {
  "took" : 99,
  "errors" :  ...
74: 122001 adresses traitées
adresse : bulk pour les ids de 13711982 à 13712981
bulk : {
  "took" : 71,
  "errors" :  ...
74: 123001 adresses traitées
adresse : bulk pour les ids de 13712982 à 13713981
bulk : {
  "took" : 104,
  "errors" : ...
74: 124001 adresses traitées
adresse : bulk pour les ids de 13713982 à 13714981
bulk : {
  "took" : 90,
  "errors" :  ...
74: 125001 adresses traitées
adresse : bulk pour les ids de 13714982 à 13715981
bulk : {
  "took" : 68,
  "errors" :  ...
74: 126001 adresses traitées
adresse : bulk pour les ids de 13715982 à 13716981
bulk : {
  "took" : 91,
  "errors" :  ...
74: 127001 adresses traitées
adresse : bulk pour les ids de 13716982 à 13717981
bulk : {
  "took" : 70,
  "errors" :  ...
74: 128001 adresses traitées
adresse : bulk pour les ids de 13717982 à 13718981
bulk : {
  "took" : 78,
  "errors" :  ...
74: 129001 adresses traitées
adresse : bulk pour les ids de 13718982 à 13719981
bulk : {
  "took" : 95,
  "errors" :  ...
74: 130001 adresses traitées
adresse : bulk pour les ids de 13719982 à 13720981
bulk : {
  "took" : 126,
  "errors" : ...
74: 131001 adresses traitées
adresse : bulk pour les ids de 13720982 à 13721981
bulk : {
  "took" : 68,
  "errors" :  ...
74: 132001 adresses traitées
adresse : bulk pour les ids de 13721982 à 13722981
bulk : {
  "took" : 108,
  "errors" : ...
74: 133001 adresses traitées
adresse : bulk pour les ids de 13722982 à 13723981
bulk : {
  "took" : 81,
  "errors" :  ...
74: 134001 adresses traitées
adresse : bulk pour les ids de 13723982 à 13724981
bulk : {
  "took" : 86,
  "errors" :  ...
74: 135001 adresses traitées
adresse : bulk pour les ids de 13724982 à 13725981
bulk : {
  "took" : 92,
  "errors" :  ...
74: 136001 adresses traitées
74: 137001 adresses traitées
adresse : bulk pour les ids de 13725982 à 13726981
bulk : {
  "took" : 82,
  "errors" :  ...
74: 138001 adresses traitées
adresse : bulk pour les ids de 13726982 à 13727981
bulk : {
  "took" : 77,
  "errors" :  ...
74: 139001 adresses traitées
adresse : bulk pour les ids de 13727982 à 13728981
bulk : {
  "took" : 143,
  "errors" : ...
74: 140001 adresses traitées
adresse : bulk pour les ids de 13728982 à 13729981
bulk : {
  "took" : 108,
  "errors" : ...
74: 141001 adresses traitées
adresse : bulk pour les ids de 13729982 à 13730981
bulk : {
  "took" : 71,
  "errors" :  ...
74: 142001 adresses traitées
adresse : bulk pour les ids de 13730982 à 13731981
bulk : {
  "took" : 100,
  "errors" : ...
74: 143001 adresses traitées
adresse : bulk pour les ids de 13731982 à 13732981
bulk : {
  "took" : 78,
  "errors" :  ...
74: 144001 adresses traitées
adresse : bulk pour les ids de 13732982 à 13733981
bulk : {
  "took" : 87,
  "errors" :  ...
74: 145001 adresses traitées
adresse : bulk pour les ids de 13733982 à 13734981
bulk : {
  "took" : 96,
  "errors" :  ...
74: 146001 adresses traitées
adresse : bulk pour les ids de 13734982 à 13735981
bulk : {
  "took" : 88,
  "errors" :  ...
74: 147001 adresses traitées
adresse : bulk pour les ids de 13735982 à 13736981
bulk : {
  "took" : 109,
  "errors" : ...
74: 148001 adresses traitées
adresse : bulk pour les ids de 13736982 à 13737981
bulk : {
  "took" : 96,
  "errors" :  ...
74: 149001 adresses traitées
adresse : bulk pour les ids de 13737982 à 13738981
bulk : {
  "took" : 86,
  "errors" :  ...
74: 150001 adresses traitées
adresse : bulk pour les ids de 13738982 à 13739981
bulk : {
  "took" : 85,
  "errors" :  ...
74: 151001 adresses traitées
adresse : bulk pour les ids de 13739982 à 13740981
bulk : {
  "took" : 85,
  "errors" :  ...
74: 152001 adresses traitées
74: 153001 adresses traitées
adresse : bulk pour les ids de 13740982 à 13741981
bulk : {
  "took" : 71,
  "errors" :  ...
74: 154001 adresses traitées
adresse : bulk pour les ids de 13741982 à 13742981
bulk : {
  "took" : 100,
  "errors" : ...
74: 155001 adresses traitées
adresse : bulk pour les ids de 13742982 à 13743981
bulk : {
  "took" : 80,
  "errors" :  ...
74: 156001 adresses traitées
adresse : bulk pour les ids de 13743982 à 13744981
bulk : {
  "took" : 88,
  "errors" :  ...
74: 157001 adresses traitées
adresse : bulk pour les ids de 13744982 à 13745981
bulk : {
  "took" : 92,
  "errors" :  ...
74: 158001 adresses traitées
adresse : bulk pour les ids de 13745982 à 13746981
bulk : {
  "took" : 82,
  "errors" :  ...
74: 159001 adresses traitées
adresse : bulk pour les ids de 13746982 à 13747981
bulk : {
  "took" : 81,
  "errors" :  ...
74: 160001 adresses traitées
adresse : bulk pour les ids de 13747982 à 13748981
bulk : {
  "took" : 89,
  "errors" :  ...
74: 161001 adresses traitées
adresse : bulk pour les ids de 13748982 à 13749981
bulk : {
  "took" : 98,
  "errors" :  ...
74: 162001 adresses traitées
adresse : bulk pour les ids de 13749982 à 13750981
bulk : {
  "took" : 69,
  "errors" :  ...
74: 163001 adresses traitées
adresse : bulk pour les ids de 13750982 à 13751981
bulk : {
  "took" : 103,
  "errors" : ...
74: 164001 adresses traitées
adresse : bulk pour les ids de 13751982 à 13752981
bulk : {
  "took" : 244,
  "errors" : ...
74: 165001 adresses traitées
adresse : bulk pour les ids de 13752982 à 13753981
bulk : {
  "took" : 88,
  "errors" :  ...
74: 166001 adresses traitées
adresse : bulk pour les ids de 13753982 à 13754981
bulk : {
  "took" : 92,
  "errors" :  ...
74: 167001 adresses traitées
adresse : bulk pour les ids de 13754982 à 13755981
bulk : {
  "took" : 71,
  "errors" :  ...
74: 168001 adresses traitées
adresse : bulk pour les ids de 13755982 à 13756981
bulk : {
  "took" : 92,
  "errors" :  ...
74: 169001 adresses traitées
74: 170001 adresses traitées
adresse : bulk pour les ids de 13756982 à 13757981
bulk : {
  "took" : 267,
  "errors" : ...
74: 171001 adresses traitées
adresse : bulk pour les ids de 13757982 à 13758981
bulk : {
  "took" : 86,
  "errors" :  ...
74: 172001 adresses traitées
adresse : bulk pour les ids de 13758982 à 13759981
bulk : {
  "took" : 84,
  "errors" :  ...
74: 173001 adresses traitées
adresse : bulk pour les ids de 13759982 à 13760981
bulk : {
  "took" : 85,
  "errors" :  ...
74: 174001 adresses traitées
adresse : bulk pour les ids de 13760982 à 13761981
bulk : {
  "took" : 83,
  "errors" :  ...
74: 175001 adresses traitées
adresse : bulk pour les ids de 13761982 à 13762981
bulk : {
  "took" : 98,
  "errors" :  ...
74: 176001 adresses traitées
adresse : bulk pour les ids de 13762982 à 13763981
bulk : {
  "took" : 78,
  "errors" :  ...
74: 177001 adresses traitées
adresse : bulk pour les ids de 13763982 à 13764981
bulk : {
  "took" : 88,
  "errors" :  ...
74: 178001 adresses traitées
adresse : bulk pour les ids de 13764982 à 13765981
bulk : {
  "took" : 79,
  "errors" :  ...
74: 179001 adresses traitées
adresse : bulk pour les ids de 13765982 à 13766981
bulk : {
  "took" : 86,
  "errors" :  ...
74: 180001 adresses traitées
74: 181001 adresses traitées
adresse : bulk pour les ids de 13766982 à 13767981
bulk : {
  "took" : 95,
  "errors" :  ...
74: 182001 adresses traitées
adresse : bulk pour les ids de 13767982 à 13768981
bulk : {
  "took" : 68,
  "errors" :  ...
74: 183001 adresses traitées
adresse : bulk pour les ids de 13768982 à 13769981
bulk : {
  "took" : 104,
  "errors" : ...
74: 184001 adresses traitées
adresse : bulk pour les ids de 13769982 à 13770981
bulk : {
  "took" : 86,
  "errors" :  ...
74: 185001 adresses traitées
adresse : bulk pour les ids de 13770982 à 13771981
bulk : {
  "took" : 87,
  "errors" :  ...
74: 186001 adresses traitées
74: 187001 adresses traitées
adresse : bulk pour les ids de 13771982 à 13772981
bulk : {
  "took" : 93,
  "errors" :  ...
74: 188001 adresses traitées
adresse : bulk pour les ids de 13772982 à 13773981
bulk : {
  "took" : 96,
  "errors" :  ...
74: 189001 adresses traitées
adresse : bulk pour les ids de 13773982 à 13774981
bulk : {
  "took" : 92,
  "errors" :  ...
74: 190001 adresses traitées
74: 191001 adresses traitées
adresse : bulk pour les ids de 13774982 à 13775981
bulk : {
  "took" : 88,
  "errors" :  ...
74: 192001 adresses traitées
adresse : bulk pour les ids de 13775982 à 13776981
bulk : {
  "took" : 77,
  "errors" :  ...
74: 193001 adresses traitées
adresse : bulk pour les ids de 13776982 à 13777981
bulk : {
  "took" : 69,
  "errors" :  ...
74: 194001 adresses traitées
adresse : bulk pour les ids de 13777982 à 13778981
bulk : {
  "took" : 96,
  "errors" :  ...
74: 195001 adresses traitées
adresse : bulk pour les ids de 13778982 à 13779981
bulk : {
  "took" : 67,
  "errors" :  ...
74: 196001 adresses traitées
adresse : bulk pour les ids de 13779982 à 13780981
bulk : {
  "took" : 97,
  "errors" :  ...
74: 197001 adresses traitées
adresse : bulk pour les ids de 13780982 à 13781981
bulk : {
  "took" : 90,
  "errors" :  ...
74: 198001 adresses traitées
adresse : bulk pour les ids de 13781982 à 13782981
bulk : {
  "took" : 78,
  "errors" :  ...
74: 199001 adresses traitées
adresse : bulk pour les ids de 13782982 à 13783981
bulk : {
  "took" : 97,
  "errors" :  ...
74: 200001 adresses traitées
adresse : bulk pour les ids de 13783982 à 13784981
bulk : {
  "took" : 86,
  "errors" :  ...
74: 201001 adresses traitées
adresse : bulk pour les ids de 13784982 à 13785981
bulk : {
  "took" : 86,
  "errors" :  ...
74: 202001 adresses traitées
adresse : bulk pour les ids de 13785982 à 13786981
bulk : {
  "took" : 68,
  "errors" :  ...
74: 203001 adresses traitées
adresse : bulk pour les ids de 13786982 à 13787981
bulk : {
  "took" : 100,
  "errors" : ...
74: 204001 adresses traitées
adresse : bulk pour les ids de 13787982 à 13788981
bulk : {
  "took" : 78,
  "errors" :  ...
74: 205001 adresses traitées
adresse : bulk pour les ids de 13788982 à 13789981
bulk : {
  "took" : 87,
  "errors" :  ...
74: 206001 adresses traitées
adresse : bulk pour les ids de 13789982 à 13790981
bulk : {
  "took" : 100,
  "errors" : ...
74: 207001 adresses traitées
adresse : bulk pour les ids de 13790982 à 13791981
bulk : {
  "took" : 80,
  "errors" :  ...
74: 208001 adresses traitées
adresse : bulk pour les ids de 13791982 à 13792981
bulk : {
  "took" : 101,
  "errors" : ...
74: 209001 adresses traitées
adresse : bulk pour les ids de 13792982 à 13793981
bulk : {
  "took" : 104,
  "errors" : ...
74: 210001 adresses traitées
adresse : bulk pour les ids de 13793982 à 13794981
bulk : {
  "took" : 67,
  "errors" :  ...
74: 211001 adresses traitées
adresse : bulk pour les ids de 13794982 à 13795981
bulk : {
  "took" : 104,
  "errors" : ...
74: 212001 adresses traitées
adresse : bulk pour les ids de 13795982 à 13796981
bulk : {
  "took" : 70,
  "errors" :  ...
74: 213001 adresses traitées
adresse : bulk pour les ids de 13796982 à 13797981
bulk : {
  "took" : 102,
  "errors" : ...
74: 214001 adresses traitées
adresse : bulk pour les ids de 13797982 à 13798981
bulk : {
  "took" : 92,
  "errors" :  ...
74: 215001 adresses traitées
adresse : bulk pour les ids de 13798982 à 13799981
bulk : {
  "took" : 84,
  "errors" :  ...
74: 216001 adresses traitées
adresse : bulk pour les ids de 13799982 à 13800981
bulk : {
  "took" : 87,
  "errors" :  ...
74: 217001 adresses traitées
adresse : bulk pour les ids de 13800982 à 13801981
bulk : {
  "took" : 71,
  "errors" :  ...
74: 218001 adresses traitées
adresse : bulk pour les ids de 13801982 à 13802981
bulk : {
  "took" : 104,
  "errors" : ...
74: 219001 adresses traitées
adresse : bulk pour les ids de 13802982 à 13803981
bulk : {
  "took" : 79,
  "errors" :  ...
74: 220001 adresses traitées
adresse : bulk pour les ids de 13803982 à 13804981
bulk : {
  "took" : 83,
  "errors" :  ...
74: 221001 adresses traitées
adresse : bulk pour les ids de 13804982 à 13805981
bulk : {
  "took" : 100,
  "errors" : ...
74: 222001 adresses traitées
adresse : bulk pour les ids de 13805982 à 13806981
bulk : {
  "took" : 71,
  "errors" :  ...
74: 223001 adresses traitées
adresse : bulk pour les ids de 13806982 à 13807981
bulk : {
  "took" : 104,
  "errors" : ...
74: 224001 adresses traitées
74: 225001 adresses traitées
adresse : bulk pour les ids de 13807982 à 13808981
bulk : {
  "took" : 81,
  "errors" :  ...
74: 226001 adresses traitées
adresse : bulk pour les ids de 13808982 à 13809981
bulk : {
  "took" : 72,
  "errors" :  ...
74: 227001 adresses traitées
adresse : bulk pour les ids de 13809982 à 13810981
bulk : {
  "took" : 95,
  "errors" :  ...
74: 228001 adresses traitées
adresse : bulk pour les ids de 13810982 à 13811981
bulk : {
  "took" : 68,
  "errors" :  ...
74: 229001 adresses traitées
adresse : bulk pour les ids de 13811982 à 13812981
bulk : {
  "took" : 105,
  "errors" : ...
74: 230001 adresses traitées
adresse : bulk pour les ids de 13812982 à 13813981
bulk : {
  "took" : 86,
  "errors" :  ...
74: 231001 adresses traitées
adresse : bulk pour les ids de 13813982 à 13814981
bulk : {
  "took" : 85,
  "errors" :  ...
74: 232001 adresses traitées
adresse : bulk pour les ids de 13814982 à 13815981
bulk : {
  "took" : 80,
  "errors" :  ...
74: 233001 adresses traitées
adresse : bulk pour les ids de 13815982 à 13816981
bulk : {
  "took" : 96,
  "errors" :  ...
74: 234001 adresses traitées
adresse : bulk pour les ids de 13816982 à 13817981
bulk : {
  "took" : 94,
  "errors" :  ...
74: 235001 adresses traitées
74: 236001 adresses traitées
adresse : bulk pour les ids de 13817982 à 13818981
bulk : {
  "took" : 87,
  "errors" :  ...
74: 237001 adresses traitées
adresse : bulk pour les ids de 13818982 à 13819981
bulk : {
  "took" : 85,
  "errors" :  ...
74: 238001 adresses traitées
adresse : bulk pour les ids de 13819982 à 13820981
bulk : {
  "took" : 83,
  "errors" :  ...
74: 239001 adresses traitées
adresse : bulk pour les ids de 13820982 à 13821981
bulk : {
  "took" : 97,
  "errors" :  ...
74: 240001 adresses traitées
adresse : bulk pour les ids de 13821982 à 13822981
bulk : {
  "took" : 78,
  "errors" :  ...
74: 241001 adresses traitées
adresse : bulk pour les ids de 13822982 à 13823981
bulk : {
  "took" : 85,
  "errors" :  ...
74: 242001 adresses traitées
adresse : bulk pour les ids de 13823982 à 13824981
bulk : {
  "took" : 77,
  "errors" :  ...
74: 243001 adresses traitées
adresse : bulk pour les ids de 13824982 à 13825858
bulk : {
  "took" : 80,
  "errors" :  ...
dpt 75 : voies
75: 1 voies traitées
voie : bulk pour les ids de 1009379 à 1009578
bulk : {
  "took" : 14,
  "errors" :  ...
75: 201 voies traitées
voie : bulk pour les ids de 1009579 à 1009778
bulk : {
  "took" : 13,
  "errors" :  ...
75: 401 voies traitées
voie : bulk pour les ids de 1009779 à 1009978
bulk : {
  "took" : 13,
  "errors" :  ...
75: 601 voies traitées
voie : bulk pour les ids de 1009979 à 1010178
bulk : {
  "took" : 14,
  "errors" :  ...
75: 801 voies traitées
voie : bulk pour les ids de 1010179 à 1010378
bulk : {
  "took" : 13,
  "errors" :  ...
75: 1001 voies traitées
voie : bulk pour les ids de 1010379 à 1010578
bulk : {
  "took" : 30,
  "errors" :  ...
75: 1201 voies traitées
voie : bulk pour les ids de 1010579 à 1010778
bulk : {
  "took" : 13,
  "errors" :  ...
75: 1401 voies traitées
voie : bulk pour les ids de 1010779 à 1010978
bulk : {
  "took" : 12,
  "errors" :  ...
75: 1601 voies traitées
voie : bulk pour les ids de 1010979 à 1011178
bulk : {
  "took" : 14,
  "errors" :  ...
75: 1801 voies traitées
voie : bulk pour les ids de 1011179 à 1011378
bulk : {
  "took" : 13,
  "errors" :  ...
75: 2001 voies traitées
voie : bulk pour les ids de 1011379 à 1011578
bulk : {
  "took" : 14,
  "errors" :  ...
75: 2201 voies traitées
voie : bulk pour les ids de 1011579 à 1011778
bulk : {
  "took" : 14,
  "errors" :  ...
75: 2401 voies traitées
voie : bulk pour les ids de 1011779 à 1011978
bulk : {
  "took" : 13,
  "errors" :  ...
75: 2601 voies traitées
voie : bulk pour les ids de 1011979 à 1012178
bulk : {
  "took" : 13,
  "errors" :  ...
75: 2801 voies traitées
voie : bulk pour les ids de 1012179 à 1012378
bulk : {
  "took" : 13,
  "errors" :  ...
75: 3001 voies traitées
voie : bulk pour les ids de 1012379 à 1012578
bulk : {
  "took" : 13,
  "errors" :  ...
75: 3201 voies traitées
voie : bulk pour les ids de 1012579 à 1012778
bulk : {
  "took" : 12,
  "errors" :  ...
75: 3401 voies traitées
voie : bulk pour les ids de 1012779 à 1012978
bulk : {
  "took" : 13,
  "errors" :  ...
75: 3601 voies traitées
voie : bulk pour les ids de 1012979 à 1013178
bulk : {
  "took" : 14,
  "errors" :  ...
75: 3801 voies traitées
voie : bulk pour les ids de 1013179 à 1013378
bulk : {
  "took" : 13,
  "errors" :  ...
75: 4001 voies traitées
voie : bulk pour les ids de 1013379 à 1013578
bulk : {
  "took" : 13,
  "errors" :  ...
75: 4201 voies traitées
voie : bulk pour les ids de 1013579 à 1013778
bulk : {
  "took" : 14,
  "errors" :  ...
75: 4401 voies traitées
voie : bulk pour les ids de 1013779 à 1013978
bulk : {
  "took" : 13,
  "errors" :  ...
75: 4601 voies traitées
voie : bulk pour les ids de 1013979 à 1014178
bulk : {
  "took" : 13,
  "errors" :  ...
75: 4801 voies traitées
voie : bulk pour les ids de 1014179 à 1014378
bulk : {
  "took" : 14,
  "errors" :  ...
75: 5001 voies traitées
voie : bulk pour les ids de 1014379 à 1014578
bulk : {
  "took" : 31,
  "errors" :  ...
75: 5201 voies traitées
voie : bulk pour les ids de 1014579 à 1014778
bulk : {
  "took" : 13,
  "errors" :  ...
75: 5401 voies traitées
voie : bulk pour les ids de 1014779 à 1014978
bulk : {
  "took" : 13,
  "errors" :  ...
75: 5601 voies traitées
voie : bulk pour les ids de 1014979 à 1015016
bulk : {
  "took" : 2,
  "errors" : f ...
dpt 75 : adresses
75: 1 adresses traitées
75: 1001 adresses traitées
adresse : bulk pour les ids de 13825859 à 13826858
bulk : {
  "took" : 95,
  "errors" :  ...
75: 2001 adresses traitées
adresse : bulk pour les ids de 13826859 à 13827858
bulk : {
  "took" : 74,
  "errors" :  ...
75: 3001 adresses traitées
adresse : bulk pour les ids de 13827859 à 13828858
bulk : {
  "took" : 93,
  "errors" :  ...
75: 4001 adresses traitées
adresse : bulk pour les ids de 13828859 à 13829858
bulk : {
  "took" : 73,
  "errors" :  ...
75: 5001 adresses traitées
adresse : bulk pour les ids de 13829859 à 13830858
bulk : {
  "took" : 87,
  "errors" :  ...
75: 6001 adresses traitées
adresse : bulk pour les ids de 13830859 à 13831858
bulk : {
  "took" : 74,
  "errors" :  ...
75: 7001 adresses traitées
adresse : bulk pour les ids de 13831859 à 13832858
bulk : {
  "took" : 90,
  "errors" :  ...
75: 8001 adresses traitées
adresse : bulk pour les ids de 13832859 à 13833858
bulk : {
  "took" : 74,
  "errors" :  ...
75: 9001 adresses traitées
adresse : bulk pour les ids de 13833859 à 13834858
bulk : {
  "took" : 96,
  "errors" :  ...
75: 10001 adresses traitées
adresse : bulk pour les ids de 13834859 à 13835858
bulk : {
  "took" : 72,
  "errors" :  ...
75: 11001 adresses traitées
adresse : bulk pour les ids de 13835859 à 13836858
bulk : {
  "took" : 93,
  "errors" :  ...
75: 12001 adresses traitées
adresse : bulk pour les ids de 13836859 à 13837858
bulk : {
  "took" : 72,
  "errors" :  ...
75: 13001 adresses traitées
adresse : bulk pour les ids de 13837859 à 13838858
bulk : {
  "took" : 91,
  "errors" :  ...
75: 14001 adresses traitées
adresse : bulk pour les ids de 13838859 à 13839858
bulk : {
  "took" : 75,
  "errors" :  ...
75: 15001 adresses traitées
adresse : bulk pour les ids de 13839859 à 13840858
bulk : {
  "took" : 92,
  "errors" :  ...
75: 16001 adresses traitées
adresse : bulk pour les ids de 13840859 à 13841858
bulk : {
  "took" : 77,
  "errors" :  ...
75: 17001 adresses traitées
adresse : bulk pour les ids de 13841859 à 13842858
bulk : {
  "took" : 78,
  "errors" :  ...
75: 18001 adresses traitées
adresse : bulk pour les ids de 13842859 à 13843858
bulk : {
  "took" : 91,
  "errors" :  ...
75: 19001 adresses traitées
adresse : bulk pour les ids de 13843859 à 13844858
bulk : {
  "took" : 78,
  "errors" :  ...
75: 20001 adresses traitées
adresse : bulk pour les ids de 13844859 à 13845858
bulk : {
  "took" : 97,
  "errors" :  ...
75: 21001 adresses traitées
adresse : bulk pour les ids de 13845859 à 13846858
bulk : {
  "took" : 77,
  "errors" :  ...
75: 22001 adresses traitées
adresse : bulk pour les ids de 13846859 à 13847858
bulk : {
  "took" : 92,
  "errors" :  ...
75: 23001 adresses traitées
adresse : bulk pour les ids de 13847859 à 13848858
bulk : {
  "took" : 77,
  "errors" :  ...
75: 24001 adresses traitées
adresse : bulk pour les ids de 13848859 à 13849858
bulk : {
  "took" : 90,
  "errors" :  ...
75: 25001 adresses traitées
adresse : bulk pour les ids de 13849859 à 13850858
bulk : {
  "took" : 76,
  "errors" :  ...
75: 26001 adresses traitées
adresse : bulk pour les ids de 13850859 à 13851858
bulk : {
  "took" : 93,
  "errors" :  ...
75: 27001 adresses traitées
adresse : bulk pour les ids de 13851859 à 13852858
bulk : {
  "took" : 77,
  "errors" :  ...
75: 28001 adresses traitées
adresse : bulk pour les ids de 13852859 à 13853858
bulk : {
  "took" : 97,
  "errors" :  ...
75: 29001 adresses traitées
adresse : bulk pour les ids de 13853859 à 13854858
bulk : {
  "took" : 76,
  "errors" :  ...
75: 30001 adresses traitées
adresse : bulk pour les ids de 13854859 à 13855858
bulk : {
  "took" : 97,
  "errors" :  ...
75: 31001 adresses traitées
adresse : bulk pour les ids de 13855859 à 13856858
bulk : {
  "took" : 78,
  "errors" :  ...
75: 32001 adresses traitées
adresse : bulk pour les ids de 13856859 à 13857858
bulk : {
  "took" : 90,
  "errors" :  ...
75: 33001 adresses traitées
adresse : bulk pour les ids de 13857859 à 13858858
bulk : {
  "took" : 95,
  "errors" :  ...
75: 34001 adresses traitées
adresse : bulk pour les ids de 13858859 à 13859858
bulk : {
  "took" : 76,
  "errors" :  ...
75: 35001 adresses traitées
adresse : bulk pour les ids de 13859859 à 13860858
bulk : {
  "took" : 89,
  "errors" :  ...
75: 36001 adresses traitées
adresse : bulk pour les ids de 13860859 à 13861858
bulk : {
  "took" : 76,
  "errors" :  ...
75: 37001 adresses traitées
adresse : bulk pour les ids de 13861859 à 13862858
bulk : {
  "took" : 93,
  "errors" :  ...
75: 38001 adresses traitées
adresse : bulk pour les ids de 13862859 à 13863858
bulk : {
  "took" : 78,
  "errors" :  ...
75: 39001 adresses traitées
adresse : bulk pour les ids de 13863859 à 13864858
bulk : {
  "took" : 97,
  "errors" :  ...
75: 40001 adresses traitées
adresse : bulk pour les ids de 13864859 à 13865858
bulk : {
  "took" : 77,
  "errors" :  ...
75: 41001 adresses traitées
adresse : bulk pour les ids de 13865859 à 13866858
bulk : {
  "took" : 96,
  "errors" :  ...
75: 42001 adresses traitées
adresse : bulk pour les ids de 13866859 à 13867858
bulk : {
  "took" : 75,
  "errors" :  ...
75: 43001 adresses traitées
adresse : bulk pour les ids de 13867859 à 13868858
bulk : {
  "took" : 90,
  "errors" :  ...
75: 44001 adresses traitées
adresse : bulk pour les ids de 13868859 à 13869858
bulk : {
  "took" : 77,
  "errors" :  ...
75: 45001 adresses traitées
adresse : bulk pour les ids de 13869859 à 13870858
bulk : {
  "took" : 93,
  "errors" :  ...
75: 46001 adresses traitées
adresse : bulk pour les ids de 13870859 à 13871858
bulk : {
  "took" : 77,
  "errors" :  ...
75: 47001 adresses traitées
adresse : bulk pour les ids de 13871859 à 13872858
bulk : {
  "took" : 203,
  "errors" : ...
75: 48001 adresses traitées
adresse : bulk pour les ids de 13872859 à 13873858
bulk : {
  "took" : 80,
  "errors" :  ...
75: 49001 adresses traitées
adresse : bulk pour les ids de 13873859 à 13874858
bulk : {
  "took" : 77,
  "errors" :  ...
75: 50001 adresses traitées
adresse : bulk pour les ids de 13874859 à 13875858
bulk : {
  "took" : 91,
  "errors" :  ...
75: 51001 adresses traitées
adresse : bulk pour les ids de 13875859 à 13876858
bulk : {
  "took" : 78,
  "errors" :  ...
75: 52001 adresses traitées
adresse : bulk pour les ids de 13876859 à 13877858
bulk : {
  "took" : 98,
  "errors" :  ...
75: 53001 adresses traitées
adresse : bulk pour les ids de 13877859 à 13878858
bulk : {
  "took" : 79,
  "errors" :  ...
75: 54001 adresses traitées
adresse : bulk pour les ids de 13878859 à 13879858
bulk : {
  "took" : 90,
  "errors" :  ...
75: 55001 adresses traitées
adresse : bulk pour les ids de 13879859 à 13880858
bulk : {
  "took" : 78,
  "errors" :  ...
75: 56001 adresses traitées
adresse : bulk pour les ids de 13880859 à 13881858
bulk : {
  "took" : 95,
  "errors" :  ...
75: 57001 adresses traitées
adresse : bulk pour les ids de 13881859 à 13882858
bulk : {
  "took" : 78,
  "errors" :  ...
75: 58001 adresses traitées
adresse : bulk pour les ids de 13882859 à 13883858
bulk : {
  "took" : 95,
  "errors" :  ...
75: 59001 adresses traitées
adresse : bulk pour les ids de 13883859 à 13884858
bulk : {
  "took" : 79,
  "errors" :  ...
75: 60001 adresses traitées
adresse : bulk pour les ids de 13884859 à 13885858
bulk : {
  "took" : 94,
  "errors" :  ...
75: 61001 adresses traitées
adresse : bulk pour les ids de 13885859 à 13886858
bulk : {
  "took" : 77,
  "errors" :  ...
75: 62001 adresses traitées
adresse : bulk pour les ids de 13886859 à 13887858
bulk : {
  "took" : 104,
  "errors" : ...
75: 63001 adresses traitées
adresse : bulk pour les ids de 13887859 à 13888858
bulk : {
  "took" : 77,
  "errors" :  ...
75: 64001 adresses traitées
adresse : bulk pour les ids de 13888859 à 13889858
bulk : {
  "took" : 94,
  "errors" :  ...
75: 65001 adresses traitées
adresse : bulk pour les ids de 13889859 à 13890858
bulk : {
  "took" : 79,
  "errors" :  ...
75: 66001 adresses traitées
adresse : bulk pour les ids de 13890859 à 13891858
bulk : {
  "took" : 104,
  "errors" : ...
75: 67001 adresses traitées
adresse : bulk pour les ids de 13891859 à 13892858
bulk : {
  "took" : 92,
  "errors" :  ...
75: 68001 adresses traitées
adresse : bulk pour les ids de 13892859 à 13893858
bulk : {
  "took" : 78,
  "errors" :  ...
75: 69001 adresses traitées
adresse : bulk pour les ids de 13893859 à 13894858
bulk : {
  "took" : 98,
  "errors" :  ...
75: 70001 adresses traitées
adresse : bulk pour les ids de 13894859 à 13895858
bulk : {
  "took" : 77,
  "errors" :  ...
75: 71001 adresses traitées
adresse : bulk pour les ids de 13895859 à 13896858
bulk : {
  "took" : 92,
  "errors" :  ...
75: 72001 adresses traitées
adresse : bulk pour les ids de 13896859 à 13897858
bulk : {
  "took" : 79,
  "errors" :  ...
75: 73001 adresses traitées
adresse : bulk pour les ids de 13897859 à 13898858
bulk : {
  "took" : 94,
  "errors" :  ...
75: 74001 adresses traitées
adresse : bulk pour les ids de 13898859 à 13899858
bulk : {
  "took" : 78,
  "errors" :  ...
75: 75001 adresses traitées
adresse : bulk pour les ids de 13899859 à 13900858
bulk : {
  "took" : 104,
  "errors" : ...
75: 76001 adresses traitées
adresse : bulk pour les ids de 13900859 à 13901858
bulk : {
  "took" : 77,
  "errors" :  ...
75: 77001 adresses traitées
adresse : bulk pour les ids de 13901859 à 13902858
bulk : {
  "took" : 94,
  "errors" :  ...
75: 78001 adresses traitées
adresse : bulk pour les ids de 13902859 à 13903858
bulk : {
  "took" : 81,
  "errors" :  ...
75: 79001 adresses traitées
adresse : bulk pour les ids de 13903859 à 13904858
bulk : {
  "took" : 93,
  "errors" :  ...
75: 80001 adresses traitées
adresse : bulk pour les ids de 13904859 à 13905858
bulk : {
  "took" : 79,
  "errors" :  ...
75: 81001 adresses traitées
adresse : bulk pour les ids de 13905859 à 13906858
bulk : {
  "took" : 79,
  "errors" :  ...
75: 82001 adresses traitées
adresse : bulk pour les ids de 13906859 à 13907858
bulk : {
  "took" : 96,
  "errors" :  ...
75: 83001 adresses traitées
adresse : bulk pour les ids de 13907859 à 13908858
bulk : {
  "took" : 79,
  "errors" :  ...
75: 84001 adresses traitées
adresse : bulk pour les ids de 13908859 à 13909858
bulk : {
  "took" : 96,
  "errors" :  ...
75: 85001 adresses traitées
adresse : bulk pour les ids de 13909859 à 13910858
bulk : {
  "took" : 79,
  "errors" :  ...
75: 86001 adresses traitées
adresse : bulk pour les ids de 13910859 à 13911858
bulk : {
  "took" : 95,
  "errors" :  ...
75: 87001 adresses traitées
adresse : bulk pour les ids de 13911859 à 13912858
bulk : {
  "took" : 77,
  "errors" :  ...
75: 88001 adresses traitées
adresse : bulk pour les ids de 13912859 à 13913858
bulk : {
  "took" : 98,
  "errors" :  ...
75: 89001 adresses traitées
adresse : bulk pour les ids de 13913859 à 13914858
bulk : {
  "took" : 77,
  "errors" :  ...
75: 90001 adresses traitées
adresse : bulk pour les ids de 13914859 à 13915858
bulk : {
  "took" : 95,
  "errors" :  ...
75: 91001 adresses traitées
adresse : bulk pour les ids de 13915859 à 13916858
bulk : {
  "took" : 80,
  "errors" :  ...
75: 92001 adresses traitées
adresse : bulk pour les ids de 13916859 à 13917858
bulk : {
  "took" : 98,
  "errors" :  ...
75: 93001 adresses traitées
adresse : bulk pour les ids de 13917859 à 13918858
bulk : {
  "took" : 78,
  "errors" :  ...
75: 94001 adresses traitées
adresse : bulk pour les ids de 13918859 à 13919858
bulk : {
  "took" : 96,
  "errors" :  ...
75: 95001 adresses traitées
adresse : bulk pour les ids de 13919859 à 13920858
bulk : {
  "took" : 79,
  "errors" :  ...
75: 96001 adresses traitées
adresse : bulk pour les ids de 13920859 à 13921858
bulk : {
  "took" : 96,
  "errors" :  ...
75: 97001 adresses traitées
adresse : bulk pour les ids de 13921859 à 13922858
bulk : {
  "took" : 94,
  "errors" :  ...
75: 98001 adresses traitées
adresse : bulk pour les ids de 13922859 à 13923858
bulk : {
  "took" : 78,
  "errors" :  ...
75: 99001 adresses traitées
adresse : bulk pour les ids de 13923859 à 13924858
bulk : {
  "took" : 91,
  "errors" :  ...
75: 100001 adresses traitées
adresse : bulk pour les ids de 13924859 à 13925858
bulk : {
  "took" : 79,
  "errors" :  ...
75: 101001 adresses traitées
adresse : bulk pour les ids de 13925859 à 13926858
bulk : {
  "took" : 95,
  "errors" :  ...
75: 102001 adresses traitées
adresse : bulk pour les ids de 13926859 à 13927858
bulk : {
  "took" : 78,
  "errors" :  ...
75: 103001 adresses traitées
adresse : bulk pour les ids de 13927859 à 13928858
bulk : {
  "took" : 95,
  "errors" :  ...
75: 104001 adresses traitées
adresse : bulk pour les ids de 13928859 à 13929858
bulk : {
  "took" : 78,
  "errors" :  ...
75: 105001 adresses traitées
adresse : bulk pour les ids de 13929859 à 13930858
bulk : {
  "took" : 93,
  "errors" :  ...
75: 106001 adresses traitées
adresse : bulk pour les ids de 13930859 à 13931858
bulk : {
  "took" : 79,
  "errors" :  ...
75: 107001 adresses traitées
adresse : bulk pour les ids de 13931859 à 13932858
bulk : {
  "took" : 92,
  "errors" :  ...
75: 108001 adresses traitées
adresse : bulk pour les ids de 13932859 à 13933858
bulk : {
  "took" : 81,
  "errors" :  ...
75: 109001 adresses traitées
adresse : bulk pour les ids de 13933859 à 13934858
bulk : {
  "took" : 97,
  "errors" :  ...
75: 110001 adresses traitées
adresse : bulk pour les ids de 13934859 à 13935858
bulk : {
  "took" : 78,
  "errors" :  ...
75: 111001 adresses traitées
adresse : bulk pour les ids de 13935859 à 13936858
bulk : {
  "took" : 96,
  "errors" :  ...
75: 112001 adresses traitées
adresse : bulk pour les ids de 13936859 à 13937858
bulk : {
  "took" : 80,
  "errors" :  ...
75: 113001 adresses traitées
adresse : bulk pour les ids de 13937859 à 13938858
bulk : {
  "took" : 92,
  "errors" :  ...
75: 114001 adresses traitées
adresse : bulk pour les ids de 13938859 à 13939858
bulk : {
  "took" : 83,
  "errors" :  ...
75: 115001 adresses traitées
adresse : bulk pour les ids de 13939859 à 13940858
bulk : {
  "took" : 80,
  "errors" :  ...
75: 116001 adresses traitées
adresse : bulk pour les ids de 13940859 à 13941858
bulk : {
  "took" : 91,
  "errors" :  ...
75: 117001 adresses traitées
adresse : bulk pour les ids de 13941859 à 13942858
bulk : {
  "took" : 81,
  "errors" :  ...
75: 118001 adresses traitées
adresse : bulk pour les ids de 13942859 à 13943858
bulk : {
  "took" : 90,
  "errors" :  ...
75: 119001 adresses traitées
adresse : bulk pour les ids de 13943859 à 13944858
bulk : {
  "took" : 79,
  "errors" :  ...
75: 120001 adresses traitées
adresse : bulk pour les ids de 13944859 à 13945858
bulk : {
  "took" : 93,
  "errors" :  ...
75: 121001 adresses traitées
adresse : bulk pour les ids de 13945859 à 13946858
bulk : {
  "took" : 81,
  "errors" :  ...
75: 122001 adresses traitées
adresse : bulk pour les ids de 13946859 à 13947858
bulk : {
  "took" : 92,
  "errors" :  ...
75: 123001 adresses traitées
adresse : bulk pour les ids de 13947859 à 13948858
bulk : {
  "took" : 86,
  "errors" :  ...
75: 124001 adresses traitées
adresse : bulk pour les ids de 13948859 à 13949858
bulk : {
  "took" : 98,
  "errors" :  ...
75: 125001 adresses traitées
adresse : bulk pour les ids de 13949859 à 13950856
bulk : {
  "took" : 77,
  "errors" :  ...
dpt 76 : voies
76: 1 voies traitées
voie : bulk pour les ids de 1015017 à 1015216
bulk : {
  "took" : 15,
  "errors" :  ...
76: 201 voies traitées
voie : bulk pour les ids de 1015217 à 1015416
bulk : {
  "took" : 33,
  "errors" :  ...
76: 401 voies traitées
voie : bulk pour les ids de 1015417 à 1015616
bulk : {
  "took" : 13,
  "errors" :  ...
76: 601 voies traitées
voie : bulk pour les ids de 1015617 à 1015816
bulk : {
  "took" : 13,
  "errors" :  ...
76: 801 voies traitées
voie : bulk pour les ids de 1015817 à 1016016
bulk : {
  "took" : 13,
  "errors" :  ...
76: 1001 voies traitées
voie : bulk pour les ids de 1016017 à 1016216
bulk : {
  "took" : 14,
  "errors" :  ...
76: 1201 voies traitées
voie : bulk pour les ids de 1016217 à 1016416
bulk : {
  "took" : 29,
  "errors" :  ...
76: 1401 voies traitées
voie : bulk pour les ids de 1016417 à 1016616
bulk : {
  "took" : 12,
  "errors" :  ...
76: 1601 voies traitées
voie : bulk pour les ids de 1016617 à 1016816
bulk : {
  "took" : 12,
  "errors" :  ...
76: 1801 voies traitées
voie : bulk pour les ids de 1016817 à 1017016
bulk : {
  "took" : 12,
  "errors" :  ...
76: 2001 voies traitées
voie : bulk pour les ids de 1017017 à 1017216
bulk : {
  "took" : 13,
  "errors" :  ...
76: 2201 voies traitées
voie : bulk pour les ids de 1017217 à 1017416
bulk : {
  "took" : 12,
  "errors" :  ...
76: 2401 voies traitées
voie : bulk pour les ids de 1017417 à 1017616
bulk : {
  "took" : 12,
  "errors" :  ...
76: 2601 voies traitées
voie : bulk pour les ids de 1017617 à 1017816
bulk : {
  "took" : 12,
  "errors" :  ...
76: 2801 voies traitées
voie : bulk pour les ids de 1017817 à 1018016
bulk : {
  "took" : 12,
  "errors" :  ...
76: 3001 voies traitées
voie : bulk pour les ids de 1018017 à 1018216
bulk : {
  "took" : 28,
  "errors" :  ...
76: 3201 voies traitées
voie : bulk pour les ids de 1018217 à 1018416
bulk : {
  "took" : 12,
  "errors" :  ...
76: 3401 voies traitées
voie : bulk pour les ids de 1018417 à 1018616
bulk : {
  "took" : 12,
  "errors" :  ...
76: 3601 voies traitées
voie : bulk pour les ids de 1018617 à 1018816
bulk : {
  "took" : 13,
  "errors" :  ...
76: 3801 voies traitées
voie : bulk pour les ids de 1018817 à 1019016
bulk : {
  "took" : 12,
  "errors" :  ...
76: 4001 voies traitées
voie : bulk pour les ids de 1019017 à 1019216
bulk : {
  "took" : 12,
  "errors" :  ...
76: 4201 voies traitées
voie : bulk pour les ids de 1019217 à 1019416
bulk : {
  "took" : 12,
  "errors" :  ...
76: 4401 voies traitées
voie : bulk pour les ids de 1019417 à 1019616
bulk : {
  "took" : 12,
  "errors" :  ...
76: 4601 voies traitées
voie : bulk pour les ids de 1019617 à 1019816
bulk : {
  "took" : 12,
  "errors" :  ...
76: 4801 voies traitées
voie : bulk pour les ids de 1019817 à 1020016
bulk : {
  "took" : 41,
  "errors" :  ...
76: 5001 voies traitées
voie : bulk pour les ids de 1020017 à 1020216
bulk : {
  "took" : 12,
  "errors" :  ...
76: 5201 voies traitées
voie : bulk pour les ids de 1020217 à 1020416
bulk : {
  "took" : 11,
  "errors" :  ...
76: 5401 voies traitées
voie : bulk pour les ids de 1020417 à 1020616
bulk : {
  "took" : 13,
  "errors" :  ...
76: 5601 voies traitées
voie : bulk pour les ids de 1020617 à 1020816
bulk : {
  "took" : 12,
  "errors" :  ...
76: 5801 voies traitées
voie : bulk pour les ids de 1020817 à 1021016
bulk : {
  "took" : 12,
  "errors" :  ...
76: 6001 voies traitées
voie : bulk pour les ids de 1021017 à 1021216
bulk : {
  "took" : 12,
  "errors" :  ...
76: 6201 voies traitées
voie : bulk pour les ids de 1021217 à 1021416
bulk : {
  "took" : 25,
  "errors" :  ...
76: 6401 voies traitées
voie : bulk pour les ids de 1021417 à 1021616
bulk : {
  "took" : 12,
  "errors" :  ...
76: 6601 voies traitées
voie : bulk pour les ids de 1021617 à 1021816
bulk : {
  "took" : 12,
  "errors" :  ...
76: 6801 voies traitées
voie : bulk pour les ids de 1021817 à 1022016
bulk : {
  "took" : 12,
  "errors" :  ...
76: 7001 voies traitées
voie : bulk pour les ids de 1022017 à 1022216
bulk : {
  "took" : 12,
  "errors" :  ...
76: 7201 voies traitées
voie : bulk pour les ids de 1022217 à 1022416
bulk : {
  "took" : 12,
  "errors" :  ...
76: 7401 voies traitées
voie : bulk pour les ids de 1022417 à 1022616
bulk : {
  "took" : 12,
  "errors" :  ...
76: 7601 voies traitées
voie : bulk pour les ids de 1022617 à 1022816
bulk : {
  "took" : 12,
  "errors" :  ...
76: 7801 voies traitées
voie : bulk pour les ids de 1022817 à 1023016
bulk : {
  "took" : 24,
  "errors" :  ...
76: 8001 voies traitées
voie : bulk pour les ids de 1023017 à 1023216
bulk : {
  "took" : 13,
  "errors" :  ...
76: 8201 voies traitées
voie : bulk pour les ids de 1023217 à 1023416
bulk : {
  "took" : 12,
  "errors" :  ...
76: 8401 voies traitées
voie : bulk pour les ids de 1023417 à 1023616
bulk : {
  "took" : 22,
  "errors" :  ...
76: 8601 voies traitées
voie : bulk pour les ids de 1023617 à 1023816
bulk : {
  "took" : 22,
  "errors" :  ...
76: 8801 voies traitées
voie : bulk pour les ids de 1023817 à 1024016
bulk : {
  "took" : 12,
  "errors" :  ...
76: 9001 voies traitées
voie : bulk pour les ids de 1024017 à 1024216
bulk : {
  "took" : 12,
  "errors" :  ...
76: 9201 voies traitées
voie : bulk pour les ids de 1024217 à 1024416
bulk : {
  "took" : 12,
  "errors" :  ...
76: 9401 voies traitées
voie : bulk pour les ids de 1024417 à 1024616
bulk : {
  "took" : 13,
  "errors" :  ...
76: 9601 voies traitées
voie : bulk pour les ids de 1024617 à 1024816
bulk : {
  "took" : 12,
  "errors" :  ...
76: 9801 voies traitées
voie : bulk pour les ids de 1024817 à 1025016
bulk : {
  "took" : 31,
  "errors" :  ...
76: 10001 voies traitées
voie : bulk pour les ids de 1025017 à 1025216
bulk : {
  "took" : 13,
  "errors" :  ...
76: 10201 voies traitées
voie : bulk pour les ids de 1025217 à 1025416
bulk : {
  "took" : 12,
  "errors" :  ...
76: 10401 voies traitées
voie : bulk pour les ids de 1025417 à 1025616
bulk : {
  "took" : 12,
  "errors" :  ...
76: 10601 voies traitées
voie : bulk pour les ids de 1025617 à 1025816
bulk : {
  "took" : 13,
  "errors" :  ...
76: 10801 voies traitées
voie : bulk pour les ids de 1025817 à 1026016
bulk : {
  "took" : 12,
  "errors" :  ...
76: 11001 voies traitées
voie : bulk pour les ids de 1026017 à 1026216
bulk : {
  "took" : 12,
  "errors" :  ...
76: 11201 voies traitées
voie : bulk pour les ids de 1026217 à 1026416
bulk : {
  "took" : 12,
  "errors" :  ...
76: 11401 voies traitées
voie : bulk pour les ids de 1026417 à 1026616
bulk : {
  "took" : 11,
  "errors" :  ...
76: 11601 voies traitées
voie : bulk pour les ids de 1026617 à 1026816
bulk : {
  "took" : 13,
  "errors" :  ...
76: 11801 voies traitées
voie : bulk pour les ids de 1026817 à 1027016
bulk : {
  "took" : 24,
  "errors" :  ...
76: 12001 voies traitées
voie : bulk pour les ids de 1027017 à 1027216
bulk : {
  "took" : 24,
  "errors" :  ...
76: 12201 voies traitées
voie : bulk pour les ids de 1027217 à 1027416
bulk : {
  "took" : 21,
  "errors" :  ...
76: 12401 voies traitées
voie : bulk pour les ids de 1027417 à 1027616
bulk : {
  "took" : 12,
  "errors" :  ...
76: 12601 voies traitées
voie : bulk pour les ids de 1027617 à 1027816
bulk : {
  "took" : 12,
  "errors" :  ...
76: 12801 voies traitées
voie : bulk pour les ids de 1027817 à 1028016
bulk : {
  "took" : 12,
  "errors" :  ...
76: 13001 voies traitées
voie : bulk pour les ids de 1028017 à 1028216
bulk : {
  "took" : 12,
  "errors" :  ...
76: 13201 voies traitées
voie : bulk pour les ids de 1028217 à 1028416
bulk : {
  "took" : 12,
  "errors" :  ...
76: 13401 voies traitées
voie : bulk pour les ids de 1028417 à 1028616
bulk : {
  "took" : 12,
  "errors" :  ...
76: 13601 voies traitées
voie : bulk pour les ids de 1028617 à 1028816
bulk : {
  "took" : 12,
  "errors" :  ...
76: 13801 voies traitées
voie : bulk pour les ids de 1028817 à 1029016
bulk : {
  "took" : 29,
  "errors" :  ...
76: 14001 voies traitées
voie : bulk pour les ids de 1029017 à 1029216
bulk : {
  "took" : 11,
  "errors" :  ...
76: 14201 voies traitées
voie : bulk pour les ids de 1029217 à 1029416
bulk : {
  "took" : 11,
  "errors" :  ...
76: 14401 voies traitées
voie : bulk pour les ids de 1029417 à 1029616
bulk : {
  "took" : 13,
  "errors" :  ...
76: 14601 voies traitées
voie : bulk pour les ids de 1029617 à 1029816
bulk : {
  "took" : 12,
  "errors" :  ...
76: 14801 voies traitées
voie : bulk pour les ids de 1029817 à 1030016
bulk : {
  "took" : 13,
  "errors" :  ...
76: 15001 voies traitées
voie : bulk pour les ids de 1030017 à 1030216
bulk : {
  "took" : 12,
  "errors" :  ...
76: 15201 voies traitées
voie : bulk pour les ids de 1030217 à 1030416
bulk : {
  "took" : 12,
  "errors" :  ...
76: 15401 voies traitées
voie : bulk pour les ids de 1030417 à 1030616
bulk : {
  "took" : 12,
  "errors" :  ...
76: 15601 voies traitées
voie : bulk pour les ids de 1030617 à 1030816
bulk : {
  "took" : 30,
  "errors" :  ...
76: 15801 voies traitées
voie : bulk pour les ids de 1030817 à 1031016
bulk : {
  "took" : 29,
  "errors" :  ...
76: 16001 voies traitées
voie : bulk pour les ids de 1031017 à 1031216
bulk : {
  "took" : 22,
  "errors" :  ...
76: 16201 voies traitées
voie : bulk pour les ids de 1031217 à 1031416
bulk : {
  "took" : 16,
  "errors" :  ...
76: 16401 voies traitées
voie : bulk pour les ids de 1031417 à 1031616
bulk : {
  "took" : 13,
  "errors" :  ...
76: 16601 voies traitées
voie : bulk pour les ids de 1031617 à 1031816
bulk : {
  "took" : 28,
  "errors" :  ...
76: 16801 voies traitées
voie : bulk pour les ids de 1031817 à 1032016
bulk : {
  "took" : 12,
  "errors" :  ...
76: 17001 voies traitées
voie : bulk pour les ids de 1032017 à 1032216
bulk : {
  "took" : 13,
  "errors" :  ...
76: 17201 voies traitées
voie : bulk pour les ids de 1032217 à 1032416
bulk : {
  "took" : 28,
  "errors" :  ...
76: 17401 voies traitées
voie : bulk pour les ids de 1032417 à 1032616
bulk : {
  "took" : 13,
  "errors" :  ...
76: 17601 voies traitées
voie : bulk pour les ids de 1032617 à 1032816
bulk : {
  "took" : 12,
  "errors" :  ...
76: 17801 voies traitées
voie : bulk pour les ids de 1032817 à 1033016
bulk : {
  "took" : 13,
  "errors" :  ...
76: 18001 voies traitées
voie : bulk pour les ids de 1033017 à 1033216
bulk : {
  "took" : 13,
  "errors" :  ...
76: 18201 voies traitées
voie : bulk pour les ids de 1033217 à 1033416
bulk : {
  "took" : 25,
  "errors" :  ...
76: 18401 voies traitées
voie : bulk pour les ids de 1033417 à 1033616
bulk : {
  "took" : 12,
  "errors" :  ...
76: 18601 voies traitées
voie : bulk pour les ids de 1033617 à 1033816
bulk : {
  "took" : 12,
  "errors" :  ...
76: 18801 voies traitées
voie : bulk pour les ids de 1033817 à 1034016
bulk : {
  "took" : 13,
  "errors" :  ...
76: 19001 voies traitées
voie : bulk pour les ids de 1034017 à 1034216
bulk : {
  "took" : 12,
  "errors" :  ...
76: 19201 voies traitées
voie : bulk pour les ids de 1034217 à 1034416
bulk : {
  "took" : 20,
  "errors" :  ...
76: 19401 voies traitées
voie : bulk pour les ids de 1034417 à 1034616
bulk : {
  "took" : 21,
  "errors" :  ...
76: 19601 voies traitées
voie : bulk pour les ids de 1034617 à 1034816
bulk : {
  "took" : 12,
  "errors" :  ...
76: 19801 voies traitées
voie : bulk pour les ids de 1034817 à 1035016
bulk : {
  "took" : 12,
  "errors" :  ...
76: 20001 voies traitées
voie : bulk pour les ids de 1035017 à 1035216
bulk : {
  "took" : 12,
  "errors" :  ...
76: 20201 voies traitées
voie : bulk pour les ids de 1035217 à 1035416
bulk : {
  "took" : 24,
  "errors" :  ...
76: 20401 voies traitées
voie : bulk pour les ids de 1035417 à 1035616
bulk : {
  "took" : 12,
  "errors" :  ...
76: 20601 voies traitées
voie : bulk pour les ids de 1035617 à 1035816
bulk : {
  "took" : 13,
  "errors" :  ...
76: 20801 voies traitées
voie : bulk pour les ids de 1035817 à 1036016
bulk : {
  "took" : 12,
  "errors" :  ...
76: 21001 voies traitées
voie : bulk pour les ids de 1036017 à 1036216
bulk : {
  "took" : 12,
  "errors" :  ...
76: 21201 voies traitées
voie : bulk pour les ids de 1036217 à 1036416
bulk : {
  "took" : 12,
  "errors" :  ...
76: 21401 voies traitées
voie : bulk pour les ids de 1036417 à 1036616
bulk : {
  "took" : 12,
  "errors" :  ...
76: 21601 voies traitées
voie : bulk pour les ids de 1036617 à 1036816
bulk : {
  "took" : 12,
  "errors" :  ...
76: 21801 voies traitées
voie : bulk pour les ids de 1036817 à 1037016
bulk : {
  "took" : 12,
  "errors" :  ...
76: 22001 voies traitées
voie : bulk pour les ids de 1037017 à 1037216
bulk : {
  "took" : 12,
  "errors" :  ...
76: 22201 voies traitées
voie : bulk pour les ids de 1037217 à 1037416
bulk : {
  "took" : 25,
  "errors" :  ...
76: 22401 voies traitées
voie : bulk pour les ids de 1037417 à 1037616
bulk : {
  "took" : 13,
  "errors" :  ...
76: 22601 voies traitées
voie : bulk pour les ids de 1037617 à 1037816
bulk : {
  "took" : 22,
  "errors" :  ...
76: 22801 voies traitées
voie : bulk pour les ids de 1037817 à 1038016
bulk : {
  "took" : 22,
  "errors" :  ...
76: 23001 voies traitées
voie : bulk pour les ids de 1038017 à 1038216
bulk : {
  "took" : 12,
  "errors" :  ...
76: 23201 voies traitées
voie : bulk pour les ids de 1038217 à 1038416
bulk : {
  "took" : 12,
  "errors" :  ...
76: 23401 voies traitées
voie : bulk pour les ids de 1038417 à 1038616
bulk : {
  "took" : 25,
  "errors" :  ...
76: 23601 voies traitées
voie : bulk pour les ids de 1038617 à 1038816
bulk : {
  "took" : 12,
  "errors" :  ...
76: 23801 voies traitées
voie : bulk pour les ids de 1038817 à 1039016
bulk : {
  "took" : 13,
  "errors" :  ...
76: 24001 voies traitées
voie : bulk pour les ids de 1039017 à 1039216
bulk : {
  "took" : 12,
  "errors" :  ...
76: 24201 voies traitées
voie : bulk pour les ids de 1039217 à 1039416
bulk : {
  "took" : 12,
  "errors" :  ...
76: 24401 voies traitées
voie : bulk pour les ids de 1039417 à 1039616
bulk : {
  "took" : 12,
  "errors" :  ...
76: 24601 voies traitées
voie : bulk pour les ids de 1039617 à 1039816
bulk : {
  "took" : 13,
  "errors" :  ...
76: 24801 voies traitées
voie : bulk pour les ids de 1039817 à 1040016
bulk : {
  "took" : 16,
  "errors" :  ...
76: 25001 voies traitées
voie : bulk pour les ids de 1040017 à 1040216
bulk : {
  "took" : 13,
  "errors" :  ...
76: 25201 voies traitées
voie : bulk pour les ids de 1040217 à 1040416
bulk : {
  "took" : 13,
  "errors" :  ...
76: 25401 voies traitées
voie : bulk pour les ids de 1040417 à 1040616
bulk : {
  "took" : 12,
  "errors" :  ...
76: 25601 voies traitées
voie : bulk pour les ids de 1040617 à 1040816
bulk : {
  "took" : 12,
  "errors" :  ...
76: 25801 voies traitées
voie : bulk pour les ids de 1040817 à 1041016
bulk : {
  "took" : 28,
  "errors" :  ...
76: 26001 voies traitées
voie : bulk pour les ids de 1041017 à 1041216
bulk : {
  "took" : 20,
  "errors" :  ...
76: 26201 voies traitées
voie : bulk pour les ids de 1041217 à 1041416
bulk : {
  "took" : 22,
  "errors" :  ...
76: 26401 voies traitées
voie : bulk pour les ids de 1041417 à 1041551
bulk : {
  "took" : 27,
  "errors" :  ...
dpt 76 : adresses
76: 1 adresses traitées
76: 1001 adresses traitées
adresse : bulk pour les ids de 13950857 à 13951856
bulk : {
  "took" : 80,
  "errors" :  ...
76: 2001 adresses traitées
adresse : bulk pour les ids de 13951857 à 13952856
bulk : {
  "took" : 113,
  "errors" : ...
76: 3001 adresses traitées
adresse : bulk pour les ids de 13952857 à 13953856
bulk : {
  "took" : 84,
  "errors" :  ...
76: 4001 adresses traitées
adresse : bulk pour les ids de 13953857 à 13954856
bulk : {
  "took" : 74,
  "errors" :  ...
76: 5001 adresses traitées
adresse : bulk pour les ids de 13954857 à 13955856
bulk : {
  "took" : 76,
  "errors" :  ...
76: 6001 adresses traitées
adresse : bulk pour les ids de 13955857 à 13956856
bulk : {
  "took" : 99,
  "errors" :  ...
76: 7001 adresses traitées
adresse : bulk pour les ids de 13956857 à 13957856
bulk : {
  "took" : 73,
  "errors" :  ...
76: 8001 adresses traitées
adresse : bulk pour les ids de 13957857 à 13958856
bulk : {
  "took" : 74,
  "errors" :  ...
76: 9001 adresses traitées
76: 10001 adresses traitées
adresse : bulk pour les ids de 13958857 à 13959856
bulk : {
  "took" : 106,
  "errors" : ...
76: 11001 adresses traitées
adresse : bulk pour les ids de 13959857 à 13960856
bulk : {
  "took" : 73,
  "errors" :  ...
76: 12001 adresses traitées
adresse : bulk pour les ids de 13960857 à 13961856
bulk : {
  "took" : 87,
  "errors" :  ...
76: 13001 adresses traitées
76: 14001 adresses traitées
adresse : bulk pour les ids de 13961857 à 13962856
bulk : {
  "took" : 93,
  "errors" :  ...
76: 15001 adresses traitées
adresse : bulk pour les ids de 13962857 à 13963856
bulk : {
  "took" : 74,
  "errors" :  ...
76: 16001 adresses traitées
adresse : bulk pour les ids de 13963857 à 13964856
bulk : {
  "took" : 90,
  "errors" :  ...
76: 17001 adresses traitées
76: 18001 adresses traitées
adresse : bulk pour les ids de 13964857 à 13965856
bulk : {
  "took" : 74,
  "errors" :  ...
76: 19001 adresses traitées
adresse : bulk pour les ids de 13965857 à 13966856
bulk : {
  "took" : 103,
  "errors" : ...
76: 20001 adresses traitées
adresse : bulk pour les ids de 13966857 à 13967856
bulk : {
  "took" : 88,
  "errors" :  ...
76: 21001 adresses traitées
adresse : bulk pour les ids de 13967857 à 13968856
bulk : {
  "took" : 84,
  "errors" :  ...
76: 22001 adresses traitées
adresse : bulk pour les ids de 13968857 à 13969856
bulk : {
  "took" : 81,
  "errors" :  ...
76: 23001 adresses traitées
adresse : bulk pour les ids de 13969857 à 13970856
bulk : {
  "took" : 83,
  "errors" :  ...
76: 24001 adresses traitées
76: 25001 adresses traitées
adresse : bulk pour les ids de 13970857 à 13971856
bulk : {
  "took" : 68,
  "errors" :  ...
76: 26001 adresses traitées
adresse : bulk pour les ids de 13971857 à 13972856
bulk : {
  "took" : 95,
  "errors" :  ...
76: 27001 adresses traitées
adresse : bulk pour les ids de 13972857 à 13973856
bulk : {
  "took" : 68,
  "errors" :  ...
76: 28001 adresses traitées
adresse : bulk pour les ids de 13973857 à 13974856
bulk : {
  "took" : 100,
  "errors" : ...
76: 29001 adresses traitées
adresse : bulk pour les ids de 13974857 à 13975856
bulk : {
  "took" : 69,
  "errors" :  ...
76: 30001 adresses traitées
adresse : bulk pour les ids de 13975857 à 13976856
bulk : {
  "took" : 101,
  "errors" : ...
76: 31001 adresses traitées
adresse : bulk pour les ids de 13976857 à 13977856
bulk : {
  "took" : 83,
  "errors" :  ...
76: 32001 adresses traitées
76: 33001 adresses traitées
adresse : bulk pour les ids de 13977857 à 13978856
bulk : {
  "took" : 85,
  "errors" :  ...
76: 34001 adresses traitées
adresse : bulk pour les ids de 13978857 à 13979856
bulk : {
  "took" : 86,
  "errors" :  ...
76: 35001 adresses traitées
adresse : bulk pour les ids de 13979857 à 13980856
bulk : {
  "took" : 80,
  "errors" :  ...
76: 36001 adresses traitées
76: 37001 adresses traitées
adresse : bulk pour les ids de 13980857 à 13981856
bulk : {
  "took" : 72,
  "errors" :  ...
76: 38001 adresses traitées
adresse : bulk pour les ids de 13981857 à 13982856
bulk : {
  "took" : 100,
  "errors" : ...
76: 39001 adresses traitées
adresse : bulk pour les ids de 13982857 à 13983856
bulk : {
  "took" : 71,
  "errors" :  ...
76: 40001 adresses traitées
adresse : bulk pour les ids de 13983857 à 13984856
bulk : {
  "took" : 106,
  "errors" : ...
76: 41001 adresses traitées
76: 42001 adresses traitées
adresse : bulk pour les ids de 13984857 à 13985856
bulk : {
  "took" : 79,
  "errors" :  ...
76: 43001 adresses traitées
adresse : bulk pour les ids de 13985857 à 13986856
bulk : {
  "took" : 74,
  "errors" :  ...
76: 44001 adresses traitées
adresse : bulk pour les ids de 13986857 à 13987856
bulk : {
  "took" : 95,
  "errors" :  ...
76: 45001 adresses traitées
adresse : bulk pour les ids de 13987857 à 13988856
bulk : {
  "took" : 91,
  "errors" :  ...
76: 46001 adresses traitées
adresse : bulk pour les ids de 13988857 à 13989856
bulk : {
  "took" : 80,
  "errors" :  ...
76: 47001 adresses traitées
adresse : bulk pour les ids de 13989857 à 13990856
bulk : {
  "took" : 88,
  "errors" :  ...
76: 48001 adresses traitées
adresse : bulk pour les ids de 13990857 à 13991856
bulk : {
  "took" : 103,
  "errors" : ...
76: 49001 adresses traitées
adresse : bulk pour les ids de 13991857 à 13992856
bulk : {
  "took" : 71,
  "errors" :  ...
76: 50001 adresses traitées
76: 51001 adresses traitées
adresse : bulk pour les ids de 13992857 à 13993856
bulk : {
  "took" : 105,
  "errors" : ...
76: 52001 adresses traitées
adresse : bulk pour les ids de 13993857 à 13994856
bulk : {
  "took" : 72,
  "errors" :  ...
76: 53001 adresses traitées
adresse : bulk pour les ids de 13994857 à 13995856
bulk : {
  "took" : 87,
  "errors" :  ...
76: 54001 adresses traitées
adresse : bulk pour les ids de 13995857 à 13996856
bulk : {
  "took" : 84,
  "errors" :  ...
76: 55001 adresses traitées
adresse : bulk pour les ids de 13996857 à 13997856
bulk : {
  "took" : 79,
  "errors" :  ...
76: 56001 adresses traitées
76: 57001 adresses traitées
adresse : bulk pour les ids de 13997857 à 13998856
bulk : {
  "took" : 81,
  "errors" :  ...
76: 58001 adresses traitées
adresse : bulk pour les ids de 13998857 à 13999856
bulk : {
  "took" : 84,
  "errors" :  ...
76: 59001 adresses traitées
adresse : bulk pour les ids de 13999857 à 14000856
bulk : {
  "took" : 81,
  "errors" :  ...
76: 60001 adresses traitées
adresse : bulk pour les ids de 14000857 à 14001856
bulk : {
  "took" : 93,
  "errors" :  ...
76: 61001 adresses traitées
76: 62001 adresses traitées
adresse : bulk pour les ids de 14001857 à 14002856
bulk : {
  "took" : 92,
  "errors" :  ...
76: 63001 adresses traitées
adresse : bulk pour les ids de 14002857 à 14003856
bulk : {
  "took" : 71,
  "errors" :  ...
76: 64001 adresses traitées
adresse : bulk pour les ids de 14003857 à 14004856
bulk : {
  "took" : 97,
  "errors" :  ...
76: 65001 adresses traitées
adresse : bulk pour les ids de 14004857 à 14005856
bulk : {
  "took" : 83,
  "errors" :  ...
76: 66001 adresses traitées
adresse : bulk pour les ids de 14005857 à 14006856
bulk : {
  "took" : 87,
  "errors" :  ...
76: 67001 adresses traitées
76: 68001 adresses traitées
adresse : bulk pour les ids de 14006857 à 14007856
bulk : {
  "took" : 82,
  "errors" :  ...
76: 69001 adresses traitées
adresse : bulk pour les ids de 14007857 à 14008856
bulk : {
  "took" : 99,
  "errors" :  ...
76: 70001 adresses traitées
adresse : bulk pour les ids de 14008857 à 14009856
bulk : {
  "took" : 69,
  "errors" :  ...
76: 71001 adresses traitées
adresse : bulk pour les ids de 14009857 à 14010856
bulk : {
  "took" : 100,
  "errors" : ...
76: 72001 adresses traitées
76: 73001 adresses traitées
adresse : bulk pour les ids de 14010857 à 14011856
bulk : {
  "took" : 91,
  "errors" :  ...
76: 74001 adresses traitées
adresse : bulk pour les ids de 14011857 à 14012856
bulk : {
  "took" : 70,
  "errors" :  ...
76: 75001 adresses traitées
adresse : bulk pour les ids de 14012857 à 14013856
bulk : {
  "took" : 92,
  "errors" :  ...
76: 76001 adresses traitées
adresse : bulk pour les ids de 14013857 à 14014856
bulk : {
  "took" : 91,
  "errors" :  ...
76: 77001 adresses traitées
adresse : bulk pour les ids de 14014857 à 14015856
bulk : {
  "took" : 79,
  "errors" :  ...
76: 78001 adresses traitées
adresse : bulk pour les ids de 14015857 à 14016856
bulk : {
  "took" : 88,
  "errors" :  ...
76: 79001 adresses traitées
adresse : bulk pour les ids de 14016857 à 14017856
bulk : {
  "took" : 80,
  "errors" :  ...
76: 80001 adresses traitées
76: 81001 adresses traitées
adresse : bulk pour les ids de 14017857 à 14018856
bulk : {
  "took" : 83,
  "errors" :  ...
76: 82001 adresses traitées
adresse : bulk pour les ids de 14018857 à 14019856
bulk : {
  "took" : 91,
  "errors" :  ...
76: 83001 adresses traitées
adresse : bulk pour les ids de 14019857 à 14020856
bulk : {
  "took" : 69,
  "errors" :  ...
76: 84001 adresses traitées
adresse : bulk pour les ids de 14020857 à 14021856
bulk : {
  "took" : 88,
  "errors" :  ...
76: 85001 adresses traitées
adresse : bulk pour les ids de 14021857 à 14022856
bulk : {
  "took" : 80,
  "errors" :  ...
76: 86001 adresses traitées
adresse : bulk pour les ids de 14022857 à 14023856
bulk : {
  "took" : 90,
  "errors" :  ...
76: 87001 adresses traitées
adresse : bulk pour les ids de 14023857 à 14024856
bulk : {
  "took" : 70,
  "errors" :  ...
76: 88001 adresses traitées
adresse : bulk pour les ids de 14024857 à 14025856
bulk : {
  "took" : 92,
  "errors" :  ...
76: 89001 adresses traitées
adresse : bulk pour les ids de 14025857 à 14026856
bulk : {
  "took" : 87,
  "errors" :  ...
76: 90001 adresses traitées
adresse : bulk pour les ids de 14026857 à 14027856
bulk : {
  "took" : 85,
  "errors" :  ...
76: 91001 adresses traitées
adresse : bulk pour les ids de 14027857 à 14028856
bulk : {
  "took" : 86,
  "errors" :  ...
76: 92001 adresses traitées
adresse : bulk pour les ids de 14028857 à 14029856
bulk : {
  "took" : 86,
  "errors" :  ...
76: 93001 adresses traitées
adresse : bulk pour les ids de 14029857 à 14030856
bulk : {
  "took" : 70,
  "errors" :  ...
76: 94001 adresses traitées
adresse : bulk pour les ids de 14030857 à 14031856
bulk : {
  "took" : 106,
  "errors" : ...
76: 95001 adresses traitées
76: 96001 adresses traitées
adresse : bulk pour les ids de 14031857 à 14032856
bulk : {
  "took" : 76,
  "errors" :  ...
76: 97001 adresses traitées
adresse : bulk pour les ids de 14032857 à 14033856
bulk : {
  "took" : 87,
  "errors" :  ...
76: 98001 adresses traitées
adresse : bulk pour les ids de 14033857 à 14034856
bulk : {
  "took" : 78,
  "errors" :  ...
76: 99001 adresses traitées
adresse : bulk pour les ids de 14034857 à 14035856
bulk : {
  "took" : 91,
  "errors" :  ...
76: 100001 adresses traitées
adresse : bulk pour les ids de 14035857 à 14036856
bulk : {
  "took" : 103,
  "errors" : ...
76: 101001 adresses traitées
adresse : bulk pour les ids de 14036857 à 14037856
bulk : {
  "took" : 93,
  "errors" :  ...
76: 102001 adresses traitées
adresse : bulk pour les ids de 14037857 à 14038856
bulk : {
  "took" : 84,
  "errors" :  ...
76: 103001 adresses traitées
76: 104001 adresses traitées
adresse : bulk pour les ids de 14038857 à 14039856
bulk : {
  "took" : 72,
  "errors" :  ...
76: 105001 adresses traitées
adresse : bulk pour les ids de 14039857 à 14040856
bulk : {
  "took" : 93,
  "errors" :  ...
76: 106001 adresses traitées
adresse : bulk pour les ids de 14040857 à 14041856
bulk : {
  "took" : 72,
  "errors" :  ...
76: 107001 adresses traitées
adresse : bulk pour les ids de 14041857 à 14042856
bulk : {
  "took" : 102,
  "errors" : ...
76: 108001 adresses traitées
adresse : bulk pour les ids de 14042857 à 14043856
bulk : {
  "took" : 69,
  "errors" :  ...
76: 109001 adresses traitées
adresse : bulk pour les ids de 14043857 à 14044856
bulk : {
  "took" : 102,
  "errors" : ...
76: 110001 adresses traitées
76: 111001 adresses traitées
adresse : bulk pour les ids de 14044857 à 14045856
bulk : {
  "took" : 78,
  "errors" :  ...
76: 112001 adresses traitées
adresse : bulk pour les ids de 14045857 à 14046856
bulk : {
  "took" : 84,
  "errors" :  ...
76: 113001 adresses traitées
adresse : bulk pour les ids de 14046857 à 14047856
bulk : {
  "took" : 95,
  "errors" :  ...
76: 114001 adresses traitées
adresse : bulk pour les ids de 14047857 à 14048856
bulk : {
  "took" : 78,
  "errors" :  ...
76: 115001 adresses traitées
adresse : bulk pour les ids de 14048857 à 14049856
bulk : {
  "took" : 99,
  "errors" :  ...
76: 116001 adresses traitées
adresse : bulk pour les ids de 14049857 à 14050856
bulk : {
  "took" : 85,
  "errors" :  ...
76: 117001 adresses traitées
adresse : bulk pour les ids de 14050857 à 14051856
bulk : {
  "took" : 87,
  "errors" :  ...
76: 118001 adresses traitées
76: 119001 adresses traitées
adresse : bulk pour les ids de 14051857 à 14052856
bulk : {
  "took" : 70,
  "errors" :  ...
76: 120001 adresses traitées
adresse : bulk pour les ids de 14052857 à 14053856
bulk : {
  "took" : 93,
  "errors" :  ...
76: 121001 adresses traitées
adresse : bulk pour les ids de 14053857 à 14054856
bulk : {
  "took" : 79,
  "errors" :  ...
76: 122001 adresses traitées
adresse : bulk pour les ids de 14054857 à 14055856
bulk : {
  "took" : 93,
  "errors" :  ...
76: 123001 adresses traitées
76: 124001 adresses traitées
adresse : bulk pour les ids de 14055857 à 14056856
bulk : {
  "took" : 93,
  "errors" :  ...
76: 125001 adresses traitées
adresse : bulk pour les ids de 14056857 à 14057856
bulk : {
  "took" : 72,
  "errors" :  ...
76: 126001 adresses traitées
adresse : bulk pour les ids de 14057857 à 14058856
bulk : {
  "took" : 101,
  "errors" : ...
76: 127001 adresses traitées
adresse : bulk pour les ids de 14058857 à 14059856
bulk : {
  "took" : 87,
  "errors" :  ...
76: 128001 adresses traitées
adresse : bulk pour les ids de 14059857 à 14060856
bulk : {
  "took" : 86,
  "errors" :  ...
76: 129001 adresses traitées
adresse : bulk pour les ids de 14060857 à 14061856
bulk : {
  "took" : 87,
  "errors" :  ...
76: 130001 adresses traitées
adresse : bulk pour les ids de 14061857 à 14062856
bulk : {
  "took" : 81,
  "errors" :  ...
76: 131001 adresses traitées
adresse : bulk pour les ids de 14062857 à 14063856
bulk : {
  "took" : 79,
  "errors" :  ...
76: 132001 adresses traitées
76: 133001 adresses traitées
adresse : bulk pour les ids de 14063857 à 14064856
bulk : {
  "took" : 94,
  "errors" :  ...
76: 134001 adresses traitées
adresse : bulk pour les ids de 14064857 à 14065856
bulk : {
  "took" : 83,
  "errors" :  ...
76: 135001 adresses traitées
adresse : bulk pour les ids de 14065857 à 14066856
bulk : {
  "took" : 104,
  "errors" : ...
76: 136001 adresses traitées
adresse : bulk pour les ids de 14066857 à 14067856
bulk : {
  "took" : 105,
  "errors" : ...
76: 137001 adresses traitées
adresse : bulk pour les ids de 14067857 à 14068856
bulk : {
  "took" : 87,
  "errors" :  ...
76: 138001 adresses traitées
76: 139001 adresses traitées
adresse : bulk pour les ids de 14068857 à 14069856
bulk : {
  "took" : 106,
  "errors" : ...
76: 140001 adresses traitées
adresse : bulk pour les ids de 14069857 à 14070856
bulk : {
  "took" : 87,
  "errors" :  ...
76: 141001 adresses traitées
adresse : bulk pour les ids de 14070857 à 14071856
bulk : {
  "took" : 104,
  "errors" : ...
76: 142001 adresses traitées
adresse : bulk pour les ids de 14071857 à 14072856
bulk : {
  "took" : 83,
  "errors" :  ...
76: 143001 adresses traitées
adresse : bulk pour les ids de 14072857 à 14073856
bulk : {
  "took" : 89,
  "errors" :  ...
76: 144001 adresses traitées
adresse : bulk pour les ids de 14073857 à 14074856
bulk : {
  "took" : 89,
  "errors" :  ...
76: 145001 adresses traitées
adresse : bulk pour les ids de 14074857 à 14075856
bulk : {
  "took" : 93,
  "errors" :  ...
76: 146001 adresses traitées
76: 147001 adresses traitées
adresse : bulk pour les ids de 14075857 à 14076856
bulk : {
  "took" : 98,
  "errors" :  ...
76: 148001 adresses traitées
adresse : bulk pour les ids de 14076857 à 14077856
bulk : {
  "took" : 104,
  "errors" : ...
76: 149001 adresses traitées
adresse : bulk pour les ids de 14077857 à 14078856
bulk : {
  "took" : 87,
  "errors" :  ...
76: 150001 adresses traitées
adresse : bulk pour les ids de 14078857 à 14079856
bulk : {
  "took" : 80,
  "errors" :  ...
76: 151001 adresses traitées
adresse : bulk pour les ids de 14079857 à 14080856
bulk : {
  "took" : 102,
  "errors" : ...
76: 152001 adresses traitées
adresse : bulk pour les ids de 14080857 à 14081856
bulk : {
  "took" : 94,
  "errors" :  ...
76: 153001 adresses traitées
adresse : bulk pour les ids de 14081857 à 14082856
bulk : {
  "took" : 98,
  "errors" :  ...
76: 154001 adresses traitées
76: 155001 adresses traitées
adresse : bulk pour les ids de 14082857 à 14083856
bulk : {
  "took" : 93,
  "errors" :  ...
76: 156001 adresses traitées
adresse : bulk pour les ids de 14083857 à 14084856
bulk : {
  "took" : 103,
  "errors" : ...
76: 157001 adresses traitées
adresse : bulk pour les ids de 14084857 à 14085856
bulk : {
  "took" : 104,
  "errors" : ...
76: 158001 adresses traitées
adresse : bulk pour les ids de 14085857 à 14086856
bulk : {
  "took" : 96,
  "errors" :  ...
76: 159001 adresses traitées
adresse : bulk pour les ids de 14086857 à 14087856
bulk : {
  "took" : 86,
  "errors" :  ...
76: 160001 adresses traitées
76: 161001 adresses traitées
adresse : bulk pour les ids de 14087857 à 14088856
bulk : {
  "took" : 70,
  "errors" :  ...
76: 162001 adresses traitées
adresse : bulk pour les ids de 14088857 à 14089856
bulk : {
  "took" : 91,
  "errors" :  ...
76: 163001 adresses traitées
adresse : bulk pour les ids de 14089857 à 14090856
bulk : {
  "took" : 70,
  "errors" :  ...
76: 164001 adresses traitées
76: 165001 adresses traitées
adresse : bulk pour les ids de 14090857 à 14091856
bulk : {
  "took" : 114,
  "errors" : ...
76: 166001 adresses traitées
adresse : bulk pour les ids de 14091857 à 14092856
bulk : {
  "took" : 70,
  "errors" :  ...
76: 167001 adresses traitées
adresse : bulk pour les ids de 14092857 à 14093856
bulk : {
  "took" : 107,
  "errors" : ...
76: 168001 adresses traitées
adresse : bulk pour les ids de 14093857 à 14094856
bulk : {
  "took" : 90,
  "errors" :  ...
76: 169001 adresses traitées
adresse : bulk pour les ids de 14094857 à 14095856
bulk : {
  "took" : 93,
  "errors" :  ...
76: 170001 adresses traitées
adresse : bulk pour les ids de 14095857 à 14096856
bulk : {
  "took" : 114,
  "errors" : ...
76: 171001 adresses traitées
adresse : bulk pour les ids de 14096857 à 14097856
bulk : {
  "took" : 93,
  "errors" :  ...
76: 172001 adresses traitées
76: 173001 adresses traitées
adresse : bulk pour les ids de 14097857 à 14098856
bulk : {
  "took" : 77,
  "errors" :  ...
76: 174001 adresses traitées
adresse : bulk pour les ids de 14098857 à 14099856
bulk : {
  "took" : 81,
  "errors" :  ...
76: 175001 adresses traitées
adresse : bulk pour les ids de 14099857 à 14100856
bulk : {
  "took" : 96,
  "errors" :  ...
76: 176001 adresses traitées
adresse : bulk pour les ids de 14100857 à 14101856
bulk : {
  "took" : 87,
  "errors" :  ...
76: 177001 adresses traitées
adresse : bulk pour les ids de 14101857 à 14102856
bulk : {
  "took" : 99,
  "errors" :  ...
76: 178001 adresses traitées
76: 179001 adresses traitées
adresse : bulk pour les ids de 14102857 à 14103856
bulk : {
  "took" : 80,
  "errors" :  ...
76: 180001 adresses traitées
adresse : bulk pour les ids de 14103857 à 14104856
bulk : {
  "took" : 87,
  "errors" :  ...
76: 181001 adresses traitées
adresse : bulk pour les ids de 14104857 à 14105856
bulk : {
  "took" : 95,
  "errors" :  ...
76: 182001 adresses traitées
adresse : bulk pour les ids de 14105857 à 14106856
bulk : {
  "took" : 101,
  "errors" : ...
76: 183001 adresses traitées
adresse : bulk pour les ids de 14106857 à 14107856
bulk : {
  "took" : 104,
  "errors" : ...
76: 184001 adresses traitées
adresse : bulk pour les ids de 14107857 à 14108856
bulk : {
  "took" : 94,
  "errors" :  ...
76: 185001 adresses traitées
76: 186001 adresses traitées
adresse : bulk pour les ids de 14108857 à 14109856
bulk : {
  "took" : 115,
  "errors" : ...
76: 187001 adresses traitées
adresse : bulk pour les ids de 14109857 à 14110856
bulk : {
  "took" : 82,
  "errors" :  ...
76: 188001 adresses traitées
adresse : bulk pour les ids de 14110857 à 14111856
bulk : {
  "took" : 80,
  "errors" :  ...
76: 189001 adresses traitées
adresse : bulk pour les ids de 14111857 à 14112856
bulk : {
  "took" : 104,
  "errors" : ...
76: 190001 adresses traitées
adresse : bulk pour les ids de 14112857 à 14113856
bulk : {
  "took" : 91,
  "errors" :  ...
76: 191001 adresses traitées
adresse : bulk pour les ids de 14113857 à 14114856
bulk : {
  "took" : 71,
  "errors" :  ...
76: 192001 adresses traitées
76: 193001 adresses traitées
adresse : bulk pour les ids de 14114857 à 14115856
bulk : {
  "took" : 393,
  "errors" : ...
76: 194001 adresses traitées
adresse : bulk pour les ids de 14115857 à 14116856
bulk : {
  "took" : 70,
  "errors" :  ...
76: 195001 adresses traitées
adresse : bulk pour les ids de 14116857 à 14117856
bulk : {
  "took" : 100,
  "errors" : ...
76: 196001 adresses traitées
adresse : bulk pour les ids de 14117857 à 14118856
bulk : {
  "took" : 81,
  "errors" :  ...
76: 197001 adresses traitées
adresse : bulk pour les ids de 14118857 à 14119856
bulk : {
  "took" : 88,
  "errors" :  ...
76: 198001 adresses traitées
adresse : bulk pour les ids de 14119857 à 14120856
bulk : {
  "took" : 71,
  "errors" :  ...
76: 199001 adresses traitées
76: 200001 adresses traitées
adresse : bulk pour les ids de 14120857 à 14121856
bulk : {
  "took" : 97,
  "errors" :  ...
76: 201001 adresses traitées
adresse : bulk pour les ids de 14121857 à 14122856
bulk : {
  "took" : 83,
  "errors" :  ...
76: 202001 adresses traitées
adresse : bulk pour les ids de 14122857 à 14123856
bulk : {
  "took" : 83,
  "errors" :  ...
76: 203001 adresses traitées
adresse : bulk pour les ids de 14123857 à 14124856
bulk : {
  "took" : 93,
  "errors" :  ...
76: 204001 adresses traitées
adresse : bulk pour les ids de 14124857 à 14125856
bulk : {
  "took" : 73,
  "errors" :  ...
76: 205001 adresses traitées
adresse : bulk pour les ids de 14125857 à 14126856
bulk : {
  "took" : 81,
  "errors" :  ...
76: 206001 adresses traitées
adresse : bulk pour les ids de 14126857 à 14127856
bulk : {
  "took" : 95,
  "errors" :  ...
76: 207001 adresses traitées
76: 208001 adresses traitées
adresse : bulk pour les ids de 14127857 à 14128856
bulk : {
  "took" : 87,
  "errors" :  ...
76: 209001 adresses traitées
adresse : bulk pour les ids de 14128857 à 14129856
bulk : {
  "took" : 101,
  "errors" : ...
76: 210001 adresses traitées
adresse : bulk pour les ids de 14129857 à 14130856
bulk : {
  "took" : 106,
  "errors" : ...
76: 211001 adresses traitées
adresse : bulk pour les ids de 14130857 à 14131856
bulk : {
  "took" : 70,
  "errors" :  ...
76: 212001 adresses traitées
adresse : bulk pour les ids de 14131857 à 14132856
bulk : {
  "took" : 101,
  "errors" : ...
76: 213001 adresses traitées
adresse : bulk pour les ids de 14132857 à 14133856
bulk : {
  "took" : 69,
  "errors" :  ...
76: 214001 adresses traitées
adresse : bulk pour les ids de 14133857 à 14134856
bulk : {
  "took" : 93,
  "errors" :  ...
76: 215001 adresses traitées
adresse : bulk pour les ids de 14134857 à 14135856
bulk : {
  "took" : 82,
  "errors" :  ...
76: 216001 adresses traitées
adresse : bulk pour les ids de 14135857 à 14136856
bulk : {
  "took" : 78,
  "errors" :  ...
76: 217001 adresses traitées
adresse : bulk pour les ids de 14136857 à 14137856
bulk : {
  "took" : 70,
  "errors" :  ...
76: 218001 adresses traitées
adresse : bulk pour les ids de 14137857 à 14138856
bulk : {
  "took" : 99,
  "errors" :  ...
76: 219001 adresses traitées
adresse : bulk pour les ids de 14138857 à 14139856
bulk : {
  "took" : 78,
  "errors" :  ...
76: 220001 adresses traitées
adresse : bulk pour les ids de 14139857 à 14140856
bulk : {
  "took" : 85,
  "errors" :  ...
76: 221001 adresses traitées
76: 222001 adresses traitées
adresse : bulk pour les ids de 14140857 à 14141856
bulk : {
  "took" : 77,
  "errors" :  ...
76: 223001 adresses traitées
adresse : bulk pour les ids de 14141857 à 14142856
bulk : {
  "took" : 89,
  "errors" :  ...
76: 224001 adresses traitées
adresse : bulk pour les ids de 14142857 à 14143856
bulk : {
  "took" : 93,
  "errors" :  ...
76: 225001 adresses traitées
adresse : bulk pour les ids de 14143857 à 14144856
bulk : {
  "took" : 90,
  "errors" :  ...
76: 226001 adresses traitées
adresse : bulk pour les ids de 14144857 à 14145856
bulk : {
  "took" : 79,
  "errors" :  ...
76: 227001 adresses traitées
adresse : bulk pour les ids de 14145857 à 14146856
bulk : {
  "took" : 78,
  "errors" :  ...
76: 228001 adresses traitées
adresse : bulk pour les ids de 14146857 à 14147856
bulk : {
  "took" : 79,
  "errors" :  ...
76: 229001 adresses traitées
adresse : bulk pour les ids de 14147857 à 14148856
bulk : {
  "took" : 86,
  "errors" :  ...
76: 230001 adresses traitées
adresse : bulk pour les ids de 14148857 à 14149856
bulk : {
  "took" : 76,
  "errors" :  ...
76: 231001 adresses traitées
adresse : bulk pour les ids de 14149857 à 14150856
bulk : {
  "took" : 95,
  "errors" :  ...
76: 232001 adresses traitées
adresse : bulk pour les ids de 14150857 à 14151856
bulk : {
  "took" : 92,
  "errors" :  ...
76: 233001 adresses traitées
adresse : bulk pour les ids de 14151857 à 14152856
bulk : {
  "took" : 69,
  "errors" :  ...
76: 234001 adresses traitées
adresse : bulk pour les ids de 14152857 à 14153856
bulk : {
  "took" : 90,
  "errors" :  ...
76: 235001 adresses traitées
adresse : bulk pour les ids de 14153857 à 14154856
bulk : {
  "took" : 74,
  "errors" :  ...
76: 236001 adresses traitées
adresse : bulk pour les ids de 14154857 à 14155856
bulk : {
  "took" : 79,
  "errors" :  ...
76: 237001 adresses traitées
adresse : bulk pour les ids de 14155857 à 14156856
bulk : {
  "took" : 87,
  "errors" :  ...
76: 238001 adresses traitées
adresse : bulk pour les ids de 14156857 à 14157856
bulk : {
  "took" : 94,
  "errors" :  ...
76: 239001 adresses traitées
adresse : bulk pour les ids de 14157857 à 14158856
bulk : {
  "took" : 71,
  "errors" :  ...
76: 240001 adresses traitées
adresse : bulk pour les ids de 14158857 à 14159856
bulk : {
  "took" : 99,
  "errors" :  ...
76: 241001 adresses traitées
adresse : bulk pour les ids de 14159857 à 14160856
bulk : {
  "took" : 69,
  "errors" :  ...
76: 242001 adresses traitées
adresse : bulk pour les ids de 14160857 à 14161856
bulk : {
  "took" : 104,
  "errors" : ...
76: 243001 adresses traitées
adresse : bulk pour les ids de 14161857 à 14162856
bulk : {
  "took" : 83,
  "errors" :  ...
76: 244001 adresses traitées
adresse : bulk pour les ids de 14162857 à 14163856
bulk : {
  "took" : 85,
  "errors" :  ...
76: 245001 adresses traitées
adresse : bulk pour les ids de 14163857 à 14164856
bulk : {
  "took" : 85,
  "errors" :  ...
76: 246001 adresses traitées
adresse : bulk pour les ids de 14164857 à 14165856
bulk : {
  "took" : 103,
  "errors" : ...
76: 247001 adresses traitées
adresse : bulk pour les ids de 14165857 à 14166856
bulk : {
  "took" : 81,
  "errors" :  ...
76: 248001 adresses traitées
adresse : bulk pour les ids de 14166857 à 14167856
bulk : {
  "took" : 94,
  "errors" :  ...
76: 249001 adresses traitées
adresse : bulk pour les ids de 14167857 à 14168856
bulk : {
  "took" : 78,
  "errors" :  ...
76: 250001 adresses traitées
76: 251001 adresses traitées
adresse : bulk pour les ids de 14168857 à 14169856
bulk : {
  "took" : 99,
  "errors" :  ...
76: 252001 adresses traitées
adresse : bulk pour les ids de 14169857 à 14170856
bulk : {
  "took" : 85,
  "errors" :  ...
76: 253001 adresses traitées
adresse : bulk pour les ids de 14170857 à 14171856
bulk : {
  "took" : 78,
  "errors" :  ...
76: 254001 adresses traitées
adresse : bulk pour les ids de 14171857 à 14172856
bulk : {
  "took" : 84,
  "errors" :  ...
76: 255001 adresses traitées
adresse : bulk pour les ids de 14172857 à 14173856
bulk : {
  "took" : 94,
  "errors" :  ...
76: 256001 adresses traitées
adresse : bulk pour les ids de 14173857 à 14174856
bulk : {
  "took" : 80,
  "errors" :  ...
76: 257001 adresses traitées
adresse : bulk pour les ids de 14174857 à 14175856
bulk : {
  "took" : 92,
  "errors" :  ...
76: 258001 adresses traitées
adresse : bulk pour les ids de 14175857 à 14176856
bulk : {
  "took" : 78,
  "errors" :  ...
76: 259001 adresses traitées
adresse : bulk pour les ids de 14176857 à 14177856
bulk : {
  "took" : 71,
  "errors" :  ...
76: 260001 adresses traitées
adresse : bulk pour les ids de 14177857 à 14178856
bulk : {
  "took" : 97,
  "errors" :  ...
76: 261001 adresses traitées
adresse : bulk pour les ids de 14178857 à 14179856
bulk : {
  "took" : 68,
  "errors" :  ...
76: 262001 adresses traitées
adresse : bulk pour les ids de 14179857 à 14180856
bulk : {
  "took" : 94,
  "errors" :  ...
76: 263001 adresses traitées
adresse : bulk pour les ids de 14180857 à 14181856
bulk : {
  "took" : 85,
  "errors" :  ...
76: 264001 adresses traitées
adresse : bulk pour les ids de 14181857 à 14182856
bulk : {
  "took" : 80,
  "errors" :  ...
76: 265001 adresses traitées
adresse : bulk pour les ids de 14182857 à 14183856
bulk : {
  "took" : 85,
  "errors" :  ...
76: 266001 adresses traitées
adresse : bulk pour les ids de 14183857 à 14184856
bulk : {
  "took" : 86,
  "errors" :  ...
76: 267001 adresses traitées
76: 268001 adresses traitées
adresse : bulk pour les ids de 14184857 à 14185856
bulk : {
  "took" : 80,
  "errors" :  ...
76: 269001 adresses traitées
adresse : bulk pour les ids de 14185857 à 14186856
bulk : {
  "took" : 100,
  "errors" : ...
76: 270001 adresses traitées
adresse : bulk pour les ids de 14186857 à 14187856
bulk : {
  "took" : 68,
  "errors" :  ...
76: 271001 adresses traitées
adresse : bulk pour les ids de 14187857 à 14188856
bulk : {
  "took" : 103,
  "errors" : ...
76: 272001 adresses traitées
adresse : bulk pour les ids de 14188857 à 14189856
bulk : {
  "took" : 83,
  "errors" :  ...
76: 273001 adresses traitées
adresse : bulk pour les ids de 14189857 à 14190856
bulk : {
  "took" : 87,
  "errors" :  ...
76: 274001 adresses traitées
adresse : bulk pour les ids de 14190857 à 14191856
bulk : {
  "took" : 82,
  "errors" :  ...
76: 275001 adresses traitées
adresse : bulk pour les ids de 14191857 à 14192856
bulk : {
  "took" : 104,
  "errors" : ...
76: 276001 adresses traitées
adresse : bulk pour les ids de 14192857 à 14193856
bulk : {
  "took" : 70,
  "errors" :  ...
76: 277001 adresses traitées
76: 278001 adresses traitées
adresse : bulk pour les ids de 14193857 à 14194856
bulk : {
  "took" : 97,
  "errors" :  ...
76: 279001 adresses traitées
adresse : bulk pour les ids de 14194857 à 14195856
bulk : {
  "took" : 79,
  "errors" :  ...
76: 280001 adresses traitées
adresse : bulk pour les ids de 14195857 à 14196856
bulk : {
  "took" : 87,
  "errors" :  ...
76: 281001 adresses traitées
adresse : bulk pour les ids de 14196857 à 14197856
bulk : {
  "took" : 94,
  "errors" :  ...
76: 282001 adresses traitées
adresse : bulk pour les ids de 14197857 à 14198856
bulk : {
  "took" : 69,
  "errors" :  ...
76: 283001 adresses traitées
adresse : bulk pour les ids de 14198857 à 14199856
bulk : {
  "took" : 93,
  "errors" :  ...
76: 284001 adresses traitées
adresse : bulk pour les ids de 14199857 à 14200856
bulk : {
  "took" : 85,
  "errors" :  ...
76: 285001 adresses traitées
76: 286001 adresses traitées
adresse : bulk pour les ids de 14200857 à 14201856
bulk : {
  "took" : 80,
  "errors" :  ...
76: 287001 adresses traitées
adresse : bulk pour les ids de 14201857 à 14202856
bulk : {
  "took" : 86,
  "errors" :  ...
76: 288001 adresses traitées
adresse : bulk pour les ids de 14202857 à 14203856
bulk : {
  "took" : 87,
  "errors" :  ...
76: 289001 adresses traitées
adresse : bulk pour les ids de 14203857 à 14204856
bulk : {
  "took" : 87,
  "errors" :  ...
76: 290001 adresses traitées
adresse : bulk pour les ids de 14204857 à 14205856
bulk : {
  "took" : 99,
  "errors" :  ...
76: 291001 adresses traitées
adresse : bulk pour les ids de 14205857 à 14206856
bulk : {
  "took" : 69,
  "errors" :  ...
76: 292001 adresses traitées
adresse : bulk pour les ids de 14206857 à 14207856
bulk : {
  "took" : 83,
  "errors" :  ...
76: 293001 adresses traitées
adresse : bulk pour les ids de 14207857 à 14208856
bulk : {
  "took" : 100,
  "errors" : ...
76: 294001 adresses traitées
adresse : bulk pour les ids de 14208857 à 14209856
bulk : {
  "took" : 86,
  "errors" :  ...
76: 295001 adresses traitées
adresse : bulk pour les ids de 14209857 à 14210856
bulk : {
  "took" : 99,
  "errors" :  ...
76: 296001 adresses traitées
76: 297001 adresses traitées
adresse : bulk pour les ids de 14210857 à 14211856
bulk : {
  "took" : 88,
  "errors" :  ...
76: 298001 adresses traitées
adresse : bulk pour les ids de 14211857 à 14212856
bulk : {
  "took" : 80,
  "errors" :  ...
76: 299001 adresses traitées
adresse : bulk pour les ids de 14212857 à 14213856
bulk : {
  "took" : 88,
  "errors" :  ...
76: 300001 adresses traitées
adresse : bulk pour les ids de 14213857 à 14214856
bulk : {
  "took" : 86,
  "errors" :  ...
76: 301001 adresses traitées
adresse : bulk pour les ids de 14214857 à 14215856
bulk : {
  "took" : 86,
  "errors" :  ...
76: 302001 adresses traitées
adresse : bulk pour les ids de 14215857 à 14216856
bulk : {
  "took" : 87,
  "errors" :  ...
76: 303001 adresses traitées
adresse : bulk pour les ids de 14216857 à 14217856
bulk : {
  "took" : 87,
  "errors" :  ...
76: 304001 adresses traitées
adresse : bulk pour les ids de 14217857 à 14218856
bulk : {
  "took" : 87,
  "errors" :  ...
76: 305001 adresses traitées
76: 306001 adresses traitées
adresse : bulk pour les ids de 14218857 à 14219856
bulk : {
  "took" : 94,
  "errors" :  ...
76: 307001 adresses traitées
adresse : bulk pour les ids de 14219857 à 14220856
bulk : {
  "took" : 79,
  "errors" :  ...
76: 308001 adresses traitées
adresse : bulk pour les ids de 14220857 à 14221856
bulk : {
  "took" : 81,
  "errors" :  ...
76: 309001 adresses traitées
adresse : bulk pour les ids de 14221857 à 14222856
bulk : {
  "took" : 70,
  "errors" :  ...
76: 310001 adresses traitées
adresse : bulk pour les ids de 14222857 à 14223856
bulk : {
  "took" : 98,
  "errors" :  ...
76: 311001 adresses traitées
adresse : bulk pour les ids de 14223857 à 14224856
bulk : {
  "took" : 72,
  "errors" :  ...
76: 312001 adresses traitées
adresse : bulk pour les ids de 14224857 à 14225856
bulk : {
  "took" : 100,
  "errors" : ...
76: 313001 adresses traitées
adresse : bulk pour les ids de 14225857 à 14226856
bulk : {
  "took" : 83,
  "errors" :  ...
76: 314001 adresses traitées
adresse : bulk pour les ids de 14226857 à 14227856
bulk : {
  "took" : 85,
  "errors" :  ...
76: 315001 adresses traitées
adresse : bulk pour les ids de 14227857 à 14228856
bulk : {
  "took" : 82,
  "errors" :  ...
76: 316001 adresses traitées
76: 317001 adresses traitées
adresse : bulk pour les ids de 14228857 à 14229856
bulk : {
  "took" : 88,
  "errors" :  ...
76: 318001 adresses traitées
adresse : bulk pour les ids de 14229857 à 14230856
bulk : {
  "took" : 70,
  "errors" :  ...
76: 319001 adresses traitées
adresse : bulk pour les ids de 14230857 à 14231856
bulk : {
  "took" : 104,
  "errors" : ...
76: 320001 adresses traitées
adresse : bulk pour les ids de 14231857 à 14232856
bulk : {
  "took" : 69,
  "errors" :  ...
76: 321001 adresses traitées
adresse : bulk pour les ids de 14232857 à 14233856
bulk : {
  "took" : 103,
  "errors" : ...
76: 322001 adresses traitées
adresse : bulk pour les ids de 14233857 à 14234856
bulk : {
  "took" : 70,
  "errors" :  ...
76: 323001 adresses traitées
adresse : bulk pour les ids de 14234857 à 14235856
bulk : {
  "took" : 95,
  "errors" :  ...
76: 324001 adresses traitées
adresse : bulk pour les ids de 14235857 à 14236856
bulk : {
  "took" : 83,
  "errors" :  ...
76: 325001 adresses traitées
adresse : bulk pour les ids de 14236857 à 14237856
bulk : {
  "took" : 77,
  "errors" :  ...
76: 326001 adresses traitées
adresse : bulk pour les ids de 14237857 à 14238856
bulk : {
  "took" : 68,
  "errors" :  ...
76: 327001 adresses traitées
adresse : bulk pour les ids de 14238857 à 14239856
bulk : {
  "took" : 94,
  "errors" :  ...
76: 328001 adresses traitées
adresse : bulk pour les ids de 14239857 à 14240856
bulk : {
  "took" : 69,
  "errors" :  ...
76: 329001 adresses traitées
adresse : bulk pour les ids de 14240857 à 14241856
bulk : {
  "took" : 78,
  "errors" :  ...
76: 330001 adresses traitées
adresse : bulk pour les ids de 14241857 à 14242856
bulk : {
  "took" : 99,
  "errors" :  ...
76: 331001 adresses traitées
adresse : bulk pour les ids de 14242857 à 14243856
bulk : {
  "took" : 75,
  "errors" :  ...
76: 332001 adresses traitées
adresse : bulk pour les ids de 14243857 à 14244856
bulk : {
  "took" : 88,
  "errors" :  ...
76: 333001 adresses traitées
adresse : bulk pour les ids de 14244857 à 14245856
bulk : {
  "took" : 81,
  "errors" :  ...
76: 334001 adresses traitées
adresse : bulk pour les ids de 14245857 à 14246856
bulk : {
  "took" : 69,
  "errors" :  ...
76: 335001 adresses traitées
adresse : bulk pour les ids de 14246857 à 14247856
bulk : {
  "took" : 91,
  "errors" :  ...
76: 336001 adresses traitées
adresse : bulk pour les ids de 14247857 à 14248856
bulk : {
  "took" : 67,
  "errors" :  ...
76: 337001 adresses traitées
adresse : bulk pour les ids de 14248857 à 14249856
bulk : {
  "took" : 95,
  "errors" :  ...
76: 338001 adresses traitées
adresse : bulk pour les ids de 14249857 à 14250856
bulk : {
  "took" : 89,
  "errors" :  ...
76: 339001 adresses traitées
adresse : bulk pour les ids de 14250857 à 14251856
bulk : {
  "took" : 82,
  "errors" :  ...
76: 340001 adresses traitées
adresse : bulk pour les ids de 14251857 à 14252856
bulk : {
  "took" : 86,
  "errors" :  ...
76: 341001 adresses traitées
adresse : bulk pour les ids de 14252857 à 14253856
bulk : {
  "took" : 76,
  "errors" :  ...
76: 342001 adresses traitées
76: 343001 adresses traitées
adresse : bulk pour les ids de 14253857 à 14254856
bulk : {
  "took" : 85,
  "errors" :  ...
76: 344001 adresses traitées
adresse : bulk pour les ids de 14254857 à 14255856
bulk : {
  "took" : 82,
  "errors" :  ...
76: 345001 adresses traitées
adresse : bulk pour les ids de 14255857 à 14256856
bulk : {
  "took" : 85,
  "errors" :  ...
76: 346001 adresses traitées
adresse : bulk pour les ids de 14256857 à 14257856
bulk : {
  "took" : 80,
  "errors" :  ...
76: 347001 adresses traitées
adresse : bulk pour les ids de 14257857 à 14258856
bulk : {
  "took" : 76,
  "errors" :  ...
76: 348001 adresses traitées
adresse : bulk pour les ids de 14258857 à 14259856
bulk : {
  "took" : 90,
  "errors" :  ...
76: 349001 adresses traitées
adresse : bulk pour les ids de 14259857 à 14260856
bulk : {
  "took" : 89,
  "errors" :  ...
76: 350001 adresses traitées
adresse : bulk pour les ids de 14260857 à 14261856
bulk : {
  "took" : 72,
  "errors" :  ...
76: 351001 adresses traitées
adresse : bulk pour les ids de 14261857 à 14262856
bulk : {
  "took" : 94,
  "errors" :  ...
76: 352001 adresses traitées
adresse : bulk pour les ids de 14262857 à 14263856
bulk : {
  "took" : 82,
  "errors" :  ...
76: 353001 adresses traitées
adresse : bulk pour les ids de 14263857 à 14264856
bulk : {
  "took" : 76,
  "errors" :  ...
76: 354001 adresses traitées
adresse : bulk pour les ids de 14264857 à 14265856
bulk : {
  "took" : 87,
  "errors" :  ...
76: 355001 adresses traitées
adresse : bulk pour les ids de 14265857 à 14266856
bulk : {
  "took" : 79,
  "errors" :  ...
76: 356001 adresses traitées
adresse : bulk pour les ids de 14266857 à 14267856
bulk : {
  "took" : 85,
  "errors" :  ...
76: 357001 adresses traitées
adresse : bulk pour les ids de 14267857 à 14268856
bulk : {
  "took" : 97,
  "errors" :  ...
76: 358001 adresses traitées
adresse : bulk pour les ids de 14268857 à 14269856
bulk : {
  "took" : 70,
  "errors" :  ...
76: 359001 adresses traitées
adresse : bulk pour les ids de 14269857 à 14270856
bulk : {
  "took" : 96,
  "errors" :  ...
76: 360001 adresses traitées
adresse : bulk pour les ids de 14270857 à 14271856
bulk : {
  "took" : 70,
  "errors" :  ...
76: 361001 adresses traitées
adresse : bulk pour les ids de 14271857 à 14272856
bulk : {
  "took" : 98,
  "errors" :  ...
76: 362001 adresses traitées
76: 363001 adresses traitées
adresse : bulk pour les ids de 14272857 à 14273856
bulk : {
  "took" : 84,
  "errors" :  ...
76: 364001 adresses traitées
adresse : bulk pour les ids de 14273857 à 14274856
bulk : {
  "took" : 81,
  "errors" :  ...
76: 365001 adresses traitées
adresse : bulk pour les ids de 14274857 à 14275856
bulk : {
  "took" : 88,
  "errors" :  ...
76: 366001 adresses traitées
adresse : bulk pour les ids de 14275857 à 14276856
bulk : {
  "took" : 98,
  "errors" :  ...
76: 367001 adresses traitées
adresse : bulk pour les ids de 14276857 à 14277856
bulk : {
  "took" : 70,
  "errors" :  ...
76: 368001 adresses traitées
adresse : bulk pour les ids de 14277857 à 14278856
bulk : {
  "took" : 107,
  "errors" : ...
76: 369001 adresses traitées
adresse : bulk pour les ids de 14278857 à 14279856
bulk : {
  "took" : 84,
  "errors" :  ...
76: 370001 adresses traitées
adresse : bulk pour les ids de 14279857 à 14280856
bulk : {
  "took" : 87,
  "errors" :  ...
76: 371001 adresses traitées
adresse : bulk pour les ids de 14280857 à 14281856
bulk : {
  "took" : 84,
  "errors" :  ...
76: 372001 adresses traitées
adresse : bulk pour les ids de 14281857 à 14282856
bulk : {
  "took" : 78,
  "errors" :  ...
76: 373001 adresses traitées
adresse : bulk pour les ids de 14282857 à 14283856
bulk : {
  "took" : 70,
  "errors" :  ...
76: 374001 adresses traitées
adresse : bulk pour les ids de 14283857 à 14284856
bulk : {
  "took" : 97,
  "errors" :  ...
76: 375001 adresses traitées
adresse : bulk pour les ids de 14284857 à 14285856
bulk : {
  "took" : 73,
  "errors" :  ...
76: 376001 adresses traitées
adresse : bulk pour les ids de 14285857 à 14286856
bulk : {
  "took" : 78,
  "errors" :  ...
76: 377001 adresses traitées
adresse : bulk pour les ids de 14286857 à 14287856
bulk : {
  "took" : 96,
  "errors" :  ...
76: 378001 adresses traitées
adresse : bulk pour les ids de 14287857 à 14288856
bulk : {
  "took" : 69,
  "errors" :  ...
76: 379001 adresses traitées
adresse : bulk pour les ids de 14288857 à 14289856
bulk : {
  "took" : 102,
  "errors" : ...
76: 380001 adresses traitées
adresse : bulk pour les ids de 14289857 à 14290856
bulk : {
  "took" : 72,
  "errors" :  ...
76: 381001 adresses traitées
adresse : bulk pour les ids de 14290857 à 14291856
bulk : {
  "took" : 89,
  "errors" :  ...
76: 382001 adresses traitées
adresse : bulk pour les ids de 14291857 à 14292856
bulk : {
  "took" : 85,
  "errors" :  ...
76: 383001 adresses traitées
adresse : bulk pour les ids de 14292857 à 14293856
bulk : {
  "took" : 102,
  "errors" : ...
76: 384001 adresses traitées
adresse : bulk pour les ids de 14293857 à 14294856
bulk : {
  "took" : 73,
  "errors" :  ...
76: 385001 adresses traitées
adresse : bulk pour les ids de 14294857 à 14295856
bulk : {
  "took" : 96,
  "errors" :  ...
76: 386001 adresses traitées
adresse : bulk pour les ids de 14295857 à 14296856
bulk : {
  "took" : 71,
  "errors" :  ...
76: 387001 adresses traitées
adresse : bulk pour les ids de 14296857 à 14297856
bulk : {
  "took" : 104,
  "errors" : ...
76: 388001 adresses traitées
adresse : bulk pour les ids de 14297857 à 14298856
bulk : {
  "took" : 83,
  "errors" :  ...
76: 389001 adresses traitées
adresse : bulk pour les ids de 14298857 à 14299856
bulk : {
  "took" : 86,
  "errors" :  ...
76: 390001 adresses traitées
adresse : bulk pour les ids de 14299857 à 14300856
bulk : {
  "took" : 84,
  "errors" :  ...
76: 391001 adresses traitées
adresse : bulk pour les ids de 14300857 à 14301856
bulk : {
  "took" : 101,
  "errors" : ...
76: 392001 adresses traitées
adresse : bulk pour les ids de 14301857 à 14302856
bulk : {
  "took" : 110,
  "errors" : ...
76: 393001 adresses traitées
adresse : bulk pour les ids de 14302857 à 14303856
bulk : {
  "took" : 75,
  "errors" :  ...
76: 394001 adresses traitées
adresse : bulk pour les ids de 14303857 à 14304856
bulk : {
  "took" : 102,
  "errors" : ...
76: 395001 adresses traitées
adresse : bulk pour les ids de 14304857 à 14305856
bulk : {
  "took" : 83,
  "errors" :  ...
76: 396001 adresses traitées
adresse : bulk pour les ids de 14305857 à 14306856
bulk : {
  "took" : 87,
  "errors" :  ...
76: 397001 adresses traitées
adresse : bulk pour les ids de 14306857 à 14307856
bulk : {
  "took" : 86,
  "errors" :  ...
76: 398001 adresses traitées
76: 399001 adresses traitées
adresse : bulk pour les ids de 14307857 à 14308856
bulk : {
  "took" : 93,
  "errors" :  ...
76: 400001 adresses traitées
adresse : bulk pour les ids de 14308857 à 14309856
bulk : {
  "took" : 69,
  "errors" :  ...
76: 401001 adresses traitées
adresse : bulk pour les ids de 14309857 à 14310856
bulk : {
  "took" : 95,
  "errors" :  ...
76: 402001 adresses traitées
adresse : bulk pour les ids de 14310857 à 14311856
bulk : {
  "took" : 86,
  "errors" :  ...
76: 403001 adresses traitées
adresse : bulk pour les ids de 14311857 à 14312856
bulk : {
  "took" : 79,
  "errors" :  ...
76: 404001 adresses traitées
adresse : bulk pour les ids de 14312857 à 14313856
bulk : {
  "took" : 87,
  "errors" :  ...
76: 405001 adresses traitées
adresse : bulk pour les ids de 14313857 à 14314856
bulk : {
  "took" : 80,
  "errors" :  ...
76: 406001 adresses traitées
adresse : bulk pour les ids de 14314857 à 14315856
bulk : {
  "took" : 67,
  "errors" :  ...
76: 407001 adresses traitées
adresse : bulk pour les ids de 14315857 à 14316856
bulk : {
  "took" : 102,
  "errors" : ...
76: 408001 adresses traitées
adresse : bulk pour les ids de 14316857 à 14317856
bulk : {
  "took" : 69,
  "errors" :  ...
76: 409001 adresses traitées
adresse : bulk pour les ids de 14317857 à 14318856
bulk : {
  "took" : 100,
  "errors" : ...
76: 410001 adresses traitées
adresse : bulk pour les ids de 14318857 à 14319856
bulk : {
  "took" : 87,
  "errors" :  ...
76: 411001 adresses traitées
adresse : bulk pour les ids de 14319857 à 14320856
bulk : {
  "took" : 79,
  "errors" :  ...
76: 412001 adresses traitées
adresse : bulk pour les ids de 14320857 à 14321856
bulk : {
  "took" : 88,
  "errors" :  ...
76: 413001 adresses traitées
adresse : bulk pour les ids de 14321857 à 14322856
bulk : {
  "took" : 78,
  "errors" :  ...
76: 414001 adresses traitées
adresse : bulk pour les ids de 14322857 à 14323856
bulk : {
  "took" : 86,
  "errors" :  ...
76: 415001 adresses traitées
adresse : bulk pour les ids de 14323857 à 14324856
bulk : {
  "took" : 94,
  "errors" :  ...
76: 416001 adresses traitées
adresse : bulk pour les ids de 14324857 à 14325856
bulk : {
  "took" : 78,
  "errors" :  ...
76: 417001 adresses traitées
adresse : bulk pour les ids de 14325857 à 14326856
bulk : {
  "took" : 91,
  "errors" :  ...
76: 418001 adresses traitées
adresse : bulk pour les ids de 14326857 à 14327856
bulk : {
  "took" : 69,
  "errors" :  ...
76: 419001 adresses traitées
adresse : bulk pour les ids de 14327857 à 14328856
bulk : {
  "took" : 91,
  "errors" :  ...
76: 420001 adresses traitées
adresse : bulk pour les ids de 14328857 à 14329856
bulk : {
  "took" : 70,
  "errors" :  ...
76: 421001 adresses traitées
adresse : bulk pour les ids de 14329857 à 14330856
bulk : {
  "took" : 95,
  "errors" :  ...
76: 422001 adresses traitées
adresse : bulk pour les ids de 14330857 à 14331856
bulk : {
  "took" : 71,
  "errors" :  ...
76: 423001 adresses traitées
adresse : bulk pour les ids de 14331857 à 14332856
bulk : {
  "took" : 96,
  "errors" :  ...
76: 424001 adresses traitées
adresse : bulk pour les ids de 14332857 à 14333856
bulk : {
  "took" : 93,
  "errors" :  ...
76: 425001 adresses traitées
adresse : bulk pour les ids de 14333857 à 14334856
bulk : {
  "took" : 70,
  "errors" :  ...
76: 426001 adresses traitées
adresse : bulk pour les ids de 14334857 à 14335856
bulk : {
  "took" : 99,
  "errors" :  ...
76: 427001 adresses traitées
76: 428001 adresses traitées
adresse : bulk pour les ids de 14335857 à 14336856
bulk : {
  "took" : 84,
  "errors" :  ...
76: 429001 adresses traitées
adresse : bulk pour les ids de 14336857 à 14337856
bulk : {
  "took" : 80,
  "errors" :  ...
76: 430001 adresses traitées
adresse : bulk pour les ids de 14337857 à 14338856
bulk : {
  "took" : 85,
  "errors" :  ...
76: 431001 adresses traitées
adresse : bulk pour les ids de 14338857 à 14339856
bulk : {
  "took" : 89,
  "errors" :  ...
76: 432001 adresses traitées
adresse : bulk pour les ids de 14339857 à 14340856
bulk : {
  "took" : 95,
  "errors" :  ...
76: 433001 adresses traitées
adresse : bulk pour les ids de 14340857 à 14341856
bulk : {
  "took" : 85,
  "errors" :  ...
76: 434001 adresses traitées
adresse : bulk pour les ids de 14341857 à 14342856
bulk : {
  "took" : 80,
  "errors" :  ...
76: 435001 adresses traitées
adresse : bulk pour les ids de 14342857 à 14343856
bulk : {
  "took" : 71,
  "errors" :  ...
76: 436001 adresses traitées
adresse : bulk pour les ids de 14343857 à 14344856
bulk : {
  "took" : 79,
  "errors" :  ...
76: 437001 adresses traitées
adresse : bulk pour les ids de 14344857 à 14345856
bulk : {
  "took" : 96,
  "errors" :  ...
76: 438001 adresses traitées
adresse : bulk pour les ids de 14345857 à 14346856
bulk : {
  "took" : 74,
  "errors" :  ...
76: 439001 adresses traitées
adresse : bulk pour les ids de 14346857 à 14347856
bulk : {
  "took" : 100,
  "errors" : ...
76: 440001 adresses traitées
adresse : bulk pour les ids de 14347857 à 14348856
bulk : {
  "took" : 91,
  "errors" :  ...
76: 441001 adresses traitées
adresse : bulk pour les ids de 14348857 à 14349856
bulk : {
  "took" : 82,
  "errors" :  ...
76: 442001 adresses traitées
adresse : bulk pour les ids de 14349857 à 14350856
bulk : {
  "took" : 102,
  "errors" : ...
76: 443001 adresses traitées
76: 444001 adresses traitées
adresse : bulk pour les ids de 14350857 à 14351856
bulk : {
  "took" : 98,
  "errors" :  ...
76: 445001 adresses traitées
adresse : bulk pour les ids de 14351857 à 14352856
bulk : {
  "took" : 88,
  "errors" :  ...
76: 446001 adresses traitées
adresse : bulk pour les ids de 14352857 à 14353856
bulk : {
  "took" : 92,
  "errors" :  ...
76: 447001 adresses traitées
adresse : bulk pour les ids de 14353857 à 14354856
bulk : {
  "took" : 100,
  "errors" : ...
76: 448001 adresses traitées
adresse : bulk pour les ids de 14354857 à 14355843
bulk : {
  "took" : 80,
  "errors" :  ...
dpt 77 : voies
77: 1 voies traitées
voie : bulk pour les ids de 1041552 à 1041751
bulk : {
  "took" : 14,
  "errors" :  ...
77: 201 voies traitées
voie : bulk pour les ids de 1041752 à 1041951
bulk : {
  "took" : 13,
  "errors" :  ...
77: 401 voies traitées
voie : bulk pour les ids de 1041952 à 1042151
bulk : {
  "took" : 12,
  "errors" :  ...
77: 601 voies traitées
voie : bulk pour les ids de 1042152 à 1042351
bulk : {
  "took" : 27,
  "errors" :  ...
77: 801 voies traitées
voie : bulk pour les ids de 1042352 à 1042551
bulk : {
  "took" : 12,
  "errors" :  ...
77: 1001 voies traitées
voie : bulk pour les ids de 1042552 à 1042751
bulk : {
  "took" : 12,
  "errors" :  ...
77: 1201 voies traitées
voie : bulk pour les ids de 1042752 à 1042951
bulk : {
  "took" : 13,
  "errors" :  ...
77: 1401 voies traitées
voie : bulk pour les ids de 1042952 à 1043151
bulk : {
  "took" : 11,
  "errors" :  ...
77: 1601 voies traitées
voie : bulk pour les ids de 1043152 à 1043351
bulk : {
  "took" : 12,
  "errors" :  ...
77: 1801 voies traitées
voie : bulk pour les ids de 1043352 à 1043551
bulk : {
  "took" : 14,
  "errors" :  ...
77: 2001 voies traitées
voie : bulk pour les ids de 1043552 à 1043751
bulk : {
  "took" : 12,
  "errors" :  ...
77: 2201 voies traitées
voie : bulk pour les ids de 1043752 à 1043951
bulk : {
  "took" : 13,
  "errors" :  ...
77: 2401 voies traitées
voie : bulk pour les ids de 1043952 à 1044151
bulk : {
  "took" : 13,
  "errors" :  ...
77: 2601 voies traitées
voie : bulk pour les ids de 1044152 à 1044351
bulk : {
  "took" : 12,
  "errors" :  ...
77: 2801 voies traitées
voie : bulk pour les ids de 1044352 à 1044551
bulk : {
  "took" : 26,
  "errors" :  ...
77: 3001 voies traitées
voie : bulk pour les ids de 1044552 à 1044751
bulk : {
  "took" : 12,
  "errors" :  ...
77: 3201 voies traitées
voie : bulk pour les ids de 1044752 à 1044951
bulk : {
  "took" : 13,
  "errors" :  ...
77: 3401 voies traitées
voie : bulk pour les ids de 1044952 à 1045151
bulk : {
  "took" : 14,
  "errors" :  ...
77: 3601 voies traitées
voie : bulk pour les ids de 1045152 à 1045351
bulk : {
  "took" : 14,
  "errors" :  ...
77: 3801 voies traitées
voie : bulk pour les ids de 1045352 à 1045551
bulk : {
  "took" : 12,
  "errors" :  ...
77: 4001 voies traitées
voie : bulk pour les ids de 1045552 à 1045751
bulk : {
  "took" : 13,
  "errors" :  ...
77: 4201 voies traitées
voie : bulk pour les ids de 1045752 à 1045951
bulk : {
  "took" : 12,
  "errors" :  ...
77: 4401 voies traitées
voie : bulk pour les ids de 1045952 à 1046151
bulk : {
  "took" : 12,
  "errors" :  ...
77: 4601 voies traitées
voie : bulk pour les ids de 1046152 à 1046351
bulk : {
  "took" : 31,
  "errors" :  ...
77: 4801 voies traitées
voie : bulk pour les ids de 1046352 à 1046551
bulk : {
  "took" : 12,
  "errors" :  ...
77: 5001 voies traitées
voie : bulk pour les ids de 1046552 à 1046751
bulk : {
  "took" : 12,
  "errors" :  ...
77: 5201 voies traitées
voie : bulk pour les ids de 1046752 à 1046951
bulk : {
  "took" : 13,
  "errors" :  ...
77: 5401 voies traitées
voie : bulk pour les ids de 1046952 à 1047151
bulk : {
  "took" : 13,
  "errors" :  ...
77: 5601 voies traitées
voie : bulk pour les ids de 1047152 à 1047351
bulk : {
  "took" : 13,
  "errors" :  ...
77: 5801 voies traitées
voie : bulk pour les ids de 1047352 à 1047551
bulk : {
  "took" : 12,
  "errors" :  ...
77: 6001 voies traitées
voie : bulk pour les ids de 1047552 à 1047751
bulk : {
  "took" : 13,
  "errors" :  ...
77: 6201 voies traitées
voie : bulk pour les ids de 1047752 à 1047951
bulk : {
  "took" : 12,
  "errors" :  ...
77: 6401 voies traitées
voie : bulk pour les ids de 1047952 à 1048151
bulk : {
  "took" : 12,
  "errors" :  ...
77: 6601 voies traitées
voie : bulk pour les ids de 1048152 à 1048351
bulk : {
  "took" : 12,
  "errors" :  ...
77: 6801 voies traitées
voie : bulk pour les ids de 1048352 à 1048551
bulk : {
  "took" : 13,
  "errors" :  ...
77: 7001 voies traitées
voie : bulk pour les ids de 1048552 à 1048751
bulk : {
  "took" : 16,
  "errors" :  ...
77: 7201 voies traitées
voie : bulk pour les ids de 1048752 à 1048951
bulk : {
  "took" : 26,
  "errors" :  ...
77: 7401 voies traitées
voie : bulk pour les ids de 1048952 à 1049151
bulk : {
  "took" : 13,
  "errors" :  ...
77: 7601 voies traitées
voie : bulk pour les ids de 1049152 à 1049351
bulk : {
  "took" : 12,
  "errors" :  ...
77: 7801 voies traitées
voie : bulk pour les ids de 1049352 à 1049551
bulk : {
  "took" : 13,
  "errors" :  ...
77: 8001 voies traitées
voie : bulk pour les ids de 1049552 à 1049751
bulk : {
  "took" : 13,
  "errors" :  ...
77: 8201 voies traitées
voie : bulk pour les ids de 1049752 à 1049951
bulk : {
  "took" : 13,
  "errors" :  ...
77: 8401 voies traitées
voie : bulk pour les ids de 1049952 à 1050151
bulk : {
  "took" : 12,
  "errors" :  ...
77: 8601 voies traitées
voie : bulk pour les ids de 1050152 à 1050351
bulk : {
  "took" : 12,
  "errors" :  ...
77: 8801 voies traitées
voie : bulk pour les ids de 1050352 à 1050551
bulk : {
  "took" : 15,
  "errors" :  ...
77: 9001 voies traitées
voie : bulk pour les ids de 1050552 à 1050751
bulk : {
  "took" : 12,
  "errors" :  ...
77: 9201 voies traitées
voie : bulk pour les ids de 1050752 à 1050951
bulk : {
  "took" : 12,
  "errors" :  ...
77: 9401 voies traitées
voie : bulk pour les ids de 1050952 à 1051151
bulk : {
  "took" : 12,
  "errors" :  ...
77: 9601 voies traitées
voie : bulk pour les ids de 1051152 à 1051351
bulk : {
  "took" : 12,
  "errors" :  ...
77: 9801 voies traitées
voie : bulk pour les ids de 1051352 à 1051551
bulk : {
  "took" : 13,
  "errors" :  ...
77: 10001 voies traitées
voie : bulk pour les ids de 1051552 à 1051751
bulk : {
  "took" : 24,
  "errors" :  ...
77: 10201 voies traitées
voie : bulk pour les ids de 1051752 à 1051951
bulk : {
  "took" : 12,
  "errors" :  ...
77: 10401 voies traitées
voie : bulk pour les ids de 1051952 à 1052151
bulk : {
  "took" : 12,
  "errors" :  ...
77: 10601 voies traitées
voie : bulk pour les ids de 1052152 à 1052351
bulk : {
  "took" : 12,
  "errors" :  ...
77: 10801 voies traitées
voie : bulk pour les ids de 1052352 à 1052551
bulk : {
  "took" : 14,
  "errors" :  ...
77: 11001 voies traitées
voie : bulk pour les ids de 1052552 à 1052751
bulk : {
  "took" : 13,
  "errors" :  ...
77: 11201 voies traitées
voie : bulk pour les ids de 1052752 à 1052951
bulk : {
  "took" : 12,
  "errors" :  ...
77: 11401 voies traitées
voie : bulk pour les ids de 1052952 à 1053151
bulk : {
  "took" : 22,
  "errors" :  ...
77: 11601 voies traitées
voie : bulk pour les ids de 1053152 à 1053351
bulk : {
  "took" : 12,
  "errors" :  ...
77: 11801 voies traitées
voie : bulk pour les ids de 1053352 à 1053551
bulk : {
  "took" : 12,
  "errors" :  ...
77: 12001 voies traitées
voie : bulk pour les ids de 1053552 à 1053751
bulk : {
  "took" : 27,
  "errors" :  ...
77: 12201 voies traitées
voie : bulk pour les ids de 1053752 à 1053951
bulk : {
  "took" : 13,
  "errors" :  ...
77: 12401 voies traitées
voie : bulk pour les ids de 1053952 à 1054151
bulk : {
  "took" : 13,
  "errors" :  ...
77: 12601 voies traitées
voie : bulk pour les ids de 1054152 à 1054351
bulk : {
  "took" : 13,
  "errors" :  ...
77: 12801 voies traitées
voie : bulk pour les ids de 1054352 à 1054551
bulk : {
  "took" : 14,
  "errors" :  ...
77: 13001 voies traitées
voie : bulk pour les ids de 1054552 à 1054751
bulk : {
  "took" : 13,
  "errors" :  ...
77: 13201 voies traitées
voie : bulk pour les ids de 1054752 à 1054951
bulk : {
  "took" : 12,
  "errors" :  ...
77: 13401 voies traitées
voie : bulk pour les ids de 1054952 à 1055151
bulk : {
  "took" : 12,
  "errors" :  ...
77: 13601 voies traitées
voie : bulk pour les ids de 1055152 à 1055351
bulk : {
  "took" : 12,
  "errors" :  ...
77: 13801 voies traitées
voie : bulk pour les ids de 1055352 à 1055551
bulk : {
  "took" : 12,
  "errors" :  ...
77: 14001 voies traitées
voie : bulk pour les ids de 1055552 à 1055751
bulk : {
  "took" : 28,
  "errors" :  ...
77: 14201 voies traitées
voie : bulk pour les ids de 1055752 à 1055951
bulk : {
  "took" : 13,
  "errors" :  ...
77: 14401 voies traitées
voie : bulk pour les ids de 1055952 à 1056151
bulk : {
  "took" : 13,
  "errors" :  ...
77: 14601 voies traitées
voie : bulk pour les ids de 1056152 à 1056351
bulk : {
  "took" : 13,
  "errors" :  ...
77: 14801 voies traitées
voie : bulk pour les ids de 1056352 à 1056551
bulk : {
  "took" : 13,
  "errors" :  ...
77: 15001 voies traitées
voie : bulk pour les ids de 1056552 à 1056751
bulk : {
  "took" : 13,
  "errors" :  ...
77: 15201 voies traitées
voie : bulk pour les ids de 1056752 à 1056951
bulk : {
  "took" : 13,
  "errors" :  ...
77: 15401 voies traitées
voie : bulk pour les ids de 1056952 à 1057151
bulk : {
  "took" : 13,
  "errors" :  ...
77: 15601 voies traitées
voie : bulk pour les ids de 1057152 à 1057351
bulk : {
  "took" : 13,
  "errors" :  ...
77: 15801 voies traitées
voie : bulk pour les ids de 1057352 à 1057551
bulk : {
  "took" : 13,
  "errors" :  ...
77: 16001 voies traitées
voie : bulk pour les ids de 1057552 à 1057751
bulk : {
  "took" : 23,
  "errors" :  ...
77: 16201 voies traitées
voie : bulk pour les ids de 1057752 à 1057951
bulk : {
  "took" : 12,
  "errors" :  ...
77: 16401 voies traitées
voie : bulk pour les ids de 1057952 à 1058151
bulk : {
  "took" : 12,
  "errors" :  ...
77: 16601 voies traitées
voie : bulk pour les ids de 1058152 à 1058351
bulk : {
  "took" : 13,
  "errors" :  ...
77: 16801 voies traitées
voie : bulk pour les ids de 1058352 à 1058551
bulk : {
  "took" : 13,
  "errors" :  ...
77: 17001 voies traitées
voie : bulk pour les ids de 1058552 à 1058751
bulk : {
  "took" : 13,
  "errors" :  ...
77: 17201 voies traitées
voie : bulk pour les ids de 1058752 à 1058951
bulk : {
  "took" : 13,
  "errors" :  ...
77: 17401 voies traitées
voie : bulk pour les ids de 1058952 à 1059151
bulk : {
  "took" : 13,
  "errors" :  ...
77: 17601 voies traitées
voie : bulk pour les ids de 1059152 à 1059351
bulk : {
  "took" : 25,
  "errors" :  ...
77: 17801 voies traitées
voie : bulk pour les ids de 1059352 à 1059551
bulk : {
  "took" : 13,
  "errors" :  ...
77: 18001 voies traitées
voie : bulk pour les ids de 1059552 à 1059751
bulk : {
  "took" : 13,
  "errors" :  ...
77: 18201 voies traitées
voie : bulk pour les ids de 1059752 à 1059951
bulk : {
  "took" : 13,
  "errors" :  ...
77: 18401 voies traitées
voie : bulk pour les ids de 1059952 à 1060151
bulk : {
  "took" : 13,
  "errors" :  ...
77: 18601 voies traitées
voie : bulk pour les ids de 1060152 à 1060351
bulk : {
  "took" : 16,
  "errors" :  ...
77: 18801 voies traitées
voie : bulk pour les ids de 1060352 à 1060551
bulk : {
  "took" : 12,
  "errors" :  ...
77: 19001 voies traitées
voie : bulk pour les ids de 1060552 à 1060751
bulk : {
  "took" : 19,
  "errors" :  ...
77: 19201 voies traitées
voie : bulk pour les ids de 1060752 à 1060951
bulk : {
  "took" : 17,
  "errors" :  ...
77: 19401 voies traitées
voie : bulk pour les ids de 1060952 à 1061151
bulk : {
  "took" : 12,
  "errors" :  ...
77: 19601 voies traitées
voie : bulk pour les ids de 1061152 à 1061351
bulk : {
  "took" : 28,
  "errors" :  ...
77: 19801 voies traitées
voie : bulk pour les ids de 1061352 à 1061551
bulk : {
  "took" : 12,
  "errors" :  ...
77: 20001 voies traitées
voie : bulk pour les ids de 1061552 à 1061751
bulk : {
  "took" : 13,
  "errors" :  ...
77: 20201 voies traitées
voie : bulk pour les ids de 1061752 à 1061951
bulk : {
  "took" : 13,
  "errors" :  ...
77: 20401 voies traitées
voie : bulk pour les ids de 1061952 à 1062151
bulk : {
  "took" : 12,
  "errors" :  ...
77: 20601 voies traitées
voie : bulk pour les ids de 1062152 à 1062351
bulk : {
  "took" : 13,
  "errors" :  ...
77: 20801 voies traitées
voie : bulk pour les ids de 1062352 à 1062551
bulk : {
  "took" : 22,
  "errors" :  ...
77: 21001 voies traitées
voie : bulk pour les ids de 1062552 à 1062751
bulk : {
  "took" : 13,
  "errors" :  ...
77: 21201 voies traitées
voie : bulk pour les ids de 1062752 à 1062951
bulk : {
  "took" : 12,
  "errors" :  ...
77: 21401 voies traitées
voie : bulk pour les ids de 1062952 à 1063151
bulk : {
  "took" : 13,
  "errors" :  ...
77: 21601 voies traitées
voie : bulk pour les ids de 1063152 à 1063351
bulk : {
  "took" : 31,
  "errors" :  ...
77: 21801 voies traitées
voie : bulk pour les ids de 1063352 à 1063551
bulk : {
  "took" : 14,
  "errors" :  ...
77: 22001 voies traitées
voie : bulk pour les ids de 1063552 à 1063751
bulk : {
  "took" : 12,
  "errors" :  ...
77: 22201 voies traitées
voie : bulk pour les ids de 1063752 à 1063951
bulk : {
  "took" : 22,
  "errors" :  ...
77: 22401 voies traitées
voie : bulk pour les ids de 1063952 à 1064151
bulk : {
  "took" : 14,
  "errors" :  ...
77: 22601 voies traitées
voie : bulk pour les ids de 1064152 à 1064351
bulk : {
  "took" : 13,
  "errors" :  ...
77: 22801 voies traitées
voie : bulk pour les ids de 1064352 à 1064551
bulk : {
  "took" : 24,
  "errors" :  ...
77: 23001 voies traitées
voie : bulk pour les ids de 1064552 à 1064751
bulk : {
  "took" : 13,
  "errors" :  ...
77: 23201 voies traitées
voie : bulk pour les ids de 1064752 à 1064951
bulk : {
  "took" : 13,
  "errors" :  ...
77: 23401 voies traitées
voie : bulk pour les ids de 1064952 à 1065151
bulk : {
  "took" : 13,
  "errors" :  ...
77: 23601 voies traitées
voie : bulk pour les ids de 1065152 à 1065351
bulk : {
  "took" : 12,
  "errors" :  ...
77: 23801 voies traitées
voie : bulk pour les ids de 1065352 à 1065551
bulk : {
  "took" : 13,
  "errors" :  ...
77: 24001 voies traitées
voie : bulk pour les ids de 1065552 à 1065751
bulk : {
  "took" : 13,
  "errors" :  ...
77: 24201 voies traitées
voie : bulk pour les ids de 1065752 à 1065951
bulk : {
  "took" : 13,
  "errors" :  ...
77: 24401 voies traitées
voie : bulk pour les ids de 1065952 à 1066151
bulk : {
  "took" : 15,
  "errors" :  ...
77: 24601 voies traitées
voie : bulk pour les ids de 1066152 à 1066351
bulk : {
  "took" : 19,
  "errors" :  ...
77: 24801 voies traitées
voie : bulk pour les ids de 1066352 à 1066551
bulk : {
  "took" : 13,
  "errors" :  ...
77: 25001 voies traitées
voie : bulk pour les ids de 1066552 à 1066751
bulk : {
  "took" : 19,
  "errors" :  ...
77: 25201 voies traitées
voie : bulk pour les ids de 1066752 à 1066951
bulk : {
  "took" : 13,
  "errors" :  ...
77: 25401 voies traitées
voie : bulk pour les ids de 1066952 à 1067151
bulk : {
  "took" : 12,
  "errors" :  ...
77: 25601 voies traitées
voie : bulk pour les ids de 1067152 à 1067351
bulk : {
  "took" : 13,
  "errors" :  ...
77: 25801 voies traitées
voie : bulk pour les ids de 1067352 à 1067551
bulk : {
  "took" : 12,
  "errors" :  ...
77: 26001 voies traitées
voie : bulk pour les ids de 1067552 à 1067751
bulk : {
  "took" : 13,
  "errors" :  ...
77: 26201 voies traitées
voie : bulk pour les ids de 1067752 à 1067951
bulk : {
  "took" : 12,
  "errors" :  ...
77: 26401 voies traitées
voie : bulk pour les ids de 1067952 à 1068001
bulk : {
  "took" : 4,
  "errors" : f ...
dpt 77 : adresses
77: 1 adresses traitées
77: 1001 adresses traitées
adresse : bulk pour les ids de 14355844 à 14356843
bulk : {
  "took" : 76,
  "errors" :  ...
77: 2001 adresses traitées
adresse : bulk pour les ids de 14356844 à 14357843
bulk : {
  "took" : 104,
  "errors" : ...
77: 3001 adresses traitées
adresse : bulk pour les ids de 14357844 à 14358843
bulk : {
  "took" : 92,
  "errors" :  ...
77: 4001 adresses traitées
adresse : bulk pour les ids de 14358844 à 14359843
bulk : {
  "took" : 73,
  "errors" :  ...
77: 5001 adresses traitées
adresse : bulk pour les ids de 14359844 à 14360843
bulk : {
  "took" : 90,
  "errors" :  ...
77: 6001 adresses traitées
adresse : bulk pour les ids de 14360844 à 14361843
bulk : {
  "took" : 101,
  "errors" : ...
77: 7001 adresses traitées
adresse : bulk pour les ids de 14361844 à 14362843
bulk : {
  "took" : 73,
  "errors" :  ...
77: 8001 adresses traitées
adresse : bulk pour les ids de 14362844 à 14363843
bulk : {
  "took" : 103,
  "errors" : ...
77: 9001 adresses traitées
adresse : bulk pour les ids de 14363844 à 14364843
bulk : {
  "took" : 100,
  "errors" : ...
77: 10001 adresses traitées
adresse : bulk pour les ids de 14364844 à 14365843
bulk : {
  "took" : 68,
  "errors" :  ...
77: 11001 adresses traitées
adresse : bulk pour les ids de 14365844 à 14366843
bulk : {
  "took" : 106,
  "errors" : ...
77: 12001 adresses traitées
adresse : bulk pour les ids de 14366844 à 14367843
bulk : {
  "took" : 81,
  "errors" :  ...
77: 13001 adresses traitées
adresse : bulk pour les ids de 14367844 à 14368843
bulk : {
  "took" : 83,
  "errors" :  ...
77: 14001 adresses traitées
adresse : bulk pour les ids de 14368844 à 14369843
bulk : {
  "took" : 86,
  "errors" :  ...
77: 15001 adresses traitées
adresse : bulk pour les ids de 14369844 à 14370843
bulk : {
  "took" : 83,
  "errors" :  ...
77: 16001 adresses traitées
adresse : bulk pour les ids de 14370844 à 14371843
bulk : {
  "took" : 85,
  "errors" :  ...
77: 17001 adresses traitées
adresse : bulk pour les ids de 14371844 à 14372843
bulk : {
  "took" : 86,
  "errors" :  ...
77: 18001 adresses traitées
77: 19001 adresses traitées
adresse : bulk pour les ids de 14372844 à 14373843
bulk : {
  "took" : 89,
  "errors" :  ...
77: 20001 adresses traitées
adresse : bulk pour les ids de 14373844 à 14374843
bulk : {
  "took" : 84,
  "errors" :  ...
77: 21001 adresses traitées
adresse : bulk pour les ids de 14374844 à 14375843
bulk : {
  "took" : 67,
  "errors" :  ...
77: 22001 adresses traitées
adresse : bulk pour les ids de 14375844 à 14376843
bulk : {
  "took" : 97,
  "errors" :  ...
77: 23001 adresses traitées
adresse : bulk pour les ids de 14376844 à 14377843
bulk : {
  "took" : 68,
  "errors" :  ...
77: 24001 adresses traitées
adresse : bulk pour les ids de 14377844 à 14378843
bulk : {
  "took" : 97,
  "errors" :  ...
77: 25001 adresses traitées
adresse : bulk pour les ids de 14378844 à 14379843
bulk : {
  "took" : 68,
  "errors" :  ...
77: 26001 adresses traitées
adresse : bulk pour les ids de 14379844 à 14380843
bulk : {
  "took" : 100,
  "errors" : ...
77: 27001 adresses traitées
adresse : bulk pour les ids de 14380844 à 14381843
bulk : {
  "took" : 85,
  "errors" :  ...
77: 28001 adresses traitées
adresse : bulk pour les ids de 14381844 à 14382843
bulk : {
  "took" : 86,
  "errors" :  ...
77: 29001 adresses traitées
adresse : bulk pour les ids de 14382844 à 14383843
bulk : {
  "took" : 86,
  "errors" :  ...
77: 30001 adresses traitées
adresse : bulk pour les ids de 14383844 à 14384843
bulk : {
  "took" : 99,
  "errors" :  ...
77: 31001 adresses traitées
adresse : bulk pour les ids de 14384844 à 14385843
bulk : {
  "took" : 83,
  "errors" :  ...
77: 32001 adresses traitées
adresse : bulk pour les ids de 14385844 à 14386843
bulk : {
  "took" : 84,
  "errors" :  ...
77: 33001 adresses traitées
adresse : bulk pour les ids de 14386844 à 14387843
bulk : {
  "took" : 84,
  "errors" :  ...
77: 34001 adresses traitées
adresse : bulk pour les ids de 14387844 à 14388843
bulk : {
  "took" : 84,
  "errors" :  ...
77: 35001 adresses traitées
adresse : bulk pour les ids de 14388844 à 14389843
bulk : {
  "took" : 85,
  "errors" :  ...
77: 36001 adresses traitées
adresse : bulk pour les ids de 14389844 à 14390843
bulk : {
  "took" : 84,
  "errors" :  ...
77: 37001 adresses traitées
adresse : bulk pour les ids de 14390844 à 14391843
bulk : {
  "took" : 68,
  "errors" :  ...
77: 38001 adresses traitées
adresse : bulk pour les ids de 14391844 à 14392843
bulk : {
  "took" : 100,
  "errors" : ...
77: 39001 adresses traitées
adresse : bulk pour les ids de 14392844 à 14393843
bulk : {
  "took" : 67,
  "errors" :  ...
77: 40001 adresses traitées
adresse : bulk pour les ids de 14393844 à 14394843
bulk : {
  "took" : 82,
  "errors" :  ...
77: 41001 adresses traitées
adresse : bulk pour les ids de 14394844 à 14395843
bulk : {
  "took" : 82,
  "errors" :  ...
77: 42001 adresses traitées
adresse : bulk pour les ids de 14395844 à 14396843
bulk : {
  "took" : 83,
  "errors" :  ...
77: 43001 adresses traitées
adresse : bulk pour les ids de 14396844 à 14397843
bulk : {
  "took" : 81,
  "errors" :  ...
77: 44001 adresses traitées
adresse : bulk pour les ids de 14397844 à 14398843
bulk : {
  "took" : 96,
  "errors" :  ...
77: 45001 adresses traitées
adresse : bulk pour les ids de 14398844 à 14399843
bulk : {
  "took" : 68,
  "errors" :  ...
77: 46001 adresses traitées
77: 47001 adresses traitées
adresse : bulk pour les ids de 14399844 à 14400843
bulk : {
  "took" : 96,
  "errors" :  ...
77: 48001 adresses traitées
adresse : bulk pour les ids de 14400844 à 14401843
bulk : {
  "took" : 82,
  "errors" :  ...
77: 49001 adresses traitées
adresse : bulk pour les ids de 14401844 à 14402843
bulk : {
  "took" : 85,
  "errors" :  ...
77: 50001 adresses traitées
adresse : bulk pour les ids de 14402844 à 14403843
bulk : {
  "took" : 82,
  "errors" :  ...
77: 51001 adresses traitées
adresse : bulk pour les ids de 14403844 à 14404843
bulk : {
  "took" : 102,
  "errors" : ...
77: 52001 adresses traitées
adresse : bulk pour les ids de 14404844 à 14405843
bulk : {
  "took" : 82,
  "errors" :  ...
77: 53001 adresses traitées
adresse : bulk pour les ids de 14405844 à 14406843
bulk : {
  "took" : 86,
  "errors" :  ...
77: 54001 adresses traitées
adresse : bulk pour les ids de 14406844 à 14407843
bulk : {
  "took" : 70,
  "errors" :  ...
77: 55001 adresses traitées
adresse : bulk pour les ids de 14407844 à 14408843
bulk : {
  "took" : 103,
  "errors" : ...
77: 56001 adresses traitées
adresse : bulk pour les ids de 14408844 à 14409843
bulk : {
  "took" : 82,
  "errors" :  ...
77: 57001 adresses traitées
adresse : bulk pour les ids de 14409844 à 14410843
bulk : {
  "took" : 85,
  "errors" :  ...
77: 58001 adresses traitées
adresse : bulk pour les ids de 14410844 à 14411843
bulk : {
  "took" : 68,
  "errors" :  ...
77: 59001 adresses traitées
adresse : bulk pour les ids de 14411844 à 14412843
bulk : {
  "took" : 95,
  "errors" :  ...
77: 60001 adresses traitées
adresse : bulk pour les ids de 14412844 à 14413843
bulk : {
  "took" : 80,
  "errors" :  ...
77: 61001 adresses traitées
adresse : bulk pour les ids de 14413844 à 14414843
bulk : {
  "took" : 81,
  "errors" :  ...
77: 62001 adresses traitées
adresse : bulk pour les ids de 14414844 à 14415843
bulk : {
  "took" : 75,
  "errors" :  ...
77: 63001 adresses traitées
adresse : bulk pour les ids de 14415844 à 14416843
bulk : {
  "took" : 70,
  "errors" :  ...
77: 64001 adresses traitées
adresse : bulk pour les ids de 14416844 à 14417843
bulk : {
  "took" : 88,
  "errors" :  ...
77: 65001 adresses traitées
adresse : bulk pour les ids de 14417844 à 14418843
bulk : {
  "took" : 74,
  "errors" :  ...
77: 66001 adresses traitées
adresse : bulk pour les ids de 14418844 à 14419843
bulk : {
  "took" : 73,
  "errors" :  ...
77: 67001 adresses traitées
adresse : bulk pour les ids de 14419844 à 14420843
bulk : {
  "took" : 81,
  "errors" :  ...
77: 68001 adresses traitées
adresse : bulk pour les ids de 14420844 à 14421843
bulk : {
  "took" : 73,
  "errors" :  ...
77: 69001 adresses traitées
adresse : bulk pour les ids de 14421844 à 14422843
bulk : {
  "took" : 83,
  "errors" :  ...
77: 70001 adresses traitées
adresse : bulk pour les ids de 14422844 à 14423843
bulk : {
  "took" : 89,
  "errors" :  ...
77: 71001 adresses traitées
adresse : bulk pour les ids de 14423844 à 14424843
bulk : {
  "took" : 69,
  "errors" :  ...
77: 72001 adresses traitées
adresse : bulk pour les ids de 14424844 à 14425843
bulk : {
  "took" : 89,
  "errors" :  ...
77: 73001 adresses traitées
adresse : bulk pour les ids de 14425844 à 14426843
bulk : {
  "took" : 65,
  "errors" :  ...
77: 74001 adresses traitées
adresse : bulk pour les ids de 14426844 à 14427843
bulk : {
  "took" : 89,
  "errors" :  ...
77: 75001 adresses traitées
adresse : bulk pour les ids de 14427844 à 14428843
bulk : {
  "took" : 85,
  "errors" :  ...
77: 76001 adresses traitées
adresse : bulk pour les ids de 14428844 à 14429843
bulk : {
  "took" : 88,
  "errors" :  ...
77: 77001 adresses traitées
adresse : bulk pour les ids de 14429844 à 14430843
bulk : {
  "took" : 68,
  "errors" :  ...
77: 78001 adresses traitées
adresse : bulk pour les ids de 14430844 à 14431843
bulk : {
  "took" : 95,
  "errors" :  ...
77: 79001 adresses traitées
adresse : bulk pour les ids de 14431844 à 14432843
bulk : {
  "took" : 70,
  "errors" :  ...
77: 80001 adresses traitées
77: 81001 adresses traitées
adresse : bulk pour les ids de 14432844 à 14433843
bulk : {
  "took" : 96,
  "errors" :  ...
77: 82001 adresses traitées
adresse : bulk pour les ids de 14433844 à 14434843
bulk : {
  "took" : 84,
  "errors" :  ...
77: 83001 adresses traitées
adresse : bulk pour les ids de 14434844 à 14435843
bulk : {
  "took" : 76,
  "errors" :  ...
77: 84001 adresses traitées
adresse : bulk pour les ids de 14435844 à 14436843
bulk : {
  "took" : 81,
  "errors" :  ...
77: 85001 adresses traitées
adresse : bulk pour les ids de 14436844 à 14437843
bulk : {
  "took" : 78,
  "errors" :  ...
77: 86001 adresses traitées
adresse : bulk pour les ids de 14437844 à 14438843
bulk : {
  "took" : 68,
  "errors" :  ...
77: 87001 adresses traitées
adresse : bulk pour les ids de 14438844 à 14439843
bulk : {
  "took" : 85,
  "errors" :  ...
77: 88001 adresses traitées
adresse : bulk pour les ids de 14439844 à 14440843
bulk : {
  "took" : 69,
  "errors" :  ...
77: 89001 adresses traitées
adresse : bulk pour les ids de 14440844 à 14441843
bulk : {
  "took" : 87,
  "errors" :  ...
77: 90001 adresses traitées
adresse : bulk pour les ids de 14441844 à 14442843
bulk : {
  "took" : 69,
  "errors" :  ...
77: 91001 adresses traitées
adresse : bulk pour les ids de 14442844 à 14443843
bulk : {
  "took" : 84,
  "errors" :  ...
77: 92001 adresses traitées
adresse : bulk pour les ids de 14443844 à 14444843
bulk : {
  "took" : 72,
  "errors" :  ...
77: 93001 adresses traitées
adresse : bulk pour les ids de 14444844 à 14445843
bulk : {
  "took" : 126,
  "errors" : ...
77: 94001 adresses traitées
adresse : bulk pour les ids de 14445844 à 14446843
bulk : {
  "took" : 84,
  "errors" :  ...
77: 95001 adresses traitées
adresse : bulk pour les ids de 14446844 à 14447843
bulk : {
  "took" : 88,
  "errors" :  ...
77: 96001 adresses traitées
adresse : bulk pour les ids de 14447844 à 14448843
bulk : {
  "took" : 72,
  "errors" :  ...
77: 97001 adresses traitées
adresse : bulk pour les ids de 14448844 à 14449843
bulk : {
  "took" : 82,
  "errors" :  ...
77: 98001 adresses traitées
adresse : bulk pour les ids de 14449844 à 14450843
bulk : {
  "took" : 70,
  "errors" :  ...
77: 99001 adresses traitées
adresse : bulk pour les ids de 14450844 à 14451843
bulk : {
  "took" : 83,
  "errors" :  ...
77: 100001 adresses traitées
adresse : bulk pour les ids de 14451844 à 14452843
bulk : {
  "took" : 85,
  "errors" :  ...
77: 101001 adresses traitées
adresse : bulk pour les ids de 14452844 à 14453843
bulk : {
  "took" : 72,
  "errors" :  ...
77: 102001 adresses traitées
adresse : bulk pour les ids de 14453844 à 14454843
bulk : {
  "took" : 85,
  "errors" :  ...
77: 103001 adresses traitées
adresse : bulk pour les ids de 14454844 à 14455843
bulk : {
  "took" : 70,
  "errors" :  ...
77: 104001 adresses traitées
adresse : bulk pour les ids de 14455844 à 14456843
bulk : {
  "took" : 88,
  "errors" :  ...
77: 105001 adresses traitées
adresse : bulk pour les ids de 14456844 à 14457843
bulk : {
  "took" : 68,
  "errors" :  ...
77: 106001 adresses traitées
adresse : bulk pour les ids de 14457844 à 14458843
bulk : {
  "took" : 87,
  "errors" :  ...
77: 107001 adresses traitées
adresse : bulk pour les ids de 14458844 à 14459843
bulk : {
  "took" : 71,
  "errors" :  ...
77: 108001 adresses traitées
adresse : bulk pour les ids de 14459844 à 14460843
bulk : {
  "took" : 89,
  "errors" :  ...
77: 109001 adresses traitées
adresse : bulk pour les ids de 14460844 à 14461843
bulk : {
  "took" : 70,
  "errors" :  ...
77: 110001 adresses traitées
adresse : bulk pour les ids de 14461844 à 14462843
bulk : {
  "took" : 73,
  "errors" :  ...
77: 111001 adresses traitées
adresse : bulk pour les ids de 14462844 à 14463843
bulk : {
  "took" : 89,
  "errors" :  ...
77: 112001 adresses traitées
77: 113001 adresses traitées
adresse : bulk pour les ids de 14463844 à 14464843
bulk : {
  "took" : 72,
  "errors" :  ...
77: 114001 adresses traitées
adresse : bulk pour les ids de 14464844 à 14465843
bulk : {
  "took" : 88,
  "errors" :  ...
77: 115001 adresses traitées
adresse : bulk pour les ids de 14465844 à 14466843
bulk : {
  "took" : 71,
  "errors" :  ...
77: 116001 adresses traitées
adresse : bulk pour les ids de 14466844 à 14467843
bulk : {
  "took" : 87,
  "errors" :  ...
77: 117001 adresses traitées
adresse : bulk pour les ids de 14467844 à 14468843
bulk : {
  "took" : 75,
  "errors" :  ...
77: 118001 adresses traitées
adresse : bulk pour les ids de 14468844 à 14469843
bulk : {
  "took" : 86,
  "errors" :  ...
77: 119001 adresses traitées
adresse : bulk pour les ids de 14469844 à 14470843
bulk : {
  "took" : 72,
  "errors" :  ...
77: 120001 adresses traitées
adresse : bulk pour les ids de 14470844 à 14471843
bulk : {
  "took" : 81,
  "errors" :  ...
77: 121001 adresses traitées
adresse : bulk pour les ids de 14471844 à 14472843
bulk : {
  "took" : 72,
  "errors" :  ...
77: 122001 adresses traitées
adresse : bulk pour les ids de 14472844 à 14473843
bulk : {
  "took" : 89,
  "errors" :  ...
77: 123001 adresses traitées
adresse : bulk pour les ids de 14473844 à 14474843
bulk : {
  "took" : 71,
  "errors" :  ...
77: 124001 adresses traitées
adresse : bulk pour les ids de 14474844 à 14475843
bulk : {
  "took" : 90,
  "errors" :  ...
77: 125001 adresses traitées
adresse : bulk pour les ids de 14475844 à 14476843
bulk : {
  "took" : 69,
  "errors" :  ...
77: 126001 adresses traitées
adresse : bulk pour les ids de 14476844 à 14477843
bulk : {
  "took" : 85,
  "errors" :  ...
77: 127001 adresses traitées
adresse : bulk pour les ids de 14477844 à 14478843
bulk : {
  "took" : 72,
  "errors" :  ...
77: 128001 adresses traitées
adresse : bulk pour les ids de 14478844 à 14479843
bulk : {
  "took" : 82,
  "errors" :  ...
77: 129001 adresses traitées
adresse : bulk pour les ids de 14479844 à 14480843
bulk : {
  "took" : 69,
  "errors" :  ...
77: 130001 adresses traitées
adresse : bulk pour les ids de 14480844 à 14481843
bulk : {
  "took" : 83,
  "errors" :  ...
77: 131001 adresses traitées
adresse : bulk pour les ids de 14481844 à 14482843
bulk : {
  "took" : 73,
  "errors" :  ...
77: 132001 adresses traitées
adresse : bulk pour les ids de 14482844 à 14483843
bulk : {
  "took" : 84,
  "errors" :  ...
77: 133001 adresses traitées
adresse : bulk pour les ids de 14483844 à 14484843
bulk : {
  "took" : 71,
  "errors" :  ...
77: 134001 adresses traitées
77: 135001 adresses traitées
adresse : bulk pour les ids de 14484844 à 14485843
bulk : {
  "took" : 82,
  "errors" :  ...
77: 136001 adresses traitées
adresse : bulk pour les ids de 14485844 à 14486843
bulk : {
  "took" : 89,
  "errors" :  ...
77: 137001 adresses traitées
adresse : bulk pour les ids de 14486844 à 14487843
bulk : {
  "took" : 73,
  "errors" :  ...
77: 138001 adresses traitées
adresse : bulk pour les ids de 14487844 à 14488843
bulk : {
  "took" : 86,
  "errors" :  ...
77: 139001 adresses traitées
adresse : bulk pour les ids de 14488844 à 14489843
bulk : {
  "took" : 73,
  "errors" :  ...
77: 140001 adresses traitées
adresse : bulk pour les ids de 14489844 à 14490843
bulk : {
  "took" : 88,
  "errors" :  ...
77: 141001 adresses traitées
adresse : bulk pour les ids de 14490844 à 14491843
bulk : {
  "took" : 71,
  "errors" :  ...
77: 142001 adresses traitées
adresse : bulk pour les ids de 14491844 à 14492843
bulk : {
  "took" : 90,
  "errors" :  ...
77: 143001 adresses traitées
adresse : bulk pour les ids de 14492844 à 14493843
bulk : {
  "took" : 68,
  "errors" :  ...
77: 144001 adresses traitées
adresse : bulk pour les ids de 14493844 à 14494843
bulk : {
  "took" : 88,
  "errors" :  ...
77: 145001 adresses traitées
adresse : bulk pour les ids de 14494844 à 14495843
bulk : {
  "took" : 70,
  "errors" :  ...
77: 146001 adresses traitées
adresse : bulk pour les ids de 14495844 à 14496843
bulk : {
  "took" : 88,
  "errors" :  ...
77: 147001 adresses traitées
adresse : bulk pour les ids de 14496844 à 14497843
bulk : {
  "took" : 72,
  "errors" :  ...
77: 148001 adresses traitées
adresse : bulk pour les ids de 14497844 à 14498843
bulk : {
  "took" : 91,
  "errors" :  ...
77: 149001 adresses traitées
adresse : bulk pour les ids de 14498844 à 14499843
bulk : {
  "took" : 73,
  "errors" :  ...
77: 150001 adresses traitées
adresse : bulk pour les ids de 14499844 à 14500843
bulk : {
  "took" : 84,
  "errors" :  ...
77: 151001 adresses traitées
adresse : bulk pour les ids de 14500844 à 14501843
bulk : {
  "took" : 70,
  "errors" :  ...
77: 152001 adresses traitées
adresse : bulk pour les ids de 14501844 à 14502843
bulk : {
  "took" : 86,
  "errors" :  ...
77: 153001 adresses traitées
adresse : bulk pour les ids de 14502844 à 14503843
bulk : {
  "took" : 72,
  "errors" :  ...
77: 154001 adresses traitées
adresse : bulk pour les ids de 14503844 à 14504843
bulk : {
  "took" : 83,
  "errors" :  ...
77: 155001 adresses traitées
adresse : bulk pour les ids de 14504844 à 14505843
bulk : {
  "took" : 71,
  "errors" :  ...
77: 156001 adresses traitées
adresse : bulk pour les ids de 14505844 à 14506843
bulk : {
  "took" : 91,
  "errors" :  ...
77: 157001 adresses traitées
adresse : bulk pour les ids de 14506844 à 14507843
bulk : {
  "took" : 78,
  "errors" :  ...
77: 158001 adresses traitées
adresse : bulk pour les ids de 14507844 à 14508843
bulk : {
  "took" : 90,
  "errors" :  ...
77: 159001 adresses traitées
adresse : bulk pour les ids de 14508844 à 14509843
bulk : {
  "took" : 69,
  "errors" :  ...
77: 160001 adresses traitées
adresse : bulk pour les ids de 14509844 à 14510843
bulk : {
  "took" : 72,
  "errors" :  ...
77: 161001 adresses traitées
adresse : bulk pour les ids de 14510844 à 14511843
bulk : {
  "took" : 83,
  "errors" :  ...
77: 162001 adresses traitées
77: 163001 adresses traitées
adresse : bulk pour les ids de 14511844 à 14512843
bulk : {
  "took" : 75,
  "errors" :  ...
77: 164001 adresses traitées
adresse : bulk pour les ids de 14512844 à 14513843
bulk : {
  "took" : 85,
  "errors" :  ...
77: 165001 adresses traitées
adresse : bulk pour les ids de 14513844 à 14514843
bulk : {
  "took" : 74,
  "errors" :  ...
77: 166001 adresses traitées
adresse : bulk pour les ids de 14514844 à 14515843
bulk : {
  "took" : 87,
  "errors" :  ...
77: 167001 adresses traitées
adresse : bulk pour les ids de 14515844 à 14516843
bulk : {
  "took" : 70,
  "errors" :  ...
77: 168001 adresses traitées
adresse : bulk pour les ids de 14516844 à 14517843
bulk : {
  "took" : 95,
  "errors" :  ...
77: 169001 adresses traitées
adresse : bulk pour les ids de 14517844 à 14518843
bulk : {
  "took" : 73,
  "errors" :  ...
77: 170001 adresses traitées
adresse : bulk pour les ids de 14518844 à 14519843
bulk : {
  "took" : 88,
  "errors" :  ...
77: 171001 adresses traitées
adresse : bulk pour les ids de 14519844 à 14520843
bulk : {
  "took" : 75,
  "errors" :  ...
77: 172001 adresses traitées
adresse : bulk pour les ids de 14520844 à 14521843
bulk : {
  "took" : 97,
  "errors" :  ...
77: 173001 adresses traitées
adresse : bulk pour les ids de 14521844 à 14522843
bulk : {
  "took" : 74,
  "errors" :  ...
77: 174001 adresses traitées
adresse : bulk pour les ids de 14522844 à 14523843
bulk : {
  "took" : 91,
  "errors" :  ...
77: 175001 adresses traitées
adresse : bulk pour les ids de 14523844 à 14524843
bulk : {
  "took" : 75,
  "errors" :  ...
77: 176001 adresses traitées
adresse : bulk pour les ids de 14524844 à 14525843
bulk : {
  "took" : 90,
  "errors" :  ...
77: 177001 adresses traitées
adresse : bulk pour les ids de 14525844 à 14526843
bulk : {
  "took" : 70,
  "errors" :  ...
77: 178001 adresses traitées
adresse : bulk pour les ids de 14526844 à 14527843
bulk : {
  "took" : 84,
  "errors" :  ...
77: 179001 adresses traitées
adresse : bulk pour les ids de 14527844 à 14528843
bulk : {
  "took" : 71,
  "errors" :  ...
77: 180001 adresses traitées
adresse : bulk pour les ids de 14528844 à 14529843
bulk : {
  "took" : 88,
  "errors" :  ...
77: 181001 adresses traitées
adresse : bulk pour les ids de 14529844 à 14530843
bulk : {
  "took" : 69,
  "errors" :  ...
77: 182001 adresses traitées
adresse : bulk pour les ids de 14530844 à 14531843
bulk : {
  "took" : 94,
  "errors" :  ...
77: 183001 adresses traitées
adresse : bulk pour les ids de 14531844 à 14532843
bulk : {
  "took" : 73,
  "errors" :  ...
77: 184001 adresses traitées
adresse : bulk pour les ids de 14532844 à 14533843
bulk : {
  "took" : 87,
  "errors" :  ...
77: 185001 adresses traitées
adresse : bulk pour les ids de 14533844 à 14534843
bulk : {
  "took" : 71,
  "errors" :  ...
77: 186001 adresses traitées
adresse : bulk pour les ids de 14534844 à 14535843
bulk : {
  "took" : 72,
  "errors" :  ...
77: 187001 adresses traitées
adresse : bulk pour les ids de 14535844 à 14536843
bulk : {
  "took" : 85,
  "errors" :  ...
77: 188001 adresses traitées
adresse : bulk pour les ids de 14536844 à 14537843
bulk : {
  "took" : 75,
  "errors" :  ...
77: 189001 adresses traitées
adresse : bulk pour les ids de 14537844 à 14538843
bulk : {
  "took" : 84,
  "errors" :  ...
77: 190001 adresses traitées
77: 191001 adresses traitées
adresse : bulk pour les ids de 14538844 à 14539843
bulk : {
  "took" : 72,
  "errors" :  ...
77: 192001 adresses traitées
adresse : bulk pour les ids de 14539844 à 14540843
bulk : {
  "took" : 88,
  "errors" :  ...
77: 193001 adresses traitées
adresse : bulk pour les ids de 14540844 à 14541843
bulk : {
  "took" : 73,
  "errors" :  ...
77: 194001 adresses traitées
adresse : bulk pour les ids de 14541844 à 14542843
bulk : {
  "took" : 90,
  "errors" :  ...
77: 195001 adresses traitées
adresse : bulk pour les ids de 14542844 à 14543843
bulk : {
  "took" : 73,
  "errors" :  ...
77: 196001 adresses traitées
adresse : bulk pour les ids de 14543844 à 14544843
bulk : {
  "took" : 89,
  "errors" :  ...
77: 197001 adresses traitées
adresse : bulk pour les ids de 14544844 à 14545843
bulk : {
  "took" : 73,
  "errors" :  ...
77: 198001 adresses traitées
adresse : bulk pour les ids de 14545844 à 14546843
bulk : {
  "took" : 88,
  "errors" :  ...
77: 199001 adresses traitées
adresse : bulk pour les ids de 14546844 à 14547843
bulk : {
  "took" : 70,
  "errors" :  ...
77: 200001 adresses traitées
adresse : bulk pour les ids de 14547844 à 14548843
bulk : {
  "took" : 85,
  "errors" :  ...
77: 201001 adresses traitées
adresse : bulk pour les ids de 14548844 à 14549843
bulk : {
  "took" : 74,
  "errors" :  ...
77: 202001 adresses traitées
adresse : bulk pour les ids de 14549844 à 14550843
bulk : {
  "took" : 86,
  "errors" :  ...
77: 203001 adresses traitées
adresse : bulk pour les ids de 14550844 à 14551843
bulk : {
  "took" : 72,
  "errors" :  ...
77: 204001 adresses traitées
adresse : bulk pour les ids de 14551844 à 14552843
bulk : {
  "took" : 89,
  "errors" :  ...
77: 205001 adresses traitées
adresse : bulk pour les ids de 14552844 à 14553843
bulk : {
  "took" : 70,
  "errors" :  ...
77: 206001 adresses traitées
adresse : bulk pour les ids de 14553844 à 14554843
bulk : {
  "took" : 90,
  "errors" :  ...
77: 207001 adresses traitées
adresse : bulk pour les ids de 14554844 à 14555843
bulk : {
  "took" : 74,
  "errors" :  ...
77: 208001 adresses traitées
adresse : bulk pour les ids de 14555844 à 14556843
bulk : {
  "took" : 89,
  "errors" :  ...
77: 209001 adresses traitées
adresse : bulk pour les ids de 14556844 à 14557843
bulk : {
  "took" : 74,
  "errors" :  ...
77: 210001 adresses traitées
adresse : bulk pour les ids de 14557844 à 14558843
bulk : {
  "took" : 85,
  "errors" :  ...
77: 211001 adresses traitées
adresse : bulk pour les ids de 14558844 à 14559843
bulk : {
  "took" : 72,
  "errors" :  ...
77: 212001 adresses traitées
adresse : bulk pour les ids de 14559844 à 14560843
bulk : {
  "took" : 89,
  "errors" :  ...
77: 213001 adresses traitées
adresse : bulk pour les ids de 14560844 à 14561843
bulk : {
  "took" : 83,
  "errors" :  ...
77: 214001 adresses traitées
adresse : bulk pour les ids de 14561844 à 14562843
bulk : {
  "took" : 90,
  "errors" :  ...
77: 215001 adresses traitées
adresse : bulk pour les ids de 14562844 à 14563843
bulk : {
  "took" : 89,
  "errors" :  ...
77: 216001 adresses traitées
adresse : bulk pour les ids de 14563844 à 14564843
bulk : {
  "took" : 72,
  "errors" :  ...
77: 217001 adresses traitées
adresse : bulk pour les ids de 14564844 à 14565843
bulk : {
  "took" : 85,
  "errors" :  ...
77: 218001 adresses traitées
adresse : bulk pour les ids de 14565844 à 14566843
bulk : {
  "took" : 71,
  "errors" :  ...
77: 219001 adresses traitées
adresse : bulk pour les ids de 14566844 à 14567843
bulk : {
  "took" : 87,
  "errors" :  ...
77: 220001 adresses traitées
adresse : bulk pour les ids de 14567844 à 14568843
bulk : {
  "took" : 75,
  "errors" :  ...
77: 221001 adresses traitées
adresse : bulk pour les ids de 14568844 à 14569843
bulk : {
  "took" : 91,
  "errors" :  ...
77: 222001 adresses traitées
adresse : bulk pour les ids de 14569844 à 14570843
bulk : {
  "took" : 73,
  "errors" :  ...
77: 223001 adresses traitées
adresse : bulk pour les ids de 14570844 à 14571843
bulk : {
  "took" : 94,
  "errors" :  ...
77: 224001 adresses traitées
adresse : bulk pour les ids de 14571844 à 14572843
bulk : {
  "took" : 73,
  "errors" :  ...
77: 225001 adresses traitées
adresse : bulk pour les ids de 14572844 à 14573843
bulk : {
  "took" : 89,
  "errors" :  ...
77: 226001 adresses traitées
adresse : bulk pour les ids de 14573844 à 14574843
bulk : {
  "took" : 74,
  "errors" :  ...
77: 227001 adresses traitées
adresse : bulk pour les ids de 14574844 à 14575843
bulk : {
  "took" : 95,
  "errors" :  ...
77: 228001 adresses traitées
adresse : bulk pour les ids de 14575844 à 14576843
bulk : {
  "took" : 74,
  "errors" :  ...
77: 229001 adresses traitées
adresse : bulk pour les ids de 14576844 à 14577843
bulk : {
  "took" : 91,
  "errors" :  ...
77: 230001 adresses traitées
77: 231001 adresses traitées
adresse : bulk pour les ids de 14577844 à 14578843
bulk : {
  "took" : 76,
  "errors" :  ...
77: 232001 adresses traitées
adresse : bulk pour les ids de 14578844 à 14579843
bulk : {
  "took" : 98,
  "errors" :  ...
77: 233001 adresses traitées
adresse : bulk pour les ids de 14579844 à 14580843
bulk : {
  "took" : 71,
  "errors" :  ...
77: 234001 adresses traitées
adresse : bulk pour les ids de 14580844 à 14581843
bulk : {
  "took" : 102,
  "errors" : ...
77: 235001 adresses traitées
adresse : bulk pour les ids de 14581844 à 14582843
bulk : {
  "took" : 72,
  "errors" :  ...
77: 236001 adresses traitées
adresse : bulk pour les ids de 14582844 à 14583843
bulk : {
  "took" : 91,
  "errors" :  ...
77: 237001 adresses traitées
adresse : bulk pour les ids de 14583844 à 14584843
bulk : {
  "took" : 75,
  "errors" :  ...
77: 238001 adresses traitées
adresse : bulk pour les ids de 14584844 à 14585843
bulk : {
  "took" : 71,
  "errors" :  ...
77: 239001 adresses traitées
adresse : bulk pour les ids de 14585844 à 14586843
bulk : {
  "took" : 85,
  "errors" :  ...
77: 240001 adresses traitées
adresse : bulk pour les ids de 14586844 à 14587843
bulk : {
  "took" : 73,
  "errors" :  ...
77: 241001 adresses traitées
adresse : bulk pour les ids de 14587844 à 14588843
bulk : {
  "took" : 86,
  "errors" :  ...
77: 242001 adresses traitées
adresse : bulk pour les ids de 14588844 à 14589843
bulk : {
  "took" : 71,
  "errors" :  ...
77: 243001 adresses traitées
adresse : bulk pour les ids de 14589844 à 14590843
bulk : {
  "took" : 88,
  "errors" :  ...
77: 244001 adresses traitées
adresse : bulk pour les ids de 14590844 à 14591843
bulk : {
  "took" : 75,
  "errors" :  ...
77: 245001 adresses traitées
adresse : bulk pour les ids de 14591844 à 14592843
bulk : {
  "took" : 89,
  "errors" :  ...
77: 246001 adresses traitées
adresse : bulk pour les ids de 14592844 à 14593843
bulk : {
  "took" : 84,
  "errors" :  ...
77: 247001 adresses traitées
adresse : bulk pour les ids de 14593844 à 14594843
bulk : {
  "took" : 91,
  "errors" :  ...
77: 248001 adresses traitées
adresse : bulk pour les ids de 14594844 à 14595843
bulk : {
  "took" : 70,
  "errors" :  ...
77: 249001 adresses traitées
adresse : bulk pour les ids de 14595844 à 14596843
bulk : {
  "took" : 86,
  "errors" :  ...
77: 250001 adresses traitées
adresse : bulk pour les ids de 14596844 à 14597843
bulk : {
  "took" : 73,
  "errors" :  ...
77: 251001 adresses traitées
adresse : bulk pour les ids de 14597844 à 14598843
bulk : {
  "took" : 93,
  "errors" :  ...
77: 252001 adresses traitées
adresse : bulk pour les ids de 14598844 à 14599843
bulk : {
  "took" : 74,
  "errors" :  ...
77: 253001 adresses traitées
adresse : bulk pour les ids de 14599844 à 14600843
bulk : {
  "took" : 94,
  "errors" :  ...
77: 254001 adresses traitées
adresse : bulk pour les ids de 14600844 à 14601843
bulk : {
  "took" : 79,
  "errors" :  ...
77: 255001 adresses traitées
adresse : bulk pour les ids de 14601844 à 14602843
bulk : {
  "took" : 84,
  "errors" :  ...
77: 256001 adresses traitées
adresse : bulk pour les ids de 14602844 à 14603843
bulk : {
  "took" : 71,
  "errors" :  ...
77: 257001 adresses traitées
adresse : bulk pour les ids de 14603844 à 14604843
bulk : {
  "took" : 90,
  "errors" :  ...
77: 258001 adresses traitées
77: 259001 adresses traitées
adresse : bulk pour les ids de 14604844 à 14605843
bulk : {
  "took" : 71,
  "errors" :  ...
77: 260001 adresses traitées
adresse : bulk pour les ids de 14605844 à 14606843
bulk : {
  "took" : 88,
  "errors" :  ...
77: 261001 adresses traitées
adresse : bulk pour les ids de 14606844 à 14607843
bulk : {
  "took" : 73,
  "errors" :  ...
77: 262001 adresses traitées
adresse : bulk pour les ids de 14607844 à 14608843
bulk : {
  "took" : 83,
  "errors" :  ...
77: 263001 adresses traitées
adresse : bulk pour les ids de 14608844 à 14609843
bulk : {
  "took" : 74,
  "errors" :  ...
77: 264001 adresses traitées
adresse : bulk pour les ids de 14609844 à 14610843
bulk : {
  "took" : 90,
  "errors" :  ...
77: 265001 adresses traitées
adresse : bulk pour les ids de 14610844 à 14611843
bulk : {
  "took" : 73,
  "errors" :  ...
77: 266001 adresses traitées
adresse : bulk pour les ids de 14611844 à 14612843
bulk : {
  "took" : 88,
  "errors" :  ...
77: 267001 adresses traitées
adresse : bulk pour les ids de 14612844 à 14613843
bulk : {
  "took" : 86,
  "errors" :  ...
77: 268001 adresses traitées
adresse : bulk pour les ids de 14613844 à 14614843
bulk : {
  "took" : 75,
  "errors" :  ...
77: 269001 adresses traitées
adresse : bulk pour les ids de 14614844 à 14615843
bulk : {
  "took" : 90,
  "errors" :  ...
77: 270001 adresses traitées
adresse : bulk pour les ids de 14615844 à 14616843
bulk : {
  "took" : 75,
  "errors" :  ...
77: 271001 adresses traitées
adresse : bulk pour les ids de 14616844 à 14617843
bulk : {
  "took" : 93,
  "errors" :  ...
77: 272001 adresses traitées
adresse : bulk pour les ids de 14617844 à 14618843
bulk : {
  "took" : 75,
  "errors" :  ...
77: 273001 adresses traitées
adresse : bulk pour les ids de 14618844 à 14619843
bulk : {
  "took" : 94,
  "errors" :  ...
77: 274001 adresses traitées
adresse : bulk pour les ids de 14619844 à 14620843
bulk : {
  "took" : 75,
  "errors" :  ...
77: 275001 adresses traitées
adresse : bulk pour les ids de 14620844 à 14621843
bulk : {
  "took" : 86,
  "errors" :  ...
77: 276001 adresses traitées
adresse : bulk pour les ids de 14621844 à 14622843
bulk : {
  "took" : 72,
  "errors" :  ...
77: 277001 adresses traitées
adresse : bulk pour les ids de 14622844 à 14623843
bulk : {
  "took" : 84,
  "errors" :  ...
77: 278001 adresses traitées
adresse : bulk pour les ids de 14623844 à 14624843
bulk : {
  "took" : 72,
  "errors" :  ...
77: 279001 adresses traitées
adresse : bulk pour les ids de 14624844 à 14625843
bulk : {
  "took" : 89,
  "errors" :  ...
77: 280001 adresses traitées
adresse : bulk pour les ids de 14625844 à 14626843
bulk : {
  "took" : 72,
  "errors" :  ...
77: 281001 adresses traitées
adresse : bulk pour les ids de 14626844 à 14627843
bulk : {
  "took" : 88,
  "errors" :  ...
77: 282001 adresses traitées
adresse : bulk pour les ids de 14627844 à 14628843
bulk : {
  "took" : 71,
  "errors" :  ...
77: 283001 adresses traitées
adresse : bulk pour les ids de 14628844 à 14629843
bulk : {
  "took" : 84,
  "errors" :  ...
77: 284001 adresses traitées
adresse : bulk pour les ids de 14629844 à 14630843
bulk : {
  "took" : 72,
  "errors" :  ...
77: 285001 adresses traitées
adresse : bulk pour les ids de 14630844 à 14631843
bulk : {
  "took" : 86,
  "errors" :  ...
77: 286001 adresses traitées
adresse : bulk pour les ids de 14631844 à 14632843
bulk : {
  "took" : 74,
  "errors" :  ...
77: 287001 adresses traitées
adresse : bulk pour les ids de 14632844 à 14633843
bulk : {
  "took" : 92,
  "errors" :  ...
77: 288001 adresses traitées
adresse : bulk pour les ids de 14633844 à 14634843
bulk : {
  "took" : 71,
  "errors" :  ...
77: 289001 adresses traitées
adresse : bulk pour les ids de 14634844 à 14635843
bulk : {
  "took" : 86,
  "errors" :  ...
77: 290001 adresses traitées
adresse : bulk pour les ids de 14635844 à 14636843
bulk : {
  "took" : 72,
  "errors" :  ...
77: 291001 adresses traitées
adresse : bulk pour les ids de 14636844 à 14637843
bulk : {
  "took" : 87,
  "errors" :  ...
77: 292001 adresses traitées
adresse : bulk pour les ids de 14637844 à 14638843
bulk : {
  "took" : 71,
  "errors" :  ...
77: 293001 adresses traitées
adresse : bulk pour les ids de 14638844 à 14639843
bulk : {
  "took" : 75,
  "errors" :  ...
77: 294001 adresses traitées
adresse : bulk pour les ids de 14639844 à 14640843
bulk : {
  "took" : 87,
  "errors" :  ...
77: 295001 adresses traitées
adresse : bulk pour les ids de 14640844 à 14641843
bulk : {
  "took" : 70,
  "errors" :  ...
77: 296001 adresses traitées
adresse : bulk pour les ids de 14641844 à 14642843
bulk : {
  "took" : 88,
  "errors" :  ...
77: 297001 adresses traitées
adresse : bulk pour les ids de 14642844 à 14643843
bulk : {
  "took" : 70,
  "errors" :  ...
77: 298001 adresses traitées
77: 299001 adresses traitées
adresse : bulk pour les ids de 14643844 à 14644843
bulk : {
  "took" : 84,
  "errors" :  ...
77: 300001 adresses traitées
adresse : bulk pour les ids de 14644844 à 14645843
bulk : {
  "took" : 71,
  "errors" :  ...
77: 301001 adresses traitées
adresse : bulk pour les ids de 14645844 à 14646843
bulk : {
  "took" : 84,
  "errors" :  ...
77: 302001 adresses traitées
adresse : bulk pour les ids de 14646844 à 14647843
bulk : {
  "took" : 71,
  "errors" :  ...
77: 303001 adresses traitées
adresse : bulk pour les ids de 14647844 à 14648843
bulk : {
  "took" : 85,
  "errors" :  ...
77: 304001 adresses traitées
adresse : bulk pour les ids de 14648844 à 14649843
bulk : {
  "took" : 71,
  "errors" :  ...
77: 305001 adresses traitées
adresse : bulk pour les ids de 14649844 à 14650843
bulk : {
  "took" : 91,
  "errors" :  ...
77: 306001 adresses traitées
adresse : bulk pour les ids de 14650844 à 14651843
bulk : {
  "took" : 72,
  "errors" :  ...
77: 307001 adresses traitées
adresse : bulk pour les ids de 14651844 à 14652843
bulk : {
  "took" : 92,
  "errors" :  ...
77: 308001 adresses traitées
adresse : bulk pour les ids de 14652844 à 14653843
bulk : {
  "took" : 71,
  "errors" :  ...
77: 309001 adresses traitées
adresse : bulk pour les ids de 14653844 à 14654843
bulk : {
  "took" : 87,
  "errors" :  ...
77: 310001 adresses traitées
adresse : bulk pour les ids de 14654844 à 14655843
bulk : {
  "took" : 73,
  "errors" :  ...
77: 311001 adresses traitées
adresse : bulk pour les ids de 14655844 à 14656843
bulk : {
  "took" : 88,
  "errors" :  ...
77: 312001 adresses traitées
adresse : bulk pour les ids de 14656844 à 14657843
bulk : {
  "took" : 74,
  "errors" :  ...
77: 313001 adresses traitées
adresse : bulk pour les ids de 14657844 à 14658843
bulk : {
  "took" : 88,
  "errors" :  ...
77: 314001 adresses traitées
adresse : bulk pour les ids de 14658844 à 14659843
bulk : {
  "took" : 73,
  "errors" :  ...
77: 315001 adresses traitées
adresse : bulk pour les ids de 14659844 à 14660843
bulk : {
  "took" : 93,
  "errors" :  ...
77: 316001 adresses traitées
adresse : bulk pour les ids de 14660844 à 14661843
bulk : {
  "took" : 80,
  "errors" :  ...
77: 317001 adresses traitées
adresse : bulk pour les ids de 14661844 à 14662843
bulk : {
  "took" : 98,
  "errors" :  ...
77: 318001 adresses traitées
adresse : bulk pour les ids de 14662844 à 14663843
bulk : {
  "took" : 74,
  "errors" :  ...
77: 319001 adresses traitées
adresse : bulk pour les ids de 14663844 à 14664843
bulk : {
  "took" : 75,
  "errors" :  ...
77: 320001 adresses traitées
adresse : bulk pour les ids de 14664844 à 14665843
bulk : {
  "took" : 97,
  "errors" :  ...
77: 321001 adresses traitées
adresse : bulk pour les ids de 14665844 à 14666843
bulk : {
  "took" : 75,
  "errors" :  ...
77: 322001 adresses traitées
adresse : bulk pour les ids de 14666844 à 14667843
bulk : {
  "took" : 96,
  "errors" :  ...
77: 323001 adresses traitées
adresse : bulk pour les ids de 14667844 à 14668843
bulk : {
  "took" : 76,
  "errors" :  ...
77: 324001 adresses traitées
77: 325001 adresses traitées
adresse : bulk pour les ids de 14668844 à 14669843
bulk : {
  "took" : 100,
  "errors" : ...
77: 326001 adresses traitées
adresse : bulk pour les ids de 14669844 à 14670843
bulk : {
  "took" : 71,
  "errors" :  ...
77: 327001 adresses traitées
adresse : bulk pour les ids de 14670844 à 14671843
bulk : {
  "took" : 97,
  "errors" :  ...
77: 328001 adresses traitées
adresse : bulk pour les ids de 14671844 à 14672843
bulk : {
  "took" : 74,
  "errors" :  ...
77: 329001 adresses traitées
adresse : bulk pour les ids de 14672844 à 14673843
bulk : {
  "took" : 106,
  "errors" : ...
77: 330001 adresses traitées
adresse : bulk pour les ids de 14673844 à 14674843
bulk : {
  "took" : 73,
  "errors" :  ...
77: 331001 adresses traitées
adresse : bulk pour les ids de 14674844 à 14675843
bulk : {
  "took" : 88,
  "errors" :  ...
77: 332001 adresses traitées
adresse : bulk pour les ids de 14675844 à 14676843
bulk : {
  "took" : 75,
  "errors" :  ...
77: 333001 adresses traitées
adresse : bulk pour les ids de 14676844 à 14677843
bulk : {
  "took" : 94,
  "errors" :  ...
77: 334001 adresses traitées
adresse : bulk pour les ids de 14677844 à 14678843
bulk : {
  "took" : 74,
  "errors" :  ...
77: 335001 adresses traitées
adresse : bulk pour les ids de 14678844 à 14679843
bulk : {
  "took" : 89,
  "errors" :  ...
77: 336001 adresses traitées
adresse : bulk pour les ids de 14679844 à 14680843
bulk : {
  "took" : 74,
  "errors" :  ...
77: 337001 adresses traitées
adresse : bulk pour les ids de 14680844 à 14681843
bulk : {
  "took" : 93,
  "errors" :  ...
77: 338001 adresses traitées
adresse : bulk pour les ids de 14681844 à 14682843
bulk : {
  "took" : 76,
  "errors" :  ...
77: 339001 adresses traitées
adresse : bulk pour les ids de 14682844 à 14683843
bulk : {
  "took" : 101,
  "errors" : ...
77: 340001 adresses traitées
adresse : bulk pour les ids de 14683844 à 14684843
bulk : {
  "took" : 73,
  "errors" :  ...
77: 341001 adresses traitées
adresse : bulk pour les ids de 14684844 à 14685843
bulk : {
  "took" : 73,
  "errors" :  ...
77: 342001 adresses traitées
adresse : bulk pour les ids de 14685844 à 14686843
bulk : {
  "took" : 88,
  "errors" :  ...
77: 343001 adresses traitées
adresse : bulk pour les ids de 14686844 à 14687843
bulk : {
  "took" : 74,
  "errors" :  ...
77: 344001 adresses traitées
adresse : bulk pour les ids de 14687844 à 14688843
bulk : {
  "took" : 90,
  "errors" :  ...
77: 345001 adresses traitées
adresse : bulk pour les ids de 14688844 à 14689843
bulk : {
  "took" : 72,
  "errors" :  ...
77: 346001 adresses traitées
adresse : bulk pour les ids de 14689844 à 14690843
bulk : {
  "took" : 96,
  "errors" :  ...
77: 347001 adresses traitées
adresse : bulk pour les ids de 14690844 à 14691843
bulk : {
  "took" : 72,
  "errors" :  ...
77: 348001 adresses traitées
adresse : bulk pour les ids de 14691844 à 14692843
bulk : {
  "took" : 95,
  "errors" :  ...
77: 349001 adresses traitées
adresse : bulk pour les ids de 14692844 à 14693843
bulk : {
  "took" : 69,
  "errors" :  ...
77: 350001 adresses traitées
adresse : bulk pour les ids de 14693844 à 14694843
bulk : {
  "took" : 84,
  "errors" :  ...
77: 351001 adresses traitées
adresse : bulk pour les ids de 14694844 à 14695843
bulk : {
  "took" : 95,
  "errors" :  ...
77: 352001 adresses traitées
adresse : bulk pour les ids de 14695844 à 14696843
bulk : {
  "took" : 86,
  "errors" :  ...
77: 353001 adresses traitées
adresse : bulk pour les ids de 14696844 à 14697843
bulk : {
  "took" : 70,
  "errors" :  ...
77: 354001 adresses traitées
adresse : bulk pour les ids de 14697844 à 14698843
bulk : {
  "took" : 86,
  "errors" :  ...
77: 355001 adresses traitées
77: 356001 adresses traitées
adresse : bulk pour les ids de 14698844 à 14699843
bulk : {
  "took" : 71,
  "errors" :  ...
77: 357001 adresses traitées
adresse : bulk pour les ids de 14699844 à 14700843
bulk : {
  "took" : 82,
  "errors" :  ...
77: 358001 adresses traitées
adresse : bulk pour les ids de 14700844 à 14701843
bulk : {
  "took" : 71,
  "errors" :  ...
77: 359001 adresses traitées
adresse : bulk pour les ids de 14701844 à 14702843
bulk : {
  "took" : 83,
  "errors" :  ...
77: 360001 adresses traitées
adresse : bulk pour les ids de 14702844 à 14703843
bulk : {
  "took" : 69,
  "errors" :  ...
77: 361001 adresses traitées
adresse : bulk pour les ids de 14703844 à 14704843
bulk : {
  "took" : 89,
  "errors" :  ...
77: 362001 adresses traitées
adresse : bulk pour les ids de 14704844 à 14705843
bulk : {
  "took" : 71,
  "errors" :  ...
77: 363001 adresses traitées
adresse : bulk pour les ids de 14705844 à 14706843
bulk : {
  "took" : 96,
  "errors" :  ...
77: 364001 adresses traitées
adresse : bulk pour les ids de 14706844 à 14707843
bulk : {
  "took" : 68,
  "errors" :  ...
77: 365001 adresses traitées
adresse : bulk pour les ids de 14707844 à 14708843
bulk : {
  "took" : 101,
  "errors" : ...
77: 366001 adresses traitées
adresse : bulk pour les ids de 14708844 à 14709843
bulk : {
  "took" : 72,
  "errors" :  ...
77: 367001 adresses traitées
adresse : bulk pour les ids de 14709844 à 14710843
bulk : {
  "took" : 73,
  "errors" :  ...
77: 368001 adresses traitées
adresse : bulk pour les ids de 14710844 à 14711843
bulk : {
  "took" : 84,
  "errors" :  ...
77: 369001 adresses traitées
adresse : bulk pour les ids de 14711844 à 14712843
bulk : {
  "took" : 70,
  "errors" :  ...
77: 370001 adresses traitées
adresse : bulk pour les ids de 14712844 à 14713843
bulk : {
  "took" : 91,
  "errors" :  ...
77: 371001 adresses traitées
adresse : bulk pour les ids de 14713844 à 14714843
bulk : {
  "took" : 69,
  "errors" :  ...
77: 372001 adresses traitées
adresse : bulk pour les ids de 14714844 à 14715843
bulk : {
  "took" : 89,
  "errors" :  ...
77: 373001 adresses traitées
adresse : bulk pour les ids de 14715844 à 14716843
bulk : {
  "took" : 73,
  "errors" :  ...
77: 374001 adresses traitées
adresse : bulk pour les ids de 14716844 à 14717843
bulk : {
  "took" : 91,
  "errors" :  ...
77: 375001 adresses traitées
adresse : bulk pour les ids de 14717844 à 14718843
bulk : {
  "took" : 72,
  "errors" :  ...
77: 376001 adresses traitées
adresse : bulk pour les ids de 14718844 à 14719843
bulk : {
  "took" : 91,
  "errors" :  ...
77: 377001 adresses traitées
adresse : bulk pour les ids de 14719844 à 14720843
bulk : {
  "took" : 69,
  "errors" :  ...
77: 378001 adresses traitées
adresse : bulk pour les ids de 14720844 à 14721843
bulk : {
  "took" : 85,
  "errors" :  ...
77: 379001 adresses traitées
adresse : bulk pour les ids de 14721844 à 14722843
bulk : {
  "took" : 72,
  "errors" :  ...
77: 380001 adresses traitées
adresse : bulk pour les ids de 14722844 à 14723843
bulk : {
  "took" : 93,
  "errors" :  ...
77: 381001 adresses traitées
adresse : bulk pour les ids de 14723844 à 14724843
bulk : {
  "took" : 72,
  "errors" :  ...
77: 382001 adresses traitées
77: 383001 adresses traitées
adresse : bulk pour les ids de 14724844 à 14725843
bulk : {
  "took" : 86,
  "errors" :  ...
77: 384001 adresses traitées
adresse : bulk pour les ids de 14725844 à 14726843
bulk : {
  "took" : 73,
  "errors" :  ...
77: 385001 adresses traitées
adresse : bulk pour les ids de 14726844 à 14727843
bulk : {
  "took" : 83,
  "errors" :  ...
77: 386001 adresses traitées
adresse : bulk pour les ids de 14727844 à 14728843
bulk : {
  "took" : 74,
  "errors" :  ...
77: 387001 adresses traitées
adresse : bulk pour les ids de 14728844 à 14729843
bulk : {
  "took" : 89,
  "errors" :  ...
77: 388001 adresses traitées
adresse : bulk pour les ids de 14729844 à 14730843
bulk : {
  "took" : 74,
  "errors" :  ...
77: 389001 adresses traitées
adresse : bulk pour les ids de 14730844 à 14731843
bulk : {
  "took" : 70,
  "errors" :  ...
77: 390001 adresses traitées
adresse : bulk pour les ids de 14731844 à 14732843
bulk : {
  "took" : 83,
  "errors" :  ...
77: 391001 adresses traitées
adresse : bulk pour les ids de 14732844 à 14733843
bulk : {
  "took" : 69,
  "errors" :  ...
77: 392001 adresses traitées
adresse : bulk pour les ids de 14733844 à 14734843
bulk : {
  "took" : 86,
  "errors" :  ...
77: 393001 adresses traitées
adresse : bulk pour les ids de 14734844 à 14735843
bulk : {
  "took" : 71,
  "errors" :  ...
77: 394001 adresses traitées
adresse : bulk pour les ids de 14735844 à 14736843
bulk : {
  "took" : 81,
  "errors" :  ...
77: 395001 adresses traitées
adresse : bulk pour les ids de 14736844 à 14737843
bulk : {
  "took" : 67,
  "errors" :  ...
77: 396001 adresses traitées
adresse : bulk pour les ids de 14737844 à 14738843
bulk : {
  "took" : 83,
  "errors" :  ...
77: 397001 adresses traitées
adresse : bulk pour les ids de 14738844 à 14739843
bulk : {
  "took" : 69,
  "errors" :  ...
77: 398001 adresses traitées
adresse : bulk pour les ids de 14739844 à 14740843
bulk : {
  "took" : 89,
  "errors" :  ...
77: 399001 adresses traitées
adresse : bulk pour les ids de 14740844 à 14741843
bulk : {
  "took" : 66,
  "errors" :  ...
77: 400001 adresses traitées
adresse : bulk pour les ids de 14741844 à 14742843
bulk : {
  "took" : 88,
  "errors" :  ...
77: 401001 adresses traitées
adresse : bulk pour les ids de 14742844 à 14743843
bulk : {
  "took" : 70,
  "errors" :  ...
77: 402001 adresses traitées
adresse : bulk pour les ids de 14743844 à 14744843
bulk : {
  "took" : 88,
  "errors" :  ...
77: 403001 adresses traitées
adresse : bulk pour les ids de 14744844 à 14745843
bulk : {
  "took" : 71,
  "errors" :  ...
77: 404001 adresses traitées
adresse : bulk pour les ids de 14745844 à 14746843
bulk : {
  "took" : 84,
  "errors" :  ...
77: 405001 adresses traitées
adresse : bulk pour les ids de 14746844 à 14747843
bulk : {
  "took" : 68,
  "errors" :  ...
77: 406001 adresses traitées
adresse : bulk pour les ids de 14747844 à 14748843
bulk : {
  "took" : 79,
  "errors" :  ...
77: 407001 adresses traitées
77: 408001 adresses traitées
adresse : bulk pour les ids de 14748844 à 14749843
bulk : {
  "took" : 70,
  "errors" :  ...
77: 409001 adresses traitées
adresse : bulk pour les ids de 14749844 à 14750843
bulk : {
  "took" : 88,
  "errors" :  ...
77: 410001 adresses traitées
adresse : bulk pour les ids de 14750844 à 14751843
bulk : {
  "took" : 71,
  "errors" :  ...
77: 411001 adresses traitées
adresse : bulk pour les ids de 14751844 à 14752843
bulk : {
  "took" : 84,
  "errors" :  ...
77: 412001 adresses traitées
adresse : bulk pour les ids de 14752844 à 14753843
bulk : {
  "took" : 71,
  "errors" :  ...
77: 413001 adresses traitées
adresse : bulk pour les ids de 14753844 à 14754843
bulk : {
  "took" : 84,
  "errors" :  ...
77: 414001 adresses traitées
adresse : bulk pour les ids de 14754844 à 14755843
bulk : {
  "took" : 70,
  "errors" :  ...
77: 415001 adresses traitées
adresse : bulk pour les ids de 14755844 à 14756843
bulk : {
  "took" : 86,
  "errors" :  ...
77: 416001 adresses traitées
adresse : bulk pour les ids de 14756844 à 14757843
bulk : {
  "took" : 70,
  "errors" :  ...
77: 417001 adresses traitées
adresse : bulk pour les ids de 14757844 à 14758843
bulk : {
  "took" : 87,
  "errors" :  ...
77: 418001 adresses traitées
adresse : bulk pour les ids de 14758844 à 14759843
bulk : {
  "took" : 91,
  "errors" :  ...
77: 419001 adresses traitées
adresse : bulk pour les ids de 14759844 à 14760843
bulk : {
  "took" : 70,
  "errors" :  ...
77: 420001 adresses traitées
adresse : bulk pour les ids de 14760844 à 14761745
bulk : {
  "took" : 80,
  "errors" :  ...
dpt 78 : voies
78: 1 voies traitées
voie : bulk pour les ids de 1068002 à 1068201
bulk : {
  "took" : 13,
  "errors" :  ...
78: 201 voies traitées
voie : bulk pour les ids de 1068202 à 1068401
bulk : {
  "took" : 12,
  "errors" :  ...
78: 401 voies traitées
voie : bulk pour les ids de 1068402 à 1068601
bulk : {
  "took" : 13,
  "errors" :  ...
78: 601 voies traitées
voie : bulk pour les ids de 1068602 à 1068801
bulk : {
  "took" : 12,
  "errors" :  ...
78: 801 voies traitées
voie : bulk pour les ids de 1068802 à 1069001
bulk : {
  "took" : 12,
  "errors" :  ...
78: 1001 voies traitées
voie : bulk pour les ids de 1069002 à 1069201
bulk : {
  "took" : 12,
  "errors" :  ...
78: 1201 voies traitées
voie : bulk pour les ids de 1069202 à 1069401
bulk : {
  "took" : 12,
  "errors" :  ...
78: 1401 voies traitées
voie : bulk pour les ids de 1069402 à 1069601
bulk : {
  "took" : 12,
  "errors" :  ...
78: 1601 voies traitées
voie : bulk pour les ids de 1069602 à 1069801
bulk : {
  "took" : 12,
  "errors" :  ...
78: 1801 voies traitées
voie : bulk pour les ids de 1069802 à 1070001
bulk : {
  "took" : 25,
  "errors" :  ...
78: 2001 voies traitées
voie : bulk pour les ids de 1070002 à 1070201
bulk : {
  "took" : 11,
  "errors" :  ...
78: 2201 voies traitées
voie : bulk pour les ids de 1070202 à 1070401
bulk : {
  "took" : 11,
  "errors" :  ...
78: 2401 voies traitées
voie : bulk pour les ids de 1070402 à 1070601
bulk : {
  "took" : 11,
  "errors" :  ...
78: 2601 voies traitées
voie : bulk pour les ids de 1070602 à 1070801
bulk : {
  "took" : 11,
  "errors" :  ...
78: 2801 voies traitées
voie : bulk pour les ids de 1070802 à 1071001
bulk : {
  "took" : 11,
  "errors" :  ...
78: 3001 voies traitées
voie : bulk pour les ids de 1071002 à 1071201
bulk : {
  "took" : 12,
  "errors" :  ...
78: 3201 voies traitées
voie : bulk pour les ids de 1071202 à 1071401
bulk : {
  "took" : 11,
  "errors" :  ...
78: 3401 voies traitées
voie : bulk pour les ids de 1071402 à 1071601
bulk : {
  "took" : 12,
  "errors" :  ...
78: 3601 voies traitées
voie : bulk pour les ids de 1071602 à 1071801
bulk : {
  "took" : 29,
  "errors" :  ...
78: 3801 voies traitées
voie : bulk pour les ids de 1071802 à 1072001
bulk : {
  "took" : 28,
  "errors" :  ...
78: 4001 voies traitées
voie : bulk pour les ids de 1072002 à 1072201
bulk : {
  "took" : 11,
  "errors" :  ...
78: 4201 voies traitées
voie : bulk pour les ids de 1072202 à 1072401
bulk : {
  "took" : 12,
  "errors" :  ...
78: 4401 voies traitées
voie : bulk pour les ids de 1072402 à 1072601
bulk : {
  "took" : 12,
  "errors" :  ...
78: 4601 voies traitées
voie : bulk pour les ids de 1072602 à 1072801
bulk : {
  "took" : 12,
  "errors" :  ...
78: 4801 voies traitées
voie : bulk pour les ids de 1072802 à 1073001
bulk : {
  "took" : 12,
  "errors" :  ...
78: 5001 voies traitées
voie : bulk pour les ids de 1073002 à 1073201
bulk : {
  "took" : 11,
  "errors" :  ...
78: 5201 voies traitées
voie : bulk pour les ids de 1073202 à 1073401
bulk : {
  "took" : 10,
  "errors" :  ...
78: 5401 voies traitées
voie : bulk pour les ids de 1073402 à 1073601
bulk : {
  "took" : 10,
  "errors" :  ...
78: 5601 voies traitées
voie : bulk pour les ids de 1073602 à 1073801
bulk : {
  "took" : 12,
  "errors" :  ...
78: 5801 voies traitées
voie : bulk pour les ids de 1073802 à 1074001
bulk : {
  "took" : 29,
  "errors" :  ...
78: 6001 voies traitées
voie : bulk pour les ids de 1074002 à 1074201
bulk : {
  "took" : 11,
  "errors" :  ...
78: 6201 voies traitées
voie : bulk pour les ids de 1074202 à 1074401
bulk : {
  "took" : 12,
  "errors" :  ...
78: 6401 voies traitées
voie : bulk pour les ids de 1074402 à 1074601
bulk : {
  "took" : 12,
  "errors" :  ...
78: 6601 voies traitées
voie : bulk pour les ids de 1074602 à 1074801
bulk : {
  "took" : 11,
  "errors" :  ...
78: 6801 voies traitées
voie : bulk pour les ids de 1074802 à 1075001
bulk : {
  "took" : 11,
  "errors" :  ...
78: 7001 voies traitées
voie : bulk pour les ids de 1075002 à 1075201
bulk : {
  "took" : 11,
  "errors" :  ...
78: 7201 voies traitées
voie : bulk pour les ids de 1075202 à 1075401
bulk : {
  "took" : 11,
  "errors" :  ...
78: 7401 voies traitées
voie : bulk pour les ids de 1075402 à 1075601
bulk : {
  "took" : 30,
  "errors" :  ...
78: 7601 voies traitées
voie : bulk pour les ids de 1075602 à 1075801
bulk : {
  "took" : 11,
  "errors" :  ...
78: 7801 voies traitées
voie : bulk pour les ids de 1075802 à 1076001
bulk : {
  "took" : 29,
  "errors" :  ...
78: 8001 voies traitées
voie : bulk pour les ids de 1076002 à 1076201
bulk : {
  "took" : 10,
  "errors" :  ...
78: 8201 voies traitées
voie : bulk pour les ids de 1076202 à 1076401
bulk : {
  "took" : 10,
  "errors" :  ...
78: 8401 voies traitées
voie : bulk pour les ids de 1076402 à 1076601
bulk : {
  "took" : 12,
  "errors" :  ...
78: 8601 voies traitées
voie : bulk pour les ids de 1076602 à 1076801
bulk : {
  "took" : 11,
  "errors" :  ...
78: 8801 voies traitées
voie : bulk pour les ids de 1076802 à 1077001
bulk : {
  "took" : 12,
  "errors" :  ...
78: 9001 voies traitées
voie : bulk pour les ids de 1077002 à 1077201
bulk : {
  "took" : 12,
  "errors" :  ...
78: 9201 voies traitées
voie : bulk pour les ids de 1077202 à 1077401
bulk : {
  "took" : 11,
  "errors" :  ...
78: 9401 voies traitées
voie : bulk pour les ids de 1077402 à 1077601
bulk : {
  "took" : 12,
  "errors" :  ...
78: 9601 voies traitées
voie : bulk pour les ids de 1077602 à 1077801
bulk : {
  "took" : 11,
  "errors" :  ...
78: 9801 voies traitées
voie : bulk pour les ids de 1077802 à 1078001
bulk : {
  "took" : 21,
  "errors" :  ...
78: 10001 voies traitées
voie : bulk pour les ids de 1078002 à 1078201
bulk : {
  "took" : 12,
  "errors" :  ...
78: 10201 voies traitées
voie : bulk pour les ids de 1078202 à 1078401
bulk : {
  "took" : 12,
  "errors" :  ...
78: 10401 voies traitées
voie : bulk pour les ids de 1078402 à 1078601
bulk : {
  "took" : 12,
  "errors" :  ...
78: 10601 voies traitées
voie : bulk pour les ids de 1078602 à 1078801
bulk : {
  "took" : 12,
  "errors" :  ...
78: 10801 voies traitées
voie : bulk pour les ids de 1078802 à 1079001
bulk : {
  "took" : 12,
  "errors" :  ...
78: 11001 voies traitées
voie : bulk pour les ids de 1079002 à 1079201
bulk : {
  "took" : 12,
  "errors" :  ...
78: 11201 voies traitées
voie : bulk pour les ids de 1079202 à 1079401
bulk : {
  "took" : 40,
  "errors" :  ...
78: 11401 voies traitées
voie : bulk pour les ids de 1079402 à 1079601
bulk : {
  "took" : 15,
  "errors" :  ...
78: 11601 voies traitées
voie : bulk pour les ids de 1079602 à 1079801
bulk : {
  "took" : 11,
  "errors" :  ...
78: 11801 voies traitées
voie : bulk pour les ids de 1079802 à 1080001
bulk : {
  "took" : 11,
  "errors" :  ...
78: 12001 voies traitées
voie : bulk pour les ids de 1080002 à 1080201
bulk : {
  "took" : 12,
  "errors" :  ...
78: 12201 voies traitées
voie : bulk pour les ids de 1080202 à 1080401
bulk : {
  "took" : 12,
  "errors" :  ...
78: 12401 voies traitées
voie : bulk pour les ids de 1080402 à 1080601
bulk : {
  "took" : 11,
  "errors" :  ...
78: 12601 voies traitées
voie : bulk pour les ids de 1080602 à 1080801
bulk : {
  "took" : 11,
  "errors" :  ...
78: 12801 voies traitées
voie : bulk pour les ids de 1080802 à 1081001
bulk : {
  "took" : 11,
  "errors" :  ...
78: 13001 voies traitées
voie : bulk pour les ids de 1081002 à 1081201
bulk : {
  "took" : 26,
  "errors" :  ...
78: 13201 voies traitées
voie : bulk pour les ids de 1081202 à 1081401
bulk : {
  "took" : 11,
  "errors" :  ...
78: 13401 voies traitées
voie : bulk pour les ids de 1081402 à 1081601
bulk : {
  "took" : 11,
  "errors" :  ...
78: 13601 voies traitées
voie : bulk pour les ids de 1081602 à 1081801
bulk : {
  "took" : 11,
  "errors" :  ...
78: 13801 voies traitées
voie : bulk pour les ids de 1081802 à 1082001
bulk : {
  "took" : 13,
  "errors" :  ...
78: 14001 voies traitées
voie : bulk pour les ids de 1082002 à 1082201
bulk : {
  "took" : 12,
  "errors" :  ...
78: 14201 voies traitées
voie : bulk pour les ids de 1082202 à 1082401
bulk : {
  "took" : 11,
  "errors" :  ...
78: 14401 voies traitées
voie : bulk pour les ids de 1082402 à 1082601
bulk : {
  "took" : 11,
  "errors" :  ...
78: 14601 voies traitées
voie : bulk pour les ids de 1082602 à 1082801
bulk : {
  "took" : 13,
  "errors" :  ...
78: 14801 voies traitées
voie : bulk pour les ids de 1082802 à 1083001
bulk : {
  "took" : 11,
  "errors" :  ...
78: 15001 voies traitées
voie : bulk pour les ids de 1083002 à 1083201
bulk : {
  "took" : 37,
  "errors" :  ...
78: 15201 voies traitées
voie : bulk pour les ids de 1083202 à 1083401
bulk : {
  "took" : 15,
  "errors" :  ...
78: 15401 voies traitées
voie : bulk pour les ids de 1083402 à 1083601
bulk : {
  "took" : 11,
  "errors" :  ...
78: 15601 voies traitées
voie : bulk pour les ids de 1083602 à 1083801
bulk : {
  "took" : 11,
  "errors" :  ...
78: 15801 voies traitées
voie : bulk pour les ids de 1083802 à 1084001
bulk : {
  "took" : 11,
  "errors" :  ...
78: 16001 voies traitées
voie : bulk pour les ids de 1084002 à 1084201
bulk : {
  "took" : 11,
  "errors" :  ...
78: 16201 voies traitées
voie : bulk pour les ids de 1084202 à 1084401
bulk : {
  "took" : 12,
  "errors" :  ...
78: 16401 voies traitées
voie : bulk pour les ids de 1084402 à 1084601
bulk : {
  "took" : 12,
  "errors" :  ...
78: 16601 voies traitées
voie : bulk pour les ids de 1084602 à 1084801
bulk : {
  "took" : 13,
  "errors" :  ...
78: 16801 voies traitées
voie : bulk pour les ids de 1084802 à 1085001
bulk : {
  "took" : 12,
  "errors" :  ...
78: 17001 voies traitées
voie : bulk pour les ids de 1085002 à 1085201
bulk : {
  "took" : 28,
  "errors" :  ...
78: 17201 voies traitées
voie : bulk pour les ids de 1085202 à 1085401
bulk : {
  "took" : 11,
  "errors" :  ...
78: 17401 voies traitées
voie : bulk pour les ids de 1085402 à 1085601
bulk : {
  "took" : 12,
  "errors" :  ...
78: 17601 voies traitées
voie : bulk pour les ids de 1085602 à 1085801
bulk : {
  "took" : 11,
  "errors" :  ...
78: 17801 voies traitées
voie : bulk pour les ids de 1085802 à 1086001
bulk : {
  "took" : 10,
  "errors" :  ...
78: 18001 voies traitées
voie : bulk pour les ids de 1086002 à 1086201
bulk : {
  "took" : 11,
  "errors" :  ...
78: 18201 voies traitées
voie : bulk pour les ids de 1086202 à 1086401
bulk : {
  "took" : 12,
  "errors" :  ...
78: 18401 voies traitées
voie : bulk pour les ids de 1086402 à 1086601
bulk : {
  "took" : 11,
  "errors" :  ...
78: 18601 voies traitées
voie : bulk pour les ids de 1086602 à 1086801
bulk : {
  "took" : 20,
  "errors" :  ...
78: 18801 voies traitées
voie : bulk pour les ids de 1086802 à 1087001
bulk : {
  "took" : 29,
  "errors" :  ...
78: 19001 voies traitées
voie : bulk pour les ids de 1087002 à 1087201
bulk : {
  "took" : 11,
  "errors" :  ...
78: 19201 voies traitées
voie : bulk pour les ids de 1087202 à 1087401
bulk : {
  "took" : 11,
  "errors" :  ...
78: 19401 voies traitées
voie : bulk pour les ids de 1087402 à 1087601
bulk : {
  "took" : 11,
  "errors" :  ...
78: 19601 voies traitées
voie : bulk pour les ids de 1087602 à 1087801
bulk : {
  "took" : 11,
  "errors" :  ...
78: 19801 voies traitées
voie : bulk pour les ids de 1087802 à 1088001
bulk : {
  "took" : 11,
  "errors" :  ...
78: 20001 voies traitées
voie : bulk pour les ids de 1088002 à 1088201
bulk : {
  "took" : 11,
  "errors" :  ...
78: 20201 voies traitées
voie : bulk pour les ids de 1088202 à 1088401
bulk : {
  "took" : 11,
  "errors" :  ...
78: 20401 voies traitées
voie : bulk pour les ids de 1088402 à 1088601
bulk : {
  "took" : 23,
  "errors" :  ...
78: 20601 voies traitées
voie : bulk pour les ids de 1088602 à 1088801
bulk : {
  "took" : 11,
  "errors" :  ...
78: 20801 voies traitées
voie : bulk pour les ids de 1088802 à 1089001
bulk : {
  "took" : 11,
  "errors" :  ...
78: 21001 voies traitées
voie : bulk pour les ids de 1089002 à 1089130
bulk : {
  "took" : 7,
  "errors" : f ...
dpt 78 : adresses
78: 1 adresses traitées
78: 1001 adresses traitées
adresse : bulk pour les ids de 14761746 à 14762745
bulk : {
  "took" : 91,
  "errors" :  ...
78: 2001 adresses traitées
adresse : bulk pour les ids de 14762746 à 14763745
bulk : {
  "took" : 86,
  "errors" :  ...
78: 3001 adresses traitées
adresse : bulk pour les ids de 14763746 à 14764745
bulk : {
  "took" : 69,
  "errors" :  ...
78: 4001 adresses traitées
adresse : bulk pour les ids de 14764746 à 14765745
bulk : {
  "took" : 98,
  "errors" :  ...
78: 5001 adresses traitées
adresse : bulk pour les ids de 14765746 à 14766745
bulk : {
  "took" : 87,
  "errors" :  ...
78: 6001 adresses traitées
adresse : bulk pour les ids de 14766746 à 14767745
bulk : {
  "took" : 85,
  "errors" :  ...
78: 7001 adresses traitées
adresse : bulk pour les ids de 14767746 à 14768745
bulk : {
  "took" : 89,
  "errors" :  ...
78: 8001 adresses traitées
adresse : bulk pour les ids de 14768746 à 14769745
bulk : {
  "took" : 88,
  "errors" :  ...
78: 9001 adresses traitées
adresse : bulk pour les ids de 14769746 à 14770745
bulk : {
  "took" : 98,
  "errors" :  ...
78: 10001 adresses traitées
adresse : bulk pour les ids de 14770746 à 14771745
bulk : {
  "took" : 103,
  "errors" : ...
78: 11001 adresses traitées
adresse : bulk pour les ids de 14771746 à 14772745
bulk : {
  "took" : 70,
  "errors" :  ...
78: 12001 adresses traitées
adresse : bulk pour les ids de 14772746 à 14773745
bulk : {
  "took" : 115,
  "errors" : ...
78: 13001 adresses traitées
adresse : bulk pour les ids de 14773746 à 14774745
bulk : {
  "took" : 108,
  "errors" : ...
78: 14001 adresses traitées
adresse : bulk pour les ids de 14774746 à 14775745
bulk : {
  "took" : 87,
  "errors" :  ...
78: 15001 adresses traitées
adresse : bulk pour les ids de 14775746 à 14776745
bulk : {
  "took" : 72,
  "errors" :  ...
78: 16001 adresses traitées
adresse : bulk pour les ids de 14776746 à 14777745
bulk : {
  "took" : 104,
  "errors" : ...
78: 17001 adresses traitées
adresse : bulk pour les ids de 14777746 à 14778745
bulk : {
  "took" : 69,
  "errors" :  ...
78: 18001 adresses traitées
adresse : bulk pour les ids de 14778746 à 14779745
bulk : {
  "took" : 99,
  "errors" :  ...
78: 19001 adresses traitées
adresse : bulk pour les ids de 14779746 à 14780745
bulk : {
  "took" : 68,
  "errors" :  ...
78: 20001 adresses traitées
78: 21001 adresses traitées
adresse : bulk pour les ids de 14780746 à 14781745
bulk : {
  "took" : 103,
  "errors" : ...
78: 22001 adresses traitées
adresse : bulk pour les ids de 14781746 à 14782745
bulk : {
  "took" : 81,
  "errors" :  ...
78: 23001 adresses traitées
adresse : bulk pour les ids de 14782746 à 14783745
bulk : {
  "took" : 86,
  "errors" :  ...
78: 24001 adresses traitées
adresse : bulk pour les ids de 14783746 à 14784745
bulk : {
  "took" : 72,
  "errors" :  ...
78: 25001 adresses traitées
adresse : bulk pour les ids de 14784746 à 14785745
bulk : {
  "took" : 103,
  "errors" : ...
78: 26001 adresses traitées
adresse : bulk pour les ids de 14785746 à 14786745
bulk : {
  "took" : 72,
  "errors" :  ...
78: 27001 adresses traitées
adresse : bulk pour les ids de 14786746 à 14787745
bulk : {
  "took" : 98,
  "errors" :  ...
78: 28001 adresses traitées
adresse : bulk pour les ids de 14787746 à 14788745
bulk : {
  "took" : 84,
  "errors" :  ...
78: 29001 adresses traitées
adresse : bulk pour les ids de 14788746 à 14789745
bulk : {
  "took" : 100,
  "errors" : ...
78: 30001 adresses traitées
adresse : bulk pour les ids de 14789746 à 14790745
bulk : {
  "took" : 69,
  "errors" :  ...
78: 31001 adresses traitées
adresse : bulk pour les ids de 14790746 à 14791745
bulk : {
  "took" : 102,
  "errors" : ...
78: 32001 adresses traitées
adresse : bulk pour les ids de 14791746 à 14792745
bulk : {
  "took" : 71,
  "errors" :  ...
78: 33001 adresses traitées
adresse : bulk pour les ids de 14792746 à 14793745
bulk : {
  "took" : 98,
  "errors" :  ...
78: 34001 adresses traitées
adresse : bulk pour les ids de 14793746 à 14794745
bulk : {
  "took" : 85,
  "errors" :  ...
78: 35001 adresses traitées
adresse : bulk pour les ids de 14794746 à 14795745
bulk : {
  "took" : 87,
  "errors" :  ...
78: 36001 adresses traitées
adresse : bulk pour les ids de 14795746 à 14796745
bulk : {
  "took" : 92,
  "errors" :  ...
78: 37001 adresses traitées
adresse : bulk pour les ids de 14796746 à 14797745
bulk : {
  "took" : 86,
  "errors" :  ...
78: 38001 adresses traitées
adresse : bulk pour les ids de 14797746 à 14798745
bulk : {
  "took" : 90,
  "errors" :  ...
78: 39001 adresses traitées
adresse : bulk pour les ids de 14798746 à 14799745
bulk : {
  "took" : 86,
  "errors" :  ...
78: 40001 adresses traitées
adresse : bulk pour les ids de 14799746 à 14800745
bulk : {
  "took" : 86,
  "errors" :  ...
78: 41001 adresses traitées
adresse : bulk pour les ids de 14800746 à 14801745
bulk : {
  "took" : 106,
  "errors" : ...
78: 42001 adresses traitées
adresse : bulk pour les ids de 14801746 à 14802745
bulk : {
  "took" : 78,
  "errors" :  ...
78: 43001 adresses traitées
adresse : bulk pour les ids de 14802746 à 14803745
bulk : {
  "took" : 86,
  "errors" :  ...
78: 44001 adresses traitées
adresse : bulk pour les ids de 14803746 à 14804745
bulk : {
  "took" : 69,
  "errors" :  ...
78: 45001 adresses traitées
adresse : bulk pour les ids de 14804746 à 14805745
bulk : {
  "took" : 101,
  "errors" : ...
78: 46001 adresses traitées
adresse : bulk pour les ids de 14805746 à 14806745
bulk : {
  "took" : 81,
  "errors" :  ...
78: 47001 adresses traitées
adresse : bulk pour les ids de 14806746 à 14807745
bulk : {
  "took" : 84,
  "errors" :  ...
78: 48001 adresses traitées
adresse : bulk pour les ids de 14807746 à 14808745
bulk : {
  "took" : 87,
  "errors" :  ...
78: 49001 adresses traitées
adresse : bulk pour les ids de 14808746 à 14809745
bulk : {
  "took" : 98,
  "errors" :  ...
78: 50001 adresses traitées
adresse : bulk pour les ids de 14809746 à 14810745
bulk : {
  "took" : 86,
  "errors" :  ...
78: 51001 adresses traitées
adresse : bulk pour les ids de 14810746 à 14811745
bulk : {
  "took" : 86,
  "errors" :  ...
78: 52001 adresses traitées
adresse : bulk pour les ids de 14811746 à 14812745
bulk : {
  "took" : 85,
  "errors" :  ...
78: 53001 adresses traitées
adresse : bulk pour les ids de 14812746 à 14813745
bulk : {
  "took" : 86,
  "errors" :  ...
78: 54001 adresses traitées
78: 55001 adresses traitées
adresse : bulk pour les ids de 14813746 à 14814745
bulk : {
  "took" : 95,
  "errors" :  ...
78: 56001 adresses traitées
adresse : bulk pour les ids de 14814746 à 14815745
bulk : {
  "took" : 93,
  "errors" :  ...
78: 57001 adresses traitées
adresse : bulk pour les ids de 14815746 à 14816745
bulk : {
  "took" : 93,
  "errors" :  ...
78: 58001 adresses traitées
adresse : bulk pour les ids de 14816746 à 14817745
bulk : {
  "took" : 86,
  "errors" :  ...
78: 59001 adresses traitées
adresse : bulk pour les ids de 14817746 à 14818745
bulk : {
  "took" : 72,
  "errors" :  ...
78: 60001 adresses traitées
adresse : bulk pour les ids de 14818746 à 14819745
bulk : {
  "took" : 105,
  "errors" : ...
78: 61001 adresses traitées
adresse : bulk pour les ids de 14819746 à 14820745
bulk : {
  "took" : 69,
  "errors" :  ...
78: 62001 adresses traitées
adresse : bulk pour les ids de 14820746 à 14821745
bulk : {
  "took" : 101,
  "errors" : ...
78: 63001 adresses traitées
adresse : bulk pour les ids de 14821746 à 14822745
bulk : {
  "took" : 81,
  "errors" :  ...
78: 64001 adresses traitées
adresse : bulk pour les ids de 14822746 à 14823745
bulk : {
  "took" : 91,
  "errors" :  ...
78: 65001 adresses traitées
adresse : bulk pour les ids de 14823746 à 14824745
bulk : {
  "took" : 70,
  "errors" :  ...
78: 66001 adresses traitées
adresse : bulk pour les ids de 14824746 à 14825745
bulk : {
  "took" : 86,
  "errors" :  ...
78: 67001 adresses traitées
adresse : bulk pour les ids de 14825746 à 14826745
bulk : {
  "took" : 85,
  "errors" :  ...
78: 68001 adresses traitées
adresse : bulk pour les ids de 14826746 à 14827745
bulk : {
  "took" : 99,
  "errors" :  ...
78: 69001 adresses traitées
adresse : bulk pour les ids de 14827746 à 14828745
bulk : {
  "took" : 68,
  "errors" :  ...
78: 70001 adresses traitées
adresse : bulk pour les ids de 14828746 à 14829745
bulk : {
  "took" : 97,
  "errors" :  ...
78: 71001 adresses traitées
adresse : bulk pour les ids de 14829746 à 14830745
bulk : {
  "took" : 68,
  "errors" :  ...
78: 72001 adresses traitées
adresse : bulk pour les ids de 14830746 à 14831745
bulk : {
  "took" : 83,
  "errors" :  ...
78: 73001 adresses traitées
adresse : bulk pour les ids de 14831746 à 14832745
bulk : {
  "took" : 88,
  "errors" :  ...
78: 74001 adresses traitées
adresse : bulk pour les ids de 14832746 à 14833745
bulk : {
  "took" : 84,
  "errors" :  ...
78: 75001 adresses traitées
adresse : bulk pour les ids de 14833746 à 14834745
bulk : {
  "took" : 84,
  "errors" :  ...
78: 76001 adresses traitées
adresse : bulk pour les ids de 14834746 à 14835745
bulk : {
  "took" : 84,
  "errors" :  ...
78: 77001 adresses traitées
adresse : bulk pour les ids de 14835746 à 14836745
bulk : {
  "took" : 68,
  "errors" :  ...
78: 78001 adresses traitées
adresse : bulk pour les ids de 14836746 à 14837745
bulk : {
  "took" : 97,
  "errors" :  ...
78: 79001 adresses traitées
adresse : bulk pour les ids de 14837746 à 14838745
bulk : {
  "took" : 69,
  "errors" :  ...
78: 80001 adresses traitées
adresse : bulk pour les ids de 14838746 à 14839745
bulk : {
  "took" : 99,
  "errors" :  ...
78: 81001 adresses traitées
adresse : bulk pour les ids de 14839746 à 14840745
bulk : {
  "took" : 84,
  "errors" :  ...
78: 82001 adresses traitées
adresse : bulk pour les ids de 14840746 à 14841745
bulk : {
  "took" : 86,
  "errors" :  ...
78: 83001 adresses traitées
adresse : bulk pour les ids de 14841746 à 14842745
bulk : {
  "took" : 100,
  "errors" : ...
78: 84001 adresses traitées
adresse : bulk pour les ids de 14842746 à 14843745
bulk : {
  "took" : 100,
  "errors" : ...
78: 85001 adresses traitées
adresse : bulk pour les ids de 14843746 à 14844745
bulk : {
  "took" : 70,
  "errors" :  ...
78: 86001 adresses traitées
adresse : bulk pour les ids de 14844746 à 14845745
bulk : {
  "took" : 102,
  "errors" : ...
78: 87001 adresses traitées
adresse : bulk pour les ids de 14845746 à 14846745
bulk : {
  "took" : 69,
  "errors" :  ...
78: 88001 adresses traitées
78: 89001 adresses traitées
adresse : bulk pour les ids de 14846746 à 14847745
bulk : {
  "took" : 83,
  "errors" :  ...
78: 90001 adresses traitées
adresse : bulk pour les ids de 14847746 à 14848745
bulk : {
  "took" : 83,
  "errors" :  ...
78: 91001 adresses traitées
adresse : bulk pour les ids de 14848746 à 14849745
bulk : {
  "took" : 85,
  "errors" :  ...
78: 92001 adresses traitées
adresse : bulk pour les ids de 14849746 à 14850745
bulk : {
  "took" : 97,
  "errors" :  ...
78: 93001 adresses traitées
adresse : bulk pour les ids de 14850746 à 14851745
bulk : {
  "took" : 70,
  "errors" :  ...
78: 94001 adresses traitées
adresse : bulk pour les ids de 14851746 à 14852745
bulk : {
  "took" : 95,
  "errors" :  ...
78: 95001 adresses traitées
adresse : bulk pour les ids de 14852746 à 14853745
bulk : {
  "took" : 93,
  "errors" :  ...
78: 96001 adresses traitées
adresse : bulk pour les ids de 14853746 à 14854745
bulk : {
  "took" : 78,
  "errors" :  ...
78: 97001 adresses traitées
adresse : bulk pour les ids de 14854746 à 14855745
bulk : {
  "took" : 84,
  "errors" :  ...
78: 98001 adresses traitées
adresse : bulk pour les ids de 14855746 à 14856745
bulk : {
  "took" : 99,
  "errors" :  ...
78: 99001 adresses traitées
adresse : bulk pour les ids de 14856746 à 14857745
bulk : {
  "took" : 70,
  "errors" :  ...
78: 100001 adresses traitées
adresse : bulk pour les ids de 14857746 à 14858745
bulk : {
  "took" : 105,
  "errors" : ...
78: 101001 adresses traitées
adresse : bulk pour les ids de 14858746 à 14859745
bulk : {
  "took" : 85,
  "errors" :  ...
78: 102001 adresses traitées
adresse : bulk pour les ids de 14859746 à 14860745
bulk : {
  "took" : 86,
  "errors" :  ...
78: 103001 adresses traitées
adresse : bulk pour les ids de 14860746 à 14861745
bulk : {
  "took" : 83,
  "errors" :  ...
78: 104001 adresses traitées
adresse : bulk pour les ids de 14861746 à 14862745
bulk : {
  "took" : 85,
  "errors" :  ...
78: 105001 adresses traitées
adresse : bulk pour les ids de 14862746 à 14863745
bulk : {
  "took" : 70,
  "errors" :  ...
78: 106001 adresses traitées
adresse : bulk pour les ids de 14863746 à 14864745
bulk : {
  "took" : 100,
  "errors" : ...
78: 107001 adresses traitées
adresse : bulk pour les ids de 14864746 à 14865745
bulk : {
  "took" : 68,
  "errors" :  ...
78: 108001 adresses traitées
adresse : bulk pour les ids de 14865746 à 14866745
bulk : {
  "took" : 100,
  "errors" : ...
78: 109001 adresses traitées
adresse : bulk pour les ids de 14866746 à 14867745
bulk : {
  "took" : 69,
  "errors" :  ...
78: 110001 adresses traitées
adresse : bulk pour les ids de 14867746 à 14868745
bulk : {
  "took" : 87,
  "errors" :  ...
78: 111001 adresses traitées
adresse : bulk pour les ids de 14868746 à 14869745
bulk : {
  "took" : 80,
  "errors" :  ...
78: 112001 adresses traitées
adresse : bulk pour les ids de 14869746 à 14870745
bulk : {
  "took" : 86,
  "errors" :  ...
78: 113001 adresses traitées
adresse : bulk pour les ids de 14870746 à 14871745
bulk : {
  "took" : 86,
  "errors" :  ...
78: 114001 adresses traitées
adresse : bulk pour les ids de 14871746 à 14872745
bulk : {
  "took" : 98,
  "errors" :  ...
78: 115001 adresses traitées
adresse : bulk pour les ids de 14872746 à 14873745
bulk : {
  "took" : 70,
  "errors" :  ...
78: 116001 adresses traitées
adresse : bulk pour les ids de 14873746 à 14874745
bulk : {
  "took" : 109,
  "errors" : ...
78: 117001 adresses traitées
adresse : bulk pour les ids de 14874746 à 14875745
bulk : {
  "took" : 89,
  "errors" :  ...
78: 118001 adresses traitées
adresse : bulk pour les ids de 14875746 à 14876745
bulk : {
  "took" : 86,
  "errors" :  ...
78: 119001 adresses traitées
adresse : bulk pour les ids de 14876746 à 14877745
bulk : {
  "took" : 80,
  "errors" :  ...
78: 120001 adresses traitées
adresse : bulk pour les ids de 14877746 à 14878745
bulk : {
  "took" : 97,
  "errors" :  ...
78: 121001 adresses traitées
adresse : bulk pour les ids de 14878746 à 14879745
bulk : {
  "took" : 69,
  "errors" :  ...
78: 122001 adresses traitées
adresse : bulk pour les ids de 14879746 à 14880745
bulk : {
  "took" : 97,
  "errors" :  ...
78: 123001 adresses traitées
adresse : bulk pour les ids de 14880746 à 14881745
bulk : {
  "took" : 68,
  "errors" :  ...
78: 124001 adresses traitées
adresse : bulk pour les ids de 14881746 à 14882745
bulk : {
  "took" : 98,
  "errors" :  ...
78: 125001 adresses traitées
adresse : bulk pour les ids de 14882746 à 14883745
bulk : {
  "took" : 82,
  "errors" :  ...
78: 126001 adresses traitées
adresse : bulk pour les ids de 14883746 à 14884745
bulk : {
  "took" : 89,
  "errors" :  ...
78: 127001 adresses traitées
adresse : bulk pour les ids de 14884746 à 14885745
bulk : {
  "took" : 84,
  "errors" :  ...
78: 128001 adresses traitées
adresse : bulk pour les ids de 14885746 à 14886745
bulk : {
  "took" : 84,
  "errors" :  ...
78: 129001 adresses traitées
adresse : bulk pour les ids de 14886746 à 14887745
bulk : {
  "took" : 88,
  "errors" :  ...
78: 130001 adresses traitées
adresse : bulk pour les ids de 14887746 à 14888745
bulk : {
  "took" : 83,
  "errors" :  ...
78: 131001 adresses traitées
adresse : bulk pour les ids de 14888746 à 14889745
bulk : {
  "took" : 69,
  "errors" :  ...
78: 132001 adresses traitées
adresse : bulk pour les ids de 14889746 à 14890745
bulk : {
  "took" : 99,
  "errors" :  ...
78: 133001 adresses traitées
adresse : bulk pour les ids de 14890746 à 14891745
bulk : {
  "took" : 68,
  "errors" :  ...
78: 134001 adresses traitées
adresse : bulk pour les ids de 14891746 à 14892745
bulk : {
  "took" : 105,
  "errors" : ...
78: 135001 adresses traitées
adresse : bulk pour les ids de 14892746 à 14893745
bulk : {
  "took" : 85,
  "errors" :  ...
78: 136001 adresses traitées
adresse : bulk pour les ids de 14893746 à 14894745
bulk : {
  "took" : 86,
  "errors" :  ...
78: 137001 adresses traitées
adresse : bulk pour les ids de 14894746 à 14895745
bulk : {
  "took" : 69,
  "errors" :  ...
78: 138001 adresses traitées
adresse : bulk pour les ids de 14895746 à 14896745
bulk : {
  "took" : 98,
  "errors" :  ...
78: 139001 adresses traitées
adresse : bulk pour les ids de 14896746 à 14897745
bulk : {
  "took" : 70,
  "errors" :  ...
78: 140001 adresses traitées
adresse : bulk pour les ids de 14897746 à 14898745
bulk : {
  "took" : 98,
  "errors" :  ...
78: 141001 adresses traitées
adresse : bulk pour les ids de 14898746 à 14899745
bulk : {
  "took" : 70,
  "errors" :  ...
78: 142001 adresses traitées
adresse : bulk pour les ids de 14899746 à 14900745
bulk : {
  "took" : 107,
  "errors" : ...
78: 143001 adresses traitées
adresse : bulk pour les ids de 14900746 à 14901745
bulk : {
  "took" : 71,
  "errors" :  ...
78: 144001 adresses traitées
adresse : bulk pour les ids de 14901746 à 14902745
bulk : {
  "took" : 86,
  "errors" :  ...
78: 145001 adresses traitées
adresse : bulk pour les ids de 14902746 à 14903745
bulk : {
  "took" : 82,
  "errors" :  ...
78: 146001 adresses traitées
adresse : bulk pour les ids de 14903746 à 14904745
bulk : {
  "took" : 85,
  "errors" :  ...
78: 147001 adresses traitées
adresse : bulk pour les ids de 14904746 à 14905745
bulk : {
  "took" : 82,
  "errors" :  ...
78: 148001 adresses traitées
adresse : bulk pour les ids de 14905746 à 14906745
bulk : {
  "took" : 84,
  "errors" :  ...
78: 149001 adresses traitées
adresse : bulk pour les ids de 14906746 à 14907745
bulk : {
  "took" : 71,
  "errors" :  ...
78: 150001 adresses traitées
78: 151001 adresses traitées
adresse : bulk pour les ids de 14907746 à 14908745
bulk : {
  "took" : 99,
  "errors" :  ...
78: 152001 adresses traitées
adresse : bulk pour les ids de 14908746 à 14909745
bulk : {
  "took" : 70,
  "errors" :  ...
78: 153001 adresses traitées
adresse : bulk pour les ids de 14909746 à 14910745
bulk : {
  "took" : 102,
  "errors" : ...
78: 154001 adresses traitées
adresse : bulk pour les ids de 14910746 à 14911745
bulk : {
  "took" : 94,
  "errors" :  ...
78: 155001 adresses traitées
adresse : bulk pour les ids de 14911746 à 14912745
bulk : {
  "took" : 84,
  "errors" :  ...
78: 156001 adresses traitées
adresse : bulk pour les ids de 14912746 à 14913745
bulk : {
  "took" : 71,
  "errors" :  ...
78: 157001 adresses traitées
adresse : bulk pour les ids de 14913746 à 14914745
bulk : {
  "took" : 102,
  "errors" : ...
78: 158001 adresses traitées
adresse : bulk pour les ids de 14914746 à 14915745
bulk : {
  "took" : 71,
  "errors" :  ...
78: 159001 adresses traitées
adresse : bulk pour les ids de 14915746 à 14916745
bulk : {
  "took" : 98,
  "errors" :  ...
78: 160001 adresses traitées
adresse : bulk pour les ids de 14916746 à 14917745
bulk : {
  "took" : 84,
  "errors" :  ...
78: 161001 adresses traitées
adresse : bulk pour les ids de 14917746 à 14918745
bulk : {
  "took" : 86,
  "errors" :  ...
78: 162001 adresses traitées
adresse : bulk pour les ids de 14918746 à 14919745
bulk : {
  "took" : 84,
  "errors" :  ...
78: 163001 adresses traitées
adresse : bulk pour les ids de 14919746 à 14920745
bulk : {
  "took" : 85,
  "errors" :  ...
78: 164001 adresses traitées
adresse : bulk pour les ids de 14920746 à 14921745
bulk : {
  "took" : 88,
  "errors" :  ...
78: 165001 adresses traitées
adresse : bulk pour les ids de 14921746 à 14922745
bulk : {
  "took" : 86,
  "errors" :  ...
78: 166001 adresses traitées
adresse : bulk pour les ids de 14922746 à 14923745
bulk : {
  "took" : 87,
  "errors" :  ...
78: 167001 adresses traitées
adresse : bulk pour les ids de 14923746 à 14924745
bulk : {
  "took" : 101,
  "errors" : ...
78: 168001 adresses traitées
adresse : bulk pour les ids de 14924746 à 14925745
bulk : {
  "took" : 70,
  "errors" :  ...
78: 169001 adresses traitées
adresse : bulk pour les ids de 14925746 à 14926745
bulk : {
  "took" : 100,
  "errors" : ...
78: 170001 adresses traitées
adresse : bulk pour les ids de 14926746 à 14927745
bulk : {
  "took" : 88,
  "errors" :  ...
78: 171001 adresses traitées
adresse : bulk pour les ids de 14927746 à 14928745
bulk : {
  "took" : 87,
  "errors" :  ...
78: 172001 adresses traitées
adresse : bulk pour les ids de 14928746 à 14929745
bulk : {
  "took" : 88,
  "errors" :  ...
78: 173001 adresses traitées
adresse : bulk pour les ids de 14929746 à 14930745
bulk : {
  "took" : 99,
  "errors" :  ...
78: 174001 adresses traitées
adresse : bulk pour les ids de 14930746 à 14931745
bulk : {
  "took" : 87,
  "errors" :  ...
78: 175001 adresses traitées
adresse : bulk pour les ids de 14931746 à 14932745
bulk : {
  "took" : 92,
  "errors" :  ...
78: 176001 adresses traitées
adresse : bulk pour les ids de 14932746 à 14933745
bulk : {
  "took" : 99,
  "errors" :  ...
78: 177001 adresses traitées
adresse : bulk pour les ids de 14933746 à 14934745
bulk : {
  "took" : 68,
  "errors" :  ...
78: 178001 adresses traitées
adresse : bulk pour les ids de 14934746 à 14935745
bulk : {
  "took" : 103,
  "errors" : ...
78: 179001 adresses traitées
adresse : bulk pour les ids de 14935746 à 14936745
bulk : {
  "took" : 68,
  "errors" :  ...
78: 180001 adresses traitées
adresse : bulk pour les ids de 14936746 à 14937745
bulk : {
  "took" : 102,
  "errors" : ...
78: 181001 adresses traitées
adresse : bulk pour les ids de 14937746 à 14938745
bulk : {
  "took" : 83,
  "errors" :  ...
78: 182001 adresses traitées
adresse : bulk pour les ids de 14938746 à 14939745
bulk : {
  "took" : 84,
  "errors" :  ...
78: 183001 adresses traitées
adresse : bulk pour les ids de 14939746 à 14940745
bulk : {
  "took" : 86,
  "errors" :  ...
78: 184001 adresses traitées
adresse : bulk pour les ids de 14940746 à 14941745
bulk : {
  "took" : 85,
  "errors" :  ...
78: 185001 adresses traitées
adresse : bulk pour les ids de 14941746 à 14942745
bulk : {
  "took" : 84,
  "errors" :  ...
78: 186001 adresses traitées
adresse : bulk pour les ids de 14942746 à 14943745
bulk : {
  "took" : 103,
  "errors" : ...
78: 187001 adresses traitées
adresse : bulk pour les ids de 14943746 à 14944745
bulk : {
  "took" : 70,
  "errors" :  ...
78: 188001 adresses traitées
adresse : bulk pour les ids de 14944746 à 14945745
bulk : {
  "took" : 100,
  "errors" : ...
78: 189001 adresses traitées
adresse : bulk pour les ids de 14945746 à 14946745
bulk : {
  "took" : 85,
  "errors" :  ...
78: 190001 adresses traitées
adresse : bulk pour les ids de 14946746 à 14947745
bulk : {
  "took" : 86,
  "errors" :  ...
78: 191001 adresses traitées
78: 192001 adresses traitées
adresse : bulk pour les ids de 14947746 à 14948745
bulk : {
  "took" : 68,
  "errors" :  ...
78: 193001 adresses traitées
adresse : bulk pour les ids de 14948746 à 14949745
bulk : {
  "took" : 98,
  "errors" :  ...
78: 194001 adresses traitées
adresse : bulk pour les ids de 14949746 à 14950745
bulk : {
  "took" : 68,
  "errors" :  ...
78: 195001 adresses traitées
adresse : bulk pour les ids de 14950746 à 14951745
bulk : {
  "took" : 99,
  "errors" :  ...
78: 196001 adresses traitées
adresse : bulk pour les ids de 14951746 à 14952745
bulk : {
  "took" : 70,
  "errors" :  ...
78: 197001 adresses traitées
adresse : bulk pour les ids de 14952746 à 14953745
bulk : {
  "took" : 98,
  "errors" :  ...
78: 198001 adresses traitées
adresse : bulk pour les ids de 14953746 à 14954745
bulk : {
  "took" : 84,
  "errors" :  ...
78: 199001 adresses traitées
adresse : bulk pour les ids de 14954746 à 14955745
bulk : {
  "took" : 85,
  "errors" :  ...
78: 200001 adresses traitées
adresse : bulk pour les ids de 14955746 à 14956745
bulk : {
  "took" : 87,
  "errors" :  ...
78: 201001 adresses traitées
adresse : bulk pour les ids de 14956746 à 14957745
bulk : {
  "took" : 85,
  "errors" :  ...
78: 202001 adresses traitées
adresse : bulk pour les ids de 14957746 à 14958745
bulk : {
  "took" : 173,
  "errors" : ...
78: 203001 adresses traitées
adresse : bulk pour les ids de 14958746 à 14959745
bulk : {
  "took" : 84,
  "errors" :  ...
78: 204001 adresses traitées
adresse : bulk pour les ids de 14959746 à 14960745
bulk : {
  "took" : 70,
  "errors" :  ...
78: 205001 adresses traitées
adresse : bulk pour les ids de 14960746 à 14961745
bulk : {
  "took" : 103,
  "errors" : ...
78: 206001 adresses traitées
adresse : bulk pour les ids de 14961746 à 14962745
bulk : {
  "took" : 79,
  "errors" :  ...
78: 207001 adresses traitées
adresse : bulk pour les ids de 14962746 à 14963745
bulk : {
  "took" : 83,
  "errors" :  ...
78: 208001 adresses traitées
adresse : bulk pour les ids de 14963746 à 14964745
bulk : {
  "took" : 80,
  "errors" :  ...
78: 209001 adresses traitées
adresse : bulk pour les ids de 14964746 à 14965745
bulk : {
  "took" : 83,
  "errors" :  ...
78: 210001 adresses traitées
adresse : bulk pour les ids de 14965746 à 14966745
bulk : {
  "took" : 67,
  "errors" :  ...
78: 211001 adresses traitées
adresse : bulk pour les ids de 14966746 à 14967745
bulk : {
  "took" : 98,
  "errors" :  ...
78: 212001 adresses traitées
adresse : bulk pour les ids de 14967746 à 14968745
bulk : {
  "took" : 68,
  "errors" :  ...
78: 213001 adresses traitées
adresse : bulk pour les ids de 14968746 à 14969745
bulk : {
  "took" : 97,
  "errors" :  ...
78: 214001 adresses traitées
adresse : bulk pour les ids de 14969746 à 14970745
bulk : {
  "took" : 84,
  "errors" :  ...
78: 215001 adresses traitées
adresse : bulk pour les ids de 14970746 à 14971745
bulk : {
  "took" : 84,
  "errors" :  ...
78: 216001 adresses traitées
adresse : bulk pour les ids de 14971746 à 14972745
bulk : {
  "took" : 81,
  "errors" :  ...
78: 217001 adresses traitées
adresse : bulk pour les ids de 14972746 à 14973745
bulk : {
  "took" : 83,
  "errors" :  ...
78: 218001 adresses traitées
adresse : bulk pour les ids de 14973746 à 14974745
bulk : {
  "took" : 81,
  "errors" :  ...
78: 219001 adresses traitées
adresse : bulk pour les ids de 14974746 à 14975745
bulk : {
  "took" : 96,
  "errors" :  ...
78: 220001 adresses traitées
adresse : bulk pour les ids de 14975746 à 14976745
bulk : {
  "took" : 68,
  "errors" :  ...
78: 221001 adresses traitées
adresse : bulk pour les ids de 14976746 à 14977745
bulk : {
  "took" : 103,
  "errors" : ...
78: 222001 adresses traitées
adresse : bulk pour les ids de 14977746 à 14978745
bulk : {
  "took" : 67,
  "errors" :  ...
78: 223001 adresses traitées
adresse : bulk pour les ids de 14978746 à 14979745
bulk : {
  "took" : 96,
  "errors" :  ...
78: 224001 adresses traitées
adresse : bulk pour les ids de 14979746 à 14980745
bulk : {
  "took" : 82,
  "errors" :  ...
78: 225001 adresses traitées
adresse : bulk pour les ids de 14980746 à 14981745
bulk : {
  "took" : 90,
  "errors" :  ...
78: 226001 adresses traitées
adresse : bulk pour les ids de 14981746 à 14982745
bulk : {
  "took" : 67,
  "errors" :  ...
78: 227001 adresses traitées
adresse : bulk pour les ids de 14982746 à 14983745
bulk : {
  "took" : 97,
  "errors" :  ...
78: 228001 adresses traitées
adresse : bulk pour les ids de 14983746 à 14984745
bulk : {
  "took" : 66,
  "errors" :  ...
78: 229001 adresses traitées
adresse : bulk pour les ids de 14984746 à 14985745
bulk : {
  "took" : 96,
  "errors" :  ...
78: 230001 adresses traitées
adresse : bulk pour les ids de 14985746 à 14986745
bulk : {
  "took" : 85,
  "errors" :  ...
78: 231001 adresses traitées
adresse : bulk pour les ids de 14986746 à 14987745
bulk : {
  "took" : 83,
  "errors" :  ...
78: 232001 adresses traitées
adresse : bulk pour les ids de 14987746 à 14988745
bulk : {
  "took" : 88,
  "errors" :  ...
78: 233001 adresses traitées
adresse : bulk pour les ids de 14988746 à 14989745
bulk : {
  "took" : 103,
  "errors" : ...
78: 234001 adresses traitées
adresse : bulk pour les ids de 14989746 à 14990745
bulk : {
  "took" : 65,
  "errors" :  ...
78: 235001 adresses traitées
78: 236001 adresses traitées
adresse : bulk pour les ids de 14990746 à 14991745
bulk : {
  "took" : 102,
  "errors" : ...
78: 237001 adresses traitées
adresse : bulk pour les ids de 14991746 à 14992745
bulk : {
  "took" : 66,
  "errors" :  ...
78: 238001 adresses traitées
adresse : bulk pour les ids de 14992746 à 14993745
bulk : {
  "took" : 101,
  "errors" : ...
78: 239001 adresses traitées
adresse : bulk pour les ids de 14993746 à 14994745
bulk : {
  "took" : 67,
  "errors" :  ...
78: 240001 adresses traitées
adresse : bulk pour les ids de 14994746 à 14995745
bulk : {
  "took" : 96,
  "errors" :  ...
78: 241001 adresses traitées
adresse : bulk pour les ids de 14995746 à 14996745
bulk : {
  "took" : 86,
  "errors" :  ...
78: 242001 adresses traitées
adresse : bulk pour les ids de 14996746 à 14997745
bulk : {
  "took" : 81,
  "errors" :  ...
78: 243001 adresses traitées
adresse : bulk pour les ids de 14997746 à 14998745
bulk : {
  "took" : 67,
  "errors" :  ...
78: 244001 adresses traitées
adresse : bulk pour les ids de 14998746 à 14999745
bulk : {
  "took" : 105,
  "errors" : ...
78: 245001 adresses traitées
adresse : bulk pour les ids de 14999746 à 15000745
bulk : {
  "took" : 68,
  "errors" :  ...
78: 246001 adresses traitées
adresse : bulk pour les ids de 15000746 à 15001745
bulk : {
  "took" : 97,
  "errors" :  ...
78: 247001 adresses traitées
adresse : bulk pour les ids de 15001746 à 15002745
bulk : {
  "took" : 81,
  "errors" :  ...
78: 248001 adresses traitées
adresse : bulk pour les ids de 15002746 à 15003745
bulk : {
  "took" : 81,
  "errors" :  ...
78: 249001 adresses traitées
adresse : bulk pour les ids de 15003746 à 15004745
bulk : {
  "took" : 81,
  "errors" :  ...
78: 250001 adresses traitées
adresse : bulk pour les ids de 15004746 à 15005745
bulk : {
  "took" : 81,
  "errors" :  ...
78: 251001 adresses traitées
adresse : bulk pour les ids de 15005746 à 15006745
bulk : {
  "took" : 67,
  "errors" :  ...
78: 252001 adresses traitées
adresse : bulk pour les ids de 15006746 à 15007745
bulk : {
  "took" : 107,
  "errors" : ...
78: 253001 adresses traitées
adresse : bulk pour les ids de 15007746 à 15008745
bulk : {
  "took" : 65,
  "errors" :  ...
78: 254001 adresses traitées
adresse : bulk pour les ids de 15008746 à 15009745
bulk : {
  "took" : 101,
  "errors" : ...
78: 255001 adresses traitées
adresse : bulk pour les ids de 15009746 à 15010745
bulk : {
  "took" : 88,
  "errors" :  ...
78: 256001 adresses traitées
adresse : bulk pour les ids de 15010746 à 15011745
bulk : {
  "took" : 82,
  "errors" :  ...
78: 257001 adresses traitées
adresse : bulk pour les ids de 15011746 à 15012745
bulk : {
  "took" : 89,
  "errors" :  ...
78: 258001 adresses traitées
adresse : bulk pour les ids de 15012746 à 15013745
bulk : {
  "took" : 81,
  "errors" :  ...
78: 259001 adresses traitées
adresse : bulk pour les ids de 15013746 à 15014745
bulk : {
  "took" : 68,
  "errors" :  ...
78: 260001 adresses traitées
adresse : bulk pour les ids de 15014746 à 15015745
bulk : {
  "took" : 98,
  "errors" :  ...
78: 261001 adresses traitées
adresse : bulk pour les ids de 15015746 à 15016745
bulk : {
  "took" : 65,
  "errors" :  ...
78: 262001 adresses traitées
adresse : bulk pour les ids de 15016746 à 15017745
bulk : {
  "took" : 97,
  "errors" :  ...
78: 263001 adresses traitées
adresse : bulk pour les ids de 15017746 à 15018745
bulk : {
  "took" : 88,
  "errors" :  ...
78: 264001 adresses traitées
adresse : bulk pour les ids de 15018746 à 15019745
bulk : {
  "took" : 82,
  "errors" :  ...
78: 265001 adresses traitées
adresse : bulk pour les ids de 15019746 à 15020745
bulk : {
  "took" : 68,
  "errors" :  ...
78: 266001 adresses traitées
adresse : bulk pour les ids de 15020746 à 15021745
bulk : {
  "took" : 93,
  "errors" :  ...
78: 267001 adresses traitées
adresse : bulk pour les ids de 15021746 à 15022745
bulk : {
  "took" : 68,
  "errors" :  ...
78: 268001 adresses traitées
adresse : bulk pour les ids de 15022746 à 15023745
bulk : {
  "took" : 94,
  "errors" :  ...
78: 269001 adresses traitées
adresse : bulk pour les ids de 15023746 à 15024745
bulk : {
  "took" : 68,
  "errors" :  ...
78: 270001 adresses traitées
adresse : bulk pour les ids de 15024746 à 15025745
bulk : {
  "took" : 86,
  "errors" :  ...
78: 271001 adresses traitées
adresse : bulk pour les ids de 15025746 à 15026745
bulk : {
  "took" : 75,
  "errors" :  ...
78: 272001 adresses traitées
adresse : bulk pour les ids de 15026746 à 15027745
bulk : {
  "took" : 98,
  "errors" :  ...
78: 273001 adresses traitées
adresse : bulk pour les ids de 15027746 à 15028745
bulk : {
  "took" : 78,
  "errors" :  ...
78: 274001 adresses traitées
adresse : bulk pour les ids de 15028746 à 15029745
bulk : {
  "took" : 84,
  "errors" :  ...
78: 275001 adresses traitées
adresse : bulk pour les ids de 15029746 à 15030745
bulk : {
  "took" : 77,
  "errors" :  ...
78: 276001 adresses traitées
adresse : bulk pour les ids de 15030746 à 15031745
bulk : {
  "took" : 75,
  "errors" :  ...
78: 277001 adresses traitées
adresse : bulk pour les ids de 15031746 à 15032745
bulk : {
  "took" : 97,
  "errors" :  ...
78: 278001 adresses traitées
78: 279001 adresses traitées
adresse : bulk pour les ids de 15032746 à 15033745
bulk : {
  "took" : 88,
  "errors" :  ...
78: 280001 adresses traitées
adresse : bulk pour les ids de 15033746 à 15034745
bulk : {
  "took" : 85,
  "errors" :  ...
78: 281001 adresses traitées
adresse : bulk pour les ids de 15034746 à 15035745
bulk : {
  "took" : 80,
  "errors" :  ...
78: 282001 adresses traitées
adresse : bulk pour les ids de 15035746 à 15036745
bulk : {
  "took" : 98,
  "errors" :  ...
78: 283001 adresses traitées
adresse : bulk pour les ids de 15036746 à 15037745
bulk : {
  "took" : 76,
  "errors" :  ...
78: 284001 adresses traitées
adresse : bulk pour les ids de 15037746 à 15038745
bulk : {
  "took" : 108,
  "errors" : ...
78: 285001 adresses traitées
adresse : bulk pour les ids de 15038746 à 15039745
bulk : {
  "took" : 68,
  "errors" :  ...
78: 286001 adresses traitées
adresse : bulk pour les ids de 15039746 à 15040745
bulk : {
  "took" : 84,
  "errors" :  ...
78: 287001 adresses traitées
adresse : bulk pour les ids de 15040746 à 15041745
bulk : {
  "took" : 88,
  "errors" :  ...
78: 288001 adresses traitées
adresse : bulk pour les ids de 15041746 à 15042745
bulk : {
  "took" : 84,
  "errors" :  ...
78: 289001 adresses traitées
adresse : bulk pour les ids de 15042746 à 15043745
bulk : {
  "took" : 79,
  "errors" :  ...
78: 290001 adresses traitées
adresse : bulk pour les ids de 15043746 à 15044745
bulk : {
  "took" : 95,
  "errors" :  ...
78: 291001 adresses traitées
adresse : bulk pour les ids de 15044746 à 15045745
bulk : {
  "took" : 68,
  "errors" :  ...
78: 292001 adresses traitées
adresse : bulk pour les ids de 15045746 à 15046745
bulk : {
  "took" : 101,
  "errors" : ...
78: 293001 adresses traitées
adresse : bulk pour les ids de 15046746 à 15047745
bulk : {
  "took" : 68,
  "errors" :  ...
78: 294001 adresses traitées
adresse : bulk pour les ids de 15047746 à 15048745
bulk : {
  "took" : 96,
  "errors" :  ...
78: 295001 adresses traitées
adresse : bulk pour les ids de 15048746 à 15049745
bulk : {
  "took" : 68,
  "errors" :  ...
78: 296001 adresses traitées
adresse : bulk pour les ids de 15049746 à 15050745
bulk : {
  "took" : 84,
  "errors" :  ...
78: 297001 adresses traitées
adresse : bulk pour les ids de 15050746 à 15051745
bulk : {
  "took" : 81,
  "errors" :  ...
78: 298001 adresses traitées
adresse : bulk pour les ids de 15051746 à 15052745
bulk : {
  "took" : 95,
  "errors" :  ...
78: 299001 adresses traitées
adresse : bulk pour les ids de 15052746 à 15053745
bulk : {
  "took" : 68,
  "errors" :  ...
78: 300001 adresses traitées
adresse : bulk pour les ids de 15053746 à 15054745
bulk : {
  "took" : 96,
  "errors" :  ...
78: 301001 adresses traitées
adresse : bulk pour les ids de 15054746 à 15055745
bulk : {
  "took" : 84,
  "errors" :  ...
78: 302001 adresses traitées
adresse : bulk pour les ids de 15055746 à 15056745
bulk : {
  "took" : 83,
  "errors" :  ...
78: 303001 adresses traitées
adresse : bulk pour les ids de 15056746 à 15057745
bulk : {
  "took" : 87,
  "errors" :  ...
78: 304001 adresses traitées
adresse : bulk pour les ids de 15057746 à 15058745
bulk : {
  "took" : 83,
  "errors" :  ...
78: 305001 adresses traitées
adresse : bulk pour les ids de 15058746 à 15059745
bulk : {
  "took" : 68,
  "errors" :  ...
78: 306001 adresses traitées
adresse : bulk pour les ids de 15059746 à 15060745
bulk : {
  "took" : 98,
  "errors" :  ...
78: 307001 adresses traitées
78: 308001 adresses traitées
adresse : bulk pour les ids de 15060746 à 15061745
bulk : {
  "took" : 68,
  "errors" :  ...
78: 309001 adresses traitées
adresse : bulk pour les ids de 15061746 à 15062745
bulk : {
  "took" : 102,
  "errors" : ...
78: 310001 adresses traitées
adresse : bulk pour les ids de 15062746 à 15063745
bulk : {
  "took" : 70,
  "errors" :  ...
78: 311001 adresses traitées
adresse : bulk pour les ids de 15063746 à 15064745
bulk : {
  "took" : 104,
  "errors" : ...
78: 312001 adresses traitées
adresse : bulk pour les ids de 15064746 à 15065745
bulk : {
  "took" : 85,
  "errors" :  ...
78: 313001 adresses traitées
adresse : bulk pour les ids de 15065746 à 15066745
bulk : {
  "took" : 85,
  "errors" :  ...
78: 314001 adresses traitées
adresse : bulk pour les ids de 15066746 à 15067745
bulk : {
  "took" : 85,
  "errors" :  ...
78: 315001 adresses traitées
adresse : bulk pour les ids de 15067746 à 15068745
bulk : {
  "took" : 103,
  "errors" : ...
78: 316001 adresses traitées
adresse : bulk pour les ids de 15068746 à 15069745
bulk : {
  "took" : 72,
  "errors" :  ...
78: 317001 adresses traitées
adresse : bulk pour les ids de 15069746 à 15070745
bulk : {
  "took" : 102,
  "errors" : ...
78: 318001 adresses traitées
adresse : bulk pour les ids de 15070746 à 15071745
bulk : {
  "took" : 110,
  "errors" : ...
78: 319001 adresses traitées
adresse : bulk pour les ids de 15071746 à 15072745
bulk : {
  "took" : 99,
  "errors" :  ...
78: 320001 adresses traitées
adresse : bulk pour les ids de 15072746 à 15073745
bulk : {
  "took" : 86,
  "errors" :  ...
78: 321001 adresses traitées
adresse : bulk pour les ids de 15073746 à 15074745
bulk : {
  "took" : 94,
  "errors" :  ...
78: 322001 adresses traitées
adresse : bulk pour les ids de 15074746 à 15075745
bulk : {
  "took" : 106,
  "errors" : ...
78: 323001 adresses traitées
adresse : bulk pour les ids de 15075746 à 15076745
bulk : {
  "took" : 70,
  "errors" :  ...
78: 324001 adresses traitées
adresse : bulk pour les ids de 15076746 à 15077745
bulk : {
  "took" : 102,
  "errors" : ...
78: 325001 adresses traitées
adresse : bulk pour les ids de 15077746 à 15078082
bulk : {
  "took" : 24,
  "errors" :  ...
dpt 79 : voies
79: 1 voies traitées
voie : bulk pour les ids de 1089131 à 1089330
bulk : {
  "took" : 14,
  "errors" :  ...
79: 201 voies traitées
voie : bulk pour les ids de 1089331 à 1089530
bulk : {
  "took" : 11,
  "errors" :  ...
79: 401 voies traitées
voie : bulk pour les ids de 1089531 à 1089730
bulk : {
  "took" : 12,
  "errors" :  ...
79: 601 voies traitées
voie : bulk pour les ids de 1089731 à 1089930
bulk : {
  "took" : 25,
  "errors" :  ...
79: 801 voies traitées
voie : bulk pour les ids de 1089931 à 1090130
bulk : {
  "took" : 12,
  "errors" :  ...
79: 1001 voies traitées
voie : bulk pour les ids de 1090131 à 1090330
bulk : {
  "took" : 12,
  "errors" :  ...
79: 1201 voies traitées
voie : bulk pour les ids de 1090331 à 1090530
bulk : {
  "took" : 12,
  "errors" :  ...
79: 1401 voies traitées
voie : bulk pour les ids de 1090531 à 1090730
bulk : {
  "took" : 12,
  "errors" :  ...
79: 1601 voies traitées
voie : bulk pour les ids de 1090731 à 1090930
bulk : {
  "took" : 13,
  "errors" :  ...
79: 1801 voies traitées
voie : bulk pour les ids de 1090931 à 1091130
bulk : {
  "took" : 12,
  "errors" :  ...
79: 2001 voies traitées
voie : bulk pour les ids de 1091131 à 1091330
bulk : {
  "took" : 12,
  "errors" :  ...
79: 2201 voies traitées
voie : bulk pour les ids de 1091331 à 1091530
bulk : {
  "took" : 12,
  "errors" :  ...
79: 2401 voies traitées
voie : bulk pour les ids de 1091531 à 1091730
bulk : {
  "took" : 12,
  "errors" :  ...
79: 2601 voies traitées
voie : bulk pour les ids de 1091731 à 1091930
bulk : {
  "took" : 12,
  "errors" :  ...
79: 2801 voies traitées
voie : bulk pour les ids de 1091931 à 1092130
bulk : {
  "took" : 26,
  "errors" :  ...
79: 3001 voies traitées
voie : bulk pour les ids de 1092131 à 1092330
bulk : {
  "took" : 12,
  "errors" :  ...
79: 3201 voies traitées
voie : bulk pour les ids de 1092331 à 1092530
bulk : {
  "took" : 12,
  "errors" :  ...
79: 3401 voies traitées
voie : bulk pour les ids de 1092531 à 1092730
bulk : {
  "took" : 13,
  "errors" :  ...
79: 3601 voies traitées
voie : bulk pour les ids de 1092731 à 1092930
bulk : {
  "took" : 13,
  "errors" :  ...
79: 3801 voies traitées
voie : bulk pour les ids de 1092931 à 1093130
bulk : {
  "took" : 13,
  "errors" :  ...
79: 4001 voies traitées
voie : bulk pour les ids de 1093131 à 1093330
bulk : {
  "took" : 12,
  "errors" :  ...
79: 4201 voies traitées
voie : bulk pour les ids de 1093331 à 1093530
bulk : {
  "took" : 13,
  "errors" :  ...
79: 4401 voies traitées
voie : bulk pour les ids de 1093531 à 1093730
bulk : {
  "took" : 13,
  "errors" :  ...
79: 4601 voies traitées
voie : bulk pour les ids de 1093731 à 1093930
bulk : {
  "took" : 12,
  "errors" :  ...
79: 4801 voies traitées
voie : bulk pour les ids de 1093931 à 1094130
bulk : {
  "took" : 12,
  "errors" :  ...
79: 5001 voies traitées
voie : bulk pour les ids de 1094131 à 1094330
bulk : {
  "took" : 13,
  "errors" :  ...
79: 5201 voies traitées
voie : bulk pour les ids de 1094331 à 1094530
bulk : {
  "took" : 13,
  "errors" :  ...
79: 5401 voies traitées
voie : bulk pour les ids de 1094531 à 1094730
bulk : {
  "took" : 29,
  "errors" :  ...
79: 5601 voies traitées
voie : bulk pour les ids de 1094731 à 1094930
bulk : {
  "took" : 12,
  "errors" :  ...
79: 5801 voies traitées
voie : bulk pour les ids de 1094931 à 1095130
bulk : {
  "took" : 12,
  "errors" :  ...
79: 6001 voies traitées
voie : bulk pour les ids de 1095131 à 1095330
bulk : {
  "took" : 13,
  "errors" :  ...
79: 6201 voies traitées
voie : bulk pour les ids de 1095331 à 1095530
bulk : {
  "took" : 12,
  "errors" :  ...
79: 6401 voies traitées
voie : bulk pour les ids de 1095531 à 1095730
bulk : {
  "took" : 12,
  "errors" :  ...
79: 6601 voies traitées
voie : bulk pour les ids de 1095731 à 1095930
bulk : {
  "took" : 14,
  "errors" :  ...
79: 6801 voies traitées
voie : bulk pour les ids de 1095931 à 1096130
bulk : {
  "took" : 12,
  "errors" :  ...
79: 7001 voies traitées
voie : bulk pour les ids de 1096131 à 1096330
bulk : {
  "took" : 12,
  "errors" :  ...
79: 7201 voies traitées
voie : bulk pour les ids de 1096331 à 1096530
bulk : {
  "took" : 28,
  "errors" :  ...
79: 7401 voies traitées
voie : bulk pour les ids de 1096531 à 1096730
bulk : {
  "took" : 13,
  "errors" :  ...
79: 7601 voies traitées
voie : bulk pour les ids de 1096731 à 1096930
bulk : {
  "took" : 12,
  "errors" :  ...
79: 7801 voies traitées
voie : bulk pour les ids de 1096931 à 1097130
bulk : {
  "took" : 12,
  "errors" :  ...
79: 8001 voies traitées
voie : bulk pour les ids de 1097131 à 1097330
bulk : {
  "took" : 12,
  "errors" :  ...
79: 8201 voies traitées
voie : bulk pour les ids de 1097331 à 1097530
bulk : {
  "took" : 12,
  "errors" :  ...
79: 8401 voies traitées
voie : bulk pour les ids de 1097531 à 1097730
bulk : {
  "took" : 12,
  "errors" :  ...
79: 8601 voies traitées
voie : bulk pour les ids de 1097731 à 1097930
bulk : {
  "took" : 12,
  "errors" :  ...
79: 8801 voies traitées
voie : bulk pour les ids de 1097931 à 1098130
bulk : {
  "took" : 13,
  "errors" :  ...
79: 9001 voies traitées
voie : bulk pour les ids de 1098131 à 1098330
bulk : {
  "took" : 12,
  "errors" :  ...
79: 9201 voies traitées
voie : bulk pour les ids de 1098331 à 1098530
bulk : {
  "took" : 12,
  "errors" :  ...
79: 9401 voies traitées
voie : bulk pour les ids de 1098531 à 1098730
bulk : {
  "took" : 28,
  "errors" :  ...
79: 9601 voies traitées
voie : bulk pour les ids de 1098731 à 1098930
bulk : {
  "took" : 12,
  "errors" :  ...
79: 9801 voies traitées
voie : bulk pour les ids de 1098931 à 1099130
bulk : {
  "took" : 12,
  "errors" :  ...
79: 10001 voies traitées
voie : bulk pour les ids de 1099131 à 1099330
bulk : {
  "took" : 12,
  "errors" :  ...
79: 10201 voies traitées
voie : bulk pour les ids de 1099331 à 1099530
bulk : {
  "took" : 13,
  "errors" :  ...
79: 10401 voies traitées
voie : bulk pour les ids de 1099531 à 1099730
bulk : {
  "took" : 13,
  "errors" :  ...
79: 10601 voies traitées
voie : bulk pour les ids de 1099731 à 1099930
bulk : {
  "took" : 21,
  "errors" :  ...
79: 10801 voies traitées
voie : bulk pour les ids de 1099931 à 1100130
bulk : {
  "took" : 13,
  "errors" :  ...
79: 11001 voies traitées
voie : bulk pour les ids de 1100131 à 1100330
bulk : {
  "took" : 13,
  "errors" :  ...
79: 11201 voies traitées
voie : bulk pour les ids de 1100331 à 1100530
bulk : {
  "took" : 30,
  "errors" :  ...
79: 11401 voies traitées
voie : bulk pour les ids de 1100531 à 1100730
bulk : {
  "took" : 12,
  "errors" :  ...
79: 11601 voies traitées
voie : bulk pour les ids de 1100731 à 1100930
bulk : {
  "took" : 12,
  "errors" :  ...
79: 11801 voies traitées
voie : bulk pour les ids de 1100931 à 1101130
bulk : {
  "took" : 12,
  "errors" :  ...
79: 12001 voies traitées
voie : bulk pour les ids de 1101131 à 1101330
bulk : {
  "took" : 12,
  "errors" :  ...
79: 12201 voies traitées
voie : bulk pour les ids de 1101331 à 1101530
bulk : {
  "took" : 12,
  "errors" :  ...
79: 12401 voies traitées
voie : bulk pour les ids de 1101531 à 1101730
bulk : {
  "took" : 11,
  "errors" :  ...
79: 12601 voies traitées
voie : bulk pour les ids de 1101731 à 1101930
bulk : {
  "took" : 12,
  "errors" :  ...
79: 12801 voies traitées
voie : bulk pour les ids de 1101931 à 1102130
bulk : {
  "took" : 11,
  "errors" :  ...
79: 13001 voies traitées
voie : bulk pour les ids de 1102131 à 1102330
bulk : {
  "took" : 11,
  "errors" :  ...
79: 13201 voies traitées
voie : bulk pour les ids de 1102331 à 1102530
bulk : {
  "took" : 35,
  "errors" :  ...
79: 13401 voies traitées
voie : bulk pour les ids de 1102531 à 1102730
bulk : {
  "took" : 11,
  "errors" :  ...
79: 13601 voies traitées
voie : bulk pour les ids de 1102731 à 1102930
bulk : {
  "took" : 11,
  "errors" :  ...
79: 13801 voies traitées
voie : bulk pour les ids de 1102931 à 1103130
bulk : {
  "took" : 12,
  "errors" :  ...
79: 14001 voies traitées
voie : bulk pour les ids de 1103131 à 1103330
bulk : {
  "took" : 12,
  "errors" :  ...
79: 14201 voies traitées
voie : bulk pour les ids de 1103331 à 1103530
bulk : {
  "took" : 19,
  "errors" :  ...
79: 14401 voies traitées
voie : bulk pour les ids de 1103531 à 1103561
bulk : {
  "took" : 3,
  "errors" : f ...
dpt 79 : adresses
79: 1 adresses traitées
79: 1001 adresses traitées
adresse : bulk pour les ids de 15078083 à 15079082
bulk : {
  "took" : 96,
  "errors" :  ...
79: 2001 adresses traitées
adresse : bulk pour les ids de 15079083 à 15080082
bulk : {
  "took" : 69,
  "errors" :  ...
79: 3001 adresses traitées
adresse : bulk pour les ids de 15080083 à 15081082
bulk : {
  "took" : 99,
  "errors" :  ...
79: 4001 adresses traitées
adresse : bulk pour les ids de 15081083 à 15082082
bulk : {
  "took" : 68,
  "errors" :  ...
79: 5001 adresses traitées
adresse : bulk pour les ids de 15082083 à 15083082
bulk : {
  "took" : 99,
  "errors" :  ...
79: 6001 adresses traitées
adresse : bulk pour les ids de 15083083 à 15084082
bulk : {
  "took" : 82,
  "errors" :  ...
79: 7001 adresses traitées
adresse : bulk pour les ids de 15084083 à 15085082
bulk : {
  "took" : 84,
  "errors" :  ...
79: 8001 adresses traitées
adresse : bulk pour les ids de 15085083 à 15086082
bulk : {
  "took" : 85,
  "errors" :  ...
79: 9001 adresses traitées
adresse : bulk pour les ids de 15086083 à 15087082
bulk : {
  "took" : 96,
  "errors" :  ...
79: 10001 adresses traitées
adresse : bulk pour les ids de 15087083 à 15088082
bulk : {
  "took" : 91,
  "errors" :  ...
79: 11001 adresses traitées
adresse : bulk pour les ids de 15088083 à 15089082
bulk : {
  "took" : 81,
  "errors" :  ...
79: 12001 adresses traitées
adresse : bulk pour les ids de 15089083 à 15090082
bulk : {
  "took" : 83,
  "errors" :  ...
79: 13001 adresses traitées
adresse : bulk pour les ids de 15090083 à 15091082
bulk : {
  "took" : 98,
  "errors" :  ...
79: 14001 adresses traitées
adresse : bulk pour les ids de 15091083 à 15092082
bulk : {
  "took" : 67,
  "errors" :  ...
79: 15001 adresses traitées
adresse : bulk pour les ids de 15092083 à 15093082
bulk : {
  "took" : 100,
  "errors" : ...
79: 16001 adresses traitées
adresse : bulk pour les ids de 15093083 à 15094082
bulk : {
  "took" : 71,
  "errors" :  ...
79: 17001 adresses traitées
adresse : bulk pour les ids de 15094083 à 15095082
bulk : {
  "took" : 84,
  "errors" :  ...
79: 18001 adresses traitées
adresse : bulk pour les ids de 15095083 à 15096082
bulk : {
  "took" : 85,
  "errors" :  ...
79: 19001 adresses traitées
adresse : bulk pour les ids de 15096083 à 15097082
bulk : {
  "took" : 82,
  "errors" :  ...
79: 20001 adresses traitées
adresse : bulk pour les ids de 15097083 à 15098082
bulk : {
  "took" : 85,
  "errors" :  ...
79: 21001 adresses traitées
adresse : bulk pour les ids de 15098083 à 15099082
bulk : {
  "took" : 97,
  "errors" :  ...
79: 22001 adresses traitées
79: 23001 adresses traitées
adresse : bulk pour les ids de 15099083 à 15100082
bulk : {
  "took" : 66,
  "errors" :  ...
79: 24001 adresses traitées
adresse : bulk pour les ids de 15100083 à 15101082
bulk : {
  "took" : 105,
  "errors" : ...
79: 25001 adresses traitées
adresse : bulk pour les ids de 15101083 à 15102082
bulk : {
  "took" : 67,
  "errors" :  ...
79: 26001 adresses traitées
adresse : bulk pour les ids de 15102083 à 15103082
bulk : {
  "took" : 96,
  "errors" :  ...
79: 27001 adresses traitées
adresse : bulk pour les ids de 15103083 à 15104082
bulk : {
  "took" : 84,
  "errors" :  ...
79: 28001 adresses traitées
adresse : bulk pour les ids de 15104083 à 15105082
bulk : {
  "took" : 84,
  "errors" :  ...
79: 29001 adresses traitées
adresse : bulk pour les ids de 15105083 à 15106082
bulk : {
  "took" : 66,
  "errors" :  ...
79: 30001 adresses traitées
adresse : bulk pour les ids de 15106083 à 15107082
bulk : {
  "took" : 97,
  "errors" :  ...
79: 31001 adresses traitées
adresse : bulk pour les ids de 15107083 à 15108082
bulk : {
  "took" : 76,
  "errors" :  ...
79: 32001 adresses traitées
adresse : bulk pour les ids de 15108083 à 15109082
bulk : {
  "took" : 82,
  "errors" :  ...
79: 33001 adresses traitées
adresse : bulk pour les ids de 15109083 à 15110082
bulk : {
  "took" : 80,
  "errors" :  ...
79: 34001 adresses traitées
adresse : bulk pour les ids de 15110083 à 15111082
bulk : {
  "took" : 81,
  "errors" :  ...
79: 35001 adresses traitées
adresse : bulk pour les ids de 15111083 à 15112082
bulk : {
  "took" : 66,
  "errors" :  ...
79: 36001 adresses traitées
adresse : bulk pour les ids de 15112083 à 15113082
bulk : {
  "took" : 99,
  "errors" :  ...
79: 37001 adresses traitées
adresse : bulk pour les ids de 15113083 à 15114082
bulk : {
  "took" : 78,
  "errors" :  ...
79: 38001 adresses traitées
79: 39001 adresses traitées
adresse : bulk pour les ids de 15114083 à 15115082
bulk : {
  "took" : 82,
  "errors" :  ...
79: 40001 adresses traitées
adresse : bulk pour les ids de 15115083 à 15116082
bulk : {
  "took" : 87,
  "errors" :  ...
79: 41001 adresses traitées
adresse : bulk pour les ids de 15116083 à 15117082
bulk : {
  "took" : 84,
  "errors" :  ...
79: 42001 adresses traitées
adresse : bulk pour les ids de 15117083 à 15118082
bulk : {
  "took" : 86,
  "errors" :  ...
79: 43001 adresses traitées
adresse : bulk pour les ids de 15118083 à 15119082
bulk : {
  "took" : 85,
  "errors" :  ...
79: 44001 adresses traitées
adresse : bulk pour les ids de 15119083 à 15120082
bulk : {
  "took" : 67,
  "errors" :  ...
79: 45001 adresses traitées
adresse : bulk pour les ids de 15120083 à 15121082
bulk : {
  "took" : 101,
  "errors" : ...
79: 46001 adresses traitées
adresse : bulk pour les ids de 15121083 à 15122082
bulk : {
  "took" : 83,
  "errors" :  ...
79: 47001 adresses traitées
adresse : bulk pour les ids de 15122083 à 15123082
bulk : {
  "took" : 83,
  "errors" :  ...
79: 48001 adresses traitées
adresse : bulk pour les ids de 15123083 à 15124082
bulk : {
  "took" : 88,
  "errors" :  ...
79: 49001 adresses traitées
adresse : bulk pour les ids de 15124083 à 15125082
bulk : {
  "took" : 86,
  "errors" :  ...
79: 50001 adresses traitées
adresse : bulk pour les ids de 15125083 à 15126082
bulk : {
  "took" : 68,
  "errors" :  ...
79: 51001 adresses traitées
adresse : bulk pour les ids de 15126083 à 15127082
bulk : {
  "took" : 95,
  "errors" :  ...
79: 52001 adresses traitées
adresse : bulk pour les ids de 15127083 à 15128082
bulk : {
  "took" : 66,
  "errors" :  ...
79: 53001 adresses traitées
adresse : bulk pour les ids de 15128083 à 15129082
bulk : {
  "took" : 100,
  "errors" : ...
79: 54001 adresses traitées
adresse : bulk pour les ids de 15129083 à 15130082
bulk : {
  "took" : 81,
  "errors" :  ...
79: 55001 adresses traitées
79: 56001 adresses traitées
adresse : bulk pour les ids de 15130083 à 15131082
bulk : {
  "took" : 81,
  "errors" :  ...
79: 57001 adresses traitées
adresse : bulk pour les ids de 15131083 à 15132082
bulk : {
  "took" : 89,
  "errors" :  ...
79: 58001 adresses traitées
adresse : bulk pour les ids de 15132083 à 15133082
bulk : {
  "took" : 84,
  "errors" :  ...
79: 59001 adresses traitées
adresse : bulk pour les ids de 15133083 à 15134082
bulk : {
  "took" : 67,
  "errors" :  ...
79: 60001 adresses traitées
adresse : bulk pour les ids de 15134083 à 15135082
bulk : {
  "took" : 109,
  "errors" : ...
79: 61001 adresses traitées
adresse : bulk pour les ids de 15135083 à 15136082
bulk : {
  "took" : 67,
  "errors" :  ...
79: 62001 adresses traitées
adresse : bulk pour les ids de 15136083 à 15137082
bulk : {
  "took" : 98,
  "errors" :  ...
79: 63001 adresses traitées
79: 64001 adresses traitées
adresse : bulk pour les ids de 15137083 à 15138082
bulk : {
  "took" : 83,
  "errors" :  ...
79: 65001 adresses traitées
adresse : bulk pour les ids de 15138083 à 15139082
bulk : {
  "took" : 86,
  "errors" :  ...
79: 66001 adresses traitées
adresse : bulk pour les ids de 15139083 à 15140082
bulk : {
  "took" : 68,
  "errors" :  ...
79: 67001 adresses traitées
adresse : bulk pour les ids de 15140083 à 15141082
bulk : {
  "took" : 97,
  "errors" :  ...
79: 68001 adresses traitées
adresse : bulk pour les ids de 15141083 à 15142082
bulk : {
  "took" : 67,
  "errors" :  ...
79: 69001 adresses traitées
adresse : bulk pour les ids de 15142083 à 15143082
bulk : {
  "took" : 103,
  "errors" : ...
79: 70001 adresses traitées
adresse : bulk pour les ids de 15143083 à 15144082
bulk : {
  "took" : 86,
  "errors" :  ...
79: 71001 adresses traitées
adresse : bulk pour les ids de 15144083 à 15145082
bulk : {
  "took" : 79,
  "errors" :  ...
79: 72001 adresses traitées
adresse : bulk pour les ids de 15145083 à 15146082
bulk : {
  "took" : 96,
  "errors" :  ...
79: 73001 adresses traitées
adresse : bulk pour les ids de 15146083 à 15147082
bulk : {
  "took" : 69,
  "errors" :  ...
79: 74001 adresses traitées
79: 75001 adresses traitées
adresse : bulk pour les ids de 15147083 à 15148082
bulk : {
  "took" : 116,
  "errors" : ...
79: 76001 adresses traitées
adresse : bulk pour les ids de 15148083 à 15149082
bulk : {
  "took" : 88,
  "errors" :  ...
79: 77001 adresses traitées
adresse : bulk pour les ids de 15149083 à 15150082
bulk : {
  "took" : 127,
  "errors" : ...
79: 78001 adresses traitées
adresse : bulk pour les ids de 15150083 à 15151082
bulk : {
  "took" : 90,
  "errors" :  ...
79: 79001 adresses traitées
adresse : bulk pour les ids de 15151083 à 15152082
bulk : {
  "took" : 96,
  "errors" :  ...
79: 80001 adresses traitées
adresse : bulk pour les ids de 15152083 à 15153082
bulk : {
  "took" : 84,
  "errors" :  ...
79: 81001 adresses traitées
adresse : bulk pour les ids de 15153083 à 15154082
bulk : {
  "took" : 103,
  "errors" : ...
79: 82001 adresses traitées
adresse : bulk pour les ids de 15154083 à 15155082
bulk : {
  "took" : 88,
  "errors" :  ...
79: 83001 adresses traitées
adresse : bulk pour les ids de 15155083 à 15156082
bulk : {
  "took" : 114,
  "errors" : ...
79: 84001 adresses traitées
adresse : bulk pour les ids de 15156083 à 15157082
bulk : {
  "took" : 67,
  "errors" :  ...
79: 85001 adresses traitées
adresse : bulk pour les ids de 15157083 à 15158082
bulk : {
  "took" : 86,
  "errors" :  ...
79: 86001 adresses traitées
adresse : bulk pour les ids de 15158083 à 15159082
bulk : {
  "took" : 82,
  "errors" :  ...
79: 87001 adresses traitées
adresse : bulk pour les ids de 15159083 à 15160082
bulk : {
  "took" : 114,
  "errors" : ...
79: 88001 adresses traitées
adresse : bulk pour les ids de 15160083 à 15161082
bulk : {
  "took" : 71,
  "errors" :  ...
79: 89001 adresses traitées
adresse : bulk pour les ids de 15161083 à 15162082
bulk : {
  "took" : 83,
  "errors" :  ...
79: 90001 adresses traitées
adresse : bulk pour les ids de 15162083 à 15163082
bulk : {
  "took" : 79,
  "errors" :  ...
79: 91001 adresses traitées
adresse : bulk pour les ids de 15163083 à 15164082
bulk : {
  "took" : 83,
  "errors" :  ...
79: 92001 adresses traitées
adresse : bulk pour les ids de 15164083 à 15165082
bulk : {
  "took" : 83,
  "errors" :  ...
79: 93001 adresses traitées
adresse : bulk pour les ids de 15165083 à 15166082
bulk : {
  "took" : 84,
  "errors" :  ...
79: 94001 adresses traitées
adresse : bulk pour les ids de 15166083 à 15167082
bulk : {
  "took" : 67,
  "errors" :  ...
79: 95001 adresses traitées
adresse : bulk pour les ids de 15167083 à 15168082
bulk : {
  "took" : 96,
  "errors" :  ...
79: 96001 adresses traitées
adresse : bulk pour les ids de 15168083 à 15169082
bulk : {
  "took" : 69,
  "errors" :  ...
79: 97001 adresses traitées
adresse : bulk pour les ids de 15169083 à 15170082
bulk : {
  "took" : 100,
  "errors" : ...
79: 98001 adresses traitées
adresse : bulk pour les ids de 15170083 à 15171082
bulk : {
  "took" : 69,
  "errors" :  ...
79: 99001 adresses traitées
adresse : bulk pour les ids de 15171083 à 15172082
bulk : {
  "took" : 66,
  "errors" :  ...
79: 100001 adresses traitées
adresse : bulk pour les ids de 15172083 à 15173082
bulk : {
  "took" : 88,
  "errors" :  ...
79: 101001 adresses traitées
adresse : bulk pour les ids de 15173083 à 15174082
bulk : {
  "took" : 67,
  "errors" :  ...
79: 102001 adresses traitées
adresse : bulk pour les ids de 15174083 à 15175082
bulk : {
  "took" : 90,
  "errors" :  ...
79: 103001 adresses traitées
adresse : bulk pour les ids de 15175083 à 15176082
bulk : {
  "took" : 67,
  "errors" :  ...
79: 104001 adresses traitées
adresse : bulk pour les ids de 15176083 à 15177082
bulk : {
  "took" : 89,
  "errors" :  ...
79: 105001 adresses traitées
adresse : bulk pour les ids de 15177083 à 15178082
bulk : {
  "took" : 68,
  "errors" :  ...
79: 106001 adresses traitées
adresse : bulk pour les ids de 15178083 à 15179082
bulk : {
  "took" : 98,
  "errors" :  ...
79: 107001 adresses traitées
adresse : bulk pour les ids de 15179083 à 15180082
bulk : {
  "took" : 67,
  "errors" :  ...
79: 108001 adresses traitées
adresse : bulk pour les ids de 15180083 à 15181082
bulk : {
  "took" : 98,
  "errors" :  ...
79: 109001 adresses traitées
adresse : bulk pour les ids de 15181083 à 15182082
bulk : {
  "took" : 67,
  "errors" :  ...
79: 110001 adresses traitées
adresse : bulk pour les ids de 15182083 à 15183082
bulk : {
  "took" : 90,
  "errors" :  ...
79: 111001 adresses traitées
adresse : bulk pour les ids de 15183083 à 15184082
bulk : {
  "took" : 68,
  "errors" :  ...
79: 112001 adresses traitées
adresse : bulk pour les ids de 15184083 à 15185082
bulk : {
  "took" : 87,
  "errors" :  ...
79: 113001 adresses traitées
adresse : bulk pour les ids de 15185083 à 15186082
bulk : {
  "took" : 70,
  "errors" :  ...
79: 114001 adresses traitées
adresse : bulk pour les ids de 15186083 à 15187082
bulk : {
  "took" : 87,
  "errors" :  ...
79: 115001 adresses traitées
adresse : bulk pour les ids de 15187083 à 15188082
bulk : {
  "took" : 72,
  "errors" :  ...
79: 116001 adresses traitées
adresse : bulk pour les ids de 15188083 à 15189082
bulk : {
  "took" : 83,
  "errors" :  ...
79: 117001 adresses traitées
adresse : bulk pour les ids de 15189083 à 15190082
bulk : {
  "took" : 68,
  "errors" :  ...
79: 118001 adresses traitées
adresse : bulk pour les ids de 15190083 à 15191082
bulk : {
  "took" : 84,
  "errors" :  ...
79: 119001 adresses traitées
adresse : bulk pour les ids de 15191083 à 15192082
bulk : {
  "took" : 85,
  "errors" :  ...
79: 120001 adresses traitées
79: 121001 adresses traitées
adresse : bulk pour les ids de 15192083 à 15193082
bulk : {
  "took" : 69,
  "errors" :  ...
79: 122001 adresses traitées
adresse : bulk pour les ids de 15193083 à 15194082
bulk : {
  "took" : 85,
  "errors" :  ...
79: 123001 adresses traitées
adresse : bulk pour les ids de 15194083 à 15195082
bulk : {
  "took" : 69,
  "errors" :  ...
79: 124001 adresses traitées
adresse : bulk pour les ids de 15195083 à 15196082
bulk : {
  "took" : 85,
  "errors" :  ...
79: 125001 adresses traitées
adresse : bulk pour les ids de 15196083 à 15197082
bulk : {
  "took" : 70,
  "errors" :  ...
79: 126001 adresses traitées
adresse : bulk pour les ids de 15197083 à 15198082
bulk : {
  "took" : 90,
  "errors" :  ...
79: 127001 adresses traitées
adresse : bulk pour les ids de 15198083 à 15199082
bulk : {
  "took" : 71,
  "errors" :  ...
79: 128001 adresses traitées
adresse : bulk pour les ids de 15199083 à 15200082
bulk : {
  "took" : 87,
  "errors" :  ...
79: 129001 adresses traitées
adresse : bulk pour les ids de 15200083 à 15201082
bulk : {
  "took" : 70,
  "errors" :  ...
79: 130001 adresses traitées
adresse : bulk pour les ids de 15201083 à 15202082
bulk : {
  "took" : 98,
  "errors" :  ...
79: 131001 adresses traitées
adresse : bulk pour les ids de 15202083 à 15203082
bulk : {
  "took" : 70,
  "errors" :  ...
79: 132001 adresses traitées
adresse : bulk pour les ids de 15203083 à 15204082
bulk : {
  "took" : 83,
  "errors" :  ...
79: 133001 adresses traitées
adresse : bulk pour les ids de 15204083 à 15205082
bulk : {
  "took" : 70,
  "errors" :  ...
79: 134001 adresses traitées
adresse : bulk pour les ids de 15205083 à 15206082
bulk : {
  "took" : 86,
  "errors" :  ...
79: 135001 adresses traitées
adresse : bulk pour les ids de 15206083 à 15207082
bulk : {
  "took" : 73,
  "errors" :  ...
79: 136001 adresses traitées
adresse : bulk pour les ids de 15207083 à 15208082
bulk : {
  "took" : 84,
  "errors" :  ...
79: 137001 adresses traitées
adresse : bulk pour les ids de 15208083 à 15209082
bulk : {
  "took" : 73,
  "errors" :  ...
79: 138001 adresses traitées
79: 139001 adresses traitées
adresse : bulk pour les ids de 15209083 à 15210082
bulk : {
  "took" : 86,
  "errors" :  ...
79: 140001 adresses traitées
adresse : bulk pour les ids de 15210083 à 15211082
bulk : {
  "took" : 72,
  "errors" :  ...
79: 141001 adresses traitées
adresse : bulk pour les ids de 15211083 à 15212082
bulk : {
  "took" : 88,
  "errors" :  ...
79: 142001 adresses traitées
adresse : bulk pour les ids de 15212083 à 15213082
bulk : {
  "took" : 71,
  "errors" :  ...
79: 143001 adresses traitées
adresse : bulk pour les ids de 15213083 à 15214082
bulk : {
  "took" : 85,
  "errors" :  ...
79: 144001 adresses traitées
adresse : bulk pour les ids de 15214083 à 15215082
bulk : {
  "took" : 71,
  "errors" :  ...
79: 145001 adresses traitées
adresse : bulk pour les ids de 15215083 à 15216082
bulk : {
  "took" : 71,
  "errors" :  ...
79: 146001 adresses traitées
adresse : bulk pour les ids de 15216083 à 15217082
bulk : {
  "took" : 84,
  "errors" :  ...
79: 147001 adresses traitées
adresse : bulk pour les ids de 15217083 à 15218082
bulk : {
  "took" : 71,
  "errors" :  ...
79: 148001 adresses traitées
79: 149001 adresses traitées
adresse : bulk pour les ids de 15218083 à 15219082
bulk : {
  "took" : 83,
  "errors" :  ...
79: 150001 adresses traitées
adresse : bulk pour les ids de 15219083 à 15220082
bulk : {
  "took" : 70,
  "errors" :  ...
79: 151001 adresses traitées
adresse : bulk pour les ids de 15220083 à 15221082
bulk : {
  "took" : 83,
  "errors" :  ...
79: 152001 adresses traitées
adresse : bulk pour les ids de 15221083 à 15222082
bulk : {
  "took" : 70,
  "errors" :  ...
79: 153001 adresses traitées
adresse : bulk pour les ids de 15222083 à 15223082
bulk : {
  "took" : 89,
  "errors" :  ...
79: 154001 adresses traitées
adresse : bulk pour les ids de 15223083 à 15224082
bulk : {
  "took" : 70,
  "errors" :  ...
79: 155001 adresses traitées
adresse : bulk pour les ids de 15224083 à 15225082
bulk : {
  "took" : 84,
  "errors" :  ...
79: 156001 adresses traitées
adresse : bulk pour les ids de 15225083 à 15226082
bulk : {
  "took" : 70,
  "errors" :  ...
79: 157001 adresses traitées
adresse : bulk pour les ids de 15226083 à 15227082
bulk : {
  "took" : 84,
  "errors" :  ...
79: 158001 adresses traitées
adresse : bulk pour les ids de 15227083 à 15228082
bulk : {
  "took" : 71,
  "errors" :  ...
79: 159001 adresses traitées
adresse : bulk pour les ids de 15228083 à 15229082
bulk : {
  "took" : 84,
  "errors" :  ...
79: 160001 adresses traitées
adresse : bulk pour les ids de 15229083 à 15230082
bulk : {
  "took" : 70,
  "errors" :  ...
79: 161001 adresses traitées
adresse : bulk pour les ids de 15230083 à 15231082
bulk : {
  "took" : 83,
  "errors" :  ...
79: 162001 adresses traitées
adresse : bulk pour les ids de 15231083 à 15232082
bulk : {
  "took" : 86,
  "errors" :  ...
79: 163001 adresses traitées
79: 164001 adresses traitées
adresse : bulk pour les ids de 15232083 à 15233082
bulk : {
  "took" : 87,
  "errors" :  ...
adresse : bulk pour les ids de 15233083 à 15233468
bulk : {
  "took" : 35,
  "errors" :  ...
dpt 80 : voies
80: 1 voies traitées
voie : bulk pour les ids de 1103562 à 1103761
bulk : {
  "took" : 12,
  "errors" :  ...
80: 201 voies traitées
voie : bulk pour les ids de 1103762 à 1103961
bulk : {
  "took" : 12,
  "errors" :  ...
80: 401 voies traitées
voie : bulk pour les ids de 1103962 à 1104161
bulk : {
  "took" : 12,
  "errors" :  ...
80: 601 voies traitées
voie : bulk pour les ids de 1104162 à 1104361
bulk : {
  "took" : 12,
  "errors" :  ...
80: 801 voies traitées
voie : bulk pour les ids de 1104362 à 1104561
bulk : {
  "took" : 28,
  "errors" :  ...
80: 1001 voies traitées
voie : bulk pour les ids de 1104562 à 1104761
bulk : {
  "took" : 11,
  "errors" :  ...
80: 1201 voies traitées
voie : bulk pour les ids de 1104762 à 1104961
bulk : {
  "took" : 12,
  "errors" :  ...
80: 1401 voies traitées
voie : bulk pour les ids de 1104962 à 1105161
bulk : {
  "took" : 12,
  "errors" :  ...
80: 1601 voies traitées
voie : bulk pour les ids de 1105162 à 1105361
bulk : {
  "took" : 12,
  "errors" :  ...
80: 1801 voies traitées
voie : bulk pour les ids de 1105362 à 1105561
bulk : {
  "took" : 12,
  "errors" :  ...
80: 2001 voies traitées
voie : bulk pour les ids de 1105562 à 1105761
bulk : {
  "took" : 12,
  "errors" :  ...
80: 2201 voies traitées
voie : bulk pour les ids de 1105762 à 1105961
bulk : {
  "took" : 12,
  "errors" :  ...
80: 2401 voies traitées
voie : bulk pour les ids de 1105962 à 1106161
bulk : {
  "took" : 13,
  "errors" :  ...
80: 2601 voies traitées
voie : bulk pour les ids de 1106162 à 1106361
bulk : {
  "took" : 12,
  "errors" :  ...
80: 2801 voies traitées
voie : bulk pour les ids de 1106362 à 1106561
bulk : {
  "took" : 12,
  "errors" :  ...
80: 3001 voies traitées
voie : bulk pour les ids de 1106562 à 1106761
bulk : {
  "took" : 37,
  "errors" :  ...
80: 3201 voies traitées
voie : bulk pour les ids de 1106762 à 1106961
bulk : {
  "took" : 12,
  "errors" :  ...
80: 3401 voies traitées
voie : bulk pour les ids de 1106962 à 1107161
bulk : {
  "took" : 16,
  "errors" :  ...
80: 3601 voies traitées
voie : bulk pour les ids de 1107162 à 1107361
bulk : {
  "took" : 19,
  "errors" :  ...
80: 3801 voies traitées
voie : bulk pour les ids de 1107362 à 1107561
bulk : {
  "took" : 19,
  "errors" :  ...
80: 4001 voies traitées
voie : bulk pour les ids de 1107562 à 1107761
bulk : {
  "took" : 18,
  "errors" :  ...
80: 4201 voies traitées
voie : bulk pour les ids de 1107762 à 1107961
bulk : {
  "took" : 12,
  "errors" :  ...
80: 4401 voies traitées
voie : bulk pour les ids de 1107962 à 1108161
bulk : {
  "took" : 12,
  "errors" :  ...
80: 4601 voies traitées
voie : bulk pour les ids de 1108162 à 1108361
bulk : {
  "took" : 12,
  "errors" :  ...
80: 4801 voies traitées
voie : bulk pour les ids de 1108362 à 1108561
bulk : {
  "took" : 32,
  "errors" :  ...
80: 5001 voies traitées
voie : bulk pour les ids de 1108562 à 1108761
bulk : {
  "took" : 11,
  "errors" :  ...
80: 5201 voies traitées
voie : bulk pour les ids de 1108762 à 1108961
bulk : {
  "took" : 12,
  "errors" :  ...
80: 5401 voies traitées
voie : bulk pour les ids de 1108962 à 1109161
bulk : {
  "took" : 12,
  "errors" :  ...
80: 5601 voies traitées
voie : bulk pour les ids de 1109162 à 1109361
bulk : {
  "took" : 12,
  "errors" :  ...
80: 5801 voies traitées
voie : bulk pour les ids de 1109362 à 1109561
bulk : {
  "took" : 12,
  "errors" :  ...
80: 6001 voies traitées
voie : bulk pour les ids de 1109562 à 1109761
bulk : {
  "took" : 13,
  "errors" :  ...
80: 6201 voies traitées
voie : bulk pour les ids de 1109762 à 1109961
bulk : {
  "took" : 12,
  "errors" :  ...
80: 6401 voies traitées
voie : bulk pour les ids de 1109962 à 1110161
bulk : {
  "took" : 12,
  "errors" :  ...
80: 6601 voies traitées
voie : bulk pour les ids de 1110162 à 1110361
bulk : {
  "took" : 12,
  "errors" :  ...
80: 6801 voies traitées
voie : bulk pour les ids de 1110362 à 1110561
bulk : {
  "took" : 24,
  "errors" :  ...
80: 7001 voies traitées
voie : bulk pour les ids de 1110562 à 1110761
bulk : {
  "took" : 23,
  "errors" :  ...
80: 7201 voies traitées
voie : bulk pour les ids de 1110762 à 1110961
bulk : {
  "took" : 12,
  "errors" :  ...
80: 7401 voies traitées
voie : bulk pour les ids de 1110962 à 1111161
bulk : {
  "took" : 12,
  "errors" :  ...
80: 7601 voies traitées
voie : bulk pour les ids de 1111162 à 1111361
bulk : {
  "took" : 12,
  "errors" :  ...
80: 7801 voies traitées
voie : bulk pour les ids de 1111362 à 1111561
bulk : {
  "took" : 12,
  "errors" :  ...
80: 8001 voies traitées
voie : bulk pour les ids de 1111562 à 1111761
bulk : {
  "took" : 12,
  "errors" :  ...
80: 8201 voies traitées
voie : bulk pour les ids de 1111762 à 1111961
bulk : {
  "took" : 12,
  "errors" :  ...
80: 8401 voies traitées
voie : bulk pour les ids de 1111962 à 1112161
bulk : {
  "took" : 12,
  "errors" :  ...
80: 8601 voies traitées
voie : bulk pour les ids de 1112162 à 1112361
bulk : {
  "took" : 12,
  "errors" :  ...
80: 8801 voies traitées
voie : bulk pour les ids de 1112362 à 1112561
bulk : {
  "took" : 27,
  "errors" :  ...
80: 9001 voies traitées
voie : bulk pour les ids de 1112562 à 1112761
bulk : {
  "took" : 13,
  "errors" :  ...
80: 9201 voies traitées
voie : bulk pour les ids de 1112762 à 1112961
bulk : {
  "took" : 12,
  "errors" :  ...
80: 9401 voies traitées
voie : bulk pour les ids de 1112962 à 1113161
bulk : {
  "took" : 12,
  "errors" :  ...
80: 9601 voies traitées
voie : bulk pour les ids de 1113162 à 1113361
bulk : {
  "took" : 12,
  "errors" :  ...
80: 9801 voies traitées
voie : bulk pour les ids de 1113362 à 1113561
bulk : {
  "took" : 12,
  "errors" :  ...
80: 10001 voies traitées
voie : bulk pour les ids de 1113562 à 1113761
bulk : {
  "took" : 12,
  "errors" :  ...
80: 10201 voies traitées
voie : bulk pour les ids de 1113762 à 1113961
bulk : {
  "took" : 13,
  "errors" :  ...
80: 10401 voies traitées
voie : bulk pour les ids de 1113962 à 1114161
bulk : {
  "took" : 13,
  "errors" :  ...
80: 10601 voies traitées
voie : bulk pour les ids de 1114162 à 1114361
bulk : {
  "took" : 34,
  "errors" :  ...
80: 10801 voies traitées
voie : bulk pour les ids de 1114362 à 1114561
bulk : {
  "took" : 12,
  "errors" :  ...
80: 11001 voies traitées
voie : bulk pour les ids de 1114562 à 1114761
bulk : {
  "took" : 12,
  "errors" :  ...
80: 11201 voies traitées
voie : bulk pour les ids de 1114762 à 1114961
bulk : {
  "took" : 12,
  "errors" :  ...
80: 11401 voies traitées
voie : bulk pour les ids de 1114962 à 1115161
bulk : {
  "took" : 12,
  "errors" :  ...
80: 11601 voies traitées
voie : bulk pour les ids de 1115162 à 1115361
bulk : {
  "took" : 12,
  "errors" :  ...
80: 11801 voies traitées
voie : bulk pour les ids de 1115362 à 1115561
bulk : {
  "took" : 12,
  "errors" :  ...
80: 12001 voies traitées
voie : bulk pour les ids de 1115562 à 1115761
bulk : {
  "took" : 13,
  "errors" :  ...
80: 12201 voies traitées
voie : bulk pour les ids de 1115762 à 1115961
bulk : {
  "took" : 13,
  "errors" :  ...
80: 12401 voies traitées
voie : bulk pour les ids de 1115962 à 1116161
bulk : {
  "took" : 13,
  "errors" :  ...
80: 12601 voies traitées
voie : bulk pour les ids de 1116162 à 1116361
bulk : {
  "took" : 13,
  "errors" :  ...
80: 12801 voies traitées
voie : bulk pour les ids de 1116362 à 1116561
bulk : {
  "took" : 13,
  "errors" :  ...
80: 13001 voies traitées
voie : bulk pour les ids de 1116562 à 1116761
bulk : {
  "took" : 12,
  "errors" :  ...
80: 13201 voies traitées
voie : bulk pour les ids de 1116762 à 1116961
bulk : {
  "took" : 12,
  "errors" :  ...
80: 13401 voies traitées
voie : bulk pour les ids de 1116962 à 1117161
bulk : {
  "took" : 24,
  "errors" :  ...
80: 13601 voies traitées
voie : bulk pour les ids de 1117162 à 1117361
bulk : {
  "took" : 13,
  "errors" :  ...
80: 13801 voies traitées
voie : bulk pour les ids de 1117362 à 1117561
bulk : {
  "took" : 13,
  "errors" :  ...
80: 14001 voies traitées
voie : bulk pour les ids de 1117562 à 1117761
bulk : {
  "took" : 12,
  "errors" :  ...
80: 14201 voies traitées
voie : bulk pour les ids de 1117762 à 1117961
bulk : {
  "took" : 41,
  "errors" :  ...
80: 14401 voies traitées
voie : bulk pour les ids de 1117962 à 1118161
bulk : {
  "took" : 13,
  "errors" :  ...
80: 14601 voies traitées
voie : bulk pour les ids de 1118162 à 1118361
bulk : {
  "took" : 12,
  "errors" :  ...
80: 14801 voies traitées
voie : bulk pour les ids de 1118362 à 1118561
bulk : {
  "took" : 28,
  "errors" :  ...
80: 15001 voies traitées
voie : bulk pour les ids de 1118562 à 1118761
bulk : {
  "took" : 11,
  "errors" :  ...
80: 15201 voies traitées
voie : bulk pour les ids de 1118762 à 1118961
bulk : {
  "took" : 11,
  "errors" :  ...
80: 15401 voies traitées
voie : bulk pour les ids de 1118962 à 1119001
bulk : {
  "took" : 2,
  "errors" : f ...
dpt 80 : adresses
80: 1 adresses traitées
80: 1001 adresses traitées
adresse : bulk pour les ids de 15233469 à 15234468
bulk : {
  "took" : 72,
  "errors" :  ...
80: 2001 adresses traitées
adresse : bulk pour les ids de 15234469 à 15235468
bulk : {
  "took" : 101,
  "errors" : ...
80: 3001 adresses traitées
adresse : bulk pour les ids de 15235469 à 15236468
bulk : {
  "took" : 81,
  "errors" :  ...
80: 4001 adresses traitées
adresse : bulk pour les ids de 15236469 à 15237468
bulk : {
  "took" : 68,
  "errors" :  ...
80: 5001 adresses traitées
adresse : bulk pour les ids de 15237469 à 15238468
bulk : {
  "took" : 64,
  "errors" :  ...
80: 6001 adresses traitées
adresse : bulk pour les ids de 15238469 à 15239468
bulk : {
  "took" : 102,
  "errors" : ...
80: 7001 adresses traitées
adresse : bulk pour les ids de 15239469 à 15240468
bulk : {
  "took" : 64,
  "errors" :  ...
80: 8001 adresses traitées
adresse : bulk pour les ids de 15240469 à 15241468
bulk : {
  "took" : 99,
  "errors" :  ...
80: 9001 adresses traitées
adresse : bulk pour les ids de 15241469 à 15242468
bulk : {
  "took" : 67,
  "errors" :  ...
80: 10001 adresses traitées
80: 11001 adresses traitées
adresse : bulk pour les ids de 15242469 à 15243468
bulk : {
  "took" : 103,
  "errors" : ...
80: 12001 adresses traitées
adresse : bulk pour les ids de 15243469 à 15244468
bulk : {
  "took" : 80,
  "errors" :  ...
80: 13001 adresses traitées
adresse : bulk pour les ids de 15244469 à 15245468
bulk : {
  "took" : 81,
  "errors" :  ...
80: 14001 adresses traitées
adresse : bulk pour les ids de 15245469 à 15246468
bulk : {
  "took" : 84,
  "errors" :  ...
80: 15001 adresses traitées
adresse : bulk pour les ids de 15246469 à 15247468
bulk : {
  "took" : 82,
  "errors" :  ...
80: 16001 adresses traitées
adresse : bulk pour les ids de 15247469 à 15248468
bulk : {
  "took" : 89,
  "errors" :  ...
80: 17001 adresses traitées
adresse : bulk pour les ids de 15248469 à 15249468
bulk : {
  "took" : 76,
  "errors" :  ...
80: 18001 adresses traitées
adresse : bulk pour les ids de 15249469 à 15250468
bulk : {
  "took" : 84,
  "errors" :  ...
80: 19001 adresses traitées
adresse : bulk pour les ids de 15250469 à 15251468
bulk : {
  "took" : 68,
  "errors" :  ...
80: 20001 adresses traitées
adresse : bulk pour les ids de 15251469 à 15252468
bulk : {
  "took" : 99,
  "errors" :  ...
80: 21001 adresses traitées
adresse : bulk pour les ids de 15252469 à 15253468
bulk : {
  "took" : 69,
  "errors" :  ...
80: 22001 adresses traitées
adresse : bulk pour les ids de 15253469 à 15254468
bulk : {
  "took" : 84,
  "errors" :  ...
80: 23001 adresses traitées
80: 24001 adresses traitées
adresse : bulk pour les ids de 15254469 à 15255468
bulk : {
  "took" : 66,
  "errors" :  ...
80: 25001 adresses traitées
adresse : bulk pour les ids de 15255469 à 15256468
bulk : {
  "took" : 95,
  "errors" :  ...
80: 26001 adresses traitées
adresse : bulk pour les ids de 15256469 à 15257468
bulk : {
  "took" : 66,
  "errors" :  ...
80: 27001 adresses traitées
adresse : bulk pour les ids de 15257469 à 15258468
bulk : {
  "took" : 99,
  "errors" :  ...
80: 28001 adresses traitées
adresse : bulk pour les ids de 15258469 à 15259468
bulk : {
  "took" : 66,
  "errors" :  ...
80: 29001 adresses traitées
adresse : bulk pour les ids de 15259469 à 15260468
bulk : {
  "took" : 81,
  "errors" :  ...
80: 30001 adresses traitées
adresse : bulk pour les ids de 15260469 à 15261468
bulk : {
  "took" : 79,
  "errors" :  ...
80: 31001 adresses traitées
adresse : bulk pour les ids de 15261469 à 15262468
bulk : {
  "took" : 82,
  "errors" :  ...
80: 32001 adresses traitées
adresse : bulk pour les ids de 15262469 à 15263468
bulk : {
  "took" : 82,
  "errors" :  ...
80: 33001 adresses traitées
adresse : bulk pour les ids de 15263469 à 15264468
bulk : {
  "took" : 81,
  "errors" :  ...
80: 34001 adresses traitées
adresse : bulk pour les ids de 15264469 à 15265468
bulk : {
  "took" : 79,
  "errors" :  ...
80: 35001 adresses traitées
adresse : bulk pour les ids de 15265469 à 15266468
bulk : {
  "took" : 82,
  "errors" :  ...
80: 36001 adresses traitées
adresse : bulk pour les ids de 15266469 à 15267468
bulk : {
  "took" : 66,
  "errors" :  ...
80: 37001 adresses traitées
adresse : bulk pour les ids de 15267469 à 15268468
bulk : {
  "took" : 97,
  "errors" :  ...
80: 38001 adresses traitées
adresse : bulk pour les ids de 15268469 à 15269468
bulk : {
  "took" : 79,
  "errors" :  ...
80: 39001 adresses traitées
adresse : bulk pour les ids de 15269469 à 15270468
bulk : {
  "took" : 82,
  "errors" :  ...
80: 40001 adresses traitées
adresse : bulk pour les ids de 15270469 à 15271468
bulk : {
  "took" : 63,
  "errors" :  ...
80: 41001 adresses traitées
adresse : bulk pour les ids de 15271469 à 15272468
bulk : {
  "took" : 92,
  "errors" :  ...
80: 42001 adresses traitées
adresse : bulk pour les ids de 15272469 à 15273468
bulk : {
  "took" : 65,
  "errors" :  ...
80: 43001 adresses traitées
adresse : bulk pour les ids de 15273469 à 15274468
bulk : {
  "took" : 98,
  "errors" :  ...
80: 44001 adresses traitées
adresse : bulk pour les ids de 15274469 à 15275468
bulk : {
  "took" : 84,
  "errors" :  ...
80: 45001 adresses traitées
adresse : bulk pour les ids de 15275469 à 15276468
bulk : {
  "took" : 80,
  "errors" :  ...
80: 46001 adresses traitées
adresse : bulk pour les ids de 15276469 à 15277468
bulk : {
  "took" : 93,
  "errors" :  ...
80: 47001 adresses traitées
adresse : bulk pour les ids de 15277469 à 15278468
bulk : {
  "took" : 124,
  "errors" : ...
80: 48001 adresses traitées
adresse : bulk pour les ids de 15278469 à 15279468
bulk : {
  "took" : 90,
  "errors" :  ...
80: 49001 adresses traitées
adresse : bulk pour les ids de 15279469 à 15280468
bulk : {
  "took" : 93,
  "errors" :  ...
80: 50001 adresses traitées
adresse : bulk pour les ids de 15280469 à 15281468
bulk : {
  "took" : 66,
  "errors" :  ...
80: 51001 adresses traitées
adresse : bulk pour les ids de 15281469 à 15282468
bulk : {
  "took" : 94,
  "errors" :  ...
80: 52001 adresses traitées
80: 53001 adresses traitées
adresse : bulk pour les ids de 15282469 à 15283468
bulk : {
  "took" : 64,
  "errors" :  ...
80: 54001 adresses traitées
adresse : bulk pour les ids de 15283469 à 15284468
bulk : {
  "took" : 99,
  "errors" :  ...
80: 55001 adresses traitées
adresse : bulk pour les ids de 15284469 à 15285468
bulk : {
  "took" : 79,
  "errors" :  ...
80: 56001 adresses traitées
adresse : bulk pour les ids de 15285469 à 15286468
bulk : {
  "took" : 81,
  "errors" :  ...
80: 57001 adresses traitées
adresse : bulk pour les ids de 15286469 à 15287468
bulk : {
  "took" : 80,
  "errors" :  ...
80: 58001 adresses traitées
adresse : bulk pour les ids de 15287469 à 15288468
bulk : {
  "took" : 96,
  "errors" :  ...
80: 59001 adresses traitées
adresse : bulk pour les ids de 15288469 à 15289468
bulk : {
  "took" : 67,
  "errors" :  ...
80: 60001 adresses traitées
adresse : bulk pour les ids de 15289469 à 15290468
bulk : {
  "took" : 81,
  "errors" :  ...
80: 61001 adresses traitées
adresse : bulk pour les ids de 15290469 à 15291468
bulk : {
  "took" : 81,
  "errors" :  ...
80: 62001 adresses traitées
adresse : bulk pour les ids de 15291469 à 15292468
bulk : {
  "took" : 85,
  "errors" :  ...
80: 63001 adresses traitées
adresse : bulk pour les ids de 15292469 à 15293468
bulk : {
  "took" : 78,
  "errors" :  ...
80: 64001 adresses traitées
adresse : bulk pour les ids de 15293469 à 15294468
bulk : {
  "took" : 95,
  "errors" :  ...
80: 65001 adresses traitées
adresse : bulk pour les ids de 15294469 à 15295468
bulk : {
  "took" : 65,
  "errors" :  ...
80: 66001 adresses traitées
adresse : bulk pour les ids de 15295469 à 15296468
bulk : {
  "took" : 94,
  "errors" :  ...
80: 67001 adresses traitées
adresse : bulk pour les ids de 15296469 à 15297468
bulk : {
  "took" : 65,
  "errors" :  ...
80: 68001 adresses traitées
adresse : bulk pour les ids de 15297469 à 15298468
bulk : {
  "took" : 99,
  "errors" :  ...
80: 69001 adresses traitées
adresse : bulk pour les ids de 15298469 à 15299468
bulk : {
  "took" : 80,
  "errors" :  ...
80: 70001 adresses traitées
adresse : bulk pour les ids de 15299469 à 15300468
bulk : {
  "took" : 81,
  "errors" :  ...
80: 71001 adresses traitées
adresse : bulk pour les ids de 15300469 à 15301468
bulk : {
  "took" : 84,
  "errors" :  ...
80: 72001 adresses traitées
80: 73001 adresses traitées
adresse : bulk pour les ids de 15301469 à 15302468
bulk : {
  "took" : 82,
  "errors" :  ...
80: 74001 adresses traitées
adresse : bulk pour les ids de 15302469 à 15303468
bulk : {
  "took" : 65,
  "errors" :  ...
80: 75001 adresses traitées
adresse : bulk pour les ids de 15303469 à 15304468
bulk : {
  "took" : 96,
  "errors" :  ...
80: 76001 adresses traitées
adresse : bulk pour les ids de 15304469 à 15305468
bulk : {
  "took" : 65,
  "errors" :  ...
80: 77001 adresses traitées
adresse : bulk pour les ids de 15305469 à 15306468
bulk : {
  "took" : 88,
  "errors" :  ...
80: 78001 adresses traitées
adresse : bulk pour les ids de 15306469 à 15307468
bulk : {
  "took" : 87,
  "errors" :  ...
80: 79001 adresses traitées
adresse : bulk pour les ids de 15307469 à 15308468
bulk : {
  "took" : 76,
  "errors" :  ...
80: 80001 adresses traitées
adresse : bulk pour les ids de 15308469 à 15309468
bulk : {
  "took" : 86,
  "errors" :  ...
80: 81001 adresses traitées
adresse : bulk pour les ids de 15309469 à 15310468
bulk : {
  "took" : 71,
  "errors" :  ...
80: 82001 adresses traitées
adresse : bulk pour les ids de 15310469 à 15311468
bulk : {
  "took" : 86,
  "errors" :  ...
80: 83001 adresses traitées
adresse : bulk pour les ids de 15311469 à 15312468
bulk : {
  "took" : 81,
  "errors" :  ...
80: 84001 adresses traitées
adresse : bulk pour les ids de 15312469 à 15313468
bulk : {
  "took" : 74,
  "errors" :  ...
80: 85001 adresses traitées
adresse : bulk pour les ids de 15313469 à 15314468
bulk : {
  "took" : 81,
  "errors" :  ...
80: 86001 adresses traitées
adresse : bulk pour les ids de 15314469 à 15315468
bulk : {
  "took" : 82,
  "errors" :  ...
80: 87001 adresses traitées
adresse : bulk pour les ids de 15315469 à 15316468
bulk : {
  "took" : 64,
  "errors" :  ...
80: 88001 adresses traitées
80: 89001 adresses traitées
adresse : bulk pour les ids de 15316469 à 15317468
bulk : {
  "took" : 98,
  "errors" :  ...
80: 90001 adresses traitées
adresse : bulk pour les ids de 15317469 à 15318468
bulk : {
  "took" : 66,
  "errors" :  ...
80: 91001 adresses traitées
adresse : bulk pour les ids de 15318469 à 15319468
bulk : {
  "took" : 95,
  "errors" :  ...
80: 92001 adresses traitées
adresse : bulk pour les ids de 15319469 à 15320468
bulk : {
  "took" : 76,
  "errors" :  ...
80: 93001 adresses traitées
adresse : bulk pour les ids de 15320469 à 15321468
bulk : {
  "took" : 80,
  "errors" :  ...
80: 94001 adresses traitées
adresse : bulk pour les ids de 15321469 à 15322468
bulk : {
  "took" : 79,
  "errors" :  ...
80: 95001 adresses traitées
adresse : bulk pour les ids de 15322469 à 15323468
bulk : {
  "took" : 91,
  "errors" :  ...
80: 96001 adresses traitées
adresse : bulk pour les ids de 15323469 à 15324468
bulk : {
  "took" : 64,
  "errors" :  ...
80: 97001 adresses traitées
adresse : bulk pour les ids de 15324469 à 15325468
bulk : {
  "took" : 98,
  "errors" :  ...
80: 98001 adresses traitées
adresse : bulk pour les ids de 15325469 à 15326468
bulk : {
  "took" : 79,
  "errors" :  ...
80: 99001 adresses traitées
adresse : bulk pour les ids de 15326469 à 15327468
bulk : {
  "took" : 81,
  "errors" :  ...
80: 100001 adresses traitées
adresse : bulk pour les ids de 15327469 à 15328468
bulk : {
  "took" : 90,
  "errors" :  ...
80: 101001 adresses traitées
adresse : bulk pour les ids de 15328469 à 15329468
bulk : {
  "took" : 80,
  "errors" :  ...
80: 102001 adresses traitées
adresse : bulk pour les ids de 15329469 à 15330468
bulk : {
  "took" : 77,
  "errors" :  ...
80: 103001 adresses traitées
adresse : bulk pour les ids de 15330469 à 15331468
bulk : {
  "took" : 95,
  "errors" :  ...
80: 104001 adresses traitées
adresse : bulk pour les ids de 15331469 à 15332468
bulk : {
  "took" : 64,
  "errors" :  ...
80: 105001 adresses traitées
adresse : bulk pour les ids de 15332469 à 15333468
bulk : {
  "took" : 97,
  "errors" :  ...
80: 106001 adresses traitées
adresse : bulk pour les ids de 15333469 à 15334468
bulk : {
  "took" : 64,
  "errors" :  ...
80: 107001 adresses traitées
adresse : bulk pour les ids de 15334469 à 15335468
bulk : {
  "took" : 97,
  "errors" :  ...
80: 108001 adresses traitées
adresse : bulk pour les ids de 15335469 à 15336468
bulk : {
  "took" : 65,
  "errors" :  ...
80: 109001 adresses traitées
adresse : bulk pour les ids de 15336469 à 15337468
bulk : {
  "took" : 96,
  "errors" :  ...
80: 110001 adresses traitées
adresse : bulk pour les ids de 15337469 à 15338468
bulk : {
  "took" : 65,
  "errors" :  ...
80: 111001 adresses traitées
80: 112001 adresses traitées
adresse : bulk pour les ids de 15338469 à 15339468
bulk : {
  "took" : 97,
  "errors" :  ...
80: 113001 adresses traitées
adresse : bulk pour les ids de 15339469 à 15340468
bulk : {
  "took" : 84,
  "errors" :  ...
80: 114001 adresses traitées
adresse : bulk pour les ids de 15340469 à 15341468
bulk : {
  "took" : 94,
  "errors" :  ...
80: 115001 adresses traitées
adresse : bulk pour les ids de 15341469 à 15342468
bulk : {
  "took" : 67,
  "errors" :  ...
80: 116001 adresses traitées
adresse : bulk pour les ids de 15342469 à 15343468
bulk : {
  "took" : 94,
  "errors" :  ...
80: 117001 adresses traitées
adresse : bulk pour les ids de 15343469 à 15344468
bulk : {
  "took" : 76,
  "errors" :  ...
80: 118001 adresses traitées
adresse : bulk pour les ids de 15344469 à 15345468
bulk : {
  "took" : 80,
  "errors" :  ...
80: 119001 adresses traitées
adresse : bulk pour les ids de 15345469 à 15346468
bulk : {
  "took" : 81,
  "errors" :  ...
80: 120001 adresses traitées
adresse : bulk pour les ids de 15346469 à 15347468
bulk : {
  "took" : 81,
  "errors" :  ...
80: 121001 adresses traitées
adresse : bulk pour les ids de 15347469 à 15348468
bulk : {
  "took" : 67,
  "errors" :  ...
80: 122001 adresses traitées
adresse : bulk pour les ids de 15348469 à 15349468
bulk : {
  "took" : 99,
  "errors" :  ...
80: 123001 adresses traitées
adresse : bulk pour les ids de 15349469 à 15350468
bulk : {
  "took" : 67,
  "errors" :  ...
80: 124001 adresses traitées
adresse : bulk pour les ids de 15350469 à 15351468
bulk : {
  "took" : 98,
  "errors" :  ...
80: 125001 adresses traitées
adresse : bulk pour les ids de 15351469 à 15352468
bulk : {
  "took" : 67,
  "errors" :  ...
80: 126001 adresses traitées
adresse : bulk pour les ids de 15352469 à 15353468
bulk : {
  "took" : 100,
  "errors" : ...
80: 127001 adresses traitées
80: 128001 adresses traitées
adresse : bulk pour les ids de 15353469 à 15354468
bulk : {
  "took" : 66,
  "errors" :  ...
80: 129001 adresses traitées
adresse : bulk pour les ids de 15354469 à 15355468
bulk : {
  "took" : 84,
  "errors" :  ...
80: 130001 adresses traitées
adresse : bulk pour les ids de 15355469 à 15356468
bulk : {
  "took" : 104,
  "errors" : ...
80: 131001 adresses traitées
adresse : bulk pour les ids de 15356469 à 15357468
bulk : {
  "took" : 78,
  "errors" :  ...
80: 132001 adresses traitées
adresse : bulk pour les ids de 15357469 à 15358468
bulk : {
  "took" : 75,
  "errors" :  ...
80: 133001 adresses traitées
adresse : bulk pour les ids de 15358469 à 15359468
bulk : {
  "took" : 95,
  "errors" :  ...
80: 134001 adresses traitées
adresse : bulk pour les ids de 15359469 à 15360468
bulk : {
  "took" : 72,
  "errors" :  ...
80: 135001 adresses traitées
adresse : bulk pour les ids de 15360469 à 15361468
bulk : {
  "took" : 98,
  "errors" :  ...
80: 136001 adresses traitées
adresse : bulk pour les ids de 15361469 à 15362468
bulk : {
  "took" : 85,
  "errors" :  ...
80: 137001 adresses traitées
adresse : bulk pour les ids de 15362469 à 15363468
bulk : {
  "took" : 70,
  "errors" :  ...
80: 138001 adresses traitées
adresse : bulk pour les ids de 15363469 à 15364468
bulk : {
  "took" : 92,
  "errors" :  ...
80: 139001 adresses traitées
adresse : bulk pour les ids de 15364469 à 15365468
bulk : {
  "took" : 80,
  "errors" :  ...
80: 140001 adresses traitées
adresse : bulk pour les ids de 15365469 à 15366468
bulk : {
  "took" : 69,
  "errors" :  ...
80: 141001 adresses traitées
adresse : bulk pour les ids de 15366469 à 15367468
bulk : {
  "took" : 88,
  "errors" :  ...
80: 142001 adresses traitées
adresse : bulk pour les ids de 15367469 à 15368468
bulk : {
  "took" : 69,
  "errors" :  ...
80: 143001 adresses traitées
adresse : bulk pour les ids de 15368469 à 15369468
bulk : {
  "took" : 90,
  "errors" :  ...
80: 144001 adresses traitées
adresse : bulk pour les ids de 15369469 à 15370468
bulk : {
  "took" : 67,
  "errors" :  ...
80: 145001 adresses traitées
adresse : bulk pour les ids de 15370469 à 15371468
bulk : {
  "took" : 85,
  "errors" :  ...
80: 146001 adresses traitées
adresse : bulk pour les ids de 15371469 à 15372468
bulk : {
  "took" : 68,
  "errors" :  ...
80: 147001 adresses traitées
adresse : bulk pour les ids de 15372469 à 15373468
bulk : {
  "took" : 85,
  "errors" :  ...
80: 148001 adresses traitées
adresse : bulk pour les ids de 15373469 à 15374468
bulk : {
  "took" : 71,
  "errors" :  ...
80: 149001 adresses traitées
adresse : bulk pour les ids de 15374469 à 15375468
bulk : {
  "took" : 87,
  "errors" :  ...
80: 150001 adresses traitées
adresse : bulk pour les ids de 15375469 à 15376468
bulk : {
  "took" : 71,
  "errors" :  ...
80: 151001 adresses traitées
adresse : bulk pour les ids de 15376469 à 15377468
bulk : {
  "took" : 159,
  "errors" : ...
80: 152001 adresses traitées
adresse : bulk pour les ids de 15377469 à 15378468
bulk : {
  "took" : 70,
  "errors" :  ...
80: 153001 adresses traitées
80: 154001 adresses traitées
adresse : bulk pour les ids de 15378469 à 15379468
bulk : {
  "took" : 90,
  "errors" :  ...
80: 155001 adresses traitées
adresse : bulk pour les ids de 15379469 à 15380468
bulk : {
  "took" : 68,
  "errors" :  ...
80: 156001 adresses traitées
adresse : bulk pour les ids de 15380469 à 15381468
bulk : {
  "took" : 68,
  "errors" :  ...
80: 157001 adresses traitées
adresse : bulk pour les ids de 15381469 à 15382468
bulk : {
  "took" : 82,
  "errors" :  ...
80: 158001 adresses traitées
adresse : bulk pour les ids de 15382469 à 15383468
bulk : {
  "took" : 70,
  "errors" :  ...
80: 159001 adresses traitées
adresse : bulk pour les ids de 15383469 à 15384468
bulk : {
  "took" : 82,
  "errors" :  ...
80: 160001 adresses traitées
adresse : bulk pour les ids de 15384469 à 15385468
bulk : {
  "took" : 68,
  "errors" :  ...
80: 161001 adresses traitées
adresse : bulk pour les ids de 15385469 à 15386468
bulk : {
  "took" : 82,
  "errors" :  ...
80: 162001 adresses traitées
adresse : bulk pour les ids de 15386469 à 15387468
bulk : {
  "took" : 68,
  "errors" :  ...
80: 163001 adresses traitées
adresse : bulk pour les ids de 15387469 à 15388468
bulk : {
  "took" : 84,
  "errors" :  ...
80: 164001 adresses traitées
adresse : bulk pour les ids de 15388469 à 15389468
bulk : {
  "took" : 69,
  "errors" :  ...
80: 165001 adresses traitées
adresse : bulk pour les ids de 15389469 à 15390468
bulk : {
  "took" : 83,
  "errors" :  ...
80: 166001 adresses traitées
adresse : bulk pour les ids de 15390469 à 15391468
bulk : {
  "took" : 68,
  "errors" :  ...
80: 167001 adresses traitées
adresse : bulk pour les ids de 15391469 à 15392468
bulk : {
  "took" : 90,
  "errors" :  ...
80: 168001 adresses traitées
adresse : bulk pour les ids de 15392469 à 15393468
bulk : {
  "took" : 69,
  "errors" :  ...
80: 169001 adresses traitées
adresse : bulk pour les ids de 15393469 à 15394468
bulk : {
  "took" : 87,
  "errors" :  ...
80: 170001 adresses traitées
adresse : bulk pour les ids de 15394469 à 15395468
bulk : {
  "took" : 68,
  "errors" :  ...
80: 171001 adresses traitées
adresse : bulk pour les ids de 15395469 à 15396468
bulk : {
  "took" : 86,
  "errors" :  ...
80: 172001 adresses traitées
adresse : bulk pour les ids de 15396469 à 15397468
bulk : {
  "took" : 68,
  "errors" :  ...
80: 173001 adresses traitées
adresse : bulk pour les ids de 15397469 à 15398468
bulk : {
  "took" : 94,
  "errors" :  ...
80: 174001 adresses traitées
adresse : bulk pour les ids de 15398469 à 15399468
bulk : {
  "took" : 68,
  "errors" :  ...
80: 175001 adresses traitées
adresse : bulk pour les ids de 15399469 à 15400468
bulk : {
  "took" : 86,
  "errors" :  ...
80: 176001 adresses traitées
adresse : bulk pour les ids de 15400469 à 15401468
bulk : {
  "took" : 71,
  "errors" :  ...
80: 177001 adresses traitées
adresse : bulk pour les ids de 15401469 à 15402468
bulk : {
  "took" : 90,
  "errors" :  ...
80: 178001 adresses traitées
adresse : bulk pour les ids de 15402469 à 15403468
bulk : {
  "took" : 71,
  "errors" :  ...
80: 179001 adresses traitées
adresse : bulk pour les ids de 15403469 à 15404468
bulk : {
  "took" : 85,
  "errors" :  ...
80: 180001 adresses traitées
adresse : bulk pour les ids de 15404469 à 15405468
bulk : {
  "took" : 70,
  "errors" :  ...
80: 181001 adresses traitées
adresse : bulk pour les ids de 15405469 à 15406468
bulk : {
  "took" : 88,
  "errors" :  ...
80: 182001 adresses traitées
adresse : bulk pour les ids de 15406469 à 15407468
bulk : {
  "took" : 69,
  "errors" :  ...
80: 183001 adresses traitées
adresse : bulk pour les ids de 15407469 à 15408468
bulk : {
  "took" : 91,
  "errors" :  ...
80: 184001 adresses traitées
adresse : bulk pour les ids de 15408469 à 15409468
bulk : {
  "took" : 69,
  "errors" :  ...
80: 185001 adresses traitées
adresse : bulk pour les ids de 15409469 à 15410468
bulk : {
  "took" : 85,
  "errors" :  ...
80: 186001 adresses traitées
adresse : bulk pour les ids de 15410469 à 15411468
bulk : {
  "took" : 69,
  "errors" :  ...
80: 187001 adresses traitées
adresse : bulk pour les ids de 15411469 à 15412468
bulk : {
  "took" : 88,
  "errors" :  ...
80: 188001 adresses traitées
adresse : bulk pour les ids de 15412469 à 15413468
bulk : {
  "took" : 84,
  "errors" :  ...
80: 189001 adresses traitées
adresse : bulk pour les ids de 15413469 à 15414468
bulk : {
  "took" : 70,
  "errors" :  ...
80: 190001 adresses traitées
adresse : bulk pour les ids de 15414469 à 15415468
bulk : {
  "took" : 84,
  "errors" :  ...
80: 191001 adresses traitées
80: 192001 adresses traitées
adresse : bulk pour les ids de 15415469 à 15416468
bulk : {
  "took" : 70,
  "errors" :  ...
80: 193001 adresses traitées
adresse : bulk pour les ids de 15416469 à 15417468
bulk : {
  "took" : 84,
  "errors" :  ...
80: 194001 adresses traitées
adresse : bulk pour les ids de 15417469 à 15418468
bulk : {
  "took" : 69,
  "errors" :  ...
80: 195001 adresses traitées
adresse : bulk pour les ids de 15418469 à 15419468
bulk : {
  "took" : 84,
  "errors" :  ...
80: 196001 adresses traitées
adresse : bulk pour les ids de 15419469 à 15420468
bulk : {
  "took" : 69,
  "errors" :  ...
80: 197001 adresses traitées
adresse : bulk pour les ids de 15420469 à 15421468
bulk : {
  "took" : 89,
  "errors" :  ...
80: 198001 adresses traitées
adresse : bulk pour les ids de 15421469 à 15422468
bulk : {
  "took" : 75,
  "errors" :  ...
80: 199001 adresses traitées
adresse : bulk pour les ids de 15422469 à 15423468
bulk : {
  "took" : 89,
  "errors" :  ...
80: 200001 adresses traitées
adresse : bulk pour les ids de 15423469 à 15424468
bulk : {
  "took" : 71,
  "errors" :  ...
80: 201001 adresses traitées
adresse : bulk pour les ids de 15424469 à 15425468
bulk : {
  "took" : 86,
  "errors" :  ...
80: 202001 adresses traitées
adresse : bulk pour les ids de 15425469 à 15426468
bulk : {
  "took" : 71,
  "errors" :  ...
80: 203001 adresses traitées
adresse : bulk pour les ids de 15426469 à 15427468
bulk : {
  "took" : 86,
  "errors" :  ...
80: 204001 adresses traitées
adresse : bulk pour les ids de 15427469 à 15428468
bulk : {
  "took" : 74,
  "errors" :  ...
80: 205001 adresses traitées
adresse : bulk pour les ids de 15428469 à 15429468
bulk : {
  "took" : 89,
  "errors" :  ...
80: 206001 adresses traitées
80: 207001 adresses traitées
adresse : bulk pour les ids de 15429469 à 15430468
bulk : {
  "took" : 72,
  "errors" :  ...
80: 208001 adresses traitées
adresse : bulk pour les ids de 15430469 à 15431468
bulk : {
  "took" : 93,
  "errors" :  ...
80: 209001 adresses traitées
adresse : bulk pour les ids de 15431469 à 15432468
bulk : {
  "took" : 75,
  "errors" :  ...
80: 210001 adresses traitées
adresse : bulk pour les ids de 15432469 à 15433468
bulk : {
  "took" : 89,
  "errors" :  ...
80: 211001 adresses traitées
adresse : bulk pour les ids de 15433469 à 15434468
bulk : {
  "took" : 71,
  "errors" :  ...
80: 212001 adresses traitées
adresse : bulk pour les ids de 15434469 à 15435468
bulk : {
  "took" : 86,
  "errors" :  ...
80: 213001 adresses traitées
adresse : bulk pour les ids de 15435469 à 15436468
bulk : {
  "took" : 71,
  "errors" :  ...
80: 214001 adresses traitées
adresse : bulk pour les ids de 15436469 à 15437468
bulk : {
  "took" : 92,
  "errors" :  ...
80: 215001 adresses traitées
adresse : bulk pour les ids de 15437469 à 15438468
bulk : {
  "took" : 70,
  "errors" :  ...
80: 216001 adresses traitées
adresse : bulk pour les ids de 15438469 à 15439468
bulk : {
  "took" : 87,
  "errors" :  ...
80: 217001 adresses traitées
adresse : bulk pour les ids de 15439469 à 15440468
bulk : {
  "took" : 70,
  "errors" :  ...
80: 218001 adresses traitées
adresse : bulk pour les ids de 15440469 à 15441468
bulk : {
  "took" : 69,
  "errors" :  ...
80: 219001 adresses traitées
adresse : bulk pour les ids de 15441469 à 15442468
bulk : {
  "took" : 83,
  "errors" :  ...
80: 220001 adresses traitées
80: 221001 adresses traitées
adresse : bulk pour les ids de 15442469 à 15443468
bulk : {
  "took" : 71,
  "errors" :  ...
80: 222001 adresses traitées
adresse : bulk pour les ids de 15443469 à 15444468
bulk : {
  "took" : 90,
  "errors" :  ...
80: 223001 adresses traitées
adresse : bulk pour les ids de 15444469 à 15445468
bulk : {
  "took" : 71,
  "errors" :  ...
80: 224001 adresses traitées
adresse : bulk pour les ids de 15445469 à 15446468
bulk : {
  "took" : 88,
  "errors" :  ...
80: 225001 adresses traitées
adresse : bulk pour les ids de 15446469 à 15447468
bulk : {
  "took" : 70,
  "errors" :  ...
80: 226001 adresses traitées
adresse : bulk pour les ids de 15447469 à 15448468
bulk : {
  "took" : 88,
  "errors" :  ...
80: 227001 adresses traitées
adresse : bulk pour les ids de 15448469 à 15449468
bulk : {
  "took" : 72,
  "errors" :  ...
80: 228001 adresses traitées
adresse : bulk pour les ids de 15449469 à 15450468
bulk : {
  "took" : 90,
  "errors" :  ...
80: 229001 adresses traitées
adresse : bulk pour les ids de 15450469 à 15451468
bulk : {
  "took" : 72,
  "errors" :  ...
80: 230001 adresses traitées
adresse : bulk pour les ids de 15451469 à 15452468
bulk : {
  "took" : 87,
  "errors" :  ...
80: 231001 adresses traitées
adresse : bulk pour les ids de 15452469 à 15453468
bulk : {
  "took" : 70,
  "errors" :  ...
80: 232001 adresses traitées
adresse : bulk pour les ids de 15453469 à 15454468
bulk : {
  "took" : 94,
  "errors" :  ...
80: 233001 adresses traitées
adresse : bulk pour les ids de 15454469 à 15455468
bulk : {
  "took" : 69,
  "errors" :  ...
80: 234001 adresses traitées
adresse : bulk pour les ids de 15455469 à 15456468
bulk : {
  "took" : 93,
  "errors" :  ...
80: 235001 adresses traitées
80: 236001 adresses traitées
adresse : bulk pour les ids de 15456469 à 15457468
bulk : {
  "took" : 69,
  "errors" :  ...
80: 237001 adresses traitées
adresse : bulk pour les ids de 15457469 à 15458468
bulk : {
  "took" : 82,
  "errors" :  ...
80: 238001 adresses traitées
adresse : bulk pour les ids de 15458469 à 15459468
bulk : {
  "took" : 70,
  "errors" :  ...
80: 239001 adresses traitées
adresse : bulk pour les ids de 15459469 à 15460468
bulk : {
  "took" : 85,
  "errors" :  ...
80: 240001 adresses traitées
adresse : bulk pour les ids de 15460469 à 15461468
bulk : {
  "took" : 69,
  "errors" :  ...
80: 241001 adresses traitées
adresse : bulk pour les ids de 15461469 à 15462468
bulk : {
  "took" : 87,
  "errors" :  ...
80: 242001 adresses traitées
adresse : bulk pour les ids de 15462469 à 15463468
bulk : {
  "took" : 70,
  "errors" :  ...
80: 243001 adresses traitées
adresse : bulk pour les ids de 15463469 à 15464468
bulk : {
  "took" : 90,
  "errors" :  ...
80: 244001 adresses traitées
adresse : bulk pour les ids de 15464469 à 15465468
bulk : {
  "took" : 70,
  "errors" :  ...
80: 245001 adresses traitées
adresse : bulk pour les ids de 15465469 à 15466468
bulk : {
  "took" : 89,
  "errors" :  ...
80: 246001 adresses traitées
adresse : bulk pour les ids de 15466469 à 15467468
bulk : {
  "took" : 73,
  "errors" :  ...
80: 247001 adresses traitées
adresse : bulk pour les ids de 15467469 à 15468468
bulk : {
  "took" : 86,
  "errors" :  ...
80: 248001 adresses traitées
adresse : bulk pour les ids de 15468469 à 15469468
bulk : {
  "took" : 71,
  "errors" :  ...
80: 249001 adresses traitées
adresse : bulk pour les ids de 15469469 à 15470468
bulk : {
  "took" : 85,
  "errors" :  ...
80: 250001 adresses traitées
80: 251001 adresses traitées
adresse : bulk pour les ids de 15470469 à 15471468
bulk : {
  "took" : 71,
  "errors" :  ...
80: 252001 adresses traitées
adresse : bulk pour les ids de 15471469 à 15472468
bulk : {
  "took" : 71,
  "errors" :  ...
80: 253001 adresses traitées
adresse : bulk pour les ids de 15472469 à 15473468
bulk : {
  "took" : 89,
  "errors" :  ...
80: 254001 adresses traitées
adresse : bulk pour les ids de 15473469 à 15474468
bulk : {
  "took" : 75,
  "errors" :  ...
80: 255001 adresses traitées
adresse : bulk pour les ids de 15474469 à 15475468
bulk : {
  "took" : 88,
  "errors" :  ...
80: 256001 adresses traitées
adresse : bulk pour les ids de 15475469 à 15476468
bulk : {
  "took" : 76,
  "errors" :  ...
80: 257001 adresses traitées
adresse : bulk pour les ids de 15476469 à 15477468
bulk : {
  "took" : 87,
  "errors" :  ...
adresse : bulk pour les ids de 15477469 à 15477625
bulk : {
  "took" : 11,
  "errors" :  ...
dpt 81 : voies
81: 1 voies traitées
voie : bulk pour les ids de 1119002 à 1119201
bulk : {
  "took" : 12,
  "errors" :  ...
81: 201 voies traitées
voie : bulk pour les ids de 1119202 à 1119401
bulk : {
  "took" : 12,
  "errors" :  ...
81: 401 voies traitées
voie : bulk pour les ids de 1119402 à 1119601
bulk : {
  "took" : 28,
  "errors" :  ...
81: 601 voies traitées
voie : bulk pour les ids de 1119602 à 1119801
bulk : {
  "took" : 12,
  "errors" :  ...
81: 801 voies traitées
voie : bulk pour les ids de 1119802 à 1120001
bulk : {
  "took" : 13,
  "errors" :  ...
81: 1001 voies traitées
voie : bulk pour les ids de 1120002 à 1120201
bulk : {
  "took" : 12,
  "errors" :  ...
81: 1201 voies traitées
voie : bulk pour les ids de 1120202 à 1120401
bulk : {
  "took" : 13,
  "errors" :  ...
81: 1401 voies traitées
voie : bulk pour les ids de 1120402 à 1120601
bulk : {
  "took" : 12,
  "errors" :  ...
81: 1601 voies traitées
voie : bulk pour les ids de 1120602 à 1120801
bulk : {
  "took" : 26,
  "errors" :  ...
81: 1801 voies traitées
voie : bulk pour les ids de 1120802 à 1121001
bulk : {
  "took" : 13,
  "errors" :  ...
81: 2001 voies traitées
voie : bulk pour les ids de 1121002 à 1121201
bulk : {
  "took" : 12,
  "errors" :  ...
81: 2201 voies traitées
voie : bulk pour les ids de 1121202 à 1121401
bulk : {
  "took" : 12,
  "errors" :  ...
81: 2401 voies traitées
voie : bulk pour les ids de 1121402 à 1121601
bulk : {
  "took" : 12,
  "errors" :  ...
81: 2601 voies traitées
voie : bulk pour les ids de 1121602 à 1121801
bulk : {
  "took" : 12,
  "errors" :  ...
81: 2801 voies traitées
voie : bulk pour les ids de 1121802 à 1122001
bulk : {
  "took" : 12,
  "errors" :  ...
81: 3001 voies traitées
voie : bulk pour les ids de 1122002 à 1122201
bulk : {
  "took" : 12,
  "errors" :  ...
81: 3201 voies traitées
voie : bulk pour les ids de 1122202 à 1122401
bulk : {
  "took" : 12,
  "errors" :  ...
81: 3401 voies traitées
voie : bulk pour les ids de 1122402 à 1122601
bulk : {
  "took" : 15,
  "errors" :  ...
81: 3601 voies traitées
voie : bulk pour les ids de 1122602 à 1122801
bulk : {
  "took" : 25,
  "errors" :  ...
81: 3801 voies traitées
voie : bulk pour les ids de 1122802 à 1123001
bulk : {
  "took" : 12,
  "errors" :  ...
81: 4001 voies traitées
voie : bulk pour les ids de 1123002 à 1123201
bulk : {
  "took" : 12,
  "errors" :  ...
81: 4201 voies traitées
voie : bulk pour les ids de 1123202 à 1123401
bulk : {
  "took" : 12,
  "errors" :  ...
81: 4401 voies traitées
voie : bulk pour les ids de 1123402 à 1123601
bulk : {
  "took" : 12,
  "errors" :  ...
81: 4601 voies traitées
voie : bulk pour les ids de 1123602 à 1123801
bulk : {
  "took" : 12,
  "errors" :  ...
81: 4801 voies traitées
voie : bulk pour les ids de 1123802 à 1124001
bulk : {
  "took" : 12,
  "errors" :  ...
81: 5001 voies traitées
voie : bulk pour les ids de 1124002 à 1124201
bulk : {
  "took" : 12,
  "errors" :  ...
81: 5201 voies traitées
voie : bulk pour les ids de 1124202 à 1124401
bulk : {
  "took" : 12,
  "errors" :  ...
81: 5401 voies traitées
voie : bulk pour les ids de 1124402 à 1124601
bulk : {
  "took" : 13,
  "errors" :  ...
81: 5601 voies traitées
voie : bulk pour les ids de 1124602 à 1124801
bulk : {
  "took" : 29,
  "errors" :  ...
81: 5801 voies traitées
voie : bulk pour les ids de 1124802 à 1125001
bulk : {
  "took" : 13,
  "errors" :  ...
81: 6001 voies traitées
voie : bulk pour les ids de 1125002 à 1125201
bulk : {
  "took" : 13,
  "errors" :  ...
81: 6201 voies traitées
voie : bulk pour les ids de 1125202 à 1125401
bulk : {
  "took" : 11,
  "errors" :  ...
81: 6401 voies traitées
voie : bulk pour les ids de 1125402 à 1125601
bulk : {
  "took" : 12,
  "errors" :  ...
81: 6601 voies traitées
voie : bulk pour les ids de 1125602 à 1125801
bulk : {
  "took" : 13,
  "errors" :  ...
81: 6801 voies traitées
voie : bulk pour les ids de 1125802 à 1126001
bulk : {
  "took" : 12,
  "errors" :  ...
81: 7001 voies traitées
voie : bulk pour les ids de 1126002 à 1126201
bulk : {
  "took" : 12,
  "errors" :  ...
81: 7201 voies traitées
voie : bulk pour les ids de 1126202 à 1126401
bulk : {
  "took" : 30,
  "errors" :  ...
81: 7401 voies traitées
voie : bulk pour les ids de 1126402 à 1126601
bulk : {
  "took" : 28,
  "errors" :  ...
81: 7601 voies traitées
voie : bulk pour les ids de 1126602 à 1126801
bulk : {
  "took" : 12,
  "errors" :  ...
81: 7801 voies traitées
voie : bulk pour les ids de 1126802 à 1126880
bulk : {
  "took" : 5,
  "errors" : f ...
dpt 81 : adresses
81: 1 adresses traitées
81: 1001 adresses traitées
adresse : bulk pour les ids de 15477626 à 15478625
bulk : {
  "took" : 90,
  "errors" :  ...
81: 2001 adresses traitées
adresse : bulk pour les ids de 15478626 à 15479625
bulk : {
  "took" : 71,
  "errors" :  ...
81: 3001 adresses traitées
adresse : bulk pour les ids de 15479626 à 15480625
bulk : {
  "took" : 86,
  "errors" :  ...
81: 4001 adresses traitées
adresse : bulk pour les ids de 15480626 à 15481625
bulk : {
  "took" : 70,
  "errors" :  ...
81: 5001 adresses traitées
adresse : bulk pour les ids de 15481626 à 15482625
bulk : {
  "took" : 88,
  "errors" :  ...
81: 6001 adresses traitées
adresse : bulk pour les ids de 15482626 à 15483625
bulk : {
  "took" : 81,
  "errors" :  ...
81: 7001 adresses traitées
adresse : bulk pour les ids de 15483626 à 15484625
bulk : {
  "took" : 91,
  "errors" :  ...
81: 8001 adresses traitées
adresse : bulk pour les ids de 15484626 à 15485625
bulk : {
  "took" : 144,
  "errors" : ...
81: 9001 adresses traitées
adresse : bulk pour les ids de 15485626 à 15486625
bulk : {
  "took" : 87,
  "errors" :  ...
81: 10001 adresses traitées
adresse : bulk pour les ids de 15486626 à 15487625
bulk : {
  "took" : 74,
  "errors" :  ...
81: 11001 adresses traitées
adresse : bulk pour les ids de 15487626 à 15488625
bulk : {
  "took" : 84,
  "errors" :  ...
81: 12001 adresses traitées
81: 13001 adresses traitées
adresse : bulk pour les ids de 15488626 à 15489625
bulk : {
  "took" : 70,
  "errors" :  ...
81: 14001 adresses traitées
adresse : bulk pour les ids de 15489626 à 15490625
bulk : {
  "took" : 85,
  "errors" :  ...
81: 15001 adresses traitées
adresse : bulk pour les ids de 15490626 à 15491625
bulk : {
  "took" : 69,
  "errors" :  ...
81: 16001 adresses traitées
81: 17001 adresses traitées
adresse : bulk pour les ids de 15491626 à 15492625
bulk : {
  "took" : 84,
  "errors" :  ...
81: 18001 adresses traitées
adresse : bulk pour les ids de 15492626 à 15493625
bulk : {
  "took" : 68,
  "errors" :  ...
81: 19001 adresses traitées
adresse : bulk pour les ids de 15493626 à 15494625
bulk : {
  "took" : 84,
  "errors" :  ...
81: 20001 adresses traitées
adresse : bulk pour les ids de 15494626 à 15495625
bulk : {
  "took" : 68,
  "errors" :  ...
81: 21001 adresses traitées
adresse : bulk pour les ids de 15495626 à 15496625
bulk : {
  "took" : 86,
  "errors" :  ...
81: 22001 adresses traitées
adresse : bulk pour les ids de 15496626 à 15497625
bulk : {
  "took" : 70,
  "errors" :  ...
81: 23001 adresses traitées
adresse : bulk pour les ids de 15497626 à 15498625
bulk : {
  "took" : 70,
  "errors" :  ...
81: 24001 adresses traitées
adresse : bulk pour les ids de 15498626 à 15499625
bulk : {
  "took" : 66,
  "errors" :  ...
81: 25001 adresses traitées
adresse : bulk pour les ids de 15499626 à 15500625
bulk : {
  "took" : 68,
  "errors" :  ...
81: 26001 adresses traitées
adresse : bulk pour les ids de 15500626 à 15501625
bulk : {
  "took" : 82,
  "errors" :  ...
81: 27001 adresses traitées
adresse : bulk pour les ids de 15501626 à 15502625
bulk : {
  "took" : 69,
  "errors" :  ...
81: 28001 adresses traitées
adresse : bulk pour les ids de 15502626 à 15503625
bulk : {
  "took" : 82,
  "errors" :  ...
81: 29001 adresses traitées
adresse : bulk pour les ids de 15503626 à 15504625
bulk : {
  "took" : 67,
  "errors" :  ...
81: 30001 adresses traitées
adresse : bulk pour les ids de 15504626 à 15505625
bulk : {
  "took" : 83,
  "errors" :  ...
81: 31001 adresses traitées
adresse : bulk pour les ids de 15505626 à 15506625
bulk : {
  "took" : 68,
  "errors" :  ...
81: 32001 adresses traitées
adresse : bulk pour les ids de 15506626 à 15507625
bulk : {
  "took" : 86,
  "errors" :  ...
81: 33001 adresses traitées
81: 34001 adresses traitées
adresse : bulk pour les ids de 15507626 à 15508625
bulk : {
  "took" : 73,
  "errors" :  ...
81: 35001 adresses traitées
adresse : bulk pour les ids de 15508626 à 15509625
bulk : {
  "took" : 84,
  "errors" :  ...
81: 36001 adresses traitées
adresse : bulk pour les ids de 15509626 à 15510625
bulk : {
  "took" : 76,
  "errors" :  ...
81: 37001 adresses traitées
adresse : bulk pour les ids de 15510626 à 15511625
bulk : {
  "took" : 87,
  "errors" :  ...
81: 38001 adresses traitées
adresse : bulk pour les ids de 15511626 à 15512625
bulk : {
  "took" : 69,
  "errors" :  ...
81: 39001 adresses traitées
adresse : bulk pour les ids de 15512626 à 15513625
bulk : {
  "took" : 93,
  "errors" :  ...
81: 40001 adresses traitées
adresse : bulk pour les ids de 15513626 à 15514625
bulk : {
  "took" : 69,
  "errors" :  ...
81: 41001 adresses traitées
adresse : bulk pour les ids de 15514626 à 15515625
bulk : {
  "took" : 84,
  "errors" :  ...
81: 42001 adresses traitées
adresse : bulk pour les ids de 15515626 à 15516625
bulk : {
  "took" : 68,
  "errors" :  ...
81: 43001 adresses traitées
adresse : bulk pour les ids de 15516626 à 15517625
bulk : {
  "took" : 82,
  "errors" :  ...
81: 44001 adresses traitées
adresse : bulk pour les ids de 15517626 à 15518625
bulk : {
  "took" : 68,
  "errors" :  ...
81: 45001 adresses traitées
adresse : bulk pour les ids de 15518626 à 15519625
bulk : {
  "took" : 89,
  "errors" :  ...
81: 46001 adresses traitées
adresse : bulk pour les ids de 15519626 à 15520625
bulk : {
  "took" : 67,
  "errors" :  ...
81: 47001 adresses traitées
adresse : bulk pour les ids de 15520626 à 15521625
bulk : {
  "took" : 80,
  "errors" :  ...
81: 48001 adresses traitées
adresse : bulk pour les ids de 15521626 à 15522625
bulk : {
  "took" : 69,
  "errors" :  ...
81: 49001 adresses traitées
adresse : bulk pour les ids de 15522626 à 15523625
bulk : {
  "took" : 81,
  "errors" :  ...
81: 50001 adresses traitées
adresse : bulk pour les ids de 15523626 à 15524625
bulk : {
  "took" : 68,
  "errors" :  ...
81: 51001 adresses traitées
81: 52001 adresses traitées
adresse : bulk pour les ids de 15524626 à 15525625
bulk : {
  "took" : 81,
  "errors" :  ...
81: 53001 adresses traitées
adresse : bulk pour les ids de 15525626 à 15526625
bulk : {
  "took" : 67,
  "errors" :  ...
81: 54001 adresses traitées
adresse : bulk pour les ids de 15526626 à 15527625
bulk : {
  "took" : 91,
  "errors" :  ...
81: 55001 adresses traitées
adresse : bulk pour les ids de 15527626 à 15528625
bulk : {
  "took" : 70,
  "errors" :  ...
81: 56001 adresses traitées
adresse : bulk pour les ids de 15528626 à 15529625
bulk : {
  "took" : 85,
  "errors" :  ...
81: 57001 adresses traitées
adresse : bulk pour les ids de 15529626 à 15530625
bulk : {
  "took" : 69,
  "errors" :  ...
81: 58001 adresses traitées
adresse : bulk pour les ids de 15530626 à 15531625
bulk : {
  "took" : 68,
  "errors" :  ...
81: 59001 adresses traitées
81: 60001 adresses traitées
adresse : bulk pour les ids de 15531626 à 15532625
bulk : {
  "took" : 80,
  "errors" :  ...
81: 61001 adresses traitées
adresse : bulk pour les ids de 15532626 à 15533625
bulk : {
  "took" : 68,
  "errors" :  ...
81: 62001 adresses traitées
adresse : bulk pour les ids de 15533626 à 15534625
bulk : {
  "took" : 82,
  "errors" :  ...
81: 63001 adresses traitées
adresse : bulk pour les ids de 15534626 à 15535625
bulk : {
  "took" : 68,
  "errors" :  ...
81: 64001 adresses traitées
adresse : bulk pour les ids de 15535626 à 15536625
bulk : {
  "took" : 82,
  "errors" :  ...
81: 65001 adresses traitées
adresse : bulk pour les ids de 15536626 à 15537625
bulk : {
  "took" : 68,
  "errors" :  ...
81: 66001 adresses traitées
adresse : bulk pour les ids de 15537626 à 15538625
bulk : {
  "took" : 89,
  "errors" :  ...
81: 67001 adresses traitées
adresse : bulk pour les ids de 15538626 à 15539625
bulk : {
  "took" : 67,
  "errors" :  ...
81: 68001 adresses traitées
adresse : bulk pour les ids de 15539626 à 15540625
bulk : {
  "took" : 82,
  "errors" :  ...
81: 69001 adresses traitées
adresse : bulk pour les ids de 15540626 à 15541625
bulk : {
  "took" : 70,
  "errors" :  ...
81: 70001 adresses traitées
adresse : bulk pour les ids de 15541626 à 15542625
bulk : {
  "took" : 85,
  "errors" :  ...
81: 71001 adresses traitées
adresse : bulk pour les ids de 15542626 à 15543625
bulk : {
  "took" : 68,
  "errors" :  ...
81: 72001 adresses traitées
81: 73001 adresses traitées
adresse : bulk pour les ids de 15543626 à 15544625
bulk : {
  "took" : 90,
  "errors" :  ...
81: 74001 adresses traitées
adresse : bulk pour les ids de 15544626 à 15545625
bulk : {
  "took" : 68,
  "errors" :  ...
81: 75001 adresses traitées
adresse : bulk pour les ids de 15545626 à 15546625
bulk : {
  "took" : 83,
  "errors" :  ...
81: 76001 adresses traitées
adresse : bulk pour les ids de 15546626 à 15547625
bulk : {
  "took" : 69,
  "errors" :  ...
81: 77001 adresses traitées
adresse : bulk pour les ids de 15547626 à 15548625
bulk : {
  "took" : 89,
  "errors" :  ...
81: 78001 adresses traitées
adresse : bulk pour les ids de 15548626 à 15549625
bulk : {
  "took" : 67,
  "errors" :  ...
81: 79001 adresses traitées
adresse : bulk pour les ids de 15549626 à 15550625
bulk : {
  "took" : 84,
  "errors" :  ...
81: 80001 adresses traitées
81: 81001 adresses traitées
adresse : bulk pour les ids de 15550626 à 15551625
bulk : {
  "took" : 68,
  "errors" :  ...
81: 82001 adresses traitées
adresse : bulk pour les ids de 15551626 à 15552625
bulk : {
  "took" : 87,
  "errors" :  ...
81: 83001 adresses traitées
adresse : bulk pour les ids de 15552626 à 15553625
bulk : {
  "took" : 70,
  "errors" :  ...
81: 84001 adresses traitées
adresse : bulk pour les ids de 15553626 à 15554625
bulk : {
  "took" : 84,
  "errors" :  ...
81: 85001 adresses traitées
adresse : bulk pour les ids de 15554626 à 15555625
bulk : {
  "took" : 67,
  "errors" :  ...
81: 86001 adresses traitées
adresse : bulk pour les ids de 15555626 à 15556625
bulk : {
  "took" : 87,
  "errors" :  ...
81: 87001 adresses traitées
81: 88001 adresses traitées
adresse : bulk pour les ids de 15556626 à 15557625
bulk : {
  "took" : 67,
  "errors" :  ...
81: 89001 adresses traitées
adresse : bulk pour les ids de 15557626 à 15558625
bulk : {
  "took" : 89,
  "errors" :  ...
81: 90001 adresses traitées
adresse : bulk pour les ids de 15558626 à 15559625
bulk : {
  "took" : 67,
  "errors" :  ...
81: 91001 adresses traitées
adresse : bulk pour les ids de 15559626 à 15560625
bulk : {
  "took" : 81,
  "errors" :  ...
81: 92001 adresses traitées
adresse : bulk pour les ids de 15560626 à 15561625
bulk : {
  "took" : 66,
  "errors" :  ...
81: 93001 adresses traitées
adresse : bulk pour les ids de 15561626 à 15562625
bulk : {
  "took" : 83,
  "errors" :  ...
81: 94001 adresses traitées
adresse : bulk pour les ids de 15562626 à 15563625
bulk : {
  "took" : 68,
  "errors" :  ...
81: 95001 adresses traitées
adresse : bulk pour les ids de 15563626 à 15564625
bulk : {
  "took" : 85,
  "errors" :  ...
81: 96001 adresses traitées
adresse : bulk pour les ids de 15564626 à 15565625
bulk : {
  "took" : 82,
  "errors" :  ...
81: 97001 adresses traitées
adresse : bulk pour les ids de 15565626 à 15566625
bulk : {
  "took" : 68,
  "errors" :  ...
81: 98001 adresses traitées
adresse : bulk pour les ids de 15566626 à 15567625
bulk : {
  "took" : 83,
  "errors" :  ...
81: 99001 adresses traitées
adresse : bulk pour les ids de 15567626 à 15568625
bulk : {
  "took" : 67,
  "errors" :  ...
81: 100001 adresses traitées
adresse : bulk pour les ids de 15568626 à 15569625
bulk : {
  "took" : 83,
  "errors" :  ...
81: 101001 adresses traitées
adresse : bulk pour les ids de 15569626 à 15570625
bulk : {
  "took" : 68,
  "errors" :  ...
81: 102001 adresses traitées
adresse : bulk pour les ids de 15570626 à 15571625
bulk : {
  "took" : 86,
  "errors" :  ...
81: 103001 adresses traitées
adresse : bulk pour les ids de 15571626 à 15572625
bulk : {
  "took" : 68,
  "errors" :  ...
81: 104001 adresses traitées
adresse : bulk pour les ids de 15572626 à 15573625
bulk : {
  "took" : 81,
  "errors" :  ...
81: 105001 adresses traitées
adresse : bulk pour les ids de 15573626 à 15574625
bulk : {
  "took" : 68,
  "errors" :  ...
81: 106001 adresses traitées
81: 107001 adresses traitées
adresse : bulk pour les ids de 15574626 à 15575625
bulk : {
  "took" : 87,
  "errors" :  ...
81: 108001 adresses traitées
adresse : bulk pour les ids de 15575626 à 15576625
bulk : {
  "took" : 70,
  "errors" :  ...
81: 109001 adresses traitées
adresse : bulk pour les ids de 15576626 à 15577625
bulk : {
  "took" : 90,
  "errors" :  ...
81: 110001 adresses traitées
adresse : bulk pour les ids de 15577626 à 15578625
bulk : {
  "took" : 70,
  "errors" :  ...
81: 111001 adresses traitées
adresse : bulk pour les ids de 15578626 à 15579625
bulk : {
  "took" : 89,
  "errors" :  ...
81: 112001 adresses traitées
81: 113001 adresses traitées
adresse : bulk pour les ids de 15579626 à 15580625
bulk : {
  "took" : 69,
  "errors" :  ...
81: 114001 adresses traitées
adresse : bulk pour les ids de 15580626 à 15581625
bulk : {
  "took" : 89,
  "errors" :  ...
81: 115001 adresses traitées
adresse : bulk pour les ids de 15581626 à 15582625
bulk : {
  "took" : 70,
  "errors" :  ...
81: 116001 adresses traitées
adresse : bulk pour les ids de 15582626 à 15583625
bulk : {
  "took" : 87,
  "errors" :  ...
81: 117001 adresses traitées
adresse : bulk pour les ids de 15583626 à 15584625
bulk : {
  "took" : 68,
  "errors" :  ...
81: 118001 adresses traitées
adresse : bulk pour les ids de 15584626 à 15585625
bulk : {
  "took" : 88,
  "errors" :  ...
81: 119001 adresses traitées
adresse : bulk pour les ids de 15585626 à 15586625
bulk : {
  "took" : 72,
  "errors" :  ...
81: 120001 adresses traitées
adresse : bulk pour les ids de 15586626 à 15587625
bulk : {
  "took" : 81,
  "errors" :  ...
81: 121001 adresses traitées
81: 122001 adresses traitées
adresse : bulk pour les ids de 15587626 à 15588625
bulk : {
  "took" : 68,
  "errors" :  ...
81: 123001 adresses traitées
adresse : bulk pour les ids de 15588626 à 15589625
bulk : {
  "took" : 85,
  "errors" :  ...
81: 124001 adresses traitées
adresse : bulk pour les ids de 15589626 à 15590625
bulk : {
  "took" : 68,
  "errors" :  ...
81: 125001 adresses traitées
adresse : bulk pour les ids de 15590626 à 15591625
bulk : {
  "took" : 90,
  "errors" :  ...
81: 126001 adresses traitées
adresse : bulk pour les ids de 15591626 à 15592625
bulk : {
  "took" : 72,
  "errors" :  ...
81: 127001 adresses traitées
adresse : bulk pour les ids de 15592626 à 15593625
bulk : {
  "took" : 87,
  "errors" :  ...
81: 128001 adresses traitées
adresse : bulk pour les ids de 15593626 à 15594625
bulk : {
  "took" : 71,
  "errors" :  ...
81: 129001 adresses traitées
adresse : bulk pour les ids de 15594626 à 15595625
bulk : {
  "took" : 86,
  "errors" :  ...
81: 130001 adresses traitées
adresse : bulk pour les ids de 15595626 à 15596625
bulk : {
  "took" : 69,
  "errors" :  ...
81: 131001 adresses traitées
81: 132001 adresses traitées
adresse : bulk pour les ids de 15596626 à 15597625
bulk : {
  "took" : 69,
  "errors" :  ...
81: 133001 adresses traitées
adresse : bulk pour les ids de 15597626 à 15598625
bulk : {
  "took" : 83,
  "errors" :  ...
81: 134001 adresses traitées
adresse : bulk pour les ids de 15598626 à 15599625
bulk : {
  "took" : 86,
  "errors" :  ...
81: 135001 adresses traitées
adresse : bulk pour les ids de 15599626 à 15600472
bulk : {
  "took" : 59,
  "errors" :  ...
dpt 82 : voies
82: 1 voies traitées
voie : bulk pour les ids de 1126881 à 1127080
bulk : {
  "took" : 28,
  "errors" :  ...
82: 201 voies traitées
voie : bulk pour les ids de 1127081 à 1127280
bulk : {
  "took" : 11,
  "errors" :  ...
82: 401 voies traitées
voie : bulk pour les ids de 1127281 à 1127480
bulk : {
  "took" : 11,
  "errors" :  ...
82: 601 voies traitées
voie : bulk pour les ids de 1127481 à 1127680
bulk : {
  "took" : 12,
  "errors" :  ...
82: 801 voies traitées
voie : bulk pour les ids de 1127681 à 1127880
bulk : {
  "took" : 11,
  "errors" :  ...
82: 1001 voies traitées
voie : bulk pour les ids de 1127881 à 1128080
bulk : {
  "took" : 12,
  "errors" :  ...
82: 1201 voies traitées
voie : bulk pour les ids de 1128081 à 1128280
bulk : {
  "took" : 12,
  "errors" :  ...
82: 1401 voies traitées
voie : bulk pour les ids de 1128281 à 1128480
bulk : {
  "took" : 12,
  "errors" :  ...
82: 1601 voies traitées
voie : bulk pour les ids de 1128481 à 1128680
bulk : {
  "took" : 11,
  "errors" :  ...
82: 1801 voies traitées
voie : bulk pour les ids de 1128681 à 1128880
bulk : {
  "took" : 12,
  "errors" :  ...
82: 2001 voies traitées
voie : bulk pour les ids de 1128881 à 1129080
bulk : {
  "took" : 25,
  "errors" :  ...
82: 2201 voies traitées
voie : bulk pour les ids de 1129081 à 1129280
bulk : {
  "took" : 12,
  "errors" :  ...
82: 2401 voies traitées
voie : bulk pour les ids de 1129281 à 1129480
bulk : {
  "took" : 12,
  "errors" :  ...
82: 2601 voies traitées
voie : bulk pour les ids de 1129481 à 1129680
bulk : {
  "took" : 12,
  "errors" :  ...
82: 2801 voies traitées
voie : bulk pour les ids de 1129681 à 1129880
bulk : {
  "took" : 11,
  "errors" :  ...
82: 3001 voies traitées
voie : bulk pour les ids de 1129881 à 1130080
bulk : {
  "took" : 24,
  "errors" :  ...
82: 3201 voies traitées
voie : bulk pour les ids de 1130081 à 1130280
bulk : {
  "took" : 21,
  "errors" :  ...
82: 3401 voies traitées
voie : bulk pour les ids de 1130281 à 1130480
bulk : {
  "took" : 11,
  "errors" :  ...
82: 3601 voies traitées
voie : bulk pour les ids de 1130481 à 1130680
bulk : {
  "took" : 11,
  "errors" :  ...
82: 3801 voies traitées
voie : bulk pour les ids de 1130681 à 1130880
bulk : {
  "took" : 12,
  "errors" :  ...
82: 4001 voies traitées
voie : bulk pour les ids de 1130881 à 1131080
bulk : {
  "took" : 11,
  "errors" :  ...
82: 4201 voies traitées
voie : bulk pour les ids de 1131081 à 1131280
bulk : {
  "took" : 12,
  "errors" :  ...
82: 4401 voies traitées
voie : bulk pour les ids de 1131281 à 1131480
bulk : {
  "took" : 12,
  "errors" :  ...
82: 4601 voies traitées
voie : bulk pour les ids de 1131481 à 1131680
bulk : {
  "took" : 11,
  "errors" :  ...
82: 4801 voies traitées
voie : bulk pour les ids de 1131681 à 1131880
bulk : {
  "took" : 12,
  "errors" :  ...
82: 5001 voies traitées
voie : bulk pour les ids de 1131881 à 1132080
bulk : {
  "took" : 12,
  "errors" :  ...
82: 5201 voies traitées
voie : bulk pour les ids de 1132081 à 1132280
bulk : {
  "took" : 11,
  "errors" :  ...
82: 5401 voies traitées
voie : bulk pour les ids de 1132281 à 1132480
bulk : {
  "took" : 12,
  "errors" :  ...
82: 5601 voies traitées
voie : bulk pour les ids de 1132481 à 1132680
bulk : {
  "took" : 25,
  "errors" :  ...
82: 5801 voies traitées
voie : bulk pour les ids de 1132681 à 1132729
bulk : {
  "took" : 3,
  "errors" : f ...
dpt 82 : adresses
82: 1 adresses traitées
82: 1001 adresses traitées
82: 2001 adresses traitées
82: 3001 adresses traitées
adresse : bulk pour les ids de 15600473 à 15601472
bulk : {
  "took" : 77,
  "errors" :  ...
82: 4001 adresses traitées
adresse : bulk pour les ids de 15601473 à 15602472
bulk : {
  "took" : 84,
  "errors" :  ...
82: 5001 adresses traitées
adresse : bulk pour les ids de 15602473 à 15603472
bulk : {
  "took" : 69,
  "errors" :  ...
82: 6001 adresses traitées
adresse : bulk pour les ids de 15603473 à 15604472
bulk : {
  "took" : 85,
  "errors" :  ...
82: 7001 adresses traitées
adresse : bulk pour les ids de 15604473 à 15605472
bulk : {
  "took" : 69,
  "errors" :  ...
82: 8001 adresses traitées
82: 9001 adresses traitées
adresse : bulk pour les ids de 15605473 à 15606472
bulk : {
  "took" : 87,
  "errors" :  ...
82: 10001 adresses traitées
adresse : bulk pour les ids de 15606473 à 15607472
bulk : {
  "took" : 70,
  "errors" :  ...
82: 11001 adresses traitées
adresse : bulk pour les ids de 15607473 à 15608472
bulk : {
  "took" : 93,
  "errors" :  ...
82: 12001 adresses traitées
adresse : bulk pour les ids de 15608473 à 15609472
bulk : {
  "took" : 94,
  "errors" :  ...
82: 13001 adresses traitées
82: 14001 adresses traitées
adresse : bulk pour les ids de 15609473 à 15610472
bulk : {
  "took" : 95,
  "errors" :  ...
82: 15001 adresses traitées
adresse : bulk pour les ids de 15610473 à 15611472
bulk : {
  "took" : 69,
  "errors" :  ...
82: 16001 adresses traitées
adresse : bulk pour les ids de 15611473 à 15612472
bulk : {
  "took" : 88,
  "errors" :  ...
82: 17001 adresses traitées
adresse : bulk pour les ids de 15612473 à 15613472
bulk : {
  "took" : 73,
  "errors" :  ...
82: 18001 adresses traitées
adresse : bulk pour les ids de 15613473 à 15614472
bulk : {
  "took" : 90,
  "errors" :  ...
82: 19001 adresses traitées
adresse : bulk pour les ids de 15614473 à 15615472
bulk : {
  "took" : 72,
  "errors" :  ...
82: 20001 adresses traitées
82: 21001 adresses traitées
adresse : bulk pour les ids de 15615473 à 15616472
bulk : {
  "took" : 94,
  "errors" :  ...
82: 22001 adresses traitées
adresse : bulk pour les ids de 15616473 à 15617472
bulk : {
  "took" : 69,
  "errors" :  ...
82: 23001 adresses traitées
adresse : bulk pour les ids de 15617473 à 15618472
bulk : {
  "took" : 89,
  "errors" :  ...
82: 24001 adresses traitées
adresse : bulk pour les ids de 15618473 à 15619472
bulk : {
  "took" : 69,
  "errors" :  ...
82: 25001 adresses traitées
adresse : bulk pour les ids de 15619473 à 15620472
bulk : {
  "took" : 92,
  "errors" :  ...
82: 26001 adresses traitées
adresse : bulk pour les ids de 15620473 à 15621472
bulk : {
  "took" : 70,
  "errors" :  ...
82: 27001 adresses traitées
adresse : bulk pour les ids de 15621473 à 15622472
bulk : {
  "took" : 70,
  "errors" :  ...
82: 28001 adresses traitées
adresse : bulk pour les ids de 15622473 à 15623472
bulk : {
  "took" : 83,
  "errors" :  ...
82: 29001 adresses traitées
82: 30001 adresses traitées
adresse : bulk pour les ids de 15623473 à 15624472
bulk : {
  "took" : 72,
  "errors" :  ...
82: 31001 adresses traitées
adresse : bulk pour les ids de 15624473 à 15625472
bulk : {
  "took" : 84,
  "errors" :  ...
82: 32001 adresses traitées
adresse : bulk pour les ids de 15625473 à 15626472
bulk : {
  "took" : 70,
  "errors" :  ...
82: 33001 adresses traitées
adresse : bulk pour les ids de 15626473 à 15627472
bulk : {
  "took" : 85,
  "errors" :  ...
82: 34001 adresses traitées
adresse : bulk pour les ids de 15627473 à 15628472
bulk : {
  "took" : 73,
  "errors" :  ...
82: 35001 adresses traitées
adresse : bulk pour les ids de 15628473 à 15629472
bulk : {
  "took" : 86,
  "errors" :  ...
82: 36001 adresses traitées
adresse : bulk pour les ids de 15629473 à 15630472
bulk : {
  "took" : 74,
  "errors" :  ...
82: 37001 adresses traitées
adresse : bulk pour les ids de 15630473 à 15631472
bulk : {
  "took" : 83,
  "errors" :  ...
82: 38001 adresses traitées
adresse : bulk pour les ids de 15631473 à 15632472
bulk : {
  "took" : 86,
  "errors" :  ...
82: 39001 adresses traitées
adresse : bulk pour les ids de 15632473 à 15633472
bulk : {
  "took" : 68,
  "errors" :  ...
82: 40001 adresses traitées
adresse : bulk pour les ids de 15633473 à 15634472
bulk : {
  "took" : 83,
  "errors" :  ...
82: 41001 adresses traitées
adresse : bulk pour les ids de 15634473 à 15635472
bulk : {
  "took" : 69,
  "errors" :  ...
82: 42001 adresses traitées
adresse : bulk pour les ids de 15635473 à 15636472
bulk : {
  "took" : 82,
  "errors" :  ...
82: 43001 adresses traitées
adresse : bulk pour les ids de 15636473 à 15637472
bulk : {
  "took" : 70,
  "errors" :  ...
82: 44001 adresses traitées
adresse : bulk pour les ids de 15637473 à 15638472
bulk : {
  "took" : 80,
  "errors" :  ...
82: 45001 adresses traitées
adresse : bulk pour les ids de 15638473 à 15639472
bulk : {
  "took" : 68,
  "errors" :  ...
82: 46001 adresses traitées
adresse : bulk pour les ids de 15639473 à 15640472
bulk : {
  "took" : 82,
  "errors" :  ...
82: 47001 adresses traitées
adresse : bulk pour les ids de 15640473 à 15641472
bulk : {
  "took" : 68,
  "errors" :  ...
82: 48001 adresses traitées
adresse : bulk pour les ids de 15641473 à 15642472
bulk : {
  "took" : 84,
  "errors" :  ...
82: 49001 adresses traitées
adresse : bulk pour les ids de 15642473 à 15643472
bulk : {
  "took" : 70,
  "errors" :  ...
82: 50001 adresses traitées
adresse : bulk pour les ids de 15643473 à 15644472
bulk : {
  "took" : 86,
  "errors" :  ...
82: 51001 adresses traitées
adresse : bulk pour les ids de 15644473 à 15645472
bulk : {
  "took" : 69,
  "errors" :  ...
82: 52001 adresses traitées
adresse : bulk pour les ids de 15645473 à 15646472
bulk : {
  "took" : 93,
  "errors" :  ...
82: 53001 adresses traitées
adresse : bulk pour les ids de 15646473 à 15647472
bulk : {
  "took" : 68,
  "errors" :  ...
82: 54001 adresses traitées
adresse : bulk pour les ids de 15647473 à 15648472
bulk : {
  "took" : 91,
  "errors" :  ...
82: 55001 adresses traitées
adresse : bulk pour les ids de 15648473 à 15649472
bulk : {
  "took" : 70,
  "errors" :  ...
82: 56001 adresses traitées
adresse : bulk pour les ids de 15649473 à 15650472
bulk : {
  "took" : 88,
  "errors" :  ...
82: 57001 adresses traitées
adresse : bulk pour les ids de 15650473 à 15651472
bulk : {
  "took" : 72,
  "errors" :  ...
82: 58001 adresses traitées
adresse : bulk pour les ids de 15651473 à 15652472
bulk : {
  "took" : 84,
  "errors" :  ...
82: 59001 adresses traitées
82: 60001 adresses traitées
adresse : bulk pour les ids de 15652473 à 15653472
bulk : {
  "took" : 69,
  "errors" :  ...
82: 61001 adresses traitées
adresse : bulk pour les ids de 15653473 à 15654472
bulk : {
  "took" : 85,
  "errors" :  ...
82: 62001 adresses traitées
adresse : bulk pour les ids de 15654473 à 15655472
bulk : {
  "took" : 71,
  "errors" :  ...
82: 63001 adresses traitées
adresse : bulk pour les ids de 15655473 à 15656472
bulk : {
  "took" : 91,
  "errors" :  ...
82: 64001 adresses traitées
adresse : bulk pour les ids de 15656473 à 15657472
bulk : {
  "took" : 71,
  "errors" :  ...
82: 65001 adresses traitées
adresse : bulk pour les ids de 15657473 à 15658472
bulk : {
  "took" : 85,
  "errors" :  ...
82: 66001 adresses traitées
adresse : bulk pour les ids de 15658473 à 15659472
bulk : {
  "took" : 71,
  "errors" :  ...
82: 67001 adresses traitées
adresse : bulk pour les ids de 15659473 à 15660472
bulk : {
  "took" : 87,
  "errors" :  ...
82: 68001 adresses traitées
adresse : bulk pour les ids de 15660473 à 15661472
bulk : {
  "took" : 71,
  "errors" :  ...
82: 69001 adresses traitées
adresse : bulk pour les ids de 15661473 à 15662472
bulk : {
  "took" : 69,
  "errors" :  ...
82: 70001 adresses traitées
adresse : bulk pour les ids de 15662473 à 15663472
bulk : {
  "took" : 87,
  "errors" :  ...
82: 71001 adresses traitées
82: 72001 adresses traitées
adresse : bulk pour les ids de 15663473 à 15664472
bulk : {
  "took" : 73,
  "errors" :  ...
82: 73001 adresses traitées
adresse : bulk pour les ids de 15664473 à 15665472
bulk : {
  "took" : 100,
  "errors" : ...
82: 74001 adresses traitées
adresse : bulk pour les ids de 15665473 à 15666472
bulk : {
  "took" : 70,
  "errors" :  ...
82: 75001 adresses traitées
adresse : bulk pour les ids de 15666473 à 15667472
bulk : {
  "took" : 90,
  "errors" :  ...
82: 76001 adresses traitées
adresse : bulk pour les ids de 15667473 à 15668472
bulk : {
  "took" : 73,
  "errors" :  ...
82: 77001 adresses traitées
adresse : bulk pour les ids de 15668473 à 15669472
bulk : {
  "took" : 84,
  "errors" :  ...
82: 78001 adresses traitées
adresse : bulk pour les ids de 15669473 à 15670472
bulk : {
  "took" : 71,
  "errors" :  ...
82: 79001 adresses traitées
adresse : bulk pour les ids de 15670473 à 15671472
bulk : {
  "took" : 90,
  "errors" :  ...
82: 80001 adresses traitées
adresse : bulk pour les ids de 15671473 à 15672472
bulk : {
  "took" : 71,
  "errors" :  ...
82: 81001 adresses traitées
adresse : bulk pour les ids de 15672473 à 15673472
bulk : {
  "took" : 89,
  "errors" :  ...
82: 82001 adresses traitées
adresse : bulk pour les ids de 15673473 à 15674472
bulk : {
  "took" : 70,
  "errors" :  ...
82: 83001 adresses traitées
adresse : bulk pour les ids de 15674473 à 15675472
bulk : {
  "took" : 85,
  "errors" :  ...
82: 84001 adresses traitées
adresse : bulk pour les ids de 15675473 à 15676472
bulk : {
  "took" : 69,
  "errors" :  ...
82: 85001 adresses traitées
adresse : bulk pour les ids de 15676473 à 15677472
bulk : {
  "took" : 89,
  "errors" :  ...
82: 86001 adresses traitées
adresse : bulk pour les ids de 15677473 à 15678472
bulk : {
  "took" : 69,
  "errors" :  ...
82: 87001 adresses traitées
adresse : bulk pour les ids de 15678473 à 15679472
bulk : {
  "took" : 86,
  "errors" :  ...
82: 88001 adresses traitées
adresse : bulk pour les ids de 15679473 à 15680472
bulk : {
  "took" : 70,
  "errors" :  ...
82: 89001 adresses traitées
adresse : bulk pour les ids de 15680473 à 15681472
bulk : {
  "took" : 84,
  "errors" :  ...
82: 90001 adresses traitées
adresse : bulk pour les ids de 15681473 à 15682472
bulk : {
  "took" : 71,
  "errors" :  ...
82: 91001 adresses traitées
adresse : bulk pour les ids de 15682473 à 15682670
bulk : {
  "took" : 14,
  "errors" :  ...
dpt 83 : voies
83: 1 voies traitées
voie : bulk pour les ids de 1132730 à 1132929
bulk : {
  "took" : 14,
  "errors" :  ...
83: 201 voies traitées
voie : bulk pour les ids de 1132930 à 1133129
bulk : {
  "took" : 12,
  "errors" :  ...
83: 401 voies traitées
voie : bulk pour les ids de 1133130 à 1133329
bulk : {
  "took" : 12,
  "errors" :  ...
83: 601 voies traitées
voie : bulk pour les ids de 1133330 à 1133529
bulk : {
  "took" : 12,
  "errors" :  ...
83: 801 voies traitées
voie : bulk pour les ids de 1133530 à 1133729
bulk : {
  "took" : 24,
  "errors" :  ...
83: 1001 voies traitées
voie : bulk pour les ids de 1133730 à 1133929
bulk : {
  "took" : 13,
  "errors" :  ...
83: 1201 voies traitées
voie : bulk pour les ids de 1133930 à 1134129
bulk : {
  "took" : 12,
  "errors" :  ...
83: 1401 voies traitées
voie : bulk pour les ids de 1134130 à 1134329
bulk : {
  "took" : 13,
  "errors" :  ...
83: 1601 voies traitées
voie : bulk pour les ids de 1134330 à 1134529
bulk : {
  "took" : 13,
  "errors" :  ...
83: 1801 voies traitées
voie : bulk pour les ids de 1134530 à 1134729
bulk : {
  "took" : 13,
  "errors" :  ...
83: 2001 voies traitées
voie : bulk pour les ids de 1134730 à 1134929
bulk : {
  "took" : 13,
  "errors" :  ...
83: 2201 voies traitées
voie : bulk pour les ids de 1134930 à 1135129
bulk : {
  "took" : 13,
  "errors" :  ...
83: 2401 voies traitées
voie : bulk pour les ids de 1135130 à 1135329
bulk : {
  "took" : 13,
  "errors" :  ...
83: 2601 voies traitées
voie : bulk pour les ids de 1135330 à 1135529
bulk : {
  "took" : 13,
  "errors" :  ...
83: 2801 voies traitées
voie : bulk pour les ids de 1135530 à 1135729
bulk : {
  "took" : 13,
  "errors" :  ...
83: 3001 voies traitées
voie : bulk pour les ids de 1135730 à 1135929
bulk : {
  "took" : 25,
  "errors" :  ...
83: 3201 voies traitées
voie : bulk pour les ids de 1135930 à 1136129
bulk : {
  "took" : 13,
  "errors" :  ...
83: 3401 voies traitées
voie : bulk pour les ids de 1136130 à 1136329
bulk : {
  "took" : 13,
  "errors" :  ...
83: 3601 voies traitées
voie : bulk pour les ids de 1136330 à 1136529
bulk : {
  "took" : 13,
  "errors" :  ...
83: 3801 voies traitées
voie : bulk pour les ids de 1136530 à 1136729
bulk : {
  "took" : 12,
  "errors" :  ...
83: 4001 voies traitées
voie : bulk pour les ids de 1136730 à 1136929
bulk : {
  "took" : 12,
  "errors" :  ...
83: 4201 voies traitées
voie : bulk pour les ids de 1136930 à 1137129
bulk : {
  "took" : 13,
  "errors" :  ...
83: 4401 voies traitées
voie : bulk pour les ids de 1137130 à 1137329
bulk : {
  "took" : 13,
  "errors" :  ...
83: 4601 voies traitées
voie : bulk pour les ids de 1137330 à 1137529
bulk : {
  "took" : 12,
  "errors" :  ...
83: 4801 voies traitées
voie : bulk pour les ids de 1137530 à 1137729
bulk : {
  "took" : 26,
  "errors" :  ...
83: 5001 voies traitées
voie : bulk pour les ids de 1137730 à 1137929
bulk : {
  "took" : 12,
  "errors" :  ...
83: 5201 voies traitées
voie : bulk pour les ids de 1137930 à 1138129
bulk : {
  "took" : 12,
  "errors" :  ...
83: 5401 voies traitées
voie : bulk pour les ids de 1138130 à 1138329
bulk : {
  "took" : 13,
  "errors" :  ...
83: 5601 voies traitées
voie : bulk pour les ids de 1138330 à 1138529
bulk : {
  "took" : 12,
  "errors" :  ...
83: 5801 voies traitées
voie : bulk pour les ids de 1138530 à 1138729
bulk : {
  "took" : 13,
  "errors" :  ...
83: 6001 voies traitées
voie : bulk pour les ids de 1138730 à 1138929
bulk : {
  "took" : 12,
  "errors" :  ...
83: 6201 voies traitées
voie : bulk pour les ids de 1138930 à 1139129
bulk : {
  "took" : 12,
  "errors" :  ...
83: 6401 voies traitées
voie : bulk pour les ids de 1139130 à 1139329
bulk : {
  "took" : 12,
  "errors" :  ...
83: 6601 voies traitées
voie : bulk pour les ids de 1139330 à 1139529
bulk : {
  "took" : 13,
  "errors" :  ...
83: 6801 voies traitées
voie : bulk pour les ids de 1139530 à 1139729
bulk : {
  "took" : 23,
  "errors" :  ...
83: 7001 voies traitées
voie : bulk pour les ids de 1139730 à 1139929
bulk : {
  "took" : 12,
  "errors" :  ...
83: 7201 voies traitées
voie : bulk pour les ids de 1139930 à 1140129
bulk : {
  "took" : 13,
  "errors" :  ...
83: 7401 voies traitées
voie : bulk pour les ids de 1140130 à 1140329
bulk : {
  "took" : 12,
  "errors" :  ...
83: 7601 voies traitées
voie : bulk pour les ids de 1140330 à 1140529
bulk : {
  "took" : 12,
  "errors" :  ...
83: 7801 voies traitées
voie : bulk pour les ids de 1140530 à 1140729
bulk : {
  "took" : 12,
  "errors" :  ...
83: 8001 voies traitées
voie : bulk pour les ids de 1140730 à 1140929
bulk : {
  "took" : 12,
  "errors" :  ...
83: 8201 voies traitées
voie : bulk pour les ids de 1140930 à 1141129
bulk : {
  "took" : 12,
  "errors" :  ...
83: 8401 voies traitées
voie : bulk pour les ids de 1141130 à 1141329
bulk : {
  "took" : 12,
  "errors" :  ...
83: 8601 voies traitées
voie : bulk pour les ids de 1141330 à 1141529
bulk : {
  "took" : 13,
  "errors" :  ...
83: 8801 voies traitées
voie : bulk pour les ids de 1141530 à 1141729
bulk : {
  "took" : 30,
  "errors" :  ...
83: 9001 voies traitées
voie : bulk pour les ids de 1141730 à 1141929
bulk : {
  "took" : 13,
  "errors" :  ...
83: 9201 voies traitées
voie : bulk pour les ids de 1141930 à 1142129
bulk : {
  "took" : 13,
  "errors" :  ...
83: 9401 voies traitées
voie : bulk pour les ids de 1142130 à 1142329
bulk : {
  "took" : 12,
  "errors" :  ...
83: 9601 voies traitées
voie : bulk pour les ids de 1142330 à 1142529
bulk : {
  "took" : 13,
  "errors" :  ...
83: 9801 voies traitées
voie : bulk pour les ids de 1142530 à 1142729
bulk : {
  "took" : 13,
  "errors" :  ...
83: 10001 voies traitées
voie : bulk pour les ids de 1142730 à 1142929
bulk : {
  "took" : 13,
  "errors" :  ...
83: 10201 voies traitées
voie : bulk pour les ids de 1142930 à 1143129
bulk : {
  "took" : 12,
  "errors" :  ...
83: 10401 voies traitées
voie : bulk pour les ids de 1143130 à 1143329
bulk : {
  "took" : 14,
  "errors" :  ...
83: 10601 voies traitées
voie : bulk pour les ids de 1143330 à 1143529
bulk : {
  "took" : 13,
  "errors" :  ...
83: 10801 voies traitées
voie : bulk pour les ids de 1143530 à 1143729
bulk : {
  "took" : 14,
  "errors" :  ...
83: 11001 voies traitées
voie : bulk pour les ids de 1143730 à 1143929
bulk : {
  "took" : 13,
  "errors" :  ...
83: 11201 voies traitées
voie : bulk pour les ids de 1143930 à 1144129
bulk : {
  "took" : 12,
  "errors" :  ...
83: 11401 voies traitées
voie : bulk pour les ids de 1144130 à 1144329
bulk : {
  "took" : 13,
  "errors" :  ...
83: 11601 voies traitées
voie : bulk pour les ids de 1144330 à 1144529
bulk : {
  "took" : 13,
  "errors" :  ...
83: 11801 voies traitées
voie : bulk pour les ids de 1144530 à 1144729
bulk : {
  "took" : 19,
  "errors" :  ...
83: 12001 voies traitées
voie : bulk pour les ids de 1144730 à 1144929
bulk : {
  "took" : 25,
  "errors" :  ...
83: 12201 voies traitées
voie : bulk pour les ids de 1144930 à 1145129
bulk : {
  "took" : 12,
  "errors" :  ...
83: 12401 voies traitées
voie : bulk pour les ids de 1145130 à 1145329
bulk : {
  "took" : 13,
  "errors" :  ...
83: 12601 voies traitées
voie : bulk pour les ids de 1145330 à 1145529
bulk : {
  "took" : 13,
  "errors" :  ...
83: 12801 voies traitées
voie : bulk pour les ids de 1145530 à 1145729
bulk : {
  "took" : 13,
  "errors" :  ...
83: 13001 voies traitées
voie : bulk pour les ids de 1145730 à 1145929
bulk : {
  "took" : 13,
  "errors" :  ...
83: 13201 voies traitées
voie : bulk pour les ids de 1145930 à 1146129
bulk : {
  "took" : 13,
  "errors" :  ...
83: 13401 voies traitées
voie : bulk pour les ids de 1146130 à 1146329
bulk : {
  "took" : 12,
  "errors" :  ...
83: 13601 voies traitées
voie : bulk pour les ids de 1146330 à 1146529
bulk : {
  "took" : 12,
  "errors" :  ...
83: 13801 voies traitées
voie : bulk pour les ids de 1146530 à 1146729
bulk : {
  "took" : 12,
  "errors" :  ...
83: 14001 voies traitées
voie : bulk pour les ids de 1146730 à 1146929
bulk : {
  "took" : 29,
  "errors" :  ...
83: 14201 voies traitées
voie : bulk pour les ids de 1146930 à 1147129
bulk : {
  "took" : 16,
  "errors" :  ...
83: 14401 voies traitées
voie : bulk pour les ids de 1147130 à 1147329
bulk : {
  "took" : 23,
  "errors" :  ...
83: 14601 voies traitées
voie : bulk pour les ids de 1147330 à 1147529
bulk : {
  "took" : 13,
  "errors" :  ...
83: 14801 voies traitées
voie : bulk pour les ids de 1147530 à 1147729
bulk : {
  "took" : 12,
  "errors" :  ...
83: 15001 voies traitées
voie : bulk pour les ids de 1147730 à 1147929
bulk : {
  "took" : 13,
  "errors" :  ...
83: 15201 voies traitées
voie : bulk pour les ids de 1147930 à 1148129
bulk : {
  "took" : 12,
  "errors" :  ...
83: 15401 voies traitées
voie : bulk pour les ids de 1148130 à 1148329
bulk : {
  "took" : 13,
  "errors" :  ...
83: 15601 voies traitées
voie : bulk pour les ids de 1148330 à 1148529
bulk : {
  "took" : 12,
  "errors" :  ...
83: 15801 voies traitées
voie : bulk pour les ids de 1148530 à 1148729
bulk : {
  "took" : 24,
  "errors" :  ...
83: 16001 voies traitées
voie : bulk pour les ids de 1148730 à 1148929
bulk : {
  "took" : 12,
  "errors" :  ...
83: 16201 voies traitées
voie : bulk pour les ids de 1148930 à 1149129
bulk : {
  "took" : 13,
  "errors" :  ...
83: 16401 voies traitées
voie : bulk pour les ids de 1149130 à 1149329
bulk : {
  "took" : 12,
  "errors" :  ...
83: 16601 voies traitées
voie : bulk pour les ids de 1149330 à 1149529
bulk : {
  "took" : 12,
  "errors" :  ...
83: 16801 voies traitées
voie : bulk pour les ids de 1149530 à 1149729
bulk : {
  "took" : 13,
  "errors" :  ...
83: 17001 voies traitées
voie : bulk pour les ids de 1149730 à 1149929
bulk : {
  "took" : 13,
  "errors" :  ...
83: 17201 voies traitées
voie : bulk pour les ids de 1149930 à 1150129
bulk : {
  "took" : 12,
  "errors" :  ...
83: 17401 voies traitées
voie : bulk pour les ids de 1150130 à 1150329
bulk : {
  "took" : 12,
  "errors" :  ...
83: 17601 voies traitées
voie : bulk pour les ids de 1150330 à 1150529
bulk : {
  "took" : 13,
  "errors" :  ...
83: 17801 voies traitées
voie : bulk pour les ids de 1150530 à 1150729
bulk : {
  "took" : 27,
  "errors" :  ...
83: 18001 voies traitées
voie : bulk pour les ids de 1150730 à 1150929
bulk : {
  "took" : 22,
  "errors" :  ...
83: 18201 voies traitées
voie : bulk pour les ids de 1150930 à 1151129
bulk : {
  "took" : 12,
  "errors" :  ...
83: 18401 voies traitées
voie : bulk pour les ids de 1151130 à 1151329
bulk : {
  "took" : 12,
  "errors" :  ...
83: 18601 voies traitées
voie : bulk pour les ids de 1151330 à 1151529
bulk : {
  "took" : 12,
  "errors" :  ...
83: 18801 voies traitées
voie : bulk pour les ids de 1151530 à 1151729
bulk : {
  "took" : 12,
  "errors" :  ...
83: 19001 voies traitées
voie : bulk pour les ids de 1151730 à 1151929
bulk : {
  "took" : 28,
  "errors" :  ...
83: 19201 voies traitées
voie : bulk pour les ids de 1151930 à 1152129
bulk : {
  "took" : 12,
  "errors" :  ...
83: 19401 voies traitées
voie : bulk pour les ids de 1152130 à 1152329
bulk : {
  "took" : 12,
  "errors" :  ...
83: 19601 voies traitées
voie : bulk pour les ids de 1152330 à 1152529
bulk : {
  "took" : 12,
  "errors" :  ...
83: 19801 voies traitées
voie : bulk pour les ids de 1152530 à 1152729
bulk : {
  "took" : 12,
  "errors" :  ...
83: 20001 voies traitées
voie : bulk pour les ids de 1152730 à 1152929
bulk : {
  "took" : 13,
  "errors" :  ...
83: 20201 voies traitées
voie : bulk pour les ids de 1152930 à 1153129
bulk : {
  "took" : 12,
  "errors" :  ...
83: 20401 voies traitées
voie : bulk pour les ids de 1153130 à 1153329
bulk : {
  "took" : 13,
  "errors" :  ...
83: 20601 voies traitées
voie : bulk pour les ids de 1153330 à 1153529
bulk : {
  "took" : 12,
  "errors" :  ...
83: 20801 voies traitées
voie : bulk pour les ids de 1153530 à 1153729
bulk : {
  "took" : 12,
  "errors" :  ...
83: 21001 voies traitées
voie : bulk pour les ids de 1153730 à 1153832
bulk : {
  "took" : 7,
  "errors" : f ...
dpt 83 : adresses
83: 1 adresses traitées
83: 1001 adresses traitées
adresse : bulk pour les ids de 15682671 à 15683670
bulk : {
  "took" : 77,
  "errors" :  ...
83: 2001 adresses traitées
83: 3001 adresses traitées
adresse : bulk pour les ids de 15683671 à 15684670
bulk : {
  "took" : 99,
  "errors" :  ...
83: 4001 adresses traitées
adresse : bulk pour les ids de 15684671 à 15685670
bulk : {
  "took" : 85,
  "errors" :  ...
83: 5001 adresses traitées
adresse : bulk pour les ids de 15685671 à 15686670
bulk : {
  "took" : 74,
  "errors" :  ...
83: 6001 adresses traitées
83: 7001 adresses traitées
adresse : bulk pour les ids de 15686671 à 15687670
bulk : {
  "took" : 86,
  "errors" :  ...
83: 8001 adresses traitées
83: 9001 adresses traitées
adresse : bulk pour les ids de 15687671 à 15688670
bulk : {
  "took" : 89,
  "errors" :  ...
83: 10001 adresses traitées
adresse : bulk pour les ids de 15688671 à 15689670
bulk : {
  "took" : 87,
  "errors" :  ...
83: 11001 adresses traitées
83: 12001 adresses traitées
adresse : bulk pour les ids de 15689671 à 15690670
bulk : {
  "took" : 85,
  "errors" :  ...
83: 13001 adresses traitées
adresse : bulk pour les ids de 15690671 à 15691670
bulk : {
  "took" : 87,
  "errors" :  ...
83: 14001 adresses traitées
83: 15001 adresses traitées
adresse : bulk pour les ids de 15691671 à 15692670
bulk : {
  "took" : 90,
  "errors" :  ...
83: 16001 adresses traitées
83: 17001 adresses traitées
adresse : bulk pour les ids de 15692671 à 15693670
bulk : {
  "took" : 72,
  "errors" :  ...
83: 18001 adresses traitées
83: 19001 adresses traitées
adresse : bulk pour les ids de 15693671 à 15694670
bulk : {
  "took" : 108,
  "errors" : ...
83: 20001 adresses traitées
adresse : bulk pour les ids de 15694671 à 15695670
bulk : {
  "took" : 74,
  "errors" :  ...
83: 21001 adresses traitées
83: 22001 adresses traitées
adresse : bulk pour les ids de 15695671 à 15696670
bulk : {
  "took" : 74,
  "errors" :  ...
83: 23001 adresses traitées
adresse : bulk pour les ids de 15696671 à 15697670
bulk : {
  "took" : 73,
  "errors" :  ...
83: 24001 adresses traitées
83: 25001 adresses traitées
adresse : bulk pour les ids de 15697671 à 15698670
bulk : {
  "took" : 106,
  "errors" : ...
83: 26001 adresses traitées
83: 27001 adresses traitées
adresse : bulk pour les ids de 15698671 à 15699670
bulk : {
  "took" : 93,
  "errors" :  ...
83: 28001 adresses traitées
83: 29001 adresses traitées
adresse : bulk pour les ids de 15699671 à 15700670
bulk : {
  "took" : 72,
  "errors" :  ...
83: 30001 adresses traitées
adresse : bulk pour les ids de 15700671 à 15701670
bulk : {
  "took" : 103,
  "errors" : ...
83: 31001 adresses traitées
83: 32001 adresses traitées
adresse : bulk pour les ids de 15701671 à 15702670
bulk : {
  "took" : 73,
  "errors" :  ...
83: 33001 adresses traitées
adresse : bulk pour les ids de 15702671 à 15703670
bulk : {
  "took" : 73,
  "errors" :  ...
83: 34001 adresses traitées
adresse : bulk pour les ids de 15703671 à 15704670
bulk : {
  "took" : 104,
  "errors" : ...
83: 35001 adresses traitées
adresse : bulk pour les ids de 15704671 à 15705670
bulk : {
  "took" : 73,
  "errors" :  ...
83: 36001 adresses traitées
83: 37001 adresses traitées
adresse : bulk pour les ids de 15705671 à 15706670
bulk : {
  "took" : 88,
  "errors" :  ...
83: 38001 adresses traitées
adresse : bulk pour les ids de 15706671 à 15707670
bulk : {
  "took" : 83,
  "errors" :  ...
83: 39001 adresses traitées
adresse : bulk pour les ids de 15707671 à 15708670
bulk : {
  "took" : 73,
  "errors" :  ...
83: 40001 adresses traitées
adresse : bulk pour les ids de 15708671 à 15709670
bulk : {
  "took" : 93,
  "errors" :  ...
83: 41001 adresses traitées
adresse : bulk pour les ids de 15709671 à 15710670
bulk : {
  "took" : 87,
  "errors" :  ...
83: 42001 adresses traitées
adresse : bulk pour les ids de 15710671 à 15711670
bulk : {
  "took" : 87,
  "errors" :  ...
83: 43001 adresses traitées
adresse : bulk pour les ids de 15711671 à 15712670
bulk : {
  "took" : 97,
  "errors" :  ...
83: 44001 adresses traitées
83: 45001 adresses traitées
adresse : bulk pour les ids de 15712671 à 15713670
bulk : {
  "took" : 97,
  "errors" :  ...
83: 46001 adresses traitées
adresse : bulk pour les ids de 15713671 à 15714670
bulk : {
  "took" : 79,
  "errors" :  ...
83: 47001 adresses traitées
adresse : bulk pour les ids de 15714671 à 15715670
bulk : {
  "took" : 71,
  "errors" :  ...
83: 48001 adresses traitées
83: 49001 adresses traitées
adresse : bulk pour les ids de 15715671 à 15716670
bulk : {
  "took" : 94,
  "errors" :  ...
83: 50001 adresses traitées
adresse : bulk pour les ids de 15716671 à 15717670
bulk : {
  "took" : 72,
  "errors" :  ...
83: 51001 adresses traitées
adresse : bulk pour les ids de 15717671 à 15718670
bulk : {
  "took" : 100,
  "errors" : ...
83: 52001 adresses traitées
adresse : bulk pour les ids de 15718671 à 15719670
bulk : {
  "took" : 72,
  "errors" :  ...
83: 53001 adresses traitées
adresse : bulk pour les ids de 15719671 à 15720670
bulk : {
  "took" : 81,
  "errors" :  ...
83: 54001 adresses traitées
adresse : bulk pour les ids de 15720671 à 15721670
bulk : {
  "took" : 89,
  "errors" :  ...
83: 55001 adresses traitées
adresse : bulk pour les ids de 15721671 à 15722670
bulk : {
  "took" : 79,
  "errors" :  ...
83: 56001 adresses traitées
83: 57001 adresses traitées
adresse : bulk pour les ids de 15722671 à 15723670
bulk : {
  "took" : 89,
  "errors" :  ...
83: 58001 adresses traitées
adresse : bulk pour les ids de 15723671 à 15724670
bulk : {
  "took" : 83,
  "errors" :  ...
83: 59001 adresses traitées
adresse : bulk pour les ids de 15724671 à 15725670
bulk : {
  "took" : 71,
  "errors" :  ...
83: 60001 adresses traitées
adresse : bulk pour les ids de 15725671 à 15726670
bulk : {
  "took" : 102,
  "errors" : ...
83: 61001 adresses traitées
83: 62001 adresses traitées
adresse : bulk pour les ids de 15726671 à 15727670
bulk : {
  "took" : 72,
  "errors" :  ...
83: 63001 adresses traitées
adresse : bulk pour les ids de 15727671 à 15728670
bulk : {
  "took" : 109,
  "errors" : ...
83: 64001 adresses traitées
adresse : bulk pour les ids de 15728671 à 15729670
bulk : {
  "took" : 90,
  "errors" :  ...
83: 65001 adresses traitées
adresse : bulk pour les ids de 15729671 à 15730670
bulk : {
  "took" : 98,
  "errors" :  ...
83: 66001 adresses traitées
adresse : bulk pour les ids de 15730671 à 15731670
bulk : {
  "took" : 89,
  "errors" :  ...
83: 67001 adresses traitées
adresse : bulk pour les ids de 15731671 à 15732670
bulk : {
  "took" : 99,
  "errors" :  ...
83: 68001 adresses traitées
adresse : bulk pour les ids de 15732671 à 15733670
bulk : {
  "took" : 84,
  "errors" :  ...
83: 69001 adresses traitées
83: 70001 adresses traitées
adresse : bulk pour les ids de 15733671 à 15734670
bulk : {
  "took" : 109,
  "errors" : ...
83: 71001 adresses traitées
adresse : bulk pour les ids de 15734671 à 15735670
bulk : {
  "took" : 97,
  "errors" :  ...
83: 72001 adresses traitées
adresse : bulk pour les ids de 15735671 à 15736670
bulk : {
  "took" : 89,
  "errors" :  ...
83: 73001 adresses traitées
adresse : bulk pour les ids de 15736671 à 15737670
bulk : {
  "took" : 93,
  "errors" :  ...
83: 74001 adresses traitées
83: 75001 adresses traitées
adresse : bulk pour les ids de 15737671 à 15738670
bulk : {
  "took" : 88,
  "errors" :  ...
83: 76001 adresses traitées
adresse : bulk pour les ids de 15738671 à 15739670
bulk : {
  "took" : 93,
  "errors" :  ...
83: 77001 adresses traitées
adresse : bulk pour les ids de 15739671 à 15740670
bulk : {
  "took" : 89,
  "errors" :  ...
83: 78001 adresses traitées
adresse : bulk pour les ids de 15740671 à 15741670
bulk : {
  "took" : 90,
  "errors" :  ...
83: 79001 adresses traitées
adresse : bulk pour les ids de 15741671 à 15742670
bulk : {
  "took" : 88,
  "errors" :  ...
83: 80001 adresses traitées
83: 81001 adresses traitées
adresse : bulk pour les ids de 15742671 à 15743670
bulk : {
  "took" : 88,
  "errors" :  ...
83: 82001 adresses traitées
adresse : bulk pour les ids de 15743671 à 15744670
bulk : {
  "took" : 102,
  "errors" : ...
83: 83001 adresses traitées
adresse : bulk pour les ids de 15744671 à 15745670
bulk : {
  "took" : 79,
  "errors" :  ...
83: 84001 adresses traitées
adresse : bulk pour les ids de 15745671 à 15746670
bulk : {
  "took" : 86,
  "errors" :  ...
83: 85001 adresses traitées
adresse : bulk pour les ids de 15746671 à 15747670
bulk : {
  "took" : 80,
  "errors" :  ...
83: 86001 adresses traitées
adresse : bulk pour les ids de 15747671 à 15748670
bulk : {
  "took" : 86,
  "errors" :  ...
83: 87001 adresses traitées
adresse : bulk pour les ids de 15748671 à 15749670
bulk : {
  "took" : 83,
  "errors" :  ...
83: 88001 adresses traitées
adresse : bulk pour les ids de 15749671 à 15750670
bulk : {
  "took" : 90,
  "errors" :  ...
83: 89001 adresses traitées
adresse : bulk pour les ids de 15750671 à 15751670
bulk : {
  "took" : 79,
  "errors" :  ...
83: 90001 adresses traitées
adresse : bulk pour les ids de 15751671 à 15752670
bulk : {
  "took" : 70,
  "errors" :  ...
83: 91001 adresses traitées
83: 92001 adresses traitées
adresse : bulk pour les ids de 15752671 à 15753670
bulk : {
  "took" : 90,
  "errors" :  ...
83: 93001 adresses traitées
adresse : bulk pour les ids de 15753671 à 15754670
bulk : {
  "took" : 78,
  "errors" :  ...
83: 94001 adresses traitées
adresse : bulk pour les ids de 15754671 à 15755670
bulk : {
  "took" : 95,
  "errors" :  ...
83: 95001 adresses traitées
adresse : bulk pour les ids de 15755671 à 15756670
bulk : {
  "took" : 86,
  "errors" :  ...
83: 96001 adresses traitées
adresse : bulk pour les ids de 15756671 à 15757670
bulk : {
  "took" : 86,
  "errors" :  ...
83: 97001 adresses traitées
adresse : bulk pour les ids de 15757671 à 15758670
bulk : {
  "took" : 84,
  "errors" :  ...
83: 98001 adresses traitées
adresse : bulk pour les ids de 15758671 à 15759670
bulk : {
  "took" : 90,
  "errors" :  ...
83: 99001 adresses traitées
adresse : bulk pour les ids de 15759671 à 15760670
bulk : {
  "took" : 86,
  "errors" :  ...
83: 100001 adresses traitées
adresse : bulk pour les ids de 15760671 à 15761670
bulk : {
  "took" : 101,
  "errors" : ...
83: 101001 adresses traitées
adresse : bulk pour les ids de 15761671 à 15762670
bulk : {
  "took" : 74,
  "errors" :  ...
83: 102001 adresses traitées
adresse : bulk pour les ids de 15762671 à 15763670
bulk : {
  "took" : 105,
  "errors" : ...
83: 103001 adresses traitées
adresse : bulk pour les ids de 15763671 à 15764670
bulk : {
  "took" : 122,
  "errors" : ...
83: 104001 adresses traitées
83: 105001 adresses traitées
adresse : bulk pour les ids de 15764671 à 15765670
bulk : {
  "took" : 102,
  "errors" : ...
83: 106001 adresses traitées
adresse : bulk pour les ids de 15765671 à 15766670
bulk : {
  "took" : 71,
  "errors" :  ...
83: 107001 adresses traitées
adresse : bulk pour les ids de 15766671 à 15767670
bulk : {
  "took" : 105,
  "errors" : ...
83: 108001 adresses traitées
adresse : bulk pour les ids de 15767671 à 15768670
bulk : {
  "took" : 71,
  "errors" :  ...
83: 109001 adresses traitées
83: 110001 adresses traitées
adresse : bulk pour les ids de 15768671 à 15769670
bulk : {
  "took" : 104,
  "errors" : ...
83: 111001 adresses traitées
adresse : bulk pour les ids de 15769671 à 15770670
bulk : {
  "took" : 87,
  "errors" :  ...
83: 112001 adresses traitées
adresse : bulk pour les ids de 15770671 à 15771670
bulk : {
  "took" : 88,
  "errors" :  ...
83: 113001 adresses traitées
adresse : bulk pour les ids de 15771671 à 15772670
bulk : {
  "took" : 72,
  "errors" :  ...
83: 114001 adresses traitées
83: 115001 adresses traitées
adresse : bulk pour les ids de 15772671 à 15773670
bulk : {
  "took" : 100,
  "errors" : ...
83: 116001 adresses traitées
adresse : bulk pour les ids de 15773671 à 15774670
bulk : {
  "took" : 71,
  "errors" :  ...
83: 117001 adresses traitées
adresse : bulk pour les ids de 15774671 à 15775670
bulk : {
  "took" : 106,
  "errors" : ...
83: 118001 adresses traitées
adresse : bulk pour les ids de 15775671 à 15776670
bulk : {
  "took" : 69,
  "errors" :  ...
83: 119001 adresses traitées
83: 120001 adresses traitées
adresse : bulk pour les ids de 15776671 à 15777670
bulk : {
  "took" : 99,
  "errors" :  ...
83: 121001 adresses traitées
adresse : bulk pour les ids de 15777671 à 15778670
bulk : {
  "took" : 70,
  "errors" :  ...
83: 122001 adresses traitées
adresse : bulk pour les ids de 15778671 à 15779670
bulk : {
  "took" : 104,
  "errors" : ...
83: 123001 adresses traitées
adresse : bulk pour les ids de 15779671 à 15780670
bulk : {
  "took" : 99,
  "errors" :  ...
83: 124001 adresses traitées
83: 125001 adresses traitées
adresse : bulk pour les ids de 15780671 à 15781670
bulk : {
  "took" : 72,
  "errors" :  ...
83: 126001 adresses traitées
adresse : bulk pour les ids de 15781671 à 15782670
bulk : {
  "took" : 96,
  "errors" :  ...
83: 127001 adresses traitées
83: 128001 adresses traitées
adresse : bulk pour les ids de 15782671 à 15783670
bulk : {
  "took" : 72,
  "errors" :  ...
83: 129001 adresses traitées
adresse : bulk pour les ids de 15783671 à 15784670
bulk : {
  "took" : 98,
  "errors" :  ...
83: 130001 adresses traitées
adresse : bulk pour les ids de 15784671 à 15785670
bulk : {
  "took" : 85,
  "errors" :  ...
83: 131001 adresses traitées
83: 132001 adresses traitées
adresse : bulk pour les ids de 15785671 à 15786670
bulk : {
  "took" : 80,
  "errors" :  ...
83: 133001 adresses traitées
adresse : bulk pour les ids de 15786671 à 15787670
bulk : {
  "took" : 86,
  "errors" :  ...
83: 134001 adresses traitées
adresse : bulk pour les ids de 15787671 à 15788670
bulk : {
  "took" : 79,
  "errors" :  ...
83: 135001 adresses traitées
adresse : bulk pour les ids de 15788671 à 15789670
bulk : {
  "took" : 101,
  "errors" : ...
83: 136001 adresses traitées
83: 137001 adresses traitées
adresse : bulk pour les ids de 15789671 à 15790670
bulk : {
  "took" : 93,
  "errors" :  ...
83: 138001 adresses traitées
adresse : bulk pour les ids de 15790671 à 15791670
bulk : {
  "took" : 71,
  "errors" :  ...
83: 139001 adresses traitées
adresse : bulk pour les ids de 15791671 à 15792670
bulk : {
  "took" : 94,
  "errors" :  ...
83: 140001 adresses traitées
83: 141001 adresses traitées
adresse : bulk pour les ids de 15792671 à 15793670
bulk : {
  "took" : 72,
  "errors" :  ...
83: 142001 adresses traitées
adresse : bulk pour les ids de 15793671 à 15794670
bulk : {
  "took" : 90,
  "errors" :  ...
83: 143001 adresses traitées
adresse : bulk pour les ids de 15794671 à 15795670
bulk : {
  "took" : 82,
  "errors" :  ...
83: 144001 adresses traitées
83: 145001 adresses traitées
adresse : bulk pour les ids de 15795671 à 15796670
bulk : {
  "took" : 78,
  "errors" :  ...
83: 146001 adresses traitées
adresse : bulk pour les ids de 15796671 à 15797670
bulk : {
  "took" : 87,
  "errors" :  ...
83: 147001 adresses traitées
adresse : bulk pour les ids de 15797671 à 15798670
bulk : {
  "took" : 81,
  "errors" :  ...
83: 148001 adresses traitées
adresse : bulk pour les ids de 15798671 à 15799670
bulk : {
  "took" : 100,
  "errors" : ...
83: 149001 adresses traitées
83: 150001 adresses traitées
adresse : bulk pour les ids de 15799671 à 15800670
bulk : {
  "took" : 88,
  "errors" :  ...
83: 151001 adresses traitées
adresse : bulk pour les ids de 15800671 à 15801670
bulk : {
  "took" : 69,
  "errors" :  ...
83: 152001 adresses traitées
adresse : bulk pour les ids de 15801671 à 15802670
bulk : {
  "took" : 91,
  "errors" :  ...
83: 153001 adresses traitées
83: 154001 adresses traitées
adresse : bulk pour les ids de 15802671 à 15803670
bulk : {
  "took" : 70,
  "errors" :  ...
83: 155001 adresses traitées
adresse : bulk pour les ids de 15803671 à 15804670
bulk : {
  "took" : 77,
  "errors" :  ...
83: 156001 adresses traitées
83: 157001 adresses traitées
adresse : bulk pour les ids de 15804671 à 15805670
bulk : {
  "took" : 90,
  "errors" :  ...
83: 158001 adresses traitées
adresse : bulk pour les ids de 15805671 à 15806670
bulk : {
  "took" : 78,
  "errors" :  ...
83: 159001 adresses traitées
adresse : bulk pour les ids de 15806671 à 15807670
bulk : {
  "took" : 86,
  "errors" :  ...
83: 160001 adresses traitées
83: 161001 adresses traitées
adresse : bulk pour les ids de 15807671 à 15808670
bulk : {
  "took" : 80,
  "errors" :  ...
83: 162001 adresses traitées
adresse : bulk pour les ids de 15808671 à 15809670
bulk : {
  "took" : 68,
  "errors" :  ...
83: 163001 adresses traitées
83: 164001 adresses traitées
adresse : bulk pour les ids de 15809671 à 15810670
bulk : {
  "took" : 90,
  "errors" :  ...
83: 165001 adresses traitées
adresse : bulk pour les ids de 15810671 à 15811670
bulk : {
  "took" : 68,
  "errors" :  ...
83: 166001 adresses traitées
adresse : bulk pour les ids de 15811671 à 15812670
bulk : {
  "took" : 90,
  "errors" :  ...
83: 167001 adresses traitées
adresse : bulk pour les ids de 15812671 à 15813670
bulk : {
  "took" : 68,
  "errors" :  ...
83: 168001 adresses traitées
adresse : bulk pour les ids de 15813671 à 15814670
bulk : {
  "took" : 77,
  "errors" :  ...
83: 169001 adresses traitées
83: 170001 adresses traitées
adresse : bulk pour les ids de 15814671 à 15815670
bulk : {
  "took" : 90,
  "errors" :  ...
83: 171001 adresses traitées
adresse : bulk pour les ids de 15815671 à 15816670
bulk : {
  "took" : 76,
  "errors" :  ...
83: 172001 adresses traitées
83: 173001 adresses traitées
adresse : bulk pour les ids de 15816671 à 15817670
bulk : {
  "took" : 99,
  "errors" :  ...
83: 174001 adresses traitées
adresse : bulk pour les ids de 15817671 à 15818670
bulk : {
  "took" : 80,
  "errors" :  ...
83: 175001 adresses traitées
adresse : bulk pour les ids de 15818671 à 15819670
bulk : {
  "took" : 90,
  "errors" :  ...
83: 176001 adresses traitées
adresse : bulk pour les ids de 15819671 à 15820670
bulk : {
  "took" : 78,
  "errors" :  ...
83: 177001 adresses traitées
adresse : bulk pour les ids de 15820671 à 15821670
bulk : {
  "took" : 95,
  "errors" :  ...
83: 178001 adresses traitées
adresse : bulk pour les ids de 15821671 à 15822670
bulk : {
  "took" : 79,
  "errors" :  ...
83: 179001 adresses traitées
83: 180001 adresses traitées
adresse : bulk pour les ids de 15822671 à 15823670
bulk : {
  "took" : 86,
  "errors" :  ...
83: 181001 adresses traitées
adresse : bulk pour les ids de 15823671 à 15824670
bulk : {
  "took" : 102,
  "errors" : ...
83: 182001 adresses traitées
83: 183001 adresses traitées
adresse : bulk pour les ids de 15824671 à 15825670
bulk : {
  "took" : 71,
  "errors" :  ...
83: 184001 adresses traitées
adresse : bulk pour les ids de 15825671 à 15826670
bulk : {
  "took" : 100,
  "errors" : ...
83: 185001 adresses traitées
adresse : bulk pour les ids de 15826671 à 15827670
bulk : {
  "took" : 69,
  "errors" :  ...
83: 186001 adresses traitées
83: 187001 adresses traitées
adresse : bulk pour les ids de 15827671 à 15828670
bulk : {
  "took" : 86,
  "errors" :  ...
83: 188001 adresses traitées
adresse : bulk pour les ids de 15828671 à 15829670
bulk : {
  "took" : 88,
  "errors" :  ...
83: 189001 adresses traitées
adresse : bulk pour les ids de 15829671 à 15830670
bulk : {
  "took" : 88,
  "errors" :  ...
83: 190001 adresses traitées
adresse : bulk pour les ids de 15830671 à 15831670
bulk : {
  "took" : 89,
  "errors" :  ...
83: 191001 adresses traitées
adresse : bulk pour les ids de 15831671 à 15832670
bulk : {
  "took" : 92,
  "errors" :  ...
83: 192001 adresses traitées
83: 193001 adresses traitées
adresse : bulk pour les ids de 15832671 à 15833670
bulk : {
  "took" : 69,
  "errors" :  ...
83: 194001 adresses traitées
adresse : bulk pour les ids de 15833671 à 15834670
bulk : {
  "took" : 104,
  "errors" : ...
83: 195001 adresses traitées
adresse : bulk pour les ids de 15834671 à 15835670
bulk : {
  "took" : 70,
  "errors" :  ...
83: 196001 adresses traitées
adresse : bulk pour les ids de 15835671 à 15836670
bulk : {
  "took" : 104,
  "errors" : ...
83: 197001 adresses traitées
83: 198001 adresses traitées
adresse : bulk pour les ids de 15836671 à 15837670
bulk : {
  "took" : 70,
  "errors" :  ...
83: 199001 adresses traitées
adresse : bulk pour les ids de 15837671 à 15838670
bulk : {
  "took" : 103,
  "errors" : ...
83: 200001 adresses traitées
adresse : bulk pour les ids de 15838671 à 15839670
bulk : {
  "took" : 80,
  "errors" :  ...
83: 201001 adresses traitées
adresse : bulk pour les ids de 15839671 à 15840670
bulk : {
  "took" : 94,
  "errors" :  ...
83: 202001 adresses traitées
adresse : bulk pour les ids de 15840671 à 15841670
bulk : {
  "took" : 99,
  "errors" :  ...
83: 203001 adresses traitées
adresse : bulk pour les ids de 15841671 à 15842670
bulk : {
  "took" : 72,
  "errors" :  ...
83: 204001 adresses traitées
adresse : bulk pour les ids de 15842671 à 15843670
bulk : {
  "took" : 92,
  "errors" :  ...
83: 205001 adresses traitées
83: 206001 adresses traitées
adresse : bulk pour les ids de 15843671 à 15844670
bulk : {
  "took" : 70,
  "errors" :  ...
83: 207001 adresses traitées
adresse : bulk pour les ids de 15844671 à 15845670
bulk : {
  "took" : 100,
  "errors" : ...
83: 208001 adresses traitées
adresse : bulk pour les ids de 15845671 à 15846670
bulk : {
  "took" : 83,
  "errors" :  ...
83: 209001 adresses traitées
adresse : bulk pour les ids de 15846671 à 15847670
bulk : {
  "took" : 90,
  "errors" :  ...
83: 210001 adresses traitées
adresse : bulk pour les ids de 15847671 à 15848670
bulk : {
  "took" : 83,
  "errors" :  ...
83: 211001 adresses traitées
adresse : bulk pour les ids de 15848671 à 15849670
bulk : {
  "took" : 86,
  "errors" :  ...
83: 212001 adresses traitées
83: 213001 adresses traitées
adresse : bulk pour les ids de 15849671 à 15850670
bulk : {
  "took" : 70,
  "errors" :  ...
83: 214001 adresses traitées
adresse : bulk pour les ids de 15850671 à 15851670
bulk : {
  "took" : 101,
  "errors" : ...
83: 215001 adresses traitées
adresse : bulk pour les ids de 15851671 à 15852670
bulk : {
  "took" : 104,
  "errors" : ...
83: 216001 adresses traitées
adresse : bulk pour les ids de 15852671 à 15853670
bulk : {
  "took" : 89,
  "errors" :  ...
83: 217001 adresses traitées
adresse : bulk pour les ids de 15853671 à 15854670
bulk : {
  "took" : 83,
  "errors" :  ...
83: 218001 adresses traitées
adresse : bulk pour les ids de 15854671 à 15855670
bulk : {
  "took" : 87,
  "errors" :  ...
83: 219001 adresses traitées
adresse : bulk pour les ids de 15855671 à 15856670
bulk : {
  "took" : 79,
  "errors" :  ...
83: 220001 adresses traitées
adresse : bulk pour les ids de 15856671 à 15857670
bulk : {
  "took" : 85,
  "errors" :  ...
83: 221001 adresses traitées
adresse : bulk pour les ids de 15857671 à 15858670
bulk : {
  "took" : 92,
  "errors" :  ...
83: 222001 adresses traitées
83: 223001 adresses traitées
adresse : bulk pour les ids de 15858671 à 15859670
bulk : {
  "took" : 69,
  "errors" :  ...
83: 224001 adresses traitées
adresse : bulk pour les ids de 15859671 à 15860670
bulk : {
  "took" : 102,
  "errors" : ...
83: 225001 adresses traitées
adresse : bulk pour les ids de 15860671 à 15861670
bulk : {
  "took" : 69,
  "errors" :  ...
83: 226001 adresses traitées
adresse : bulk pour les ids de 15861671 à 15862670
bulk : {
  "took" : 99,
  "errors" :  ...
83: 227001 adresses traitées
adresse : bulk pour les ids de 15862671 à 15863670
bulk : {
  "took" : 82,
  "errors" :  ...
83: 228001 adresses traitées
adresse : bulk pour les ids de 15863671 à 15864670
bulk : {
  "took" : 86,
  "errors" :  ...
83: 229001 adresses traitées
adresse : bulk pour les ids de 15864671 à 15865670
bulk : {
  "took" : 84,
  "errors" :  ...
83: 230001 adresses traitées
adresse : bulk pour les ids de 15865671 à 15866670
bulk : {
  "took" : 87,
  "errors" :  ...
83: 231001 adresses traitées
adresse : bulk pour les ids de 15866671 à 15867670
bulk : {
  "took" : 70,
  "errors" :  ...
83: 232001 adresses traitées
adresse : bulk pour les ids de 15867671 à 15868670
bulk : {
  "took" : 101,
  "errors" : ...
83: 233001 adresses traitées
83: 234001 adresses traitées
adresse : bulk pour les ids de 15868671 à 15869670
bulk : {
  "took" : 78,
  "errors" :  ...
83: 235001 adresses traitées
adresse : bulk pour les ids de 15869671 à 15870670
bulk : {
  "took" : 88,
  "errors" :  ...
83: 236001 adresses traitées
adresse : bulk pour les ids de 15870671 à 15871670
bulk : {
  "took" : 82,
  "errors" :  ...
83: 237001 adresses traitées
adresse : bulk pour les ids de 15871671 à 15872670
bulk : {
  "took" : 84,
  "errors" :  ...
83: 238001 adresses traitées
adresse : bulk pour les ids de 15872671 à 15873670
bulk : {
  "took" : 79,
  "errors" :  ...
83: 239001 adresses traitées
adresse : bulk pour les ids de 15873671 à 15874670
bulk : {
  "took" : 76,
  "errors" :  ...
83: 240001 adresses traitées
adresse : bulk pour les ids de 15874671 à 15875670
bulk : {
  "took" : 102,
  "errors" : ...
83: 241001 adresses traitées
adresse : bulk pour les ids de 15875671 à 15876670
bulk : {
  "took" : 72,
  "errors" :  ...
83: 242001 adresses traitées
adresse : bulk pour les ids de 15876671 à 15877670
bulk : {
  "took" : 101,
  "errors" : ...
83: 243001 adresses traitées
adresse : bulk pour les ids de 15877671 à 15878670
bulk : {
  "took" : 70,
  "errors" :  ...
83: 244001 adresses traitées
adresse : bulk pour les ids de 15878671 à 15879670
bulk : {
  "took" : 86,
  "errors" :  ...
83: 245001 adresses traitées
adresse : bulk pour les ids de 15879671 à 15880670
bulk : {
  "took" : 83,
  "errors" :  ...
83: 246001 adresses traitées
adresse : bulk pour les ids de 15880671 à 15881670
bulk : {
  "took" : 84,
  "errors" :  ...
83: 247001 adresses traitées
adresse : bulk pour les ids de 15881671 à 15882670
bulk : {
  "took" : 83,
  "errors" :  ...
83: 248001 adresses traitées
83: 249001 adresses traitées
adresse : bulk pour les ids de 15882671 à 15883670
bulk : {
  "took" : 87,
  "errors" :  ...
83: 250001 adresses traitées
adresse : bulk pour les ids de 15883671 à 15884670
bulk : {
  "took" : 84,
  "errors" :  ...
83: 251001 adresses traitées
adresse : bulk pour les ids de 15884671 à 15885670
bulk : {
  "took" : 101,
  "errors" : ...
83: 252001 adresses traitées
adresse : bulk pour les ids de 15885671 à 15886670
bulk : {
  "took" : 83,
  "errors" :  ...
83: 253001 adresses traitées
adresse : bulk pour les ids de 15886671 à 15887670
bulk : {
  "took" : 97,
  "errors" :  ...
83: 254001 adresses traitées
adresse : bulk pour les ids de 15887671 à 15888670
bulk : {
  "took" : 91,
  "errors" :  ...
83: 255001 adresses traitées
adresse : bulk pour les ids de 15888671 à 15889670
bulk : {
  "took" : 68,
  "errors" :  ...
83: 256001 adresses traitées
adresse : bulk pour les ids de 15889671 à 15890670
bulk : {
  "took" : 88,
  "errors" :  ...
83: 257001 adresses traitées
adresse : bulk pour les ids de 15890671 à 15891670
bulk : {
  "took" : 70,
  "errors" :  ...
83: 258001 adresses traitées
adresse : bulk pour les ids de 15891671 à 15892670
bulk : {
  "took" : 99,
  "errors" :  ...
83: 259001 adresses traitées
adresse : bulk pour les ids de 15892671 à 15893670
bulk : {
  "took" : 69,
  "errors" :  ...
83: 260001 adresses traitées
adresse : bulk pour les ids de 15893671 à 15894670
bulk : {
  "took" : 76,
  "errors" :  ...
83: 261001 adresses traitées
adresse : bulk pour les ids de 15894671 à 15895670
bulk : {
  "took" : 80,
  "errors" :  ...
83: 262001 adresses traitées
adresse : bulk pour les ids de 15895671 à 15896670
bulk : {
  "took" : 78,
  "errors" :  ...
83: 263001 adresses traitées
adresse : bulk pour les ids de 15896671 à 15897670
bulk : {
  "took" : 81,
  "errors" :  ...
83: 264001 adresses traitées
adresse : bulk pour les ids de 15897671 à 15898670
bulk : {
  "took" : 78,
  "errors" :  ...
83: 265001 adresses traitées
adresse : bulk pour les ids de 15898671 à 15899670
bulk : {
  "took" : 85,
  "errors" :  ...
83: 266001 adresses traitées
adresse : bulk pour les ids de 15899671 à 15900670
bulk : {
  "took" : 92,
  "errors" :  ...
83: 267001 adresses traitées
adresse : bulk pour les ids de 15900671 à 15901670
bulk : {
  "took" : 68,
  "errors" :  ...
83: 268001 adresses traitées
83: 269001 adresses traitées
adresse : bulk pour les ids de 15901671 à 15902670
bulk : {
  "took" : 94,
  "errors" :  ...
83: 270001 adresses traitées
adresse : bulk pour les ids de 15902671 à 15903670
bulk : {
  "took" : 95,
  "errors" :  ...
83: 271001 adresses traitées
adresse : bulk pour les ids de 15903671 à 15904670
bulk : {
  "took" : 97,
  "errors" :  ...
83: 272001 adresses traitées
adresse : bulk pour les ids de 15904671 à 15905670
bulk : {
  "took" : 86,
  "errors" :  ...
83: 273001 adresses traitées
adresse : bulk pour les ids de 15905671 à 15906670
bulk : {
  "took" : 94,
  "errors" :  ...
83: 274001 adresses traitées
adresse : bulk pour les ids de 15906671 à 15907670
bulk : {
  "took" : 71,
  "errors" :  ...
83: 275001 adresses traitées
adresse : bulk pour les ids de 15907671 à 15908670
bulk : {
  "took" : 101,
  "errors" : ...
83: 276001 adresses traitées
adresse : bulk pour les ids de 15908671 à 15909670
bulk : {
  "took" : 68,
  "errors" :  ...
83: 277001 adresses traitées
adresse : bulk pour les ids de 15909671 à 15910670
bulk : {
  "took" : 102,
  "errors" : ...
83: 278001 adresses traitées
adresse : bulk pour les ids de 15910671 à 15911670
bulk : {
  "took" : 83,
  "errors" :  ...
83: 279001 adresses traitées
adresse : bulk pour les ids de 15911671 à 15912670
bulk : {
  "took" : 84,
  "errors" :  ...
83: 280001 adresses traitées
adresse : bulk pour les ids de 15912671 à 15913670
bulk : {
  "took" : 89,
  "errors" :  ...
83: 281001 adresses traitées
adresse : bulk pour les ids de 15913671 à 15914670
bulk : {
  "took" : 82,
  "errors" :  ...
83: 282001 adresses traitées
adresse : bulk pour les ids de 15914671 à 15915670
bulk : {
  "took" : 83,
  "errors" :  ...
83: 283001 adresses traitées
adresse : bulk pour les ids de 15915671 à 15916670
bulk : {
  "took" : 99,
  "errors" :  ...
83: 284001 adresses traitées
adresse : bulk pour les ids de 15916671 à 15917670
bulk : {
  "took" : 69,
  "errors" :  ...
83: 285001 adresses traitées
adresse : bulk pour les ids de 15917671 à 15918670
bulk : {
  "took" : 97,
  "errors" :  ...
83: 286001 adresses traitées
83: 287001 adresses traitées
adresse : bulk pour les ids de 15918671 à 15919670
bulk : {
  "took" : 70,
  "errors" :  ...
83: 288001 adresses traitées
adresse : bulk pour les ids de 15919671 à 15920670
bulk : {
  "took" : 99,
  "errors" :  ...
83: 289001 adresses traitées
adresse : bulk pour les ids de 15920671 à 15921670
bulk : {
  "took" : 92,
  "errors" :  ...
83: 290001 adresses traitées
adresse : bulk pour les ids de 15921671 à 15922670
bulk : {
  "took" : 103,
  "errors" : ...
83: 291001 adresses traitées
adresse : bulk pour les ids de 15922671 à 15923670
bulk : {
  "took" : 68,
  "errors" :  ...
83: 292001 adresses traitées
adresse : bulk pour les ids de 15923671 à 15924670
bulk : {
  "took" : 105,
  "errors" : ...
83: 293001 adresses traitées
adresse : bulk pour les ids de 15924671 à 15925670
bulk : {
  "took" : 83,
  "errors" :  ...
83: 294001 adresses traitées
adresse : bulk pour les ids de 15925671 à 15926670
bulk : {
  "took" : 85,
  "errors" :  ...
83: 295001 adresses traitées
adresse : bulk pour les ids de 15926671 à 15927670
bulk : {
  "took" : 90,
  "errors" :  ...
83: 296001 adresses traitées
adresse : bulk pour les ids de 15927671 à 15928670
bulk : {
  "took" : 76,
  "errors" :  ...
83: 297001 adresses traitées
adresse : bulk pour les ids de 15928671 à 15929670
bulk : {
  "took" : 78,
  "errors" :  ...
83: 298001 adresses traitées
adresse : bulk pour les ids de 15929671 à 15930670
bulk : {
  "took" : 82,
  "errors" :  ...
83: 299001 adresses traitées
adresse : bulk pour les ids de 15930671 à 15931670
bulk : {
  "took" : 79,
  "errors" :  ...
83: 300001 adresses traitées
adresse : bulk pour les ids de 15931671 à 15932670
bulk : {
  "took" : 85,
  "errors" :  ...
83: 301001 adresses traitées
adresse : bulk pour les ids de 15932671 à 15933670
bulk : {
  "took" : 81,
  "errors" :  ...
83: 302001 adresses traitées
adresse : bulk pour les ids de 15933671 à 15934670
bulk : {
  "took" : 88,
  "errors" :  ...
83: 303001 adresses traitées
adresse : bulk pour les ids de 15934671 à 15935670
bulk : {
  "took" : 98,
  "errors" :  ...
83: 304001 adresses traitées
83: 305001 adresses traitées
adresse : bulk pour les ids de 15935671 à 15936670
bulk : {
  "took" : 69,
  "errors" :  ...
83: 306001 adresses traitées
adresse : bulk pour les ids de 15936671 à 15937670
bulk : {
  "took" : 101,
  "errors" : ...
83: 307001 adresses traitées
adresse : bulk pour les ids de 15937671 à 15938670
bulk : {
  "took" : 90,
  "errors" :  ...
83: 308001 adresses traitées
adresse : bulk pour les ids de 15938671 à 15939670
bulk : {
  "took" : 104,
  "errors" : ...
83: 309001 adresses traitées
adresse : bulk pour les ids de 15939671 à 15940670
bulk : {
  "took" : 70,
  "errors" :  ...
83: 310001 adresses traitées
adresse : bulk pour les ids de 15940671 à 15941670
bulk : {
  "took" : 100,
  "errors" : ...
83: 311001 adresses traitées
adresse : bulk pour les ids de 15941671 à 15942670
bulk : {
  "took" : 71,
  "errors" :  ...
83: 312001 adresses traitées
adresse : bulk pour les ids de 15942671 à 15943670
bulk : {
  "took" : 100,
  "errors" : ...
83: 313001 adresses traitées
adresse : bulk pour les ids de 15943671 à 15944670
bulk : {
  "took" : 82,
  "errors" :  ...
83: 314001 adresses traitées
adresse : bulk pour les ids de 15944671 à 15945670
bulk : {
  "took" : 85,
  "errors" :  ...
83: 315001 adresses traitées
adresse : bulk pour les ids de 15945671 à 15946670
bulk : {
  "took" : 92,
  "errors" :  ...
83: 316001 adresses traitées
adresse : bulk pour les ids de 15946671 à 15947670
bulk : {
  "took" : 83,
  "errors" :  ...
83: 317001 adresses traitées
adresse : bulk pour les ids de 15947671 à 15948670
bulk : {
  "took" : 83,
  "errors" :  ...
83: 318001 adresses traitées
83: 319001 adresses traitées
adresse : bulk pour les ids de 15948671 à 15949670
bulk : {
  "took" : 85,
  "errors" :  ...
83: 320001 adresses traitées
adresse : bulk pour les ids de 15949671 à 15950670
bulk : {
  "took" : 92,
  "errors" :  ...
83: 321001 adresses traitées
adresse : bulk pour les ids de 15950671 à 15951670
bulk : {
  "took" : 87,
  "errors" :  ...
83: 322001 adresses traitées
adresse : bulk pour les ids de 15951671 à 15952670
bulk : {
  "took" : 101,
  "errors" : ...
83: 323001 adresses traitées
adresse : bulk pour les ids de 15952671 à 15953670
bulk : {
  "took" : 72,
  "errors" :  ...
83: 324001 adresses traitées
adresse : bulk pour les ids de 15953671 à 15954670
bulk : {
  "took" : 113,
  "errors" : ...
83: 325001 adresses traitées
adresse : bulk pour les ids de 15954671 à 15955670
bulk : {
  "took" : 77,
  "errors" :  ...
83: 326001 adresses traitées
adresse : bulk pour les ids de 15955671 à 15956670
bulk : {
  "took" : 110,
  "errors" : ...
83: 327001 adresses traitées
adresse : bulk pour les ids de 15956671 à 15957670
bulk : {
  "took" : 72,
  "errors" :  ...
83: 328001 adresses traitées
adresse : bulk pour les ids de 15957671 à 15958670
bulk : {
  "took" : 110,
  "errors" : ...
83: 329001 adresses traitées
adresse : bulk pour les ids de 15958671 à 15959670
bulk : {
  "took" : 100,
  "errors" : ...
83: 330001 adresses traitées
83: 331001 adresses traitées
adresse : bulk pour les ids de 15959671 à 15960670
bulk : {
  "took" : 73,
  "errors" :  ...
83: 332001 adresses traitées
adresse : bulk pour les ids de 15960671 à 15961670
bulk : {
  "took" : 101,
  "errors" : ...
83: 333001 adresses traitées
adresse : bulk pour les ids de 15961671 à 15962670
bulk : {
  "took" : 71,
  "errors" :  ...
83: 334001 adresses traitées
adresse : bulk pour les ids de 15962671 à 15963670
bulk : {
  "took" : 109,
  "errors" : ...
83: 335001 adresses traitées
adresse : bulk pour les ids de 15963671 à 15964670
bulk : {
  "took" : 90,
  "errors" :  ...
83: 336001 adresses traitées
adresse : bulk pour les ids de 15964671 à 15965670
bulk : {
  "took" : 89,
  "errors" :  ...
83: 337001 adresses traitées
adresse : bulk pour les ids de 15965671 à 15966670
bulk : {
  "took" : 89,
  "errors" :  ...
83: 338001 adresses traitées
adresse : bulk pour les ids de 15966671 à 15967670
bulk : {
  "took" : 89,
  "errors" :  ...
83: 339001 adresses traitées
adresse : bulk pour les ids de 15967671 à 15968670
bulk : {
  "took" : 69,
  "errors" :  ...
83: 340001 adresses traitées
83: 341001 adresses traitées
adresse : bulk pour les ids de 15968671 à 15969670
bulk : {
  "took" : 102,
  "errors" : ...
83: 342001 adresses traitées
adresse : bulk pour les ids de 15969671 à 15970670
bulk : {
  "took" : 82,
  "errors" :  ...
83: 343001 adresses traitées
adresse : bulk pour les ids de 15970671 à 15971670
bulk : {
  "took" : 74,
  "errors" :  ...
83: 344001 adresses traitées
adresse : bulk pour les ids de 15971671 à 15972670
bulk : {
  "took" : 89,
  "errors" :  ...
83: 345001 adresses traitées
adresse : bulk pour les ids de 15972671 à 15973670
bulk : {
  "took" : 83,
  "errors" :  ...
83: 346001 adresses traitées
adresse : bulk pour les ids de 15973671 à 15974670
bulk : {
  "took" : 86,
  "errors" :  ...
83: 347001 adresses traitées
adresse : bulk pour les ids de 15974671 à 15975670
bulk : {
  "took" : 95,
  "errors" :  ...
83: 348001 adresses traitées
adresse : bulk pour les ids de 15975671 à 15976670
bulk : {
  "took" : 92,
  "errors" :  ...
83: 349001 adresses traitées
83: 350001 adresses traitées
adresse : bulk pour les ids de 15976671 à 15977670
bulk : {
  "took" : 80,
  "errors" :  ...
83: 351001 adresses traitées
adresse : bulk pour les ids de 15977671 à 15978670
bulk : {
  "took" : 93,
  "errors" :  ...
83: 352001 adresses traitées
adresse : bulk pour les ids de 15978671 à 15979670
bulk : {
  "took" : 93,
  "errors" :  ...
83: 353001 adresses traitées
adresse : bulk pour les ids de 15979671 à 15980670
bulk : {
  "took" : 75,
  "errors" :  ...
83: 354001 adresses traitées
adresse : bulk pour les ids de 15980671 à 15981670
bulk : {
  "took" : 92,
  "errors" :  ...
83: 355001 adresses traitées
adresse : bulk pour les ids de 15981671 à 15982670
bulk : {
  "took" : 77,
  "errors" :  ...
83: 356001 adresses traitées
adresse : bulk pour les ids de 15982671 à 15983670
bulk : {
  "took" : 95,
  "errors" :  ...
83: 357001 adresses traitées
adresse : bulk pour les ids de 15983671 à 15984670
bulk : {
  "took" : 79,
  "errors" :  ...
83: 358001 adresses traitées
adresse : bulk pour les ids de 15984671 à 15985670
bulk : {
  "took" : 103,
  "errors" : ...
83: 359001 adresses traitées
adresse : bulk pour les ids de 15985671 à 15986670
bulk : {
  "took" : 82,
  "errors" :  ...
83: 360001 adresses traitées
83: 361001 adresses traitées
adresse : bulk pour les ids de 15986671 à 15987670
bulk : {
  "took" : 84,
  "errors" :  ...
83: 362001 adresses traitées
adresse : bulk pour les ids de 15987671 à 15988670
bulk : {
  "took" : 78,
  "errors" :  ...
83: 363001 adresses traitées
adresse : bulk pour les ids de 15988671 à 15989670
bulk : {
  "took" : 118,
  "errors" : ...
83: 364001 adresses traitées
adresse : bulk pour les ids de 15989671 à 15990670
bulk : {
  "took" : 78,
  "errors" :  ...
83: 365001 adresses traitées
adresse : bulk pour les ids de 15990671 à 15991670
bulk : {
  "took" : 91,
  "errors" :  ...
83: 366001 adresses traitées
adresse : bulk pour les ids de 15991671 à 15992670
bulk : {
  "took" : 78,
  "errors" :  ...
83: 367001 adresses traitées
adresse : bulk pour les ids de 15992671 à 15993670
bulk : {
  "took" : 90,
  "errors" :  ...
83: 368001 adresses traitées
adresse : bulk pour les ids de 15993671 à 15994670
bulk : {
  "took" : 79,
  "errors" :  ...
83: 369001 adresses traitées
adresse : bulk pour les ids de 15994671 à 15995670
bulk : {
  "took" : 79,
  "errors" :  ...
adresse : bulk pour les ids de 15995671 à 15995809
bulk : {
  "took" : 10,
  "errors" :  ...
dpt 84 : voies
84: 1 voies traitées
voie : bulk pour les ids de 1153833 à 1154032
bulk : {
  "took" : 14,
  "errors" :  ...
84: 201 voies traitées
voie : bulk pour les ids de 1154033 à 1154232
bulk : {
  "took" : 12,
  "errors" :  ...
84: 401 voies traitées
voie : bulk pour les ids de 1154233 à 1154432
bulk : {
  "took" : 12,
  "errors" :  ...
84: 601 voies traitées
voie : bulk pour les ids de 1154433 à 1154632
bulk : {
  "took" : 12,
  "errors" :  ...
84: 801 voies traitées
voie : bulk pour les ids de 1154633 à 1154832
bulk : {
  "took" : 32,
  "errors" :  ...
84: 1001 voies traitées
voie : bulk pour les ids de 1154833 à 1155032
bulk : {
  "took" : 12,
  "errors" :  ...
84: 1201 voies traitées
voie : bulk pour les ids de 1155033 à 1155232
bulk : {
  "took" : 11,
  "errors" :  ...
84: 1401 voies traitées
voie : bulk pour les ids de 1155233 à 1155432
bulk : {
  "took" : 12,
  "errors" :  ...
84: 1601 voies traitées
voie : bulk pour les ids de 1155433 à 1155632
bulk : {
  "took" : 12,
  "errors" :  ...
84: 1801 voies traitées
voie : bulk pour les ids de 1155633 à 1155832
bulk : {
  "took" : 12,
  "errors" :  ...
84: 2001 voies traitées
voie : bulk pour les ids de 1155833 à 1156032
bulk : {
  "took" : 12,
  "errors" :  ...
84: 2201 voies traitées
voie : bulk pour les ids de 1156033 à 1156232
bulk : {
  "took" : 13,
  "errors" :  ...
84: 2401 voies traitées
voie : bulk pour les ids de 1156233 à 1156432
bulk : {
  "took" : 12,
  "errors" :  ...
84: 2601 voies traitées
voie : bulk pour les ids de 1156433 à 1156632
bulk : {
  "took" : 20,
  "errors" :  ...
84: 2801 voies traitées
voie : bulk pour les ids de 1156633 à 1156832
bulk : {
  "took" : 37,
  "errors" :  ...
84: 3001 voies traitées
voie : bulk pour les ids de 1156833 à 1157032
bulk : {
  "took" : 12,
  "errors" :  ...
84: 3201 voies traitées
voie : bulk pour les ids de 1157033 à 1157232
bulk : {
  "took" : 12,
  "errors" :  ...
84: 3401 voies traitées
voie : bulk pour les ids de 1157233 à 1157432
bulk : {
  "took" : 12,
  "errors" :  ...
84: 3601 voies traitées
voie : bulk pour les ids de 1157433 à 1157632
bulk : {
  "took" : 14,
  "errors" :  ...
84: 3801 voies traitées
voie : bulk pour les ids de 1157633 à 1157832
bulk : {
  "took" : 13,
  "errors" :  ...
84: 4001 voies traitées
voie : bulk pour les ids de 1157833 à 1158032
bulk : {
  "took" : 14,
  "errors" :  ...
84: 4201 voies traitées
voie : bulk pour les ids de 1158033 à 1158232
bulk : {
  "took" : 12,
  "errors" :  ...
84: 4401 voies traitées
voie : bulk pour les ids de 1158233 à 1158432
bulk : {
  "took" : 14,
  "errors" :  ...
84: 4601 voies traitées
voie : bulk pour les ids de 1158433 à 1158632
bulk : {
  "took" : 13,
  "errors" :  ...
84: 4801 voies traitées
voie : bulk pour les ids de 1158633 à 1158832
bulk : {
  "took" : 33,
  "errors" :  ...
84: 5001 voies traitées
voie : bulk pour les ids de 1158833 à 1159032
bulk : {
  "took" : 12,
  "errors" :  ...
84: 5201 voies traitées
voie : bulk pour les ids de 1159033 à 1159232
bulk : {
  "took" : 13,
  "errors" :  ...
84: 5401 voies traitées
voie : bulk pour les ids de 1159233 à 1159432
bulk : {
  "took" : 12,
  "errors" :  ...
84: 5601 voies traitées
voie : bulk pour les ids de 1159433 à 1159632
bulk : {
  "took" : 13,
  "errors" :  ...
84: 5801 voies traitées
voie : bulk pour les ids de 1159633 à 1159832
bulk : {
  "took" : 13,
  "errors" :  ...
84: 6001 voies traitées
voie : bulk pour les ids de 1159833 à 1160032
bulk : {
  "took" : 12,
  "errors" :  ...
84: 6201 voies traitées
voie : bulk pour les ids de 1160033 à 1160232
bulk : {
  "took" : 14,
  "errors" :  ...
84: 6401 voies traitées
voie : bulk pour les ids de 1160233 à 1160432
bulk : {
  "took" : 12,
  "errors" :  ...
84: 6601 voies traitées
voie : bulk pour les ids de 1160433 à 1160632
bulk : {
  "took" : 13,
  "errors" :  ...
84: 6801 voies traitées
voie : bulk pour les ids de 1160633 à 1160832
bulk : {
  "took" : 31,
  "errors" :  ...
84: 7001 voies traitées
voie : bulk pour les ids de 1160833 à 1161032
bulk : {
  "took" : 12,
  "errors" :  ...
84: 7201 voies traitées
voie : bulk pour les ids de 1161033 à 1161232
bulk : {
  "took" : 13,
  "errors" :  ...
84: 7401 voies traitées
voie : bulk pour les ids de 1161233 à 1161432
bulk : {
  "took" : 13,
  "errors" :  ...
84: 7601 voies traitées
voie : bulk pour les ids de 1161433 à 1161632
bulk : {
  "took" : 19,
  "errors" :  ...
84: 7801 voies traitées
voie : bulk pour les ids de 1161633 à 1161832
bulk : {
  "took" : 13,
  "errors" :  ...
84: 8001 voies traitées
voie : bulk pour les ids de 1161833 à 1162032
bulk : {
  "took" : 12,
  "errors" :  ...
84: 8201 voies traitées
voie : bulk pour les ids de 1162033 à 1162232
bulk : {
  "took" : 12,
  "errors" :  ...
84: 8401 voies traitées
voie : bulk pour les ids de 1162233 à 1162432
bulk : {
  "took" : 30,
  "errors" :  ...
84: 8601 voies traitées
voie : bulk pour les ids de 1162433 à 1162632
bulk : {
  "took" : 12,
  "errors" :  ...
84: 8801 voies traitées
voie : bulk pour les ids de 1162633 à 1162832
bulk : {
  "took" : 12,
  "errors" :  ...
84: 9001 voies traitées
voie : bulk pour les ids de 1162833 à 1163032
bulk : {
  "took" : 12,
  "errors" :  ...
84: 9201 voies traitées
voie : bulk pour les ids de 1163033 à 1163232
bulk : {
  "took" : 13,
  "errors" :  ...
84: 9401 voies traitées
voie : bulk pour les ids de 1163233 à 1163432
bulk : {
  "took" : 12,
  "errors" :  ...
84: 9601 voies traitées
voie : bulk pour les ids de 1163433 à 1163632
bulk : {
  "took" : 13,
  "errors" :  ...
84: 9801 voies traitées
voie : bulk pour les ids de 1163633 à 1163832
bulk : {
  "took" : 16,
  "errors" :  ...
84: 10001 voies traitées
voie : bulk pour les ids de 1163833 à 1164032
bulk : {
  "took" : 18,
  "errors" :  ...
84: 10201 voies traitées
voie : bulk pour les ids de 1164033 à 1164232
bulk : {
  "took" : 13,
  "errors" :  ...
84: 10401 voies traitées
voie : bulk pour les ids de 1164233 à 1164432
bulk : {
  "took" : 26,
  "errors" :  ...
84: 10601 voies traitées
voie : bulk pour les ids de 1164433 à 1164632
bulk : {
  "took" : 13,
  "errors" :  ...
84: 10801 voies traitées
voie : bulk pour les ids de 1164633 à 1164832
bulk : {
  "took" : 13,
  "errors" :  ...
84: 11001 voies traitées
voie : bulk pour les ids de 1164833 à 1165032
bulk : {
  "took" : 12,
  "errors" :  ...
84: 11201 voies traitées
voie : bulk pour les ids de 1165033 à 1165232
bulk : {
  "took" : 14,
  "errors" :  ...
84: 11401 voies traitées
voie : bulk pour les ids de 1165233 à 1165432
bulk : {
  "took" : 12,
  "errors" :  ...
84: 11601 voies traitées
voie : bulk pour les ids de 1165433 à 1165632
bulk : {
  "took" : 13,
  "errors" :  ...
84: 11801 voies traitées
voie : bulk pour les ids de 1165633 à 1165832
bulk : {
  "took" : 12,
  "errors" :  ...
84: 12001 voies traitées
voie : bulk pour les ids de 1165833 à 1166032
bulk : {
  "took" : 24,
  "errors" :  ...
84: 12201 voies traitées
voie : bulk pour les ids de 1166033 à 1166232
bulk : {
  "took" : 12,
  "errors" :  ...
84: 12401 voies traitées
voie : bulk pour les ids de 1166233 à 1166432
bulk : {
  "took" : 12,
  "errors" :  ...
84: 12601 voies traitées
voie : bulk pour les ids de 1166433 à 1166476
bulk : {
  "took" : 2,
  "errors" : f ...
dpt 84 : adresses
84: 1 adresses traitées
84: 1001 adresses traitées
adresse : bulk pour les ids de 15995810 à 15996809
bulk : {
  "took" : 74,
  "errors" :  ...
84: 2001 adresses traitées
adresse : bulk pour les ids de 15996810 à 15997809
bulk : {
  "took" : 70,
  "errors" :  ...
84: 3001 adresses traitées
84: 4001 adresses traitées
adresse : bulk pour les ids de 15997810 à 15998809
bulk : {
  "took" : 104,
  "errors" : ...
84: 5001 adresses traitées
adresse : bulk pour les ids de 15998810 à 15999809
bulk : {
  "took" : 72,
  "errors" :  ...
84: 6001 adresses traitées
84: 7001 adresses traitées
adresse : bulk pour les ids de 15999810 à 16000809
bulk : {
  "took" : 86,
  "errors" :  ...
84: 8001 adresses traitées
adresse : bulk pour les ids de 16000810 à 16001809
bulk : {
  "took" : 85,
  "errors" :  ...
84: 9001 adresses traitées
adresse : bulk pour les ids de 16001810 à 16002809
bulk : {
  "took" : 65,
  "errors" :  ...
84: 10001 adresses traitées
84: 11001 adresses traitées
adresse : bulk pour les ids de 16002810 à 16003809
bulk : {
  "took" : 107,
  "errors" : ...
84: 12001 adresses traitées
adresse : bulk pour les ids de 16003810 à 16004809
bulk : {
  "took" : 86,
  "errors" :  ...
84: 13001 adresses traitées
adresse : bulk pour les ids de 16004810 à 16005809
bulk : {
  "took" : 81,
  "errors" :  ...
84: 14001 adresses traitées
84: 15001 adresses traitées
adresse : bulk pour les ids de 16005810 à 16006809
bulk : {
  "took" : 86,
  "errors" :  ...
84: 16001 adresses traitées
adresse : bulk pour les ids de 16006810 à 16007809
bulk : {
  "took" : 100,
  "errors" : ...
84: 17001 adresses traitées
84: 18001 adresses traitées
adresse : bulk pour les ids de 16007810 à 16008809
bulk : {
  "took" : 67,
  "errors" :  ...
84: 19001 adresses traitées
84: 20001 adresses traitées
adresse : bulk pour les ids de 16008810 à 16009809
bulk : {
  "took" : 102,
  "errors" : ...
84: 21001 adresses traitées
adresse : bulk pour les ids de 16009810 à 16010809
bulk : {
  "took" : 75,
  "errors" :  ...
84: 22001 adresses traitées
84: 23001 adresses traitées
adresse : bulk pour les ids de 16010810 à 16011809
bulk : {
  "took" : 84,
  "errors" :  ...
84: 24001 adresses traitées
adresse : bulk pour les ids de 16011810 à 16012809
bulk : {
  "took" : 92,
  "errors" :  ...
84: 25001 adresses traitées
84: 26001 adresses traitées
adresse : bulk pour les ids de 16012810 à 16013809
bulk : {
  "took" : 68,
  "errors" :  ...
84: 27001 adresses traitées
84: 28001 adresses traitées
adresse : bulk pour les ids de 16013810 à 16014809
bulk : {
  "took" : 95,
  "errors" :  ...
84: 29001 adresses traitées
adresse : bulk pour les ids de 16014810 à 16015809
bulk : {
  "took" : 66,
  "errors" :  ...
84: 30001 adresses traitées
adresse : bulk pour les ids de 16015810 à 16016809
bulk : {
  "took" : 93,
  "errors" :  ...
84: 31001 adresses traitées
84: 32001 adresses traitées
adresse : bulk pour les ids de 16016810 à 16017809
bulk : {
  "took" : 67,
  "errors" :  ...
84: 33001 adresses traitées
adresse : bulk pour les ids de 16017810 à 16018809
bulk : {
  "took" : 102,
  "errors" : ...
84: 34001 adresses traitées
adresse : bulk pour les ids de 16018810 à 16019809
bulk : {
  "took" : 82,
  "errors" :  ...
84: 35001 adresses traitées
adresse : bulk pour les ids de 16019810 à 16020809
bulk : {
  "took" : 86,
  "errors" :  ...
84: 36001 adresses traitées
84: 37001 adresses traitées
adresse : bulk pour les ids de 16020810 à 16021809
bulk : {
  "took" : 65,
  "errors" :  ...
84: 38001 adresses traitées
84: 39001 adresses traitées
adresse : bulk pour les ids de 16021810 à 16022809
bulk : {
  "took" : 83,
  "errors" :  ...
84: 40001 adresses traitées
adresse : bulk pour les ids de 16022810 à 16023809
bulk : {
  "took" : 86,
  "errors" :  ...
84: 41001 adresses traitées
adresse : bulk pour les ids de 16023810 à 16024809
bulk : {
  "took" : 84,
  "errors" :  ...
84: 42001 adresses traitées
84: 43001 adresses traitées
adresse : bulk pour les ids de 16024810 à 16025809
bulk : {
  "took" : 81,
  "errors" :  ...
84: 44001 adresses traitées
adresse : bulk pour les ids de 16025810 à 16026809
bulk : {
  "took" : 82,
  "errors" :  ...
84: 45001 adresses traitées
84: 46001 adresses traitées
adresse : bulk pour les ids de 16026810 à 16027809
bulk : {
  "took" : 78,
  "errors" :  ...
84: 47001 adresses traitées
84: 48001 adresses traitées
adresse : bulk pour les ids de 16027810 à 16028809
bulk : {
  "took" : 85,
  "errors" :  ...
84: 49001 adresses traitées
adresse : bulk pour les ids de 16028810 à 16029809
bulk : {
  "took" : 67,
  "errors" :  ...
84: 50001 adresses traitées
adresse : bulk pour les ids de 16029810 à 16030809
bulk : {
  "took" : 91,
  "errors" :  ...
84: 51001 adresses traitées
adresse : bulk pour les ids de 16030810 à 16031809
bulk : {
  "took" : 69,
  "errors" :  ...
84: 52001 adresses traitées
adresse : bulk pour les ids de 16031810 à 16032809
bulk : {
  "took" : 93,
  "errors" :  ...
84: 53001 adresses traitées
84: 54001 adresses traitées
adresse : bulk pour les ids de 16032810 à 16033809
bulk : {
  "took" : 65,
  "errors" :  ...
84: 55001 adresses traitées
adresse : bulk pour les ids de 16033810 à 16034809
bulk : {
  "took" : 82,
  "errors" :  ...
84: 56001 adresses traitées
84: 57001 adresses traitées
adresse : bulk pour les ids de 16034810 à 16035809
bulk : {
  "took" : 83,
  "errors" :  ...
84: 58001 adresses traitées
adresse : bulk pour les ids de 16035810 à 16036809
bulk : {
  "took" : 83,
  "errors" :  ...
84: 59001 adresses traitées
adresse : bulk pour les ids de 16036810 à 16037809
bulk : {
  "took" : 65,
  "errors" :  ...
84: 60001 adresses traitées
adresse : bulk pour les ids de 16037810 à 16038809
bulk : {
  "took" : 100,
  "errors" : ...
84: 61001 adresses traitées
adresse : bulk pour les ids de 16038810 à 16039809
bulk : {
  "took" : 91,
  "errors" :  ...
84: 62001 adresses traitées
adresse : bulk pour les ids de 16039810 à 16040809
bulk : {
  "took" : 83,
  "errors" :  ...
84: 63001 adresses traitées
adresse : bulk pour les ids de 16040810 à 16041809
bulk : {
  "took" : 66,
  "errors" :  ...
84: 64001 adresses traitées
84: 65001 adresses traitées
adresse : bulk pour les ids de 16041810 à 16042809
bulk : {
  "took" : 99,
  "errors" :  ...
84: 66001 adresses traitées
adresse : bulk pour les ids de 16042810 à 16043809
bulk : {
  "took" : 67,
  "errors" :  ...
84: 67001 adresses traitées
adresse : bulk pour les ids de 16043810 à 16044809
bulk : {
  "took" : 95,
  "errors" :  ...
84: 68001 adresses traitées
adresse : bulk pour les ids de 16044810 à 16045809
bulk : {
  "took" : 65,
  "errors" :  ...
84: 69001 adresses traitées
adresse : bulk pour les ids de 16045810 à 16046809
bulk : {
  "took" : 99,
  "errors" :  ...
84: 70001 adresses traitées
adresse : bulk pour les ids de 16046810 à 16047809
bulk : {
  "took" : 79,
  "errors" :  ...
84: 71001 adresses traitées
adresse : bulk pour les ids de 16047810 à 16048809
bulk : {
  "took" : 83,
  "errors" :  ...
84: 72001 adresses traitées
adresse : bulk pour les ids de 16048810 à 16049809
bulk : {
  "took" : 82,
  "errors" :  ...
84: 73001 adresses traitées
adresse : bulk pour les ids de 16049810 à 16050809
bulk : {
  "took" : 82,
  "errors" :  ...
84: 74001 adresses traitées
84: 75001 adresses traitées
adresse : bulk pour les ids de 16050810 à 16051809
bulk : {
  "took" : 79,
  "errors" :  ...
84: 76001 adresses traitées
adresse : bulk pour les ids de 16051810 à 16052809
bulk : {
  "took" : 84,
  "errors" :  ...
84: 77001 adresses traitées
adresse : bulk pour les ids de 16052810 à 16053809
bulk : {
  "took" : 67,
  "errors" :  ...
84: 78001 adresses traitées
adresse : bulk pour les ids de 16053810 à 16054809
bulk : {
  "took" : 102,
  "errors" : ...
84: 79001 adresses traitées
adresse : bulk pour les ids de 16054810 à 16055809
bulk : {
  "took" : 69,
  "errors" :  ...
84: 80001 adresses traitées
adresse : bulk pour les ids de 16055810 à 16056809
bulk : {
  "took" : 100,
  "errors" : ...
84: 81001 adresses traitées
adresse : bulk pour les ids de 16056810 à 16057809
bulk : {
  "took" : 69,
  "errors" :  ...
84: 82001 adresses traitées
adresse : bulk pour les ids de 16057810 à 16058809
bulk : {
  "took" : 153,
  "errors" : ...
84: 83001 adresses traitées
adresse : bulk pour les ids de 16058810 à 16059809
bulk : {
  "took" : 99,
  "errors" :  ...
84: 84001 adresses traitées
adresse : bulk pour les ids de 16059810 à 16060809
bulk : {
  "took" : 70,
  "errors" :  ...
84: 85001 adresses traitées
adresse : bulk pour les ids de 16060810 à 16061809
bulk : {
  "took" : 100,
  "errors" : ...
84: 86001 adresses traitées
adresse : bulk pour les ids de 16061810 à 16062809
bulk : {
  "took" : 68,
  "errors" :  ...
84: 87001 adresses traitées
adresse : bulk pour les ids de 16062810 à 16063809
bulk : {
  "took" : 102,
  "errors" : ...
84: 88001 adresses traitées
84: 89001 adresses traitées
adresse : bulk pour les ids de 16063810 à 16064809
bulk : {
  "took" : 87,
  "errors" :  ...
84: 90001 adresses traitées
adresse : bulk pour les ids de 16064810 à 16065809
bulk : {
  "took" : 84,
  "errors" :  ...
84: 91001 adresses traitées
adresse : bulk pour les ids de 16065810 à 16066809
bulk : {
  "took" : 87,
  "errors" :  ...
84: 92001 adresses traitées
adresse : bulk pour les ids de 16066810 à 16067809
bulk : {
  "took" : 84,
  "errors" :  ...
84: 93001 adresses traitées
adresse : bulk pour les ids de 16067810 à 16068809
bulk : {
  "took" : 88,
  "errors" :  ...
84: 94001 adresses traitées
adresse : bulk pour les ids de 16068810 à 16069809
bulk : {
  "took" : 100,
  "errors" : ...
84: 95001 adresses traitées
adresse : bulk pour les ids de 16069810 à 16070809
bulk : {
  "took" : 66,
  "errors" :  ...
84: 96001 adresses traitées
adresse : bulk pour les ids de 16070810 à 16071809
bulk : {
  "took" : 99,
  "errors" :  ...
84: 97001 adresses traitées
adresse : bulk pour les ids de 16071810 à 16072809
bulk : {
  "took" : 80,
  "errors" :  ...
84: 98001 adresses traitées
adresse : bulk pour les ids de 16072810 à 16073809
bulk : {
  "took" : 75,
  "errors" :  ...
84: 99001 adresses traitées
84: 100001 adresses traitées
adresse : bulk pour les ids de 16073810 à 16074809
bulk : {
  "took" : 97,
  "errors" :  ...
84: 101001 adresses traitées
adresse : bulk pour les ids de 16074810 à 16075809
bulk : {
  "took" : 75,
  "errors" :  ...
84: 102001 adresses traitées
adresse : bulk pour les ids de 16075810 à 16076809
bulk : {
  "took" : 80,
  "errors" :  ...
84: 103001 adresses traitées
adresse : bulk pour les ids de 16076810 à 16077809
bulk : {
  "took" : 74,
  "errors" :  ...
84: 104001 adresses traitées
adresse : bulk pour les ids de 16077810 à 16078809
bulk : {
  "took" : 88,
  "errors" :  ...
84: 105001 adresses traitées
adresse : bulk pour les ids de 16078810 à 16079809
bulk : {
  "took" : 100,
  "errors" : ...
84: 106001 adresses traitées
adresse : bulk pour les ids de 16079810 à 16080809
bulk : {
  "took" : 78,
  "errors" :  ...
84: 107001 adresses traitées
adresse : bulk pour les ids de 16080810 à 16081809
bulk : {
  "took" : 91,
  "errors" :  ...
84: 108001 adresses traitées
adresse : bulk pour les ids de 16081810 à 16082809
bulk : {
  "took" : 92,
  "errors" :  ...
84: 109001 adresses traitées
84: 110001 adresses traitées
adresse : bulk pour les ids de 16082810 à 16083809
bulk : {
  "took" : 71,
  "errors" :  ...
84: 111001 adresses traitées
adresse : bulk pour les ids de 16083810 à 16084809
bulk : {
  "took" : 100,
  "errors" : ...
84: 112001 adresses traitées
adresse : bulk pour les ids de 16084810 à 16085809
bulk : {
  "took" : 68,
  "errors" :  ...
84: 113001 adresses traitées
adresse : bulk pour les ids de 16085810 à 16086809
bulk : {
  "took" : 104,
  "errors" : ...
84: 114001 adresses traitées
adresse : bulk pour les ids de 16086810 à 16087809
bulk : {
  "took" : 70,
  "errors" :  ...
84: 115001 adresses traitées
adresse : bulk pour les ids de 16087810 à 16088809
bulk : {
  "took" : 102,
  "errors" : ...
84: 116001 adresses traitées
adresse : bulk pour les ids de 16088810 à 16089809
bulk : {
  "took" : 82,
  "errors" :  ...
84: 117001 adresses traitées
adresse : bulk pour les ids de 16089810 à 16090809
bulk : {
  "took" : 137,
  "errors" : ...
84: 118001 adresses traitées
adresse : bulk pour les ids de 16090810 à 16091809
bulk : {
  "took" : 84,
  "errors" :  ...
84: 119001 adresses traitées
adresse : bulk pour les ids de 16091810 à 16092809
bulk : {
  "took" : 75,
  "errors" :  ...
84: 120001 adresses traitées
adresse : bulk pour les ids de 16092810 à 16093809
bulk : {
  "took" : 88,
  "errors" :  ...
84: 121001 adresses traitées
adresse : bulk pour les ids de 16093810 à 16094809
bulk : {
  "took" : 68,
  "errors" :  ...
84: 122001 adresses traitées
adresse : bulk pour les ids de 16094810 à 16095809
bulk : {
  "took" : 92,
  "errors" :  ...
84: 123001 adresses traitées
adresse : bulk pour les ids de 16095810 à 16096809
bulk : {
  "took" : 71,
  "errors" :  ...
84: 124001 adresses traitées
84: 125001 adresses traitées
adresse : bulk pour les ids de 16096810 à 16097809
bulk : {
  "took" : 88,
  "errors" :  ...
84: 126001 adresses traitées
adresse : bulk pour les ids de 16097810 à 16098809
bulk : {
  "took" : 72,
  "errors" :  ...
84: 127001 adresses traitées
adresse : bulk pour les ids de 16098810 à 16099809
bulk : {
  "took" : 74,
  "errors" :  ...
84: 128001 adresses traitées
adresse : bulk pour les ids de 16099810 à 16100809
bulk : {
  "took" : 86,
  "errors" :  ...
84: 129001 adresses traitées
adresse : bulk pour les ids de 16100810 à 16101809
bulk : {
  "took" : 70,
  "errors" :  ...
84: 130001 adresses traitées
adresse : bulk pour les ids de 16101810 à 16102809
bulk : {
  "took" : 86,
  "errors" :  ...
84: 131001 adresses traitées
adresse : bulk pour les ids de 16102810 à 16103809
bulk : {
  "took" : 72,
  "errors" :  ...
84: 132001 adresses traitées
adresse : bulk pour les ids de 16103810 à 16104809
bulk : {
  "took" : 85,
  "errors" :  ...
84: 133001 adresses traitées
adresse : bulk pour les ids de 16104810 à 16105809
bulk : {
  "took" : 71,
  "errors" :  ...
84: 134001 adresses traitées
adresse : bulk pour les ids de 16105810 à 16106809
bulk : {
  "took" : 90,
  "errors" :  ...
84: 135001 adresses traitées
adresse : bulk pour les ids de 16106810 à 16107809
bulk : {
  "took" : 89,
  "errors" :  ...
84: 136001 adresses traitées
84: 137001 adresses traitées
adresse : bulk pour les ids de 16107810 à 16108809
bulk : {
  "took" : 69,
  "errors" :  ...
84: 138001 adresses traitées
adresse : bulk pour les ids de 16108810 à 16109809
bulk : {
  "took" : 87,
  "errors" :  ...
84: 139001 adresses traitées
adresse : bulk pour les ids de 16109810 à 16110809
bulk : {
  "took" : 72,
  "errors" :  ...
84: 140001 adresses traitées
adresse : bulk pour les ids de 16110810 à 16111809
bulk : {
  "took" : 92,
  "errors" :  ...
84: 141001 adresses traitées
adresse : bulk pour les ids de 16111810 à 16112809
bulk : {
  "took" : 72,
  "errors" :  ...
84: 142001 adresses traitées
adresse : bulk pour les ids de 16112810 à 16113809
bulk : {
  "took" : 85,
  "errors" :  ...
84: 143001 adresses traitées
adresse : bulk pour les ids de 16113810 à 16114809
bulk : {
  "took" : 70,
  "errors" :  ...
84: 144001 adresses traitées
adresse : bulk pour les ids de 16114810 à 16115809
bulk : {
  "took" : 90,
  "errors" :  ...
84: 145001 adresses traitées
adresse : bulk pour les ids de 16115810 à 16116809
bulk : {
  "took" : 73,
  "errors" :  ...
84: 146001 adresses traitées
adresse : bulk pour les ids de 16116810 à 16117809
bulk : {
  "took" : 95,
  "errors" :  ...
84: 147001 adresses traitées
84: 148001 adresses traitées
adresse : bulk pour les ids de 16117810 à 16118809
bulk : {
  "took" : 73,
  "errors" :  ...
84: 149001 adresses traitées
adresse : bulk pour les ids de 16118810 à 16119809
bulk : {
  "took" : 90,
  "errors" :  ...
84: 150001 adresses traitées
84: 151001 adresses traitées
adresse : bulk pour les ids de 16119810 à 16120809
bulk : {
  "took" : 73,
  "errors" :  ...
84: 152001 adresses traitées
84: 153001 adresses traitées
adresse : bulk pour les ids de 16120810 à 16121809
bulk : {
  "took" : 85,
  "errors" :  ...
84: 154001 adresses traitées
adresse : bulk pour les ids de 16121810 à 16122809
bulk : {
  "took" : 71,
  "errors" :  ...
84: 155001 adresses traitées
adresse : bulk pour les ids de 16122810 à 16123809
bulk : {
  "took" : 91,
  "errors" :  ...
84: 156001 adresses traitées
84: 157001 adresses traitées
adresse : bulk pour les ids de 16123810 à 16124809
bulk : {
  "took" : 69,
  "errors" :  ...
84: 158001 adresses traitées
adresse : bulk pour les ids de 16124810 à 16125809
bulk : {
  "took" : 85,
  "errors" :  ...
84: 159001 adresses traitées
adresse : bulk pour les ids de 16125810 à 16126809
bulk : {
  "took" : 75,
  "errors" :  ...
84: 160001 adresses traitées
84: 161001 adresses traitées
adresse : bulk pour les ids de 16126810 à 16127809
bulk : {
  "took" : 84,
  "errors" :  ...
84: 162001 adresses traitées
adresse : bulk pour les ids de 16127810 à 16128809
bulk : {
  "took" : 69,
  "errors" :  ...
84: 163001 adresses traitées
adresse : bulk pour les ids de 16128810 à 16129809
bulk : {
  "took" : 84,
  "errors" :  ...
84: 164001 adresses traitées
84: 165001 adresses traitées
adresse : bulk pour les ids de 16129810 à 16130809
bulk : {
  "took" : 71,
  "errors" :  ...
84: 166001 adresses traitées
adresse : bulk pour les ids de 16130810 à 16131809
bulk : {
  "took" : 69,
  "errors" :  ...
84: 167001 adresses traitées
adresse : bulk pour les ids de 16131810 à 16132809
bulk : {
  "took" : 84,
  "errors" :  ...
84: 168001 adresses traitées
adresse : bulk pour les ids de 16132810 à 16133809
bulk : {
  "took" : 71,
  "errors" :  ...
84: 169001 adresses traitées
adresse : bulk pour les ids de 16133810 à 16134809
bulk : {
  "took" : 90,
  "errors" :  ...
84: 170001 adresses traitées
adresse : bulk pour les ids de 16134810 à 16135809
bulk : {
  "took" : 71,
  "errors" :  ...
84: 171001 adresses traitées
84: 172001 adresses traitées
adresse : bulk pour les ids de 16135810 à 16136809
bulk : {
  "took" : 83,
  "errors" :  ...
84: 173001 adresses traitées
adresse : bulk pour les ids de 16136810 à 16137809
bulk : {
  "took" : 71,
  "errors" :  ...
84: 174001 adresses traitées
adresse : bulk pour les ids de 16137810 à 16138809
bulk : {
  "took" : 190,
  "errors" : ...
84: 175001 adresses traitées
adresse : bulk pour les ids de 16138810 à 16139809
bulk : {
  "took" : 71,
  "errors" :  ...
84: 176001 adresses traitées
84: 177001 adresses traitées
adresse : bulk pour les ids de 16139810 à 16140809
bulk : {
  "took" : 85,
  "errors" :  ...
84: 178001 adresses traitées
84: 179001 adresses traitées
84: 180001 adresses traitées
adresse : bulk pour les ids de 16140810 à 16141809
bulk : {
  "took" : 70,
  "errors" :  ...
84: 181001 adresses traitées
84: 182001 adresses traitées
adresse : bulk pour les ids de 16141810 à 16142809
bulk : {
  "took" : 85,
  "errors" :  ...
84: 183001 adresses traitées
84: 184001 adresses traitées
adresse : bulk pour les ids de 16142810 à 16143809
bulk : {
  "took" : 89,
  "errors" :  ...
84: 185001 adresses traitées
adresse : bulk pour les ids de 16143810 à 16144809
bulk : {
  "took" : 89,
  "errors" :  ...
84: 186001 adresses traitées
adresse : bulk pour les ids de 16144810 à 16145809
bulk : {
  "took" : 71,
  "errors" :  ...
84: 187001 adresses traitées
84: 188001 adresses traitées
adresse : bulk pour les ids de 16145810 à 16146809
bulk : {
  "took" : 89,
  "errors" :  ...
84: 189001 adresses traitées
adresse : bulk pour les ids de 16146810 à 16147809
bulk : {
  "took" : 70,
  "errors" :  ...
84: 190001 adresses traitées
adresse : bulk pour les ids de 16147810 à 16148809
bulk : {
  "took" : 82,
  "errors" :  ...
84: 191001 adresses traitées
adresse : bulk pour les ids de 16148810 à 16149809
bulk : {
  "took" : 69,
  "errors" :  ...
84: 192001 adresses traitées
adresse : bulk pour les ids de 16149810 à 16150809
bulk : {
  "took" : 87,
  "errors" :  ...
84: 193001 adresses traitées
84: 194001 adresses traitées
adresse : bulk pour les ids de 16150810 à 16151809
bulk : {
  "took" : 71,
  "errors" :  ...
84: 195001 adresses traitées
adresse : bulk pour les ids de 16151810 à 16152809
bulk : {
  "took" : 89,
  "errors" :  ...
84: 196001 adresses traitées
adresse : bulk pour les ids de 16152810 à 16153809
bulk : {
  "took" : 70,
  "errors" :  ...
84: 197001 adresses traitées
adresse : bulk pour les ids de 16153810 à 16154809
bulk : {
  "took" : 92,
  "errors" :  ...
84: 198001 adresses traitées
adresse : bulk pour les ids de 16154810 à 16155809
bulk : {
  "took" : 71,
  "errors" :  ...
84: 199001 adresses traitées
adresse : bulk pour les ids de 16155810 à 16156809
bulk : {
  "took" : 85,
  "errors" :  ...
84: 200001 adresses traitées
adresse : bulk pour les ids de 16156810 à 16157809
bulk : {
  "took" : 76,
  "errors" :  ...
84: 201001 adresses traitées
adresse : bulk pour les ids de 16157810 à 16158809
bulk : {
  "took" : 85,
  "errors" :  ...
84: 202001 adresses traitées
adresse : bulk pour les ids de 16158810 à 16159809
bulk : {
  "took" : 70,
  "errors" :  ...
84: 203001 adresses traitées
adresse : bulk pour les ids de 16159810 à 16160809
bulk : {
  "took" : 70,
  "errors" :  ...
84: 204001 adresses traitées
adresse : bulk pour les ids de 16160810 à 16161809
bulk : {
  "took" : 85,
  "errors" :  ...
84: 205001 adresses traitées
adresse : bulk pour les ids de 16161810 à 16162809
bulk : {
  "took" : 73,
  "errors" :  ...
84: 206001 adresses traitées
adresse : bulk pour les ids de 16162810 à 16163809
bulk : {
  "took" : 87,
  "errors" :  ...
84: 207001 adresses traitées
adresse : bulk pour les ids de 16163810 à 16164809
bulk : {
  "took" : 70,
  "errors" :  ...
84: 208001 adresses traitées
adresse : bulk pour les ids de 16164810 à 16165476
bulk : {
  "took" : 48,
  "errors" :  ...
dpt 85 : voies
85: 1 voies traitées
voie : bulk pour les ids de 1166477 à 1166676
bulk : {
  "took" : 36,
  "errors" :  ...
85: 201 voies traitées
voie : bulk pour les ids de 1166677 à 1166876
bulk : {
  "took" : 12,
  "errors" :  ...
85: 401 voies traitées
voie : bulk pour les ids de 1166877 à 1167076
bulk : {
  "took" : 13,
  "errors" :  ...
85: 601 voies traitées
voie : bulk pour les ids de 1167077 à 1167276
bulk : {
  "took" : 12,
  "errors" :  ...
85: 801 voies traitées
voie : bulk pour les ids de 1167277 à 1167476
bulk : {
  "took" : 12,
  "errors" :  ...
85: 1001 voies traitées
voie : bulk pour les ids de 1167477 à 1167676
bulk : {
  "took" : 13,
  "errors" :  ...
85: 1201 voies traitées
voie : bulk pour les ids de 1167677 à 1167876
bulk : {
  "took" : 13,
  "errors" :  ...
85: 1401 voies traitées
voie : bulk pour les ids de 1167877 à 1168076
bulk : {
  "took" : 13,
  "errors" :  ...
85: 1601 voies traitées
voie : bulk pour les ids de 1168077 à 1168276
bulk : {
  "took" : 13,
  "errors" :  ...
85: 1801 voies traitées
voie : bulk pour les ids de 1168277 à 1168476
bulk : {
  "took" : 13,
  "errors" :  ...
85: 2001 voies traitées
voie : bulk pour les ids de 1168477 à 1168676
bulk : {
  "took" : 14,
  "errors" :  ...
85: 2201 voies traitées
voie : bulk pour les ids de 1168677 à 1168876
bulk : {
  "took" : 27,
  "errors" :  ...
85: 2401 voies traitées
voie : bulk pour les ids de 1168877 à 1169076
bulk : {
  "took" : 13,
  "errors" :  ...
85: 2601 voies traitées
voie : bulk pour les ids de 1169077 à 1169276
bulk : {
  "took" : 12,
  "errors" :  ...
85: 2801 voies traitées
voie : bulk pour les ids de 1169277 à 1169476
bulk : {
  "took" : 13,
  "errors" :  ...
85: 3001 voies traitées
voie : bulk pour les ids de 1169477 à 1169676
bulk : {
  "took" : 12,
  "errors" :  ...
85: 3201 voies traitées
voie : bulk pour les ids de 1169677 à 1169876
bulk : {
  "took" : 12,
  "errors" :  ...
85: 3401 voies traitées
voie : bulk pour les ids de 1169877 à 1170076
bulk : {
  "took" : 15,
  "errors" :  ...
85: 3601 voies traitées
voie : bulk pour les ids de 1170077 à 1170276
bulk : {
  "took" : 12,
  "errors" :  ...
85: 3801 voies traitées
voie : bulk pour les ids de 1170277 à 1170476
bulk : {
  "took" : 12,
  "errors" :  ...
85: 4001 voies traitées
voie : bulk pour les ids de 1170477 à 1170676
bulk : {
  "took" : 31,
  "errors" :  ...
85: 4201 voies traitées
voie : bulk pour les ids de 1170677 à 1170876
bulk : {
  "took" : 12,
  "errors" :  ...
85: 4401 voies traitées
voie : bulk pour les ids de 1170877 à 1171076
bulk : {
  "took" : 13,
  "errors" :  ...
85: 4601 voies traitées
voie : bulk pour les ids de 1171077 à 1171276
bulk : {
  "took" : 13,
  "errors" :  ...
85: 4801 voies traitées
voie : bulk pour les ids de 1171277 à 1171476
bulk : {
  "took" : 13,
  "errors" :  ...
85: 5001 voies traitées
voie : bulk pour les ids de 1171477 à 1171676
bulk : {
  "took" : 13,
  "errors" :  ...
85: 5201 voies traitées
voie : bulk pour les ids de 1171677 à 1171876
bulk : {
  "took" : 12,
  "errors" :  ...
85: 5401 voies traitées
voie : bulk pour les ids de 1171877 à 1172076
bulk : {
  "took" : 13,
  "errors" :  ...
85: 5601 voies traitées
voie : bulk pour les ids de 1172077 à 1172276
bulk : {
  "took" : 12,
  "errors" :  ...
85: 5801 voies traitées
voie : bulk pour les ids de 1172277 à 1172476
bulk : {
  "took" : 12,
  "errors" :  ...
85: 6001 voies traitées
voie : bulk pour les ids de 1172477 à 1172676
bulk : {
  "took" : 25,
  "errors" :  ...
85: 6201 voies traitées
voie : bulk pour les ids de 1172677 à 1172876
bulk : {
  "took" : 13,
  "errors" :  ...
85: 6401 voies traitées
voie : bulk pour les ids de 1172877 à 1173076
bulk : {
  "took" : 12,
  "errors" :  ...
85: 6601 voies traitées
voie : bulk pour les ids de 1173077 à 1173276
bulk : {
  "took" : 13,
  "errors" :  ...
85: 6801 voies traitées
voie : bulk pour les ids de 1173277 à 1173476
bulk : {
  "took" : 13,
  "errors" :  ...
85: 7001 voies traitées
voie : bulk pour les ids de 1173477 à 1173676
bulk : {
  "took" : 15,
  "errors" :  ...
85: 7201 voies traitées
voie : bulk pour les ids de 1173677 à 1173876
bulk : {
  "took" : 18,
  "errors" :  ...
85: 7401 voies traitées
voie : bulk pour les ids de 1173877 à 1174076
bulk : {
  "took" : 18,
  "errors" :  ...
85: 7601 voies traitées
voie : bulk pour les ids de 1174077 à 1174276
bulk : {
  "took" : 25,
  "errors" :  ...
85: 7801 voies traitées
voie : bulk pour les ids de 1174277 à 1174476
bulk : {
  "took" : 18,
  "errors" :  ...
85: 8001 voies traitées
voie : bulk pour les ids de 1174477 à 1174676
bulk : {
  "took" : 12,
  "errors" :  ...
85: 8201 voies traitées
voie : bulk pour les ids de 1174677 à 1174876
bulk : {
  "took" : 13,
  "errors" :  ...
85: 8401 voies traitées
voie : bulk pour les ids de 1174877 à 1175076
bulk : {
  "took" : 13,
  "errors" :  ...
85: 8601 voies traitées
voie : bulk pour les ids de 1175077 à 1175276
bulk : {
  "took" : 13,
  "errors" :  ...
85: 8801 voies traitées
voie : bulk pour les ids de 1175277 à 1175476
bulk : {
  "took" : 13,
  "errors" :  ...
85: 9001 voies traitées
voie : bulk pour les ids de 1175477 à 1175676
bulk : {
  "took" : 13,
  "errors" :  ...
85: 9201 voies traitées
voie : bulk pour les ids de 1175677 à 1175876
bulk : {
  "took" : 13,
  "errors" :  ...
85: 9401 voies traitées
voie : bulk pour les ids de 1175877 à 1176076
bulk : {
  "took" : 13,
  "errors" :  ...
85: 9601 voies traitées
voie : bulk pour les ids de 1176077 à 1176276
bulk : {
  "took" : 13,
  "errors" :  ...
85: 9801 voies traitées
voie : bulk pour les ids de 1176277 à 1176476
bulk : {
  "took" : 30,
  "errors" :  ...
85: 10001 voies traitées
voie : bulk pour les ids de 1176477 à 1176676
bulk : {
  "took" : 13,
  "errors" :  ...
85: 10201 voies traitées
voie : bulk pour les ids de 1176677 à 1176876
bulk : {
  "took" : 13,
  "errors" :  ...
85: 10401 voies traitées
voie : bulk pour les ids de 1176877 à 1177076
bulk : {
  "took" : 13,
  "errors" :  ...
85: 10601 voies traitées
voie : bulk pour les ids de 1177077 à 1177276
bulk : {
  "took" : 16,
  "errors" :  ...
85: 10801 voies traitées
voie : bulk pour les ids de 1177277 à 1177476
bulk : {
  "took" : 13,
  "errors" :  ...
85: 11001 voies traitées
voie : bulk pour les ids de 1177477 à 1177676
bulk : {
  "took" : 13,
  "errors" :  ...
85: 11201 voies traitées
voie : bulk pour les ids de 1177677 à 1177876
bulk : {
  "took" : 13,
  "errors" :  ...
85: 11401 voies traitées
voie : bulk pour les ids de 1177877 à 1178076
bulk : {
  "took" : 13,
  "errors" :  ...
85: 11601 voies traitées
voie : bulk pour les ids de 1178077 à 1178276
bulk : {
  "took" : 25,
  "errors" :  ...
85: 11801 voies traitées
voie : bulk pour les ids de 1178277 à 1178476
bulk : {
  "took" : 13,
  "errors" :  ...
85: 12001 voies traitées
voie : bulk pour les ids de 1178477 à 1178676
bulk : {
  "took" : 13,
  "errors" :  ...
85: 12201 voies traitées
voie : bulk pour les ids de 1178677 à 1178876
bulk : {
  "took" : 12,
  "errors" :  ...
85: 12401 voies traitées
voie : bulk pour les ids de 1178877 à 1179076
bulk : {
  "took" : 13,
  "errors" :  ...
85: 12601 voies traitées
voie : bulk pour les ids de 1179077 à 1179276
bulk : {
  "took" : 14,
  "errors" :  ...
85: 12801 voies traitées
voie : bulk pour les ids de 1179277 à 1179476
bulk : {
  "took" : 12,
  "errors" :  ...
85: 13001 voies traitées
voie : bulk pour les ids de 1179477 à 1179676
bulk : {
  "took" : 12,
  "errors" :  ...
85: 13201 voies traitées
voie : bulk pour les ids de 1179677 à 1179876
bulk : {
  "took" : 13,
  "errors" :  ...
85: 13401 voies traitées
voie : bulk pour les ids de 1179877 à 1180076
bulk : {
  "took" : 12,
  "errors" :  ...
85: 13601 voies traitées
voie : bulk pour les ids de 1180077 à 1180276
bulk : {
  "took" : 25,
  "errors" :  ...
85: 13801 voies traitées
voie : bulk pour les ids de 1180277 à 1180476
bulk : {
  "took" : 13,
  "errors" :  ...
85: 14001 voies traitées
voie : bulk pour les ids de 1180477 à 1180676
bulk : {
  "took" : 13,
  "errors" :  ...
85: 14201 voies traitées
voie : bulk pour les ids de 1180677 à 1180876
bulk : {
  "took" : 17,
  "errors" :  ...
85: 14401 voies traitées
voie : bulk pour les ids de 1180877 à 1181076
bulk : {
  "took" : 13,
  "errors" :  ...
85: 14601 voies traitées
voie : bulk pour les ids de 1181077 à 1181276
bulk : {
  "took" : 13,
  "errors" :  ...
85: 14801 voies traitées
voie : bulk pour les ids de 1181277 à 1181476
bulk : {
  "took" : 13,
  "errors" :  ...
85: 15001 voies traitées
voie : bulk pour les ids de 1181477 à 1181676
bulk : {
  "took" : 13,
  "errors" :  ...
85: 15201 voies traitées
voie : bulk pour les ids de 1181677 à 1181876
bulk : {
  "took" : 13,
  "errors" :  ...
85: 15401 voies traitées
voie : bulk pour les ids de 1181877 à 1182076
bulk : {
  "took" : 12,
  "errors" :  ...
85: 15601 voies traitées
voie : bulk pour les ids de 1182077 à 1182276
bulk : {
  "took" : 13,
  "errors" :  ...
85: 15801 voies traitées
voie : bulk pour les ids de 1182277 à 1182476
bulk : {
  "took" : 13,
  "errors" :  ...
85: 16001 voies traitées
voie : bulk pour les ids de 1182477 à 1182676
bulk : {
  "took" : 13,
  "errors" :  ...
85: 16201 voies traitées
voie : bulk pour les ids de 1182677 à 1182876
bulk : {
  "took" : 12,
  "errors" :  ...
85: 16401 voies traitées
voie : bulk pour les ids de 1182877 à 1183076
bulk : {
  "took" : 13,
  "errors" :  ...
85: 16601 voies traitées
voie : bulk pour les ids de 1183077 à 1183276
bulk : {
  "took" : 13,
  "errors" :  ...
85: 16801 voies traitées
voie : bulk pour les ids de 1183277 à 1183476
bulk : {
  "took" : 29,
  "errors" :  ...
85: 17001 voies traitées
voie : bulk pour les ids de 1183477 à 1183676
bulk : {
  "took" : 13,
  "errors" :  ...
85: 17201 voies traitées
voie : bulk pour les ids de 1183677 à 1183876
bulk : {
  "took" : 13,
  "errors" :  ...
85: 17401 voies traitées
voie : bulk pour les ids de 1183877 à 1184076
bulk : {
  "took" : 13,
  "errors" :  ...
85: 17601 voies traitées
voie : bulk pour les ids de 1184077 à 1184276
bulk : {
  "took" : 16,
  "errors" :  ...
85: 17801 voies traitées
voie : bulk pour les ids de 1184277 à 1184476
bulk : {
  "took" : 17,
  "errors" :  ...
85: 18001 voies traitées
voie : bulk pour les ids de 1184477 à 1184676
bulk : {
  "took" : 14,
  "errors" :  ...
85: 18201 voies traitées
voie : bulk pour les ids de 1184677 à 1184876
bulk : {
  "took" : 14,
  "errors" :  ...
85: 18401 voies traitées
voie : bulk pour les ids de 1184877 à 1185076
bulk : {
  "took" : 13,
  "errors" :  ...
85: 18601 voies traitées
voie : bulk pour les ids de 1185077 à 1185276
bulk : {
  "took" : 25,
  "errors" :  ...
85: 18801 voies traitées
voie : bulk pour les ids de 1185277 à 1185476
bulk : {
  "took" : 14,
  "errors" :  ...
85: 19001 voies traitées
voie : bulk pour les ids de 1185477 à 1185676
bulk : {
  "took" : 12,
  "errors" :  ...
85: 19201 voies traitées
voie : bulk pour les ids de 1185677 à 1185876
bulk : {
  "took" : 12,
  "errors" :  ...
85: 19401 voies traitées
voie : bulk pour les ids de 1185877 à 1186076
bulk : {
  "took" : 12,
  "errors" :  ...
85: 19601 voies traitées
voie : bulk pour les ids de 1186077 à 1186276
bulk : {
  "took" : 12,
  "errors" :  ...
85: 19801 voies traitées
voie : bulk pour les ids de 1186277 à 1186476
bulk : {
  "took" : 12,
  "errors" :  ...
85: 20001 voies traitées
voie : bulk pour les ids de 1186477 à 1186676
bulk : {
  "took" : 12,
  "errors" :  ...
85: 20201 voies traitées
voie : bulk pour les ids de 1186677 à 1186876
bulk : {
  "took" : 13,
  "errors" :  ...
85: 20401 voies traitées
voie : bulk pour les ids de 1186877 à 1187076
bulk : {
  "took" : 12,
  "errors" :  ...
85: 20601 voies traitées
voie : bulk pour les ids de 1187077 à 1187276
bulk : {
  "took" : 23,
  "errors" :  ...
85: 20801 voies traitées
voie : bulk pour les ids de 1187277 à 1187476
bulk : {
  "took" : 12,
  "errors" :  ...
85: 21001 voies traitées
voie : bulk pour les ids de 1187477 à 1187676
bulk : {
  "took" : 12,
  "errors" :  ...
85: 21201 voies traitées
voie : bulk pour les ids de 1187677 à 1187876
bulk : {
  "took" : 13,
  "errors" :  ...
85: 21401 voies traitées
voie : bulk pour les ids de 1187877 à 1188076
bulk : {
  "took" : 16,
  "errors" :  ...
85: 21601 voies traitées
voie : bulk pour les ids de 1188077 à 1188276
bulk : {
  "took" : 21,
  "errors" :  ...
85: 21801 voies traitées
voie : bulk pour les ids de 1188277 à 1188476
bulk : {
  "took" : 11,
  "errors" :  ...
85: 22001 voies traitées
voie : bulk pour les ids de 1188477 à 1188664
bulk : {
  "took" : 11,
  "errors" :  ...
dpt 85 : adresses
85: 1 adresses traitées
85: 1001 adresses traitées
adresse : bulk pour les ids de 16165477 à 16166476
bulk : {
  "took" : 75,
  "errors" :  ...
85: 2001 adresses traitées
adresse : bulk pour les ids de 16166477 à 16167476
bulk : {
  "took" : 110,
  "errors" : ...
85: 3001 adresses traitées
adresse : bulk pour les ids de 16167477 à 16168476
bulk : {
  "took" : 71,
  "errors" :  ...
85: 4001 adresses traitées
adresse : bulk pour les ids de 16168477 à 16169476
bulk : {
  "took" : 87,
  "errors" :  ...
85: 5001 adresses traitées
adresse : bulk pour les ids de 16169477 à 16170476
bulk : {
  "took" : 89,
  "errors" :  ...
85: 6001 adresses traitées
adresse : bulk pour les ids de 16170477 à 16171476
bulk : {
  "took" : 89,
  "errors" :  ...
85: 7001 adresses traitées
adresse : bulk pour les ids de 16171477 à 16172476
bulk : {
  "took" : 91,
  "errors" :  ...
85: 8001 adresses traitées
adresse : bulk pour les ids de 16172477 à 16173476
bulk : {
  "took" : 75,
  "errors" :  ...
85: 9001 adresses traitées
adresse : bulk pour les ids de 16173477 à 16174476
bulk : {
  "took" : 86,
  "errors" :  ...
85: 10001 adresses traitées
adresse : bulk pour les ids de 16174477 à 16175476
bulk : {
  "took" : 89,
  "errors" :  ...
85: 11001 adresses traitées
adresse : bulk pour les ids de 16175477 à 16176476
bulk : {
  "took" : 75,
  "errors" :  ...
85: 12001 adresses traitées
adresse : bulk pour les ids de 16176477 à 16177476
bulk : {
  "took" : 99,
  "errors" :  ...
85: 13001 adresses traitées
adresse : bulk pour les ids de 16177477 à 16178476
bulk : {
  "took" : 76,
  "errors" :  ...
85: 14001 adresses traitées
85: 15001 adresses traitées
adresse : bulk pour les ids de 16178477 à 16179476
bulk : {
  "took" : 93,
  "errors" :  ...
85: 16001 adresses traitées
adresse : bulk pour les ids de 16179477 à 16180476
bulk : {
  "took" : 75,
  "errors" :  ...
85: 17001 adresses traitées
adresse : bulk pour les ids de 16180477 à 16181476
bulk : {
  "took" : 106,
  "errors" : ...
85: 18001 adresses traitées
adresse : bulk pour les ids de 16181477 à 16182476
bulk : {
  "took" : 91,
  "errors" :  ...
85: 19001 adresses traitées
adresse : bulk pour les ids de 16182477 à 16183476
bulk : {
  "took" : 74,
  "errors" :  ...
85: 20001 adresses traitées
85: 21001 adresses traitées
adresse : bulk pour les ids de 16183477 à 16184476
bulk : {
  "took" : 108,
  "errors" : ...
85: 22001 adresses traitées
adresse : bulk pour les ids de 16184477 à 16185476
bulk : {
  "took" : 87,
  "errors" :  ...
85: 23001 adresses traitées
adresse : bulk pour les ids de 16185477 à 16186476
bulk : {
  "took" : 106,
  "errors" : ...
85: 24001 adresses traitées
adresse : bulk pour les ids de 16186477 à 16187476
bulk : {
  "took" : 100,
  "errors" : ...
85: 25001 adresses traitées
adresse : bulk pour les ids de 16187477 à 16188476
bulk : {
  "took" : 79,
  "errors" :  ...
85: 26001 adresses traitées
adresse : bulk pour les ids de 16188477 à 16189476
bulk : {
  "took" : 89,
  "errors" :  ...
85: 27001 adresses traitées
adresse : bulk pour les ids de 16189477 à 16190476
bulk : {
  "took" : 99,
  "errors" :  ...
85: 28001 adresses traitées
adresse : bulk pour les ids de 16190477 à 16191476
bulk : {
  "took" : 90,
  "errors" :  ...
85: 29001 adresses traitées
adresse : bulk pour les ids de 16191477 à 16192476
bulk : {
  "took" : 80,
  "errors" :  ...
85: 30001 adresses traitées
adresse : bulk pour les ids de 16192477 à 16193476
bulk : {
  "took" : 91,
  "errors" :  ...
85: 31001 adresses traitées
85: 32001 adresses traitées
adresse : bulk pour les ids de 16193477 à 16194476
bulk : {
  "took" : 81,
  "errors" :  ...
85: 33001 adresses traitées
adresse : bulk pour les ids de 16194477 à 16195476
bulk : {
  "took" : 91,
  "errors" :  ...
85: 34001 adresses traitées
adresse : bulk pour les ids de 16195477 à 16196476
bulk : {
  "took" : 101,
  "errors" : ...
85: 35001 adresses traitées
adresse : bulk pour les ids de 16196477 à 16197476
bulk : {
  "took" : 73,
  "errors" :  ...
85: 36001 adresses traitées
adresse : bulk pour les ids de 16197477 à 16198476
bulk : {
  "took" : 98,
  "errors" :  ...
85: 37001 adresses traitées
adresse : bulk pour les ids de 16198477 à 16199476
bulk : {
  "took" : 71,
  "errors" :  ...
85: 38001 adresses traitées
adresse : bulk pour les ids de 16199477 à 16200476
bulk : {
  "took" : 102,
  "errors" : ...
85: 39001 adresses traitées
adresse : bulk pour les ids de 16200477 à 16201476
bulk : {
  "took" : 92,
  "errors" :  ...
85: 40001 adresses traitées
adresse : bulk pour les ids de 16201477 à 16202476
bulk : {
  "took" : 78,
  "errors" :  ...
85: 41001 adresses traitées
adresse : bulk pour les ids de 16202477 à 16203476
bulk : {
  "took" : 88,
  "errors" :  ...
85: 42001 adresses traitées
adresse : bulk pour les ids de 16203477 à 16204476
bulk : {
  "took" : 94,
  "errors" :  ...
85: 43001 adresses traitées
adresse : bulk pour les ids de 16204477 à 16205476
bulk : {
  "took" : 70,
  "errors" :  ...
85: 44001 adresses traitées
adresse : bulk pour les ids de 16205477 à 16206476
bulk : {
  "took" : 99,
  "errors" :  ...
85: 45001 adresses traitées
85: 46001 adresses traitées
adresse : bulk pour les ids de 16206477 à 16207476
bulk : {
  "took" : 69,
  "errors" :  ...
85: 47001 adresses traitées
adresse : bulk pour les ids de 16207477 à 16208476
bulk : {
  "took" : 104,
  "errors" : ...
85: 48001 adresses traitées
adresse : bulk pour les ids de 16208477 à 16209476
bulk : {
  "took" : 87,
  "errors" :  ...
85: 49001 adresses traitées
adresse : bulk pour les ids de 16209477 à 16210476
bulk : {
  "took" : 88,
  "errors" :  ...
85: 50001 adresses traitées
adresse : bulk pour les ids de 16210477 à 16211476
bulk : {
  "took" : 84,
  "errors" :  ...
85: 51001 adresses traitées
adresse : bulk pour les ids de 16211477 à 16212476
bulk : {
  "took" : 97,
  "errors" :  ...
85: 52001 adresses traitées
adresse : bulk pour les ids de 16212477 à 16213476
bulk : {
  "took" : 70,
  "errors" :  ...
85: 53001 adresses traitées
adresse : bulk pour les ids de 16213477 à 16214476
bulk : {
  "took" : 103,
  "errors" : ...
85: 54001 adresses traitées
adresse : bulk pour les ids de 16214477 à 16215476
bulk : {
  "took" : 83,
  "errors" :  ...
85: 55001 adresses traitées
85: 56001 adresses traitées
adresse : bulk pour les ids de 16215477 à 16216476
bulk : {
  "took" : 83,
  "errors" :  ...
85: 57001 adresses traitées
adresse : bulk pour les ids de 16216477 à 16217476
bulk : {
  "took" : 87,
  "errors" :  ...
85: 58001 adresses traitées
adresse : bulk pour les ids de 16217477 à 16218476
bulk : {
  "took" : 86,
  "errors" :  ...
85: 59001 adresses traitées
adresse : bulk pour les ids de 16218477 à 16219476
bulk : {
  "took" : 87,
  "errors" :  ...
85: 60001 adresses traitées
adresse : bulk pour les ids de 16219477 à 16220476
bulk : {
  "took" : 85,
  "errors" :  ...
85: 61001 adresses traitées
adresse : bulk pour les ids de 16220477 à 16221476
bulk : {
  "took" : 70,
  "errors" :  ...
85: 62001 adresses traitées
adresse : bulk pour les ids de 16221477 à 16222476
bulk : {
  "took" : 101,
  "errors" : ...
85: 63001 adresses traitées
adresse : bulk pour les ids de 16222477 à 16223476
bulk : {
  "took" : 85,
  "errors" :  ...
85: 64001 adresses traitées
adresse : bulk pour les ids de 16223477 à 16224476
bulk : {
  "took" : 85,
  "errors" :  ...
85: 65001 adresses traitées
85: 66001 adresses traitées
adresse : bulk pour les ids de 16224477 à 16225476
bulk : {
  "took" : 87,
  "errors" :  ...
85: 67001 adresses traitées
adresse : bulk pour les ids de 16225477 à 16226476
bulk : {
  "took" : 87,
  "errors" :  ...
85: 68001 adresses traitées
adresse : bulk pour les ids de 16226477 à 16227476
bulk : {
  "took" : 94,
  "errors" :  ...
85: 69001 adresses traitées
adresse : bulk pour les ids de 16227477 à 16228476
bulk : {
  "took" : 112,
  "errors" : ...
85: 70001 adresses traitées
adresse : bulk pour les ids de 16228477 à 16229476
bulk : {
  "took" : 71,
  "errors" :  ...
85: 71001 adresses traitées
adresse : bulk pour les ids de 16229477 à 16230476
bulk : {
  "took" : 99,
  "errors" :  ...
85: 72001 adresses traitées
adresse : bulk pour les ids de 16230477 à 16231476
bulk : {
  "took" : 84,
  "errors" :  ...
85: 73001 adresses traitées
adresse : bulk pour les ids de 16231477 à 16232476
bulk : {
  "took" : 87,
  "errors" :  ...
85: 74001 adresses traitées
85: 75001 adresses traitées
adresse : bulk pour les ids de 16232477 à 16233476
bulk : {
  "took" : 87,
  "errors" :  ...
85: 76001 adresses traitées
adresse : bulk pour les ids de 16233477 à 16234476
bulk : {
  "took" : 98,
  "errors" :  ...
85: 77001 adresses traitées
adresse : bulk pour les ids de 16234477 à 16235476
bulk : {
  "took" : 67,
  "errors" :  ...
85: 78001 adresses traitées
adresse : bulk pour les ids de 16235477 à 16236476
bulk : {
  "took" : 102,
  "errors" : ...
85: 79001 adresses traitées
adresse : bulk pour les ids de 16236477 à 16237476
bulk : {
  "took" : 70,
  "errors" :  ...
85: 80001 adresses traitées
adresse : bulk pour les ids de 16237477 à 16238476
bulk : {
  "took" : 100,
  "errors" : ...
85: 81001 adresses traitées
adresse : bulk pour les ids de 16238477 à 16239476
bulk : {
  "took" : 92,
  "errors" :  ...
85: 82001 adresses traitées
adresse : bulk pour les ids de 16239477 à 16240476
bulk : {
  "took" : 77,
  "errors" :  ...
85: 83001 adresses traitées
85: 84001 adresses traitées
adresse : bulk pour les ids de 16240477 à 16241476
bulk : {
  "took" : 89,
  "errors" :  ...
85: 85001 adresses traitées
adresse : bulk pour les ids de 16241477 à 16242476
bulk : {
  "took" : 83,
  "errors" :  ...
85: 86001 adresses traitées
adresse : bulk pour les ids de 16242477 à 16243476
bulk : {
  "took" : 77,
  "errors" :  ...
85: 87001 adresses traitées
adresse : bulk pour les ids de 16243477 à 16244476
bulk : {
  "took" : 70,
  "errors" :  ...
85: 88001 adresses traitées
adresse : bulk pour les ids de 16244477 à 16245476
bulk : {
  "took" : 91,
  "errors" :  ...
85: 89001 adresses traitées
adresse : bulk pour les ids de 16245477 à 16246476
bulk : {
  "took" : 71,
  "errors" :  ...
85: 90001 adresses traitées
adresse : bulk pour les ids de 16246477 à 16247476
bulk : {
  "took" : 79,
  "errors" :  ...
85: 91001 adresses traitées
adresse : bulk pour les ids de 16247477 à 16248476
bulk : {
  "took" : 83,
  "errors" :  ...
85: 92001 adresses traitées
adresse : bulk pour les ids de 16248477 à 16249476
bulk : {
  "took" : 97,
  "errors" :  ...
85: 93001 adresses traitées
adresse : bulk pour les ids de 16249477 à 16250476
bulk : {
  "took" : 73,
  "errors" :  ...
85: 94001 adresses traitées
85: 95001 adresses traitées
adresse : bulk pour les ids de 16250477 à 16251476
bulk : {
  "took" : 90,
  "errors" :  ...
85: 96001 adresses traitées
adresse : bulk pour les ids de 16251477 à 16252476
bulk : {
  "took" : 69,
  "errors" :  ...
85: 97001 adresses traitées
adresse : bulk pour les ids de 16252477 à 16253476
bulk : {
  "took" : 104,
  "errors" : ...
85: 98001 adresses traitées
adresse : bulk pour les ids de 16253477 à 16254476
bulk : {
  "took" : 70,
  "errors" :  ...
85: 99001 adresses traitées
adresse : bulk pour les ids de 16254477 à 16255476
bulk : {
  "took" : 98,
  "errors" :  ...
85: 100001 adresses traitées
adresse : bulk pour les ids de 16255477 à 16256476
bulk : {
  "took" : 88,
  "errors" :  ...
85: 101001 adresses traitées
adresse : bulk pour les ids de 16256477 à 16257476
bulk : {
  "took" : 98,
  "errors" :  ...
85: 102001 adresses traitées
adresse : bulk pour les ids de 16257477 à 16258476
bulk : {
  "took" : 68,
  "errors" :  ...
85: 103001 adresses traitées
adresse : bulk pour les ids de 16258477 à 16259476
bulk : {
  "took" : 99,
  "errors" :  ...
85: 104001 adresses traitées
adresse : bulk pour les ids de 16259477 à 16260476
bulk : {
  "took" : 67,
  "errors" :  ...
85: 105001 adresses traitées
adresse : bulk pour les ids de 16260477 à 16261476
bulk : {
  "took" : 97,
  "errors" :  ...
85: 106001 adresses traitées
adresse : bulk pour les ids de 16261477 à 16262476
bulk : {
  "took" : 67,
  "errors" :  ...
85: 107001 adresses traitées
85: 108001 adresses traitées
adresse : bulk pour les ids de 16262477 à 16263476
bulk : {
  "took" : 90,
  "errors" :  ...
85: 109001 adresses traitées
adresse : bulk pour les ids de 16263477 à 16264476
bulk : {
  "took" : 89,
  "errors" :  ...
85: 110001 adresses traitées
adresse : bulk pour les ids de 16264477 à 16265476
bulk : {
  "took" : 85,
  "errors" :  ...
85: 111001 adresses traitées
adresse : bulk pour les ids de 16265477 à 16266476
bulk : {
  "took" : 94,
  "errors" :  ...
85: 112001 adresses traitées
adresse : bulk pour les ids de 16266477 à 16267476
bulk : {
  "took" : 109,
  "errors" : ...
85: 113001 adresses traitées
adresse : bulk pour les ids de 16267477 à 16268476
bulk : {
  "took" : 81,
  "errors" :  ...
85: 114001 adresses traitées
adresse : bulk pour les ids de 16268477 à 16269476
bulk : {
  "took" : 101,
  "errors" : ...
85: 115001 adresses traitées
adresse : bulk pour les ids de 16269477 à 16270476
bulk : {
  "took" : 69,
  "errors" :  ...
85: 116001 adresses traitées
adresse : bulk pour les ids de 16270477 à 16271476
bulk : {
  "took" : 84,
  "errors" :  ...
85: 117001 adresses traitées
adresse : bulk pour les ids de 16271477 à 16272476
bulk : {
  "took" : 81,
  "errors" :  ...
85: 118001 adresses traitées
adresse : bulk pour les ids de 16272477 à 16273476
bulk : {
  "took" : 99,
  "errors" :  ...
85: 119001 adresses traitées
adresse : bulk pour les ids de 16273477 à 16274476
bulk : {
  "took" : 84,
  "errors" :  ...
85: 120001 adresses traitées
adresse : bulk pour les ids de 16274477 à 16275476
bulk : {
  "took" : 96,
  "errors" :  ...
85: 121001 adresses traitées
adresse : bulk pour les ids de 16275477 à 16276476
bulk : {
  "took" : 67,
  "errors" :  ...
85: 122001 adresses traitées
85: 123001 adresses traitées
adresse : bulk pour les ids de 16276477 à 16277476
bulk : {
  "took" : 98,
  "errors" :  ...
85: 124001 adresses traitées
adresse : bulk pour les ids de 16277477 à 16278476
bulk : {
  "took" : 80,
  "errors" :  ...
85: 125001 adresses traitées
adresse : bulk pour les ids de 16278477 à 16279476
bulk : {
  "took" : 115,
  "errors" : ...
85: 126001 adresses traitées
adresse : bulk pour les ids de 16279477 à 16280476
bulk : {
  "took" : 82,
  "errors" :  ...
85: 127001 adresses traitées
adresse : bulk pour les ids de 16280477 à 16281476
bulk : {
  "took" : 83,
  "errors" :  ...
85: 128001 adresses traitées
adresse : bulk pour les ids de 16281477 à 16282476
bulk : {
  "took" : 78,
  "errors" :  ...
85: 129001 adresses traitées
adresse : bulk pour les ids de 16282477 à 16283476
bulk : {
  "took" : 84,
  "errors" :  ...
85: 130001 adresses traitées
adresse : bulk pour les ids de 16283477 à 16284476
bulk : {
  "took" : 85,
  "errors" :  ...
85: 131001 adresses traitées
adresse : bulk pour les ids de 16284477 à 16285476
bulk : {
  "took" : 88,
  "errors" :  ...
85: 132001 adresses traitées
adresse : bulk pour les ids de 16285477 à 16286476
bulk : {
  "took" : 80,
  "errors" :  ...
85: 133001 adresses traitées
adresse : bulk pour les ids de 16286477 à 16287476
bulk : {
  "took" : 87,
  "errors" :  ...
85: 134001 adresses traitées
adresse : bulk pour les ids de 16287477 à 16288476
bulk : {
  "took" : 89,
  "errors" :  ...
85: 135001 adresses traitées
adresse : bulk pour les ids de 16288477 à 16289476
bulk : {
  "took" : 83,
  "errors" :  ...
85: 136001 adresses traitées
adresse : bulk pour les ids de 16289477 à 16290476
bulk : {
  "took" : 92,
  "errors" :  ...
85: 137001 adresses traitées
adresse : bulk pour les ids de 16290477 à 16291476
bulk : {
  "took" : 73,
  "errors" :  ...
85: 138001 adresses traitées
adresse : bulk pour les ids de 16291477 à 16292476
bulk : {
  "took" : 84,
  "errors" :  ...
85: 139001 adresses traitées
adresse : bulk pour les ids de 16292477 à 16293476
bulk : {
  "took" : 87,
  "errors" :  ...
85: 140001 adresses traitées
85: 141001 adresses traitées
adresse : bulk pour les ids de 16293477 à 16294476
bulk : {
  "took" : 86,
  "errors" :  ...
85: 142001 adresses traitées
adresse : bulk pour les ids de 16294477 à 16295476
bulk : {
  "took" : 86,
  "errors" :  ...
85: 143001 adresses traitées
adresse : bulk pour les ids de 16295477 à 16296476
bulk : {
  "took" : 86,
  "errors" :  ...
85: 144001 adresses traitées
adresse : bulk pour les ids de 16296477 à 16297476
bulk : {
  "took" : 70,
  "errors" :  ...
85: 145001 adresses traitées
adresse : bulk pour les ids de 16297477 à 16298476
bulk : {
  "took" : 100,
  "errors" : ...
85: 146001 adresses traitées
adresse : bulk pour les ids de 16298477 à 16299476
bulk : {
  "took" : 84,
  "errors" :  ...
85: 147001 adresses traitées
adresse : bulk pour les ids de 16299477 à 16300476
bulk : {
  "took" : 84,
  "errors" :  ...
85: 148001 adresses traitées
adresse : bulk pour les ids de 16300477 à 16301476
bulk : {
  "took" : 84,
  "errors" :  ...
85: 149001 adresses traitées
adresse : bulk pour les ids de 16301477 à 16302476
bulk : {
  "took" : 83,
  "errors" :  ...
85: 150001 adresses traitées
adresse : bulk pour les ids de 16302477 à 16303476
bulk : {
  "took" : 80,
  "errors" :  ...
85: 151001 adresses traitées
adresse : bulk pour les ids de 16303477 à 16304476
bulk : {
  "took" : 83,
  "errors" :  ...
85: 152001 adresses traitées
adresse : bulk pour les ids de 16304477 à 16305476
bulk : {
  "took" : 78,
  "errors" :  ...
85: 153001 adresses traitées
adresse : bulk pour les ids de 16305477 à 16306476
bulk : {
  "took" : 86,
  "errors" :  ...
85: 154001 adresses traitées
adresse : bulk pour les ids de 16306477 à 16307476
bulk : {
  "took" : 78,
  "errors" :  ...
85: 155001 adresses traitées
85: 156001 adresses traitées
adresse : bulk pour les ids de 16307477 à 16308476
bulk : {
  "took" : 70,
  "errors" :  ...
85: 157001 adresses traitées
adresse : bulk pour les ids de 16308477 à 16309476
bulk : {
  "took" : 95,
  "errors" :  ...
85: 158001 adresses traitées
adresse : bulk pour les ids de 16309477 à 16310476
bulk : {
  "took" : 68,
  "errors" :  ...
85: 159001 adresses traitées
adresse : bulk pour les ids de 16310477 à 16311476
bulk : {
  "took" : 100,
  "errors" : ...
85: 160001 adresses traitées
adresse : bulk pour les ids de 16311477 à 16312476
bulk : {
  "took" : 87,
  "errors" :  ...
85: 161001 adresses traitées
adresse : bulk pour les ids de 16312477 à 16313476
bulk : {
  "took" : 84,
  "errors" :  ...
85: 162001 adresses traitées
adresse : bulk pour les ids de 16313477 à 16314476
bulk : {
  "took" : 96,
  "errors" :  ...
85: 163001 adresses traitées
adresse : bulk pour les ids de 16314477 à 16315476
bulk : {
  "took" : 85,
  "errors" :  ...
85: 164001 adresses traitées
adresse : bulk pour les ids de 16315477 à 16316476
bulk : {
  "took" : 74,
  "errors" :  ...
85: 165001 adresses traitées
adresse : bulk pour les ids de 16316477 à 16317476
bulk : {
  "took" : 88,
  "errors" :  ...
85: 166001 adresses traitées
adresse : bulk pour les ids de 16317477 à 16318476
bulk : {
  "took" : 96,
  "errors" :  ...
85: 167001 adresses traitées
adresse : bulk pour les ids de 16318477 à 16319476
bulk : {
  "took" : 99,
  "errors" :  ...
85: 168001 adresses traitées
adresse : bulk pour les ids de 16319477 à 16320476
bulk : {
  "took" : 72,
  "errors" :  ...
85: 169001 adresses traitées
adresse : bulk pour les ids de 16320477 à 16321476
bulk : {
  "took" : 96,
  "errors" :  ...
85: 170001 adresses traitées
adresse : bulk pour les ids de 16321477 à 16322476
bulk : {
  "took" : 69,
  "errors" :  ...
85: 171001 adresses traitées
adresse : bulk pour les ids de 16322477 à 16323476
bulk : {
  "took" : 100,
  "errors" : ...
85: 172001 adresses traitées
adresse : bulk pour les ids de 16323477 à 16324476
bulk : {
  "took" : 71,
  "errors" :  ...
85: 173001 adresses traitées
adresse : bulk pour les ids de 16324477 à 16325476
bulk : {
  "took" : 101,
  "errors" : ...
85: 174001 adresses traitées
85: 175001 adresses traitées
adresse : bulk pour les ids de 16325477 à 16326476
bulk : {
  "took" : 71,
  "errors" :  ...
85: 176001 adresses traitées
adresse : bulk pour les ids de 16326477 à 16327476
bulk : {
  "took" : 100,
  "errors" : ...
85: 177001 adresses traitées
adresse : bulk pour les ids de 16327477 à 16328476
bulk : {
  "took" : 71,
  "errors" :  ...
85: 178001 adresses traitées
adresse : bulk pour les ids de 16328477 à 16329476
bulk : {
  "took" : 101,
  "errors" : ...
85: 179001 adresses traitées
adresse : bulk pour les ids de 16329477 à 16330476
bulk : {
  "took" : 69,
  "errors" :  ...
85: 180001 adresses traitées
adresse : bulk pour les ids de 16330477 à 16331476
bulk : {
  "took" : 82,
  "errors" :  ...
85: 181001 adresses traitées
adresse : bulk pour les ids de 16331477 à 16332476
bulk : {
  "took" : 99,
  "errors" :  ...
85: 182001 adresses traitées
adresse : bulk pour les ids de 16332477 à 16333476
bulk : {
  "took" : 70,
  "errors" :  ...
85: 183001 adresses traitées
adresse : bulk pour les ids de 16333477 à 16334476
bulk : {
  "took" : 96,
  "errors" :  ...
85: 184001 adresses traitées
adresse : bulk pour les ids de 16334477 à 16335476
bulk : {
  "took" : 90,
  "errors" :  ...
85: 185001 adresses traitées
adresse : bulk pour les ids de 16335477 à 16336476
bulk : {
  "took" : 89,
  "errors" :  ...
85: 186001 adresses traitées
adresse : bulk pour les ids de 16336477 à 16337476
bulk : {
  "took" : 68,
  "errors" :  ...
85: 187001 adresses traitées
adresse : bulk pour les ids de 16337477 à 16338476
bulk : {
  "took" : 99,
  "errors" :  ...
85: 188001 adresses traitées
adresse : bulk pour les ids de 16338477 à 16339476
bulk : {
  "took" : 68,
  "errors" :  ...
85: 189001 adresses traitées
adresse : bulk pour les ids de 16339477 à 16340476
bulk : {
  "took" : 96,
  "errors" :  ...
85: 190001 adresses traitées
adresse : bulk pour les ids de 16340477 à 16341476
bulk : {
  "took" : 69,
  "errors" :  ...
85: 191001 adresses traitées
adresse : bulk pour les ids de 16341477 à 16342476
bulk : {
  "took" : 100,
  "errors" : ...
85: 192001 adresses traitées
adresse : bulk pour les ids de 16342477 à 16343476
bulk : {
  "took" : 88,
  "errors" :  ...
85: 193001 adresses traitées
adresse : bulk pour les ids de 16343477 à 16344476
bulk : {
  "took" : 94,
  "errors" :  ...
85: 194001 adresses traitées
adresse : bulk pour les ids de 16344477 à 16345476
bulk : {
  "took" : 68,
  "errors" :  ...
85: 195001 adresses traitées
adresse : bulk pour les ids de 16345477 à 16346476
bulk : {
  "took" : 96,
  "errors" :  ...
85: 196001 adresses traitées
adresse : bulk pour les ids de 16346477 à 16347476
bulk : {
  "took" : 70,
  "errors" :  ...
85: 197001 adresses traitées
adresse : bulk pour les ids de 16347477 à 16348476
bulk : {
  "took" : 106,
  "errors" : ...
85: 198001 adresses traitées
adresse : bulk pour les ids de 16348477 à 16349476
bulk : {
  "took" : 69,
  "errors" :  ...
85: 199001 adresses traitées
85: 200001 adresses traitées
adresse : bulk pour les ids de 16349477 à 16350476
bulk : {
  "took" : 81,
  "errors" :  ...
85: 201001 adresses traitées
adresse : bulk pour les ids de 16350477 à 16351476
bulk : {
  "took" : 86,
  "errors" :  ...
85: 202001 adresses traitées
adresse : bulk pour les ids de 16351477 à 16352476
bulk : {
  "took" : 81,
  "errors" :  ...
85: 203001 adresses traitées
adresse : bulk pour les ids de 16352477 à 16353476
bulk : {
  "took" : 92,
  "errors" :  ...
85: 204001 adresses traitées
adresse : bulk pour les ids de 16353477 à 16354476
bulk : {
  "took" : 83,
  "errors" :  ...
85: 205001 adresses traitées
adresse : bulk pour les ids de 16354477 à 16355476
bulk : {
  "took" : 81,
  "errors" :  ...
85: 206001 adresses traitées
adresse : bulk pour les ids de 16355477 à 16356476
bulk : {
  "took" : 76,
  "errors" :  ...
85: 207001 adresses traitées
adresse : bulk pour les ids de 16356477 à 16357476
bulk : {
  "took" : 82,
  "errors" :  ...
85: 208001 adresses traitées
adresse : bulk pour les ids de 16357477 à 16358476
bulk : {
  "took" : 95,
  "errors" :  ...
85: 209001 adresses traitées
adresse : bulk pour les ids de 16358477 à 16359476
bulk : {
  "took" : 68,
  "errors" :  ...
85: 210001 adresses traitées
adresse : bulk pour les ids de 16359477 à 16360476
bulk : {
  "took" : 93,
  "errors" :  ...
85: 211001 adresses traitées
adresse : bulk pour les ids de 16360477 à 16361476
bulk : {
  "took" : 90,
  "errors" :  ...
85: 212001 adresses traitées
adresse : bulk pour les ids de 16361477 à 16362476
bulk : {
  "took" : 82,
  "errors" :  ...
85: 213001 adresses traitées
adresse : bulk pour les ids de 16362477 à 16363476
bulk : {
  "took" : 89,
  "errors" :  ...
85: 214001 adresses traitées
adresse : bulk pour les ids de 16363477 à 16364476
bulk : {
  "took" : 104,
  "errors" : ...
85: 215001 adresses traitées
85: 216001 adresses traitées
adresse : bulk pour les ids de 16364477 à 16365476
bulk : {
  "took" : 69,
  "errors" :  ...
85: 217001 adresses traitées
adresse : bulk pour les ids de 16365477 à 16366476
bulk : {
  "took" : 102,
  "errors" : ...
85: 218001 adresses traitées
adresse : bulk pour les ids de 16366477 à 16367476
bulk : {
  "took" : 69,
  "errors" :  ...
85: 219001 adresses traitées
adresse : bulk pour les ids de 16367477 à 16368476
bulk : {
  "took" : 95,
  "errors" :  ...
85: 220001 adresses traitées
adresse : bulk pour les ids de 16368477 à 16369476
bulk : {
  "took" : 102,
  "errors" : ...
85: 221001 adresses traitées
adresse : bulk pour les ids de 16369477 à 16370476
bulk : {
  "took" : 89,
  "errors" :  ...
85: 222001 adresses traitées
adresse : bulk pour les ids de 16370477 à 16371476
bulk : {
  "took" : 84,
  "errors" :  ...
85: 223001 adresses traitées
adresse : bulk pour les ids de 16371477 à 16372476
bulk : {
  "took" : 86,
  "errors" :  ...
85: 224001 adresses traitées
adresse : bulk pour les ids de 16372477 à 16373476
bulk : {
  "took" : 90,
  "errors" :  ...
85: 225001 adresses traitées
adresse : bulk pour les ids de 16373477 à 16374476
bulk : {
  "took" : 88,
  "errors" :  ...
85: 226001 adresses traitées
adresse : bulk pour les ids de 16374477 à 16375476
bulk : {
  "took" : 81,
  "errors" :  ...
85: 227001 adresses traitées
adresse : bulk pour les ids de 16375477 à 16376476
bulk : {
  "took" : 82,
  "errors" :  ...
85: 228001 adresses traitées
adresse : bulk pour les ids de 16376477 à 16377476
bulk : {
  "took" : 90,
  "errors" :  ...
85: 229001 adresses traitées
adresse : bulk pour les ids de 16377477 à 16378476
bulk : {
  "took" : 82,
  "errors" :  ...
85: 230001 adresses traitées
adresse : bulk pour les ids de 16378477 à 16379476
bulk : {
  "took" : 85,
  "errors" :  ...
85: 231001 adresses traitées
adresse : bulk pour les ids de 16379477 à 16380476
bulk : {
  "took" : 86,
  "errors" :  ...
85: 232001 adresses traitées
adresse : bulk pour les ids de 16380477 à 16381476
bulk : {
  "took" : 98,
  "errors" :  ...
85: 233001 adresses traitées
adresse : bulk pour les ids de 16381477 à 16382476
bulk : {
  "took" : 72,
  "errors" :  ...
85: 234001 adresses traitées
adresse : bulk pour les ids de 16382477 à 16383476
bulk : {
  "took" : 100,
  "errors" : ...
85: 235001 adresses traitées
adresse : bulk pour les ids de 16383477 à 16384476
bulk : {
  "took" : 71,
  "errors" :  ...
85: 236001 adresses traitées
adresse : bulk pour les ids de 16384477 à 16385476
bulk : {
  "took" : 97,
  "errors" :  ...
85: 237001 adresses traitées
adresse : bulk pour les ids de 16385477 à 16386476
bulk : {
  "took" : 83,
  "errors" :  ...
85: 238001 adresses traitées
adresse : bulk pour les ids de 16386477 à 16387476
bulk : {
  "took" : 85,
  "errors" :  ...
85: 239001 adresses traitées
adresse : bulk pour les ids de 16387477 à 16388476
bulk : {
  "took" : 69,
  "errors" :  ...
85: 240001 adresses traitées
adresse : bulk pour les ids de 16388477 à 16389476
bulk : {
  "took" : 101,
  "errors" : ...
85: 241001 adresses traitées
adresse : bulk pour les ids de 16389477 à 16390476
bulk : {
  "took" : 69,
  "errors" :  ...
85: 242001 adresses traitées
adresse : bulk pour les ids de 16390477 à 16391476
bulk : {
  "took" : 101,
  "errors" : ...
85: 243001 adresses traitées
adresse : bulk pour les ids de 16391477 à 16392476
bulk : {
  "took" : 85,
  "errors" :  ...
85: 244001 adresses traitées
adresse : bulk pour les ids de 16392477 à 16393476
bulk : {
  "took" : 79,
  "errors" :  ...
85: 245001 adresses traitées
adresse : bulk pour les ids de 16393477 à 16394476
bulk : {
  "took" : 98,
  "errors" :  ...
85: 246001 adresses traitées
85: 247001 adresses traitées
adresse : bulk pour les ids de 16394477 à 16395476
bulk : {
  "took" : 72,
  "errors" :  ...
85: 248001 adresses traitées
adresse : bulk pour les ids de 16395477 à 16396476
bulk : {
  "took" : 98,
  "errors" :  ...
85: 249001 adresses traitées
adresse : bulk pour les ids de 16396477 à 16397476
bulk : {
  "took" : 71,
  "errors" :  ...
85: 250001 adresses traitées
adresse : bulk pour les ids de 16397477 à 16398476
bulk : {
  "took" : 98,
  "errors" :  ...
85: 251001 adresses traitées
adresse : bulk pour les ids de 16398477 à 16399476
bulk : {
  "took" : 81,
  "errors" :  ...
85: 252001 adresses traitées
adresse : bulk pour les ids de 16399477 à 16400476
bulk : {
  "took" : 86,
  "errors" :  ...
85: 253001 adresses traitées
adresse : bulk pour les ids de 16400477 à 16401476
bulk : {
  "took" : 189,
  "errors" : ...
85: 254001 adresses traitées
adresse : bulk pour les ids de 16401477 à 16402476
bulk : {
  "took" : 78,
  "errors" :  ...
85: 255001 adresses traitées
adresse : bulk pour les ids de 16402477 à 16403476
bulk : {
  "took" : 87,
  "errors" :  ...
85: 256001 adresses traitées
adresse : bulk pour les ids de 16403477 à 16404476
bulk : {
  "took" : 104,
  "errors" : ...
85: 257001 adresses traitées
adresse : bulk pour les ids de 16404477 à 16405476
bulk : {
  "took" : 87,
  "errors" :  ...
85: 258001 adresses traitées
adresse : bulk pour les ids de 16405477 à 16406476
bulk : {
  "took" : 79,
  "errors" :  ...
85: 259001 adresses traitées
adresse : bulk pour les ids de 16406477 à 16407476
bulk : {
  "took" : 84,
  "errors" :  ...
85: 260001 adresses traitées
adresse : bulk pour les ids de 16407477 à 16408476
bulk : {
  "took" : 91,
  "errors" :  ...
85: 261001 adresses traitées
adresse : bulk pour les ids de 16408477 à 16409476
bulk : {
  "took" : 68,
  "errors" :  ...
85: 262001 adresses traitées
adresse : bulk pour les ids de 16409477 à 16410476
bulk : {
  "took" : 105,
  "errors" : ...
85: 263001 adresses traitées
adresse : bulk pour les ids de 16410477 à 16411476
bulk : {
  "took" : 78,
  "errors" :  ...
85: 264001 adresses traitées
adresse : bulk pour les ids de 16411477 à 16412476
bulk : {
  "took" : 95,
  "errors" :  ...
85: 265001 adresses traitées
adresse : bulk pour les ids de 16412477 à 16413476
bulk : {
  "took" : 74,
  "errors" :  ...
85: 266001 adresses traitées
adresse : bulk pour les ids de 16413477 à 16414476
bulk : {
  "took" : 85,
  "errors" :  ...
85: 267001 adresses traitées
adresse : bulk pour les ids de 16414477 à 16415476
bulk : {
  "took" : 90,
  "errors" :  ...
85: 268001 adresses traitées
adresse : bulk pour les ids de 16415477 à 16416476
bulk : {
  "took" : 94,
  "errors" :  ...
85: 269001 adresses traitées
85: 270001 adresses traitées
adresse : bulk pour les ids de 16416477 à 16417476
bulk : {
  "took" : 69,
  "errors" :  ...
85: 271001 adresses traitées
adresse : bulk pour les ids de 16417477 à 16418476
bulk : {
  "took" : 94,
  "errors" :  ...
85: 272001 adresses traitées
adresse : bulk pour les ids de 16418477 à 16419476
bulk : {
  "took" : 70,
  "errors" :  ...
85: 273001 adresses traitées
adresse : bulk pour les ids de 16419477 à 16420476
bulk : {
  "took" : 97,
  "errors" :  ...
85: 274001 adresses traitées
adresse : bulk pour les ids de 16420477 à 16421476
bulk : {
  "took" : 85,
  "errors" :  ...
85: 275001 adresses traitées
adresse : bulk pour les ids de 16421477 à 16422476
bulk : {
  "took" : 99,
  "errors" :  ...
85: 276001 adresses traitées
adresse : bulk pour les ids de 16422477 à 16423476
bulk : {
  "took" : 87,
  "errors" :  ...
85: 277001 adresses traitées
adresse : bulk pour les ids de 16423477 à 16424476
bulk : {
  "took" : 83,
  "errors" :  ...
85: 278001 adresses traitées
adresse : bulk pour les ids de 16424477 à 16425476
bulk : {
  "took" : 91,
  "errors" :  ...
85: 279001 adresses traitées
adresse : bulk pour les ids de 16425477 à 16426476
bulk : {
  "took" : 76,
  "errors" :  ...
85: 280001 adresses traitées
adresse : bulk pour les ids de 16426477 à 16427476
bulk : {
  "took" : 94,
  "errors" :  ...
85: 281001 adresses traitées
adresse : bulk pour les ids de 16427477 à 16428476
bulk : {
  "took" : 70,
  "errors" :  ...
85: 282001 adresses traitées
adresse : bulk pour les ids de 16428477 à 16429476
bulk : {
  "took" : 94,
  "errors" :  ...
85: 283001 adresses traitées
adresse : bulk pour les ids de 16429477 à 16430476
bulk : {
  "took" : 86,
  "errors" :  ...
85: 284001 adresses traitées
adresse : bulk pour les ids de 16430477 à 16431476
bulk : {
  "took" : 91,
  "errors" :  ...
85: 285001 adresses traitées
adresse : bulk pour les ids de 16431477 à 16432476
bulk : {
  "took" : 71,
  "errors" :  ...
85: 286001 adresses traitées
adresse : bulk pour les ids de 16432477 à 16433476
bulk : {
  "took" : 95,
  "errors" :  ...
85: 287001 adresses traitées
adresse : bulk pour les ids de 16433477 à 16434476
bulk : {
  "took" : 81,
  "errors" :  ...
85: 288001 adresses traitées
adresse : bulk pour les ids de 16434477 à 16435476
bulk : {
  "took" : 101,
  "errors" : ...
85: 289001 adresses traitées
adresse : bulk pour les ids de 16435477 à 16436476
bulk : {
  "took" : 92,
  "errors" :  ...
85: 290001 adresses traitées
adresse : bulk pour les ids de 16436477 à 16437476
bulk : {
  "took" : 78,
  "errors" :  ...
85: 291001 adresses traitées
adresse : bulk pour les ids de 16437477 à 16438476
bulk : {
  "took" : 84,
  "errors" :  ...
85: 292001 adresses traitées
adresse : bulk pour les ids de 16438477 à 16439476
bulk : {
  "took" : 101,
  "errors" : ...
85: 293001 adresses traitées
adresse : bulk pour les ids de 16439477 à 16440476
bulk : {
  "took" : 93,
  "errors" :  ...
85: 294001 adresses traitées
adresse : bulk pour les ids de 16440477 à 16441476
bulk : {
  "took" : 105,
  "errors" : ...
85: 295001 adresses traitées
85: 296001 adresses traitées
adresse : bulk pour les ids de 16441477 à 16442476
bulk : {
  "took" : 68,
  "errors" :  ...
85: 297001 adresses traitées
adresse : bulk pour les ids de 16442477 à 16443476
bulk : {
  "took" : 95,
  "errors" :  ...
85: 298001 adresses traitées
adresse : bulk pour les ids de 16443477 à 16444476
bulk : {
  "took" : 68,
  "errors" :  ...
85: 299001 adresses traitées
adresse : bulk pour les ids de 16444477 à 16445476
bulk : {
  "took" : 104,
  "errors" : ...
85: 300001 adresses traitées
adresse : bulk pour les ids de 16445477 à 16446476
bulk : {
  "took" : 82,
  "errors" :  ...
85: 301001 adresses traitées
adresse : bulk pour les ids de 16446477 à 16447476
bulk : {
  "took" : 76,
  "errors" :  ...
85: 302001 adresses traitées
adresse : bulk pour les ids de 16447477 à 16448476
bulk : {
  "took" : 101,
  "errors" : ...
85: 303001 adresses traitées
adresse : bulk pour les ids de 16448477 à 16449476
bulk : {
  "took" : 98,
  "errors" :  ...
85: 304001 adresses traitées
adresse : bulk pour les ids de 16449477 à 16450476
bulk : {
  "took" : 81,
  "errors" :  ...
85: 305001 adresses traitées
adresse : bulk pour les ids de 16450477 à 16451476
bulk : {
  "took" : 84,
  "errors" :  ...
85: 306001 adresses traitées
adresse : bulk pour les ids de 16451477 à 16452476
bulk : {
  "took" : 82,
  "errors" :  ...
85: 307001 adresses traitées
adresse : bulk pour les ids de 16452477 à 16453476
bulk : {
  "took" : 89,
  "errors" :  ...
85: 308001 adresses traitées
adresse : bulk pour les ids de 16453477 à 16454476
bulk : {
  "took" : 82,
  "errors" :  ...
85: 309001 adresses traitées
adresse : bulk pour les ids de 16454477 à 16455476
bulk : {
  "took" : 95,
  "errors" :  ...
85: 310001 adresses traitées
adresse : bulk pour les ids de 16455477 à 16456476
bulk : {
  "took" : 69,
  "errors" :  ...
85: 311001 adresses traitées
adresse : bulk pour les ids de 16456477 à 16457476
bulk : {
  "took" : 97,
  "errors" :  ...
85: 312001 adresses traitées
adresse : bulk pour les ids de 16457477 à 16458476
bulk : {
  "took" : 85,
  "errors" :  ...
85: 313001 adresses traitées
adresse : bulk pour les ids de 16458477 à 16459476
bulk : {
  "took" : 100,
  "errors" : ...
85: 314001 adresses traitées
adresse : bulk pour les ids de 16459477 à 16460476
bulk : {
  "took" : 70,
  "errors" :  ...
85: 315001 adresses traitées
85: 316001 adresses traitées
adresse : bulk pour les ids de 16460477 à 16461476
bulk : {
  "took" : 92,
  "errors" :  ...
85: 317001 adresses traitées
adresse : bulk pour les ids de 16461477 à 16462476
bulk : {
  "took" : 82,
  "errors" :  ...
85: 318001 adresses traitées
adresse : bulk pour les ids de 16462477 à 16463476
bulk : {
  "took" : 81,
  "errors" :  ...
85: 319001 adresses traitées
adresse : bulk pour les ids de 16463477 à 16464476
bulk : {
  "took" : 79,
  "errors" :  ...
85: 320001 adresses traitées
adresse : bulk pour les ids de 16464477 à 16465476
bulk : {
  "took" : 67,
  "errors" :  ...
85: 321001 adresses traitées
adresse : bulk pour les ids de 16465477 à 16466476
bulk : {
  "took" : 92,
  "errors" :  ...
85: 322001 adresses traitées
adresse : bulk pour les ids de 16466477 à 16467476
bulk : {
  "took" : 87,
  "errors" :  ...
85: 323001 adresses traitées
adresse : bulk pour les ids de 16467477 à 16468476
bulk : {
  "took" : 189,
  "errors" : ...
85: 324001 adresses traitées
adresse : bulk pour les ids de 16468477 à 16469476
bulk : {
  "took" : 87,
  "errors" :  ...
85: 325001 adresses traitées
adresse : bulk pour les ids de 16469477 à 16470476
bulk : {
  "took" : 77,
  "errors" :  ...
85: 326001 adresses traitées
adresse : bulk pour les ids de 16470477 à 16471476
bulk : {
  "took" : 68,
  "errors" :  ...
85: 327001 adresses traitées
adresse : bulk pour les ids de 16471477 à 16472476
bulk : {
  "took" : 98,
  "errors" :  ...
85: 328001 adresses traitées
adresse : bulk pour les ids de 16472477 à 16473476
bulk : {
  "took" : 73,
  "errors" :  ...
85: 329001 adresses traitées
adresse : bulk pour les ids de 16473477 à 16474476
bulk : {
  "took" : 93,
  "errors" :  ...
85: 330001 adresses traitées
adresse : bulk pour les ids de 16474477 à 16475476
bulk : {
  "took" : 82,
  "errors" :  ...
85: 331001 adresses traitées
adresse : bulk pour les ids de 16475477 à 16476476
bulk : {
  "took" : 81,
  "errors" :  ...
85: 332001 adresses traitées
adresse : bulk pour les ids de 16476477 à 16477476
bulk : {
  "took" : 90,
  "errors" :  ...
85: 333001 adresses traitées
adresse : bulk pour les ids de 16477477 à 16478476
bulk : {
  "took" : 104,
  "errors" : ...
85: 334001 adresses traitées
adresse : bulk pour les ids de 16478477 à 16479476
bulk : {
  "took" : 70,
  "errors" :  ...
85: 335001 adresses traitées
adresse : bulk pour les ids de 16479477 à 16480476
bulk : {
  "took" : 99,
  "errors" :  ...
85: 336001 adresses traitées
adresse : bulk pour les ids de 16480477 à 16481476
bulk : {
  "took" : 78,
  "errors" :  ...
85: 337001 adresses traitées
adresse : bulk pour les ids de 16481477 à 16482476
bulk : {
  "took" : 84,
  "errors" :  ...
85: 338001 adresses traitées
adresse : bulk pour les ids de 16482477 à 16483476
bulk : {
  "took" : 102,
  "errors" : ...
85: 339001 adresses traitées
adresse : bulk pour les ids de 16483477 à 16484476
bulk : {
  "took" : 91,
  "errors" :  ...
85: 340001 adresses traitées
adresse : bulk pour les ids de 16484477 à 16485476
bulk : {
  "took" : 99,
  "errors" :  ...
85: 341001 adresses traitées
adresse : bulk pour les ids de 16485477 à 16486476
bulk : {
  "took" : 71,
  "errors" :  ...
85: 342001 adresses traitées
adresse : bulk pour les ids de 16486477 à 16487476
bulk : {
  "took" : 96,
  "errors" :  ...
85: 343001 adresses traitées
adresse : bulk pour les ids de 16487477 à 16488114
bulk : {
  "took" : 44,
  "errors" :  ...
dpt 86 : voies
86: 1 voies traitées
voie : bulk pour les ids de 1188665 à 1188864
bulk : {
  "took" : 13,
  "errors" :  ...
86: 201 voies traitées
voie : bulk pour les ids de 1188865 à 1189064
bulk : {
  "took" : 37,
  "errors" :  ...
86: 401 voies traitées
voie : bulk pour les ids de 1189065 à 1189264
bulk : {
  "took" : 13,
  "errors" :  ...
86: 601 voies traitées
voie : bulk pour les ids de 1189265 à 1189464
bulk : {
  "took" : 13,
  "errors" :  ...
86: 801 voies traitées
voie : bulk pour les ids de 1189465 à 1189664
bulk : {
  "took" : 12,
  "errors" :  ...
86: 1001 voies traitées
voie : bulk pour les ids de 1189665 à 1189864
bulk : {
  "took" : 13,
  "errors" :  ...
86: 1201 voies traitées
voie : bulk pour les ids de 1189865 à 1190064
bulk : {
  "took" : 13,
  "errors" :  ...
86: 1401 voies traitées
voie : bulk pour les ids de 1190065 à 1190264
bulk : {
  "took" : 12,
  "errors" :  ...
86: 1601 voies traitées
voie : bulk pour les ids de 1190265 à 1190464
bulk : {
  "took" : 13,
  "errors" :  ...
86: 1801 voies traitées
voie : bulk pour les ids de 1190465 à 1190664
bulk : {
  "took" : 15,
  "errors" :  ...
86: 2001 voies traitées
voie : bulk pour les ids de 1190665 à 1190864
bulk : {
  "took" : 13,
  "errors" :  ...
86: 2201 voies traitées
voie : bulk pour les ids de 1190865 à 1191064
bulk : {
  "took" : 27,
  "errors" :  ...
86: 2401 voies traitées
voie : bulk pour les ids de 1191065 à 1191264
bulk : {
  "took" : 13,
  "errors" :  ...
86: 2601 voies traitées
voie : bulk pour les ids de 1191265 à 1191464
bulk : {
  "took" : 12,
  "errors" :  ...
86: 2801 voies traitées
voie : bulk pour les ids de 1191465 à 1191664
bulk : {
  "took" : 13,
  "errors" :  ...
86: 3001 voies traitées
voie : bulk pour les ids de 1191665 à 1191864
bulk : {
  "took" : 12,
  "errors" :  ...
86: 3201 voies traitées
voie : bulk pour les ids de 1191865 à 1192064
bulk : {
  "took" : 12,
  "errors" :  ...
86: 3401 voies traitées
voie : bulk pour les ids de 1192065 à 1192264
bulk : {
  "took" : 13,
  "errors" :  ...
86: 3601 voies traitées
voie : bulk pour les ids de 1192265 à 1192464
bulk : {
  "took" : 13,
  "errors" :  ...
86: 3801 voies traitées
voie : bulk pour les ids de 1192465 à 1192664
bulk : {
  "took" : 13,
  "errors" :  ...
86: 4001 voies traitées
voie : bulk pour les ids de 1192665 à 1192864
bulk : {
  "took" : 13,
  "errors" :  ...
86: 4201 voies traitées
voie : bulk pour les ids de 1192865 à 1193064
bulk : {
  "took" : 30,
  "errors" :  ...
86: 4401 voies traitées
voie : bulk pour les ids de 1193065 à 1193264
bulk : {
  "took" : 13,
  "errors" :  ...
86: 4601 voies traitées
voie : bulk pour les ids de 1193265 à 1193464
bulk : {
  "took" : 12,
  "errors" :  ...
86: 4801 voies traitées
voie : bulk pour les ids de 1193465 à 1193664
bulk : {
  "took" : 12,
  "errors" :  ...
86: 5001 voies traitées
voie : bulk pour les ids de 1193665 à 1193864
bulk : {
  "took" : 12,
  "errors" :  ...
86: 5201 voies traitées
voie : bulk pour les ids de 1193865 à 1194064
bulk : {
  "took" : 12,
  "errors" :  ...
86: 5401 voies traitées
voie : bulk pour les ids de 1194065 à 1194264
bulk : {
  "took" : 13,
  "errors" :  ...
86: 5601 voies traitées
voie : bulk pour les ids de 1194265 à 1194464
bulk : {
  "took" : 12,
  "errors" :  ...
86: 5801 voies traitées
voie : bulk pour les ids de 1194465 à 1194664
bulk : {
  "took" : 26,
  "errors" :  ...
86: 6001 voies traitées
voie : bulk pour les ids de 1194665 à 1194864
bulk : {
  "took" : 13,
  "errors" :  ...
86: 6201 voies traitées
voie : bulk pour les ids de 1194865 à 1195064
bulk : {
  "took" : 14,
  "errors" :  ...
86: 6401 voies traitées
voie : bulk pour les ids de 1195065 à 1195264
bulk : {
  "took" : 13,
  "errors" :  ...
86: 6601 voies traitées
voie : bulk pour les ids de 1195265 à 1195464
bulk : {
  "took" : 13,
  "errors" :  ...
86: 6801 voies traitées
voie : bulk pour les ids de 1195465 à 1195664
bulk : {
  "took" : 12,
  "errors" :  ...
86: 7001 voies traitées
voie : bulk pour les ids de 1195665 à 1195864
bulk : {
  "took" : 13,
  "errors" :  ...
86: 7201 voies traitées
voie : bulk pour les ids de 1195865 à 1196064
bulk : {
  "took" : 13,
  "errors" :  ...
86: 7401 voies traitées
voie : bulk pour les ids de 1196065 à 1196264
bulk : {
  "took" : 12,
  "errors" :  ...
86: 7601 voies traitées
voie : bulk pour les ids de 1196265 à 1196464
bulk : {
  "took" : 26,
  "errors" :  ...
86: 7801 voies traitées
voie : bulk pour les ids de 1196465 à 1196664
bulk : {
  "took" : 13,
  "errors" :  ...
86: 8001 voies traitées
voie : bulk pour les ids de 1196665 à 1196864
bulk : {
  "took" : 13,
  "errors" :  ...
86: 8201 voies traitées
voie : bulk pour les ids de 1196865 à 1197064
bulk : {
  "took" : 13,
  "errors" :  ...
86: 8401 voies traitées
voie : bulk pour les ids de 1197065 à 1197264
bulk : {
  "took" : 13,
  "errors" :  ...
86: 8601 voies traitées
voie : bulk pour les ids de 1197265 à 1197464
bulk : {
  "took" : 12,
  "errors" :  ...
86: 8801 voies traitées
voie : bulk pour les ids de 1197465 à 1197664
bulk : {
  "took" : 13,
  "errors" :  ...
86: 9001 voies traitées
voie : bulk pour les ids de 1197665 à 1197864
bulk : {
  "took" : 13,
  "errors" :  ...
86: 9201 voies traitées
voie : bulk pour les ids de 1197865 à 1198064
bulk : {
  "took" : 13,
  "errors" :  ...
86: 9401 voies traitées
voie : bulk pour les ids de 1198065 à 1198264
bulk : {
  "took" : 13,
  "errors" :  ...
86: 9601 voies traitées
voie : bulk pour les ids de 1198265 à 1198464
bulk : {
  "took" : 13,
  "errors" :  ...
86: 9801 voies traitées
voie : bulk pour les ids de 1198465 à 1198664
bulk : {
  "took" : 26,
  "errors" :  ...
86: 10001 voies traitées
voie : bulk pour les ids de 1198665 à 1198864
bulk : {
  "took" : 12,
  "errors" :  ...
86: 10201 voies traitées
voie : bulk pour les ids de 1198865 à 1199064
bulk : {
  "took" : 13,
  "errors" :  ...
86: 10401 voies traitées
voie : bulk pour les ids de 1199065 à 1199264
bulk : {
  "took" : 13,
  "errors" :  ...
86: 10601 voies traitées
voie : bulk pour les ids de 1199265 à 1199464
bulk : {
  "took" : 12,
  "errors" :  ...
86: 10801 voies traitées
voie : bulk pour les ids de 1199465 à 1199664
bulk : {
  "took" : 13,
  "errors" :  ...
86: 11001 voies traitées
voie : bulk pour les ids de 1199665 à 1199864
bulk : {
  "took" : 13,
  "errors" :  ...
86: 11201 voies traitées
voie : bulk pour les ids de 1199865 à 1200064
bulk : {
  "took" : 13,
  "errors" :  ...
86: 11401 voies traitées
voie : bulk pour les ids de 1200065 à 1200264
bulk : {
  "took" : 13,
  "errors" :  ...
86: 11601 voies traitées
voie : bulk pour les ids de 1200265 à 1200403
bulk : {
  "took" : 9,
  "errors" : f ...
dpt 86 : adresses
86: 1 adresses traitées
86: 1001 adresses traitées
adresse : bulk pour les ids de 16488115 à 16489114
bulk : {
  "took" : 81,
  "errors" :  ...
86: 2001 adresses traitées
adresse : bulk pour les ids de 16489115 à 16490114
bulk : {
  "took" : 96,
  "errors" :  ...
86: 3001 adresses traitées
adresse : bulk pour les ids de 16490115 à 16491114
bulk : {
  "took" : 75,
  "errors" :  ...
86: 4001 adresses traitées
adresse : bulk pour les ids de 16491115 à 16492114
bulk : {
  "took" : 71,
  "errors" :  ...
86: 5001 adresses traitées
adresse : bulk pour les ids de 16492115 à 16493114
bulk : {
  "took" : 87,
  "errors" :  ...
86: 6001 adresses traitées
adresse : bulk pour les ids de 16493115 à 16494114
bulk : {
  "took" : 67,
  "errors" :  ...
86: 7001 adresses traitées
adresse : bulk pour les ids de 16494115 à 16495114
bulk : {
  "took" : 89,
  "errors" :  ...
86: 8001 adresses traitées
adresse : bulk pour les ids de 16495115 à 16496114
bulk : {
  "took" : 69,
  "errors" :  ...
86: 9001 adresses traitées
adresse : bulk pour les ids de 16496115 à 16497114
bulk : {
  "took" : 94,
  "errors" :  ...
86: 10001 adresses traitées
adresse : bulk pour les ids de 16497115 à 16498114
bulk : {
  "took" : 89,
  "errors" :  ...
86: 11001 adresses traitées
adresse : bulk pour les ids de 16498115 à 16499114
bulk : {
  "took" : 82,
  "errors" :  ...
86: 12001 adresses traitées
adresse : bulk pour les ids de 16499115 à 16500114
bulk : {
  "took" : 85,
  "errors" :  ...
86: 13001 adresses traitées
adresse : bulk pour les ids de 16500115 à 16501114
bulk : {
  "took" : 96,
  "errors" :  ...
86: 14001 adresses traitées
adresse : bulk pour les ids de 16501115 à 16502114
bulk : {
  "took" : 68,
  "errors" :  ...
86: 15001 adresses traitées
86: 16001 adresses traitées
adresse : bulk pour les ids de 16502115 à 16503114
bulk : {
  "took" : 95,
  "errors" :  ...
86: 17001 adresses traitées
adresse : bulk pour les ids de 16503115 à 16504114
bulk : {
  "took" : 69,
  "errors" :  ...
86: 18001 adresses traitées
adresse : bulk pour les ids de 16504115 à 16505114
bulk : {
  "took" : 95,
  "errors" :  ...
86: 19001 adresses traitées
adresse : bulk pour les ids de 16505115 à 16506114
bulk : {
  "took" : 81,
  "errors" :  ...
86: 20001 adresses traitées
adresse : bulk pour les ids de 16506115 à 16507114
bulk : {
  "took" : 74,
  "errors" :  ...
86: 21001 adresses traitées
adresse : bulk pour les ids de 16507115 à 16508114
bulk : {
  "took" : 101,
  "errors" : ...
86: 22001 adresses traitées
adresse : bulk pour les ids de 16508115 à 16509114
bulk : {
  "took" : 98,
  "errors" :  ...
86: 23001 adresses traitées
adresse : bulk pour les ids de 16509115 à 16510114
bulk : {
  "took" : 80,
  "errors" :  ...
86: 24001 adresses traitées
adresse : bulk pour les ids de 16510115 à 16511114
bulk : {
  "took" : 88,
  "errors" :  ...
86: 25001 adresses traitées
adresse : bulk pour les ids de 16511115 à 16512114
bulk : {
  "took" : 66,
  "errors" :  ...
86: 26001 adresses traitées
adresse : bulk pour les ids de 16512115 à 16513114
bulk : {
  "took" : 91,
  "errors" :  ...
86: 27001 adresses traitées
adresse : bulk pour les ids de 16513115 à 16514114
bulk : {
  "took" : 82,
  "errors" :  ...
86: 28001 adresses traitées
adresse : bulk pour les ids de 16514115 à 16515114
bulk : {
  "took" : 75,
  "errors" :  ...
86: 29001 adresses traitées
adresse : bulk pour les ids de 16515115 à 16516114
bulk : {
  "took" : 91,
  "errors" :  ...
86: 30001 adresses traitées
adresse : bulk pour les ids de 16516115 à 16517114
bulk : {
  "took" : 75,
  "errors" :  ...
86: 31001 adresses traitées
adresse : bulk pour les ids de 16517115 à 16518114
bulk : {
  "took" : 99,
  "errors" :  ...
86: 32001 adresses traitées
adresse : bulk pour les ids de 16518115 à 16519114
bulk : {
  "took" : 98,
  "errors" :  ...
86: 33001 adresses traitées
adresse : bulk pour les ids de 16519115 à 16520114
bulk : {
  "took" : 67,
  "errors" :  ...
86: 34001 adresses traitées
adresse : bulk pour les ids de 16520115 à 16521114
bulk : {
  "took" : 96,
  "errors" :  ...
86: 35001 adresses traitées
adresse : bulk pour les ids de 16521115 à 16522114
bulk : {
  "took" : 67,
  "errors" :  ...
86: 36001 adresses traitées
adresse : bulk pour les ids de 16522115 à 16523114
bulk : {
  "took" : 90,
  "errors" :  ...
86: 37001 adresses traitées
adresse : bulk pour les ids de 16523115 à 16524114
bulk : {
  "took" : 85,
  "errors" :  ...
86: 38001 adresses traitées
adresse : bulk pour les ids de 16524115 à 16525114
bulk : {
  "took" : 83,
  "errors" :  ...
86: 39001 adresses traitées
adresse : bulk pour les ids de 16525115 à 16526114
bulk : {
  "took" : 87,
  "errors" :  ...
86: 40001 adresses traitées
adresse : bulk pour les ids de 16526115 à 16527114
bulk : {
  "took" : 94,
  "errors" :  ...
86: 41001 adresses traitées
adresse : bulk pour les ids de 16527115 à 16528114
bulk : {
  "took" : 81,
  "errors" :  ...
86: 42001 adresses traitées
86: 43001 adresses traitées
adresse : bulk pour les ids de 16528115 à 16529114
bulk : {
  "took" : 84,
  "errors" :  ...
86: 44001 adresses traitées
adresse : bulk pour les ids de 16529115 à 16530114
bulk : {
  "took" : 83,
  "errors" :  ...
86: 45001 adresses traitées
adresse : bulk pour les ids de 16530115 à 16531114
bulk : {
  "took" : 79,
  "errors" :  ...
86: 46001 adresses traitées
adresse : bulk pour les ids de 16531115 à 16532114
bulk : {
  "took" : 83,
  "errors" :  ...
86: 47001 adresses traitées
adresse : bulk pour les ids de 16532115 à 16533114
bulk : {
  "took" : 83,
  "errors" :  ...
86: 48001 adresses traitées
adresse : bulk pour les ids de 16533115 à 16534114
bulk : {
  "took" : 82,
  "errors" :  ...
86: 49001 adresses traitées
adresse : bulk pour les ids de 16534115 à 16535114
bulk : {
  "took" : 97,
  "errors" :  ...
86: 50001 adresses traitées
adresse : bulk pour les ids de 16535115 à 16536114
bulk : {
  "took" : 70,
  "errors" :  ...
86: 51001 adresses traitées
adresse : bulk pour les ids de 16536115 à 16537114
bulk : {
  "took" : 80,
  "errors" :  ...
86: 52001 adresses traitées
adresse : bulk pour les ids de 16537115 à 16538114
bulk : {
  "took" : 86,
  "errors" :  ...
86: 53001 adresses traitées
adresse : bulk pour les ids de 16538115 à 16539114
bulk : {
  "took" : 84,
  "errors" :  ...
86: 54001 adresses traitées
adresse : bulk pour les ids de 16539115 à 16540114
bulk : {
  "took" : 83,
  "errors" :  ...
86: 55001 adresses traitées
adresse : bulk pour les ids de 16540115 à 16541114
bulk : {
  "took" : 81,
  "errors" :  ...
86: 56001 adresses traitées
adresse : bulk pour les ids de 16541115 à 16542114
bulk : {
  "took" : 92,
  "errors" :  ...
86: 57001 adresses traitées
adresse : bulk pour les ids de 16542115 à 16543114
bulk : {
  "took" : 94,
  "errors" :  ...
86: 58001 adresses traitées
adresse : bulk pour les ids de 16543115 à 16544114
bulk : {
  "took" : 73,
  "errors" :  ...
86: 59001 adresses traitées
86: 60001 adresses traitées
adresse : bulk pour les ids de 16544115 à 16545114
bulk : {
  "took" : 84,
  "errors" :  ...
86: 61001 adresses traitées
adresse : bulk pour les ids de 16545115 à 16546114
bulk : {
  "took" : 82,
  "errors" :  ...
86: 62001 adresses traitées
adresse : bulk pour les ids de 16546115 à 16547114
bulk : {
  "took" : 95,
  "errors" :  ...
86: 63001 adresses traitées
adresse : bulk pour les ids de 16547115 à 16548114
bulk : {
  "took" : 73,
  "errors" :  ...
86: 64001 adresses traitées
adresse : bulk pour les ids de 16548115 à 16549114
bulk : {
  "took" : 98,
  "errors" :  ...
86: 65001 adresses traitées
adresse : bulk pour les ids de 16549115 à 16550114
bulk : {
  "took" : 70,
  "errors" :  ...
86: 66001 adresses traitées
adresse : bulk pour les ids de 16550115 à 16551114
bulk : {
  "took" : 98,
  "errors" :  ...
86: 67001 adresses traitées
adresse : bulk pour les ids de 16551115 à 16552114
bulk : {
  "took" : 70,
  "errors" :  ...
86: 68001 adresses traitées
adresse : bulk pour les ids de 16552115 à 16553114
bulk : {
  "took" : 103,
  "errors" : ...
86: 69001 adresses traitées
adresse : bulk pour les ids de 16553115 à 16554114
bulk : {
  "took" : 85,
  "errors" :  ...
86: 70001 adresses traitées
adresse : bulk pour les ids de 16554115 à 16555114
bulk : {
  "took" : 83,
  "errors" :  ...
86: 71001 adresses traitées
adresse : bulk pour les ids de 16555115 à 16556114
bulk : {
  "took" : 87,
  "errors" :  ...
86: 72001 adresses traitées
adresse : bulk pour les ids de 16556115 à 16557114
bulk : {
  "took" : 94,
  "errors" :  ...
86: 73001 adresses traitées
adresse : bulk pour les ids de 16557115 à 16558114
bulk : {
  "took" : 70,
  "errors" :  ...
86: 74001 adresses traitées
adresse : bulk pour les ids de 16558115 à 16559114
bulk : {
  "took" : 98,
  "errors" :  ...
86: 75001 adresses traitées
adresse : bulk pour les ids de 16559115 à 16560114
bulk : {
  "took" : 69,
  "errors" :  ...
86: 76001 adresses traitées
adresse : bulk pour les ids de 16560115 à 16561114
bulk : {
  "took" : 98,
  "errors" :  ...
86: 77001 adresses traitées
86: 78001 adresses traitées
adresse : bulk pour les ids de 16561115 à 16562114
bulk : {
  "took" : 84,
  "errors" :  ...
86: 79001 adresses traitées
adresse : bulk pour les ids de 16562115 à 16563114
bulk : {
  "took" : 80,
  "errors" :  ...
86: 80001 adresses traitées
adresse : bulk pour les ids de 16563115 à 16564114
bulk : {
  "took" : 89,
  "errors" :  ...
86: 81001 adresses traitées
adresse : bulk pour les ids de 16564115 à 16565114
bulk : {
  "took" : 80,
  "errors" :  ...
86: 82001 adresses traitées
adresse : bulk pour les ids de 16565115 à 16566114
bulk : {
  "took" : 88,
  "errors" :  ...
86: 83001 adresses traitées
adresse : bulk pour les ids de 16566115 à 16567114
bulk : {
  "took" : 79,
  "errors" :  ...
86: 84001 adresses traitées
adresse : bulk pour les ids de 16567115 à 16568114
bulk : {
  "took" : 90,
  "errors" :  ...
86: 85001 adresses traitées
adresse : bulk pour les ids de 16568115 à 16569114
bulk : {
  "took" : 78,
  "errors" :  ...
86: 86001 adresses traitées
adresse : bulk pour les ids de 16569115 à 16570114
bulk : {
  "took" : 87,
  "errors" :  ...
86: 87001 adresses traitées
adresse : bulk pour les ids de 16570115 à 16571114
bulk : {
  "took" : 98,
  "errors" :  ...
86: 88001 adresses traitées
adresse : bulk pour les ids de 16571115 à 16572114
bulk : {
  "took" : 70,
  "errors" :  ...
86: 89001 adresses traitées
adresse : bulk pour les ids de 16572115 à 16573114
bulk : {
  "took" : 76,
  "errors" :  ...
86: 90001 adresses traitées
adresse : bulk pour les ids de 16573115 à 16574114
bulk : {
  "took" : 86,
  "errors" :  ...
86: 91001 adresses traitées
adresse : bulk pour les ids de 16574115 à 16575114
bulk : {
  "took" : 81,
  "errors" :  ...
86: 92001 adresses traitées
adresse : bulk pour les ids de 16575115 à 16576114
bulk : {
  "took" : 82,
  "errors" :  ...
86: 93001 adresses traitées
adresse : bulk pour les ids de 16576115 à 16577114
bulk : {
  "took" : 87,
  "errors" :  ...
86: 94001 adresses traitées
adresse : bulk pour les ids de 16577115 à 16578114
bulk : {
  "took" : 84,
  "errors" :  ...
86: 95001 adresses traitées
adresse : bulk pour les ids de 16578115 à 16579114
bulk : {
  "took" : 100,
  "errors" : ...
86: 96001 adresses traitées
adresse : bulk pour les ids de 16579115 à 16580114
bulk : {
  "took" : 70,
  "errors" :  ...
86: 97001 adresses traitées
adresse : bulk pour les ids de 16580115 à 16581114
bulk : {
  "took" : 107,
  "errors" : ...
86: 98001 adresses traitées
adresse : bulk pour les ids de 16581115 à 16582114
bulk : {
  "took" : 90,
  "errors" :  ...
86: 99001 adresses traitées
adresse : bulk pour les ids de 16582115 à 16583114
bulk : {
  "took" : 78,
  "errors" :  ...
86: 100001 adresses traitées
adresse : bulk pour les ids de 16583115 à 16584114
bulk : {
  "took" : 84,
  "errors" :  ...
86: 101001 adresses traitées
adresse : bulk pour les ids de 16584115 à 16585114
bulk : {
  "took" : 100,
  "errors" : ...
86: 102001 adresses traitées
adresse : bulk pour les ids de 16585115 à 16586114
bulk : {
  "took" : 70,
  "errors" :  ...
86: 103001 adresses traitées
adresse : bulk pour les ids de 16586115 à 16587114
bulk : {
  "took" : 96,
  "errors" :  ...
86: 104001 adresses traitées
adresse : bulk pour les ids de 16587115 à 16588114
bulk : {
  "took" : 71,
  "errors" :  ...
86: 105001 adresses traitées
86: 106001 adresses traitées
adresse : bulk pour les ids de 16588115 à 16589114
bulk : {
  "took" : 94,
  "errors" :  ...
86: 107001 adresses traitées
adresse : bulk pour les ids de 16589115 à 16590114
bulk : {
  "took" : 85,
  "errors" :  ...
86: 108001 adresses traitées
adresse : bulk pour les ids de 16590115 à 16591114
bulk : {
  "took" : 86,
  "errors" :  ...
86: 109001 adresses traitées
adresse : bulk pour les ids de 16591115 à 16592114
bulk : {
  "took" : 81,
  "errors" :  ...
86: 110001 adresses traitées
adresse : bulk pour les ids de 16592115 à 16593114
bulk : {
  "took" : 91,
  "errors" :  ...
86: 111001 adresses traitées
adresse : bulk pour les ids de 16593115 à 16594114
bulk : {
  "took" : 81,
  "errors" :  ...
86: 112001 adresses traitées
adresse : bulk pour les ids de 16594115 à 16595114
bulk : {
  "took" : 72,
  "errors" :  ...
86: 113001 adresses traitées
adresse : bulk pour les ids de 16595115 à 16596114
bulk : {
  "took" : 99,
  "errors" :  ...
86: 114001 adresses traitées
adresse : bulk pour les ids de 16596115 à 16597114
bulk : {
  "took" : 81,
  "errors" :  ...
86: 115001 adresses traitées
adresse : bulk pour les ids de 16597115 à 16598114
bulk : {
  "took" : 74,
  "errors" :  ...
86: 116001 adresses traitées
adresse : bulk pour les ids de 16598115 à 16599114
bulk : {
  "took" : 98,
  "errors" :  ...
86: 117001 adresses traitées
adresse : bulk pour les ids de 16599115 à 16600114
bulk : {
  "took" : 72,
  "errors" :  ...
86: 118001 adresses traitées
adresse : bulk pour les ids de 16600115 à 16601114
bulk : {
  "took" : 88,
  "errors" :  ...
86: 119001 adresses traitées
adresse : bulk pour les ids de 16601115 à 16602114
bulk : {
  "took" : 71,
  "errors" :  ...
86: 120001 adresses traitées
adresse : bulk pour les ids de 16602115 à 16603114
bulk : {
  "took" : 88,
  "errors" :  ...
86: 121001 adresses traitées
adresse : bulk pour les ids de 16603115 à 16604114
bulk : {
  "took" : 70,
  "errors" :  ...
86: 122001 adresses traitées
adresse : bulk pour les ids de 16604115 à 16605114
bulk : {
  "took" : 90,
  "errors" :  ...
86: 123001 adresses traitées
adresse : bulk pour les ids de 16605115 à 16606114
bulk : {
  "took" : 88,
  "errors" :  ...
86: 124001 adresses traitées
86: 125001 adresses traitées
adresse : bulk pour les ids de 16606115 à 16607114
bulk : {
  "took" : 74,
  "errors" :  ...
86: 126001 adresses traitées
adresse : bulk pour les ids de 16607115 à 16608114
bulk : {
  "took" : 92,
  "errors" :  ...
86: 127001 adresses traitées
adresse : bulk pour les ids de 16608115 à 16609114
bulk : {
  "took" : 71,
  "errors" :  ...
86: 128001 adresses traitées
adresse : bulk pour les ids de 16609115 à 16610114
bulk : {
  "took" : 90,
  "errors" :  ...
86: 129001 adresses traitées
adresse : bulk pour les ids de 16610115 à 16611114
bulk : {
  "took" : 76,
  "errors" :  ...
86: 130001 adresses traitées
adresse : bulk pour les ids de 16611115 à 16612114
bulk : {
  "took" : 91,
  "errors" :  ...
86: 131001 adresses traitées
adresse : bulk pour les ids de 16612115 à 16613114
bulk : {
  "took" : 70,
  "errors" :  ...
86: 132001 adresses traitées
adresse : bulk pour les ids de 16613115 à 16614114
bulk : {
  "took" : 88,
  "errors" :  ...
86: 133001 adresses traitées
86: 134001 adresses traitées
adresse : bulk pour les ids de 16614115 à 16615114
bulk : {
  "took" : 70,
  "errors" :  ...
86: 135001 adresses traitées
adresse : bulk pour les ids de 16615115 à 16616114
bulk : {
  "took" : 85,
  "errors" :  ...
86: 136001 adresses traitées
adresse : bulk pour les ids de 16616115 à 16617114
bulk : {
  "took" : 72,
  "errors" :  ...
86: 137001 adresses traitées
adresse : bulk pour les ids de 16617115 à 16618114
bulk : {
  "took" : 91,
  "errors" :  ...
86: 138001 adresses traitées
adresse : bulk pour les ids de 16618115 à 16619114
bulk : {
  "took" : 72,
  "errors" :  ...
86: 139001 adresses traitées
adresse : bulk pour les ids de 16619115 à 16620114
bulk : {
  "took" : 85,
  "errors" :  ...
86: 140001 adresses traitées
adresse : bulk pour les ids de 16620115 à 16621114
bulk : {
  "took" : 71,
  "errors" :  ...
86: 141001 adresses traitées
adresse : bulk pour les ids de 16621115 à 16622114
bulk : {
  "took" : 88,
  "errors" :  ...
86: 142001 adresses traitées
adresse : bulk pour les ids de 16622115 à 16623114
bulk : {
  "took" : 72,
  "errors" :  ...
86: 143001 adresses traitées
adresse : bulk pour les ids de 16623115 à 16624114
bulk : {
  "took" : 85,
  "errors" :  ...
86: 144001 adresses traitées
adresse : bulk pour les ids de 16624115 à 16625114
bulk : {
  "took" : 70,
  "errors" :  ...
86: 145001 adresses traitées
86: 146001 adresses traitées
adresse : bulk pour les ids de 16625115 à 16626114
bulk : {
  "took" : 85,
  "errors" :  ...
86: 147001 adresses traitées
adresse : bulk pour les ids de 16626115 à 16627114
bulk : {
  "took" : 71,
  "errors" :  ...
86: 148001 adresses traitées
adresse : bulk pour les ids de 16627115 à 16628114
bulk : {
  "took" : 90,
  "errors" :  ...
86: 149001 adresses traitées
adresse : bulk pour les ids de 16628115 à 16629114
bulk : {
  "took" : 72,
  "errors" :  ...
86: 150001 adresses traitées
adresse : bulk pour les ids de 16629115 à 16630114
bulk : {
  "took" : 91,
  "errors" :  ...
86: 151001 adresses traitées
86: 152001 adresses traitées
adresse : bulk pour les ids de 16630115 à 16631114
bulk : {
  "took" : 71,
  "errors" :  ...
86: 153001 adresses traitées
adresse : bulk pour les ids de 16631115 à 16632114
bulk : {
  "took" : 72,
  "errors" :  ...
86: 154001 adresses traitées
adresse : bulk pour les ids de 16632115 à 16633114
bulk : {
  "took" : 85,
  "errors" :  ...
86: 155001 adresses traitées
adresse : bulk pour les ids de 16633115 à 16634114
bulk : {
  "took" : 71,
  "errors" :  ...
86: 156001 adresses traitées
adresse : bulk pour les ids de 16634115 à 16635114
bulk : {
  "took" : 88,
  "errors" :  ...
86: 157001 adresses traitées
adresse : bulk pour les ids de 16635115 à 16636114
bulk : {
  "took" : 77,
  "errors" :  ...
86: 158001 adresses traitées
adresse : bulk pour les ids de 16636115 à 16637114
bulk : {
  "took" : 85,
  "errors" :  ...
86: 159001 adresses traitées
adresse : bulk pour les ids de 16637115 à 16638114
bulk : {
  "took" : 73,
  "errors" :  ...
86: 160001 adresses traitées
adresse : bulk pour les ids de 16638115 à 16639114
bulk : {
  "took" : 90,
  "errors" :  ...
86: 161001 adresses traitées
adresse : bulk pour les ids de 16639115 à 16640114
bulk : {
  "took" : 73,
  "errors" :  ...
86: 162001 adresses traitées
adresse : bulk pour les ids de 16640115 à 16641114
bulk : {
  "took" : 90,
  "errors" :  ...
86: 163001 adresses traitées
adresse : bulk pour les ids de 16641115 à 16642114
bulk : {
  "took" : 72,
  "errors" :  ...
adresse : bulk pour les ids de 16642115 à 16642190
bulk : {
  "took" : 5,
  "errors" : f ...
dpt 87 : voies
87: 1 voies traitées
voie : bulk pour les ids de 1200404 à 1200603
bulk : {
  "took" : 14,
  "errors" :  ...
87: 201 voies traitées
voie : bulk pour les ids de 1200604 à 1200803
bulk : {
  "took" : 12,
  "errors" :  ...
87: 401 voies traitées
voie : bulk pour les ids de 1200804 à 1201003
bulk : {
  "took" : 13,
  "errors" :  ...
87: 601 voies traitées
voie : bulk pour les ids de 1201004 à 1201203
bulk : {
  "took" : 13,
  "errors" :  ...
87: 801 voies traitées
voie : bulk pour les ids de 1201204 à 1201403
bulk : {
  "took" : 13,
  "errors" :  ...
87: 1001 voies traitées
voie : bulk pour les ids de 1201404 à 1201603
bulk : {
  "took" : 13,
  "errors" :  ...
87: 1201 voies traitées
voie : bulk pour les ids de 1201604 à 1201803
bulk : {
  "took" : 13,
  "errors" :  ...
87: 1401 voies traitées
voie : bulk pour les ids de 1201804 à 1202003
bulk : {
  "took" : 13,
  "errors" :  ...
87: 1601 voies traitées
voie : bulk pour les ids de 1202004 à 1202203
bulk : {
  "took" : 12,
  "errors" :  ...
87: 1801 voies traitées
voie : bulk pour les ids de 1202204 à 1202403
bulk : {
  "took" : 12,
  "errors" :  ...
87: 2001 voies traitées
voie : bulk pour les ids de 1202404 à 1202603
bulk : {
  "took" : 27,
  "errors" :  ...
87: 2201 voies traitées
voie : bulk pour les ids de 1202604 à 1202803
bulk : {
  "took" : 13,
  "errors" :  ...
87: 2401 voies traitées
voie : bulk pour les ids de 1202804 à 1203003
bulk : {
  "took" : 13,
  "errors" :  ...
87: 2601 voies traitées
voie : bulk pour les ids de 1203004 à 1203203
bulk : {
  "took" : 12,
  "errors" :  ...
87: 2801 voies traitées
voie : bulk pour les ids de 1203204 à 1203403
bulk : {
  "took" : 12,
  "errors" :  ...
87: 3001 voies traitées
voie : bulk pour les ids de 1203404 à 1203603
bulk : {
  "took" : 13,
  "errors" :  ...
87: 3201 voies traitées
voie : bulk pour les ids de 1203604 à 1203803
bulk : {
  "took" : 12,
  "errors" :  ...
87: 3401 voies traitées
voie : bulk pour les ids de 1203804 à 1204003
bulk : {
  "took" : 14,
  "errors" :  ...
87: 3601 voies traitées
voie : bulk pour les ids de 1204004 à 1204203
bulk : {
  "took" : 13,
  "errors" :  ...
87: 3801 voies traitées
voie : bulk pour les ids de 1204204 à 1204403
bulk : {
  "took" : 31,
  "errors" :  ...
87: 4001 voies traitées
voie : bulk pour les ids de 1204404 à 1204603
bulk : {
  "took" : 12,
  "errors" :  ...
87: 4201 voies traitées
voie : bulk pour les ids de 1204604 à 1204803
bulk : {
  "took" : 12,
  "errors" :  ...
87: 4401 voies traitées
voie : bulk pour les ids de 1204804 à 1205003
bulk : {
  "took" : 13,
  "errors" :  ...
87: 4601 voies traitées
voie : bulk pour les ids de 1205004 à 1205203
bulk : {
  "took" : 12,
  "errors" :  ...
87: 4801 voies traitées
voie : bulk pour les ids de 1205204 à 1205403
bulk : {
  "took" : 12,
  "errors" :  ...
87: 5001 voies traitées
voie : bulk pour les ids de 1205404 à 1205603
bulk : {
  "took" : 12,
  "errors" :  ...
87: 5201 voies traitées
voie : bulk pour les ids de 1205604 à 1205803
bulk : {
  "took" : 12,
  "errors" :  ...
87: 5401 voies traitées
voie : bulk pour les ids de 1205804 à 1206003
bulk : {
  "took" : 13,
  "errors" :  ...
87: 5601 voies traitées
voie : bulk pour les ids de 1206004 à 1206203
bulk : {
  "took" : 12,
  "errors" :  ...
87: 5801 voies traitées
voie : bulk pour les ids de 1206204 à 1206403
bulk : {
  "took" : 12,
  "errors" :  ...
87: 6001 voies traitées
voie : bulk pour les ids de 1206404 à 1206603
bulk : {
  "took" : 30,
  "errors" :  ...
87: 6201 voies traitées
voie : bulk pour les ids de 1206604 à 1206803
bulk : {
  "took" : 13,
  "errors" :  ...
87: 6401 voies traitées
voie : bulk pour les ids de 1206804 à 1207003
bulk : {
  "took" : 12,
  "errors" :  ...
87: 6601 voies traitées
voie : bulk pour les ids de 1207004 à 1207203
bulk : {
  "took" : 13,
  "errors" :  ...
87: 6801 voies traitées
voie : bulk pour les ids de 1207204 à 1207403
bulk : {
  "took" : 12,
  "errors" :  ...
87: 7001 voies traitées
voie : bulk pour les ids de 1207404 à 1207603
bulk : {
  "took" : 16,
  "errors" :  ...
87: 7201 voies traitées
voie : bulk pour les ids de 1207604 à 1207803
bulk : {
  "took" : 13,
  "errors" :  ...
87: 7401 voies traitées
voie : bulk pour les ids de 1207804 à 1208003
bulk : {
  "took" : 13,
  "errors" :  ...
87: 7601 voies traitées
voie : bulk pour les ids de 1208004 à 1208203
bulk : {
  "took" : 13,
  "errors" :  ...
87: 7801 voies traitées
voie : bulk pour les ids de 1208204 à 1208403
bulk : {
  "took" : 14,
  "errors" :  ...
87: 8001 voies traitées
voie : bulk pour les ids de 1208404 à 1208603
bulk : {
  "took" : 17,
  "errors" :  ...
87: 8201 voies traitées
voie : bulk pour les ids de 1208604 à 1208803
bulk : {
  "took" : 25,
  "errors" :  ...
87: 8401 voies traitées
voie : bulk pour les ids de 1208804 à 1209003
bulk : {
  "took" : 18,
  "errors" :  ...
87: 8601 voies traitées
voie : bulk pour les ids de 1209004 à 1209203
bulk : {
  "took" : 17,
  "errors" :  ...
87: 8801 voies traitées
voie : bulk pour les ids de 1209204 à 1209403
bulk : {
  "took" : 13,
  "errors" :  ...
87: 9001 voies traitées
voie : bulk pour les ids de 1209404 à 1209449
bulk : {
  "took" : 7,
  "errors" : f ...
dpt 87 : adresses
87: 1 adresses traitées
87: 1001 adresses traitées
adresse : bulk pour les ids de 16642191 à 16643190
bulk : {
  "took" : 82,
  "errors" :  ...
87: 2001 adresses traitées
adresse : bulk pour les ids de 16643191 à 16644190
bulk : {
  "took" : 114,
  "errors" : ...
87: 3001 adresses traitées
adresse : bulk pour les ids de 16644191 à 16645190
bulk : {
  "took" : 74,
  "errors" :  ...
87: 4001 adresses traitées
adresse : bulk pour les ids de 16645191 à 16646190
bulk : {
  "took" : 99,
  "errors" :  ...
87: 5001 adresses traitées
adresse : bulk pour les ids de 16646191 à 16647190
bulk : {
  "took" : 78,
  "errors" :  ...
87: 6001 adresses traitées
87: 7001 adresses traitées
adresse : bulk pour les ids de 16647191 à 16648190
bulk : {
  "took" : 110,
  "errors" : ...
87: 8001 adresses traitées
adresse : bulk pour les ids de 16648191 à 16649190
bulk : {
  "took" : 123,
  "errors" : ...
87: 9001 adresses traitées
adresse : bulk pour les ids de 16649191 à 16650190
bulk : {
  "took" : 96,
  "errors" :  ...
87: 10001 adresses traitées
adresse : bulk pour les ids de 16650191 à 16651190
bulk : {
  "took" : 110,
  "errors" : ...
87: 11001 adresses traitées
adresse : bulk pour les ids de 16651191 à 16652190
bulk : {
  "took" : 90,
  "errors" :  ...
87: 12001 adresses traitées
adresse : bulk pour les ids de 16652191 à 16653190
bulk : {
  "took" : 94,
  "errors" :  ...
87: 13001 adresses traitées
adresse : bulk pour les ids de 16653191 à 16654190
bulk : {
  "took" : 102,
  "errors" : ...
87: 14001 adresses traitées
87: 15001 adresses traitées
adresse : bulk pour les ids de 16654191 à 16655190
bulk : {
  "took" : 78,
  "errors" :  ...
87: 16001 adresses traitées
adresse : bulk pour les ids de 16655191 à 16656190
bulk : {
  "took" : 96,
  "errors" :  ...
87: 17001 adresses traitées
adresse : bulk pour les ids de 16656191 à 16657190
bulk : {
  "took" : 78,
  "errors" :  ...
87: 18001 adresses traitées
adresse : bulk pour les ids de 16657191 à 16658190
bulk : {
  "took" : 108,
  "errors" : ...
87: 19001 adresses traitées
adresse : bulk pour les ids de 16658191 à 16659190
bulk : {
  "took" : 92,
  "errors" :  ...
87: 20001 adresses traitées
adresse : bulk pour les ids de 16659191 à 16660190
bulk : {
  "took" : 76,
  "errors" :  ...
87: 21001 adresses traitées
adresse : bulk pour les ids de 16660191 à 16661190
bulk : {
  "took" : 108,
  "errors" : ...
87: 22001 adresses traitées
adresse : bulk pour les ids de 16661191 à 16662190
bulk : {
  "took" : 76,
  "errors" :  ...
87: 23001 adresses traitées
adresse : bulk pour les ids de 16662191 à 16663190
bulk : {
  "took" : 99,
  "errors" :  ...
87: 24001 adresses traitées
adresse : bulk pour les ids de 16663191 à 16664190
bulk : {
  "took" : 82,
  "errors" :  ...
87: 25001 adresses traitées
adresse : bulk pour les ids de 16664191 à 16665190
bulk : {
  "took" : 94,
  "errors" :  ...
87: 26001 adresses traitées
adresse : bulk pour les ids de 16665191 à 16666190
bulk : {
  "took" : 75,
  "errors" :  ...
87: 27001 adresses traitées
adresse : bulk pour les ids de 16666191 à 16667190
bulk : {
  "took" : 102,
  "errors" : ...
87: 28001 adresses traitées
adresse : bulk pour les ids de 16667191 à 16668190
bulk : {
  "took" : 74,
  "errors" :  ...
87: 29001 adresses traitées
87: 30001 adresses traitées
adresse : bulk pour les ids de 16668191 à 16669190
bulk : {
  "took" : 79,
  "errors" :  ...
87: 31001 adresses traitées
adresse : bulk pour les ids de 16669191 à 16670190
bulk : {
  "took" : 103,
  "errors" : ...
87: 32001 adresses traitées
adresse : bulk pour les ids de 16670191 à 16671190
bulk : {
  "took" : 81,
  "errors" :  ...
87: 33001 adresses traitées
adresse : bulk pour les ids de 16671191 à 16672190
bulk : {
  "took" : 98,
  "errors" :  ...
87: 34001 adresses traitées
adresse : bulk pour les ids de 16672191 à 16673190
bulk : {
  "took" : 81,
  "errors" :  ...
87: 35001 adresses traitées
adresse : bulk pour les ids de 16673191 à 16674190
bulk : {
  "took" : 76,
  "errors" :  ...
87: 36001 adresses traitées
adresse : bulk pour les ids de 16674191 à 16675190
bulk : {
  "took" : 93,
  "errors" :  ...
87: 37001 adresses traitées
adresse : bulk pour les ids de 16675191 à 16676190
bulk : {
  "took" : 82,
  "errors" :  ...
87: 38001 adresses traitées
adresse : bulk pour les ids de 16676191 à 16677190
bulk : {
  "took" : 100,
  "errors" : ...
87: 39001 adresses traitées
adresse : bulk pour les ids de 16677191 à 16678190
bulk : {
  "took" : 90,
  "errors" :  ...
87: 40001 adresses traitées
adresse : bulk pour les ids de 16678191 à 16679190
bulk : {
  "took" : 82,
  "errors" :  ...
87: 41001 adresses traitées
adresse : bulk pour les ids de 16679191 à 16680190
bulk : {
  "took" : 89,
  "errors" :  ...
87: 42001 adresses traitées
adresse : bulk pour les ids de 16680191 à 16681190
bulk : {
  "took" : 83,
  "errors" :  ...
87: 43001 adresses traitées
adresse : bulk pour les ids de 16681191 à 16682190
bulk : {
  "took" : 87,
  "errors" :  ...
87: 44001 adresses traitées
adresse : bulk pour les ids de 16682191 à 16683190
bulk : {
  "took" : 73,
  "errors" :  ...
87: 45001 adresses traitées
adresse : bulk pour les ids de 16683191 à 16684190
bulk : {
  "took" : 111,
  "errors" : ...
87: 46001 adresses traitées
adresse : bulk pour les ids de 16684191 à 16685190
bulk : {
  "took" : 83,
  "errors" :  ...
87: 47001 adresses traitées
adresse : bulk pour les ids de 16685191 à 16686190
bulk : {
  "took" : 101,
  "errors" : ...
87: 48001 adresses traitées
adresse : bulk pour les ids de 16686191 à 16687190
bulk : {
  "took" : 88,
  "errors" :  ...
87: 49001 adresses traitées
adresse : bulk pour les ids de 16687191 à 16688190
bulk : {
  "took" : 85,
  "errors" :  ...
87: 50001 adresses traitées
adresse : bulk pour les ids de 16688191 à 16689190
bulk : {
  "took" : 84,
  "errors" :  ...
87: 51001 adresses traitées
adresse : bulk pour les ids de 16689191 à 16690190
bulk : {
  "took" : 86,
  "errors" :  ...
87: 52001 adresses traitées
87: 53001 adresses traitées
adresse : bulk pour les ids de 16690191 à 16691190
bulk : {
  "took" : 73,
  "errors" :  ...
87: 54001 adresses traitées
adresse : bulk pour les ids de 16691191 à 16692190
bulk : {
  "took" : 93,
  "errors" :  ...
87: 55001 adresses traitées
adresse : bulk pour les ids de 16692191 à 16693190
bulk : {
  "took" : 74,
  "errors" :  ...
87: 56001 adresses traitées
adresse : bulk pour les ids de 16693191 à 16694190
bulk : {
  "took" : 96,
  "errors" :  ...
87: 57001 adresses traitées
adresse : bulk pour les ids de 16694191 à 16695190
bulk : {
  "took" : 73,
  "errors" :  ...
87: 58001 adresses traitées
adresse : bulk pour les ids de 16695191 à 16696190
bulk : {
  "took" : 98,
  "errors" :  ...
87: 59001 adresses traitées
adresse : bulk pour les ids de 16696191 à 16697190
bulk : {
  "took" : 72,
  "errors" :  ...
87: 60001 adresses traitées
adresse : bulk pour les ids de 16697191 à 16698190
bulk : {
  "took" : 105,
  "errors" : ...
87: 61001 adresses traitées
adresse : bulk pour les ids de 16698191 à 16699190
bulk : {
  "took" : 73,
  "errors" :  ...
87: 62001 adresses traitées
adresse : bulk pour les ids de 16699191 à 16700190
bulk : {
  "took" : 101,
  "errors" : ...
87: 63001 adresses traitées
adresse : bulk pour les ids de 16700191 à 16701190
bulk : {
  "took" : 72,
  "errors" :  ...
87: 64001 adresses traitées
adresse : bulk pour les ids de 16701191 à 16702190
bulk : {
  "took" : 96,
  "errors" :  ...
87: 65001 adresses traitées
adresse : bulk pour les ids de 16702191 à 16703190
bulk : {
  "took" : 88,
  "errors" :  ...
87: 66001 adresses traitées
adresse : bulk pour les ids de 16703191 à 16704190
bulk : {
  "took" : 88,
  "errors" :  ...
87: 67001 adresses traitées
adresse : bulk pour les ids de 16704191 à 16705190
bulk : {
  "took" : 93,
  "errors" :  ...
87: 68001 adresses traitées
adresse : bulk pour les ids de 16705191 à 16706190
bulk : {
  "took" : 94,
  "errors" :  ...
87: 69001 adresses traitées
adresse : bulk pour les ids de 16706191 à 16707190
bulk : {
  "took" : 70,
  "errors" :  ...
87: 70001 adresses traitées
adresse : bulk pour les ids de 16707191 à 16708190
bulk : {
  "took" : 101,
  "errors" : ...
87: 71001 adresses traitées
adresse : bulk pour les ids de 16708191 à 16709190
bulk : {
  "took" : 74,
  "errors" :  ...
87: 72001 adresses traitées
adresse : bulk pour les ids de 16709191 à 16710190
bulk : {
  "took" : 97,
  "errors" :  ...
87: 73001 adresses traitées
adresse : bulk pour les ids de 16710191 à 16711190
bulk : {
  "took" : 72,
  "errors" :  ...
87: 74001 adresses traitées
adresse : bulk pour les ids de 16711191 à 16712190
bulk : {
  "took" : 97,
  "errors" :  ...
87: 75001 adresses traitées
adresse : bulk pour les ids de 16712191 à 16713190
bulk : {
  "took" : 73,
  "errors" :  ...
87: 76001 adresses traitées
adresse : bulk pour les ids de 16713191 à 16714190
bulk : {
  "took" : 106,
  "errors" : ...
87: 77001 adresses traitées
adresse : bulk pour les ids de 16714191 à 16715190
bulk : {
  "took" : 74,
  "errors" :  ...
87: 78001 adresses traitées
adresse : bulk pour les ids de 16715191 à 16716190
bulk : {
  "took" : 100,
  "errors" : ...
87: 79001 adresses traitées
adresse : bulk pour les ids de 16716191 à 16717190
bulk : {
  "took" : 72,
  "errors" :  ...
87: 80001 adresses traitées
adresse : bulk pour les ids de 16717191 à 16718190
bulk : {
  "took" : 105,
  "errors" : ...
87: 81001 adresses traitées
adresse : bulk pour les ids de 16718191 à 16719190
bulk : {
  "took" : 72,
  "errors" :  ...
87: 82001 adresses traitées
adresse : bulk pour les ids de 16719191 à 16720190
bulk : {
  "took" : 99,
  "errors" :  ...
87: 83001 adresses traitées
87: 84001 adresses traitées
adresse : bulk pour les ids de 16720191 à 16721190
bulk : {
  "took" : 73,
  "errors" :  ...
87: 85001 adresses traitées
adresse : bulk pour les ids de 16721191 à 16722190
bulk : {
  "took" : 100,
  "errors" : ...
87: 86001 adresses traitées
adresse : bulk pour les ids de 16722191 à 16723190
bulk : {
  "took" : 95,
  "errors" :  ...
87: 87001 adresses traitées
adresse : bulk pour les ids de 16723191 à 16724190
bulk : {
  "took" : 86,
  "errors" :  ...
87: 88001 adresses traitées
adresse : bulk pour les ids de 16724191 à 16725190
bulk : {
  "took" : 90,
  "errors" :  ...
87: 89001 adresses traitées
adresse : bulk pour les ids de 16725191 à 16726190
bulk : {
  "took" : 85,
  "errors" :  ...
87: 90001 adresses traitées
adresse : bulk pour les ids de 16726191 à 16727190
bulk : {
  "took" : 74,
  "errors" :  ...
87: 91001 adresses traitées
87: 92001 adresses traitées
adresse : bulk pour les ids de 16727191 à 16728190
bulk : {
  "took" : 104,
  "errors" : ...
87: 93001 adresses traitées
adresse : bulk pour les ids de 16728191 à 16729190
bulk : {
  "took" : 77,
  "errors" :  ...
87: 94001 adresses traitées
adresse : bulk pour les ids de 16729191 à 16730190
bulk : {
  "took" : 110,
  "errors" : ...
87: 95001 adresses traitées
adresse : bulk pour les ids de 16730191 à 16731190
bulk : {
  "took" : 75,
  "errors" :  ...
87: 96001 adresses traitées
87: 97001 adresses traitées
adresse : bulk pour les ids de 16731191 à 16732190
bulk : {
  "took" : 108,
  "errors" : ...
87: 98001 adresses traitées
adresse : bulk pour les ids de 16732191 à 16733190
bulk : {
  "took" : 94,
  "errors" :  ...
87: 99001 adresses traitées
adresse : bulk pour les ids de 16733191 à 16734190
bulk : {
  "took" : 88,
  "errors" :  ...
87: 100001 adresses traitées
adresse : bulk pour les ids de 16734191 à 16735190
bulk : {
  "took" : 81,
  "errors" :  ...
87: 101001 adresses traitées
adresse : bulk pour les ids de 16735191 à 16736190
bulk : {
  "took" : 96,
  "errors" :  ...
87: 102001 adresses traitées
87: 103001 adresses traitées
adresse : bulk pour les ids de 16736191 à 16737190
bulk : {
  "took" : 90,
  "errors" :  ...
87: 104001 adresses traitées
adresse : bulk pour les ids de 16737191 à 16738190
bulk : {
  "took" : 83,
  "errors" :  ...
87: 105001 adresses traitées
adresse : bulk pour les ids de 16738191 à 16739190
bulk : {
  "took" : 87,
  "errors" :  ...
87: 106001 adresses traitées
adresse : bulk pour les ids de 16739191 à 16740190
bulk : {
  "took" : 98,
  "errors" :  ...
87: 107001 adresses traitées
adresse : bulk pour les ids de 16740191 à 16741190
bulk : {
  "took" : 78,
  "errors" :  ...
87: 108001 adresses traitées
adresse : bulk pour les ids de 16741191 à 16742190
bulk : {
  "took" : 96,
  "errors" :  ...
87: 109001 adresses traitées
adresse : bulk pour les ids de 16742191 à 16743190
bulk : {
  "took" : 77,
  "errors" :  ...
87: 110001 adresses traitées
adresse : bulk pour les ids de 16743191 à 16744190
bulk : {
  "took" : 102,
  "errors" : ...
87: 111001 adresses traitées
adresse : bulk pour les ids de 16744191 à 16745190
bulk : {
  "took" : 78,
  "errors" :  ...
87: 112001 adresses traitées
87: 113001 adresses traitées
adresse : bulk pour les ids de 16745191 à 16746190
bulk : {
  "took" : 84,
  "errors" :  ...
87: 114001 adresses traitées
adresse : bulk pour les ids de 16746191 à 16747190
bulk : {
  "took" : 88,
  "errors" :  ...
87: 115001 adresses traitées
adresse : bulk pour les ids de 16747191 à 16748190
bulk : {
  "took" : 82,
  "errors" :  ...
87: 116001 adresses traitées
adresse : bulk pour les ids de 16748191 à 16749190
bulk : {
  "took" : 90,
  "errors" :  ...
87: 117001 adresses traitées
adresse : bulk pour les ids de 16749191 à 16750190
bulk : {
  "took" : 83,
  "errors" :  ...
adresse : bulk pour les ids de 16750191 à 16750721
bulk : {
  "took" : 60,
  "errors" :  ...
dpt 88 : voies
88: 1 voies traitées
voie : bulk pour les ids de 1209450 à 1209649
bulk : {
  "took" : 12,
  "errors" :  ...
88: 201 voies traitées
voie : bulk pour les ids de 1209650 à 1209849
bulk : {
  "took" : 11,
  "errors" :  ...
88: 401 voies traitées
voie : bulk pour les ids de 1209850 à 1210049
bulk : {
  "took" : 11,
  "errors" :  ...
88: 601 voies traitées
voie : bulk pour les ids de 1210050 à 1210249
bulk : {
  "took" : 27,
  "errors" :  ...
88: 801 voies traitées
voie : bulk pour les ids de 1210250 à 1210449
bulk : {
  "took" : 12,
  "errors" :  ...
88: 1001 voies traitées
voie : bulk pour les ids de 1210450 à 1210649
bulk : {
  "took" : 12,
  "errors" :  ...
88: 1201 voies traitées
voie : bulk pour les ids de 1210650 à 1210849
bulk : {
  "took" : 13,
  "errors" :  ...
88: 1401 voies traitées
voie : bulk pour les ids de 1210850 à 1211049
bulk : {
  "took" : 12,
  "errors" :  ...
88: 1601 voies traitées
voie : bulk pour les ids de 1211050 à 1211249
bulk : {
  "took" : 13,
  "errors" :  ...
88: 1801 voies traitées
voie : bulk pour les ids de 1211250 à 1211449
bulk : {
  "took" : 13,
  "errors" :  ...
88: 2001 voies traitées
voie : bulk pour les ids de 1211450 à 1211649
bulk : {
  "took" : 12,
  "errors" :  ...
88: 2201 voies traitées
voie : bulk pour les ids de 1211650 à 1211849
bulk : {
  "took" : 12,
  "errors" :  ...
88: 2401 voies traitées
voie : bulk pour les ids de 1211850 à 1212049
bulk : {
  "took" : 12,
  "errors" :  ...
88: 2601 voies traitées
voie : bulk pour les ids de 1212050 à 1212249
bulk : {
  "took" : 12,
  "errors" :  ...
88: 2801 voies traitées
voie : bulk pour les ids de 1212250 à 1212449
bulk : {
  "took" : 26,
  "errors" :  ...
88: 3001 voies traitées
voie : bulk pour les ids de 1212450 à 1212649
bulk : {
  "took" : 13,
  "errors" :  ...
88: 3201 voies traitées
voie : bulk pour les ids de 1212650 à 1212849
bulk : {
  "took" : 11,
  "errors" :  ...
88: 3401 voies traitées
voie : bulk pour les ids de 1212850 à 1213049
bulk : {
  "took" : 12,
  "errors" :  ...
88: 3601 voies traitées
voie : bulk pour les ids de 1213050 à 1213249
bulk : {
  "took" : 12,
  "errors" :  ...
88: 3801 voies traitées
voie : bulk pour les ids de 1213250 à 1213449
bulk : {
  "took" : 12,
  "errors" :  ...
88: 4001 voies traitées
voie : bulk pour les ids de 1213450 à 1213649
bulk : {
  "took" : 11,
  "errors" :  ...
88: 4201 voies traitées
voie : bulk pour les ids de 1213650 à 1213849
bulk : {
  "took" : 12,
  "errors" :  ...
88: 4401 voies traitées
voie : bulk pour les ids de 1213850 à 1214049
bulk : {
  "took" : 12,
  "errors" :  ...
88: 4601 voies traitées
voie : bulk pour les ids de 1214050 à 1214249
bulk : {
  "took" : 11,
  "errors" :  ...
88: 4801 voies traitées
voie : bulk pour les ids de 1214250 à 1214449
bulk : {
  "took" : 39,
  "errors" :  ...
88: 5001 voies traitées
voie : bulk pour les ids de 1214450 à 1214649
bulk : {
  "took" : 12,
  "errors" :  ...
88: 5201 voies traitées
voie : bulk pour les ids de 1214650 à 1214849
bulk : {
  "took" : 12,
  "errors" :  ...
88: 5401 voies traitées
voie : bulk pour les ids de 1214850 à 1215049
bulk : {
  "took" : 11,
  "errors" :  ...
88: 5601 voies traitées
voie : bulk pour les ids de 1215050 à 1215249
bulk : {
  "took" : 11,
  "errors" :  ...
88: 5801 voies traitées
voie : bulk pour les ids de 1215250 à 1215449
bulk : {
  "took" : 12,
  "errors" :  ...
88: 6001 voies traitées
voie : bulk pour les ids de 1215450 à 1215649
bulk : {
  "took" : 12,
  "errors" :  ...
88: 6201 voies traitées
voie : bulk pour les ids de 1215650 à 1215849
bulk : {
  "took" : 11,
  "errors" :  ...
88: 6401 voies traitées
voie : bulk pour les ids de 1215850 à 1216049
bulk : {
  "took" : 12,
  "errors" :  ...
88: 6601 voies traitées
voie : bulk pour les ids de 1216050 à 1216249
bulk : {
  "took" : 11,
  "errors" :  ...
88: 6801 voies traitées
voie : bulk pour les ids de 1216250 à 1216449
bulk : {
  "took" : 12,
  "errors" :  ...
88: 7001 voies traitées
voie : bulk pour les ids de 1216450 à 1216649
bulk : {
  "took" : 35,
  "errors" :  ...
88: 7201 voies traitées
voie : bulk pour les ids de 1216650 à 1216849
bulk : {
  "took" : 12,
  "errors" :  ...
88: 7401 voies traitées
voie : bulk pour les ids de 1216850 à 1217049
bulk : {
  "took" : 12,
  "errors" :  ...
88: 7601 voies traitées
voie : bulk pour les ids de 1217050 à 1217249
bulk : {
  "took" : 12,
  "errors" :  ...
88: 7801 voies traitées
voie : bulk pour les ids de 1217250 à 1217449
bulk : {
  "took" : 12,
  "errors" :  ...
88: 8001 voies traitées
voie : bulk pour les ids de 1217450 à 1217649
bulk : {
  "took" : 12,
  "errors" :  ...
88: 8201 voies traitées
voie : bulk pour les ids de 1217650 à 1217849
bulk : {
  "took" : 12,
  "errors" :  ...
88: 8401 voies traitées
voie : bulk pour les ids de 1217850 à 1218049
bulk : {
  "took" : 12,
  "errors" :  ...
88: 8601 voies traitées
voie : bulk pour les ids de 1218050 à 1218249
bulk : {
  "took" : 13,
  "errors" :  ...
88: 8801 voies traitées
voie : bulk pour les ids de 1218250 à 1218449
bulk : {
  "took" : 13,
  "errors" :  ...
88: 9001 voies traitées
voie : bulk pour les ids de 1218450 à 1218649
bulk : {
  "took" : 31,
  "errors" :  ...
88: 9201 voies traitées
voie : bulk pour les ids de 1218650 à 1218849
bulk : {
  "took" : 12,
  "errors" :  ...
88: 9401 voies traitées
voie : bulk pour les ids de 1218850 à 1219049
bulk : {
  "took" : 12,
  "errors" :  ...
88: 9601 voies traitées
voie : bulk pour les ids de 1219050 à 1219249
bulk : {
  "took" : 12,
  "errors" :  ...
88: 9801 voies traitées
voie : bulk pour les ids de 1219250 à 1219449
bulk : {
  "took" : 12,
  "errors" :  ...
88: 10001 voies traitées
voie : bulk pour les ids de 1219450 à 1219649
bulk : {
  "took" : 12,
  "errors" :  ...
88: 10201 voies traitées
voie : bulk pour les ids de 1219650 à 1219849
bulk : {
  "took" : 13,
  "errors" :  ...
88: 10401 voies traitées
voie : bulk pour les ids de 1219850 à 1220049
bulk : {
  "took" : 12,
  "errors" :  ...
88: 10601 voies traitées
voie : bulk pour les ids de 1220050 à 1220249
bulk : {
  "took" : 12,
  "errors" :  ...
88: 10801 voies traitées
voie : bulk pour les ids de 1220250 à 1220449
bulk : {
  "took" : 11,
  "errors" :  ...
88: 11001 voies traitées
voie : bulk pour les ids de 1220450 à 1220649
bulk : {
  "took" : 30,
  "errors" :  ...
88: 11201 voies traitées
voie : bulk pour les ids de 1220650 à 1220849
bulk : {
  "took" : 12,
  "errors" :  ...
88: 11401 voies traitées
voie : bulk pour les ids de 1220850 à 1221049
bulk : {
  "took" : 12,
  "errors" :  ...
88: 11601 voies traitées
voie : bulk pour les ids de 1221050 à 1221249
bulk : {
  "took" : 12,
  "errors" :  ...
88: 11801 voies traitées
voie : bulk pour les ids de 1221250 à 1221449
bulk : {
  "took" : 12,
  "errors" :  ...
88: 12001 voies traitées
voie : bulk pour les ids de 1221450 à 1221477
bulk : {
  "took" : 2,
  "errors" : f ...
dpt 88 : adresses
88: 1 adresses traitées
adresse : bulk pour les ids de 16750722 à 16751721
bulk : {
  "took" : 99,
  "errors" :  ...
88: 1001 adresses traitées
88: 2001 adresses traitées
adresse : bulk pour les ids de 16751722 à 16752721
bulk : {
  "took" : 70,
  "errors" :  ...
88: 3001 adresses traitées
adresse : bulk pour les ids de 16752722 à 16753721
bulk : {
  "took" : 89,
  "errors" :  ...
88: 4001 adresses traitées
adresse : bulk pour les ids de 16753722 à 16754721
bulk : {
  "took" : 72,
  "errors" :  ...
88: 5001 adresses traitées
adresse : bulk pour les ids de 16754722 à 16755721
bulk : {
  "took" : 92,
  "errors" :  ...
88: 6001 adresses traitées
adresse : bulk pour les ids de 16755722 à 16756721
bulk : {
  "took" : 82,
  "errors" :  ...
88: 7001 adresses traitées
adresse : bulk pour les ids de 16756722 à 16757721
bulk : {
  "took" : 76,
  "errors" :  ...
88: 8001 adresses traitées
adresse : bulk pour les ids de 16757722 à 16758721
bulk : {
  "took" : 84,
  "errors" :  ...
88: 9001 adresses traitées
adresse : bulk pour les ids de 16758722 à 16759721
bulk : {
  "took" : 89,
  "errors" :  ...
88: 10001 adresses traitées
adresse : bulk pour les ids de 16759722 à 16760721
bulk : {
  "took" : 78,
  "errors" :  ...
88: 11001 adresses traitées
adresse : bulk pour les ids de 16760722 à 16761721
bulk : {
  "took" : 91,
  "errors" :  ...
88: 12001 adresses traitées
adresse : bulk pour les ids de 16761722 à 16762721
bulk : {
  "took" : 87,
  "errors" :  ...
88: 13001 adresses traitées
adresse : bulk pour les ids de 16762722 à 16763721
bulk : {
  "took" : 78,
  "errors" :  ...
88: 14001 adresses traitées
adresse : bulk pour les ids de 16763722 à 16764721
bulk : {
  "took" : 93,
  "errors" :  ...
88: 15001 adresses traitées
adresse : bulk pour les ids de 16764722 à 16765721
bulk : {
  "took" : 75,
  "errors" :  ...
88: 16001 adresses traitées
adresse : bulk pour les ids de 16765722 à 16766721
bulk : {
  "took" : 97,
  "errors" :  ...
88: 17001 adresses traitées
adresse : bulk pour les ids de 16766722 à 16767721
bulk : {
  "took" : 76,
  "errors" :  ...
88: 18001 adresses traitées
adresse : bulk pour les ids de 16767722 à 16768721
bulk : {
  "took" : 93,
  "errors" :  ...
88: 19001 adresses traitées
adresse : bulk pour les ids de 16768722 à 16769721
bulk : {
  "took" : 94,
  "errors" :  ...
88: 20001 adresses traitées
adresse : bulk pour les ids de 16769722 à 16770721
bulk : {
  "took" : 81,
  "errors" :  ...
88: 21001 adresses traitées
adresse : bulk pour les ids de 16770722 à 16771721
bulk : {
  "took" : 86,
  "errors" :  ...
88: 22001 adresses traitées
adresse : bulk pour les ids de 16771722 à 16772721
bulk : {
  "took" : 90,
  "errors" :  ...
88: 23001 adresses traitées
adresse : bulk pour les ids de 16772722 à 16773721
bulk : {
  "took" : 67,
  "errors" :  ...
88: 24001 adresses traitées
adresse : bulk pour les ids de 16773722 à 16774721
bulk : {
  "took" : 99,
  "errors" :  ...
88: 25001 adresses traitées
adresse : bulk pour les ids de 16774722 à 16775721
bulk : {
  "took" : 75,
  "errors" :  ...
88: 26001 adresses traitées
adresse : bulk pour les ids de 16775722 à 16776721
bulk : {
  "took" : 76,
  "errors" :  ...
88: 27001 adresses traitées
adresse : bulk pour les ids de 16776722 à 16777721
bulk : {
  "took" : 88,
  "errors" :  ...
88: 28001 adresses traitées
adresse : bulk pour les ids de 16777722 à 16778721
bulk : {
  "took" : 77,
  "errors" :  ...
88: 29001 adresses traitées
adresse : bulk pour les ids de 16778722 à 16779721
bulk : {
  "took" : 84,
  "errors" :  ...
88: 30001 adresses traitées
adresse : bulk pour les ids de 16779722 à 16780721
bulk : {
  "took" : 91,
  "errors" :  ...
88: 31001 adresses traitées
adresse : bulk pour les ids de 16780722 à 16781721
bulk : {
  "took" : 77,
  "errors" :  ...
88: 32001 adresses traitées
adresse : bulk pour les ids de 16781722 à 16782721
bulk : {
  "took" : 96,
  "errors" :  ...
88: 33001 adresses traitées
88: 34001 adresses traitées
adresse : bulk pour les ids de 16782722 à 16783721
bulk : {
  "took" : 82,
  "errors" :  ...
88: 35001 adresses traitées
adresse : bulk pour les ids de 16783722 à 16784721
bulk : {
  "took" : 87,
  "errors" :  ...
88: 36001 adresses traitées
adresse : bulk pour les ids de 16784722 à 16785721
bulk : {
  "took" : 101,
  "errors" : ...
88: 37001 adresses traitées
adresse : bulk pour les ids de 16785722 à 16786721
bulk : {
  "took" : 1405,
  "errors"  ...
88: 38001 adresses traitées
adresse : bulk pour les ids de 16786722 à 16787721
bulk : {
  "took" : 80,
  "errors" :  ...
88: 39001 adresses traitées
adresse : bulk pour les ids de 16787722 à 16788721
bulk : {
  "took" : 86,
  "errors" :  ...
88: 40001 adresses traitées
adresse : bulk pour les ids de 16788722 à 16789721
bulk : {
  "took" : 84,
  "errors" :  ...
88: 41001 adresses traitées
adresse : bulk pour les ids de 16789722 à 16790721
bulk : {
  "took" : 87,
  "errors" :  ...
88: 42001 adresses traitées
adresse : bulk pour les ids de 16790722 à 16791721
bulk : {
  "took" : 94,
  "errors" :  ...
88: 43001 adresses traitées
adresse : bulk pour les ids de 16791722 à 16792721
bulk : {
  "took" : 95,
  "errors" :  ...
88: 44001 adresses traitées
adresse : bulk pour les ids de 16792722 à 16793721
bulk : {
  "took" : 91,
  "errors" :  ...
88: 45001 adresses traitées
adresse : bulk pour les ids de 16793722 à 16794721
bulk : {
  "took" : 73,
  "errors" :  ...
88: 46001 adresses traitées
adresse : bulk pour les ids de 16794722 à 16795721
bulk : {
  "took" : 90,
  "errors" :  ...
88: 47001 adresses traitées
adresse : bulk pour les ids de 16795722 à 16796721
bulk : {
  "took" : 76,
  "errors" :  ...
88: 48001 adresses traitées
adresse : bulk pour les ids de 16796722 à 16797721
bulk : {
  "took" : 79,
  "errors" :  ...
88: 49001 adresses traitées
adresse : bulk pour les ids de 16797722 à 16798721
bulk : {
  "took" : 104,
  "errors" : ...
88: 50001 adresses traitées
adresse : bulk pour les ids de 16798722 à 16799721
bulk : {
  "took" : 69,
  "errors" :  ...
88: 51001 adresses traitées
adresse : bulk pour les ids de 16799722 à 16800721
bulk : {
  "took" : 97,
  "errors" :  ...
88: 52001 adresses traitées
adresse : bulk pour les ids de 16800722 à 16801721
bulk : {
  "took" : 87,
  "errors" :  ...
88: 53001 adresses traitées
adresse : bulk pour les ids de 16801722 à 16802721
bulk : {
  "took" : 93,
  "errors" :  ...
88: 54001 adresses traitées
adresse : bulk pour les ids de 16802722 à 16803721
bulk : {
  "took" : 71,
  "errors" :  ...
88: 55001 adresses traitées
adresse : bulk pour les ids de 16803722 à 16804721
bulk : {
  "took" : 90,
  "errors" :  ...
88: 56001 adresses traitées
adresse : bulk pour les ids de 16804722 à 16805721
bulk : {
  "took" : 69,
  "errors" :  ...
88: 57001 adresses traitées
adresse : bulk pour les ids de 16805722 à 16806721
bulk : {
  "took" : 90,
  "errors" :  ...
88: 58001 adresses traitées
adresse : bulk pour les ids de 16806722 à 16807721
bulk : {
  "took" : 95,
  "errors" :  ...
88: 59001 adresses traitées
adresse : bulk pour les ids de 16807722 à 16808721
bulk : {
  "took" : 69,
  "errors" :  ...
88: 60001 adresses traitées
adresse : bulk pour les ids de 16808722 à 16809721
bulk : {
  "took" : 100,
  "errors" : ...
88: 61001 adresses traitées
adresse : bulk pour les ids de 16809722 à 16810721
bulk : {
  "took" : 67,
  "errors" :  ...
88: 62001 adresses traitées
adresse : bulk pour les ids de 16810722 à 16811721
bulk : {
  "took" : 96,
  "errors" :  ...
88: 63001 adresses traitées
adresse : bulk pour les ids de 16811722 à 16812721
bulk : {
  "took" : 81,
  "errors" :  ...
88: 64001 adresses traitées
adresse : bulk pour les ids de 16812722 à 16813721
bulk : {
  "took" : 98,
  "errors" :  ...
88: 65001 adresses traitées
adresse : bulk pour les ids de 16813722 à 16814721
bulk : {
  "took" : 83,
  "errors" :  ...
88: 66001 adresses traitées
adresse : bulk pour les ids de 16814722 à 16815721
bulk : {
  "took" : 105,
  "errors" : ...
88: 67001 adresses traitées
adresse : bulk pour les ids de 16815722 à 16816721
bulk : {
  "took" : 91,
  "errors" :  ...
88: 68001 adresses traitées
adresse : bulk pour les ids de 16816722 à 16817721
bulk : {
  "took" : 100,
  "errors" : ...
88: 69001 adresses traitées
adresse : bulk pour les ids de 16817722 à 16818721
bulk : {
  "took" : 92,
  "errors" :  ...
88: 70001 adresses traitées
adresse : bulk pour les ids de 16818722 à 16819721
bulk : {
  "took" : 96,
  "errors" :  ...
88: 71001 adresses traitées
adresse : bulk pour les ids de 16819722 à 16820721
bulk : {
  "took" : 75,
  "errors" :  ...
88: 72001 adresses traitées
adresse : bulk pour les ids de 16820722 à 16821721
bulk : {
  "took" : 104,
  "errors" : ...
88: 73001 adresses traitées
adresse : bulk pour les ids de 16821722 à 16822721
bulk : {
  "took" : 103,
  "errors" : ...
88: 74001 adresses traitées
adresse : bulk pour les ids de 16822722 à 16823721
bulk : {
  "took" : 81,
  "errors" :  ...
88: 75001 adresses traitées
adresse : bulk pour les ids de 16823722 à 16824721
bulk : {
  "took" : 104,
  "errors" : ...
88: 76001 adresses traitées
adresse : bulk pour les ids de 16824722 à 16825721
bulk : {
  "took" : 77,
  "errors" :  ...
88: 77001 adresses traitées
adresse : bulk pour les ids de 16825722 à 16826721
bulk : {
  "took" : 102,
  "errors" : ...
88: 78001 adresses traitées
adresse : bulk pour les ids de 16826722 à 16827721
bulk : {
  "took" : 93,
  "errors" :  ...
88: 79001 adresses traitées
88: 80001 adresses traitées
adresse : bulk pour les ids de 16827722 à 16828721
bulk : {
  "took" : 82,
  "errors" :  ...
88: 81001 adresses traitées
adresse : bulk pour les ids de 16828722 à 16829721
bulk : {
  "took" : 90,
  "errors" :  ...
88: 82001 adresses traitées
adresse : bulk pour les ids de 16829722 à 16830721
bulk : {
  "took" : 82,
  "errors" :  ...
88: 83001 adresses traitées
adresse : bulk pour les ids de 16830722 à 16831721
bulk : {
  "took" : 94,
  "errors" :  ...
88: 84001 adresses traitées
adresse : bulk pour les ids de 16831722 à 16832721
bulk : {
  "took" : 80,
  "errors" :  ...
88: 85001 adresses traitées
adresse : bulk pour les ids de 16832722 à 16833721
bulk : {
  "took" : 103,
  "errors" : ...
88: 86001 adresses traitées
adresse : bulk pour les ids de 16833722 à 16834721
bulk : {
  "took" : 94,
  "errors" :  ...
88: 87001 adresses traitées
adresse : bulk pour les ids de 16834722 à 16835721
bulk : {
  "took" : 91,
  "errors" :  ...
88: 88001 adresses traitées
adresse : bulk pour les ids de 16835722 à 16836721
bulk : {
  "took" : 89,
  "errors" :  ...
88: 89001 adresses traitées
adresse : bulk pour les ids de 16836722 à 16837721
bulk : {
  "took" : 84,
  "errors" :  ...
88: 90001 adresses traitées
adresse : bulk pour les ids de 16837722 à 16838721
bulk : {
  "took" : 91,
  "errors" :  ...
88: 91001 adresses traitées
adresse : bulk pour les ids de 16838722 à 16839721
bulk : {
  "took" : 81,
  "errors" :  ...
88: 92001 adresses traitées
adresse : bulk pour les ids de 16839722 à 16840721
bulk : {
  "took" : 92,
  "errors" :  ...
88: 93001 adresses traitées
adresse : bulk pour les ids de 16840722 à 16841721
bulk : {
  "took" : 95,
  "errors" :  ...
88: 94001 adresses traitées
adresse : bulk pour les ids de 16841722 à 16842721
bulk : {
  "took" : 72,
  "errors" :  ...
88: 95001 adresses traitées
adresse : bulk pour les ids de 16842722 à 16843721
bulk : {
  "took" : 100,
  "errors" : ...
88: 96001 adresses traitées
adresse : bulk pour les ids de 16843722 à 16844721
bulk : {
  "took" : 74,
  "errors" :  ...
88: 97001 adresses traitées
adresse : bulk pour les ids de 16844722 à 16845721
bulk : {
  "took" : 98,
  "errors" :  ...
88: 98001 adresses traitées
adresse : bulk pour les ids de 16845722 à 16846721
bulk : {
  "took" : 87,
  "errors" :  ...
88: 99001 adresses traitées
adresse : bulk pour les ids de 16846722 à 16847721
bulk : {
  "took" : 82,
  "errors" :  ...
88: 100001 adresses traitées
adresse : bulk pour les ids de 16847722 à 16848721
bulk : {
  "took" : 95,
  "errors" :  ...
88: 101001 adresses traitées
adresse : bulk pour les ids de 16848722 à 16849721
bulk : {
  "took" : 83,
  "errors" :  ...
88: 102001 adresses traitées
adresse : bulk pour les ids de 16849722 à 16850721
bulk : {
  "took" : 95,
  "errors" :  ...
88: 103001 adresses traitées
adresse : bulk pour les ids de 16850722 à 16851721
bulk : {
  "took" : 84,
  "errors" :  ...
88: 104001 adresses traitées
adresse : bulk pour les ids de 16851722 à 16852721
bulk : {
  "took" : 111,
  "errors" : ...
88: 105001 adresses traitées
adresse : bulk pour les ids de 16852722 à 16853721
bulk : {
  "took" : 93,
  "errors" :  ...
88: 106001 adresses traitées
adresse : bulk pour les ids de 16853722 à 16854721
bulk : {
  "took" : 97,
  "errors" :  ...
88: 107001 adresses traitées
adresse : bulk pour les ids de 16854722 à 16855721
bulk : {
  "took" : 72,
  "errors" :  ...
88: 108001 adresses traitées
adresse : bulk pour les ids de 16855722 à 16856721
bulk : {
  "took" : 107,
  "errors" : ...
88: 109001 adresses traitées
adresse : bulk pour les ids de 16856722 à 16857721
bulk : {
  "took" : 76,
  "errors" :  ...
88: 110001 adresses traitées
adresse : bulk pour les ids de 16857722 à 16858721
bulk : {
  "took" : 101,
  "errors" : ...
88: 111001 adresses traitées
adresse : bulk pour les ids de 16858722 à 16859721
bulk : {
  "took" : 92,
  "errors" :  ...
88: 112001 adresses traitées
adresse : bulk pour les ids de 16859722 à 16860721
bulk : {
  "took" : 81,
  "errors" :  ...
88: 113001 adresses traitées
adresse : bulk pour les ids de 16860722 à 16861721
bulk : {
  "took" : 92,
  "errors" :  ...
88: 114001 adresses traitées
adresse : bulk pour les ids de 16861722 à 16862721
bulk : {
  "took" : 81,
  "errors" :  ...
88: 115001 adresses traitées
adresse : bulk pour les ids de 16862722 à 16863721
bulk : {
  "took" : 88,
  "errors" :  ...
88: 116001 adresses traitées
adresse : bulk pour les ids de 16863722 à 16864721
bulk : {
  "took" : 91,
  "errors" :  ...
88: 117001 adresses traitées
adresse : bulk pour les ids de 16864722 à 16865721
bulk : {
  "took" : 82,
  "errors" :  ...
88: 118001 adresses traitées
adresse : bulk pour les ids de 16865722 à 16866721
bulk : {
  "took" : 93,
  "errors" :  ...
88: 119001 adresses traitées
adresse : bulk pour les ids de 16866722 à 16867721
bulk : {
  "took" : 88,
  "errors" :  ...
88: 120001 adresses traitées
adresse : bulk pour les ids de 16867722 à 16868721
bulk : {
  "took" : 93,
  "errors" :  ...
88: 121001 adresses traitées
adresse : bulk pour les ids de 16868722 à 16869721
bulk : {
  "took" : 110,
  "errors" : ...
88: 122001 adresses traitées
adresse : bulk pour les ids de 16869722 à 16870721
bulk : {
  "took" : 83,
  "errors" :  ...
88: 123001 adresses traitées
adresse : bulk pour les ids de 16870722 à 16871721
bulk : {
  "took" : 81,
  "errors" :  ...
88: 124001 adresses traitées
88: 125001 adresses traitées
adresse : bulk pour les ids de 16871722 à 16872721
bulk : {
  "took" : 93,
  "errors" :  ...
88: 126001 adresses traitées
adresse : bulk pour les ids de 16872722 à 16873721
bulk : {
  "took" : 83,
  "errors" :  ...
88: 127001 adresses traitées
adresse : bulk pour les ids de 16873722 à 16874721
bulk : {
  "took" : 91,
  "errors" :  ...
88: 128001 adresses traitées
adresse : bulk pour les ids de 16874722 à 16875721
bulk : {
  "took" : 95,
  "errors" :  ...
88: 129001 adresses traitées
adresse : bulk pour les ids de 16875722 à 16876721
bulk : {
  "took" : 75,
  "errors" :  ...
88: 130001 adresses traitées
adresse : bulk pour les ids de 16876722 à 16877721
bulk : {
  "took" : 96,
  "errors" :  ...
88: 131001 adresses traitées
adresse : bulk pour les ids de 16877722 à 16878721
bulk : {
  "took" : 76,
  "errors" :  ...
88: 132001 adresses traitées
adresse : bulk pour les ids de 16878722 à 16879721
bulk : {
  "took" : 504,
  "errors" : ...
88: 133001 adresses traitées
adresse : bulk pour les ids de 16879722 à 16880721
bulk : {
  "took" : 78,
  "errors" :  ...
88: 134001 adresses traitées
adresse : bulk pour les ids de 16880722 à 16881721
bulk : {
  "took" : 100,
  "errors" : ...
88: 135001 adresses traitées
adresse : bulk pour les ids de 16881722 à 16882721
bulk : {
  "took" : 94,
  "errors" :  ...
88: 136001 adresses traitées
adresse : bulk pour les ids de 16882722 à 16883721
bulk : {
  "took" : 82,
  "errors" :  ...
88: 137001 adresses traitées
adresse : bulk pour les ids de 16883722 à 16884721
bulk : {
  "took" : 97,
  "errors" :  ...
88: 138001 adresses traitées
adresse : bulk pour les ids de 16884722 à 16885721
bulk : {
  "took" : 81,
  "errors" :  ...
88: 139001 adresses traitées
adresse : bulk pour les ids de 16885722 à 16886721
bulk : {
  "took" : 88,
  "errors" :  ...
88: 140001 adresses traitées
adresse : bulk pour les ids de 16886722 à 16887721
bulk : {
  "took" : 92,
  "errors" :  ...
88: 141001 adresses traitées
adresse : bulk pour les ids de 16887722 à 16888721
bulk : {
  "took" : 81,
  "errors" :  ...
88: 142001 adresses traitées
adresse : bulk pour les ids de 16888722 à 16889721
bulk : {
  "took" : 87,
  "errors" :  ...
88: 143001 adresses traitées
adresse : bulk pour les ids de 16889722 à 16890721
bulk : {
  "took" : 93,
  "errors" :  ...
88: 144001 adresses traitées
adresse : bulk pour les ids de 16890722 à 16891721
bulk : {
  "took" : 75,
  "errors" :  ...
88: 145001 adresses traitées
adresse : bulk pour les ids de 16891722 à 16892721
bulk : {
  "took" : 97,
  "errors" :  ...
88: 146001 adresses traitées
adresse : bulk pour les ids de 16892722 à 16893721
bulk : {
  "took" : 74,
  "errors" :  ...
88: 147001 adresses traitées
adresse : bulk pour les ids de 16893722 à 16894721
bulk : {
  "took" : 92,
  "errors" :  ...
88: 148001 adresses traitées
adresse : bulk pour les ids de 16894722 à 16895721
bulk : {
  "took" : 76,
  "errors" :  ...
88: 149001 adresses traitées
adresse : bulk pour les ids de 16895722 à 16896721
bulk : {
  "took" : 74,
  "errors" :  ...
88: 150001 adresses traitées
adresse : bulk pour les ids de 16896722 à 16897721
bulk : {
  "took" : 93,
  "errors" :  ...
88: 151001 adresses traitées
adresse : bulk pour les ids de 16897722 à 16898721
bulk : {
  "took" : 76,
  "errors" :  ...
88: 152001 adresses traitées
adresse : bulk pour les ids de 16898722 à 16899721
bulk : {
  "took" : 93,
  "errors" :  ...
88: 153001 adresses traitées
adresse : bulk pour les ids de 16899722 à 16900721
bulk : {
  "took" : 75,
  "errors" :  ...
88: 154001 adresses traitées
adresse : bulk pour les ids de 16900722 à 16901721
bulk : {
  "took" : 79,
  "errors" :  ...
88: 155001 adresses traitées
adresse : bulk pour les ids de 16901722 à 16902721
bulk : {
  "took" : 75,
  "errors" :  ...
88: 156001 adresses traitées
adresse : bulk pour les ids de 16902722 à 16903721
bulk : {
  "took" : 94,
  "errors" :  ...
88: 157001 adresses traitées
adresse : bulk pour les ids de 16903722 à 16904721
bulk : {
  "took" : 77,
  "errors" :  ...
88: 158001 adresses traitées
adresse : bulk pour les ids de 16904722 à 16905721
bulk : {
  "took" : 91,
  "errors" :  ...
88: 159001 adresses traitées
adresse : bulk pour les ids de 16905722 à 16906721
bulk : {
  "took" : 74,
  "errors" :  ...
88: 160001 adresses traitées
adresse : bulk pour les ids de 16906722 à 16907721
bulk : {
  "took" : 87,
  "errors" :  ...
88: 161001 adresses traitées
adresse : bulk pour les ids de 16907722 à 16908721
bulk : {
  "took" : 75,
  "errors" :  ...
88: 162001 adresses traitées
adresse : bulk pour les ids de 16908722 à 16909721
bulk : {
  "took" : 91,
  "errors" :  ...
88: 163001 adresses traitées
88: 164001 adresses traitées
adresse : bulk pour les ids de 16909722 à 16910721
bulk : {
  "took" : 78,
  "errors" :  ...
88: 165001 adresses traitées
adresse : bulk pour les ids de 16910722 à 16911721
bulk : {
  "took" : 94,
  "errors" :  ...
88: 166001 adresses traitées
adresse : bulk pour les ids de 16911722 à 16912721
bulk : {
  "took" : 76,
  "errors" :  ...
88: 167001 adresses traitées
adresse : bulk pour les ids de 16912722 à 16913721
bulk : {
  "took" : 88,
  "errors" :  ...
88: 168001 adresses traitées
adresse : bulk pour les ids de 16913722 à 16914721
bulk : {
  "took" : 77,
  "errors" :  ...
adresse : bulk pour les ids de 16914722 à 16915171
bulk : {
  "took" : 53,
  "errors" :  ...
dpt 89 : voies
89: 1 voies traitées
voie : bulk pour les ids de 1221478 à 1221677
bulk : {
  "took" : 14,
  "errors" :  ...
89: 201 voies traitées
voie : bulk pour les ids de 1221678 à 1221877
bulk : {
  "took" : 30,
  "errors" :  ...
89: 401 voies traitées
voie : bulk pour les ids de 1221878 à 1222077
bulk : {
  "took" : 13,
  "errors" :  ...
89: 601 voies traitées
voie : bulk pour les ids de 1222078 à 1222277
bulk : {
  "took" : 12,
  "errors" :  ...
89: 801 voies traitées
voie : bulk pour les ids de 1222278 à 1222477
bulk : {
  "took" : 12,
  "errors" :  ...
89: 1001 voies traitées
voie : bulk pour les ids de 1222478 à 1222677
bulk : {
  "took" : 13,
  "errors" :  ...
89: 1201 voies traitées
voie : bulk pour les ids de 1222678 à 1222877
bulk : {
  "took" : 13,
  "errors" :  ...
89: 1401 voies traitées
voie : bulk pour les ids de 1222878 à 1223077
bulk : {
  "took" : 13,
  "errors" :  ...
89: 1601 voies traitées
voie : bulk pour les ids de 1223078 à 1223277
bulk : {
  "took" : 12,
  "errors" :  ...
89: 1801 voies traitées
voie : bulk pour les ids de 1223278 à 1223477
bulk : {
  "took" : 13,
  "errors" :  ...
89: 2001 voies traitées
voie : bulk pour les ids de 1223478 à 1223677
bulk : {
  "took" : 13,
  "errors" :  ...
89: 2201 voies traitées
voie : bulk pour les ids de 1223678 à 1223877
bulk : {
  "took" : 26,
  "errors" :  ...
89: 2401 voies traitées
voie : bulk pour les ids de 1223878 à 1224077
bulk : {
  "took" : 13,
  "errors" :  ...
89: 2601 voies traitées
voie : bulk pour les ids de 1224078 à 1224277
bulk : {
  "took" : 13,
  "errors" :  ...
89: 2801 voies traitées
voie : bulk pour les ids de 1224278 à 1224477
bulk : {
  "took" : 13,
  "errors" :  ...
89: 3001 voies traitées
voie : bulk pour les ids de 1224478 à 1224677
bulk : {
  "took" : 13,
  "errors" :  ...
89: 3201 voies traitées
voie : bulk pour les ids de 1224678 à 1224877
bulk : {
  "took" : 12,
  "errors" :  ...
89: 3401 voies traitées
voie : bulk pour les ids de 1224878 à 1225077
bulk : {
  "took" : 13,
  "errors" :  ...
89: 3601 voies traitées
voie : bulk pour les ids de 1225078 à 1225277
bulk : {
  "took" : 14,
  "errors" :  ...
89: 3801 voies traitées
voie : bulk pour les ids de 1225278 à 1225477
bulk : {
  "took" : 12,
  "errors" :  ...
89: 4001 voies traitées
voie : bulk pour les ids de 1225478 à 1225677
bulk : {
  "took" : 13,
  "errors" :  ...
89: 4201 voies traitées
voie : bulk pour les ids de 1225678 à 1225877
bulk : {
  "took" : 13,
  "errors" :  ...
89: 4401 voies traitées
voie : bulk pour les ids de 1225878 à 1226077
bulk : {
  "took" : 13,
  "errors" :  ...
89: 4601 voies traitées
voie : bulk pour les ids de 1226078 à 1226277
bulk : {
  "took" : 14,
  "errors" :  ...
89: 4801 voies traitées
voie : bulk pour les ids de 1226278 à 1226477
bulk : {
  "took" : 14,
  "errors" :  ...
89: 5001 voies traitées
voie : bulk pour les ids de 1226478 à 1226677
bulk : {
  "took" : 13,
  "errors" :  ...
89: 5201 voies traitées
voie : bulk pour les ids de 1226678 à 1226877
bulk : {
  "took" : 14,
  "errors" :  ...
89: 5401 voies traitées
voie : bulk pour les ids de 1226878 à 1227077
bulk : {
  "took" : 13,
  "errors" :  ...
89: 5601 voies traitées
voie : bulk pour les ids de 1227078 à 1227277
bulk : {
  "took" : 33,
  "errors" :  ...
89: 5801 voies traitées
voie : bulk pour les ids de 1227278 à 1227477
bulk : {
  "took" : 13,
  "errors" :  ...
89: 6001 voies traitées
voie : bulk pour les ids de 1227478 à 1227677
bulk : {
  "took" : 13,
  "errors" :  ...
89: 6201 voies traitées
voie : bulk pour les ids de 1227678 à 1227877
bulk : {
  "took" : 13,
  "errors" :  ...
89: 6401 voies traitées
voie : bulk pour les ids de 1227878 à 1228077
bulk : {
  "took" : 12,
  "errors" :  ...
89: 6601 voies traitées
voie : bulk pour les ids de 1228078 à 1228277
bulk : {
  "took" : 13,
  "errors" :  ...
89: 6801 voies traitées
voie : bulk pour les ids de 1228278 à 1228477
bulk : {
  "took" : 13,
  "errors" :  ...
89: 7001 voies traitées
voie : bulk pour les ids de 1228478 à 1228677
bulk : {
  "took" : 13,
  "errors" :  ...
89: 7201 voies traitées
voie : bulk pour les ids de 1228678 à 1228877
bulk : {
  "took" : 14,
  "errors" :  ...
89: 7401 voies traitées
voie : bulk pour les ids de 1228878 à 1229077
bulk : {
  "took" : 14,
  "errors" :  ...
89: 7601 voies traitées
voie : bulk pour les ids de 1229078 à 1229277
bulk : {
  "took" : 17,
  "errors" :  ...
89: 7801 voies traitées
voie : bulk pour les ids de 1229278 à 1229477
bulk : {
  "took" : 14,
  "errors" :  ...
89: 8001 voies traitées
voie : bulk pour les ids de 1229478 à 1229677
bulk : {
  "took" : 13,
  "errors" :  ...
89: 8201 voies traitées
voie : bulk pour les ids de 1229678 à 1229877
bulk : {
  "took" : 13,
  "errors" :  ...
89: 8401 voies traitées
voie : bulk pour les ids de 1229878 à 1230077
bulk : {
  "took" : 13,
  "errors" :  ...
89: 8601 voies traitées
voie : bulk pour les ids de 1230078 à 1230277
bulk : {
  "took" : 13,
  "errors" :  ...
89: 8801 voies traitées
voie : bulk pour les ids de 1230278 à 1230477
bulk : {
  "took" : 13,
  "errors" :  ...
89: 9001 voies traitées
voie : bulk pour les ids de 1230478 à 1230677
bulk : {
  "took" : 26,
  "errors" :  ...
89: 9201 voies traitées
voie : bulk pour les ids de 1230678 à 1230877
bulk : {
  "took" : 14,
  "errors" :  ...
89: 9401 voies traitées
voie : bulk pour les ids de 1230878 à 1231077
bulk : {
  "took" : 14,
  "errors" :  ...
89: 9601 voies traitées
voie : bulk pour les ids de 1231078 à 1231277
bulk : {
  "took" : 15,
  "errors" :  ...
89: 9801 voies traitées
voie : bulk pour les ids de 1231278 à 1231477
bulk : {
  "took" : 15,
  "errors" :  ...
89: 10001 voies traitées
voie : bulk pour les ids de 1231478 à 1231677
bulk : {
  "took" : 13,
  "errors" :  ...
89: 10201 voies traitées
voie : bulk pour les ids de 1231678 à 1231877
bulk : {
  "took" : 15,
  "errors" :  ...
89: 10401 voies traitées
voie : bulk pour les ids de 1231878 à 1232077
bulk : {
  "took" : 13,
  "errors" :  ...
89: 10601 voies traitées
voie : bulk pour les ids de 1232078 à 1232277
bulk : {
  "took" : 13,
  "errors" :  ...
89: 10801 voies traitées
voie : bulk pour les ids de 1232278 à 1232477
bulk : {
  "took" : 13,
  "errors" :  ...
89: 11001 voies traitées
voie : bulk pour les ids de 1232478 à 1232677
bulk : {
  "took" : 33,
  "errors" :  ...
89: 11201 voies traitées
voie : bulk pour les ids de 1232678 à 1232877
bulk : {
  "took" : 13,
  "errors" :  ...
89: 11401 voies traitées
voie : bulk pour les ids de 1232878 à 1233077
bulk : {
  "took" : 13,
  "errors" :  ...
89: 11601 voies traitées
voie : bulk pour les ids de 1233078 à 1233277
bulk : {
  "took" : 12,
  "errors" :  ...
89: 11801 voies traitées
voie : bulk pour les ids de 1233278 à 1233477
bulk : {
  "took" : 13,
  "errors" :  ...
89: 12001 voies traitées
voie : bulk pour les ids de 1233478 à 1233677
bulk : {
  "took" : 13,
  "errors" :  ...
89: 12201 voies traitées
voie : bulk pour les ids de 1233678 à 1233877
bulk : {
  "took" : 13,
  "errors" :  ...
89: 12401 voies traitées
voie : bulk pour les ids de 1233878 à 1234077
bulk : {
  "took" : 13,
  "errors" :  ...
89: 12601 voies traitées
voie : bulk pour les ids de 1234078 à 1234277
bulk : {
  "took" : 13,
  "errors" :  ...
89: 12801 voies traitées
voie : bulk pour les ids de 1234278 à 1234477
bulk : {
  "took" : 13,
  "errors" :  ...
89: 13001 voies traitées
voie : bulk pour les ids de 1234478 à 1234677
bulk : {
  "took" : 32,
  "errors" :  ...
89: 13201 voies traitées
voie : bulk pour les ids de 1234678 à 1234877
bulk : {
  "took" : 12,
  "errors" :  ...
89: 13401 voies traitées
voie : bulk pour les ids de 1234878 à 1235077
bulk : {
  "took" : 33,
  "errors" :  ...
89: 13601 voies traitées
voie : bulk pour les ids de 1235078 à 1235277
bulk : {
  "took" : 13,
  "errors" :  ...
89: 13801 voies traitées
voie : bulk pour les ids de 1235278 à 1235477
bulk : {
  "took" : 13,
  "errors" :  ...
89: 14001 voies traitées
voie : bulk pour les ids de 1235478 à 1235677
bulk : {
  "took" : 13,
  "errors" :  ...
89: 14201 voies traitées
voie : bulk pour les ids de 1235678 à 1235877
bulk : {
  "took" : 15,
  "errors" :  ...
89: 14401 voies traitées
voie : bulk pour les ids de 1235878 à 1235940
bulk : {
  "took" : 4,
  "errors" : f ...
dpt 89 : adresses
89: 1 adresses traitées
89: 1001 adresses traitées
adresse : bulk pour les ids de 16915172 à 16916171
bulk : {
  "took" : 94,
  "errors" :  ...
89: 2001 adresses traitées
adresse : bulk pour les ids de 16916172 à 16917171
bulk : {
  "took" : 93,
  "errors" :  ...
89: 3001 adresses traitées
adresse : bulk pour les ids de 16917172 à 16918171
bulk : {
  "took" : 92,
  "errors" :  ...
89: 4001 adresses traitées
adresse : bulk pour les ids de 16918172 à 16919171
bulk : {
  "took" : 96,
  "errors" :  ...
89: 5001 adresses traitées
adresse : bulk pour les ids de 16919172 à 16920171
bulk : {
  "took" : 88,
  "errors" :  ...
89: 6001 adresses traitées
adresse : bulk pour les ids de 16920172 à 16921171
bulk : {
  "took" : 107,
  "errors" : ...
89: 7001 adresses traitées
adresse : bulk pour les ids de 16921172 à 16922171
bulk : {
  "took" : 93,
  "errors" :  ...
89: 8001 adresses traitées
adresse : bulk pour les ids de 16922172 à 16923171
bulk : {
  "took" : 90,
  "errors" :  ...
89: 9001 adresses traitées
adresse : bulk pour les ids de 16923172 à 16924171
bulk : {
  "took" : 92,
  "errors" :  ...
89: 10001 adresses traitées
adresse : bulk pour les ids de 16924172 à 16925171
bulk : {
  "took" : 94,
  "errors" :  ...
89: 11001 adresses traitées
adresse : bulk pour les ids de 16925172 à 16926171
bulk : {
  "took" : 92,
  "errors" :  ...
89: 12001 adresses traitées
adresse : bulk pour les ids de 16926172 à 16927171
bulk : {
  "took" : 105,
  "errors" : ...
89: 13001 adresses traitées
adresse : bulk pour les ids de 16927172 à 16928171
bulk : {
  "took" : 102,
  "errors" : ...
89: 14001 adresses traitées
adresse : bulk pour les ids de 16928172 à 16929171
bulk : {
  "took" : 89,
  "errors" :  ...
89: 15001 adresses traitées
adresse : bulk pour les ids de 16929172 à 16930171
bulk : {
  "took" : 74,
  "errors" :  ...
89: 16001 adresses traitées
adresse : bulk pour les ids de 16930172 à 16931171
bulk : {
  "took" : 108,
  "errors" : ...
89: 17001 adresses traitées
adresse : bulk pour les ids de 16931172 à 16932171
bulk : {
  "took" : 104,
  "errors" : ...
89: 18001 adresses traitées
adresse : bulk pour les ids de 16932172 à 16933171
bulk : {
  "took" : 73,
  "errors" :  ...
89: 19001 adresses traitées
adresse : bulk pour les ids de 16933172 à 16934171
bulk : {
  "took" : 113,
  "errors" : ...
89: 20001 adresses traitées
adresse : bulk pour les ids de 16934172 à 16935171
bulk : {
  "took" : 75,
  "errors" :  ...
89: 21001 adresses traitées
adresse : bulk pour les ids de 16935172 à 16936171
bulk : {
  "took" : 110,
  "errors" : ...
89: 22001 adresses traitées
adresse : bulk pour les ids de 16936172 à 16937171
bulk : {
  "took" : 91,
  "errors" :  ...
89: 23001 adresses traitées
adresse : bulk pour les ids de 16937172 à 16938171
bulk : {
  "took" : 104,
  "errors" : ...
89: 24001 adresses traitées
adresse : bulk pour les ids de 16938172 à 16939171
bulk : {
  "took" : 71,
  "errors" :  ...
89: 25001 adresses traitées
adresse : bulk pour les ids de 16939172 à 16940171
bulk : {
  "took" : 103,
  "errors" : ...
89: 26001 adresses traitées
adresse : bulk pour les ids de 16940172 à 16941171
bulk : {
  "took" : 72,
  "errors" :  ...
89: 27001 adresses traitées
adresse : bulk pour les ids de 16941172 à 16942171
bulk : {
  "took" : 104,
  "errors" : ...
89: 28001 adresses traitées
adresse : bulk pour les ids de 16942172 à 16943171
bulk : {
  "took" : 90,
  "errors" :  ...
89: 29001 adresses traitées
adresse : bulk pour les ids de 16943172 à 16944171
bulk : {
  "took" : 87,
  "errors" :  ...
89: 30001 adresses traitées
adresse : bulk pour les ids de 16944172 à 16945171
bulk : {
  "took" : 89,
  "errors" :  ...
89: 31001 adresses traitées
adresse : bulk pour les ids de 16945172 à 16946171
bulk : {
  "took" : 90,
  "errors" :  ...
89: 32001 adresses traitées
adresse : bulk pour les ids de 16946172 à 16947171
bulk : {
  "took" : 90,
  "errors" :  ...
89: 33001 adresses traitées
adresse : bulk pour les ids de 16947172 à 16948171
bulk : {
  "took" : 101,
  "errors" : ...
89: 34001 adresses traitées
adresse : bulk pour les ids de 16948172 à 16949171
bulk : {
  "took" : 73,
  "errors" :  ...
89: 35001 adresses traitées
adresse : bulk pour les ids de 16949172 à 16950171
bulk : {
  "took" : 105,
  "errors" : ...
89: 36001 adresses traitées
adresse : bulk pour les ids de 16950172 à 16951171
bulk : {
  "took" : 87,
  "errors" :  ...
89: 37001 adresses traitées
adresse : bulk pour les ids de 16951172 à 16952171
bulk : {
  "took" : 89,
  "errors" :  ...
89: 38001 adresses traitées
adresse : bulk pour les ids de 16952172 à 16953171
bulk : {
  "took" : 91,
  "errors" :  ...
89: 39001 adresses traitées
adresse : bulk pour les ids de 16953172 à 16954171
bulk : {
  "took" : 88,
  "errors" :  ...
89: 40001 adresses traitées
89: 41001 adresses traitées
adresse : bulk pour les ids de 16954172 à 16955171
bulk : {
  "took" : 72,
  "errors" :  ...
89: 42001 adresses traitées
adresse : bulk pour les ids de 16955172 à 16956171
bulk : {
  "took" : 101,
  "errors" : ...
89: 43001 adresses traitées
adresse : bulk pour les ids de 16956172 à 16957171
bulk : {
  "took" : 72,
  "errors" :  ...
89: 44001 adresses traitées
adresse : bulk pour les ids de 16957172 à 16958171
bulk : {
  "took" : 103,
  "errors" : ...
89: 45001 adresses traitées
adresse : bulk pour les ids de 16958172 à 16959171
bulk : {
  "took" : 87,
  "errors" :  ...
89: 46001 adresses traitées
adresse : bulk pour les ids de 16959172 à 16960171
bulk : {
  "took" : 89,
  "errors" :  ...
89: 47001 adresses traitées
adresse : bulk pour les ids de 16960172 à 16961171
bulk : {
  "took" : 88,
  "errors" :  ...
89: 48001 adresses traitées
adresse : bulk pour les ids de 16961172 à 16962171
bulk : {
  "took" : 103,
  "errors" : ...
89: 49001 adresses traitées
adresse : bulk pour les ids de 16962172 à 16963171
bulk : {
  "took" : 77,
  "errors" :  ...
89: 50001 adresses traitées
adresse : bulk pour les ids de 16963172 à 16964171
bulk : {
  "took" : 103,
  "errors" : ...
89: 51001 adresses traitées
adresse : bulk pour les ids de 16964172 à 16965171
bulk : {
  "took" : 74,
  "errors" :  ...
89: 52001 adresses traitées
adresse : bulk pour les ids de 16965172 à 16966171
bulk : {
  "took" : 111,
  "errors" : ...
89: 53001 adresses traitées
adresse : bulk pour les ids de 16966172 à 16967171
bulk : {
  "took" : 94,
  "errors" :  ...
89: 54001 adresses traitées
adresse : bulk pour les ids de 16967172 à 16968171
bulk : {
  "took" : 91,
  "errors" :  ...
89: 55001 adresses traitées
adresse : bulk pour les ids de 16968172 à 16969171
bulk : {
  "took" : 97,
  "errors" :  ...
89: 56001 adresses traitées
adresse : bulk pour les ids de 16969172 à 16970171
bulk : {
  "took" : 113,
  "errors" : ...
89: 57001 adresses traitées
adresse : bulk pour les ids de 16970172 à 16971171
bulk : {
  "took" : 74,
  "errors" :  ...
89: 58001 adresses traitées
adresse : bulk pour les ids de 16971172 à 16972171
bulk : {
  "took" : 104,
  "errors" : ...
89: 59001 adresses traitées
adresse : bulk pour les ids de 16972172 à 16973171
bulk : {
  "took" : 80,
  "errors" :  ...
89: 60001 adresses traitées
adresse : bulk pour les ids de 16973172 à 16974171
bulk : {
  "took" : 80,
  "errors" :  ...
89: 61001 adresses traitées
adresse : bulk pour les ids de 16974172 à 16975171
bulk : {
  "took" : 98,
  "errors" :  ...
89: 62001 adresses traitées
adresse : bulk pour les ids de 16975172 à 16976171
bulk : {
  "took" : 74,
  "errors" :  ...
89: 63001 adresses traitées
adresse : bulk pour les ids de 16976172 à 16977171
bulk : {
  "took" : 97,
  "errors" :  ...
89: 64001 adresses traitées
adresse : bulk pour les ids de 16977172 à 16978171
bulk : {
  "took" : 93,
  "errors" :  ...
89: 65001 adresses traitées
adresse : bulk pour les ids de 16978172 à 16979171
bulk : {
  "took" : 79,
  "errors" :  ...
89: 66001 adresses traitées
adresse : bulk pour les ids de 16979172 à 16980171
bulk : {
  "took" : 86,
  "errors" :  ...
89: 67001 adresses traitées
89: 68001 adresses traitées
adresse : bulk pour les ids de 16980172 à 16981171
bulk : {
  "took" : 80,
  "errors" :  ...
89: 69001 adresses traitées
adresse : bulk pour les ids de 16981172 à 16982171
bulk : {
  "took" : 91,
  "errors" :  ...
89: 70001 adresses traitées
adresse : bulk pour les ids de 16982172 à 16983171
bulk : {
  "took" : 94,
  "errors" :  ...
89: 71001 adresses traitées
adresse : bulk pour les ids de 16983172 à 16984171
bulk : {
  "took" : 75,
  "errors" :  ...
89: 72001 adresses traitées
adresse : bulk pour les ids de 16984172 à 16985171
bulk : {
  "took" : 93,
  "errors" :  ...
89: 73001 adresses traitées
adresse : bulk pour les ids de 16985172 à 16986171
bulk : {
  "took" : 90,
  "errors" :  ...
89: 74001 adresses traitées
adresse : bulk pour les ids de 16986172 à 16987171
bulk : {
  "took" : 80,
  "errors" :  ...
89: 75001 adresses traitées
adresse : bulk pour les ids de 16987172 à 16988171
bulk : {
  "took" : 85,
  "errors" :  ...
89: 76001 adresses traitées
adresse : bulk pour les ids de 16988172 à 16989171
bulk : {
  "took" : 84,
  "errors" :  ...
89: 77001 adresses traitées
adresse : bulk pour les ids de 16989172 à 16990171
bulk : {
  "took" : 71,
  "errors" :  ...
89: 78001 adresses traitées
adresse : bulk pour les ids de 16990172 à 16991171
bulk : {
  "took" : 82,
  "errors" :  ...
89: 79001 adresses traitées
adresse : bulk pour les ids de 16991172 à 16992171
bulk : {
  "took" : 89,
  "errors" :  ...
89: 80001 adresses traitées
adresse : bulk pour les ids de 16992172 à 16993171
bulk : {
  "took" : 82,
  "errors" :  ...
89: 81001 adresses traitées
adresse : bulk pour les ids de 16993172 à 16994171
bulk : {
  "took" : 95,
  "errors" :  ...
89: 82001 adresses traitées
adresse : bulk pour les ids de 16994172 à 16995171
bulk : {
  "took" : 80,
  "errors" :  ...
89: 83001 adresses traitées
adresse : bulk pour les ids de 16995172 à 16996171
bulk : {
  "took" : 88,
  "errors" :  ...
89: 84001 adresses traitées
adresse : bulk pour les ids de 16996172 à 16997171
bulk : {
  "took" : 96,
  "errors" :  ...
89: 85001 adresses traitées
adresse : bulk pour les ids de 16997172 à 16998171
bulk : {
  "took" : 72,
  "errors" :  ...
89: 86001 adresses traitées
adresse : bulk pour les ids de 16998172 à 16999171
bulk : {
  "took" : 94,
  "errors" :  ...
89: 87001 adresses traitées
adresse : bulk pour les ids de 16999172 à 17000171
bulk : {
  "took" : 71,
  "errors" :  ...
89: 88001 adresses traitées
adresse : bulk pour les ids de 17000172 à 17001171
bulk : {
  "took" : 98,
  "errors" :  ...
89: 89001 adresses traitées
adresse : bulk pour les ids de 17001172 à 17002171
bulk : {
  "took" : 85,
  "errors" :  ...
89: 90001 adresses traitées
adresse : bulk pour les ids de 17002172 à 17003171
bulk : {
  "took" : 83,
  "errors" :  ...
89: 91001 adresses traitées
adresse : bulk pour les ids de 17003172 à 17004171
bulk : {
  "took" : 87,
  "errors" :  ...
89: 92001 adresses traitées
adresse : bulk pour les ids de 17004172 à 17005171
bulk : {
  "took" : 96,
  "errors" :  ...
89: 93001 adresses traitées
89: 94001 adresses traitées
adresse : bulk pour les ids de 17005172 à 17006171
bulk : {
  "took" : 73,
  "errors" :  ...
89: 95001 adresses traitées
adresse : bulk pour les ids de 17006172 à 17007171
bulk : {
  "took" : 101,
  "errors" : ...
89: 96001 adresses traitées
adresse : bulk pour les ids de 17007172 à 17008171
bulk : {
  "took" : 90,
  "errors" :  ...
89: 97001 adresses traitées
adresse : bulk pour les ids de 17008172 à 17009171
bulk : {
  "took" : 88,
  "errors" :  ...
89: 98001 adresses traitées
adresse : bulk pour les ids de 17009172 à 17010171
bulk : {
  "took" : 74,
  "errors" :  ...
89: 99001 adresses traitées
adresse : bulk pour les ids de 17010172 à 17011171
bulk : {
  "took" : 94,
  "errors" :  ...
89: 100001 adresses traitées
adresse : bulk pour les ids de 17011172 à 17012171
bulk : {
  "took" : 72,
  "errors" :  ...
89: 101001 adresses traitées
adresse : bulk pour les ids de 17012172 à 17013171
bulk : {
  "took" : 98,
  "errors" :  ...
89: 102001 adresses traitées
adresse : bulk pour les ids de 17013172 à 17014171
bulk : {
  "took" : 88,
  "errors" :  ...
89: 103001 adresses traitées
adresse : bulk pour les ids de 17014172 à 17015171
bulk : {
  "took" : 88,
  "errors" :  ...
89: 104001 adresses traitées
adresse : bulk pour les ids de 17015172 à 17016171
bulk : {
  "took" : 95,
  "errors" :  ...
89: 105001 adresses traitées
adresse : bulk pour les ids de 17016172 à 17017171
bulk : {
  "took" : 89,
  "errors" :  ...
89: 106001 adresses traitées
adresse : bulk pour les ids de 17017172 à 17018171
bulk : {
  "took" : 96,
  "errors" :  ...
89: 107001 adresses traitées
adresse : bulk pour les ids de 17018172 à 17019171
bulk : {
  "took" : 89,
  "errors" :  ...
89: 108001 adresses traitées
adresse : bulk pour les ids de 17019172 à 17020171
bulk : {
  "took" : 72,
  "errors" :  ...
89: 109001 adresses traitées
adresse : bulk pour les ids de 17020172 à 17021171
bulk : {
  "took" : 101,
  "errors" : ...
89: 110001 adresses traitées
adresse : bulk pour les ids de 17021172 à 17022171
bulk : {
  "took" : 89,
  "errors" :  ...
89: 111001 adresses traitées
adresse : bulk pour les ids de 17022172 à 17023171
bulk : {
  "took" : 87,
  "errors" :  ...
89: 112001 adresses traitées
adresse : bulk pour les ids de 17023172 à 17024171
bulk : {
  "took" : 89,
  "errors" :  ...
89: 113001 adresses traitées
adresse : bulk pour les ids de 17024172 à 17025171
bulk : {
  "took" : 86,
  "errors" :  ...
89: 114001 adresses traitées
adresse : bulk pour les ids de 17025172 à 17026171
bulk : {
  "took" : 86,
  "errors" :  ...
89: 115001 adresses traitées
89: 116001 adresses traitées
adresse : bulk pour les ids de 17026172 à 17027171
bulk : {
  "took" : 88,
  "errors" :  ...
89: 117001 adresses traitées
adresse : bulk pour les ids de 17027172 à 17028171
bulk : {
  "took" : 91,
  "errors" :  ...
89: 118001 adresses traitées
adresse : bulk pour les ids de 17028172 à 17029171
bulk : {
  "took" : 87,
  "errors" :  ...
89: 119001 adresses traitées
adresse : bulk pour les ids de 17029172 à 17030171
bulk : {
  "took" : 85,
  "errors" :  ...
89: 120001 adresses traitées
adresse : bulk pour les ids de 17030172 à 17031171
bulk : {
  "took" : 88,
  "errors" :  ...
89: 121001 adresses traitées
adresse : bulk pour les ids de 17031172 à 17032171
bulk : {
  "took" : 71,
  "errors" :  ...
89: 122001 adresses traitées
adresse : bulk pour les ids de 17032172 à 17033171
bulk : {
  "took" : 101,
  "errors" : ...
89: 123001 adresses traitées
adresse : bulk pour les ids de 17033172 à 17034171
bulk : {
  "took" : 70,
  "errors" :  ...
89: 124001 adresses traitées
adresse : bulk pour les ids de 17034172 à 17035171
bulk : {
  "took" : 101,
  "errors" : ...
89: 125001 adresses traitées
adresse : bulk pour les ids de 17035172 à 17036171
bulk : {
  "took" : 85,
  "errors" :  ...
89: 126001 adresses traitées
adresse : bulk pour les ids de 17036172 à 17037171
bulk : {
  "took" : 86,
  "errors" :  ...
89: 127001 adresses traitées
adresse : bulk pour les ids de 17037172 à 17038171
bulk : {
  "took" : 71,
  "errors" :  ...
89: 128001 adresses traitées
adresse : bulk pour les ids de 17038172 à 17039171
bulk : {
  "took" : 101,
  "errors" : ...
89: 129001 adresses traitées
adresse : bulk pour les ids de 17039172 à 17040171
bulk : {
  "took" : 73,
  "errors" :  ...
89: 130001 adresses traitées
adresse : bulk pour les ids de 17040172 à 17041171
bulk : {
  "took" : 113,
  "errors" : ...
89: 131001 adresses traitées
adresse : bulk pour les ids de 17041172 à 17042171
bulk : {
  "took" : 72,
  "errors" :  ...
89: 132001 adresses traitées
adresse : bulk pour les ids de 17042172 à 17043171
bulk : {
  "took" : 113,
  "errors" : ...
89: 133001 adresses traitées
adresse : bulk pour les ids de 17043172 à 17044171
bulk : {
  "took" : 90,
  "errors" :  ...
89: 134001 adresses traitées
adresse : bulk pour les ids de 17044172 à 17045171
bulk : {
  "took" : 89,
  "errors" :  ...
89: 135001 adresses traitées
adresse : bulk pour les ids de 17045172 à 17046171
bulk : {
  "took" : 88,
  "errors" :  ...
89: 136001 adresses traitées
adresse : bulk pour les ids de 17046172 à 17047171
bulk : {
  "took" : 90,
  "errors" :  ...
89: 137001 adresses traitées
adresse : bulk pour les ids de 17047172 à 17048171
bulk : {
  "took" : 96,
  "errors" :  ...
89: 138001 adresses traitées
adresse : bulk pour les ids de 17048172 à 17049171
bulk : {
  "took" : 91,
  "errors" :  ...
89: 139001 adresses traitées
89: 140001 adresses traitées
adresse : bulk pour les ids de 17049172 à 17050171
bulk : {
  "took" : 74,
  "errors" :  ...
89: 141001 adresses traitées
adresse : bulk pour les ids de 17050172 à 17051171
bulk : {
  "took" : 105,
  "errors" : ...
89: 142001 adresses traitées
adresse : bulk pour les ids de 17051172 à 17052171
bulk : {
  "took" : 73,
  "errors" :  ...
89: 143001 adresses traitées
adresse : bulk pour les ids de 17052172 à 17053171
bulk : {
  "took" : 103,
  "errors" : ...
89: 144001 adresses traitées
adresse : bulk pour les ids de 17053172 à 17054171
bulk : {
  "took" : 84,
  "errors" :  ...
89: 145001 adresses traitées
adresse : bulk pour les ids de 17054172 à 17055171
bulk : {
  "took" : 94,
  "errors" :  ...
89: 146001 adresses traitées
adresse : bulk pour les ids de 17055172 à 17056171
bulk : {
  "took" : 87,
  "errors" :  ...
89: 147001 adresses traitées
adresse : bulk pour les ids de 17056172 à 17057171
bulk : {
  "took" : 88,
  "errors" :  ...
89: 148001 adresses traitées
adresse : bulk pour les ids de 17057172 à 17058171
bulk : {
  "took" : 90,
  "errors" :  ...
89: 149001 adresses traitées
adresse : bulk pour les ids de 17058172 à 17059171
bulk : {
  "took" : 103,
  "errors" : ...
89: 150001 adresses traitées
adresse : bulk pour les ids de 17059172 à 17060171
bulk : {
  "took" : 72,
  "errors" :  ...
89: 151001 adresses traitées
adresse : bulk pour les ids de 17060172 à 17061171
bulk : {
  "took" : 103,
  "errors" : ...
89: 152001 adresses traitées
adresse : bulk pour les ids de 17061172 à 17062171
bulk : {
  "took" : 91,
  "errors" :  ...
89: 153001 adresses traitées
89: 154001 adresses traitées
adresse : bulk pour les ids de 17062172 à 17063171
bulk : {
  "took" : 88,
  "errors" :  ...
89: 155001 adresses traitées
adresse : bulk pour les ids de 17063172 à 17064171
bulk : {
  "took" : 91,
  "errors" :  ...
89: 156001 adresses traitées
adresse : bulk pour les ids de 17064172 à 17065171
bulk : {
  "took" : 88,
  "errors" :  ...
89: 157001 adresses traitées
adresse : bulk pour les ids de 17065172 à 17066171
bulk : {
  "took" : 90,
  "errors" :  ...
89: 158001 adresses traitées
adresse : bulk pour les ids de 17066172 à 17067171
bulk : {
  "took" : 104,
  "errors" : ...
89: 159001 adresses traitées
adresse : bulk pour les ids de 17067172 à 17068171
bulk : {
  "took" : 74,
  "errors" :  ...
89: 160001 adresses traitées
adresse : bulk pour les ids de 17068172 à 17069171
bulk : {
  "took" : 105,
  "errors" : ...
89: 161001 adresses traitées
adresse : bulk pour les ids de 17069172 à 17070171
bulk : {
  "took" : 87,
  "errors" :  ...
89: 162001 adresses traitées
adresse : bulk pour les ids de 17070172 à 17071171
bulk : {
  "took" : 92,
  "errors" :  ...
89: 163001 adresses traitées
adresse : bulk pour les ids de 17071172 à 17072171
bulk : {
  "took" : 90,
  "errors" :  ...
89: 164001 adresses traitées
adresse : bulk pour les ids de 17072172 à 17073171
bulk : {
  "took" : 88,
  "errors" :  ...
89: 165001 adresses traitées
adresse : bulk pour les ids de 17073172 à 17074171
bulk : {
  "took" : 87,
  "errors" :  ...
89: 166001 adresses traitées
adresse : bulk pour les ids de 17074172 à 17075171
bulk : {
  "took" : 102,
  "errors" : ...
89: 167001 adresses traitées
adresse : bulk pour les ids de 17075172 à 17076171
bulk : {
  "took" : 73,
  "errors" :  ...
89: 168001 adresses traitées
adresse : bulk pour les ids de 17076172 à 17077171
bulk : {
  "took" : 103,
  "errors" : ...
89: 169001 adresses traitées
adresse : bulk pour les ids de 17077172 à 17078171
bulk : {
  "took" : 73,
  "errors" :  ...
89: 170001 adresses traitées
adresse : bulk pour les ids de 17078172 à 17079171
bulk : {
  "took" : 103,
  "errors" : ...
89: 171001 adresses traitées
adresse : bulk pour les ids de 17079172 à 17080171
bulk : {
  "took" : 85,
  "errors" :  ...
89: 172001 adresses traitées
adresse : bulk pour les ids de 17080172 à 17081171
bulk : {
  "took" : 106,
  "errors" : ...
89: 173001 adresses traitées
adresse : bulk pour les ids de 17081172 à 17082171
bulk : {
  "took" : 71,
  "errors" :  ...
89: 174001 adresses traitées
adresse : bulk pour les ids de 17082172 à 17083171
bulk : {
  "took" : 104,
  "errors" : ...
89: 175001 adresses traitées
adresse : bulk pour les ids de 17083172 à 17084171
bulk : {
  "took" : 77,
  "errors" :  ...
89: 176001 adresses traitées
adresse : bulk pour les ids de 17084172 à 17085171
bulk : {
  "took" : 89,
  "errors" :  ...
89: 177001 adresses traitées
89: 178001 adresses traitées
adresse : bulk pour les ids de 17085172 à 17086171
bulk : {
  "took" : 91,
  "errors" :  ...
89: 179001 adresses traitées
adresse : bulk pour les ids de 17086172 à 17087171
bulk : {
  "took" : 101,
  "errors" : ...
89: 180001 adresses traitées
adresse : bulk pour les ids de 17087172 à 17088171
bulk : {
  "took" : 83,
  "errors" :  ...
89: 181001 adresses traitées
adresse : bulk pour les ids de 17088172 à 17089171
bulk : {
  "took" : 103,
  "errors" : ...
89: 182001 adresses traitées
adresse : bulk pour les ids de 17089172 à 17090171
bulk : {
  "took" : 91,
  "errors" :  ...
89: 183001 adresses traitées
adresse : bulk pour les ids de 17090172 à 17091171
bulk : {
  "took" : 100,
  "errors" : ...
89: 184001 adresses traitées
adresse : bulk pour les ids de 17091172 à 17092171
bulk : {
  "took" : 107,
  "errors" : ...
89: 185001 adresses traitées
adresse : bulk pour les ids de 17092172 à 17093171
bulk : {
  "took" : 77,
  "errors" :  ...
89: 186001 adresses traitées
adresse : bulk pour les ids de 17093172 à 17094171
bulk : {
  "took" : 102,
  "errors" : ...
89: 187001 adresses traitées
adresse : bulk pour les ids de 17094172 à 17095157
bulk : {
  "took" : 96,
  "errors" :  ...
dpt 90 : voies
90: 1 voies traitées
voie : bulk pour les ids de 1235941 à 1236140
bulk : {
  "took" : 14,
  "errors" :  ...
90: 201 voies traitées
voie : bulk pour les ids de 1236141 à 1236340
bulk : {
  "took" : 13,
  "errors" :  ...
90: 401 voies traitées
voie : bulk pour les ids de 1236341 à 1236540
bulk : {
  "took" : 13,
  "errors" :  ...
90: 601 voies traitées
voie : bulk pour les ids de 1236541 à 1236740
bulk : {
  "took" : 12,
  "errors" :  ...
90: 801 voies traitées
voie : bulk pour les ids de 1236741 à 1236940
bulk : {
  "took" : 12,
  "errors" :  ...
90: 1001 voies traitées
voie : bulk pour les ids de 1236941 à 1237140
bulk : {
  "took" : 13,
  "errors" :  ...
90: 1201 voies traitées
voie : bulk pour les ids de 1237141 à 1237340
bulk : {
  "took" : 31,
  "errors" :  ...
90: 1401 voies traitées
voie : bulk pour les ids de 1237341 à 1237540
bulk : {
  "took" : 13,
  "errors" :  ...
90: 1601 voies traitées
voie : bulk pour les ids de 1237541 à 1237740
bulk : {
  "took" : 13,
  "errors" :  ...
90: 1801 voies traitées
voie : bulk pour les ids de 1237741 à 1237940
bulk : {
  "took" : 12,
  "errors" :  ...
90: 2001 voies traitées
voie : bulk pour les ids de 1237941 à 1238140
bulk : {
  "took" : 12,
  "errors" :  ...
90: 2201 voies traitées
voie : bulk pour les ids de 1238141 à 1238340
bulk : {
  "took" : 13,
  "errors" :  ...
90: 2401 voies traitées
voie : bulk pour les ids de 1238341 à 1238540
bulk : {
  "took" : 13,
  "errors" :  ...
90: 2601 voies traitées
voie : bulk pour les ids de 1238541 à 1238740
bulk : {
  "took" : 12,
  "errors" :  ...
90: 2801 voies traitées
voie : bulk pour les ids de 1238741 à 1238940
bulk : {
  "took" : 12,
  "errors" :  ...
90: 3001 voies traitées
voie : bulk pour les ids de 1238941 à 1239023
bulk : {
  "took" : 5,
  "errors" : f ...
dpt 90 : adresses
90: 1 adresses traitées
90: 1001 adresses traitées
adresse : bulk pour les ids de 17095158 à 17096157
bulk : {
  "took" : 72,
  "errors" :  ...
90: 2001 adresses traitées
adresse : bulk pour les ids de 17096158 à 17097157
bulk : {
  "took" : 95,
  "errors" :  ...
90: 3001 adresses traitées
adresse : bulk pour les ids de 17097158 à 17098157
bulk : {
  "took" : 72,
  "errors" :  ...
90: 4001 adresses traitées
adresse : bulk pour les ids de 17098158 à 17099157
bulk : {
  "took" : 99,
  "errors" :  ...
90: 5001 adresses traitées
adresse : bulk pour les ids de 17099158 à 17100157
bulk : {
  "took" : 73,
  "errors" :  ...
90: 6001 adresses traitées
adresse : bulk pour les ids de 17100158 à 17101157
bulk : {
  "took" : 98,
  "errors" :  ...
90: 7001 adresses traitées
adresse : bulk pour les ids de 17101158 à 17102157
bulk : {
  "took" : 88,
  "errors" :  ...
90: 8001 adresses traitées
adresse : bulk pour les ids de 17102158 à 17103157
bulk : {
  "took" : 81,
  "errors" :  ...
90: 9001 adresses traitées
adresse : bulk pour les ids de 17103158 à 17104157
bulk : {
  "took" : 84,
  "errors" :  ...
90: 10001 adresses traitées
adresse : bulk pour les ids de 17104158 à 17105157
bulk : {
  "took" : 96,
  "errors" :  ...
90: 11001 adresses traitées
adresse : bulk pour les ids de 17105158 à 17106157
bulk : {
  "took" : 71,
  "errors" :  ...
90: 12001 adresses traitées
adresse : bulk pour les ids de 17106158 à 17107157
bulk : {
  "took" : 97,
  "errors" :  ...
90: 13001 adresses traitées
adresse : bulk pour les ids de 17107158 à 17108157
bulk : {
  "took" : 91,
  "errors" :  ...
90: 14001 adresses traitées
adresse : bulk pour les ids de 17108158 à 17109157
bulk : {
  "took" : 78,
  "errors" :  ...
90: 15001 adresses traitées
adresse : bulk pour les ids de 17109158 à 17110157
bulk : {
  "took" : 100,
  "errors" : ...
90: 16001 adresses traitées
adresse : bulk pour les ids de 17110158 à 17111157
bulk : {
  "took" : 83,
  "errors" :  ...
90: 17001 adresses traitées
adresse : bulk pour les ids de 17111158 à 17112157
bulk : {
  "took" : 90,
  "errors" :  ...
90: 18001 adresses traitées
adresse : bulk pour les ids de 17112158 à 17113157
bulk : {
  "took" : 93,
  "errors" :  ...
90: 19001 adresses traitées
adresse : bulk pour les ids de 17113158 à 17114157
bulk : {
  "took" : 86,
  "errors" :  ...
90: 20001 adresses traitées
adresse : bulk pour les ids de 17114158 à 17115157
bulk : {
  "took" : 106,
  "errors" : ...
90: 21001 adresses traitées
adresse : bulk pour les ids de 17115158 à 17116157
bulk : {
  "took" : 72,
  "errors" :  ...
90: 22001 adresses traitées
adresse : bulk pour les ids de 17116158 à 17117157
bulk : {
  "took" : 96,
  "errors" :  ...
90: 23001 adresses traitées
adresse : bulk pour les ids de 17117158 à 17118157
bulk : {
  "took" : 72,
  "errors" :  ...
90: 24001 adresses traitées
adresse : bulk pour les ids de 17118158 à 17119157
bulk : {
  "took" : 94,
  "errors" :  ...
90: 25001 adresses traitées
adresse : bulk pour les ids de 17119158 à 17120157
bulk : {
  "took" : 73,
  "errors" :  ...
90: 26001 adresses traitées
adresse : bulk pour les ids de 17120158 à 17121157
bulk : {
  "took" : 102,
  "errors" : ...
90: 27001 adresses traitées
adresse : bulk pour les ids de 17121158 à 17122157
bulk : {
  "took" : 71,
  "errors" :  ...
90: 28001 adresses traitées
adresse : bulk pour les ids de 17122158 à 17123157
bulk : {
  "took" : 91,
  "errors" :  ...
90: 29001 adresses traitées
90: 30001 adresses traitées
adresse : bulk pour les ids de 17123158 à 17124157
bulk : {
  "took" : 83,
  "errors" :  ...
90: 31001 adresses traitées
adresse : bulk pour les ids de 17124158 à 17125157
bulk : {
  "took" : 103,
  "errors" : ...
90: 32001 adresses traitées
adresse : bulk pour les ids de 17125158 à 17126157
bulk : {
  "took" : 73,
  "errors" :  ...
90: 33001 adresses traitées
adresse : bulk pour les ids de 17126158 à 17127157
bulk : {
  "took" : 102,
  "errors" : ...
90: 34001 adresses traitées
adresse : bulk pour les ids de 17127158 à 17128157
bulk : {
  "took" : 89,
  "errors" :  ...
90: 35001 adresses traitées
adresse : bulk pour les ids de 17128158 à 17129157
bulk : {
  "took" : 86,
  "errors" :  ...
90: 36001 adresses traitées
adresse : bulk pour les ids de 17129158 à 17130157
bulk : {
  "took" : 89,
  "errors" :  ...
90: 37001 adresses traitées
adresse : bulk pour les ids de 17130158 à 17131157
bulk : {
  "took" : 102,
  "errors" : ...
90: 38001 adresses traitées
adresse : bulk pour les ids de 17131158 à 17132157
bulk : {
  "took" : 74,
  "errors" :  ...
90: 39001 adresses traitées
adresse : bulk pour les ids de 17132158 à 17133157
bulk : {
  "took" : 103,
  "errors" : ...
90: 40001 adresses traitées
adresse : bulk pour les ids de 17133158 à 17134157
bulk : {
  "took" : 89,
  "errors" :  ...
90: 41001 adresses traitées
adresse : bulk pour les ids de 17134158 à 17135157
bulk : {
  "took" : 90,
  "errors" :  ...
90: 42001 adresses traitées
adresse : bulk pour les ids de 17135158 à 17136157
bulk : {
  "took" : 91,
  "errors" :  ...
adresse : bulk pour les ids de 17136158 à 17136532
bulk : {
  "took" : 29,
  "errors" :  ...
dpt 91 : voies
91: 1 voies traitées
voie : bulk pour les ids de 1239024 à 1239223
bulk : {
  "took" : 14,
  "errors" :  ...
91: 201 voies traitées
voie : bulk pour les ids de 1239224 à 1239423
bulk : {
  "took" : 12,
  "errors" :  ...
91: 401 voies traitées
voie : bulk pour les ids de 1239424 à 1239623
bulk : {
  "took" : 13,
  "errors" :  ...
91: 601 voies traitées
voie : bulk pour les ids de 1239624 à 1239823
bulk : {
  "took" : 13,
  "errors" :  ...
91: 801 voies traitées
voie : bulk pour les ids de 1239824 à 1240023
bulk : {
  "took" : 14,
  "errors" :  ...
91: 1001 voies traitées
voie : bulk pour les ids de 1240024 à 1240223
bulk : {
  "took" : 28,
  "errors" :  ...
91: 1201 voies traitées
voie : bulk pour les ids de 1240224 à 1240423
bulk : {
  "took" : 13,
  "errors" :  ...
91: 1401 voies traitées
voie : bulk pour les ids de 1240424 à 1240623
bulk : {
  "took" : 13,
  "errors" :  ...
91: 1601 voies traitées
voie : bulk pour les ids de 1240624 à 1240823
bulk : {
  "took" : 12,
  "errors" :  ...
91: 1801 voies traitées
voie : bulk pour les ids de 1240824 à 1241023
bulk : {
  "took" : 13,
  "errors" :  ...
91: 2001 voies traitées
voie : bulk pour les ids de 1241024 à 1241223
bulk : {
  "took" : 12,
  "errors" :  ...
91: 2201 voies traitées
voie : bulk pour les ids de 1241224 à 1241423
bulk : {
  "took" : 13,
  "errors" :  ...
91: 2401 voies traitées
voie : bulk pour les ids de 1241424 à 1241623
bulk : {
  "took" : 13,
  "errors" :  ...
91: 2601 voies traitées
voie : bulk pour les ids de 1241624 à 1241823
bulk : {
  "took" : 13,
  "errors" :  ...
91: 2801 voies traitées
voie : bulk pour les ids de 1241824 à 1242023
bulk : {
  "took" : 13,
  "errors" :  ...
91: 3001 voies traitées
voie : bulk pour les ids de 1242024 à 1242223
bulk : {
  "took" : 13,
  "errors" :  ...
91: 3201 voies traitées
voie : bulk pour les ids de 1242224 à 1242423
bulk : {
  "took" : 31,
  "errors" :  ...
91: 3401 voies traitées
voie : bulk pour les ids de 1242424 à 1242623
bulk : {
  "took" : 14,
  "errors" :  ...
91: 3601 voies traitées
voie : bulk pour les ids de 1242624 à 1242823
bulk : {
  "took" : 14,
  "errors" :  ...
91: 3801 voies traitées
voie : bulk pour les ids de 1242824 à 1243023
bulk : {
  "took" : 12,
  "errors" :  ...
91: 4001 voies traitées
voie : bulk pour les ids de 1243024 à 1243223
bulk : {
  "took" : 12,
  "errors" :  ...
91: 4201 voies traitées
voie : bulk pour les ids de 1243224 à 1243423
bulk : {
  "took" : 13,
  "errors" :  ...
91: 4401 voies traitées
voie : bulk pour les ids de 1243424 à 1243623
bulk : {
  "took" : 13,
  "errors" :  ...
91: 4601 voies traitées
voie : bulk pour les ids de 1243624 à 1243823
bulk : {
  "took" : 12,
  "errors" :  ...
91: 4801 voies traitées
voie : bulk pour les ids de 1243824 à 1244023
bulk : {
  "took" : 13,
  "errors" :  ...
91: 5001 voies traitées
voie : bulk pour les ids de 1244024 à 1244223
bulk : {
  "took" : 26,
  "errors" :  ...
91: 5201 voies traitées
voie : bulk pour les ids de 1244224 à 1244423
bulk : {
  "took" : 12,
  "errors" :  ...
91: 5401 voies traitées
voie : bulk pour les ids de 1244424 à 1244623
bulk : {
  "took" : 13,
  "errors" :  ...
91: 5601 voies traitées
voie : bulk pour les ids de 1244624 à 1244823
bulk : {
  "took" : 13,
  "errors" :  ...
91: 5801 voies traitées
voie : bulk pour les ids de 1244824 à 1245023
bulk : {
  "took" : 13,
  "errors" :  ...
91: 6001 voies traitées
voie : bulk pour les ids de 1245024 à 1245223
bulk : {
  "took" : 13,
  "errors" :  ...
91: 6201 voies traitées
voie : bulk pour les ids de 1245224 à 1245423
bulk : {
  "took" : 14,
  "errors" :  ...
91: 6401 voies traitées
voie : bulk pour les ids de 1245424 à 1245623
bulk : {
  "took" : 13,
  "errors" :  ...
91: 6601 voies traitées
voie : bulk pour les ids de 1245624 à 1245823
bulk : {
  "took" : 13,
  "errors" :  ...
91: 6801 voies traitées
voie : bulk pour les ids de 1245824 à 1246023
bulk : {
  "took" : 13,
  "errors" :  ...
91: 7001 voies traitées
voie : bulk pour les ids de 1246024 à 1246223
bulk : {
  "took" : 29,
  "errors" :  ...
91: 7201 voies traitées
voie : bulk pour les ids de 1246224 à 1246423
bulk : {
  "took" : 13,
  "errors" :  ...
91: 7401 voies traitées
voie : bulk pour les ids de 1246424 à 1246623
bulk : {
  "took" : 13,
  "errors" :  ...
91: 7601 voies traitées
voie : bulk pour les ids de 1246624 à 1246823
bulk : {
  "took" : 13,
  "errors" :  ...
91: 7801 voies traitées
voie : bulk pour les ids de 1246824 à 1247023
bulk : {
  "took" : 13,
  "errors" :  ...
91: 8001 voies traitées
voie : bulk pour les ids de 1247024 à 1247223
bulk : {
  "took" : 13,
  "errors" :  ...
91: 8201 voies traitées
voie : bulk pour les ids de 1247224 à 1247423
bulk : {
  "took" : 52,
  "errors" :  ...
91: 8401 voies traitées
voie : bulk pour les ids de 1247424 à 1247623
bulk : {
  "took" : 13,
  "errors" :  ...
91: 8601 voies traitées
voie : bulk pour les ids de 1247624 à 1247823
bulk : {
  "took" : 13,
  "errors" :  ...
91: 8801 voies traitées
voie : bulk pour les ids de 1247824 à 1248023
bulk : {
  "took" : 12,
  "errors" :  ...
91: 9001 voies traitées
voie : bulk pour les ids de 1248024 à 1248223
bulk : {
  "took" : 12,
  "errors" :  ...
91: 9201 voies traitées
voie : bulk pour les ids de 1248224 à 1248423
bulk : {
  "took" : 13,
  "errors" :  ...
91: 9401 voies traitées
voie : bulk pour les ids de 1248424 à 1248623
bulk : {
  "took" : 13,
  "errors" :  ...
91: 9601 voies traitées
voie : bulk pour les ids de 1248624 à 1248823
bulk : {
  "took" : 44,
  "errors" :  ...
91: 9801 voies traitées
voie : bulk pour les ids de 1248824 à 1249023
bulk : {
  "took" : 12,
  "errors" :  ...
91: 10001 voies traitées
voie : bulk pour les ids de 1249024 à 1249223
bulk : {
  "took" : 12,
  "errors" :  ...
91: 10201 voies traitées
voie : bulk pour les ids de 1249224 à 1249423
bulk : {
  "took" : 13,
  "errors" :  ...
91: 10401 voies traitées
voie : bulk pour les ids de 1249424 à 1249623
bulk : {
  "took" : 12,
  "errors" :  ...
91: 10601 voies traitées
voie : bulk pour les ids de 1249624 à 1249823
bulk : {
  "took" : 14,
  "errors" :  ...
91: 10801 voies traitées
voie : bulk pour les ids de 1249824 à 1250023
bulk : {
  "took" : 14,
  "errors" :  ...
91: 11001 voies traitées
voie : bulk pour les ids de 1250024 à 1250223
bulk : {
  "took" : 13,
  "errors" :  ...
91: 11201 voies traitées
voie : bulk pour les ids de 1250224 à 1250423
bulk : {
  "took" : 13,
  "errors" :  ...
91: 11401 voies traitées
voie : bulk pour les ids de 1250424 à 1250623
bulk : {
  "took" : 36,
  "errors" :  ...
91: 11601 voies traitées
voie : bulk pour les ids de 1250624 à 1250823
bulk : {
  "took" : 13,
  "errors" :  ...
91: 11801 voies traitées
voie : bulk pour les ids de 1250824 à 1251023
bulk : {
  "took" : 13,
  "errors" :  ...
91: 12001 voies traitées
voie : bulk pour les ids de 1251024 à 1251223
bulk : {
  "took" : 12,
  "errors" :  ...
91: 12201 voies traitées
voie : bulk pour les ids de 1251224 à 1251423
bulk : {
  "took" : 12,
  "errors" :  ...
91: 12401 voies traitées
voie : bulk pour les ids de 1251424 à 1251623
bulk : {
  "took" : 13,
  "errors" :  ...
91: 12601 voies traitées
voie : bulk pour les ids de 1251624 à 1251823
bulk : {
  "took" : 14,
  "errors" :  ...
91: 12801 voies traitées
voie : bulk pour les ids de 1251824 à 1252023
bulk : {
  "took" : 13,
  "errors" :  ...
91: 13001 voies traitées
voie : bulk pour les ids de 1252024 à 1252223
bulk : {
  "took" : 14,
  "errors" :  ...
91: 13201 voies traitées
voie : bulk pour les ids de 1252224 à 1252423
bulk : {
  "took" : 14,
  "errors" :  ...
91: 13401 voies traitées
voie : bulk pour les ids de 1252424 à 1252623
bulk : {
  "took" : 13,
  "errors" :  ...
91: 13601 voies traitées
voie : bulk pour les ids de 1252624 à 1252823
bulk : {
  "took" : 41,
  "errors" :  ...
91: 13801 voies traitées
voie : bulk pour les ids de 1252824 à 1253023
bulk : {
  "took" : 12,
  "errors" :  ...
91: 14001 voies traitées
voie : bulk pour les ids de 1253024 à 1253223
bulk : {
  "took" : 13,
  "errors" :  ...
91: 14201 voies traitées
voie : bulk pour les ids de 1253224 à 1253423
bulk : {
  "took" : 16,
  "errors" :  ...
91: 14401 voies traitées
voie : bulk pour les ids de 1253424 à 1253623
bulk : {
  "took" : 14,
  "errors" :  ...
91: 14601 voies traitées
voie : bulk pour les ids de 1253624 à 1253823
bulk : {
  "took" : 13,
  "errors" :  ...
91: 14801 voies traitées
voie : bulk pour les ids de 1253824 à 1254023
bulk : {
  "took" : 13,
  "errors" :  ...
91: 15001 voies traitées
voie : bulk pour les ids de 1254024 à 1254223
bulk : {
  "took" : 13,
  "errors" :  ...
91: 15201 voies traitées
voie : bulk pour les ids de 1254224 à 1254423
bulk : {
  "took" : 12,
  "errors" :  ...
91: 15401 voies traitées
voie : bulk pour les ids de 1254424 à 1254623
bulk : {
  "took" : 34,
  "errors" :  ...
91: 15601 voies traitées
voie : bulk pour les ids de 1254624 à 1254823
bulk : {
  "took" : 13,
  "errors" :  ...
91: 15801 voies traitées
voie : bulk pour les ids de 1254824 à 1255023
bulk : {
  "took" : 13,
  "errors" :  ...
91: 16001 voies traitées
voie : bulk pour les ids de 1255024 à 1255223
bulk : {
  "took" : 13,
  "errors" :  ...
91: 16201 voies traitées
voie : bulk pour les ids de 1255224 à 1255423
bulk : {
  "took" : 13,
  "errors" :  ...
91: 16401 voies traitées
voie : bulk pour les ids de 1255424 à 1255623
bulk : {
  "took" : 12,
  "errors" :  ...
91: 16601 voies traitées
voie : bulk pour les ids de 1255624 à 1255823
bulk : {
  "took" : 12,
  "errors" :  ...
91: 16801 voies traitées
voie : bulk pour les ids de 1255824 à 1256003
bulk : {
  "took" : 12,
  "errors" :  ...
dpt 91 : adresses
91: 1 adresses traitées
91: 1001 adresses traitées
adresse : bulk pour les ids de 17136533 à 17137532
bulk : {
  "took" : 74,
  "errors" :  ...
91: 2001 adresses traitées
adresse : bulk pour les ids de 17137533 à 17138532
bulk : {
  "took" : 107,
  "errors" : ...
91: 3001 adresses traitées
adresse : bulk pour les ids de 17138533 à 17139532
bulk : {
  "took" : 77,
  "errors" :  ...
91: 4001 adresses traitées
adresse : bulk pour les ids de 17139533 à 17140532
bulk : {
  "took" : 97,
  "errors" :  ...
91: 5001 adresses traitées
adresse : bulk pour les ids de 17140533 à 17141532
bulk : {
  "took" : 76,
  "errors" :  ...
91: 6001 adresses traitées
adresse : bulk pour les ids de 17141533 à 17142532
bulk : {
  "took" : 109,
  "errors" : ...
91: 7001 adresses traitées
adresse : bulk pour les ids de 17142533 à 17143532
bulk : {
  "took" : 102,
  "errors" : ...
91: 8001 adresses traitées
adresse : bulk pour les ids de 17143533 à 17144532
bulk : {
  "took" : 100,
  "errors" : ...
91: 9001 adresses traitées
adresse : bulk pour les ids de 17144533 à 17145532
bulk : {
  "took" : 91,
  "errors" :  ...
91: 10001 adresses traitées
adresse : bulk pour les ids de 17145533 à 17146532
bulk : {
  "took" : 97,
  "errors" :  ...
91: 11001 adresses traitées
adresse : bulk pour les ids de 17146533 à 17147532
bulk : {
  "took" : 118,
  "errors" : ...
91: 12001 adresses traitées
adresse : bulk pour les ids de 17147533 à 17148532
bulk : {
  "took" : 98,
  "errors" :  ...
91: 13001 adresses traitées
adresse : bulk pour les ids de 17148533 à 17149532
bulk : {
  "took" : 76,
  "errors" :  ...
91: 14001 adresses traitées
adresse : bulk pour les ids de 17149533 à 17150532
bulk : {
  "took" : 90,
  "errors" :  ...
91: 15001 adresses traitées
adresse : bulk pour les ids de 17150533 à 17151532
bulk : {
  "took" : 75,
  "errors" :  ...
91: 16001 adresses traitées
adresse : bulk pour les ids de 17151533 à 17152532
bulk : {
  "took" : 104,
  "errors" : ...
91: 17001 adresses traitées
adresse : bulk pour les ids de 17152533 à 17153532
bulk : {
  "took" : 94,
  "errors" :  ...
91: 18001 adresses traitées
adresse : bulk pour les ids de 17153533 à 17154532
bulk : {
  "took" : 74,
  "errors" :  ...
91: 19001 adresses traitées
adresse : bulk pour les ids de 17154533 à 17155532
bulk : {
  "took" : 104,
  "errors" : ...
91: 20001 adresses traitées
adresse : bulk pour les ids de 17155533 à 17156532
bulk : {
  "took" : 76,
  "errors" :  ...
91: 21001 adresses traitées
adresse : bulk pour les ids de 17156533 à 17157532
bulk : {
  "took" : 75,
  "errors" :  ...
91: 22001 adresses traitées
adresse : bulk pour les ids de 17157533 à 17158532
bulk : {
  "took" : 106,
  "errors" : ...
91: 23001 adresses traitées
adresse : bulk pour les ids de 17158533 à 17159532
bulk : {
  "took" : 91,
  "errors" :  ...
91: 24001 adresses traitées
adresse : bulk pour les ids de 17159533 à 17160532
bulk : {
  "took" : 81,
  "errors" :  ...
91: 25001 adresses traitées
adresse : bulk pour les ids de 17160533 à 17161532
bulk : {
  "took" : 103,
  "errors" : ...
91: 26001 adresses traitées
adresse : bulk pour les ids de 17161533 à 17162532
bulk : {
  "took" : 93,
  "errors" :  ...
91: 27001 adresses traitées
adresse : bulk pour les ids de 17162533 à 17163532
bulk : {
  "took" : 77,
  "errors" :  ...
91: 28001 adresses traitées
adresse : bulk pour les ids de 17163533 à 17164532
bulk : {
  "took" : 87,
  "errors" :  ...
91: 29001 adresses traitées
adresse : bulk pour les ids de 17164533 à 17165532
bulk : {
  "took" : 105,
  "errors" : ...
91: 30001 adresses traitées
adresse : bulk pour les ids de 17165533 à 17166532
bulk : {
  "took" : 75,
  "errors" :  ...
91: 31001 adresses traitées
adresse : bulk pour les ids de 17166533 à 17167532
bulk : {
  "took" : 103,
  "errors" : ...
91: 32001 adresses traitées
adresse : bulk pour les ids de 17167533 à 17168532
bulk : {
  "took" : 72,
  "errors" :  ...
91: 33001 adresses traitées
adresse : bulk pour les ids de 17168533 à 17169532
bulk : {
  "took" : 108,
  "errors" : ...
91: 34001 adresses traitées
adresse : bulk pour les ids de 17169533 à 17170532
bulk : {
  "took" : 88,
  "errors" :  ...
91: 35001 adresses traitées
adresse : bulk pour les ids de 17170533 à 17171532
bulk : {
  "took" : 88,
  "errors" :  ...
91: 36001 adresses traitées
adresse : bulk pour les ids de 17171533 à 17172532
bulk : {
  "took" : 91,
  "errors" :  ...
91: 37001 adresses traitées
adresse : bulk pour les ids de 17172533 à 17173532
bulk : {
  "took" : 90,
  "errors" :  ...
91: 38001 adresses traitées
adresse : bulk pour les ids de 17173533 à 17174532
bulk : {
  "took" : 89,
  "errors" :  ...
91: 39001 adresses traitées
adresse : bulk pour les ids de 17174533 à 17175532
bulk : {
  "took" : 89,
  "errors" :  ...
91: 40001 adresses traitées
adresse : bulk pour les ids de 17175533 à 17176532
bulk : {
  "took" : 90,
  "errors" :  ...
91: 41001 adresses traitées
adresse : bulk pour les ids de 17176533 à 17177532
bulk : {
  "took" : 105,
  "errors" : ...
91: 42001 adresses traitées
adresse : bulk pour les ids de 17177533 à 17178532
bulk : {
  "took" : 96,
  "errors" :  ...
91: 43001 adresses traitées
adresse : bulk pour les ids de 17178533 à 17179532
bulk : {
  "took" : 80,
  "errors" :  ...
91: 44001 adresses traitées
adresse : bulk pour les ids de 17179533 à 17180532
bulk : {
  "took" : 92,
  "errors" :  ...
91: 45001 adresses traitées
adresse : bulk pour les ids de 17180533 à 17181532
bulk : {
  "took" : 94,
  "errors" :  ...
91: 46001 adresses traitées
adresse : bulk pour les ids de 17181533 à 17182532
bulk : {
  "took" : 93,
  "errors" :  ...
91: 47001 adresses traitées
adresse : bulk pour les ids de 17182533 à 17183532
bulk : {
  "took" : 78,
  "errors" :  ...
91: 48001 adresses traitées
adresse : bulk pour les ids de 17183533 à 17184532
bulk : {
  "took" : 107,
  "errors" : ...
91: 49001 adresses traitées
adresse : bulk pour les ids de 17184533 à 17185532
bulk : {
  "took" : 89,
  "errors" :  ...
91: 50001 adresses traitées
adresse : bulk pour les ids de 17185533 à 17186532
bulk : {
  "took" : 96,
  "errors" :  ...
91: 51001 adresses traitées
adresse : bulk pour les ids de 17186533 à 17187532
bulk : {
  "took" : 73,
  "errors" :  ...
91: 52001 adresses traitées
adresse : bulk pour les ids de 17187533 à 17188532
bulk : {
  "took" : 103,
  "errors" : ...
91: 53001 adresses traitées
adresse : bulk pour les ids de 17188533 à 17189532
bulk : {
  "took" : 73,
  "errors" :  ...
91: 54001 adresses traitées
adresse : bulk pour les ids de 17189533 à 17190532
bulk : {
  "took" : 102,
  "errors" : ...
91: 55001 adresses traitées
adresse : bulk pour les ids de 17190533 à 17191532
bulk : {
  "took" : 72,
  "errors" :  ...
91: 56001 adresses traitées
adresse : bulk pour les ids de 17191533 à 17192532
bulk : {
  "took" : 93,
  "errors" :  ...
91: 57001 adresses traitées
adresse : bulk pour les ids de 17192533 à 17193532
bulk : {
  "took" : 86,
  "errors" :  ...
91: 58001 adresses traitées
adresse : bulk pour les ids de 17193533 à 17194532
bulk : {
  "took" : 88,
  "errors" :  ...
91: 59001 adresses traitées
adresse : bulk pour les ids de 17194533 à 17195532
bulk : {
  "took" : 94,
  "errors" :  ...
91: 60001 adresses traitées
adresse : bulk pour les ids de 17195533 à 17196532
bulk : {
  "took" : 101,
  "errors" : ...
91: 61001 adresses traitées
adresse : bulk pour les ids de 17196533 à 17197532
bulk : {
  "took" : 92,
  "errors" :  ...
91: 62001 adresses traitées
adresse : bulk pour les ids de 17197533 à 17198532
bulk : {
  "took" : 102,
  "errors" : ...
91: 63001 adresses traitées
adresse : bulk pour les ids de 17198533 à 17199532
bulk : {
  "took" : 74,
  "errors" :  ...
91: 64001 adresses traitées
adresse : bulk pour les ids de 17199533 à 17200532
bulk : {
  "took" : 95,
  "errors" :  ...
91: 65001 adresses traitées
adresse : bulk pour les ids de 17200533 à 17201532
bulk : {
  "took" : 91,
  "errors" :  ...
91: 66001 adresses traitées
adresse : bulk pour les ids de 17201533 à 17202532
bulk : {
  "took" : 84,
  "errors" :  ...
91: 67001 adresses traitées
adresse : bulk pour les ids de 17202533 à 17203532
bulk : {
  "took" : 85,
  "errors" :  ...
91: 68001 adresses traitées
adresse : bulk pour les ids de 17203533 à 17204532
bulk : {
  "took" : 97,
  "errors" :  ...
91: 69001 adresses traitées
adresse : bulk pour les ids de 17204533 à 17205532
bulk : {
  "took" : 73,
  "errors" :  ...
91: 70001 adresses traitées
adresse : bulk pour les ids de 17205533 à 17206532
bulk : {
  "took" : 93,
  "errors" :  ...
91: 71001 adresses traitées
adresse : bulk pour les ids de 17206533 à 17207532
bulk : {
  "took" : 72,
  "errors" :  ...
91: 72001 adresses traitées
adresse : bulk pour les ids de 17207533 à 17208532
bulk : {
  "took" : 101,
  "errors" : ...
91: 73001 adresses traitées
adresse : bulk pour les ids de 17208533 à 17209532
bulk : {
  "took" : 73,
  "errors" :  ...
91: 74001 adresses traitées
adresse : bulk pour les ids de 17209533 à 17210532
bulk : {
  "took" : 106,
  "errors" : ...
91: 75001 adresses traitées
adresse : bulk pour les ids de 17210533 à 17211532
bulk : {
  "took" : 92,
  "errors" :  ...
91: 76001 adresses traitées
adresse : bulk pour les ids de 17211533 à 17212532
bulk : {
  "took" : 89,
  "errors" :  ...
91: 77001 adresses traitées
adresse : bulk pour les ids de 17212533 à 17213532
bulk : {
  "took" : 73,
  "errors" :  ...
91: 78001 adresses traitées
adresse : bulk pour les ids de 17213533 à 17214532
bulk : {
  "took" : 107,
  "errors" : ...
91: 79001 adresses traitées
adresse : bulk pour les ids de 17214533 à 17215532
bulk : {
  "took" : 95,
  "errors" :  ...
91: 80001 adresses traitées
adresse : bulk pour les ids de 17215533 à 17216532
bulk : {
  "took" : 94,
  "errors" :  ...
91: 81001 adresses traitées
adresse : bulk pour les ids de 17216533 à 17217532
bulk : {
  "took" : 87,
  "errors" :  ...
91: 82001 adresses traitées
adresse : bulk pour les ids de 17217533 à 17218532
bulk : {
  "took" : 105,
  "errors" : ...
91: 83001 adresses traitées
adresse : bulk pour les ids de 17218533 à 17219532
bulk : {
  "took" : 74,
  "errors" :  ...
91: 84001 adresses traitées
adresse : bulk pour les ids de 17219533 à 17220532
bulk : {
  "took" : 106,
  "errors" : ...
91: 85001 adresses traitées
91: 86001 adresses traitées
adresse : bulk pour les ids de 17220533 à 17221532
bulk : {
  "took" : 73,
  "errors" :  ...
91: 87001 adresses traitées
adresse : bulk pour les ids de 17221533 à 17222532
bulk : {
  "took" : 107,
  "errors" : ...
91: 88001 adresses traitées
adresse : bulk pour les ids de 17222533 à 17223532
bulk : {
  "took" : 87,
  "errors" :  ...
91: 89001 adresses traitées
adresse : bulk pour les ids de 17223533 à 17224532
bulk : {
  "took" : 92,
  "errors" :  ...
91: 90001 adresses traitées
adresse : bulk pour les ids de 17224533 à 17225532
bulk : {
  "took" : 99,
  "errors" :  ...
91: 91001 adresses traitées
adresse : bulk pour les ids de 17225533 à 17226532
bulk : {
  "took" : 102,
  "errors" : ...
91: 92001 adresses traitées
adresse : bulk pour les ids de 17226533 à 17227532
bulk : {
  "took" : 85,
  "errors" :  ...
91: 93001 adresses traitées
adresse : bulk pour les ids de 17227533 à 17228532
bulk : {
  "took" : 105,
  "errors" : ...
91: 94001 adresses traitées
adresse : bulk pour les ids de 17228533 à 17229532
bulk : {
  "took" : 95,
  "errors" :  ...
91: 95001 adresses traitées
adresse : bulk pour les ids de 17229533 à 17230532
bulk : {
  "took" : 82,
  "errors" :  ...
91: 96001 adresses traitées
adresse : bulk pour les ids de 17230533 à 17231532
bulk : {
  "took" : 95,
  "errors" :  ...
91: 97001 adresses traitées
adresse : bulk pour les ids de 17231533 à 17232532
bulk : {
  "took" : 101,
  "errors" : ...
91: 98001 adresses traitées
adresse : bulk pour les ids de 17232533 à 17233532
bulk : {
  "took" : 85,
  "errors" :  ...
91: 99001 adresses traitées
adresse : bulk pour les ids de 17233533 à 17234532
bulk : {
  "took" : 96,
  "errors" :  ...
91: 100001 adresses traitées
adresse : bulk pour les ids de 17234533 à 17235532
bulk : {
  "took" : 92,
  "errors" :  ...
91: 101001 adresses traitées
adresse : bulk pour les ids de 17235533 à 17236532
bulk : {
  "took" : 86,
  "errors" :  ...
91: 102001 adresses traitées
adresse : bulk pour les ids de 17236533 à 17237532
bulk : {
  "took" : 80,
  "errors" :  ...
91: 103001 adresses traitées
adresse : bulk pour les ids de 17237533 à 17238532
bulk : {
  "took" : 73,
  "errors" :  ...
91: 104001 adresses traitées
adresse : bulk pour les ids de 17238533 à 17239532
bulk : {
  "took" : 89,
  "errors" :  ...
91: 105001 adresses traitées
adresse : bulk pour les ids de 17239533 à 17240532
bulk : {
  "took" : 86,
  "errors" :  ...
91: 106001 adresses traitées
adresse : bulk pour les ids de 17240533 à 17241532
bulk : {
  "took" : 93,
  "errors" :  ...
91: 107001 adresses traitées
adresse : bulk pour les ids de 17241533 à 17242532
bulk : {
  "took" : 73,
  "errors" :  ...
91: 108001 adresses traitées
adresse : bulk pour les ids de 17242533 à 17243532
bulk : {
  "took" : 100,
  "errors" : ...
91: 109001 adresses traitées
adresse : bulk pour les ids de 17243533 à 17244532
bulk : {
  "took" : 73,
  "errors" :  ...
91: 110001 adresses traitées
adresse : bulk pour les ids de 17244533 à 17245532
bulk : {
  "took" : 101,
  "errors" : ...
91: 111001 adresses traitées
adresse : bulk pour les ids de 17245533 à 17246532
bulk : {
  "took" : 86,
  "errors" :  ...
91: 112001 adresses traitées
adresse : bulk pour les ids de 17246533 à 17247532
bulk : {
  "took" : 83,
  "errors" :  ...
91: 113001 adresses traitées
adresse : bulk pour les ids de 17247533 à 17248532
bulk : {
  "took" : 89,
  "errors" :  ...
91: 114001 adresses traitées
adresse : bulk pour les ids de 17248533 à 17249532
bulk : {
  "took" : 95,
  "errors" :  ...
91: 115001 adresses traitées
adresse : bulk pour les ids de 17249533 à 17250532
bulk : {
  "took" : 75,
  "errors" :  ...
91: 116001 adresses traitées
adresse : bulk pour les ids de 17250533 à 17251532
bulk : {
  "took" : 83,
  "errors" :  ...
91: 117001 adresses traitées
adresse : bulk pour les ids de 17251533 à 17252532
bulk : {
  "took" : 91,
  "errors" :  ...
91: 118001 adresses traitées
adresse : bulk pour les ids de 17252533 à 17253532
bulk : {
  "took" : 83,
  "errors" :  ...
91: 119001 adresses traitées
adresse : bulk pour les ids de 17253533 à 17254532
bulk : {
  "took" : 86,
  "errors" :  ...
91: 120001 adresses traitées
adresse : bulk pour les ids de 17254533 à 17255532
bulk : {
  "took" : 89,
  "errors" :  ...
91: 121001 adresses traitées
adresse : bulk pour les ids de 17255533 à 17256532
bulk : {
  "took" : 73,
  "errors" :  ...
91: 122001 adresses traitées
adresse : bulk pour les ids de 17256533 à 17257532
bulk : {
  "took" : 106,
  "errors" : ...
91: 123001 adresses traitées
adresse : bulk pour les ids de 17257533 à 17258532
bulk : {
  "took" : 73,
  "errors" :  ...
91: 124001 adresses traitées
adresse : bulk pour les ids de 17258533 à 17259532
bulk : {
  "took" : 105,
  "errors" : ...
91: 125001 adresses traitées
adresse : bulk pour les ids de 17259533 à 17260532
bulk : {
  "took" : 73,
  "errors" :  ...
91: 126001 adresses traitées
adresse : bulk pour les ids de 17260533 à 17261532
bulk : {
  "took" : 103,
  "errors" : ...
91: 127001 adresses traitées
adresse : bulk pour les ids de 17261533 à 17262532
bulk : {
  "took" : 91,
  "errors" :  ...
91: 128001 adresses traitées
adresse : bulk pour les ids de 17262533 à 17263532
bulk : {
  "took" : 94,
  "errors" :  ...
91: 129001 adresses traitées
adresse : bulk pour les ids de 17263533 à 17264532
bulk : {
  "took" : 75,
  "errors" :  ...
91: 130001 adresses traitées
adresse : bulk pour les ids de 17264533 à 17265532
bulk : {
  "took" : 103,
  "errors" : ...
91: 131001 adresses traitées
adresse : bulk pour les ids de 17265533 à 17266532
bulk : {
  "took" : 74,
  "errors" :  ...
91: 132001 adresses traitées
adresse : bulk pour les ids de 17266533 à 17267532
bulk : {
  "took" : 107,
  "errors" : ...
91: 133001 adresses traitées
adresse : bulk pour les ids de 17267533 à 17268532
bulk : {
  "took" : 99,
  "errors" :  ...
91: 134001 adresses traitées
adresse : bulk pour les ids de 17268533 à 17269532
bulk : {
  "took" : 92,
  "errors" :  ...
91: 135001 adresses traitées
adresse : bulk pour les ids de 17269533 à 17270532
bulk : {
  "took" : 86,
  "errors" :  ...
91: 136001 adresses traitées
adresse : bulk pour les ids de 17270533 à 17271532
bulk : {
  "took" : 102,
  "errors" : ...
91: 137001 adresses traitées
adresse : bulk pour les ids de 17271533 à 17272532
bulk : {
  "took" : 74,
  "errors" :  ...
91: 138001 adresses traitées
adresse : bulk pour les ids de 17272533 à 17273532
bulk : {
  "took" : 105,
  "errors" : ...
91: 139001 adresses traitées
adresse : bulk pour les ids de 17273533 à 17274532
bulk : {
  "took" : 87,
  "errors" :  ...
91: 140001 adresses traitées
adresse : bulk pour les ids de 17274533 à 17275532
bulk : {
  "took" : 93,
  "errors" :  ...
91: 141001 adresses traitées
adresse : bulk pour les ids de 17275533 à 17276532
bulk : {
  "took" : 91,
  "errors" :  ...
91: 142001 adresses traitées
adresse : bulk pour les ids de 17276533 à 17277532
bulk : {
  "took" : 89,
  "errors" :  ...
91: 143001 adresses traitées
adresse : bulk pour les ids de 17277533 à 17278532
bulk : {
  "took" : 89,
  "errors" :  ...
91: 144001 adresses traitées
adresse : bulk pour les ids de 17278533 à 17279532
bulk : {
  "took" : 91,
  "errors" :  ...
91: 145001 adresses traitées
adresse : bulk pour les ids de 17279533 à 17280532
bulk : {
  "took" : 83,
  "errors" :  ...
91: 146001 adresses traitées
adresse : bulk pour les ids de 17280533 à 17281532
bulk : {
  "took" : 94,
  "errors" :  ...
91: 147001 adresses traitées
adresse : bulk pour les ids de 17281533 à 17282532
bulk : {
  "took" : 95,
  "errors" :  ...
91: 148001 adresses traitées
adresse : bulk pour les ids de 17282533 à 17283532
bulk : {
  "took" : 75,
  "errors" :  ...
91: 149001 adresses traitées
adresse : bulk pour les ids de 17283533 à 17284532
bulk : {
  "took" : 97,
  "errors" :  ...
91: 150001 adresses traitées
adresse : bulk pour les ids de 17284533 à 17285532
bulk : {
  "took" : 90,
  "errors" :  ...
91: 151001 adresses traitées
adresse : bulk pour les ids de 17285533 à 17286532
bulk : {
  "took" : 89,
  "errors" :  ...
91: 152001 adresses traitées
adresse : bulk pour les ids de 17286533 à 17287532
bulk : {
  "took" : 88,
  "errors" :  ...
91: 153001 adresses traitées
adresse : bulk pour les ids de 17287533 à 17288532
bulk : {
  "took" : 99,
  "errors" :  ...
91: 154001 adresses traitées
adresse : bulk pour les ids de 17288533 à 17289532
bulk : {
  "took" : 76,
  "errors" :  ...
91: 155001 adresses traitées
adresse : bulk pour les ids de 17289533 à 17290532
bulk : {
  "took" : 100,
  "errors" : ...
91: 156001 adresses traitées
adresse : bulk pour les ids de 17290533 à 17291532
bulk : {
  "took" : 88,
  "errors" :  ...
91: 157001 adresses traitées
adresse : bulk pour les ids de 17291533 à 17292532
bulk : {
  "took" : 89,
  "errors" :  ...
91: 158001 adresses traitées
adresse : bulk pour les ids de 17292533 à 17293532
bulk : {
  "took" : 93,
  "errors" :  ...
91: 159001 adresses traitées
91: 160001 adresses traitées
adresse : bulk pour les ids de 17293533 à 17294532
bulk : {
  "took" : 82,
  "errors" :  ...
91: 161001 adresses traitées
adresse : bulk pour les ids de 17294533 à 17295532
bulk : {
  "took" : 96,
  "errors" :  ...
91: 162001 adresses traitées
adresse : bulk pour les ids de 17295533 à 17296532
bulk : {
  "took" : 83,
  "errors" :  ...
91: 163001 adresses traitées
adresse : bulk pour les ids de 17296533 à 17297532
bulk : {
  "took" : 94,
  "errors" :  ...
91: 164001 adresses traitées
adresse : bulk pour les ids de 17297533 à 17298532
bulk : {
  "took" : 110,
  "errors" : ...
91: 165001 adresses traitées
adresse : bulk pour les ids de 17298533 à 17299532
bulk : {
  "took" : 90,
  "errors" :  ...
91: 166001 adresses traitées
adresse : bulk pour les ids de 17299533 à 17300532
bulk : {
  "took" : 104,
  "errors" : ...
91: 167001 adresses traitées
adresse : bulk pour les ids de 17300533 à 17301532
bulk : {
  "took" : 71,
  "errors" :  ...
91: 168001 adresses traitées
adresse : bulk pour les ids de 17301533 à 17302532
bulk : {
  "took" : 105,
  "errors" : ...
91: 169001 adresses traitées
adresse : bulk pour les ids de 17302533 à 17303532
bulk : {
  "took" : 74,
  "errors" :  ...
91: 170001 adresses traitées
adresse : bulk pour les ids de 17303533 à 17304532
bulk : {
  "took" : 101,
  "errors" : ...
91: 171001 adresses traitées
adresse : bulk pour les ids de 17304533 à 17305532
bulk : {
  "took" : 73,
  "errors" :  ...
91: 172001 adresses traitées
adresse : bulk pour les ids de 17305533 à 17306532
bulk : {
  "took" : 101,
  "errors" : ...
91: 173001 adresses traitées
adresse : bulk pour les ids de 17306533 à 17307532
bulk : {
  "took" : 73,
  "errors" :  ...
91: 174001 adresses traitées
adresse : bulk pour les ids de 17307533 à 17308532
bulk : {
  "took" : 108,
  "errors" : ...
91: 175001 adresses traitées
adresse : bulk pour les ids de 17308533 à 17309532
bulk : {
  "took" : 92,
  "errors" :  ...
91: 176001 adresses traitées
adresse : bulk pour les ids de 17309533 à 17310532
bulk : {
  "took" : 91,
  "errors" :  ...
91: 177001 adresses traitées
adresse : bulk pour les ids de 17310533 à 17311532
bulk : {
  "took" : 88,
  "errors" :  ...
91: 178001 adresses traitées
adresse : bulk pour les ids de 17311533 à 17312532
bulk : {
  "took" : 91,
  "errors" :  ...
91: 179001 adresses traitées
adresse : bulk pour les ids de 17312533 à 17313532
bulk : {
  "took" : 88,
  "errors" :  ...
91: 180001 adresses traitées
adresse : bulk pour les ids de 17313533 à 17314532
bulk : {
  "took" : 114,
  "errors" : ...
91: 181001 adresses traitées
adresse : bulk pour les ids de 17314533 à 17315532
bulk : {
  "took" : 73,
  "errors" :  ...
91: 182001 adresses traitées
adresse : bulk pour les ids de 17315533 à 17316532
bulk : {
  "took" : 103,
  "errors" : ...
91: 183001 adresses traitées
adresse : bulk pour les ids de 17316533 à 17317532
bulk : {
  "took" : 87,
  "errors" :  ...
91: 184001 adresses traitées
adresse : bulk pour les ids de 17317533 à 17318532
bulk : {
  "took" : 88,
  "errors" :  ...
91: 185001 adresses traitées
adresse : bulk pour les ids de 17318533 à 17319532
bulk : {
  "took" : 92,
  "errors" :  ...
91: 186001 adresses traitées
adresse : bulk pour les ids de 17319533 à 17320532
bulk : {
  "took" : 91,
  "errors" :  ...
91: 187001 adresses traitées
adresse : bulk pour les ids de 17320533 à 17321532
bulk : {
  "took" : 77,
  "errors" :  ...
91: 188001 adresses traitées
adresse : bulk pour les ids de 17321533 à 17322532
bulk : {
  "took" : 114,
  "errors" : ...
91: 189001 adresses traitées
adresse : bulk pour les ids de 17322533 à 17323532
bulk : {
  "took" : 82,
  "errors" :  ...
91: 190001 adresses traitées
adresse : bulk pour les ids de 17323533 à 17324532
bulk : {
  "took" : 96,
  "errors" :  ...
91: 191001 adresses traitées
adresse : bulk pour les ids de 17324533 à 17325532
bulk : {
  "took" : 96,
  "errors" :  ...
91: 192001 adresses traitées
adresse : bulk pour les ids de 17325533 à 17326532
bulk : {
  "took" : 75,
  "errors" :  ...
91: 193001 adresses traitées
adresse : bulk pour les ids de 17326533 à 17327532
bulk : {
  "took" : 95,
  "errors" :  ...
91: 194001 adresses traitées
adresse : bulk pour les ids de 17327533 à 17328532
bulk : {
  "took" : 86,
  "errors" :  ...
91: 195001 adresses traitées
adresse : bulk pour les ids de 17328533 à 17329532
bulk : {
  "took" : 81,
  "errors" :  ...
91: 196001 adresses traitées
adresse : bulk pour les ids de 17329533 à 17330532
bulk : {
  "took" : 90,
  "errors" :  ...
91: 197001 adresses traitées
adresse : bulk pour les ids de 17330533 à 17331532
bulk : {
  "took" : 84,
  "errors" :  ...
91: 198001 adresses traitées
adresse : bulk pour les ids de 17331533 à 17332532
bulk : {
  "took" : 90,
  "errors" :  ...
91: 199001 adresses traitées
adresse : bulk pour les ids de 17332533 à 17333532
bulk : {
  "took" : 98,
  "errors" :  ...
91: 200001 adresses traitées
adresse : bulk pour les ids de 17333533 à 17334532
bulk : {
  "took" : 76,
  "errors" :  ...
91: 201001 adresses traitées
adresse : bulk pour les ids de 17334533 à 17335532
bulk : {
  "took" : 103,
  "errors" : ...
91: 202001 adresses traitées
adresse : bulk pour les ids de 17335533 à 17336532
bulk : {
  "took" : 81,
  "errors" :  ...
91: 203001 adresses traitées
adresse : bulk pour les ids de 17336533 à 17337532
bulk : {
  "took" : 100,
  "errors" : ...
91: 204001 adresses traitées
adresse : bulk pour les ids de 17337533 à 17338532
bulk : {
  "took" : 89,
  "errors" :  ...
91: 205001 adresses traitées
adresse : bulk pour les ids de 17338533 à 17339532
bulk : {
  "took" : 94,
  "errors" :  ...
91: 206001 adresses traitées
91: 207001 adresses traitées
adresse : bulk pour les ids de 17339533 à 17340532
bulk : {
  "took" : 74,
  "errors" :  ...
91: 208001 adresses traitées
adresse : bulk pour les ids de 17340533 à 17341532
bulk : {
  "took" : 97,
  "errors" :  ...
91: 209001 adresses traitées
adresse : bulk pour les ids de 17341533 à 17342532
bulk : {
  "took" : 74,
  "errors" :  ...
91: 210001 adresses traitées
adresse : bulk pour les ids de 17342533 à 17343532
bulk : {
  "took" : 106,
  "errors" : ...
91: 211001 adresses traitées
adresse : bulk pour les ids de 17343533 à 17344532
bulk : {
  "took" : 93,
  "errors" :  ...
91: 212001 adresses traitées
adresse : bulk pour les ids de 17344533 à 17345532
bulk : {
  "took" : 98,
  "errors" :  ...
91: 213001 adresses traitées
adresse : bulk pour les ids de 17345533 à 17346532
bulk : {
  "took" : 93,
  "errors" :  ...
91: 214001 adresses traitées
adresse : bulk pour les ids de 17346533 à 17347532
bulk : {
  "took" : 81,
  "errors" :  ...
91: 215001 adresses traitées
adresse : bulk pour les ids de 17347533 à 17348532
bulk : {
  "took" : 95,
  "errors" :  ...
91: 216001 adresses traitées
adresse : bulk pour les ids de 17348533 à 17349532
bulk : {
  "took" : 90,
  "errors" :  ...
91: 217001 adresses traitées
adresse : bulk pour les ids de 17349533 à 17350532
bulk : {
  "took" : 99,
  "errors" :  ...
91: 218001 adresses traitées
adresse : bulk pour les ids de 17350533 à 17351532
bulk : {
  "took" : 94,
  "errors" :  ...
91: 219001 adresses traitées
adresse : bulk pour les ids de 17351533 à 17352532
bulk : {
  "took" : 73,
  "errors" :  ...
91: 220001 adresses traitées
adresse : bulk pour les ids de 17352533 à 17353532
bulk : {
  "took" : 103,
  "errors" : ...
91: 221001 adresses traitées
adresse : bulk pour les ids de 17353533 à 17354532
bulk : {
  "took" : 73,
  "errors" :  ...
91: 222001 adresses traitées
adresse : bulk pour les ids de 17354533 à 17355532
bulk : {
  "took" : 89,
  "errors" :  ...
91: 223001 adresses traitées
adresse : bulk pour les ids de 17355533 à 17356532
bulk : {
  "took" : 72,
  "errors" :  ...
91: 224001 adresses traitées
adresse : bulk pour les ids de 17356533 à 17357532
bulk : {
  "took" : 102,
  "errors" : ...
91: 225001 adresses traitées
adresse : bulk pour les ids de 17357533 à 17358532
bulk : {
  "took" : 73,
  "errors" :  ...
91: 226001 adresses traitées
adresse : bulk pour les ids de 17358533 à 17359532
bulk : {
  "took" : 103,
  "errors" : ...
91: 227001 adresses traitées
adresse : bulk pour les ids de 17359533 à 17360532
bulk : {
  "took" : 73,
  "errors" :  ...
91: 228001 adresses traitées
adresse : bulk pour les ids de 17360533 à 17361532
bulk : {
  "took" : 105,
  "errors" : ...
91: 229001 adresses traitées
adresse : bulk pour les ids de 17361533 à 17362532
bulk : {
  "took" : 87,
  "errors" :  ...
91: 230001 adresses traitées
adresse : bulk pour les ids de 17362533 à 17363532
bulk : {
  "took" : 88,
  "errors" :  ...
91: 231001 adresses traitées
adresse : bulk pour les ids de 17363533 à 17364532
bulk : {
  "took" : 90,
  "errors" :  ...
91: 232001 adresses traitées
adresse : bulk pour les ids de 17364533 à 17365532
bulk : {
  "took" : 88,
  "errors" :  ...
91: 233001 adresses traitées
adresse : bulk pour les ids de 17365533 à 17366532
bulk : {
  "took" : 86,
  "errors" :  ...
91: 234001 adresses traitées
adresse : bulk pour les ids de 17366533 à 17367532
bulk : {
  "took" : 87,
  "errors" :  ...
91: 235001 adresses traitées
adresse : bulk pour les ids de 17367533 à 17368532
bulk : {
  "took" : 73,
  "errors" :  ...
91: 236001 adresses traitées
adresse : bulk pour les ids de 17368533 à 17369532
bulk : {
  "took" : 108,
  "errors" : ...
91: 237001 adresses traitées
adresse : bulk pour les ids de 17369533 à 17370532
bulk : {
  "took" : 73,
  "errors" :  ...
91: 238001 adresses traitées
adresse : bulk pour les ids de 17370533 à 17371532
bulk : {
  "took" : 108,
  "errors" : ...
91: 239001 adresses traitées
adresse : bulk pour les ids de 17371533 à 17372532
bulk : {
  "took" : 87,
  "errors" :  ...
91: 240001 adresses traitées
adresse : bulk pour les ids de 17372533 à 17373532
bulk : {
  "took" : 91,
  "errors" :  ...
91: 241001 adresses traitées
adresse : bulk pour les ids de 17373533 à 17374532
bulk : {
  "took" : 73,
  "errors" :  ...
91: 242001 adresses traitées
adresse : bulk pour les ids de 17374533 à 17375532
bulk : {
  "took" : 107,
  "errors" : ...
91: 243001 adresses traitées
adresse : bulk pour les ids de 17375533 à 17376532
bulk : {
  "took" : 73,
  "errors" :  ...
91: 244001 adresses traitées
adresse : bulk pour les ids de 17376533 à 17377532
bulk : {
  "took" : 112,
  "errors" : ...
91: 245001 adresses traitées
adresse : bulk pour les ids de 17377533 à 17378532
bulk : {
  "took" : 73,
  "errors" :  ...
91: 246001 adresses traitées
adresse : bulk pour les ids de 17378533 à 17379532
bulk : {
  "took" : 103,
  "errors" : ...
91: 247001 adresses traitées
adresse : bulk pour les ids de 17379533 à 17380532
bulk : {
  "took" : 86,
  "errors" :  ...
91: 248001 adresses traitées
adresse : bulk pour les ids de 17380533 à 17381532
bulk : {
  "took" : 89,
  "errors" :  ...
91: 249001 adresses traitées
adresse : bulk pour les ids de 17381533 à 17382532
bulk : {
  "took" : 90,
  "errors" :  ...
91: 250001 adresses traitées
91: 251001 adresses traitées
adresse : bulk pour les ids de 17382533 à 17383532
bulk : {
  "took" : 89,
  "errors" :  ...
91: 252001 adresses traitées
adresse : bulk pour les ids de 17383533 à 17384532
bulk : {
  "took" : 90,
  "errors" :  ...
91: 253001 adresses traitées
adresse : bulk pour les ids de 17384533 à 17385532
bulk : {
  "took" : 87,
  "errors" :  ...
91: 254001 adresses traitées
adresse : bulk pour les ids de 17385533 à 17386532
bulk : {
  "took" : 98,
  "errors" :  ...
91: 255001 adresses traitées
adresse : bulk pour les ids de 17386533 à 17387532
bulk : {
  "took" : 102,
  "errors" : ...
91: 256001 adresses traitées
adresse : bulk pour les ids de 17387533 à 17388532
bulk : {
  "took" : 72,
  "errors" :  ...
91: 257001 adresses traitées
adresse : bulk pour les ids de 17388533 à 17389532
bulk : {
  "took" : 101,
  "errors" : ...
91: 258001 adresses traitées
adresse : bulk pour les ids de 17389533 à 17390532
bulk : {
  "took" : 86,
  "errors" :  ...
91: 259001 adresses traitées
adresse : bulk pour les ids de 17390533 à 17391532
bulk : {
  "took" : 88,
  "errors" :  ...
91: 260001 adresses traitées
adresse : bulk pour les ids de 17391533 à 17392532
bulk : {
  "took" : 72,
  "errors" :  ...
91: 261001 adresses traitées
adresse : bulk pour les ids de 17392533 à 17393532
bulk : {
  "took" : 114,
  "errors" : ...
91: 262001 adresses traitées
adresse : bulk pour les ids de 17393533 à 17394532
bulk : {
  "took" : 73,
  "errors" :  ...
91: 263001 adresses traitées
adresse : bulk pour les ids de 17394533 à 17395532
bulk : {
  "took" : 103,
  "errors" : ...
91: 264001 adresses traitées
adresse : bulk pour les ids de 17395533 à 17396532
bulk : {
  "took" : 72,
  "errors" :  ...
91: 265001 adresses traitées
adresse : bulk pour les ids de 17396533 à 17397532
bulk : {
  "took" : 106,
  "errors" : ...
91: 266001 adresses traitées
adresse : bulk pour les ids de 17397533 à 17398532
bulk : {
  "took" : 89,
  "errors" :  ...
91: 267001 adresses traitées
adresse : bulk pour les ids de 17398533 à 17399532
bulk : {
  "took" : 90,
  "errors" :  ...
91: 268001 adresses traitées
adresse : bulk pour les ids de 17399533 à 17400532
bulk : {
  "took" : 95,
  "errors" :  ...
91: 269001 adresses traitées
adresse : bulk pour les ids de 17400533 à 17401532
bulk : {
  "took" : 86,
  "errors" :  ...
91: 270001 adresses traitées
adresse : bulk pour les ids de 17401533 à 17402532
bulk : {
  "took" : 94,
  "errors" :  ...
91: 271001 adresses traitées
adresse : bulk pour les ids de 17402533 à 17403532
bulk : {
  "took" : 107,
  "errors" : ...
91: 272001 adresses traitées
adresse : bulk pour les ids de 17403533 à 17404532
bulk : {
  "took" : 74,
  "errors" :  ...
91: 273001 adresses traitées
adresse : bulk pour les ids de 17404533 à 17405532
bulk : {
  "took" : 106,
  "errors" : ...
91: 274001 adresses traitées
adresse : bulk pour les ids de 17405533 à 17406532
bulk : {
  "took" : 88,
  "errors" :  ...
91: 275001 adresses traitées
adresse : bulk pour les ids de 17406533 à 17407532
bulk : {
  "took" : 90,
  "errors" :  ...
91: 276001 adresses traitées
adresse : bulk pour les ids de 17407533 à 17408532
bulk : {
  "took" : 98,
  "errors" :  ...
91: 277001 adresses traitées
adresse : bulk pour les ids de 17408533 à 17409532
bulk : {
  "took" : 98,
  "errors" :  ...
91: 278001 adresses traitées
adresse : bulk pour les ids de 17409533 à 17410532
bulk : {
  "took" : 71,
  "errors" :  ...
91: 279001 adresses traitées
adresse : bulk pour les ids de 17410533 à 17411532
bulk : {
  "took" : 107,
  "errors" : ...
91: 280001 adresses traitées
91: 281001 adresses traitées
adresse : bulk pour les ids de 17411533 à 17412532
bulk : {
  "took" : 72,
  "errors" :  ...
91: 282001 adresses traitées
adresse : bulk pour les ids de 17412533 à 17413532
bulk : {
  "took" : 111,
  "errors" : ...
91: 283001 adresses traitées
adresse : bulk pour les ids de 17413533 à 17414532
bulk : {
  "took" : 91,
  "errors" :  ...
91: 284001 adresses traitées
adresse : bulk pour les ids de 17414533 à 17415532
bulk : {
  "took" : 88,
  "errors" :  ...
91: 285001 adresses traitées
adresse : bulk pour les ids de 17415533 à 17416532
bulk : {
  "took" : 94,
  "errors" :  ...
91: 286001 adresses traitées
adresse : bulk pour les ids de 17416533 à 17417532
bulk : {
  "took" : 87,
  "errors" :  ...
91: 287001 adresses traitées
adresse : bulk pour les ids de 17417533 à 17418532
bulk : {
  "took" : 89,
  "errors" :  ...
91: 288001 adresses traitées
adresse : bulk pour les ids de 17418533 à 17419532
bulk : {
  "took" : 113,
  "errors" : ...
91: 289001 adresses traitées
adresse : bulk pour les ids de 17419533 à 17420532
bulk : {
  "took" : 75,
  "errors" :  ...
91: 290001 adresses traitées
adresse : bulk pour les ids de 17420533 à 17421532
bulk : {
  "took" : 108,
  "errors" : ...
91: 291001 adresses traitées
adresse : bulk pour les ids de 17421533 à 17422532
bulk : {
  "took" : 74,
  "errors" :  ...
91: 292001 adresses traitées
adresse : bulk pour les ids de 17422533 à 17423532
bulk : {
  "took" : 88,
  "errors" :  ...
91: 293001 adresses traitées
adresse : bulk pour les ids de 17423533 à 17424532
bulk : {
  "took" : 92,
  "errors" :  ...
91: 294001 adresses traitées
adresse : bulk pour les ids de 17424533 à 17425532
bulk : {
  "took" : 90,
  "errors" :  ...
91: 295001 adresses traitées
adresse : bulk pour les ids de 17425533 à 17426532
bulk : {
  "took" : 87,
  "errors" :  ...
91: 296001 adresses traitées
adresse : bulk pour les ids de 17426533 à 17427532
bulk : {
  "took" : 105,
  "errors" : ...
91: 297001 adresses traitées
adresse : bulk pour les ids de 17427533 à 17428532
bulk : {
  "took" : 81,
  "errors" :  ...
91: 298001 adresses traitées
adresse : bulk pour les ids de 17428533 à 17429532
bulk : {
  "took" : 79,
  "errors" :  ...
91: 299001 adresses traitées
adresse : bulk pour les ids de 17429533 à 17430532
bulk : {
  "took" : 95,
  "errors" :  ...
91: 300001 adresses traitées
adresse : bulk pour les ids de 17430533 à 17431532
bulk : {
  "took" : 78,
  "errors" :  ...
91: 301001 adresses traitées
adresse : bulk pour les ids de 17431533 à 17432532
bulk : {
  "took" : 96,
  "errors" :  ...
91: 302001 adresses traitées
91: 303001 adresses traitées
adresse : bulk pour les ids de 17432533 à 17433532
bulk : {
  "took" : 90,
  "errors" :  ...
91: 304001 adresses traitées
adresse : bulk pour les ids de 17433533 à 17434532
bulk : {
  "took" : 83,
  "errors" :  ...
91: 305001 adresses traitées
adresse : bulk pour les ids de 17434533 à 17435532
bulk : {
  "took" : 94,
  "errors" :  ...
91: 306001 adresses traitées
adresse : bulk pour les ids de 17435533 à 17436532
bulk : {
  "took" : 92,
  "errors" :  ...
91: 307001 adresses traitées
adresse : bulk pour les ids de 17436533 à 17437532
bulk : {
  "took" : 89,
  "errors" :  ...
91: 308001 adresses traitées
adresse : bulk pour les ids de 17437533 à 17438532
bulk : {
  "took" : 108,
  "errors" : ...
91: 309001 adresses traitées
adresse : bulk pour les ids de 17438533 à 17439532
bulk : {
  "took" : 73,
  "errors" :  ...
91: 310001 adresses traitées
adresse : bulk pour les ids de 17439533 à 17440532
bulk : {
  "took" : 108,
  "errors" : ...
91: 311001 adresses traitées
adresse : bulk pour les ids de 17440533 à 17441293
bulk : {
  "took" : 76,
  "errors" :  ...
dpt 92 : voies
92: 1 voies traitées
voie : bulk pour les ids de 1256004 à 1256203
bulk : {
  "took" : 14,
  "errors" :  ...
92: 201 voies traitées
voie : bulk pour les ids de 1256204 à 1256403
bulk : {
  "took" : 12,
  "errors" :  ...
92: 401 voies traitées
voie : bulk pour les ids de 1256404 à 1256603
bulk : {
  "took" : 13,
  "errors" :  ...
92: 601 voies traitées
voie : bulk pour les ids de 1256604 à 1256803
bulk : {
  "took" : 13,
  "errors" :  ...
92: 801 voies traitées
voie : bulk pour les ids de 1256804 à 1257003
bulk : {
  "took" : 13,
  "errors" :  ...
92: 1001 voies traitées
voie : bulk pour les ids de 1257004 à 1257203
bulk : {
  "took" : 13,
  "errors" :  ...
92: 1201 voies traitées
voie : bulk pour les ids de 1257204 à 1257403
bulk : {
  "took" : 13,
  "errors" :  ...
92: 1401 voies traitées
voie : bulk pour les ids de 1257404 à 1257603
bulk : {
  "took" : 13,
  "errors" :  ...
92: 1601 voies traitées
voie : bulk pour les ids de 1257604 à 1257803
bulk : {
  "took" : 13,
  "errors" :  ...
92: 1801 voies traitées
voie : bulk pour les ids de 1257804 à 1258003
bulk : {
  "took" : 28,
  "errors" :  ...
92: 2001 voies traitées
voie : bulk pour les ids de 1258004 à 1258203
bulk : {
  "took" : 13,
  "errors" :  ...
92: 2201 voies traitées
voie : bulk pour les ids de 1258204 à 1258403
bulk : {
  "took" : 13,
  "errors" :  ...
92: 2401 voies traitées
voie : bulk pour les ids de 1258404 à 1258603
bulk : {
  "took" : 13,
  "errors" :  ...
92: 2601 voies traitées
voie : bulk pour les ids de 1258604 à 1258803
bulk : {
  "took" : 13,
  "errors" :  ...
92: 2801 voies traitées
voie : bulk pour les ids de 1258804 à 1259003
bulk : {
  "took" : 13,
  "errors" :  ...
92: 3001 voies traitées
voie : bulk pour les ids de 1259004 à 1259203
bulk : {
  "took" : 13,
  "errors" :  ...
92: 3201 voies traitées
voie : bulk pour les ids de 1259204 à 1259403
bulk : {
  "took" : 13,
  "errors" :  ...
92: 3401 voies traitées
voie : bulk pour les ids de 1259404 à 1259603
bulk : {
  "took" : 13,
  "errors" :  ...
92: 3601 voies traitées
voie : bulk pour les ids de 1259604 à 1259803
bulk : {
  "took" : 33,
  "errors" :  ...
92: 3801 voies traitées
voie : bulk pour les ids de 1259804 à 1260003
bulk : {
  "took" : 14,
  "errors" :  ...
92: 4001 voies traitées
voie : bulk pour les ids de 1260004 à 1260203
bulk : {
  "took" : 13,
  "errors" :  ...
92: 4201 voies traitées
voie : bulk pour les ids de 1260204 à 1260403
bulk : {
  "took" : 15,
  "errors" :  ...
92: 4401 voies traitées
voie : bulk pour les ids de 1260404 à 1260603
bulk : {
  "took" : 13,
  "errors" :  ...
92: 4601 voies traitées
voie : bulk pour les ids de 1260604 à 1260803
bulk : {
  "took" : 12,
  "errors" :  ...
92: 4801 voies traitées
voie : bulk pour les ids de 1260804 à 1261003
bulk : {
  "took" : 12,
  "errors" :  ...
92: 5001 voies traitées
voie : bulk pour les ids de 1261004 à 1261203
bulk : {
  "took" : 26,
  "errors" :  ...
92: 5201 voies traitées
voie : bulk pour les ids de 1261204 à 1261403
bulk : {
  "took" : 12,
  "errors" :  ...
92: 5401 voies traitées
voie : bulk pour les ids de 1261404 à 1261603
bulk : {
  "took" : 13,
  "errors" :  ...
92: 5601 voies traitées
voie : bulk pour les ids de 1261604 à 1261803
bulk : {
  "took" : 13,
  "errors" :  ...
92: 5801 voies traitées
voie : bulk pour les ids de 1261804 à 1262003
bulk : {
  "took" : 13,
  "errors" :  ...
92: 6001 voies traitées
voie : bulk pour les ids de 1262004 à 1262203
bulk : {
  "took" : 13,
  "errors" :  ...
92: 6201 voies traitées
voie : bulk pour les ids de 1262204 à 1262403
bulk : {
  "took" : 13,
  "errors" :  ...
92: 6401 voies traitées
voie : bulk pour les ids de 1262404 à 1262603
bulk : {
  "took" : 12,
  "errors" :  ...
92: 6601 voies traitées
voie : bulk pour les ids de 1262604 à 1262803
bulk : {
  "took" : 13,
  "errors" :  ...
92: 6801 voies traitées
voie : bulk pour les ids de 1262804 à 1263003
bulk : {
  "took" : 13,
  "errors" :  ...
92: 7001 voies traitées
voie : bulk pour les ids de 1263004 à 1263203
bulk : {
  "took" : 31,
  "errors" :  ...
92: 7201 voies traitées
voie : bulk pour les ids de 1263204 à 1263403
bulk : {
  "took" : 13,
  "errors" :  ...
92: 7401 voies traitées
voie : bulk pour les ids de 1263404 à 1263603
bulk : {
  "took" : 13,
  "errors" :  ...
92: 7601 voies traitées
voie : bulk pour les ids de 1263604 à 1263782
bulk : {
  "took" : 11,
  "errors" :  ...
dpt 92 : adresses
92: 1 adresses traitées
92: 1001 adresses traitées
adresse : bulk pour les ids de 17441294 à 17442293
bulk : {
  "took" : 108,
  "errors" : ...
92: 2001 adresses traitées
adresse : bulk pour les ids de 17442294 à 17443293
bulk : {
  "took" : 73,
  "errors" :  ...
92: 3001 adresses traitées
adresse : bulk pour les ids de 17443294 à 17444293
bulk : {
  "took" : 106,
  "errors" : ...
92: 4001 adresses traitées
adresse : bulk pour les ids de 17444294 à 17445293
bulk : {
  "took" : 88,
  "errors" :  ...
92: 5001 adresses traitées
adresse : bulk pour les ids de 17445294 à 17446293
bulk : {
  "took" : 87,
  "errors" :  ...
92: 6001 adresses traitées
adresse : bulk pour les ids de 17446294 à 17447293
bulk : {
  "took" : 87,
  "errors" :  ...
92: 7001 adresses traitées
adresse : bulk pour les ids de 17447294 à 17448293
bulk : {
  "took" : 89,
  "errors" :  ...
92: 8001 adresses traitées
adresse : bulk pour les ids de 17448294 à 17449293
bulk : {
  "took" : 86,
  "errors" :  ...
92: 9001 adresses traitées
adresse : bulk pour les ids de 17449294 à 17450293
bulk : {
  "took" : 100,
  "errors" : ...
92: 10001 adresses traitées
adresse : bulk pour les ids de 17450294 à 17451293
bulk : {
  "took" : 70,
  "errors" :  ...
92: 11001 adresses traitées
adresse : bulk pour les ids de 17451294 à 17452293
bulk : {
  "took" : 105,
  "errors" : ...
92: 12001 adresses traitées
adresse : bulk pour les ids de 17452294 à 17453293
bulk : {
  "took" : 71,
  "errors" :  ...
92: 13001 adresses traitées
adresse : bulk pour les ids de 17453294 à 17454293
bulk : {
  "took" : 106,
  "errors" : ...
92: 14001 adresses traitées
adresse : bulk pour les ids de 17454294 à 17455293
bulk : {
  "took" : 87,
  "errors" :  ...
92: 15001 adresses traitées
adresse : bulk pour les ids de 17455294 à 17456293
bulk : {
  "took" : 88,
  "errors" :  ...
92: 16001 adresses traitées
adresse : bulk pour les ids de 17456294 à 17457293
bulk : {
  "took" : 91,
  "errors" :  ...
92: 17001 adresses traitées
adresse : bulk pour les ids de 17457294 à 17458293
bulk : {
  "took" : 88,
  "errors" :  ...
92: 18001 adresses traitées
adresse : bulk pour les ids de 17458294 à 17459293
bulk : {
  "took" : 71,
  "errors" :  ...
92: 19001 adresses traitées
adresse : bulk pour les ids de 17459294 à 17460293
bulk : {
  "took" : 101,
  "errors" : ...
92: 20001 adresses traitées
adresse : bulk pour les ids de 17460294 à 17461293
bulk : {
  "took" : 71,
  "errors" :  ...
92: 21001 adresses traitées
adresse : bulk pour les ids de 17461294 à 17462293
bulk : {
  "took" : 105,
  "errors" : ...
92: 22001 adresses traitées
adresse : bulk pour les ids de 17462294 à 17463293
bulk : {
  "took" : 88,
  "errors" :  ...
92: 23001 adresses traitées
adresse : bulk pour les ids de 17463294 à 17464293
bulk : {
  "took" : 100,
  "errors" : ...
92: 24001 adresses traitées
adresse : bulk pour les ids de 17464294 à 17465293
bulk : {
  "took" : 73,
  "errors" :  ...
92: 25001 adresses traitées
adresse : bulk pour les ids de 17465294 à 17466293
bulk : {
  "took" : 109,
  "errors" : ...
92: 26001 adresses traitées
adresse : bulk pour les ids de 17466294 à 17467293
bulk : {
  "took" : 72,
  "errors" :  ...
92: 27001 adresses traitées
adresse : bulk pour les ids de 17467294 à 17468293
bulk : {
  "took" : 102,
  "errors" : ...
92: 28001 adresses traitées
adresse : bulk pour les ids de 17468294 à 17469293
bulk : {
  "took" : 91,
  "errors" :  ...
92: 29001 adresses traitées
adresse : bulk pour les ids de 17469294 à 17470293
bulk : {
  "took" : 91,
  "errors" :  ...
92: 30001 adresses traitées
adresse : bulk pour les ids de 17470294 à 17471293
bulk : {
  "took" : 85,
  "errors" :  ...
92: 31001 adresses traitées
adresse : bulk pour les ids de 17471294 à 17472293
bulk : {
  "took" : 86,
  "errors" :  ...
92: 32001 adresses traitées
adresse : bulk pour les ids de 17472294 à 17473293
bulk : {
  "took" : 88,
  "errors" :  ...
92: 33001 adresses traitées
adresse : bulk pour les ids de 17473294 à 17474293
bulk : {
  "took" : 88,
  "errors" :  ...
92: 34001 adresses traitées
adresse : bulk pour les ids de 17474294 à 17475293
bulk : {
  "took" : 70,
  "errors" :  ...
92: 35001 adresses traitées
adresse : bulk pour les ids de 17475294 à 17476293
bulk : {
  "took" : 105,
  "errors" : ...
92: 36001 adresses traitées
adresse : bulk pour les ids de 17476294 à 17477293
bulk : {
  "took" : 80,
  "errors" :  ...
92: 37001 adresses traitées
adresse : bulk pour les ids de 17477294 à 17478293
bulk : {
  "took" : 81,
  "errors" :  ...
92: 38001 adresses traitées
adresse : bulk pour les ids de 17478294 à 17479293
bulk : {
  "took" : 100,
  "errors" : ...
92: 39001 adresses traitées
adresse : bulk pour les ids de 17479294 à 17480293
bulk : {
  "took" : 96,
  "errors" :  ...
92: 40001 adresses traitées
adresse : bulk pour les ids de 17480294 à 17481293
bulk : {
  "took" : 80,
  "errors" :  ...
92: 41001 adresses traitées
adresse : bulk pour les ids de 17481294 à 17482293
bulk : {
  "took" : 73,
  "errors" :  ...
92: 42001 adresses traitées
adresse : bulk pour les ids de 17482294 à 17483293
bulk : {
  "took" : 96,
  "errors" :  ...
92: 43001 adresses traitées
adresse : bulk pour les ids de 17483294 à 17484293
bulk : {
  "took" : 71,
  "errors" :  ...
92: 44001 adresses traitées
adresse : bulk pour les ids de 17484294 à 17485293
bulk : {
  "took" : 93,
  "errors" :  ...
92: 45001 adresses traitées
adresse : bulk pour les ids de 17485294 à 17486293
bulk : {
  "took" : 87,
  "errors" :  ...
92: 46001 adresses traitées
adresse : bulk pour les ids de 17486294 à 17487293
bulk : {
  "took" : 82,
  "errors" :  ...
92: 47001 adresses traitées
adresse : bulk pour les ids de 17487294 à 17488293
bulk : {
  "took" : 92,
  "errors" :  ...
92: 48001 adresses traitées
adresse : bulk pour les ids de 17488294 à 17489293
bulk : {
  "took" : 78,
  "errors" :  ...
92: 49001 adresses traitées
adresse : bulk pour les ids de 17489294 à 17490293
bulk : {
  "took" : 95,
  "errors" :  ...
92: 50001 adresses traitées
adresse : bulk pour les ids de 17490294 à 17491293
bulk : {
  "took" : 78,
  "errors" :  ...
92: 51001 adresses traitées
adresse : bulk pour les ids de 17491294 à 17492293
bulk : {
  "took" : 90,
  "errors" :  ...
92: 52001 adresses traitées
adresse : bulk pour les ids de 17492294 à 17493293
bulk : {
  "took" : 98,
  "errors" :  ...
92: 53001 adresses traitées
adresse : bulk pour les ids de 17493294 à 17494293
bulk : {
  "took" : 72,
  "errors" :  ...
92: 54001 adresses traitées
adresse : bulk pour les ids de 17494294 à 17495293
bulk : {
  "took" : 84,
  "errors" :  ...
92: 55001 adresses traitées
adresse : bulk pour les ids de 17495294 à 17496293
bulk : {
  "took" : 87,
  "errors" :  ...
92: 56001 adresses traitées
adresse : bulk pour les ids de 17496294 à 17497293
bulk : {
  "took" : 79,
  "errors" :  ...
92: 57001 adresses traitées
adresse : bulk pour les ids de 17497294 à 17498293
bulk : {
  "took" : 73,
  "errors" :  ...
92: 58001 adresses traitées
adresse : bulk pour les ids de 17498294 à 17499293
bulk : {
  "took" : 93,
  "errors" :  ...
92: 59001 adresses traitées
adresse : bulk pour les ids de 17499294 à 17500293
bulk : {
  "took" : 88,
  "errors" :  ...
92: 60001 adresses traitées
adresse : bulk pour les ids de 17500294 à 17501293
bulk : {
  "took" : 80,
  "errors" :  ...
92: 61001 adresses traitées
adresse : bulk pour les ids de 17501294 à 17502293
bulk : {
  "took" : 90,
  "errors" :  ...
92: 62001 adresses traitées
adresse : bulk pour les ids de 17502294 à 17503293
bulk : {
  "took" : 82,
  "errors" :  ...
92: 63001 adresses traitées
adresse : bulk pour les ids de 17503294 à 17504293
bulk : {
  "took" : 89,
  "errors" :  ...
92: 64001 adresses traitées
adresse : bulk pour les ids de 17504294 à 17505293
bulk : {
  "took" : 99,
  "errors" :  ...
92: 65001 adresses traitées
adresse : bulk pour les ids de 17505294 à 17506293
bulk : {
  "took" : 73,
  "errors" :  ...
92: 66001 adresses traitées
adresse : bulk pour les ids de 17506294 à 17507293
bulk : {
  "took" : 97,
  "errors" :  ...
92: 67001 adresses traitées
adresse : bulk pour les ids de 17507294 à 17508293
bulk : {
  "took" : 71,
  "errors" :  ...
92: 68001 adresses traitées
adresse : bulk pour les ids de 17508294 à 17509293
bulk : {
  "took" : 99,
  "errors" :  ...
92: 69001 adresses traitées
adresse : bulk pour les ids de 17509294 à 17510293
bulk : {
  "took" : 73,
  "errors" :  ...
92: 70001 adresses traitées
adresse : bulk pour les ids de 17510294 à 17511293
bulk : {
  "took" : 83,
  "errors" :  ...
92: 71001 adresses traitées
adresse : bulk pour les ids de 17511294 à 17512293
bulk : {
  "took" : 87,
  "errors" :  ...
92: 72001 adresses traitées
adresse : bulk pour les ids de 17512294 à 17513293
bulk : {
  "took" : 100,
  "errors" : ...
92: 73001 adresses traitées
adresse : bulk pour les ids de 17513294 à 17514293
bulk : {
  "took" : 74,
  "errors" :  ...
92: 74001 adresses traitées
adresse : bulk pour les ids de 17514294 à 17515293
bulk : {
  "took" : 95,
  "errors" :  ...
92: 75001 adresses traitées
adresse : bulk pour les ids de 17515294 à 17516293
bulk : {
  "took" : 94,
  "errors" :  ...
92: 76001 adresses traitées
adresse : bulk pour les ids de 17516294 à 17517293
bulk : {
  "took" : 95,
  "errors" :  ...
92: 77001 adresses traitées
adresse : bulk pour les ids de 17517294 à 17518293
bulk : {
  "took" : 75,
  "errors" :  ...
92: 78001 adresses traitées
adresse : bulk pour les ids de 17518294 à 17519293
bulk : {
  "took" : 99,
  "errors" :  ...
92: 79001 adresses traitées
adresse : bulk pour les ids de 17519294 à 17520293
bulk : {
  "took" : 73,
  "errors" :  ...
92: 80001 adresses traitées
adresse : bulk pour les ids de 17520294 à 17521293
bulk : {
  "took" : 94,
  "errors" :  ...
92: 81001 adresses traitées
adresse : bulk pour les ids de 17521294 à 17522293
bulk : {
  "took" : 94,
  "errors" :  ...
92: 82001 adresses traitées
adresse : bulk pour les ids de 17522294 à 17523293
bulk : {
  "took" : 105,
  "errors" : ...
92: 83001 adresses traitées
adresse : bulk pour les ids de 17523294 à 17524293
bulk : {
  "took" : 73,
  "errors" :  ...
92: 84001 adresses traitées
adresse : bulk pour les ids de 17524294 à 17525293
bulk : {
  "took" : 101,
  "errors" : ...
92: 85001 adresses traitées
adresse : bulk pour les ids de 17525294 à 17526293
bulk : {
  "took" : 87,
  "errors" :  ...
92: 86001 adresses traitées
adresse : bulk pour les ids de 17526294 à 17527293
bulk : {
  "took" : 85,
  "errors" :  ...
92: 87001 adresses traitées
adresse : bulk pour les ids de 17527294 à 17528293
bulk : {
  "took" : 89,
  "errors" :  ...
92: 88001 adresses traitées
adresse : bulk pour les ids de 17528294 à 17529293
bulk : {
  "took" : 103,
  "errors" : ...
92: 89001 adresses traitées
adresse : bulk pour les ids de 17529294 à 17530293
bulk : {
  "took" : 72,
  "errors" :  ...
92: 90001 adresses traitées
adresse : bulk pour les ids de 17530294 à 17531293
bulk : {
  "took" : 100,
  "errors" : ...
92: 91001 adresses traitées
adresse : bulk pour les ids de 17531294 à 17532293
bulk : {
  "took" : 85,
  "errors" :  ...
92: 92001 adresses traitées
adresse : bulk pour les ids de 17532294 à 17533293
bulk : {
  "took" : 81,
  "errors" :  ...
92: 93001 adresses traitées
adresse : bulk pour les ids de 17533294 à 17534293
bulk : {
  "took" : 73,
  "errors" :  ...
92: 94001 adresses traitées
adresse : bulk pour les ids de 17534294 à 17535293
bulk : {
  "took" : 104,
  "errors" : ...
92: 95001 adresses traitées
adresse : bulk pour les ids de 17535294 à 17536293
bulk : {
  "took" : 74,
  "errors" :  ...
92: 96001 adresses traitées
adresse : bulk pour les ids de 17536294 à 17537293
bulk : {
  "took" : 101,
  "errors" : ...
92: 97001 adresses traitées
adresse : bulk pour les ids de 17537294 à 17538293
bulk : {
  "took" : 69,
  "errors" :  ...
92: 98001 adresses traitées
adresse : bulk pour les ids de 17538294 à 17539293
bulk : {
  "took" : 101,
  "errors" : ...
92: 99001 adresses traitées
adresse : bulk pour les ids de 17539294 à 17540293
bulk : {
  "took" : 86,
  "errors" :  ...
92: 100001 adresses traitées
adresse : bulk pour les ids de 17540294 à 17541293
bulk : {
  "took" : 88,
  "errors" :  ...
92: 101001 adresses traitées
adresse : bulk pour les ids de 17541294 à 17542293
bulk : {
  "took" : 90,
  "errors" :  ...
92: 102001 adresses traitées
adresse : bulk pour les ids de 17542294 à 17543293
bulk : {
  "took" : 87,
  "errors" :  ...
92: 103001 adresses traitées
adresse : bulk pour les ids de 17543294 à 17544293
bulk : {
  "took" : 87,
  "errors" :  ...
92: 104001 adresses traitées
adresse : bulk pour les ids de 17544294 à 17545293
bulk : {
  "took" : 89,
  "errors" :  ...
92: 105001 adresses traitées
adresse : bulk pour les ids de 17545294 à 17546293
bulk : {
  "took" : 71,
  "errors" :  ...
92: 106001 adresses traitées
adresse : bulk pour les ids de 17546294 à 17547293
bulk : {
  "took" : 102,
  "errors" : ...
92: 107001 adresses traitées
adresse : bulk pour les ids de 17547294 à 17548293
bulk : {
  "took" : 85,
  "errors" :  ...
92: 108001 adresses traitées
adresse : bulk pour les ids de 17548294 à 17549293
bulk : {
  "took" : 86,
  "errors" :  ...
92: 109001 adresses traitées
adresse : bulk pour les ids de 17549294 à 17550293
bulk : {
  "took" : 86,
  "errors" :  ...
92: 110001 adresses traitées
adresse : bulk pour les ids de 17550294 à 17551293
bulk : {
  "took" : 87,
  "errors" :  ...
92: 111001 adresses traitées
adresse : bulk pour les ids de 17551294 à 17552293
bulk : {
  "took" : 85,
  "errors" :  ...
92: 112001 adresses traitées
adresse : bulk pour les ids de 17552294 à 17553293
bulk : {
  "took" : 103,
  "errors" : ...
92: 113001 adresses traitées
adresse : bulk pour les ids de 17553294 à 17554293
bulk : {
  "took" : 70,
  "errors" :  ...
92: 114001 adresses traitées
adresse : bulk pour les ids de 17554294 à 17555293
bulk : {
  "took" : 110,
  "errors" : ...
92: 115001 adresses traitées
adresse : bulk pour les ids de 17555294 à 17556293
bulk : {
  "took" : 70,
  "errors" :  ...
92: 116001 adresses traitées
adresse : bulk pour les ids de 17556294 à 17557293
bulk : {
  "took" : 88,
  "errors" :  ...
92: 117001 adresses traitées
adresse : bulk pour les ids de 17557294 à 17558293
bulk : {
  "took" : 91,
  "errors" :  ...
92: 118001 adresses traitées
adresse : bulk pour les ids de 17558294 à 17559293
bulk : {
  "took" : 86,
  "errors" :  ...
92: 119001 adresses traitées
adresse : bulk pour les ids de 17559294 à 17560293
bulk : {
  "took" : 90,
  "errors" :  ...
92: 120001 adresses traitées
adresse : bulk pour les ids de 17560294 à 17561293
bulk : {
  "took" : 87,
  "errors" :  ...
92: 121001 adresses traitées
adresse : bulk pour les ids de 17561294 à 17562293
bulk : {
  "took" : 70,
  "errors" :  ...
92: 122001 adresses traitées
adresse : bulk pour les ids de 17562294 à 17563293
bulk : {
  "took" : 102,
  "errors" : ...
92: 123001 adresses traitées
adresse : bulk pour les ids de 17563294 à 17564293
bulk : {
  "took" : 76,
  "errors" :  ...
92: 124001 adresses traitées
adresse : bulk pour les ids de 17564294 à 17565293
bulk : {
  "took" : 108,
  "errors" : ...
92: 125001 adresses traitées
adresse : bulk pour les ids de 17565294 à 17566293
bulk : {
  "took" : 85,
  "errors" :  ...
92: 126001 adresses traitées
adresse : bulk pour les ids de 17566294 à 17567293
bulk : {
  "took" : 89,
  "errors" :  ...
92: 127001 adresses traitées
adresse : bulk pour les ids de 17567294 à 17568293
bulk : {
  "took" : 97,
  "errors" :  ...
92: 128001 adresses traitées
adresse : bulk pour les ids de 17568294 à 17569293
bulk : {
  "took" : 104,
  "errors" : ...
92: 129001 adresses traitées
adresse : bulk pour les ids de 17569294 à 17570293
bulk : {
  "took" : 73,
  "errors" :  ...
92: 130001 adresses traitées
adresse : bulk pour les ids de 17570294 à 17571293
bulk : {
  "took" : 111,
  "errors" : ...
92: 131001 adresses traitées
adresse : bulk pour les ids de 17571294 à 17572293
bulk : {
  "took" : 105,
  "errors" : ...
92: 132001 adresses traitées
adresse : bulk pour les ids de 17572294 à 17573293
bulk : {
  "took" : 75,
  "errors" :  ...
92: 133001 adresses traitées
adresse : bulk pour les ids de 17573294 à 17574293
bulk : {
  "took" : 91,
  "errors" :  ...
92: 134001 adresses traitées
adresse : bulk pour les ids de 17574294 à 17575293
bulk : {
  "took" : 72,
  "errors" :  ...
92: 135001 adresses traitées
adresse : bulk pour les ids de 17575294 à 17576293
bulk : {
  "took" : 91,
  "errors" :  ...
92: 136001 adresses traitées
adresse : bulk pour les ids de 17576294 à 17577293
bulk : {
  "took" : 75,
  "errors" :  ...
92: 137001 adresses traitées
adresse : bulk pour les ids de 17577294 à 17578293
bulk : {
  "took" : 95,
  "errors" :  ...
92: 138001 adresses traitées
adresse : bulk pour les ids de 17578294 à 17579293
bulk : {
  "took" : 73,
  "errors" :  ...
92: 139001 adresses traitées
adresse : bulk pour les ids de 17579294 à 17580293
bulk : {
  "took" : 97,
  "errors" :  ...
92: 140001 adresses traitées
adresse : bulk pour les ids de 17580294 à 17581293
bulk : {
  "took" : 75,
  "errors" :  ...
92: 141001 adresses traitées
adresse : bulk pour les ids de 17581294 à 17582293
bulk : {
  "took" : 99,
  "errors" :  ...
92: 142001 adresses traitées
adresse : bulk pour les ids de 17582294 à 17583293
bulk : {
  "took" : 73,
  "errors" :  ...
92: 143001 adresses traitées
adresse : bulk pour les ids de 17583294 à 17584293
bulk : {
  "took" : 97,
  "errors" :  ...
92: 144001 adresses traitées
adresse : bulk pour les ids de 17584294 à 17585293
bulk : {
  "took" : 73,
  "errors" :  ...
92: 145001 adresses traitées
adresse : bulk pour les ids de 17585294 à 17586293
bulk : {
  "took" : 87,
  "errors" :  ...
92: 146001 adresses traitées
adresse : bulk pour les ids de 17586294 à 17587293
bulk : {
  "took" : 74,
  "errors" :  ...
92: 147001 adresses traitées
adresse : bulk pour les ids de 17587294 à 17588293
bulk : {
  "took" : 91,
  "errors" :  ...
92: 148001 adresses traitées
adresse : bulk pour les ids de 17588294 à 17589293
bulk : {
  "took" : 72,
  "errors" :  ...
92: 149001 adresses traitées
adresse : bulk pour les ids de 17589294 à 17590293
bulk : {
  "took" : 91,
  "errors" :  ...
92: 150001 adresses traitées
adresse : bulk pour les ids de 17590294 à 17591293
bulk : {
  "took" : 72,
  "errors" :  ...
92: 151001 adresses traitées
adresse : bulk pour les ids de 17591294 à 17592293
bulk : {
  "took" : 75,
  "errors" :  ...
92: 152001 adresses traitées
adresse : bulk pour les ids de 17592294 à 17593293
bulk : {
  "took" : 88,
  "errors" :  ...
92: 153001 adresses traitées
adresse : bulk pour les ids de 17593294 à 17594293
bulk : {
  "took" : 74,
  "errors" :  ...
92: 154001 adresses traitées
adresse : bulk pour les ids de 17594294 à 17595293
bulk : {
  "took" : 91,
  "errors" :  ...
92: 155001 adresses traitées
adresse : bulk pour les ids de 17595294 à 17596293
bulk : {
  "took" : 76,
  "errors" :  ...
92: 156001 adresses traitées
adresse : bulk pour les ids de 17596294 à 17597293
bulk : {
  "took" : 89,
  "errors" :  ...
92: 157001 adresses traitées
adresse : bulk pour les ids de 17597294 à 17598293
bulk : {
  "took" : 74,
  "errors" :  ...
92: 158001 adresses traitées
adresse : bulk pour les ids de 17598294 à 17599293
bulk : {
  "took" : 89,
  "errors" :  ...
92: 159001 adresses traitées
adresse : bulk pour les ids de 17599294 à 17600293
bulk : {
  "took" : 75,
  "errors" :  ...
92: 160001 adresses traitées
adresse : bulk pour les ids de 17600294 à 17601293
bulk : {
  "took" : 92,
  "errors" :  ...
92: 161001 adresses traitées
adresse : bulk pour les ids de 17601294 à 17602293
bulk : {
  "took" : 75,
  "errors" :  ...
92: 162001 adresses traitées
adresse : bulk pour les ids de 17602294 à 17603293
bulk : {
  "took" : 90,
  "errors" :  ...
92: 163001 adresses traitées
adresse : bulk pour les ids de 17603294 à 17604002
bulk : {
  "took" : 80,
  "errors" :  ...
dpt 93 : voies
93: 1 voies traitées
voie : bulk pour les ids de 1263783 à 1263982
bulk : {
  "took" : 15,
  "errors" :  ...
93: 201 voies traitées
voie : bulk pour les ids de 1263983 à 1264182
bulk : {
  "took" : 12,
  "errors" :  ...
93: 401 voies traitées
voie : bulk pour les ids de 1264183 à 1264382
bulk : {
  "took" : 12,
  "errors" :  ...
93: 601 voies traitées
voie : bulk pour les ids de 1264383 à 1264582
bulk : {
  "took" : 27,
  "errors" :  ...
93: 801 voies traitées
voie : bulk pour les ids de 1264583 à 1264782
bulk : {
  "took" : 12,
  "errors" :  ...
93: 1001 voies traitées
voie : bulk pour les ids de 1264783 à 1264982
bulk : {
  "took" : 13,
  "errors" :  ...
93: 1201 voies traitées
voie : bulk pour les ids de 1264983 à 1265182
bulk : {
  "took" : 13,
  "errors" :  ...
93: 1401 voies traitées
voie : bulk pour les ids de 1265183 à 1265382
bulk : {
  "took" : 12,
  "errors" :  ...
93: 1601 voies traitées
voie : bulk pour les ids de 1265383 à 1265582
bulk : {
  "took" : 13,
  "errors" :  ...
93: 1801 voies traitées
voie : bulk pour les ids de 1265583 à 1265782
bulk : {
  "took" : 13,
  "errors" :  ...
93: 2001 voies traitées
voie : bulk pour les ids de 1265783 à 1265982
bulk : {
  "took" : 13,
  "errors" :  ...
93: 2201 voies traitées
voie : bulk pour les ids de 1265983 à 1266182
bulk : {
  "took" : 14,
  "errors" :  ...
93: 2401 voies traitées
voie : bulk pour les ids de 1266183 à 1266382
bulk : {
  "took" : 12,
  "errors" :  ...
93: 2601 voies traitées
voie : bulk pour les ids de 1266383 à 1266582
bulk : {
  "took" : 27,
  "errors" :  ...
93: 2801 voies traitées
voie : bulk pour les ids de 1266583 à 1266782
bulk : {
  "took" : 12,
  "errors" :  ...
93: 3001 voies traitées
voie : bulk pour les ids de 1266783 à 1266982
bulk : {
  "took" : 12,
  "errors" :  ...
93: 3201 voies traitées
voie : bulk pour les ids de 1266983 à 1267182
bulk : {
  "took" : 12,
  "errors" :  ...
93: 3401 voies traitées
voie : bulk pour les ids de 1267183 à 1267382
bulk : {
  "took" : 13,
  "errors" :  ...
93: 3601 voies traitées
voie : bulk pour les ids de 1267383 à 1267582
bulk : {
  "took" : 13,
  "errors" :  ...
93: 3801 voies traitées
voie : bulk pour les ids de 1267583 à 1267782
bulk : {
  "took" : 13,
  "errors" :  ...
93: 4001 voies traitées
voie : bulk pour les ids de 1267783 à 1267982
bulk : {
  "took" : 12,
  "errors" :  ...
93: 4201 voies traitées
voie : bulk pour les ids de 1267983 à 1268182
bulk : {
  "took" : 12,
  "errors" :  ...
93: 4401 voies traitées
voie : bulk pour les ids de 1268183 à 1268382
bulk : {
  "took" : 13,
  "errors" :  ...
93: 4601 voies traitées
voie : bulk pour les ids de 1268383 à 1268582
bulk : {
  "took" : 13,
  "errors" :  ...
93: 4801 voies traitées
voie : bulk pour les ids de 1268583 à 1268782
bulk : {
  "took" : 30,
  "errors" :  ...
93: 5001 voies traitées
voie : bulk pour les ids de 1268783 à 1268982
bulk : {
  "took" : 13,
  "errors" :  ...
93: 5201 voies traitées
voie : bulk pour les ids de 1268983 à 1269182
bulk : {
  "took" : 13,
  "errors" :  ...
93: 5401 voies traitées
voie : bulk pour les ids de 1269183 à 1269382
bulk : {
  "took" : 13,
  "errors" :  ...
93: 5601 voies traitées
voie : bulk pour les ids de 1269383 à 1269582
bulk : {
  "took" : 12,
  "errors" :  ...
93: 5801 voies traitées
voie : bulk pour les ids de 1269583 à 1269782
bulk : {
  "took" : 13,
  "errors" :  ...
93: 6001 voies traitées
voie : bulk pour les ids de 1269783 à 1269982
bulk : {
  "took" : 13,
  "errors" :  ...
93: 6201 voies traitées
voie : bulk pour les ids de 1269983 à 1270182
bulk : {
  "took" : 13,
  "errors" :  ...
93: 6401 voies traitées
voie : bulk pour les ids de 1270183 à 1270382
bulk : {
  "took" : 12,
  "errors" :  ...
93: 6601 voies traitées
voie : bulk pour les ids de 1270383 à 1270582
bulk : {
  "took" : 12,
  "errors" :  ...
93: 6801 voies traitées
voie : bulk pour les ids de 1270583 à 1270782
bulk : {
  "took" : 26,
  "errors" :  ...
93: 7001 voies traitées
voie : bulk pour les ids de 1270783 à 1270982
bulk : {
  "took" : 13,
  "errors" :  ...
93: 7201 voies traitées
voie : bulk pour les ids de 1270983 à 1271182
bulk : {
  "took" : 12,
  "errors" :  ...
93: 7401 voies traitées
voie : bulk pour les ids de 1271183 à 1271382
bulk : {
  "took" : 12,
  "errors" :  ...
93: 7601 voies traitées
voie : bulk pour les ids de 1271383 à 1271582
bulk : {
  "took" : 13,
  "errors" :  ...
93: 7801 voies traitées
voie : bulk pour les ids de 1271583 à 1271782
bulk : {
  "took" : 12,
  "errors" :  ...
93: 8001 voies traitées
voie : bulk pour les ids de 1271783 à 1271982
bulk : {
  "took" : 12,
  "errors" :  ...
93: 8201 voies traitées
voie : bulk pour les ids de 1271983 à 1272182
bulk : {
  "took" : 12,
  "errors" :  ...
93: 8401 voies traitées
voie : bulk pour les ids de 1272183 à 1272382
bulk : {
  "took" : 13,
  "errors" :  ...
93: 8601 voies traitées
voie : bulk pour les ids de 1272383 à 1272582
bulk : {
  "took" : 12,
  "errors" :  ...
93: 8801 voies traitées
voie : bulk pour les ids de 1272583 à 1272782
bulk : {
  "took" : 12,
  "errors" :  ...
93: 9001 voies traitées
voie : bulk pour les ids de 1272783 à 1272982
bulk : {
  "took" : 29,
  "errors" :  ...
93: 9201 voies traitées
voie : bulk pour les ids de 1272983 à 1273182
bulk : {
  "took" : 13,
  "errors" :  ...
93: 9401 voies traitées
voie : bulk pour les ids de 1273183 à 1273221
bulk : {
  "took" : 3,
  "errors" : f ...
dpt 93 : adresses
93: 1 adresses traitées
93: 1001 adresses traitées
adresse : bulk pour les ids de 17604003 à 17605002
bulk : {
  "took" : 98,
  "errors" :  ...
93: 2001 adresses traitées
adresse : bulk pour les ids de 17605003 à 17606002
bulk : {
  "took" : 95,
  "errors" :  ...
93: 3001 adresses traitées
adresse : bulk pour les ids de 17606003 à 17607002
bulk : {
  "took" : 88,
  "errors" :  ...
93: 4001 adresses traitées
adresse : bulk pour les ids de 17607003 à 17608002
bulk : {
  "took" : 90,
  "errors" :  ...
93: 5001 adresses traitées
adresse : bulk pour les ids de 17608003 à 17609002
bulk : {
  "took" : 77,
  "errors" :  ...
93: 6001 adresses traitées
adresse : bulk pour les ids de 17609003 à 17610002
bulk : {
  "took" : 114,
  "errors" : ...
93: 7001 adresses traitées
adresse : bulk pour les ids de 17610003 à 17611002
bulk : {
  "took" : 91,
  "errors" :  ...
93: 8001 adresses traitées
adresse : bulk pour les ids de 17611003 à 17612002
bulk : {
  "took" : 99,
  "errors" :  ...
93: 9001 adresses traitées
adresse : bulk pour les ids de 17612003 à 17613002
bulk : {
  "took" : 94,
  "errors" :  ...
93: 10001 adresses traitées
adresse : bulk pour les ids de 17613003 à 17614002
bulk : {
  "took" : 98,
  "errors" :  ...
93: 11001 adresses traitées
adresse : bulk pour les ids de 17614003 à 17615002
bulk : {
  "took" : 98,
  "errors" :  ...
93: 12001 adresses traitées
adresse : bulk pour les ids de 17615003 à 17616002
bulk : {
  "took" : 92,
  "errors" :  ...
93: 13001 adresses traitées
adresse : bulk pour les ids de 17616003 à 17617002
bulk : {
  "took" : 98,
  "errors" :  ...
93: 14001 adresses traitées
adresse : bulk pour les ids de 17617003 à 17618002
bulk : {
  "took" : 79,
  "errors" :  ...
93: 15001 adresses traitées
adresse : bulk pour les ids de 17618003 à 17619002
bulk : {
  "took" : 90,
  "errors" :  ...
93: 16001 adresses traitées
adresse : bulk pour les ids de 17619003 à 17620002
bulk : {
  "took" : 108,
  "errors" : ...
93: 17001 adresses traitées
adresse : bulk pour les ids de 17620003 à 17621002
bulk : {
  "took" : 92,
  "errors" :  ...
93: 18001 adresses traitées
adresse : bulk pour les ids de 17621003 à 17622002
bulk : {
  "took" : 90,
  "errors" :  ...
93: 19001 adresses traitées
adresse : bulk pour les ids de 17622003 à 17623002
bulk : {
  "took" : 107,
  "errors" : ...
93: 20001 adresses traitées
adresse : bulk pour les ids de 17623003 à 17624002
bulk : {
  "took" : 78,
  "errors" :  ...
93: 21001 adresses traitées
adresse : bulk pour les ids de 17624003 à 17625002
bulk : {
  "took" : 93,
  "errors" :  ...
93: 22001 adresses traitées
adresse : bulk pour les ids de 17625003 à 17626002
bulk : {
  "took" : 103,
  "errors" : ...
93: 23001 adresses traitées
adresse : bulk pour les ids de 17626003 à 17627002
bulk : {
  "took" : 75,
  "errors" :  ...
93: 24001 adresses traitées
adresse : bulk pour les ids de 17627003 à 17628002
bulk : {
  "took" : 109,
  "errors" : ...
93: 25001 adresses traitées
adresse : bulk pour les ids de 17628003 à 17629002
bulk : {
  "took" : 74,
  "errors" :  ...
93: 26001 adresses traitées
adresse : bulk pour les ids de 17629003 à 17630002
bulk : {
  "took" : 105,
  "errors" : ...
93: 27001 adresses traitées
adresse : bulk pour les ids de 17630003 à 17631002
bulk : {
  "took" : 94,
  "errors" :  ...
93: 28001 adresses traitées
adresse : bulk pour les ids de 17631003 à 17632002
bulk : {
  "took" : 105,
  "errors" : ...
93: 29001 adresses traitées
adresse : bulk pour les ids de 17632003 à 17633002
bulk : {
  "took" : 73,
  "errors" :  ...
93: 30001 adresses traitées
adresse : bulk pour les ids de 17633003 à 17634002
bulk : {
  "took" : 112,
  "errors" : ...
93: 31001 adresses traitées
adresse : bulk pour les ids de 17634003 à 17635002
bulk : {
  "took" : 75,
  "errors" :  ...
93: 32001 adresses traitées
adresse : bulk pour les ids de 17635003 à 17636002
bulk : {
  "took" : 105,
  "errors" : ...
93: 33001 adresses traitées
adresse : bulk pour les ids de 17636003 à 17637002
bulk : {
  "took" : 93,
  "errors" :  ...
93: 34001 adresses traitées
adresse : bulk pour les ids de 17637003 à 17638002
bulk : {
  "took" : 90,
  "errors" :  ...
93: 35001 adresses traitées
adresse : bulk pour les ids de 17638003 à 17639002
bulk : {
  "took" : 94,
  "errors" :  ...
93: 36001 adresses traitées
adresse : bulk pour les ids de 17639003 à 17640002
bulk : {
  "took" : 91,
  "errors" :  ...
93: 37001 adresses traitées
adresse : bulk pour les ids de 17640003 à 17641002
bulk : {
  "took" : 92,
  "errors" :  ...
93: 38001 adresses traitées
adresse : bulk pour les ids de 17641003 à 17642002
bulk : {
  "took" : 104,
  "errors" : ...
93: 39001 adresses traitées
adresse : bulk pour les ids de 17642003 à 17643002
bulk : {
  "took" : 92,
  "errors" :  ...
93: 40001 adresses traitées
adresse : bulk pour les ids de 17643003 à 17644002
bulk : {
  "took" : 89,
  "errors" :  ...
93: 41001 adresses traitées
adresse : bulk pour les ids de 17644003 à 17645002
bulk : {
  "took" : 74,
  "errors" :  ...
93: 42001 adresses traitées
adresse : bulk pour les ids de 17645003 à 17646002
bulk : {
  "took" : 103,
  "errors" : ...
93: 43001 adresses traitées
adresse : bulk pour les ids de 17646003 à 17647002
bulk : {
  "took" : 88,
  "errors" :  ...
93: 44001 adresses traitées
adresse : bulk pour les ids de 17647003 à 17648002
bulk : {
  "took" : 89,
  "errors" :  ...
93: 45001 adresses traitées
adresse : bulk pour les ids de 17648003 à 17649002
bulk : {
  "took" : 74,
  "errors" :  ...
93: 46001 adresses traitées
adresse : bulk pour les ids de 17649003 à 17650002
bulk : {
  "took" : 103,
  "errors" : ...
93: 47001 adresses traitées
adresse : bulk pour les ids de 17650003 à 17651002
bulk : {
  "took" : 76,
  "errors" :  ...
93: 48001 adresses traitées
adresse : bulk pour les ids de 17651003 à 17652002
bulk : {
  "took" : 108,
  "errors" : ...
93: 49001 adresses traitées
adresse : bulk pour les ids de 17652003 à 17653002
bulk : {
  "took" : 74,
  "errors" :  ...
93: 50001 adresses traitées
adresse : bulk pour les ids de 17653003 à 17654002
bulk : {
  "took" : 107,
  "errors" : ...
93: 51001 adresses traitées
adresse : bulk pour les ids de 17654003 à 17655002
bulk : {
  "took" : 93,
  "errors" :  ...
93: 52001 adresses traitées
adresse : bulk pour les ids de 17655003 à 17656002
bulk : {
  "took" : 103,
  "errors" : ...
93: 53001 adresses traitées
adresse : bulk pour les ids de 17656003 à 17657002
bulk : {
  "took" : 73,
  "errors" :  ...
93: 54001 adresses traitées
adresse : bulk pour les ids de 17657003 à 17658002
bulk : {
  "took" : 107,
  "errors" : ...
93: 55001 adresses traitées
adresse : bulk pour les ids de 17658003 à 17659002
bulk : {
  "took" : 72,
  "errors" :  ...
93: 56001 adresses traitées
adresse : bulk pour les ids de 17659003 à 17660002
bulk : {
  "took" : 107,
  "errors" : ...
93: 57001 adresses traitées
adresse : bulk pour les ids de 17660003 à 17661002
bulk : {
  "took" : 73,
  "errors" :  ...
93: 58001 adresses traitées
adresse : bulk pour les ids de 17661003 à 17662002
bulk : {
  "took" : 93,
  "errors" :  ...
93: 59001 adresses traitées
adresse : bulk pour les ids de 17662003 à 17663002
bulk : {
  "took" : 75,
  "errors" :  ...
93: 60001 adresses traitées
adresse : bulk pour les ids de 17663003 à 17664002
bulk : {
  "took" : 106,
  "errors" : ...
93: 61001 adresses traitées
adresse : bulk pour les ids de 17664003 à 17665002
bulk : {
  "took" : 81,
  "errors" :  ...
93: 62001 adresses traitées
adresse : bulk pour les ids de 17665003 à 17666002
bulk : {
  "took" : 97,
  "errors" :  ...
93: 63001 adresses traitées
adresse : bulk pour les ids de 17666003 à 17667002
bulk : {
  "took" : 95,
  "errors" :  ...
93: 64001 adresses traitées
adresse : bulk pour les ids de 17667003 à 17668002
bulk : {
  "took" : 81,
  "errors" :  ...
93: 65001 adresses traitées
adresse : bulk pour les ids de 17668003 à 17669002
bulk : {
  "took" : 102,
  "errors" : ...
93: 66001 adresses traitées
adresse : bulk pour les ids de 17669003 à 17670002
bulk : {
  "took" : 90,
  "errors" :  ...
93: 67001 adresses traitées
adresse : bulk pour les ids de 17670003 à 17671002
bulk : {
  "took" : 81,
  "errors" :  ...
93: 68001 adresses traitées
adresse : bulk pour les ids de 17671003 à 17672002
bulk : {
  "took" : 90,
  "errors" :  ...
93: 69001 adresses traitées
adresse : bulk pour les ids de 17672003 à 17673002
bulk : {
  "took" : 86,
  "errors" :  ...
93: 70001 adresses traitées
adresse : bulk pour les ids de 17673003 à 17674002
bulk : {
  "took" : 74,
  "errors" :  ...
93: 71001 adresses traitées
adresse : bulk pour les ids de 17674003 à 17675002
bulk : {
  "took" : 78,
  "errors" :  ...
93: 72001 adresses traitées
adresse : bulk pour les ids de 17675003 à 17676002
bulk : {
  "took" : 91,
  "errors" :  ...
93: 73001 adresses traitées
adresse : bulk pour les ids de 17676003 à 17677002
bulk : {
  "took" : 84,
  "errors" :  ...
93: 74001 adresses traitées
adresse : bulk pour les ids de 17677003 à 17678002
bulk : {
  "took" : 84,
  "errors" :  ...
93: 75001 adresses traitées
adresse : bulk pour les ids de 17678003 à 17679002
bulk : {
  "took" : 92,
  "errors" :  ...
93: 76001 adresses traitées
adresse : bulk pour les ids de 17679003 à 17680002
bulk : {
  "took" : 73,
  "errors" :  ...
93: 77001 adresses traitées
adresse : bulk pour les ids de 17680003 à 17681002
bulk : {
  "took" : 95,
  "errors" :  ...
93: 78001 adresses traitées
adresse : bulk pour les ids de 17681003 à 17682002
bulk : {
  "took" : 70,
  "errors" :  ...
93: 79001 adresses traitées
adresse : bulk pour les ids de 17682003 à 17683002
bulk : {
  "took" : 95,
  "errors" :  ...
93: 80001 adresses traitées
adresse : bulk pour les ids de 17683003 à 17684002
bulk : {
  "took" : 86,
  "errors" :  ...
93: 81001 adresses traitées
adresse : bulk pour les ids de 17684003 à 17685002
bulk : {
  "took" : 101,
  "errors" : ...
93: 82001 adresses traitées
adresse : bulk pour les ids de 17685003 à 17686002
bulk : {
  "took" : 73,
  "errors" :  ...
93: 83001 adresses traitées
adresse : bulk pour les ids de 17686003 à 17687002
bulk : {
  "took" : 99,
  "errors" :  ...
93: 84001 adresses traitées
adresse : bulk pour les ids de 17687003 à 17688002
bulk : {
  "took" : 71,
  "errors" :  ...
93: 85001 adresses traitées
adresse : bulk pour les ids de 17688003 à 17689002
bulk : {
  "took" : 92,
  "errors" :  ...
93: 86001 adresses traitées
adresse : bulk pour les ids de 17689003 à 17690002
bulk : {
  "took" : 90,
  "errors" :  ...
93: 87001 adresses traitées
adresse : bulk pour les ids de 17690003 à 17691002
bulk : {
  "took" : 82,
  "errors" :  ...
93: 88001 adresses traitées
adresse : bulk pour les ids de 17691003 à 17692002
bulk : {
  "took" : 100,
  "errors" : ...
93: 89001 adresses traitées
adresse : bulk pour les ids de 17692003 à 17693002
bulk : {
  "took" : 86,
  "errors" :  ...
93: 90001 adresses traitées
adresse : bulk pour les ids de 17693003 à 17694002
bulk : {
  "took" : 94,
  "errors" :  ...
93: 91001 adresses traitées
adresse : bulk pour les ids de 17694003 à 17695002
bulk : {
  "took" : 87,
  "errors" :  ...
93: 92001 adresses traitées
adresse : bulk pour les ids de 17695003 à 17696002
bulk : {
  "took" : 96,
  "errors" :  ...
93: 93001 adresses traitées
adresse : bulk pour les ids de 17696003 à 17697002
bulk : {
  "took" : 107,
  "errors" : ...
93: 94001 adresses traitées
adresse : bulk pour les ids de 17697003 à 17698002
bulk : {
  "took" : 71,
  "errors" :  ...
93: 95001 adresses traitées
adresse : bulk pour les ids de 17698003 à 17699002
bulk : {
  "took" : 97,
  "errors" :  ...
93: 96001 adresses traitées
adresse : bulk pour les ids de 17699003 à 17700002
bulk : {
  "took" : 87,
  "errors" :  ...
93: 97001 adresses traitées
adresse : bulk pour les ids de 17700003 à 17701002
bulk : {
  "took" : 78,
  "errors" :  ...
93: 98001 adresses traitées
adresse : bulk pour les ids de 17701003 à 17702002
bulk : {
  "took" : 71,
  "errors" :  ...
93: 99001 adresses traitées
adresse : bulk pour les ids de 17702003 à 17703002
bulk : {
  "took" : 107,
  "errors" : ...
93: 100001 adresses traitées
adresse : bulk pour les ids de 17703003 à 17704002
bulk : {
  "took" : 71,
  "errors" :  ...
93: 101001 adresses traitées
adresse : bulk pour les ids de 17704003 à 17705002
bulk : {
  "took" : 107,
  "errors" : ...
93: 102001 adresses traitées
adresse : bulk pour les ids de 17705003 à 17706002
bulk : {
  "took" : 83,
  "errors" :  ...
93: 103001 adresses traitées
adresse : bulk pour les ids de 17706003 à 17707002
bulk : {
  "took" : 85,
  "errors" :  ...
93: 104001 adresses traitées
adresse : bulk pour les ids de 17707003 à 17708002
bulk : {
  "took" : 85,
  "errors" :  ...
93: 105001 adresses traitées
adresse : bulk pour les ids de 17708003 à 17709002
bulk : {
  "took" : 86,
  "errors" :  ...
93: 106001 adresses traitées
adresse : bulk pour les ids de 17709003 à 17710002
bulk : {
  "took" : 83,
  "errors" :  ...
93: 107001 adresses traitées
adresse : bulk pour les ids de 17710003 à 17711002
bulk : {
  "took" : 99,
  "errors" :  ...
93: 108001 adresses traitées
adresse : bulk pour les ids de 17711003 à 17712002
bulk : {
  "took" : 70,
  "errors" :  ...
93: 109001 adresses traitées
adresse : bulk pour les ids de 17712003 à 17713002
bulk : {
  "took" : 103,
  "errors" : ...
93: 110001 adresses traitées
adresse : bulk pour les ids de 17713003 à 17714002
bulk : {
  "took" : 70,
  "errors" :  ...
93: 111001 adresses traitées
adresse : bulk pour les ids de 17714003 à 17715002
bulk : {
  "took" : 104,
  "errors" : ...
93: 112001 adresses traitées
adresse : bulk pour les ids de 17715003 à 17716002
bulk : {
  "took" : 83,
  "errors" :  ...
93: 113001 adresses traitées
adresse : bulk pour les ids de 17716003 à 17717002
bulk : {
  "took" : 86,
  "errors" :  ...
93: 114001 adresses traitées
adresse : bulk pour les ids de 17717003 à 17718002
bulk : {
  "took" : 92,
  "errors" :  ...
93: 115001 adresses traitées
adresse : bulk pour les ids de 17718003 à 17719002
bulk : {
  "took" : 89,
  "errors" :  ...
93: 116001 adresses traitées
adresse : bulk pour les ids de 17719003 à 17720002
bulk : {
  "took" : 70,
  "errors" :  ...
93: 117001 adresses traitées
adresse : bulk pour les ids de 17720003 à 17721002
bulk : {
  "took" : 85,
  "errors" :  ...
93: 118001 adresses traitées
adresse : bulk pour les ids de 17721003 à 17722002
bulk : {
  "took" : 90,
  "errors" :  ...
93: 119001 adresses traitées
adresse : bulk pour les ids de 17722003 à 17723002
bulk : {
  "took" : 88,
  "errors" :  ...
93: 120001 adresses traitées
adresse : bulk pour les ids de 17723003 à 17724002
bulk : {
  "took" : 86,
  "errors" :  ...
93: 121001 adresses traitées
adresse : bulk pour les ids de 17724003 à 17725002
bulk : {
  "took" : 87,
  "errors" :  ...
93: 122001 adresses traitées
adresse : bulk pour les ids de 17725003 à 17726002
bulk : {
  "took" : 71,
  "errors" :  ...
93: 123001 adresses traitées
adresse : bulk pour les ids de 17726003 à 17727002
bulk : {
  "took" : 106,
  "errors" : ...
93: 124001 adresses traitées
adresse : bulk pour les ids de 17727003 à 17728002
bulk : {
  "took" : 70,
  "errors" :  ...
93: 125001 adresses traitées
adresse : bulk pour les ids de 17728003 à 17729002
bulk : {
  "took" : 104,
  "errors" : ...
93: 126001 adresses traitées
adresse : bulk pour les ids de 17729003 à 17730002
bulk : {
  "took" : 70,
  "errors" :  ...
93: 127001 adresses traitées
adresse : bulk pour les ids de 17730003 à 17731002
bulk : {
  "took" : 99,
  "errors" :  ...
93: 128001 adresses traitées
adresse : bulk pour les ids de 17731003 à 17732002
bulk : {
  "took" : 84,
  "errors" :  ...
93: 129001 adresses traitées
adresse : bulk pour les ids de 17732003 à 17733002
bulk : {
  "took" : 87,
  "errors" :  ...
93: 130001 adresses traitées
adresse : bulk pour les ids de 17733003 à 17734002
bulk : {
  "took" : 86,
  "errors" :  ...
93: 131001 adresses traitées
adresse : bulk pour les ids de 17734003 à 17735002
bulk : {
  "took" : 87,
  "errors" :  ...
93: 132001 adresses traitées
adresse : bulk pour les ids de 17735003 à 17736002
bulk : {
  "took" : 69,
  "errors" :  ...
93: 133001 adresses traitées
adresse : bulk pour les ids de 17736003 à 17737002
bulk : {
  "took" : 99,
  "errors" :  ...
93: 134001 adresses traitées
adresse : bulk pour les ids de 17737003 à 17738002
bulk : {
  "took" : 71,
  "errors" :  ...
93: 135001 adresses traitées
adresse : bulk pour les ids de 17738003 à 17739002
bulk : {
  "took" : 86,
  "errors" :  ...
93: 136001 adresses traitées
adresse : bulk pour les ids de 17739003 à 17740002
bulk : {
  "took" : 84,
  "errors" :  ...
93: 137001 adresses traitées
adresse : bulk pour les ids de 17740003 à 17741002
bulk : {
  "took" : 99,
  "errors" :  ...
93: 138001 adresses traitées
adresse : bulk pour les ids de 17741003 à 17742002
bulk : {
  "took" : 70,
  "errors" :  ...
93: 139001 adresses traitées
adresse : bulk pour les ids de 17742003 à 17743002
bulk : {
  "took" : 103,
  "errors" : ...
93: 140001 adresses traitées
adresse : bulk pour les ids de 17743003 à 17744002
bulk : {
  "took" : 71,
  "errors" :  ...
93: 141001 adresses traitées
adresse : bulk pour les ids de 17744003 à 17745002
bulk : {
  "took" : 101,
  "errors" : ...
93: 142001 adresses traitées
93: 143001 adresses traitées
adresse : bulk pour les ids de 17745003 à 17746002
bulk : {
  "took" : 68,
  "errors" :  ...
93: 144001 adresses traitées
adresse : bulk pour les ids de 17746003 à 17747002
bulk : {
  "took" : 104,
  "errors" : ...
93: 145001 adresses traitées
adresse : bulk pour les ids de 17747003 à 17748002
bulk : {
  "took" : 85,
  "errors" :  ...
93: 146001 adresses traitées
adresse : bulk pour les ids de 17748003 à 17749002
bulk : {
  "took" : 85,
  "errors" :  ...
93: 147001 adresses traitées
adresse : bulk pour les ids de 17749003 à 17750002
bulk : {
  "took" : 88,
  "errors" :  ...
93: 148001 adresses traitées
adresse : bulk pour les ids de 17750003 à 17751002
bulk : {
  "took" : 85,
  "errors" :  ...
93: 149001 adresses traitées
adresse : bulk pour les ids de 17751003 à 17752002
bulk : {
  "took" : 71,
  "errors" :  ...
93: 150001 adresses traitées
adresse : bulk pour les ids de 17752003 à 17753002
bulk : {
  "took" : 93,
  "errors" :  ...
93: 151001 adresses traitées
adresse : bulk pour les ids de 17753003 à 17754002
bulk : {
  "took" : 71,
  "errors" :  ...
93: 152001 adresses traitées
adresse : bulk pour les ids de 17754003 à 17755002
bulk : {
  "took" : 93,
  "errors" :  ...
93: 153001 adresses traitées
adresse : bulk pour les ids de 17755003 à 17756002
bulk : {
  "took" : 92,
  "errors" :  ...
93: 154001 adresses traitées
adresse : bulk pour les ids de 17756003 à 17757002
bulk : {
  "took" : 70,
  "errors" :  ...
93: 155001 adresses traitées
adresse : bulk pour les ids de 17757003 à 17758002
bulk : {
  "took" : 85,
  "errors" :  ...
93: 156001 adresses traitées
adresse : bulk pour les ids de 17758003 à 17759002
bulk : {
  "took" : 71,
  "errors" :  ...
93: 157001 adresses traitées
adresse : bulk pour les ids de 17759003 à 17760002
bulk : {
  "took" : 90,
  "errors" :  ...
93: 158001 adresses traitées
adresse : bulk pour les ids de 17760003 à 17761002
bulk : {
  "took" : 88,
  "errors" :  ...
93: 159001 adresses traitées
adresse : bulk pour les ids de 17761003 à 17762002
bulk : {
  "took" : 71,
  "errors" :  ...
93: 160001 adresses traitées
adresse : bulk pour les ids de 17762003 à 17763002
bulk : {
  "took" : 92,
  "errors" :  ...
93: 161001 adresses traitées
adresse : bulk pour les ids de 17763003 à 17764002
bulk : {
  "took" : 70,
  "errors" :  ...
93: 162001 adresses traitées
adresse : bulk pour les ids de 17764003 à 17765002
bulk : {
  "took" : 88,
  "errors" :  ...
93: 163001 adresses traitées
adresse : bulk pour les ids de 17765003 à 17766002
bulk : {
  "took" : 71,
  "errors" :  ...
93: 164001 adresses traitées
adresse : bulk pour les ids de 17766003 à 17767002
bulk : {
  "took" : 86,
  "errors" :  ...
93: 165001 adresses traitées
adresse : bulk pour les ids de 17767003 à 17768002
bulk : {
  "took" : 74,
  "errors" :  ...
93: 166001 adresses traitées
adresse : bulk pour les ids de 17768003 à 17769002
bulk : {
  "took" : 93,
  "errors" :  ...
93: 167001 adresses traitées
adresse : bulk pour les ids de 17769003 à 17770002
bulk : {
  "took" : 72,
  "errors" :  ...
93: 168001 adresses traitées
adresse : bulk pour les ids de 17770003 à 17771002
bulk : {
  "took" : 89,
  "errors" :  ...
93: 169001 adresses traitées
adresse : bulk pour les ids de 17771003 à 17772002
bulk : {
  "took" : 71,
  "errors" :  ...
93: 170001 adresses traitées
adresse : bulk pour les ids de 17772003 à 17773002
bulk : {
  "took" : 89,
  "errors" :  ...
93: 171001 adresses traitées
adresse : bulk pour les ids de 17773003 à 17774002
bulk : {
  "took" : 71,
  "errors" :  ...
93: 172001 adresses traitées
adresse : bulk pour les ids de 17774003 à 17775002
bulk : {
  "took" : 94,
  "errors" :  ...
93: 173001 adresses traitées
adresse : bulk pour les ids de 17775003 à 17776002
bulk : {
  "took" : 72,
  "errors" :  ...
93: 174001 adresses traitées
adresse : bulk pour les ids de 17776003 à 17777002
bulk : {
  "took" : 88,
  "errors" :  ...
93: 175001 adresses traitées
adresse : bulk pour les ids de 17777003 à 17778002
bulk : {
  "took" : 74,
  "errors" :  ...
93: 176001 adresses traitées
adresse : bulk pour les ids de 17778003 à 17779002
bulk : {
  "took" : 91,
  "errors" :  ...
93: 177001 adresses traitées
adresse : bulk pour les ids de 17779003 à 17780002
bulk : {
  "took" : 71,
  "errors" :  ...
93: 178001 adresses traitées
adresse : bulk pour les ids de 17780003 à 17781002
bulk : {
  "took" : 91,
  "errors" :  ...
93: 179001 adresses traitées
adresse : bulk pour les ids de 17781003 à 17782002
bulk : {
  "took" : 87,
  "errors" :  ...
93: 180001 adresses traitées
adresse : bulk pour les ids de 17782003 à 17783002
bulk : {
  "took" : 72,
  "errors" :  ...
93: 181001 adresses traitées
adresse : bulk pour les ids de 17783003 à 17784002
bulk : {
  "took" : 86,
  "errors" :  ...
93: 182001 adresses traitées
adresse : bulk pour les ids de 17784003 à 17785002
bulk : {
  "took" : 74,
  "errors" :  ...
93: 183001 adresses traitées
adresse : bulk pour les ids de 17785003 à 17786002
bulk : {
  "took" : 87,
  "errors" :  ...
93: 184001 adresses traitées
adresse : bulk pour les ids de 17786003 à 17787002
bulk : {
  "took" : 72,
  "errors" :  ...
93: 185001 adresses traitées
adresse : bulk pour les ids de 17787003 à 17788002
bulk : {
  "took" : 91,
  "errors" :  ...
93: 186001 adresses traitées
adresse : bulk pour les ids de 17788003 à 17789002
bulk : {
  "took" : 72,
  "errors" :  ...
93: 187001 adresses traitées
adresse : bulk pour les ids de 17789003 à 17790002
bulk : {
  "took" : 93,
  "errors" :  ...
93: 188001 adresses traitées
adresse : bulk pour les ids de 17790003 à 17791002
bulk : {
  "took" : 73,
  "errors" :  ...
93: 189001 adresses traitées
adresse : bulk pour les ids de 17791003 à 17792002
bulk : {
  "took" : 88,
  "errors" :  ...
93: 190001 adresses traitées
adresse : bulk pour les ids de 17792003 à 17793002
bulk : {
  "took" : 75,
  "errors" :  ...
93: 191001 adresses traitées
adresse : bulk pour les ids de 17793003 à 17794002
bulk : {
  "took" : 86,
  "errors" :  ...
93: 192001 adresses traitées
adresse : bulk pour les ids de 17794003 à 17795002
bulk : {
  "took" : 71,
  "errors" :  ...
93: 193001 adresses traitées
adresse : bulk pour les ids de 17795003 à 17796002
bulk : {
  "took" : 88,
  "errors" :  ...
93: 194001 adresses traitées
adresse : bulk pour les ids de 17796003 à 17797002
bulk : {
  "took" : 72,
  "errors" :  ...
93: 195001 adresses traitées
adresse : bulk pour les ids de 17797003 à 17798002
bulk : {
  "took" : 86,
  "errors" :  ...
93: 196001 adresses traitées
adresse : bulk pour les ids de 17798003 à 17799002
bulk : {
  "took" : 73,
  "errors" :  ...
93: 197001 adresses traitées
adresse : bulk pour les ids de 17799003 à 17800002
bulk : {
  "took" : 87,
  "errors" :  ...
93: 198001 adresses traitées
adresse : bulk pour les ids de 17800003 à 17801002
bulk : {
  "took" : 71,
  "errors" :  ...
93: 199001 adresses traitées
adresse : bulk pour les ids de 17801003 à 17802002
bulk : {
  "took" : 89,
  "errors" :  ...
93: 200001 adresses traitées
adresse : bulk pour les ids de 17802003 à 17803002
bulk : {
  "took" : 72,
  "errors" :  ...
93: 201001 adresses traitées
adresse : bulk pour les ids de 17803003 à 17804002
bulk : {
  "took" : 90,
  "errors" :  ...
93: 202001 adresses traitées
adresse : bulk pour les ids de 17804003 à 17805002
bulk : {
  "took" : 86,
  "errors" :  ...
93: 203001 adresses traitées
adresse : bulk pour les ids de 17805003 à 17806002
bulk : {
  "took" : 72,
  "errors" :  ...
93: 204001 adresses traitées
adresse : bulk pour les ids de 17806003 à 17807002
bulk : {
  "took" : 87,
  "errors" :  ...
93: 205001 adresses traitées
adresse : bulk pour les ids de 17807003 à 17808002
bulk : {
  "took" : 73,
  "errors" :  ...
93: 206001 adresses traitées
adresse : bulk pour les ids de 17808003 à 17809002
bulk : {
  "took" : 85,
  "errors" :  ...
93: 207001 adresses traitées
adresse : bulk pour les ids de 17809003 à 17810002
bulk : {
  "took" : 74,
  "errors" :  ...
93: 208001 adresses traitées
adresse : bulk pour les ids de 17810003 à 17811002
bulk : {
  "took" : 86,
  "errors" :  ...
93: 209001 adresses traitées
adresse : bulk pour les ids de 17811003 à 17812002
bulk : {
  "took" : 72,
  "errors" :  ...
93: 210001 adresses traitées
adresse : bulk pour les ids de 17812003 à 17813002
bulk : {
  "took" : 88,
  "errors" :  ...
93: 211001 adresses traitées
adresse : bulk pour les ids de 17813003 à 17814002
bulk : {
  "took" : 71,
  "errors" :  ...
93: 212001 adresses traitées
adresse : bulk pour les ids de 17814003 à 17815002
bulk : {
  "took" : 85,
  "errors" :  ...
93: 213001 adresses traitées
adresse : bulk pour les ids de 17815003 à 17816002
bulk : {
  "took" : 73,
  "errors" :  ...
93: 214001 adresses traitées
adresse : bulk pour les ids de 17816003 à 17817002
bulk : {
  "took" : 93,
  "errors" :  ...
93: 215001 adresses traitées
adresse : bulk pour les ids de 17817003 à 17818002
bulk : {
  "took" : 72,
  "errors" :  ...
93: 216001 adresses traitées
adresse : bulk pour les ids de 17818003 à 17819002
bulk : {
  "took" : 99,
  "errors" :  ...
93: 217001 adresses traitées
adresse : bulk pour les ids de 17819003 à 17820002
bulk : {
  "took" : 72,
  "errors" :  ...
93: 218001 adresses traitées
adresse : bulk pour les ids de 17820003 à 17821002
bulk : {
  "took" : 92,
  "errors" :  ...
93: 219001 adresses traitées
adresse : bulk pour les ids de 17821003 à 17822002
bulk : {
  "took" : 75,
  "errors" :  ...
93: 220001 adresses traitées
adresse : bulk pour les ids de 17822003 à 17823002
bulk : {
  "took" : 91,
  "errors" :  ...
93: 221001 adresses traitées
adresse : bulk pour les ids de 17823003 à 17824002
bulk : {
  "took" : 73,
  "errors" :  ...
93: 222001 adresses traitées
adresse : bulk pour les ids de 17824003 à 17825002
bulk : {
  "took" : 88,
  "errors" :  ...
93: 223001 adresses traitées
adresse : bulk pour les ids de 17825003 à 17826002
bulk : {
  "took" : 75,
  "errors" :  ...
93: 224001 adresses traitées
adresse : bulk pour les ids de 17826003 à 17827002
bulk : {
  "took" : 87,
  "errors" :  ...
93: 225001 adresses traitées
adresse : bulk pour les ids de 17827003 à 17828002
bulk : {
  "took" : 87,
  "errors" :  ...
93: 226001 adresses traitées
adresse : bulk pour les ids de 17828003 à 17829002
bulk : {
  "took" : 75,
  "errors" :  ...
adresse : bulk pour les ids de 17829003 à 17829528
bulk : {
  "took" : 38,
  "errors" :  ...
dpt 94 : voies
94: 1 voies traitées
voie : bulk pour les ids de 1273222 à 1273421
bulk : {
  "took" : 13,
  "errors" :  ...
94: 201 voies traitées
voie : bulk pour les ids de 1273422 à 1273621
bulk : {
  "took" : 27,
  "errors" :  ...
94: 401 voies traitées
voie : bulk pour les ids de 1273622 à 1273821
bulk : {
  "took" : 13,
  "errors" :  ...
94: 601 voies traitées
voie : bulk pour les ids de 1273822 à 1274021
bulk : {
  "took" : 13,
  "errors" :  ...
94: 801 voies traitées
voie : bulk pour les ids de 1274022 à 1274221
bulk : {
  "took" : 12,
  "errors" :  ...
94: 1001 voies traitées
voie : bulk pour les ids de 1274222 à 1274421
bulk : {
  "took" : 13,
  "errors" :  ...
94: 1201 voies traitées
voie : bulk pour les ids de 1274422 à 1274621
bulk : {
  "took" : 13,
  "errors" :  ...
94: 1401 voies traitées
voie : bulk pour les ids de 1274622 à 1274821
bulk : {
  "took" : 12,
  "errors" :  ...
94: 1601 voies traitées
voie : bulk pour les ids de 1274822 à 1275021
bulk : {
  "took" : 13,
  "errors" :  ...
94: 1801 voies traitées
voie : bulk pour les ids de 1275022 à 1275221
bulk : {
  "took" : 12,
  "errors" :  ...
94: 2001 voies traitées
voie : bulk pour les ids de 1275222 à 1275421
bulk : {
  "took" : 12,
  "errors" :  ...
94: 2201 voies traitées
voie : bulk pour les ids de 1275422 à 1275621
bulk : {
  "took" : 12,
  "errors" :  ...
94: 2401 voies traitées
voie : bulk pour les ids de 1275622 à 1275821
bulk : {
  "took" : 29,
  "errors" :  ...
94: 2601 voies traitées
voie : bulk pour les ids de 1275822 à 1276021
bulk : {
  "took" : 12,
  "errors" :  ...
94: 2801 voies traitées
voie : bulk pour les ids de 1276022 à 1276221
bulk : {
  "took" : 13,
  "errors" :  ...
94: 3001 voies traitées
voie : bulk pour les ids de 1276222 à 1276421
bulk : {
  "took" : 13,
  "errors" :  ...
94: 3201 voies traitées
voie : bulk pour les ids de 1276422 à 1276621
bulk : {
  "took" : 13,
  "errors" :  ...
94: 3401 voies traitées
voie : bulk pour les ids de 1276622 à 1276821
bulk : {
  "took" : 14,
  "errors" :  ...
94: 3601 voies traitées
voie : bulk pour les ids de 1276822 à 1277021
bulk : {
  "took" : 13,
  "errors" :  ...
94: 3801 voies traitées
voie : bulk pour les ids de 1277022 à 1277221
bulk : {
  "took" : 13,
  "errors" :  ...
94: 4001 voies traitées
voie : bulk pour les ids de 1277222 à 1277421
bulk : {
  "took" : 13,
  "errors" :  ...
94: 4201 voies traitées
voie : bulk pour les ids de 1277422 à 1277621
bulk : {
  "took" : 28,
  "errors" :  ...
94: 4401 voies traitées
voie : bulk pour les ids de 1277622 à 1277821
bulk : {
  "took" : 13,
  "errors" :  ...
94: 4601 voies traitées
voie : bulk pour les ids de 1277822 à 1278021
bulk : {
  "took" : 21,
  "errors" :  ...
94: 4801 voies traitées
voie : bulk pour les ids de 1278022 à 1278221
bulk : {
  "took" : 13,
  "errors" :  ...
94: 5001 voies traitées
voie : bulk pour les ids de 1278222 à 1278421
bulk : {
  "took" : 13,
  "errors" :  ...
94: 5201 voies traitées
voie : bulk pour les ids de 1278422 à 1278621
bulk : {
  "took" : 12,
  "errors" :  ...
94: 5401 voies traitées
voie : bulk pour les ids de 1278622 à 1278821
bulk : {
  "took" : 13,
  "errors" :  ...
94: 5601 voies traitées
voie : bulk pour les ids de 1278822 à 1279021
bulk : {
  "took" : 13,
  "errors" :  ...
94: 5801 voies traitées
voie : bulk pour les ids de 1279022 à 1279221
bulk : {
  "took" : 13,
  "errors" :  ...
94: 6001 voies traitées
voie : bulk pour les ids de 1279222 à 1279421
bulk : {
  "took" : 14,
  "errors" :  ...
94: 6201 voies traitées
voie : bulk pour les ids de 1279422 à 1279621
bulk : {
  "took" : 13,
  "errors" :  ...
94: 6401 voies traitées
voie : bulk pour les ids de 1279622 à 1279821
bulk : {
  "took" : 29,
  "errors" :  ...
94: 6601 voies traitées
voie : bulk pour les ids de 1279822 à 1280021
bulk : {
  "took" : 13,
  "errors" :  ...
94: 6801 voies traitées
voie : bulk pour les ids de 1280022 à 1280221
bulk : {
  "took" : 12,
  "errors" :  ...
94: 7001 voies traitées
voie : bulk pour les ids de 1280222 à 1280421
bulk : {
  "took" : 16,
  "errors" :  ...
94: 7201 voies traitées
voie : bulk pour les ids de 1280422 à 1280621
bulk : {
  "took" : 19,
  "errors" :  ...
94: 7401 voies traitées
voie : bulk pour les ids de 1280622 à 1280821
bulk : {
  "took" : 12,
  "errors" :  ...
94: 7601 voies traitées
voie : bulk pour les ids de 1280822 à 1281021
bulk : {
  "took" : 13,
  "errors" :  ...
94: 7801 voies traitées
voie : bulk pour les ids de 1281022 à 1281221
bulk : {
  "took" : 14,
  "errors" :  ...
94: 8001 voies traitées
voie : bulk pour les ids de 1281222 à 1281421
bulk : {
  "took" : 14,
  "errors" :  ...
94: 8201 voies traitées
voie : bulk pour les ids de 1281422 à 1281621
bulk : {
  "took" : 13,
  "errors" :  ...
94: 8401 voies traitées
voie : bulk pour les ids de 1281622 à 1281821
bulk : {
  "took" : 13,
  "errors" :  ...
94: 8601 voies traitées
voie : bulk pour les ids de 1281822 à 1282021
bulk : {
  "took" : 17,
  "errors" :  ...
94: 8801 voies traitées
voie : bulk pour les ids de 1282022 à 1282176
bulk : {
  "took" : 15,
  "errors" :  ...
dpt 94 : adresses
94: 1 adresses traitées
94: 1001 adresses traitées
adresse : bulk pour les ids de 17829529 à 17830528
bulk : {
  "took" : 81,
  "errors" :  ...
94: 2001 adresses traitées
adresse : bulk pour les ids de 17830529 à 17831528
bulk : {
  "took" : 94,
  "errors" :  ...
94: 3001 adresses traitées
adresse : bulk pour les ids de 17831529 à 17832528
bulk : {
  "took" : 76,
  "errors" :  ...
94: 4001 adresses traitées
adresse : bulk pour les ids de 17832529 à 17833528
bulk : {
  "took" : 95,
  "errors" :  ...
94: 5001 adresses traitées
adresse : bulk pour les ids de 17833529 à 17834528
bulk : {
  "took" : 75,
  "errors" :  ...
94: 6001 adresses traitées
adresse : bulk pour les ids de 17834529 à 17835528
bulk : {
  "took" : 89,
  "errors" :  ...
94: 7001 adresses traitées
adresse : bulk pour les ids de 17835529 à 17836528
bulk : {
  "took" : 76,
  "errors" :  ...
94: 8001 adresses traitées
adresse : bulk pour les ids de 17836529 à 17837528
bulk : {
  "took" : 98,
  "errors" :  ...
94: 9001 adresses traitées
adresse : bulk pour les ids de 17837529 à 17838528
bulk : {
  "took" : 74,
  "errors" :  ...
94: 10001 adresses traitées
adresse : bulk pour les ids de 17838529 à 17839528
bulk : {
  "took" : 87,
  "errors" :  ...
94: 11001 adresses traitées
adresse : bulk pour les ids de 17839529 à 17840528
bulk : {
  "took" : 89,
  "errors" :  ...
94: 12001 adresses traitées
adresse : bulk pour les ids de 17840529 à 17841528
bulk : {
  "took" : 74,
  "errors" :  ...
94: 13001 adresses traitées
adresse : bulk pour les ids de 17841529 à 17842528
bulk : {
  "took" : 90,
  "errors" :  ...
94: 14001 adresses traitées
adresse : bulk pour les ids de 17842529 à 17843528
bulk : {
  "took" : 74,
  "errors" :  ...
94: 15001 adresses traitées
adresse : bulk pour les ids de 17843529 à 17844528
bulk : {
  "took" : 88,
  "errors" :  ...
94: 16001 adresses traitées
adresse : bulk pour les ids de 17844529 à 17845528
bulk : {
  "took" : 76,
  "errors" :  ...
94: 17001 adresses traitées
adresse : bulk pour les ids de 17845529 à 17846528
bulk : {
  "took" : 94,
  "errors" :  ...
94: 18001 adresses traitées
adresse : bulk pour les ids de 17846529 à 17847528
bulk : {
  "took" : 74,
  "errors" :  ...
94: 19001 adresses traitées
adresse : bulk pour les ids de 17847529 à 17848528
bulk : {
  "took" : 94,
  "errors" :  ...
94: 20001 adresses traitées
adresse : bulk pour les ids de 17848529 à 17849528
bulk : {
  "took" : 75,
  "errors" :  ...
94: 21001 adresses traitées
adresse : bulk pour les ids de 17849529 à 17850528
bulk : {
  "took" : 90,
  "errors" :  ...
94: 22001 adresses traitées
adresse : bulk pour les ids de 17850529 à 17851528
bulk : {
  "took" : 78,
  "errors" :  ...
94: 23001 adresses traitées
adresse : bulk pour les ids de 17851529 à 17852528
bulk : {
  "took" : 95,
  "errors" :  ...
94: 24001 adresses traitées
adresse : bulk pour les ids de 17852529 à 17853528
bulk : {
  "took" : 80,
  "errors" :  ...
94: 25001 adresses traitées
adresse : bulk pour les ids de 17853529 à 17854528
bulk : {
  "took" : 90,
  "errors" :  ...
94: 26001 adresses traitées
adresse : bulk pour les ids de 17854529 à 17855528
bulk : {
  "took" : 81,
  "errors" :  ...
94: 27001 adresses traitées
adresse : bulk pour les ids de 17855529 à 17856528
bulk : {
  "took" : 89,
  "errors" :  ...
94: 28001 adresses traitées
adresse : bulk pour les ids de 17856529 à 17857528
bulk : {
  "took" : 76,
  "errors" :  ...
94: 29001 adresses traitées
adresse : bulk pour les ids de 17857529 à 17858528
bulk : {
  "took" : 92,
  "errors" :  ...
94: 30001 adresses traitées
adresse : bulk pour les ids de 17858529 à 17859528
bulk : {
  "took" : 75,
  "errors" :  ...
94: 31001 adresses traitées
adresse : bulk pour les ids de 17859529 à 17860528
bulk : {
  "took" : 75,
  "errors" :  ...
94: 32001 adresses traitées
adresse : bulk pour les ids de 17860529 à 17861528
bulk : {
  "took" : 90,
  "errors" :  ...
94: 33001 adresses traitées
adresse : bulk pour les ids de 17861529 à 17862528
bulk : {
  "took" : 76,
  "errors" :  ...
94: 34001 adresses traitées
adresse : bulk pour les ids de 17862529 à 17863528
bulk : {
  "took" : 92,
  "errors" :  ...
94: 35001 adresses traitées
adresse : bulk pour les ids de 17863529 à 17864528
bulk : {
  "took" : 76,
  "errors" :  ...
94: 36001 adresses traitées
adresse : bulk pour les ids de 17864529 à 17865528
bulk : {
  "took" : 90,
  "errors" :  ...
94: 37001 adresses traitées
adresse : bulk pour les ids de 17865529 à 17866528
bulk : {
  "took" : 77,
  "errors" :  ...
94: 38001 adresses traitées
adresse : bulk pour les ids de 17866529 à 17867528
bulk : {
  "took" : 96,
  "errors" :  ...
94: 39001 adresses traitées
adresse : bulk pour les ids de 17867529 à 17868528
bulk : {
  "took" : 77,
  "errors" :  ...
94: 40001 adresses traitées
adresse : bulk pour les ids de 17868529 à 17869528
bulk : {
  "took" : 91,
  "errors" :  ...
94: 41001 adresses traitées
adresse : bulk pour les ids de 17869529 à 17870528
bulk : {
  "took" : 76,
  "errors" :  ...
94: 42001 adresses traitées
adresse : bulk pour les ids de 17870529 à 17871528
bulk : {
  "took" : 92,
  "errors" :  ...
94: 43001 adresses traitées
adresse : bulk pour les ids de 17871529 à 17872528
bulk : {
  "took" : 75,
  "errors" :  ...
94: 44001 adresses traitées
adresse : bulk pour les ids de 17872529 à 17873528
bulk : {
  "took" : 95,
  "errors" :  ...
94: 45001 adresses traitées
adresse : bulk pour les ids de 17873529 à 17874528
bulk : {
  "took" : 79,
  "errors" :  ...
94: 46001 adresses traitées
adresse : bulk pour les ids de 17874529 à 17875528
bulk : {
  "took" : 91,
  "errors" :  ...
94: 47001 adresses traitées
adresse : bulk pour les ids de 17875529 à 17876528
bulk : {
  "took" : 74,
  "errors" :  ...
94: 48001 adresses traitées
adresse : bulk pour les ids de 17876529 à 17877528
bulk : {
  "took" : 94,
  "errors" :  ...
94: 49001 adresses traitées
adresse : bulk pour les ids de 17877529 à 17878528
bulk : {
  "took" : 75,
  "errors" :  ...
94: 50001 adresses traitées
adresse : bulk pour les ids de 17878529 à 17879528
bulk : {
  "took" : 73,
  "errors" :  ...
94: 51001 adresses traitées
adresse : bulk pour les ids de 17879529 à 17880528
bulk : {
  "took" : 96,
  "errors" :  ...
94: 52001 adresses traitées
adresse : bulk pour les ids de 17880529 à 17881528
bulk : {
  "took" : 74,
  "errors" :  ...
94: 53001 adresses traitées
adresse : bulk pour les ids de 17881529 à 17882528
bulk : {
  "took" : 98,
  "errors" :  ...
94: 54001 adresses traitées
adresse : bulk pour les ids de 17882529 à 17883528
bulk : {
  "took" : 75,
  "errors" :  ...
94: 55001 adresses traitées
adresse : bulk pour les ids de 17883529 à 17884528
bulk : {
  "took" : 100,
  "errors" : ...
94: 56001 adresses traitées
adresse : bulk pour les ids de 17884529 à 17885528
bulk : {
  "took" : 75,
  "errors" :  ...
94: 57001 adresses traitées
adresse : bulk pour les ids de 17885529 à 17886528
bulk : {
  "took" : 93,
  "errors" :  ...
94: 58001 adresses traitées
adresse : bulk pour les ids de 17886529 à 17887528
bulk : {
  "took" : 87,
  "errors" :  ...
94: 59001 adresses traitées
adresse : bulk pour les ids de 17887529 à 17888528
bulk : {
  "took" : 93,
  "errors" :  ...
94: 60001 adresses traitées
adresse : bulk pour les ids de 17888529 à 17889528
bulk : {
  "took" : 75,
  "errors" :  ...
94: 61001 adresses traitées
adresse : bulk pour les ids de 17889529 à 17890528
bulk : {
  "took" : 92,
  "errors" :  ...
94: 62001 adresses traitées
adresse : bulk pour les ids de 17890529 à 17891528
bulk : {
  "took" : 74,
  "errors" :  ...
94: 63001 adresses traitées
adresse : bulk pour les ids de 17891529 à 17892528
bulk : {
  "took" : 93,
  "errors" :  ...
94: 64001 adresses traitées
adresse : bulk pour les ids de 17892529 à 17893528
bulk : {
  "took" : 76,
  "errors" :  ...
94: 65001 adresses traitées
adresse : bulk pour les ids de 17893529 à 17894528
bulk : {
  "took" : 98,
  "errors" :  ...
94: 66001 adresses traitées
adresse : bulk pour les ids de 17894529 à 17895528
bulk : {
  "took" : 74,
  "errors" :  ...
94: 67001 adresses traitées
adresse : bulk pour les ids de 17895529 à 17896528
bulk : {
  "took" : 97,
  "errors" :  ...
94: 68001 adresses traitées
adresse : bulk pour les ids de 17896529 à 17897528
bulk : {
  "took" : 75,
  "errors" :  ...
94: 69001 adresses traitées
adresse : bulk pour les ids de 17897529 à 17898528
bulk : {
  "took" : 93,
  "errors" :  ...
94: 70001 adresses traitées
adresse : bulk pour les ids de 17898529 à 17899528
bulk : {
  "took" : 76,
  "errors" :  ...
94: 71001 adresses traitées
adresse : bulk pour les ids de 17899529 à 17900528
bulk : {
  "took" : 77,
  "errors" :  ...
94: 72001 adresses traitées
adresse : bulk pour les ids de 17900529 à 17901528
bulk : {
  "took" : 89,
  "errors" :  ...
94: 73001 adresses traitées
adresse : bulk pour les ids de 17901529 à 17902528
bulk : {
  "took" : 74,
  "errors" :  ...
94: 74001 adresses traitées
adresse : bulk pour les ids de 17902529 à 17903528
bulk : {
  "took" : 91,
  "errors" :  ...
94: 75001 adresses traitées
adresse : bulk pour les ids de 17903529 à 17904528
bulk : {
  "took" : 75,
  "errors" :  ...
94: 76001 adresses traitées
adresse : bulk pour les ids de 17904529 à 17905528
bulk : {
  "took" : 91,
  "errors" :  ...
94: 77001 adresses traitées
adresse : bulk pour les ids de 17905529 à 17906528
bulk : {
  "took" : 74,
  "errors" :  ...
94: 78001 adresses traitées
adresse : bulk pour les ids de 17906529 à 17907528
bulk : {
  "took" : 90,
  "errors" :  ...
94: 79001 adresses traitées
adresse : bulk pour les ids de 17907529 à 17908528
bulk : {
  "took" : 76,
  "errors" :  ...
94: 80001 adresses traitées
adresse : bulk pour les ids de 17908529 à 17909528
bulk : {
  "took" : 93,
  "errors" :  ...
94: 81001 adresses traitées
adresse : bulk pour les ids de 17909529 à 17910528
bulk : {
  "took" : 74,
  "errors" :  ...
94: 82001 adresses traitées
adresse : bulk pour les ids de 17910529 à 17911528
bulk : {
  "took" : 104,
  "errors" : ...
94: 83001 adresses traitées
adresse : bulk pour les ids de 17911529 à 17912528
bulk : {
  "took" : 74,
  "errors" :  ...
94: 84001 adresses traitées
adresse : bulk pour les ids de 17912529 à 17913528
bulk : {
  "took" : 92,
  "errors" :  ...
94: 85001 adresses traitées
adresse : bulk pour les ids de 17913529 à 17914528
bulk : {
  "took" : 76,
  "errors" :  ...
94: 86001 adresses traitées
adresse : bulk pour les ids de 17914529 à 17915528
bulk : {
  "took" : 95,
  "errors" :  ...
94: 87001 adresses traitées
adresse : bulk pour les ids de 17915529 à 17916528
bulk : {
  "took" : 75,
  "errors" :  ...
94: 88001 adresses traitées
adresse : bulk pour les ids de 17916529 à 17917528
bulk : {
  "took" : 92,
  "errors" :  ...
94: 89001 adresses traitées
adresse : bulk pour les ids de 17917529 à 17918528
bulk : {
  "took" : 75,
  "errors" :  ...
94: 90001 adresses traitées
adresse : bulk pour les ids de 17918529 à 17919528
bulk : {
  "took" : 93,
  "errors" :  ...
94: 91001 adresses traitées
adresse : bulk pour les ids de 17919529 à 17920528
bulk : {
  "took" : 75,
  "errors" :  ...
94: 92001 adresses traitées
adresse : bulk pour les ids de 17920529 à 17921528
bulk : {
  "took" : 74,
  "errors" :  ...
94: 93001 adresses traitées
adresse : bulk pour les ids de 17921529 à 17922528
bulk : {
  "took" : 89,
  "errors" :  ...
94: 94001 adresses traitées
adresse : bulk pour les ids de 17922529 à 17923528
bulk : {
  "took" : 74,
  "errors" :  ...
94: 95001 adresses traitées
adresse : bulk pour les ids de 17923529 à 17924528
bulk : {
  "took" : 86,
  "errors" :  ...
94: 96001 adresses traitées
adresse : bulk pour les ids de 17924529 à 17925528
bulk : {
  "took" : 71,
  "errors" :  ...
94: 97001 adresses traitées
adresse : bulk pour les ids de 17925529 à 17926528
bulk : {
  "took" : 89,
  "errors" :  ...
94: 98001 adresses traitées
adresse : bulk pour les ids de 17926529 à 17927528
bulk : {
  "took" : 74,
  "errors" :  ...
94: 99001 adresses traitées
adresse : bulk pour les ids de 17927529 à 17928528
bulk : {
  "took" : 87,
  "errors" :  ...
94: 100001 adresses traitées
adresse : bulk pour les ids de 17928529 à 17929528
bulk : {
  "took" : 71,
  "errors" :  ...
94: 101001 adresses traitées
adresse : bulk pour les ids de 17929529 à 17930528
bulk : {
  "took" : 92,
  "errors" :  ...
94: 102001 adresses traitées
adresse : bulk pour les ids de 17930529 à 17931528
bulk : {
  "took" : 69,
  "errors" :  ...
94: 103001 adresses traitées
adresse : bulk pour les ids de 17931529 à 17932528
bulk : {
  "took" : 84,
  "errors" :  ...
94: 104001 adresses traitées
adresse : bulk pour les ids de 17932529 à 17933528
bulk : {
  "took" : 76,
  "errors" :  ...
94: 105001 adresses traitées
adresse : bulk pour les ids de 17933529 à 17934528
bulk : {
  "took" : 90,
  "errors" :  ...
94: 106001 adresses traitées
adresse : bulk pour les ids de 17934529 à 17935528
bulk : {
  "took" : 71,
  "errors" :  ...
94: 107001 adresses traitées
adresse : bulk pour les ids de 17935529 à 17936528
bulk : {
  "took" : 88,
  "errors" :  ...
94: 108001 adresses traitées
adresse : bulk pour les ids de 17936529 à 17937528
bulk : {
  "took" : 77,
  "errors" :  ...
94: 109001 adresses traitées
adresse : bulk pour les ids de 17937529 à 17938528
bulk : {
  "took" : 91,
  "errors" :  ...
94: 110001 adresses traitées
adresse : bulk pour les ids de 17938529 à 17939528
bulk : {
  "took" : 71,
  "errors" :  ...
94: 111001 adresses traitées
adresse : bulk pour les ids de 17939529 à 17940528
bulk : {
  "took" : 91,
  "errors" :  ...
94: 112001 adresses traitées
adresse : bulk pour les ids de 17940529 à 17941528
bulk : {
  "took" : 72,
  "errors" :  ...
94: 113001 adresses traitées
adresse : bulk pour les ids de 17941529 à 17942528
bulk : {
  "took" : 90,
  "errors" :  ...
94: 114001 adresses traitées
adresse : bulk pour les ids de 17942529 à 17943528
bulk : {
  "took" : 85,
  "errors" :  ...
94: 115001 adresses traitées
adresse : bulk pour les ids de 17943529 à 17944528
bulk : {
  "took" : 71,
  "errors" :  ...
94: 116001 adresses traitées
adresse : bulk pour les ids de 17944529 à 17945528
bulk : {
  "took" : 86,
  "errors" :  ...
94: 117001 adresses traitées
adresse : bulk pour les ids de 17945529 à 17946528
bulk : {
  "took" : 71,
  "errors" :  ...
94: 118001 adresses traitées
adresse : bulk pour les ids de 17946529 à 17947528
bulk : {
  "took" : 85,
  "errors" :  ...
94: 119001 adresses traitées
adresse : bulk pour les ids de 17947529 à 17948528
bulk : {
  "took" : 72,
  "errors" :  ...
94: 120001 adresses traitées
adresse : bulk pour les ids de 17948529 à 17949528
bulk : {
  "took" : 94,
  "errors" :  ...
94: 121001 adresses traitées
adresse : bulk pour les ids de 17949529 à 17950528
bulk : {
  "took" : 72,
  "errors" :  ...
94: 122001 adresses traitées
adresse : bulk pour les ids de 17950529 à 17951528
bulk : {
  "took" : 86,
  "errors" :  ...
94: 123001 adresses traitées
adresse : bulk pour les ids de 17951529 à 17952528
bulk : {
  "took" : 72,
  "errors" :  ...
94: 124001 adresses traitées
adresse : bulk pour les ids de 17952529 à 17953528
bulk : {
  "took" : 92,
  "errors" :  ...
94: 125001 adresses traitées
adresse : bulk pour les ids de 17953529 à 17954528
bulk : {
  "took" : 73,
  "errors" :  ...
94: 126001 adresses traitées
adresse : bulk pour les ids de 17954529 à 17955528
bulk : {
  "took" : 88,
  "errors" :  ...
94: 127001 adresses traitées
adresse : bulk pour les ids de 17955529 à 17956528
bulk : {
  "took" : 73,
  "errors" :  ...
94: 128001 adresses traitées
adresse : bulk pour les ids de 17956529 à 17957528
bulk : {
  "took" : 90,
  "errors" :  ...
94: 129001 adresses traitées
adresse : bulk pour les ids de 17957529 à 17958528
bulk : {
  "took" : 72,
  "errors" :  ...
94: 130001 adresses traitées
adresse : bulk pour les ids de 17958529 à 17959528
bulk : {
  "took" : 92,
  "errors" :  ...
94: 131001 adresses traitées
adresse : bulk pour les ids de 17959529 à 17960528
bulk : {
  "took" : 71,
  "errors" :  ...
94: 132001 adresses traitées
adresse : bulk pour les ids de 17960529 à 17961528
bulk : {
  "took" : 87,
  "errors" :  ...
94: 133001 adresses traitées
adresse : bulk pour les ids de 17961529 à 17962528
bulk : {
  "took" : 71,
  "errors" :  ...
94: 134001 adresses traitées
adresse : bulk pour les ids de 17962529 à 17963528
bulk : {
  "took" : 88,
  "errors" :  ...
94: 135001 adresses traitées
adresse : bulk pour les ids de 17963529 à 17964528
bulk : {
  "took" : 73,
  "errors" :  ...
94: 136001 adresses traitées
adresse : bulk pour les ids de 17964529 à 17965528
bulk : {
  "took" : 71,
  "errors" :  ...
94: 137001 adresses traitées
adresse : bulk pour les ids de 17965529 à 17966528
bulk : {
  "took" : 94,
  "errors" :  ...
94: 138001 adresses traitées
adresse : bulk pour les ids de 17966529 à 17967528
bulk : {
  "took" : 71,
  "errors" :  ...
94: 139001 adresses traitées
adresse : bulk pour les ids de 17967529 à 17968528
bulk : {
  "took" : 89,
  "errors" :  ...
94: 140001 adresses traitées
adresse : bulk pour les ids de 17968529 à 17969528
bulk : {
  "took" : 70,
  "errors" :  ...
94: 141001 adresses traitées
adresse : bulk pour les ids de 17969529 à 17970528
bulk : {
  "took" : 92,
  "errors" :  ...
94: 142001 adresses traitées
adresse : bulk pour les ids de 17970529 à 17971528
bulk : {
  "took" : 71,
  "errors" :  ...
94: 143001 adresses traitées
adresse : bulk pour les ids de 17971529 à 17972528
bulk : {
  "took" : 89,
  "errors" :  ...
94: 144001 adresses traitées
adresse : bulk pour les ids de 17972529 à 17973528
bulk : {
  "took" : 70,
  "errors" :  ...
94: 145001 adresses traitées
adresse : bulk pour les ids de 17973529 à 17974528
bulk : {
  "took" : 88,
  "errors" :  ...
94: 146001 adresses traitées
adresse : bulk pour les ids de 17974529 à 17975528
bulk : {
  "took" : 72,
  "errors" :  ...
94: 147001 adresses traitées
adresse : bulk pour les ids de 17975529 à 17976528
bulk : {
  "took" : 90,
  "errors" :  ...
94: 148001 adresses traitées
adresse : bulk pour les ids de 17976529 à 17977528
bulk : {
  "took" : 72,
  "errors" :  ...
94: 149001 adresses traitées
adresse : bulk pour les ids de 17977529 à 17978528
bulk : {
  "took" : 86,
  "errors" :  ...
94: 150001 adresses traitées
adresse : bulk pour les ids de 17978529 à 17979528
bulk : {
  "took" : 71,
  "errors" :  ...
94: 151001 adresses traitées
adresse : bulk pour les ids de 17979529 à 17980528
bulk : {
  "took" : 87,
  "errors" :  ...
94: 152001 adresses traitées
adresse : bulk pour les ids de 17980529 à 17981528
bulk : {
  "took" : 71,
  "errors" :  ...
94: 153001 adresses traitées
adresse : bulk pour les ids de 17981529 à 17982528
bulk : {
  "took" : 88,
  "errors" :  ...
94: 154001 adresses traitées
adresse : bulk pour les ids de 17982529 à 17983528
bulk : {
  "took" : 73,
  "errors" :  ...
94: 155001 adresses traitées
adresse : bulk pour les ids de 17983529 à 17984528
bulk : {
  "took" : 88,
  "errors" :  ...
94: 156001 adresses traitées
adresse : bulk pour les ids de 17984529 à 17985528
bulk : {
  "took" : 73,
  "errors" :  ...
94: 157001 adresses traitées
adresse : bulk pour les ids de 17985529 à 17986528
bulk : {
  "took" : 89,
  "errors" :  ...
94: 158001 adresses traitées
adresse : bulk pour les ids de 17986529 à 17987528
bulk : {
  "took" : 71,
  "errors" :  ...
94: 159001 adresses traitées
adresse : bulk pour les ids de 17987529 à 17988528
bulk : {
  "took" : 70,
  "errors" :  ...
94: 160001 adresses traitées
adresse : bulk pour les ids de 17988529 à 17989528
bulk : {
  "took" : 85,
  "errors" :  ...
94: 161001 adresses traitées
94: 162001 adresses traitées
adresse : bulk pour les ids de 17989529 à 17990528
bulk : {
  "took" : 71,
  "errors" :  ...
94: 163001 adresses traitées
adresse : bulk pour les ids de 17990529 à 17991528
bulk : {
  "took" : 85,
  "errors" :  ...
94: 164001 adresses traitées
adresse : bulk pour les ids de 17991529 à 17992528
bulk : {
  "took" : 73,
  "errors" :  ...
94: 165001 adresses traitées
adresse : bulk pour les ids de 17992529 à 17993528
bulk : {
  "took" : 89,
  "errors" :  ...
94: 166001 adresses traitées
adresse : bulk pour les ids de 17993529 à 17994528
bulk : {
  "took" : 72,
  "errors" :  ...
94: 167001 adresses traitées
adresse : bulk pour les ids de 17994529 à 17995528
bulk : {
  "took" : 85,
  "errors" :  ...
94: 168001 adresses traitées
adresse : bulk pour les ids de 17995529 à 17996528
bulk : {
  "took" : 73,
  "errors" :  ...
94: 169001 adresses traitées
adresse : bulk pour les ids de 17996529 à 17997528
bulk : {
  "took" : 92,
  "errors" :  ...
94: 170001 adresses traitées
adresse : bulk pour les ids de 17997529 à 17998528
bulk : {
  "took" : 70,
  "errors" :  ...
94: 171001 adresses traitées
adresse : bulk pour les ids de 17998529 à 17999528
bulk : {
  "took" : 91,
  "errors" :  ...
94: 172001 adresses traitées
adresse : bulk pour les ids de 17999529 à 18000528
bulk : {
  "took" : 74,
  "errors" :  ...
94: 173001 adresses traitées
adresse : bulk pour les ids de 18000529 à 18001528
bulk : {
  "took" : 95,
  "errors" :  ...
94: 174001 adresses traitées
adresse : bulk pour les ids de 18001529 à 18002528
bulk : {
  "took" : 74,
  "errors" :  ...
94: 175001 adresses traitées
adresse : bulk pour les ids de 18002529 à 18003528
bulk : {
  "took" : 92,
  "errors" :  ...
94: 176001 adresses traitées
adresse : bulk pour les ids de 18003529 à 18004528
bulk : {
  "took" : 74,
  "errors" :  ...
94: 177001 adresses traitées
adresse : bulk pour les ids de 18004529 à 18005528
bulk : {
  "took" : 89,
  "errors" :  ...
94: 178001 adresses traitées
adresse : bulk pour les ids de 18005529 à 18006528
bulk : {
  "took" : 75,
  "errors" :  ...
94: 179001 adresses traitées
adresse : bulk pour les ids de 18006529 à 18007528
bulk : {
  "took" : 96,
  "errors" :  ...
94: 180001 adresses traitées
adresse : bulk pour les ids de 18007529 à 18008528
bulk : {
  "took" : 74,
  "errors" :  ...
94: 181001 adresses traitées
adresse : bulk pour les ids de 18008529 à 18009528
bulk : {
  "took" : 104,
  "errors" : ...
94: 182001 adresses traitées
adresse : bulk pour les ids de 18009529 à 18010528
bulk : {
  "took" : 72,
  "errors" :  ...
94: 183001 adresses traitées
adresse : bulk pour les ids de 18010529 à 18011528
bulk : {
  "took" : 71,
  "errors" :  ...
94: 184001 adresses traitées
adresse : bulk pour les ids de 18011529 à 18012528
bulk : {
  "took" : 94,
  "errors" :  ...
94: 185001 adresses traitées
adresse : bulk pour les ids de 18012529 à 18013528
bulk : {
  "took" : 71,
  "errors" :  ...
94: 186001 adresses traitées
adresse : bulk pour les ids de 18013529 à 18014528
bulk : {
  "took" : 88,
  "errors" :  ...
94: 187001 adresses traitées
adresse : bulk pour les ids de 18014529 à 18015528
bulk : {
  "took" : 73,
  "errors" :  ...
94: 188001 adresses traitées
adresse : bulk pour les ids de 18015529 à 18016528
bulk : {
  "took" : 89,
  "errors" :  ...
94: 189001 adresses traitées
adresse : bulk pour les ids de 18016529 à 18017528
bulk : {
  "took" : 73,
  "errors" :  ...
94: 190001 adresses traitées
adresse : bulk pour les ids de 18017529 à 18018528
bulk : {
  "took" : 98,
  "errors" :  ...
94: 191001 adresses traitées
adresse : bulk pour les ids de 18018529 à 18019528
bulk : {
  "took" : 75,
  "errors" :  ...
94: 192001 adresses traitées
adresse : bulk pour les ids de 18019529 à 18020528
bulk : {
  "took" : 88,
  "errors" :  ...
94: 193001 adresses traitées
adresse : bulk pour les ids de 18020529 à 18021528
bulk : {
  "took" : 73,
  "errors" :  ...
94: 194001 adresses traitées
adresse : bulk pour les ids de 18021529 à 18022403
bulk : {
  "took" : 77,
  "errors" :  ...
dpt 95 : voies
95: 1 voies traitées
voie : bulk pour les ids de 1282177 à 1282376
bulk : {
  "took" : 13,
  "errors" :  ...
95: 201 voies traitées
voie : bulk pour les ids de 1282377 à 1282576
bulk : {
  "took" : 12,
  "errors" :  ...
95: 401 voies traitées
voie : bulk pour les ids de 1282577 à 1282776
bulk : {
  "took" : 12,
  "errors" :  ...
95: 601 voies traitées
voie : bulk pour les ids de 1282777 à 1282976
bulk : {
  "took" : 12,
  "errors" :  ...
95: 801 voies traitées
voie : bulk pour les ids de 1282977 à 1283176
bulk : {
  "took" : 12,
  "errors" :  ...
95: 1001 voies traitées
voie : bulk pour les ids de 1283177 à 1283376
bulk : {
  "took" : 12,
  "errors" :  ...
95: 1201 voies traitées
voie : bulk pour les ids de 1283377 à 1283576
bulk : {
  "took" : 12,
  "errors" :  ...
95: 1401 voies traitées
voie : bulk pour les ids de 1283577 à 1283776
bulk : {
  "took" : 13,
  "errors" :  ...
95: 1601 voies traitées
voie : bulk pour les ids de 1283777 à 1283976
bulk : {
  "took" : 26,
  "errors" :  ...
95: 1801 voies traitées
voie : bulk pour les ids de 1283977 à 1284176
bulk : {
  "took" : 12,
  "errors" :  ...
95: 2001 voies traitées
voie : bulk pour les ids de 1284177 à 1284376
bulk : {
  "took" : 11,
  "errors" :  ...
95: 2201 voies traitées
voie : bulk pour les ids de 1284377 à 1284576
bulk : {
  "took" : 13,
  "errors" :  ...
95: 2401 voies traitées
voie : bulk pour les ids de 1284577 à 1284776
bulk : {
  "took" : 13,
  "errors" :  ...
95: 2601 voies traitées
voie : bulk pour les ids de 1284777 à 1284976
bulk : {
  "took" : 12,
  "errors" :  ...
95: 2801 voies traitées
voie : bulk pour les ids de 1284977 à 1285176
bulk : {
  "took" : 12,
  "errors" :  ...
95: 3001 voies traitées
voie : bulk pour les ids de 1285177 à 1285376
bulk : {
  "took" : 13,
  "errors" :  ...
95: 3201 voies traitées
voie : bulk pour les ids de 1285377 à 1285576
bulk : {
  "took" : 13,
  "errors" :  ...
95: 3401 voies traitées
voie : bulk pour les ids de 1285577 à 1285776
bulk : {
  "took" : 15,
  "errors" :  ...
95: 3601 voies traitées
voie : bulk pour les ids de 1285777 à 1285976
bulk : {
  "took" : 14,
  "errors" :  ...
95: 3801 voies traitées
voie : bulk pour les ids de 1285977 à 1286176
bulk : {
  "took" : 13,
  "errors" :  ...
95: 4001 voies traitées
voie : bulk pour les ids de 1286177 à 1286376
bulk : {
  "took" : 13,
  "errors" :  ...
95: 4201 voies traitées
voie : bulk pour les ids de 1286377 à 1286576
bulk : {
  "took" : 12,
  "errors" :  ...
95: 4401 voies traitées
voie : bulk pour les ids de 1286577 à 1286776
bulk : {
  "took" : 12,
  "errors" :  ...
95: 4601 voies traitées
voie : bulk pour les ids de 1286777 à 1286976
bulk : {
  "took" : 13,
  "errors" :  ...
95: 4801 voies traitées
voie : bulk pour les ids de 1286977 à 1287176
bulk : {
  "took" : 12,
  "errors" :  ...
95: 5001 voies traitées
voie : bulk pour les ids de 1287177 à 1287376
bulk : {
  "took" : 12,
  "errors" :  ...
95: 5201 voies traitées
voie : bulk pour les ids de 1287377 à 1287576
bulk : {
  "took" : 12,
  "errors" :  ...
95: 5401 voies traitées
voie : bulk pour les ids de 1287577 à 1287776
bulk : {
  "took" : 26,
  "errors" :  ...
95: 5601 voies traitées
voie : bulk pour les ids de 1287777 à 1287976
bulk : {
  "took" : 12,
  "errors" :  ...
95: 5801 voies traitées
voie : bulk pour les ids de 1287977 à 1288176
bulk : {
  "took" : 12,
  "errors" :  ...
95: 6001 voies traitées
voie : bulk pour les ids de 1288177 à 1288376
bulk : {
  "took" : 13,
  "errors" :  ...
95: 6201 voies traitées
voie : bulk pour les ids de 1288377 à 1288576
bulk : {
  "took" : 12,
  "errors" :  ...
95: 6401 voies traitées
voie : bulk pour les ids de 1288577 à 1288776
bulk : {
  "took" : 12,
  "errors" :  ...
95: 6601 voies traitées
voie : bulk pour les ids de 1288777 à 1288976
bulk : {
  "took" : 12,
  "errors" :  ...
95: 6801 voies traitées
voie : bulk pour les ids de 1288977 à 1289176
bulk : {
  "took" : 12,
  "errors" :  ...
95: 7001 voies traitées
voie : bulk pour les ids de 1289177 à 1289376
bulk : {
  "took" : 12,
  "errors" :  ...
95: 7201 voies traitées
voie : bulk pour les ids de 1289377 à 1289576
bulk : {
  "took" : 20,
  "errors" :  ...
95: 7401 voies traitées
voie : bulk pour les ids de 1289577 à 1289776
bulk : {
  "took" : 34,
  "errors" :  ...
95: 7601 voies traitées
voie : bulk pour les ids de 1289777 à 1289976
bulk : {
  "took" : 13,
  "errors" :  ...
95: 7801 voies traitées
voie : bulk pour les ids de 1289977 à 1290176
bulk : {
  "took" : 19,
  "errors" :  ...
95: 8001 voies traitées
voie : bulk pour les ids de 1290177 à 1290376
bulk : {
  "took" : 15,
  "errors" :  ...
95: 8201 voies traitées
voie : bulk pour les ids de 1290377 à 1290576
bulk : {
  "took" : 13,
  "errors" :  ...
95: 8401 voies traitées
voie : bulk pour les ids de 1290577 à 1290776
bulk : {
  "took" : 13,
  "errors" :  ...
95: 8601 voies traitées
voie : bulk pour les ids de 1290777 à 1290976
bulk : {
  "took" : 12,
  "errors" :  ...
95: 8801 voies traitées
voie : bulk pour les ids de 1290977 à 1291176
bulk : {
  "took" : 26,
  "errors" :  ...
95: 9001 voies traitées
voie : bulk pour les ids de 1291177 à 1291376
bulk : {
  "took" : 13,
  "errors" :  ...
95: 9201 voies traitées
voie : bulk pour les ids de 1291377 à 1291576
bulk : {
  "took" : 13,
  "errors" :  ...
95: 9401 voies traitées
voie : bulk pour les ids de 1291577 à 1291776
bulk : {
  "took" : 12,
  "errors" :  ...
95: 9601 voies traitées
voie : bulk pour les ids de 1291777 à 1291976
bulk : {
  "took" : 13,
  "errors" :  ...
95: 9801 voies traitées
voie : bulk pour les ids de 1291977 à 1292176
bulk : {
  "took" : 12,
  "errors" :  ...
95: 10001 voies traitées
voie : bulk pour les ids de 1292177 à 1292376
bulk : {
  "took" : 13,
  "errors" :  ...
95: 10201 voies traitées
voie : bulk pour les ids de 1292377 à 1292576
bulk : {
  "took" : 12,
  "errors" :  ...
95: 10401 voies traitées
voie : bulk pour les ids de 1292577 à 1292776
bulk : {
  "took" : 12,
  "errors" :  ...
95: 10601 voies traitées
voie : bulk pour les ids de 1292777 à 1292976
bulk : {
  "took" : 13,
  "errors" :  ...
95: 10801 voies traitées
voie : bulk pour les ids de 1292977 à 1293176
bulk : {
  "took" : 16,
  "errors" :  ...
95: 11001 voies traitées
voie : bulk pour les ids de 1293177 à 1293376
bulk : {
  "took" : 12,
  "errors" :  ...
95: 11201 voies traitées
voie : bulk pour les ids de 1293377 à 1293576
bulk : {
  "took" : 13,
  "errors" :  ...
95: 11401 voies traitées
voie : bulk pour les ids de 1293577 à 1293776
bulk : {
  "took" : 12,
  "errors" :  ...
95: 11601 voies traitées
voie : bulk pour les ids de 1293777 à 1293976
bulk : {
  "took" : 13,
  "errors" :  ...
95: 11801 voies traitées
voie : bulk pour les ids de 1293977 à 1294176
bulk : {
  "took" : 12,
  "errors" :  ...
95: 12001 voies traitées
voie : bulk pour les ids de 1294177 à 1294376
bulk : {
  "took" : 31,
  "errors" :  ...
95: 12201 voies traitées
voie : bulk pour les ids de 1294377 à 1294576
bulk : {
  "took" : 14,
  "errors" :  ...
95: 12401 voies traitées
voie : bulk pour les ids de 1294577 à 1294776
bulk : {
  "took" : 13,
  "errors" :  ...
95: 12601 voies traitées
voie : bulk pour les ids de 1294777 à 1294976
bulk : {
  "took" : 13,
  "errors" :  ...
95: 12801 voies traitées
voie : bulk pour les ids de 1294977 à 1295176
bulk : {
  "took" : 12,
  "errors" :  ...
95: 13001 voies traitées
voie : bulk pour les ids de 1295177 à 1295376
bulk : {
  "took" : 12,
  "errors" :  ...
95: 13201 voies traitées
voie : bulk pour les ids de 1295377 à 1295576
bulk : {
  "took" : 13,
  "errors" :  ...
95: 13401 voies traitées
voie : bulk pour les ids de 1295577 à 1295776
bulk : {
  "took" : 12,
  "errors" :  ...
95: 13601 voies traitées
voie : bulk pour les ids de 1295777 à 1295976
bulk : {
  "took" : 13,
  "errors" :  ...
95: 13801 voies traitées
voie : bulk pour les ids de 1295977 à 1296176
bulk : {
  "took" : 13,
  "errors" :  ...
95: 14001 voies traitées
voie : bulk pour les ids de 1296177 à 1296376
bulk : {
  "took" : 12,
  "errors" :  ...
95: 14201 voies traitées
voie : bulk pour les ids de 1296377 à 1296576
bulk : {
  "took" : 37,
  "errors" :  ...
95: 14401 voies traitées
voie : bulk pour les ids de 1296577 à 1296776
bulk : {
  "took" : 20,
  "errors" :  ...
95: 14601 voies traitées
voie : bulk pour les ids de 1296777 à 1296976
bulk : {
  "took" : 15,
  "errors" :  ...
95: 14801 voies traitées
voie : bulk pour les ids de 1296977 à 1297176
bulk : {
  "took" : 13,
  "errors" :  ...
95: 15001 voies traitées
voie : bulk pour les ids de 1297177 à 1297342
bulk : {
  "took" : 11,
  "errors" :  ...
dpt 95 : adresses
95: 1 adresses traitées
95: 1001 adresses traitées
adresse : bulk pour les ids de 18022404 à 18023403
bulk : {
  "took" : 103,
  "errors" : ...
95: 2001 adresses traitées
adresse : bulk pour les ids de 18023404 à 18024403
bulk : {
  "took" : 97,
  "errors" :  ...
95: 3001 adresses traitées
adresse : bulk pour les ids de 18024404 à 18025403
bulk : {
  "took" : 92,
  "errors" :  ...
95: 4001 adresses traitées
adresse : bulk pour les ids de 18025404 à 18026403
bulk : {
  "took" : 78,
  "errors" :  ...
95: 5001 adresses traitées
adresse : bulk pour les ids de 18026404 à 18027403
bulk : {
  "took" : 77,
  "errors" :  ...
95: 6001 adresses traitées
adresse : bulk pour les ids de 18027404 à 18028403
bulk : {
  "took" : 108,
  "errors" : ...
95: 7001 adresses traitées
adresse : bulk pour les ids de 18028404 à 18029403
bulk : {
  "took" : 97,
  "errors" :  ...
95: 8001 adresses traitées
adresse : bulk pour les ids de 18029404 à 18030403
bulk : {
  "took" : 80,
  "errors" :  ...
95: 9001 adresses traitées
adresse : bulk pour les ids de 18030404 à 18031403
bulk : {
  "took" : 112,
  "errors" : ...
95: 10001 adresses traitées
adresse : bulk pour les ids de 18031404 à 18032403
bulk : {
  "took" : 83,
  "errors" :  ...
95: 11001 adresses traitées
adresse : bulk pour les ids de 18032404 à 18033403
bulk : {
  "took" : 95,
  "errors" :  ...
95: 12001 adresses traitées
adresse : bulk pour les ids de 18033404 à 18034403
bulk : {
  "took" : 86,
  "errors" :  ...
95: 13001 adresses traitées
adresse : bulk pour les ids de 18034404 à 18035403
bulk : {
  "took" : 91,
  "errors" :  ...
95: 14001 adresses traitées
adresse : bulk pour les ids de 18035404 à 18036403
bulk : {
  "took" : 96,
  "errors" :  ...
95: 15001 adresses traitées
adresse : bulk pour les ids de 18036404 à 18037403
bulk : {
  "took" : 98,
  "errors" :  ...
95: 16001 adresses traitées
adresse : bulk pour les ids de 18037404 à 18038403
bulk : {
  "took" : 99,
  "errors" :  ...
95: 17001 adresses traitées
adresse : bulk pour les ids de 18038404 à 18039403
bulk : {
  "took" : 80,
  "errors" :  ...
95: 18001 adresses traitées
adresse : bulk pour les ids de 18039404 à 18040403
bulk : {
  "took" : 96,
  "errors" :  ...
95: 19001 adresses traitées
adresse : bulk pour les ids de 18040404 à 18041403
bulk : {
  "took" : 93,
  "errors" :  ...
95: 20001 adresses traitées
adresse : bulk pour les ids de 18041404 à 18042403
bulk : {
  "took" : 77,
  "errors" :  ...
95: 21001 adresses traitées
adresse : bulk pour les ids de 18042404 à 18043403
bulk : {
  "took" : 97,
  "errors" :  ...
95: 22001 adresses traitées
adresse : bulk pour les ids de 18043404 à 18044403
bulk : {
  "took" : 93,
  "errors" :  ...
95: 23001 adresses traitées
adresse : bulk pour les ids de 18044404 à 18045403
bulk : {
  "took" : 102,
  "errors" : ...
95: 24001 adresses traitées
adresse : bulk pour les ids de 18045404 à 18046403
bulk : {
  "took" : 88,
  "errors" :  ...
95: 25001 adresses traitées
adresse : bulk pour les ids de 18046404 à 18047403
bulk : {
  "took" : 85,
  "errors" :  ...
95: 26001 adresses traitées
adresse : bulk pour les ids de 18047404 à 18048403
bulk : {
  "took" : 87,
  "errors" :  ...
95: 27001 adresses traitées
adresse : bulk pour les ids de 18048404 à 18049403
bulk : {
  "took" : 83,
  "errors" :  ...
95: 28001 adresses traitées
adresse : bulk pour les ids de 18049404 à 18050403
bulk : {
  "took" : 87,
  "errors" :  ...
95: 29001 adresses traitées
adresse : bulk pour les ids de 18050404 à 18051403
bulk : {
  "took" : 83,
  "errors" :  ...
95: 30001 adresses traitées
adresse : bulk pour les ids de 18051404 à 18052403
bulk : {
  "took" : 90,
  "errors" :  ...
95: 31001 adresses traitées
adresse : bulk pour les ids de 18052404 à 18053403
bulk : {
  "took" : 83,
  "errors" :  ...
95: 32001 adresses traitées
adresse : bulk pour les ids de 18053404 à 18054403
bulk : {
  "took" : 76,
  "errors" :  ...
95: 33001 adresses traitées
adresse : bulk pour les ids de 18054404 à 18055403
bulk : {
  "took" : 100,
  "errors" : ...
95: 34001 adresses traitées
95: 35001 adresses traitées
adresse : bulk pour les ids de 18055404 à 18056403
bulk : {
  "took" : 87,
  "errors" :  ...
95: 36001 adresses traitées
adresse : bulk pour les ids de 18056404 à 18057403
bulk : {
  "took" : 77,
  "errors" :  ...
95: 37001 adresses traitées
adresse : bulk pour les ids de 18057404 à 18058403
bulk : {
  "took" : 92,
  "errors" :  ...
95: 38001 adresses traitées
adresse : bulk pour les ids de 18058404 à 18059403
bulk : {
  "took" : 78,
  "errors" :  ...
95: 39001 adresses traitées
adresse : bulk pour les ids de 18059404 à 18060403
bulk : {
  "took" : 84,
  "errors" :  ...
95: 40001 adresses traitées
adresse : bulk pour les ids de 18060404 à 18061403
bulk : {
  "took" : 90,
  "errors" :  ...
95: 41001 adresses traitées
adresse : bulk pour les ids de 18061404 à 18062403
bulk : {
  "took" : 73,
  "errors" :  ...
95: 42001 adresses traitées
adresse : bulk pour les ids de 18062404 à 18063403
bulk : {
  "took" : 94,
  "errors" :  ...
95: 43001 adresses traitées
adresse : bulk pour les ids de 18063404 à 18064403
bulk : {
  "took" : 73,
  "errors" :  ...
95: 44001 adresses traitées
adresse : bulk pour les ids de 18064404 à 18065403
bulk : {
  "took" : 99,
  "errors" :  ...
95: 45001 adresses traitées
adresse : bulk pour les ids de 18065404 à 18066403
bulk : {
  "took" : 78,
  "errors" :  ...
95: 46001 adresses traitées
adresse : bulk pour les ids de 18066404 à 18067403
bulk : {
  "took" : 92,
  "errors" :  ...
95: 47001 adresses traitées
adresse : bulk pour les ids de 18067404 à 18068403
bulk : {
  "took" : 83,
  "errors" :  ...
95: 48001 adresses traitées
adresse : bulk pour les ids de 18068404 à 18069403
bulk : {
  "took" : 77,
  "errors" :  ...
95: 49001 adresses traitées
adresse : bulk pour les ids de 18069404 à 18070403
bulk : {
  "took" : 84,
  "errors" :  ...
95: 50001 adresses traitées
adresse : bulk pour les ids de 18070404 à 18071403
bulk : {
  "took" : 79,
  "errors" :  ...
95: 51001 adresses traitées
adresse : bulk pour les ids de 18071404 à 18072403
bulk : {
  "took" : 125,
  "errors" : ...
95: 52001 adresses traitées
adresse : bulk pour les ids de 18072404 à 18073403
bulk : {
  "took" : 92,
  "errors" :  ...
95: 53001 adresses traitées
adresse : bulk pour les ids de 18073404 à 18074403
bulk : {
  "took" : 93,
  "errors" :  ...
95: 54001 adresses traitées
adresse : bulk pour les ids de 18074404 à 18075403
bulk : {
  "took" : 77,
  "errors" :  ...
95: 55001 adresses traitées
adresse : bulk pour les ids de 18075404 à 18076403
bulk : {
  "took" : 92,
  "errors" :  ...
95: 56001 adresses traitées
adresse : bulk pour les ids de 18076404 à 18077403
bulk : {
  "took" : 91,
  "errors" :  ...
95: 57001 adresses traitées
adresse : bulk pour les ids de 18077404 à 18078403
bulk : {
  "took" : 80,
  "errors" :  ...
95: 58001 adresses traitées
adresse : bulk pour les ids de 18078404 à 18079403
bulk : {
  "took" : 97,
  "errors" :  ...
95: 59001 adresses traitées
adresse : bulk pour les ids de 18079404 à 18080403
bulk : {
  "took" : 81,
  "errors" :  ...
95: 60001 adresses traitées
adresse : bulk pour les ids de 18080404 à 18081403
bulk : {
  "took" : 93,
  "errors" :  ...
95: 61001 adresses traitées
adresse : bulk pour les ids de 18081404 à 18082403
bulk : {
  "took" : 84,
  "errors" :  ...
95: 62001 adresses traitées
adresse : bulk pour les ids de 18082404 à 18083403
bulk : {
  "took" : 79,
  "errors" :  ...
95: 63001 adresses traitées
adresse : bulk pour les ids de 18083404 à 18084403
bulk : {
  "took" : 93,
  "errors" :  ...
95: 64001 adresses traitées
adresse : bulk pour les ids de 18084404 à 18085403
bulk : {
  "took" : 78,
  "errors" :  ...
95: 65001 adresses traitées
adresse : bulk pour les ids de 18085404 à 18086403
bulk : {
  "took" : 85,
  "errors" :  ...
95: 66001 adresses traitées
adresse : bulk pour les ids de 18086404 à 18087403
bulk : {
  "took" : 78,
  "errors" :  ...
95: 67001 adresses traitées
adresse : bulk pour les ids de 18087404 à 18088403
bulk : {
  "took" : 89,
  "errors" :  ...
95: 68001 adresses traitées
adresse : bulk pour les ids de 18088404 à 18089403
bulk : {
  "took" : 94,
  "errors" :  ...
95: 69001 adresses traitées
adresse : bulk pour les ids de 18089404 à 18090403
bulk : {
  "took" : 84,
  "errors" :  ...
95: 70001 adresses traitées
adresse : bulk pour les ids de 18090404 à 18091403
bulk : {
  "took" : 102,
  "errors" : ...
95: 71001 adresses traitées
95: 72001 adresses traitées
adresse : bulk pour les ids de 18091404 à 18092403
bulk : {
  "took" : 83,
  "errors" :  ...
95: 73001 adresses traitées
adresse : bulk pour les ids de 18092404 à 18093403
bulk : {
  "took" : 96,
  "errors" :  ...
95: 74001 adresses traitées
adresse : bulk pour les ids de 18093404 à 18094403
bulk : {
  "took" : 71,
  "errors" :  ...
95: 75001 adresses traitées
adresse : bulk pour les ids de 18094404 à 18095403
bulk : {
  "took" : 91,
  "errors" :  ...
95: 76001 adresses traitées
adresse : bulk pour les ids de 18095404 à 18096403
bulk : {
  "took" : 81,
  "errors" :  ...
95: 77001 adresses traitées
adresse : bulk pour les ids de 18096404 à 18097403
bulk : {
  "took" : 99,
  "errors" :  ...
95: 78001 adresses traitées
adresse : bulk pour les ids de 18097404 à 18098403
bulk : {
  "took" : 73,
  "errors" :  ...
95: 79001 adresses traitées
adresse : bulk pour les ids de 18098404 à 18099403
bulk : {
  "took" : 100,
  "errors" : ...
95: 80001 adresses traitées
adresse : bulk pour les ids de 18099404 à 18100403
bulk : {
  "took" : 75,
  "errors" :  ...
95: 81001 adresses traitées
adresse : bulk pour les ids de 18100404 à 18101403
bulk : {
  "took" : 94,
  "errors" :  ...
95: 82001 adresses traitées
adresse : bulk pour les ids de 18101404 à 18102403
bulk : {
  "took" : 75,
  "errors" :  ...
95: 83001 adresses traitées
adresse : bulk pour les ids de 18102404 à 18103403
bulk : {
  "took" : 80,
  "errors" :  ...
95: 84001 adresses traitées
adresse : bulk pour les ids de 18103404 à 18104403
bulk : {
  "took" : 89,
  "errors" :  ...
95: 85001 adresses traitées
adresse : bulk pour les ids de 18104404 à 18105403
bulk : {
  "took" : 80,
  "errors" :  ...
95: 86001 adresses traitées
adresse : bulk pour les ids de 18105404 à 18106403
bulk : {
  "took" : 88,
  "errors" :  ...
95: 87001 adresses traitées
adresse : bulk pour les ids de 18106404 à 18107403
bulk : {
  "took" : 96,
  "errors" :  ...
95: 88001 adresses traitées
adresse : bulk pour les ids de 18107404 à 18108403
bulk : {
  "took" : 95,
  "errors" :  ...
95: 89001 adresses traitées
adresse : bulk pour les ids de 18108404 à 18109403
bulk : {
  "took" : 82,
  "errors" :  ...
95: 90001 adresses traitées
adresse : bulk pour les ids de 18109404 à 18110403
bulk : {
  "took" : 89,
  "errors" :  ...
95: 91001 adresses traitées
adresse : bulk pour les ids de 18110404 à 18111403
bulk : {
  "took" : 83,
  "errors" :  ...
95: 92001 adresses traitées
adresse : bulk pour les ids de 18111404 à 18112403
bulk : {
  "took" : 89,
  "errors" :  ...
95: 93001 adresses traitées
adresse : bulk pour les ids de 18112404 à 18113403
bulk : {
  "took" : 105,
  "errors" : ...
95: 94001 adresses traitées
adresse : bulk pour les ids de 18113404 à 18114403
bulk : {
  "took" : 73,
  "errors" :  ...
95: 95001 adresses traitées
adresse : bulk pour les ids de 18114404 à 18115403
bulk : {
  "took" : 98,
  "errors" :  ...
95: 96001 adresses traitées
adresse : bulk pour les ids de 18115404 à 18116403
bulk : {
  "took" : 76,
  "errors" :  ...
95: 97001 adresses traitées
adresse : bulk pour les ids de 18116404 à 18117403
bulk : {
  "took" : 100,
  "errors" : ...
95: 98001 adresses traitées
adresse : bulk pour les ids de 18117404 à 18118403
bulk : {
  "took" : 75,
  "errors" :  ...
95: 99001 adresses traitées
adresse : bulk pour les ids de 18118404 à 18119403
bulk : {
  "took" : 98,
  "errors" :  ...
95: 100001 adresses traitées
adresse : bulk pour les ids de 18119404 à 18120403
bulk : {
  "took" : 87,
  "errors" :  ...
95: 101001 adresses traitées
adresse : bulk pour les ids de 18120404 à 18121403
bulk : {
  "took" : 83,
  "errors" :  ...
95: 102001 adresses traitées
adresse : bulk pour les ids de 18121404 à 18122403
bulk : {
  "took" : 85,
  "errors" :  ...
95: 103001 adresses traitées
adresse : bulk pour les ids de 18122404 à 18123403
bulk : {
  "took" : 80,
  "errors" :  ...
95: 104001 adresses traitées
adresse : bulk pour les ids de 18123404 à 18124403
bulk : {
  "took" : 93,
  "errors" :  ...
95: 105001 adresses traitées
adresse : bulk pour les ids de 18124404 à 18125403
bulk : {
  "took" : 98,
  "errors" :  ...
95: 106001 adresses traitées
adresse : bulk pour les ids de 18125404 à 18126403
bulk : {
  "took" : 85,
  "errors" :  ...
95: 107001 adresses traitées
adresse : bulk pour les ids de 18126404 à 18127403
bulk : {
  "took" : 81,
  "errors" :  ...
95: 108001 adresses traitées
adresse : bulk pour les ids de 18127404 à 18128403
bulk : {
  "took" : 101,
  "errors" : ...
95: 109001 adresses traitées
adresse : bulk pour les ids de 18128404 à 18129403
bulk : {
  "took" : 80,
  "errors" :  ...
95: 110001 adresses traitées
adresse : bulk pour les ids de 18129404 à 18130403
bulk : {
  "took" : 96,
  "errors" :  ...
95: 111001 adresses traitées
adresse : bulk pour les ids de 18130404 à 18131403
bulk : {
  "took" : 117,
  "errors" : ...
95: 112001 adresses traitées
adresse : bulk pour les ids de 18131404 à 18132403
bulk : {
  "took" : 103,
  "errors" : ...
95: 113001 adresses traitées
adresse : bulk pour les ids de 18132404 à 18133403
bulk : {
  "took" : 121,
  "errors" : ...
95: 114001 adresses traitées
adresse : bulk pour les ids de 18133404 à 18134403
bulk : {
  "took" : 103,
  "errors" : ...
95: 115001 adresses traitées
adresse : bulk pour les ids de 18134404 à 18135403
bulk : {
  "took" : 95,
  "errors" :  ...
95: 116001 adresses traitées
adresse : bulk pour les ids de 18135404 à 18136403
bulk : {
  "took" : 76,
  "errors" :  ...
95: 117001 adresses traitées
adresse : bulk pour les ids de 18136404 à 18137403
bulk : {
  "took" : 93,
  "errors" :  ...
95: 118001 adresses traitées
adresse : bulk pour les ids de 18137404 à 18138403
bulk : {
  "took" : 78,
  "errors" :  ...
95: 119001 adresses traitées
adresse : bulk pour les ids de 18138404 à 18139403
bulk : {
  "took" : 96,
  "errors" :  ...
95: 120001 adresses traitées
adresse : bulk pour les ids de 18139404 à 18140403
bulk : {
  "took" : 75,
  "errors" :  ...
95: 121001 adresses traitées
adresse : bulk pour les ids de 18140404 à 18141403
bulk : {
  "took" : 96,
  "errors" :  ...
95: 122001 adresses traitées
adresse : bulk pour les ids de 18141404 à 18142403
bulk : {
  "took" : 88,
  "errors" :  ...
95: 123001 adresses traitées
adresse : bulk pour les ids de 18142404 à 18143403
bulk : {
  "took" : 80,
  "errors" :  ...
95: 124001 adresses traitées
adresse : bulk pour les ids de 18143404 à 18144403
bulk : {
  "took" : 75,
  "errors" :  ...
95: 125001 adresses traitées
adresse : bulk pour les ids de 18144404 à 18145403
bulk : {
  "took" : 80,
  "errors" :  ...
95: 126001 adresses traitées
adresse : bulk pour les ids de 18145404 à 18146403
bulk : {
  "took" : 90,
  "errors" :  ...
95: 127001 adresses traitées
adresse : bulk pour les ids de 18146404 à 18147403
bulk : {
  "took" : 93,
  "errors" :  ...
95: 128001 adresses traitées
adresse : bulk pour les ids de 18147404 à 18148403
bulk : {
  "took" : 90,
  "errors" :  ...
95: 129001 adresses traitées
adresse : bulk pour les ids de 18148404 à 18149403
bulk : {
  "took" : 99,
  "errors" :  ...
95: 130001 adresses traitées
adresse : bulk pour les ids de 18149404 à 18150403
bulk : {
  "took" : 76,
  "errors" :  ...
95: 131001 adresses traitées
adresse : bulk pour les ids de 18150404 à 18151403
bulk : {
  "took" : 97,
  "errors" :  ...
95: 132001 adresses traitées
95: 133001 adresses traitées
adresse : bulk pour les ids de 18151404 à 18152403
bulk : {
  "took" : 72,
  "errors" :  ...
95: 134001 adresses traitées
adresse : bulk pour les ids de 18152404 à 18153403
bulk : {
  "took" : 99,
  "errors" :  ...
95: 135001 adresses traitées
adresse : bulk pour les ids de 18153404 à 18154403
bulk : {
  "took" : 95,
  "errors" :  ...
95: 136001 adresses traitées
adresse : bulk pour les ids de 18154404 à 18155403
bulk : {
  "took" : 84,
  "errors" :  ...
95: 137001 adresses traitées
adresse : bulk pour les ids de 18155404 à 18156403
bulk : {
  "took" : 92,
  "errors" :  ...
95: 138001 adresses traitées
adresse : bulk pour les ids de 18156404 à 18157403
bulk : {
  "took" : 81,
  "errors" :  ...
95: 139001 adresses traitées
adresse : bulk pour les ids de 18157404 à 18158403
bulk : {
  "took" : 90,
  "errors" :  ...
95: 140001 adresses traitées
adresse : bulk pour les ids de 18158404 à 18159403
bulk : {
  "took" : 84,
  "errors" :  ...
95: 141001 adresses traitées
adresse : bulk pour les ids de 18159404 à 18160403
bulk : {
  "took" : 91,
  "errors" :  ...
95: 142001 adresses traitées
adresse : bulk pour les ids de 18160404 à 18161403
bulk : {
  "took" : 105,
  "errors" : ...
95: 143001 adresses traitées
adresse : bulk pour les ids de 18161404 à 18162403
bulk : {
  "took" : 92,
  "errors" :  ...
95: 144001 adresses traitées
adresse : bulk pour les ids de 18162404 à 18163403
bulk : {
  "took" : 96,
  "errors" :  ...
95: 145001 adresses traitées
adresse : bulk pour les ids de 18163404 à 18164403
bulk : {
  "took" : 73,
  "errors" :  ...
95: 146001 adresses traitées
adresse : bulk pour les ids de 18164404 à 18165403
bulk : {
  "took" : 102,
  "errors" : ...
95: 147001 adresses traitées
adresse : bulk pour les ids de 18165404 à 18166403
bulk : {
  "took" : 93,
  "errors" :  ...
95: 148001 adresses traitées
adresse : bulk pour les ids de 18166404 à 18167403
bulk : {
  "took" : 81,
  "errors" :  ...
95: 149001 adresses traitées
adresse : bulk pour les ids de 18167404 à 18168403
bulk : {
  "took" : 95,
  "errors" :  ...
95: 150001 adresses traitées
adresse : bulk pour les ids de 18168404 à 18169403
bulk : {
  "took" : 97,
  "errors" :  ...
95: 151001 adresses traitées
adresse : bulk pour les ids de 18169404 à 18170403
bulk : {
  "took" : 89,
  "errors" :  ...
95: 152001 adresses traitées
adresse : bulk pour les ids de 18170404 à 18171403
bulk : {
  "took" : 97,
  "errors" :  ...
95: 153001 adresses traitées
adresse : bulk pour les ids de 18171404 à 18172403
bulk : {
  "took" : 82,
  "errors" :  ...
95: 154001 adresses traitées
adresse : bulk pour les ids de 18172404 à 18173403
bulk : {
  "took" : 98,
  "errors" :  ...
95: 155001 adresses traitées
adresse : bulk pour les ids de 18173404 à 18174403
bulk : {
  "took" : 81,
  "errors" :  ...
95: 156001 adresses traitées
adresse : bulk pour les ids de 18174404 à 18175403
bulk : {
  "took" : 98,
  "errors" :  ...
95: 157001 adresses traitées
adresse : bulk pour les ids de 18175404 à 18176403
bulk : {
  "took" : 96,
  "errors" :  ...
95: 158001 adresses traitées
adresse : bulk pour les ids de 18176404 à 18177403
bulk : {
  "took" : 85,
  "errors" :  ...
95: 159001 adresses traitées
adresse : bulk pour les ids de 18177404 à 18178403
bulk : {
  "took" : 100,
  "errors" : ...
95: 160001 adresses traitées
adresse : bulk pour les ids de 18178404 à 18179403
bulk : {
  "took" : 93,
  "errors" :  ...
95: 161001 adresses traitées
adresse : bulk pour les ids de 18179404 à 18180403
bulk : {
  "took" : 107,
  "errors" : ...
95: 162001 adresses traitées
adresse : bulk pour les ids de 18180404 à 18181403
bulk : {
  "took" : 79,
  "errors" :  ...
95: 163001 adresses traitées
adresse : bulk pour les ids de 18181404 à 18182403
bulk : {
  "took" : 103,
  "errors" : ...
95: 164001 adresses traitées
adresse : bulk pour les ids de 18182404 à 18183403
bulk : {
  "took" : 79,
  "errors" :  ...
95: 165001 adresses traitées
adresse : bulk pour les ids de 18183404 à 18184403
bulk : {
  "took" : 81,
  "errors" :  ...
95: 166001 adresses traitées
adresse : bulk pour les ids de 18184404 à 18185403
bulk : {
  "took" : 107,
  "errors" : ...
95: 167001 adresses traitées
adresse : bulk pour les ids de 18185404 à 18186403
bulk : {
  "took" : 80,
  "errors" :  ...
95: 168001 adresses traitées
adresse : bulk pour les ids de 18186404 à 18187403
bulk : {
  "took" : 75,
  "errors" :  ...
95: 169001 adresses traitées
adresse : bulk pour les ids de 18187404 à 18188403
bulk : {
  "took" : 101,
  "errors" : ...
95: 170001 adresses traitées
adresse : bulk pour les ids de 18188404 à 18189403
bulk : {
  "took" : 85,
  "errors" :  ...
95: 171001 adresses traitées
adresse : bulk pour les ids de 18189404 à 18190403
bulk : {
  "took" : 95,
  "errors" :  ...
95: 172001 adresses traitées
adresse : bulk pour les ids de 18190404 à 18191403
bulk : {
  "took" : 96,
  "errors" :  ...
95: 173001 adresses traitées
adresse : bulk pour les ids de 18191404 à 18192403
bulk : {
  "took" : 93,
  "errors" :  ...
95: 174001 adresses traitées
adresse : bulk pour les ids de 18192404 à 18193403
bulk : {
  "took" : 91,
  "errors" :  ...
95: 175001 adresses traitées
adresse : bulk pour les ids de 18193404 à 18194403
bulk : {
  "took" : 101,
  "errors" : ...
95: 176001 adresses traitées
adresse : bulk pour les ids de 18194404 à 18195403
bulk : {
  "took" : 103,
  "errors" : ...
95: 177001 adresses traitées
adresse : bulk pour les ids de 18195404 à 18196403
bulk : {
  "took" : 80,
  "errors" :  ...
95: 178001 adresses traitées
adresse : bulk pour les ids de 18196404 à 18197403
bulk : {
  "took" : 100,
  "errors" : ...
95: 179001 adresses traitées
adresse : bulk pour les ids de 18197404 à 18198403
bulk : {
  "took" : 89,
  "errors" :  ...
95: 180001 adresses traitées
adresse : bulk pour les ids de 18198404 à 18199403
bulk : {
  "took" : 71,
  "errors" :  ...
95: 181001 adresses traitées
adresse : bulk pour les ids de 18199404 à 18200403
bulk : {
  "took" : 76,
  "errors" :  ...
95: 182001 adresses traitées
adresse : bulk pour les ids de 18200404 à 18201403
bulk : {
  "took" : 83,
  "errors" :  ...
95: 183001 adresses traitées
adresse : bulk pour les ids de 18201404 à 18202403
bulk : {
  "took" : 78,
  "errors" :  ...
95: 184001 adresses traitées
adresse : bulk pour les ids de 18202404 à 18203403
bulk : {
  "took" : 94,
  "errors" :  ...
95: 185001 adresses traitées
adresse : bulk pour les ids de 18203404 à 18204403
bulk : {
  "took" : 103,
  "errors" : ...
95: 186001 adresses traitées
adresse : bulk pour les ids de 18204404 à 18205403
bulk : {
  "took" : 105,
  "errors" : ...
95: 187001 adresses traitées
adresse : bulk pour les ids de 18205404 à 18206403
bulk : {
  "took" : 92,
  "errors" :  ...
95: 188001 adresses traitées
adresse : bulk pour les ids de 18206404 à 18207403
bulk : {
  "took" : 80,
  "errors" :  ...
95: 189001 adresses traitées
adresse : bulk pour les ids de 18207404 à 18208403
bulk : {
  "took" : 92,
  "errors" :  ...
95: 190001 adresses traitées
adresse : bulk pour les ids de 18208404 à 18209403
bulk : {
  "took" : 85,
  "errors" :  ...
95: 191001 adresses traitées
adresse : bulk pour les ids de 18209404 à 18210403
bulk : {
  "took" : 79,
  "errors" :  ...
95: 192001 adresses traitées
adresse : bulk pour les ids de 18210404 à 18211403
bulk : {
  "took" : 94,
  "errors" :  ...
95: 193001 adresses traitées
adresse : bulk pour les ids de 18211404 à 18212403
bulk : {
  "took" : 93,
  "errors" :  ...
95: 194001 adresses traitées
adresse : bulk pour les ids de 18212404 à 18213403
bulk : {
  "took" : 84,
  "errors" :  ...
95: 195001 adresses traitées
adresse : bulk pour les ids de 18213404 à 18214403
bulk : {
  "took" : 92,
  "errors" :  ...
95: 196001 adresses traitées
adresse : bulk pour les ids de 18214404 à 18215403
bulk : {
  "took" : 99,
  "errors" :  ...
95: 197001 adresses traitées
adresse : bulk pour les ids de 18215404 à 18216403
bulk : {
  "took" : 90,
  "errors" :  ...
95: 198001 adresses traitées
adresse : bulk pour les ids de 18216404 à 18217403
bulk : {
  "took" : 99,
  "errors" :  ...
95: 199001 adresses traitées
adresse : bulk pour les ids de 18217404 à 18218403
bulk : {
  "took" : 77,
  "errors" :  ...
95: 200001 adresses traitées
adresse : bulk pour les ids de 18218404 à 18219403
bulk : {
  "took" : 73,
  "errors" :  ...
95: 201001 adresses traitées
adresse : bulk pour les ids de 18219404 à 18220403
bulk : {
  "took" : 97,
  "errors" :  ...
95: 202001 adresses traitées
adresse : bulk pour les ids de 18220404 à 18221403
bulk : {
  "took" : 113,
  "errors" : ...
95: 203001 adresses traitées
adresse : bulk pour les ids de 18221404 à 18222403
bulk : {
  "took" : 92,
  "errors" :  ...
95: 204001 adresses traitées
adresse : bulk pour les ids de 18222404 à 18223403
bulk : {
  "took" : 90,
  "errors" :  ...
95: 205001 adresses traitées
adresse : bulk pour les ids de 18223404 à 18224403
bulk : {
  "took" : 79,
  "errors" :  ...
95: 206001 adresses traitées
95: 207001 adresses traitées
adresse : bulk pour les ids de 18224404 à 18225403
bulk : {
  "took" : 98,
  "errors" :  ...
95: 208001 adresses traitées
adresse : bulk pour les ids de 18225404 à 18226403
bulk : {
  "took" : 88,
  "errors" :  ...
95: 209001 adresses traitées
adresse : bulk pour les ids de 18226404 à 18227403
bulk : {
  "took" : 75,
  "errors" :  ...
95: 210001 adresses traitées
adresse : bulk pour les ids de 18227404 à 18228403
bulk : {
  "took" : 79,
  "errors" :  ...
95: 211001 adresses traitées
adresse : bulk pour les ids de 18228404 à 18229403
bulk : {
  "took" : 96,
  "errors" :  ...
95: 212001 adresses traitées
adresse : bulk pour les ids de 18229404 à 18230403
bulk : {
  "took" : 100,
  "errors" : ...
95: 213001 adresses traitées
adresse : bulk pour les ids de 18230404 à 18231403
bulk : {
  "took" : 115,
  "errors" : ...
95: 214001 adresses traitées
adresse : bulk pour les ids de 18231404 à 18232403
bulk : {
  "took" : 104,
  "errors" : ...
95: 215001 adresses traitées
adresse : bulk pour les ids de 18232404 à 18233403
bulk : {
  "took" : 84,
  "errors" :  ...
95: 216001 adresses traitées
adresse : bulk pour les ids de 18233404 à 18234403
bulk : {
  "took" : 95,
  "errors" :  ...
95: 217001 adresses traitées
adresse : bulk pour les ids de 18234404 à 18235403
bulk : {
  "took" : 88,
  "errors" :  ...
95: 218001 adresses traitées
adresse : bulk pour les ids de 18235404 à 18236403
bulk : {
  "took" : 83,
  "errors" :  ...
95: 219001 adresses traitées
adresse : bulk pour les ids de 18236404 à 18237403
bulk : {
  "took" : 104,
  "errors" : ...
95: 220001 adresses traitées
adresse : bulk pour les ids de 18237404 à 18238403
bulk : {
  "took" : 81,
  "errors" :  ...
95: 221001 adresses traitées
adresse : bulk pour les ids de 18238404 à 18239403
bulk : {
  "took" : 89,
  "errors" :  ...
95: 222001 adresses traitées
adresse : bulk pour les ids de 18239404 à 18240403
bulk : {
  "took" : 100,
  "errors" : ...
95: 223001 adresses traitées
adresse : bulk pour les ids de 18240404 à 18241403
bulk : {
  "took" : 77,
  "errors" :  ...
95: 224001 adresses traitées
adresse : bulk pour les ids de 18241404 à 18242403
bulk : {
  "took" : 101,
  "errors" : ...
95: 225001 adresses traitées
adresse : bulk pour les ids de 18242404 à 18243403
bulk : {
  "took" : 74,
  "errors" :  ...
95: 226001 adresses traitées
adresse : bulk pour les ids de 18243404 à 18244403
bulk : {
  "took" : 105,
  "errors" : ...
95: 227001 adresses traitées
adresse : bulk pour les ids de 18244404 à 18245403
bulk : {
  "took" : 75,
  "errors" :  ...
95: 228001 adresses traitées
adresse : bulk pour les ids de 18245404 à 18246403
bulk : {
  "took" : 86,
  "errors" :  ...
95: 229001 adresses traitées
adresse : bulk pour les ids de 18246404 à 18247403
bulk : {
  "took" : 91,
  "errors" :  ...
95: 230001 adresses traitées
adresse : bulk pour les ids de 18247404 à 18248403
bulk : {
  "took" : 82,
  "errors" :  ...
95: 231001 adresses traitées
adresse : bulk pour les ids de 18248404 à 18249403
bulk : {
  "took" : 87,
  "errors" :  ...
95: 232001 adresses traitées
adresse : bulk pour les ids de 18249404 à 18250403
bulk : {
  "took" : 88,
  "errors" :  ...
95: 233001 adresses traitées
adresse : bulk pour les ids de 18250404 à 18251403
bulk : {
  "took" : 81,
  "errors" :  ...
95: 234001 adresses traitées
adresse : bulk pour les ids de 18251404 à 18252403
bulk : {
  "took" : 78,
  "errors" :  ...
95: 235001 adresses traitées
adresse : bulk pour les ids de 18252404 à 18253403
bulk : {
  "took" : 99,
  "errors" :  ...
95: 236001 adresses traitées
adresse : bulk pour les ids de 18253404 à 18254403
bulk : {
  "took" : 85,
  "errors" :  ...
95: 237001 adresses traitées
adresse : bulk pour les ids de 18254404 à 18255403
bulk : {
  "took" : 82,
  "errors" :  ...
95: 238001 adresses traitées
adresse : bulk pour les ids de 18255404 à 18256403
bulk : {
  "took" : 97,
  "errors" :  ...
95: 239001 adresses traitées
adresse : bulk pour les ids de 18256404 à 18257403
bulk : {
  "took" : 81,
  "errors" :  ...
95: 240001 adresses traitées
adresse : bulk pour les ids de 18257404 à 18258403
bulk : {
  "took" : 95,
  "errors" :  ...
95: 241001 adresses traitées
adresse : bulk pour les ids de 18258404 à 18259403
bulk : {
  "took" : 81,
  "errors" :  ...
95: 242001 adresses traitées
adresse : bulk pour les ids de 18259404 à 18260403
bulk : {
  "took" : 93,
  "errors" :  ...
95: 243001 adresses traitées
adresse : bulk pour les ids de 18260404 à 18261403
bulk : {
  "took" : 92,
  "errors" :  ...
95: 244001 adresses traitées
adresse : bulk pour les ids de 18261404 à 18262403
bulk : {
  "took" : 78,
  "errors" :  ...
95: 245001 adresses traitées
adresse : bulk pour les ids de 18262404 à 18263403
bulk : {
  "took" : 98,
  "errors" :  ...
95: 246001 adresses traitées
adresse : bulk pour les ids de 18263404 à 18264403
bulk : {
  "took" : 80,
  "errors" :  ...
95: 247001 adresses traitées
adresse : bulk pour les ids de 18264404 à 18265403
bulk : {
  "took" : 96,
  "errors" :  ...
95: 248001 adresses traitées
adresse : bulk pour les ids de 18265404 à 18266403
bulk : {
  "took" : 74,
  "errors" :  ...
95: 249001 adresses traitées
adresse : bulk pour les ids de 18266404 à 18267403
bulk : {
  "took" : 91,
  "errors" :  ...
95: 250001 adresses traitées
adresse : bulk pour les ids de 18267404 à 18268403
bulk : {
  "took" : 102,
  "errors" : ...
95: 251001 adresses traitées
adresse : bulk pour les ids de 18268404 à 18269403
bulk : {
  "took" : 86,
  "errors" :  ...
95: 252001 adresses traitées
adresse : bulk pour les ids de 18269404 à 18270403
bulk : {
  "took" : 91,
  "errors" :  ...
95: 253001 adresses traitées
adresse : bulk pour les ids de 18270404 à 18271403
bulk : {
  "took" : 71,
  "errors" :  ...
95: 254001 adresses traitées
adresse : bulk pour les ids de 18271404 à 18272403
bulk : {
  "took" : 96,
  "errors" :  ...
95: 255001 adresses traitées
adresse : bulk pour les ids de 18272404 à 18273403
bulk : {
  "took" : 72,
  "errors" :  ...
95: 256001 adresses traitées
adresse : bulk pour les ids de 18273404 à 18274403
bulk : {
  "took" : 101,
  "errors" : ...
95: 257001 adresses traitées
adresse : bulk pour les ids de 18274404 à 18275403
bulk : {
  "took" : 84,
  "errors" :  ...
95: 258001 adresses traitées
adresse : bulk pour les ids de 18275404 à 18276403
bulk : {
  "took" : 86,
  "errors" :  ...
95: 259001 adresses traitées
adresse : bulk pour les ids de 18276404 à 18277403
bulk : {
  "took" : 102,
  "errors" : ...
95: 260001 adresses traitées
adresse : bulk pour les ids de 18277404 à 18278403
bulk : {
  "took" : 82,
  "errors" :  ...
95: 261001 adresses traitées
adresse : bulk pour les ids de 18278404 à 18279403
bulk : {
  "took" : 104,
  "errors" : ...
95: 262001 adresses traitées
adresse : bulk pour les ids de 18279404 à 18280403
bulk : {
  "took" : 79,
  "errors" :  ...
95: 263001 adresses traitées
adresse : bulk pour les ids de 18280404 à 18281403
bulk : {
  "took" : 84,
  "errors" :  ...
95: 264001 adresses traitées
adresse : bulk pour les ids de 18281404 à 18282403
bulk : {
  "took" : 92,
  "errors" :  ...
95: 265001 adresses traitées
adresse : bulk pour les ids de 18282404 à 18283403
bulk : {
  "took" : 85,
  "errors" :  ...
95: 266001 adresses traitées
adresse : bulk pour les ids de 18283404 à 18284223
bulk : {
  "took" : 80,
  "errors" :  ...
dpt 971 : voies
971: 1 voies traitées
voie : bulk pour les ids de 1297343 à 1297542
bulk : {
  "took" : 15,
  "errors" :  ...
971: 201 voies traitées
voie : bulk pour les ids de 1297543 à 1297742
bulk : {
  "took" : 12,
  "errors" :  ...
971: 401 voies traitées
voie : bulk pour les ids de 1297743 à 1297942
bulk : {
  "took" : 13,
  "errors" :  ...
971: 601 voies traitées
voie : bulk pour les ids de 1297943 à 1298142
bulk : {
  "took" : 13,
  "errors" :  ...
971: 801 voies traitées
voie : bulk pour les ids de 1298143 à 1298342
bulk : {
  "took" : 14,
  "errors" :  ...
971: 1001 voies traitées
voie : bulk pour les ids de 1298343 à 1298542
bulk : {
  "took" : 13,
  "errors" :  ...
971: 1201 voies traitées
voie : bulk pour les ids de 1298543 à 1298742
bulk : {
  "took" : 33,
  "errors" :  ...
971: 1401 voies traitées
voie : bulk pour les ids de 1298743 à 1298942
bulk : {
  "took" : 13,
  "errors" :  ...
971: 1601 voies traitées
voie : bulk pour les ids de 1298943 à 1299142
bulk : {
  "took" : 13,
  "errors" :  ...
971: 1801 voies traitées
voie : bulk pour les ids de 1299143 à 1299342
bulk : {
  "took" : 13,
  "errors" :  ...
971: 2001 voies traitées
voie : bulk pour les ids de 1299343 à 1299542
bulk : {
  "took" : 12,
  "errors" :  ...
971: 2201 voies traitées
voie : bulk pour les ids de 1299543 à 1299742
bulk : {
  "took" : 13,
  "errors" :  ...
971: 2401 voies traitées
voie : bulk pour les ids de 1299743 à 1299942
bulk : {
  "took" : 13,
  "errors" :  ...
971: 2601 voies traitées
voie : bulk pour les ids de 1299943 à 1300142
bulk : {
  "took" : 13,
  "errors" :  ...
971: 2801 voies traitées
voie : bulk pour les ids de 1300143 à 1300342
bulk : {
  "took" : 14,
  "errors" :  ...
971: 3001 voies traitées
voie : bulk pour les ids de 1300343 à 1300542
bulk : {
  "took" : 14,
  "errors" :  ...
971: 3201 voies traitées
voie : bulk pour les ids de 1300543 à 1300742
bulk : {
  "took" : 13,
  "errors" :  ...
971: 3401 voies traitées
voie : bulk pour les ids de 1300743 à 1300942
bulk : {
  "took" : 36,
  "errors" :  ...
971: 3601 voies traitées
voie : bulk pour les ids de 1300943 à 1301140
bulk : {
  "took" : 14,
  "errors" :  ...
dpt 971 : adresses
971: 1 adresses traitées
971: 1001 adresses traitées
971: 2001 adresses traitées
adresse : bulk pour les ids de 18284224 à 18285223
bulk : {
  "took" : 103,
  "errors" : ...
971: 3001 adresses traitées
adresse : bulk pour les ids de 18285224 à 18286223
bulk : {
  "took" : 100,
  "errors" : ...
971: 4001 adresses traitées
971: 5001 adresses traitées
adresse : bulk pour les ids de 18286224 à 18287223
bulk : {
  "took" : 98,
  "errors" :  ...
971: 6001 adresses traitées
adresse : bulk pour les ids de 18287224 à 18288223
bulk : {
  "took" : 75,
  "errors" :  ...
971: 7001 adresses traitées
adresse : bulk pour les ids de 18288224 à 18289223
bulk : {
  "took" : 98,
  "errors" :  ...
971: 8001 adresses traitées
971: 9001 adresses traitées
adresse : bulk pour les ids de 18289224 à 18290223
bulk : {
  "took" : 79,
  "errors" :  ...
971: 10001 adresses traitées
adresse : bulk pour les ids de 18290224 à 18291223
bulk : {
  "took" : 85,
  "errors" :  ...
971: 11001 adresses traitées
971: 12001 adresses traitées
adresse : bulk pour les ids de 18291224 à 18292223
bulk : {
  "took" : 95,
  "errors" :  ...
971: 13001 adresses traitées
971: 14001 adresses traitées
adresse : bulk pour les ids de 18292224 à 18293223
bulk : {
  "took" : 100,
  "errors" : ...
971: 15001 adresses traitées
971: 16001 adresses traitées
adresse : bulk pour les ids de 18293224 à 18294223
bulk : {
  "took" : 77,
  "errors" :  ...
971: 17001 adresses traitées
971: 18001 adresses traitées
adresse : bulk pour les ids de 18294224 à 18295223
bulk : {
  "took" : 99,
  "errors" :  ...
971: 19001 adresses traitées
adresse : bulk pour les ids de 18295224 à 18296223
bulk : {
  "took" : 77,
  "errors" :  ...
971: 20001 adresses traitées
971: 21001 adresses traitées
adresse : bulk pour les ids de 18296224 à 18297223
bulk : {
  "took" : 99,
  "errors" :  ...
971: 22001 adresses traitées
adresse : bulk pour les ids de 18297224 à 18298223
bulk : {
  "took" : 71,
  "errors" :  ...
971: 23001 adresses traitées
971: 24001 adresses traitées
adresse : bulk pour les ids de 18298224 à 18299223
bulk : {
  "took" : 100,
  "errors" : ...
971: 25001 adresses traitées
adresse : bulk pour les ids de 18299224 à 18300223
bulk : {
  "took" : 75,
  "errors" :  ...
971: 26001 adresses traitées
adresse : bulk pour les ids de 18300224 à 18301223
bulk : {
  "took" : 81,
  "errors" :  ...
971: 27001 adresses traitées
adresse : bulk pour les ids de 18301224 à 18302223
bulk : {
  "took" : 103,
  "errors" : ...
971: 28001 adresses traitées
971: 29001 adresses traitées
adresse : bulk pour les ids de 18302224 à 18303223
bulk : {
  "took" : 87,
  "errors" :  ...
971: 30001 adresses traitées
971: 31001 adresses traitées
adresse : bulk pour les ids de 18303224 à 18304223
bulk : {
  "took" : 90,
  "errors" :  ...
971: 32001 adresses traitées
971: 33001 adresses traitées
adresse : bulk pour les ids de 18304224 à 18305223
bulk : {
  "took" : 87,
  "errors" :  ...
971: 34001 adresses traitées
971: 35001 adresses traitées
adresse : bulk pour les ids de 18305224 à 18306223
bulk : {
  "took" : 93,
  "errors" :  ...
971: 36001 adresses traitées
adresse : bulk pour les ids de 18306224 à 18307223
bulk : {
  "took" : 101,
  "errors" : ...
971: 37001 adresses traitées
adresse : bulk pour les ids de 18307224 à 18308223
bulk : {
  "took" : 75,
  "errors" :  ...
971: 38001 adresses traitées
adresse : bulk pour les ids de 18308224 à 18309223
bulk : {
  "took" : 97,
  "errors" :  ...
971: 39001 adresses traitées
adresse : bulk pour les ids de 18309224 à 18310223
bulk : {
  "took" : 79,
  "errors" :  ...
971: 40001 adresses traitées
adresse : bulk pour les ids de 18310224 à 18311223
bulk : {
  "took" : 100,
  "errors" : ...
971: 41001 adresses traitées
adresse : bulk pour les ids de 18311224 à 18312223
bulk : {
  "took" : 75,
  "errors" :  ...
971: 42001 adresses traitées
adresse : bulk pour les ids de 18312224 à 18313223
bulk : {
  "took" : 96,
  "errors" :  ...
971: 43001 adresses traitées
adresse : bulk pour les ids de 18313224 à 18314223
bulk : {
  "took" : 71,
  "errors" :  ...
971: 44001 adresses traitées
adresse : bulk pour les ids de 18314224 à 18315223
bulk : {
  "took" : 98,
  "errors" :  ...
971: 45001 adresses traitées
adresse : bulk pour les ids de 18315224 à 18316223
bulk : {
  "took" : 88,
  "errors" :  ...
971: 46001 adresses traitées
adresse : bulk pour les ids de 18316224 à 18317223
bulk : {
  "took" : 86,
  "errors" :  ...
971: 47001 adresses traitées
adresse : bulk pour les ids de 18317224 à 18318223
bulk : {
  "took" : 89,
  "errors" :  ...
971: 48001 adresses traitées
adresse : bulk pour les ids de 18318224 à 18319223
bulk : {
  "took" : 84,
  "errors" :  ...
971: 49001 adresses traitées
adresse : bulk pour les ids de 18319224 à 18320223
bulk : {
  "took" : 111,
  "errors" : ...
971: 50001 adresses traitées
adresse : bulk pour les ids de 18320224 à 18321223
bulk : {
  "took" : 90,
  "errors" :  ...
971: 51001 adresses traitées
971: 52001 adresses traitées
adresse : bulk pour les ids de 18321224 à 18322223
bulk : {
  "took" : 86,
  "errors" :  ...
971: 53001 adresses traitées
adresse : bulk pour les ids de 18322224 à 18323223
bulk : {
  "took" : 80,
  "errors" :  ...
971: 54001 adresses traitées
adresse : bulk pour les ids de 18323224 à 18324223
bulk : {
  "took" : 99,
  "errors" :  ...
971: 55001 adresses traitées
adresse : bulk pour les ids de 18324224 à 18325223
bulk : {
  "took" : 87,
  "errors" :  ...
971: 56001 adresses traitées
adresse : bulk pour les ids de 18325224 à 18326223
bulk : {
  "took" : 96,
  "errors" :  ...
971: 57001 adresses traitées
adresse : bulk pour les ids de 18326224 à 18327223
bulk : {
  "took" : 76,
  "errors" :  ...
971: 58001 adresses traitées
adresse : bulk pour les ids de 18327224 à 18328223
bulk : {
  "took" : 80,
  "errors" :  ...
971: 59001 adresses traitées
adresse : bulk pour les ids de 18328224 à 18329223
bulk : {
  "took" : 92,
  "errors" :  ...
971: 60001 adresses traitées
adresse : bulk pour les ids de 18329224 à 18330223
bulk : {
  "took" : 81,
  "errors" :  ...
971: 61001 adresses traitées
adresse : bulk pour les ids de 18330224 à 18331223
bulk : {
  "took" : 88,
  "errors" :  ...
971: 62001 adresses traitées
adresse : bulk pour les ids de 18331224 à 18332223
bulk : {
  "took" : 82,
  "errors" :  ...
971: 63001 adresses traitées
adresse : bulk pour les ids de 18332224 à 18333223
bulk : {
  "took" : 94,
  "errors" :  ...
971: 64001 adresses traitées
adresse : bulk pour les ids de 18333224 à 18334223
bulk : {
  "took" : 80,
  "errors" :  ...
971: 65001 adresses traitées
adresse : bulk pour les ids de 18334224 à 18335223
bulk : {
  "took" : 82,
  "errors" :  ...
971: 66001 adresses traitées
adresse : bulk pour les ids de 18335224 à 18336223
bulk : {
  "took" : 95,
  "errors" :  ...
971: 67001 adresses traitées
adresse : bulk pour les ids de 18336224 à 18337223
bulk : {
  "took" : 73,
  "errors" :  ...
971: 68001 adresses traitées
adresse : bulk pour les ids de 18337224 à 18338223
bulk : {
  "took" : 118,
  "errors" : ...
971: 69001 adresses traitées
adresse : bulk pour les ids de 18338224 à 18339223
bulk : {
  "took" : 96,
  "errors" :  ...
971: 70001 adresses traitées
adresse : bulk pour les ids de 18339224 à 18340223
bulk : {
  "took" : 89,
  "errors" :  ...
971: 71001 adresses traitées
971: 72001 adresses traitées
adresse : bulk pour les ids de 18340224 à 18341223
bulk : {
  "took" : 80,
  "errors" :  ...
971: 73001 adresses traitées
adresse : bulk pour les ids de 18341224 à 18342223
bulk : {
  "took" : 93,
  "errors" :  ...
971: 74001 adresses traitées
adresse : bulk pour les ids de 18342224 à 18343223
bulk : {
  "took" : 94,
  "errors" :  ...
971: 75001 adresses traitées
adresse : bulk pour les ids de 18343224 à 18344223
bulk : {
  "took" : 89,
  "errors" :  ...
971: 76001 adresses traitées
adresse : bulk pour les ids de 18344224 à 18345223
bulk : {
  "took" : 96,
  "errors" :  ...
971: 77001 adresses traitées
971: 78001 adresses traitées
adresse : bulk pour les ids de 18345224 à 18346223
bulk : {
  "took" : 95,
  "errors" :  ...
971: 79001 adresses traitées
adresse : bulk pour les ids de 18346224 à 18347223
bulk : {
  "took" : 82,
  "errors" :  ...
971: 80001 adresses traitées
adresse : bulk pour les ids de 18347224 à 18348223
bulk : {
  "took" : 97,
  "errors" :  ...
971: 81001 adresses traitées
adresse : bulk pour les ids de 18348224 à 18349223
bulk : {
  "took" : 83,
  "errors" :  ...
971: 82001 adresses traitées
adresse : bulk pour les ids de 18349224 à 18350223
bulk : {
  "took" : 92,
  "errors" :  ...
971: 83001 adresses traitées
adresse : bulk pour les ids de 18350224 à 18351223
bulk : {
  "took" : 81,
  "errors" :  ...
971: 84001 adresses traitées
adresse : bulk pour les ids de 18351224 à 18352223
bulk : {
  "took" : 87,
  "errors" :  ...
971: 85001 adresses traitées
adresse : bulk pour les ids de 18352224 à 18353223
bulk : {
  "took" : 93,
  "errors" :  ...
971: 86001 adresses traitées
adresse : bulk pour les ids de 18353224 à 18354223
bulk : {
  "took" : 71,
  "errors" :  ...
971: 87001 adresses traitées
adresse : bulk pour les ids de 18354224 à 18354599
bulk : {
  "took" : 27,
  "errors" :  ...
dpt 972 : voies
972: 1 voies traitées
voie : bulk pour les ids de 1301141 à 1301340
bulk : {
  "took" : 13,
  "errors" :  ...
972: 201 voies traitées
voie : bulk pour les ids de 1301341 à 1301540
bulk : {
  "took" : 12,
  "errors" :  ...
972: 401 voies traitées
voie : bulk pour les ids de 1301541 à 1301740
bulk : {
  "took" : 13,
  "errors" :  ...
972: 601 voies traitées
voie : bulk pour les ids de 1301741 à 1301940
bulk : {
  "took" : 12,
  "errors" :  ...
972: 801 voies traitées
voie : bulk pour les ids de 1301941 à 1302140
bulk : {
  "took" : 12,
  "errors" :  ...
972: 1001 voies traitées
voie : bulk pour les ids de 1302141 à 1302340
bulk : {
  "took" : 12,
  "errors" :  ...
972: 1201 voies traitées
voie : bulk pour les ids de 1302341 à 1302540
bulk : {
  "took" : 12,
  "errors" :  ...
972: 1401 voies traitées
voie : bulk pour les ids de 1302541 à 1302740
bulk : {
  "took" : 12,
  "errors" :  ...
972: 1601 voies traitées
voie : bulk pour les ids de 1302741 à 1302940
bulk : {
  "took" : 12,
  "errors" :  ...
972: 1801 voies traitées
voie : bulk pour les ids de 1302941 à 1303140
bulk : {
  "took" : 27,
  "errors" :  ...
972: 2001 voies traitées
voie : bulk pour les ids de 1303141 à 1303340
bulk : {
  "took" : 13,
  "errors" :  ...
972: 2201 voies traitées
voie : bulk pour les ids de 1303341 à 1303540
bulk : {
  "took" : 12,
  "errors" :  ...
972: 2401 voies traitées
voie : bulk pour les ids de 1303541 à 1303740
bulk : {
  "took" : 12,
  "errors" :  ...
972: 2601 voies traitées
voie : bulk pour les ids de 1303741 à 1303940
bulk : {
  "took" : 12,
  "errors" :  ...
972: 2801 voies traitées
voie : bulk pour les ids de 1303941 à 1304140
bulk : {
  "took" : 13,
  "errors" :  ...
972: 3001 voies traitées
voie : bulk pour les ids de 1304141 à 1304340
bulk : {
  "took" : 12,
  "errors" :  ...
972: 3201 voies traitées
voie : bulk pour les ids de 1304341 à 1304507
bulk : {
  "took" : 11,
  "errors" :  ...
dpt 972 : adresses
972: 1 adresses traitées
972: 1001 adresses traitées
adresse : bulk pour les ids de 18354600 à 18355599
bulk : {
  "took" : 95,
  "errors" :  ...
972: 2001 adresses traitées
adresse : bulk pour les ids de 18355600 à 18356599
bulk : {
  "took" : 89,
  "errors" :  ...
972: 3001 adresses traitées
972: 4001 adresses traitées
adresse : bulk pour les ids de 18356600 à 18357599
bulk : {
  "took" : 102,
  "errors" : ...
972: 5001 adresses traitées
adresse : bulk pour les ids de 18357600 à 18358599
bulk : {
  "took" : 77,
  "errors" :  ...
972: 6001 adresses traitées
972: 7001 adresses traitées
972: 8001 adresses traitées
adresse : bulk pour les ids de 18358600 à 18359599
bulk : {
  "took" : 97,
  "errors" :  ...
972: 9001 adresses traitées
972: 10001 adresses traitées
adresse : bulk pour les ids de 18359600 à 18360599
bulk : {
  "took" : 71,
  "errors" :  ...
972: 11001 adresses traitées
972: 12001 adresses traitées
972: 13001 adresses traitées
adresse : bulk pour les ids de 18360600 à 18361599
bulk : {
  "took" : 82,
  "errors" :  ...
972: 14001 adresses traitées
972: 15001 adresses traitées
972: 16001 adresses traitées
adresse : bulk pour les ids de 18361600 à 18362599
bulk : {
  "took" : 87,
  "errors" :  ...
972: 17001 adresses traitées
adresse : bulk pour les ids de 18362600 à 18363599
bulk : {
  "took" : 78,
  "errors" :  ...
972: 18001 adresses traitées
972: 19001 adresses traitées
adresse : bulk pour les ids de 18363600 à 18364599
bulk : {
  "took" : 92,
  "errors" :  ...
972: 20001 adresses traitées
972: 21001 adresses traitées
adresse : bulk pour les ids de 18364600 à 18365599
bulk : {
  "took" : 91,
  "errors" :  ...
972: 22001 adresses traitées
972: 23001 adresses traitées
adresse : bulk pour les ids de 18365600 à 18366599
bulk : {
  "took" : 74,
  "errors" :  ...
972: 24001 adresses traitées
adresse : bulk pour les ids de 18366600 à 18367599
bulk : {
  "took" : 95,
  "errors" :  ...
972: 25001 adresses traitées
adresse : bulk pour les ids de 18367600 à 18368599
bulk : {
  "took" : 78,
  "errors" :  ...
972: 26001 adresses traitées
adresse : bulk pour les ids de 18368600 à 18369599
bulk : {
  "took" : 107,
  "errors" : ...
972: 27001 adresses traitées
972: 28001 adresses traitées
adresse : bulk pour les ids de 18369600 à 18370599
bulk : {
  "took" : 76,
  "errors" :  ...
972: 29001 adresses traitées
adresse : bulk pour les ids de 18370600 à 18371599
bulk : {
  "took" : 79,
  "errors" :  ...
972: 30001 adresses traitées
adresse : bulk pour les ids de 18371600 à 18372599
bulk : {
  "took" : 96,
  "errors" :  ...
972: 31001 adresses traitées
adresse : bulk pour les ids de 18372600 à 18373599
bulk : {
  "took" : 82,
  "errors" :  ...
972: 32001 adresses traitées
adresse : bulk pour les ids de 18373600 à 18374599
bulk : {
  "took" : 74,
  "errors" :  ...
972: 33001 adresses traitées
adresse : bulk pour les ids de 18374600 à 18375599
bulk : {
  "took" : 79,
  "errors" :  ...
972: 34001 adresses traitées
972: 35001 adresses traitées
adresse : bulk pour les ids de 18375600 à 18376599
bulk : {
  "took" : 90,
  "errors" :  ...
972: 36001 adresses traitées
adresse : bulk pour les ids de 18376600 à 18377599
bulk : {
  "took" : 80,
  "errors" :  ...
972: 37001 adresses traitées
adresse : bulk pour les ids de 18377600 à 18378599
bulk : {
  "took" : 78,
  "errors" :  ...
972: 38001 adresses traitées
adresse : bulk pour les ids de 18378600 à 18379599
bulk : {
  "took" : 97,
  "errors" :  ...
972: 39001 adresses traitées
adresse : bulk pour les ids de 18379600 à 18380599
bulk : {
  "took" : 90,
  "errors" :  ...
972: 40001 adresses traitées
adresse : bulk pour les ids de 18380600 à 18381599
bulk : {
  "took" : 79,
  "errors" :  ...
972: 41001 adresses traitées
adresse : bulk pour les ids de 18381600 à 18382599
bulk : {
  "took" : 155,
  "errors" : ...
972: 42001 adresses traitées
adresse : bulk pour les ids de 18382600 à 18383599
bulk : {
  "took" : 81,
  "errors" :  ...
972: 43001 adresses traitées
972: 44001 adresses traitées
adresse : bulk pour les ids de 18383600 à 18384599
bulk : {
  "took" : 89,
  "errors" :  ...
972: 45001 adresses traitées
adresse : bulk pour les ids de 18384600 à 18385599
bulk : {
  "took" : 83,
  "errors" :  ...
972: 46001 adresses traitées
adresse : bulk pour les ids de 18385600 à 18386599
bulk : {
  "took" : 77,
  "errors" :  ...
972: 47001 adresses traitées
adresse : bulk pour les ids de 18386600 à 18387599
bulk : {
  "took" : 102,
  "errors" : ...
972: 48001 adresses traitées
adresse : bulk pour les ids de 18387600 à 18388599
bulk : {
  "took" : 71,
  "errors" :  ...
972: 49001 adresses traitées
adresse : bulk pour les ids de 18388600 à 18389599
bulk : {
  "took" : 97,
  "errors" :  ...
972: 50001 adresses traitées
adresse : bulk pour les ids de 18389600 à 18390599
bulk : {
  "took" : 71,
  "errors" :  ...
972: 51001 adresses traitées
972: 52001 adresses traitées
adresse : bulk pour les ids de 18390600 à 18391599
bulk : {
  "took" : 75,
  "errors" :  ...
972: 53001 adresses traitées
972: 54001 adresses traitées
adresse : bulk pour les ids de 18391600 à 18392599
bulk : {
  "took" : 74,
  "errors" :  ...
972: 55001 adresses traitées
adresse : bulk pour les ids de 18392600 à 18393599
bulk : {
  "took" : 79,
  "errors" :  ...
972: 56001 adresses traitées
972: 57001 adresses traitées
adresse : bulk pour les ids de 18393600 à 18394599
bulk : {
  "took" : 89,
  "errors" :  ...
972: 58001 adresses traitées
972: 59001 adresses traitées
adresse : bulk pour les ids de 18394600 à 18395599
bulk : {
  "took" : 83,
  "errors" :  ...
972: 60001 adresses traitées
972: 61001 adresses traitées
adresse : bulk pour les ids de 18395600 à 18396599
bulk : {
  "took" : 72,
  "errors" :  ...
972: 62001 adresses traitées
adresse : bulk pour les ids de 18396600 à 18397599
bulk : {
  "took" : 95,
  "errors" :  ...
972: 63001 adresses traitées
adresse : bulk pour les ids de 18397600 à 18398599
bulk : {
  "took" : 72,
  "errors" :  ...
972: 64001 adresses traitées
972: 65001 adresses traitées
adresse : bulk pour les ids de 18398600 à 18399599
bulk : {
  "took" : 101,
  "errors" : ...
972: 66001 adresses traitées
adresse : bulk pour les ids de 18399600 à 18400599
bulk : {
  "took" : 83,
  "errors" :  ...
972: 67001 adresses traitées
adresse : bulk pour les ids de 18400600 à 18401599
bulk : {
  "took" : 88,
  "errors" :  ...
972: 68001 adresses traitées
adresse : bulk pour les ids de 18401600 à 18402599
bulk : {
  "took" : 88,
  "errors" :  ...
972: 69001 adresses traitées
adresse : bulk pour les ids de 18402600 à 18403599
bulk : {
  "took" : 90,
  "errors" :  ...
972: 70001 adresses traitées
adresse : bulk pour les ids de 18403600 à 18404599
bulk : {
  "took" : 91,
  "errors" :  ...
972: 71001 adresses traitées
adresse : bulk pour les ids de 18404600 à 18405599
bulk : {
  "took" : 82,
  "errors" :  ...
972: 72001 adresses traitées
adresse : bulk pour les ids de 18405600 à 18406210
bulk : {
  "took" : 59,
  "errors" :  ...
dpt 973 : voies
dpt 973 : adresses
dpt 974 : voies
974: 1 voies traitées
voie : bulk pour les ids de 1304508 à 1304707
bulk : {
  "took" : 13,
  "errors" :  ...
974: 201 voies traitées
voie : bulk pour les ids de 1304708 à 1304907
bulk : {
  "took" : 13,
  "errors" :  ...
974: 401 voies traitées
voie : bulk pour les ids de 1304908 à 1305107
bulk : {
  "took" : 12,
  "errors" :  ...
974: 601 voies traitées
voie : bulk pour les ids de 1305108 à 1305307
bulk : {
  "took" : 36,
  "errors" :  ...
974: 801 voies traitées
voie : bulk pour les ids de 1305308 à 1305507
bulk : {
  "took" : 13,
  "errors" :  ...
974: 1001 voies traitées
voie : bulk pour les ids de 1305508 à 1305707
bulk : {
  "took" : 13,
  "errors" :  ...
974: 1201 voies traitées
voie : bulk pour les ids de 1305708 à 1305907
bulk : {
  "took" : 13,
  "errors" :  ...
974: 1401 voies traitées
voie : bulk pour les ids de 1305908 à 1306107
bulk : {
  "took" : 14,
  "errors" :  ...
974: 1601 voies traitées
voie : bulk pour les ids de 1306108 à 1306307
bulk : {
  "took" : 12,
  "errors" :  ...
974: 1801 voies traitées
voie : bulk pour les ids de 1306308 à 1306507
bulk : {
  "took" : 13,
  "errors" :  ...
974: 2001 voies traitées
voie : bulk pour les ids de 1306508 à 1306707
bulk : {
  "took" : 13,
  "errors" :  ...
974: 2201 voies traitées
voie : bulk pour les ids de 1306708 à 1306907
bulk : {
  "took" : 13,
  "errors" :  ...
974: 2401 voies traitées
voie : bulk pour les ids de 1306908 à 1307107
bulk : {
  "took" : 13,
  "errors" :  ...
974: 2601 voies traitées
voie : bulk pour les ids de 1307108 à 1307307
bulk : {
  "took" : 28,
  "errors" :  ...
974: 2801 voies traitées
voie : bulk pour les ids de 1307308 à 1307507
bulk : {
  "took" : 13,
  "errors" :  ...
974: 3001 voies traitées
voie : bulk pour les ids de 1307508 à 1307707
bulk : {
  "took" : 13,
  "errors" :  ...
974: 3201 voies traitées
voie : bulk pour les ids de 1307708 à 1307907
bulk : {
  "took" : 12,
  "errors" :  ...
974: 3401 voies traitées
voie : bulk pour les ids de 1307908 à 1308107
bulk : {
  "took" : 13,
  "errors" :  ...
974: 3601 voies traitées
voie : bulk pour les ids de 1308108 à 1308307
bulk : {
  "took" : 14,
  "errors" :  ...
974: 3801 voies traitées
voie : bulk pour les ids de 1308308 à 1308507
bulk : {
  "took" : 13,
  "errors" :  ...
974: 4001 voies traitées
voie : bulk pour les ids de 1308508 à 1308707
bulk : {
  "took" : 13,
  "errors" :  ...
974: 4201 voies traitées
voie : bulk pour les ids de 1308708 à 1308907
bulk : {
  "took" : 13,
  "errors" :  ...
974: 4401 voies traitées
voie : bulk pour les ids de 1308908 à 1309107
bulk : {
  "took" : 13,
  "errors" :  ...
974: 4601 voies traitées
voie : bulk pour les ids de 1309108 à 1309307
bulk : {
  "took" : 33,
  "errors" :  ...
974: 4801 voies traitées
voie : bulk pour les ids de 1309308 à 1309507
bulk : {
  "took" : 13,
  "errors" :  ...
974: 5001 voies traitées
voie : bulk pour les ids de 1309508 à 1309707
bulk : {
  "took" : 13,
  "errors" :  ...
974: 5201 voies traitées
voie : bulk pour les ids de 1309708 à 1309907
bulk : {
  "took" : 13,
  "errors" :  ...
974: 5401 voies traitées
voie : bulk pour les ids de 1309908 à 1310107
bulk : {
  "took" : 13,
  "errors" :  ...
974: 5601 voies traitées
voie : bulk pour les ids de 1310108 à 1310307
bulk : {
  "took" : 13,
  "errors" :  ...
974: 5801 voies traitées
voie : bulk pour les ids de 1310308 à 1310507
bulk : {
  "took" : 13,
  "errors" :  ...
974: 6001 voies traitées
voie : bulk pour les ids de 1310508 à 1310707
bulk : {
  "took" : 14,
  "errors" :  ...
974: 6201 voies traitées
voie : bulk pour les ids de 1310708 à 1310907
bulk : {
  "took" : 14,
  "errors" :  ...
974: 6401 voies traitées
voie : bulk pour les ids de 1310908 à 1311107
bulk : {
  "took" : 13,
  "errors" :  ...
974: 6601 voies traitées
voie : bulk pour les ids de 1311108 à 1311307
bulk : {
  "took" : 13,
  "errors" :  ...
974: 6801 voies traitées
voie : bulk pour les ids de 1311308 à 1311507
bulk : {
  "took" : 28,
  "errors" :  ...
974: 7001 voies traitées
voie : bulk pour les ids de 1311508 à 1311707
bulk : {
  "took" : 13,
  "errors" :  ...
974: 7201 voies traitées
voie : bulk pour les ids de 1311708 à 1311907
bulk : {
  "took" : 14,
  "errors" :  ...
974: 7401 voies traitées
voie : bulk pour les ids de 1311908 à 1312107
bulk : {
  "took" : 13,
  "errors" :  ...
974: 7601 voies traitées
voie : bulk pour les ids de 1312108 à 1312307
bulk : {
  "took" : 13,
  "errors" :  ...
974: 7801 voies traitées
voie : bulk pour les ids de 1312308 à 1312507
bulk : {
  "took" : 13,
  "errors" :  ...
974: 8001 voies traitées
voie : bulk pour les ids de 1312508 à 1312707
bulk : {
  "took" : 13,
  "errors" :  ...
974: 8201 voies traitées
voie : bulk pour les ids de 1312708 à 1312907
bulk : {
  "took" : 13,
  "errors" :  ...
974: 8401 voies traitées
voie : bulk pour les ids de 1312908 à 1313107
bulk : {
  "took" : 13,
  "errors" :  ...
974: 8601 voies traitées
voie : bulk pour les ids de 1313108 à 1313307
bulk : {
  "took" : 27,
  "errors" :  ...
974: 8801 voies traitées
voie : bulk pour les ids de 1313308 à 1313507
bulk : {
  "took" : 12,
  "errors" :  ...
974: 9001 voies traitées
voie : bulk pour les ids de 1313508 à 1313665
bulk : {
  "took" : 10,
  "errors" :  ...
dpt 974 : adresses
974: 1 adresses traitées
974: 1001 adresses traitées
adresse : bulk pour les ids de 18406211 à 18407210
bulk : {
  "took" : 83,
  "errors" :  ...
974: 2001 adresses traitées
adresse : bulk pour les ids de 18407211 à 18408210
bulk : {
  "took" : 106,
  "errors" : ...
974: 3001 adresses traitées
adresse : bulk pour les ids de 18408211 à 18409210
bulk : {
  "took" : 108,
  "errors" : ...
974: 4001 adresses traitées
adresse : bulk pour les ids de 18409211 à 18410210
bulk : {
  "took" : 93,
  "errors" :  ...
974: 5001 adresses traitées
adresse : bulk pour les ids de 18410211 à 18411210
bulk : {
  "took" : 83,
  "errors" :  ...
974: 6001 adresses traitées
adresse : bulk pour les ids de 18411211 à 18412210
bulk : {
  "took" : 73,
  "errors" :  ...
974: 7001 adresses traitées
adresse : bulk pour les ids de 18412211 à 18413210
bulk : {
  "took" : 103,
  "errors" : ...
974: 8001 adresses traitées
adresse : bulk pour les ids de 18413211 à 18414210
bulk : {
  "took" : 75,
  "errors" :  ...
974: 9001 adresses traitées
adresse : bulk pour les ids de 18414211 à 18415210
bulk : {
  "took" : 100,
  "errors" : ...
974: 10001 adresses traitées
adresse : bulk pour les ids de 18415211 à 18416210
bulk : {
  "took" : 74,
  "errors" :  ...
974: 11001 adresses traitées
adresse : bulk pour les ids de 18416211 à 18417210
bulk : {
  "took" : 87,
  "errors" :  ...
974: 12001 adresses traitées
adresse : bulk pour les ids de 18417211 à 18418210
bulk : {
  "took" : 102,
  "errors" : ...
974: 13001 adresses traitées
adresse : bulk pour les ids de 18418211 à 18419210
bulk : {
  "took" : 81,
  "errors" :  ...
974: 14001 adresses traitées
adresse : bulk pour les ids de 18419211 à 18420210
bulk : {
  "took" : 102,
  "errors" : ...
974: 15001 adresses traitées
adresse : bulk pour les ids de 18420211 à 18421210
bulk : {
  "took" : 73,
  "errors" :  ...
974: 16001 adresses traitées
adresse : bulk pour les ids de 18421211 à 18422210
bulk : {
  "took" : 99,
  "errors" :  ...
974: 17001 adresses traitées
adresse : bulk pour les ids de 18422211 à 18423210
bulk : {
  "took" : 74,
  "errors" :  ...
974: 18001 adresses traitées
adresse : bulk pour les ids de 18423211 à 18424210
bulk : {
  "took" : 100,
  "errors" : ...
974: 19001 adresses traitées
adresse : bulk pour les ids de 18424211 à 18425210
bulk : {
  "took" : 87,
  "errors" :  ...
974: 20001 adresses traitées
adresse : bulk pour les ids de 18425211 à 18426210
bulk : {
  "took" : 83,
  "errors" :  ...
974: 21001 adresses traitées
adresse : bulk pour les ids de 18426211 à 18427210
bulk : {
  "took" : 86,
  "errors" :  ...
974: 22001 adresses traitées
adresse : bulk pour les ids de 18427211 à 18428210
bulk : {
  "took" : 96,
  "errors" :  ...
974: 23001 adresses traitées
adresse : bulk pour les ids de 18428211 à 18429210
bulk : {
  "took" : 73,
  "errors" :  ...
974: 24001 adresses traitées
adresse : bulk pour les ids de 18429211 à 18430210
bulk : {
  "took" : 98,
  "errors" :  ...
974: 25001 adresses traitées
adresse : bulk pour les ids de 18430211 à 18431210
bulk : {
  "took" : 74,
  "errors" :  ...
974: 26001 adresses traitées
adresse : bulk pour les ids de 18431211 à 18432210
bulk : {
  "took" : 94,
  "errors" :  ...
974: 27001 adresses traitées
adresse : bulk pour les ids de 18432211 à 18433210
bulk : {
  "took" : 78,
  "errors" :  ...
974: 28001 adresses traitées
adresse : bulk pour les ids de 18433211 à 18434210
bulk : {
  "took" : 97,
  "errors" :  ...
974: 29001 adresses traitées
adresse : bulk pour les ids de 18434211 à 18435210
bulk : {
  "took" : 75,
  "errors" :  ...
974: 30001 adresses traitées
adresse : bulk pour les ids de 18435211 à 18436210
bulk : {
  "took" : 102,
  "errors" : ...
974: 31001 adresses traitées
adresse : bulk pour les ids de 18436211 à 18437210
bulk : {
  "took" : 86,
  "errors" :  ...
974: 32001 adresses traitées
adresse : bulk pour les ids de 18437211 à 18438210
bulk : {
  "took" : 82,
  "errors" :  ...
974: 33001 adresses traitées
adresse : bulk pour les ids de 18438211 à 18439210
bulk : {
  "took" : 88,
  "errors" :  ...
974: 34001 adresses traitées
adresse : bulk pour les ids de 18439211 à 18440210
bulk : {
  "took" : 114,
  "errors" : ...
974: 35001 adresses traitées
adresse : bulk pour les ids de 18440211 à 18441210
bulk : {
  "took" : 92,
  "errors" :  ...
974: 36001 adresses traitées
adresse : bulk pour les ids de 18441211 à 18442210
bulk : {
  "took" : 100,
  "errors" : ...
974: 37001 adresses traitées
adresse : bulk pour les ids de 18442211 à 18443210
bulk : {
  "took" : 74,
  "errors" :  ...
974: 38001 adresses traitées
adresse : bulk pour les ids de 18443211 à 18444210
bulk : {
  "took" : 84,
  "errors" :  ...
974: 39001 adresses traitées
adresse : bulk pour les ids de 18444211 à 18445210
bulk : {
  "took" : 96,
  "errors" :  ...
974: 40001 adresses traitées
adresse : bulk pour les ids de 18445211 à 18446210
bulk : {
  "took" : 104,
  "errors" : ...
974: 41001 adresses traitées
adresse : bulk pour les ids de 18446211 à 18447210
bulk : {
  "took" : 76,
  "errors" :  ...
974: 42001 adresses traitées
adresse : bulk pour les ids de 18447211 à 18448210
bulk : {
  "took" : 90,
  "errors" :  ...
974: 43001 adresses traitées
974: 44001 adresses traitées
adresse : bulk pour les ids de 18448211 à 18449210
bulk : {
  "took" : 89,
  "errors" :  ...
974: 45001 adresses traitées
adresse : bulk pour les ids de 18449211 à 18450210
bulk : {
  "took" : 100,
  "errors" : ...
974: 46001 adresses traitées
adresse : bulk pour les ids de 18450211 à 18451210
bulk : {
  "took" : 74,
  "errors" :  ...
974: 47001 adresses traitées
adresse : bulk pour les ids de 18451211 à 18452210
bulk : {
  "took" : 84,
  "errors" :  ...
974: 48001 adresses traitées
adresse : bulk pour les ids de 18452211 à 18453210
bulk : {
  "took" : 88,
  "errors" :  ...
974: 49001 adresses traitées
adresse : bulk pour les ids de 18453211 à 18454210
bulk : {
  "took" : 112,
  "errors" : ...
974: 50001 adresses traitées
adresse : bulk pour les ids de 18454211 à 18455210
bulk : {
  "took" : 74,
  "errors" :  ...
974: 51001 adresses traitées
adresse : bulk pour les ids de 18455211 à 18456210
bulk : {
  "took" : 133,
  "errors" : ...
974: 52001 adresses traitées
adresse : bulk pour les ids de 18456211 à 18457210
bulk : {
  "took" : 75,
  "errors" :  ...
974: 53001 adresses traitées
adresse : bulk pour les ids de 18457211 à 18458210
bulk : {
  "took" : 102,
  "errors" : ...
974: 54001 adresses traitées
adresse : bulk pour les ids de 18458211 à 18459210
bulk : {
  "took" : 89,
  "errors" :  ...
974: 55001 adresses traitées
adresse : bulk pour les ids de 18459211 à 18460210
bulk : {
  "took" : 95,
  "errors" :  ...
974: 56001 adresses traitées
adresse : bulk pour les ids de 18460211 à 18461210
bulk : {
  "took" : 84,
  "errors" :  ...
974: 57001 adresses traitées
adresse : bulk pour les ids de 18461211 à 18462210
bulk : {
  "took" : 84,
  "errors" :  ...
974: 58001 adresses traitées
adresse : bulk pour les ids de 18462211 à 18463210
bulk : {
  "took" : 75,
  "errors" :  ...
974: 59001 adresses traitées
adresse : bulk pour les ids de 18463211 à 18464210
bulk : {
  "took" : 121,
  "errors" : ...
974: 60001 adresses traitées
adresse : bulk pour les ids de 18464211 à 18465210
bulk : {
  "took" : 93,
  "errors" :  ...
974: 61001 adresses traitées
adresse : bulk pour les ids de 18465211 à 18466210
bulk : {
  "took" : 136,
  "errors" : ...
974: 62001 adresses traitées
adresse : bulk pour les ids de 18466211 à 18467210
bulk : {
  "took" : 99,
  "errors" :  ...
974: 63001 adresses traitées
adresse : bulk pour les ids de 18467211 à 18468210
bulk : {
  "took" : 89,
  "errors" :  ...
974: 64001 adresses traitées
adresse : bulk pour les ids de 18468211 à 18469210
bulk : {
  "took" : 100,
  "errors" : ...
974: 65001 adresses traitées
adresse : bulk pour les ids de 18469211 à 18470210
bulk : {
  "took" : 83,
  "errors" :  ...
974: 66001 adresses traitées
adresse : bulk pour les ids de 18470211 à 18471210
bulk : {
  "took" : 94,
  "errors" :  ...
974: 67001 adresses traitées
adresse : bulk pour les ids de 18471211 à 18472210
bulk : {
  "took" : 84,
  "errors" :  ...
974: 68001 adresses traitées
adresse : bulk pour les ids de 18472211 à 18473210
bulk : {
  "took" : 96,
  "errors" :  ...
974: 69001 adresses traitées
adresse : bulk pour les ids de 18473211 à 18474210
bulk : {
  "took" : 92,
  "errors" :  ...
974: 70001 adresses traitées
adresse : bulk pour les ids de 18474211 à 18475210
bulk : {
  "took" : 91,
  "errors" :  ...
974: 71001 adresses traitées
adresse : bulk pour les ids de 18475211 à 18476210
bulk : {
  "took" : 94,
  "errors" :  ...
974: 72001 adresses traitées
adresse : bulk pour les ids de 18476211 à 18477210
bulk : {
  "took" : 76,
  "errors" :  ...
974: 73001 adresses traitées
adresse : bulk pour les ids de 18477211 à 18478210
bulk : {
  "took" : 99,
  "errors" :  ...
974: 74001 adresses traitées
adresse : bulk pour les ids de 18478211 à 18479210
bulk : {
  "took" : 73,
  "errors" :  ...
974: 75001 adresses traitées
adresse : bulk pour les ids de 18479211 à 18480210
bulk : {
  "took" : 101,
  "errors" : ...
974: 76001 adresses traitées
adresse : bulk pour les ids de 18480211 à 18481210
bulk : {
  "took" : 91,
  "errors" :  ...
974: 77001 adresses traitées
adresse : bulk pour les ids de 18481211 à 18482210
bulk : {
  "took" : 84,
  "errors" :  ...
974: 78001 adresses traitées
adresse : bulk pour les ids de 18482211 à 18483210
bulk : {
  "took" : 89,
  "errors" :  ...
974: 79001 adresses traitées
adresse : bulk pour les ids de 18483211 à 18484210
bulk : {
  "took" : 90,
  "errors" :  ...
974: 80001 adresses traitées
adresse : bulk pour les ids de 18484211 à 18485210
bulk : {
  "took" : 75,
  "errors" :  ...
974: 81001 adresses traitées
adresse : bulk pour les ids de 18485211 à 18486210
bulk : {
  "took" : 99,
  "errors" :  ...
974: 82001 adresses traitées
adresse : bulk pour les ids de 18486211 à 18487210
bulk : {
  "took" : 73,
  "errors" :  ...
974: 83001 adresses traitées
adresse : bulk pour les ids de 18487211 à 18488210
bulk : {
  "took" : 99,
  "errors" :  ...
974: 84001 adresses traitées
adresse : bulk pour les ids de 18488211 à 18489210
bulk : {
  "took" : 75,
  "errors" :  ...
974: 85001 adresses traitées
adresse : bulk pour les ids de 18489211 à 18490210
bulk : {
  "took" : 103,
  "errors" : ...
974: 86001 adresses traitées
adresse : bulk pour les ids de 18490211 à 18491210
bulk : {
  "took" : 75,
  "errors" :  ...
974: 87001 adresses traitées
adresse : bulk pour les ids de 18491211 à 18492210
bulk : {
  "took" : 103,
  "errors" : ...
974: 88001 adresses traitées
adresse : bulk pour les ids de 18492211 à 18493210
bulk : {
  "took" : 87,
  "errors" :  ...
974: 89001 adresses traitées
adresse : bulk pour les ids de 18493211 à 18494210
bulk : {
  "took" : 81,
  "errors" :  ...
974: 90001 adresses traitées
adresse : bulk pour les ids de 18494211 à 18495210
bulk : {
  "took" : 89,
  "errors" :  ...
974: 91001 adresses traitées
adresse : bulk pour les ids de 18495211 à 18496210
bulk : {
  "took" : 81,
  "errors" :  ...
974: 92001 adresses traitées
adresse : bulk pour les ids de 18496211 à 18497210
bulk : {
  "took" : 73,
  "errors" :  ...
974: 93001 adresses traitées
adresse : bulk pour les ids de 18497211 à 18498210
bulk : {
  "took" : 100,
  "errors" : ...
974: 94001 adresses traitées
adresse : bulk pour les ids de 18498211 à 18499210
bulk : {
  "took" : 73,
  "errors" :  ...
974: 95001 adresses traitées
adresse : bulk pour les ids de 18499211 à 18500210
bulk : {
  "took" : 100,
  "errors" : ...
974: 96001 adresses traitées
adresse : bulk pour les ids de 18500211 à 18501210
bulk : {
  "took" : 72,
  "errors" :  ...
974: 97001 adresses traitées
adresse : bulk pour les ids de 18501211 à 18502210
bulk : {
  "took" : 96,
  "errors" :  ...
974: 98001 adresses traitées
adresse : bulk pour les ids de 18502211 à 18503210
bulk : {
  "took" : 87,
  "errors" :  ...
974: 99001 adresses traitées
adresse : bulk pour les ids de 18503211 à 18504210
bulk : {
  "took" : 81,
  "errors" :  ...
974: 100001 adresses traitées
adresse : bulk pour les ids de 18504211 à 18505210
bulk : {
  "took" : 89,
  "errors" :  ...
974: 101001 adresses traitées
adresse : bulk pour les ids de 18505211 à 18506210
bulk : {
  "took" : 82,
  "errors" :  ...
974: 102001 adresses traitées
adresse : bulk pour les ids de 18506211 à 18507210
bulk : {
  "took" : 88,
  "errors" :  ...
974: 103001 adresses traitées
974: 104001 adresses traitées
adresse : bulk pour les ids de 18507211 à 18508210
bulk : {
  "took" : 82,
  "errors" :  ...
974: 105001 adresses traitées
adresse : bulk pour les ids de 18508211 à 18509210
bulk : {
  "took" : 90,
  "errors" :  ...
974: 106001 adresses traitées
adresse : bulk pour les ids de 18509211 à 18510210
bulk : {
  "took" : 94,
  "errors" :  ...
974: 107001 adresses traitées
adresse : bulk pour les ids de 18510211 à 18511210
bulk : {
  "took" : 73,
  "errors" :  ...
974: 108001 adresses traitées
adresse : bulk pour les ids de 18511211 à 18512210
bulk : {
  "took" : 95,
  "errors" :  ...
974: 109001 adresses traitées
adresse : bulk pour les ids de 18512211 à 18513210
bulk : {
  "took" : 75,
  "errors" :  ...
974: 110001 adresses traitées
adresse : bulk pour les ids de 18513211 à 18514210
bulk : {
  "took" : 99,
  "errors" :  ...
974: 111001 adresses traitées
adresse : bulk pour les ids de 18514211 à 18515210
bulk : {
  "took" : 89,
  "errors" :  ...
974: 112001 adresses traitées
adresse : bulk pour les ids de 18515211 à 18516210
bulk : {
  "took" : 73,
  "errors" :  ...
974: 113001 adresses traitées
adresse : bulk pour les ids de 18516211 à 18517210
bulk : {
  "took" : 95,
  "errors" :  ...
974: 114001 adresses traitées
adresse : bulk pour les ids de 18517211 à 18518210
bulk : {
  "took" : 74,
  "errors" :  ...
974: 115001 adresses traitées
adresse : bulk pour les ids de 18518211 à 18519210
bulk : {
  "took" : 98,
  "errors" :  ...
974: 116001 adresses traitées
adresse : bulk pour les ids de 18519211 à 18520210
bulk : {
  "took" : 75,
  "errors" :  ...
974: 117001 adresses traitées
adresse : bulk pour les ids de 18520211 à 18521210
bulk : {
  "took" : 81,
  "errors" :  ...
974: 118001 adresses traitées
adresse : bulk pour les ids de 18521211 à 18522210
bulk : {
  "took" : 91,
  "errors" :  ...
974: 119001 adresses traitées
adresse : bulk pour les ids de 18522211 à 18523210
bulk : {
  "took" : 80,
  "errors" :  ...
974: 120001 adresses traitées
adresse : bulk pour les ids de 18523211 à 18524210
bulk : {
  "took" : 95,
  "errors" :  ...
974: 121001 adresses traitées
adresse : bulk pour les ids de 18524211 à 18525210
bulk : {
  "took" : 84,
  "errors" :  ...
974: 122001 adresses traitées
adresse : bulk pour les ids de 18525211 à 18526210
bulk : {
  "took" : 90,
  "errors" :  ...
974: 123001 adresses traitées
adresse : bulk pour les ids de 18526211 à 18527210
bulk : {
  "took" : 85,
  "errors" :  ...
974: 124001 adresses traitées
adresse : bulk pour les ids de 18527211 à 18528210
bulk : {
  "took" : 92,
  "errors" :  ...
974: 125001 adresses traitées
adresse : bulk pour les ids de 18528211 à 18529210
bulk : {
  "took" : 96,
  "errors" :  ...
974: 126001 adresses traitées
adresse : bulk pour les ids de 18529211 à 18530210
bulk : {
  "took" : 76,
  "errors" :  ...
974: 127001 adresses traitées
adresse : bulk pour les ids de 18530211 à 18531210
bulk : {
  "took" : 101,
  "errors" : ...
974: 128001 adresses traitées
adresse : bulk pour les ids de 18531211 à 18532210
bulk : {
  "took" : 77,
  "errors" :  ...
974: 129001 adresses traitées
adresse : bulk pour les ids de 18532211 à 18533210
bulk : {
  "took" : 100,
  "errors" : ...
974: 130001 adresses traitées
adresse : bulk pour les ids de 18533211 à 18534210
bulk : {
  "took" : 91,
  "errors" :  ...
974: 131001 adresses traitées
adresse : bulk pour les ids de 18534211 à 18535210
bulk : {
  "took" : 83,
  "errors" :  ...
974: 132001 adresses traitées
adresse : bulk pour les ids de 18535211 à 18536210
bulk : {
  "took" : 105,
  "errors" : ...
974: 133001 adresses traitées
adresse : bulk pour les ids de 18536211 à 18537210
bulk : {
  "took" : 76,
  "errors" :  ...
974: 134001 adresses traitées
adresse : bulk pour les ids de 18537211 à 18538210
bulk : {
  "took" : 103,
  "errors" : ...
974: 135001 adresses traitées
adresse : bulk pour les ids de 18538211 à 18539210
bulk : {
  "took" : 93,
  "errors" :  ...
974: 136001 adresses traitées
adresse : bulk pour les ids de 18539211 à 18540210
bulk : {
  "took" : 81,
  "errors" :  ...
974: 137001 adresses traitées
adresse : bulk pour les ids de 18540211 à 18541210
bulk : {
  "took" : 90,
  "errors" :  ...
974: 138001 adresses traitées
adresse : bulk pour les ids de 18541211 à 18542210
bulk : {
  "took" : 83,
  "errors" :  ...
974: 139001 adresses traitées
adresse : bulk pour les ids de 18542211 à 18543210
bulk : {
  "took" : 88,
  "errors" :  ...
974: 140001 adresses traitées
adresse : bulk pour les ids de 18543211 à 18544210
bulk : {
  "took" : 84,
  "errors" :  ...
974: 141001 adresses traitées
adresse : bulk pour les ids de 18544211 à 18545210
bulk : {
  "took" : 93,
  "errors" :  ...
974: 142001 adresses traitées
adresse : bulk pour les ids de 18545211 à 18546210
bulk : {
  "took" : 99,
  "errors" :  ...
974: 143001 adresses traitées
adresse : bulk pour les ids de 18546211 à 18547210
bulk : {
  "took" : 72,
  "errors" :  ...
974: 144001 adresses traitées
adresse : bulk pour les ids de 18547211 à 18548210
bulk : {
  "took" : 99,
  "errors" :  ...
974: 145001 adresses traitées
adresse : bulk pour les ids de 18548211 à 18549210
bulk : {
  "took" : 73,
  "errors" :  ...
974: 146001 adresses traitées
adresse : bulk pour les ids de 18549211 à 18550210
bulk : {
  "took" : 102,
  "errors" : ...
974: 147001 adresses traitées
adresse : bulk pour les ids de 18550211 à 18551210
bulk : {
  "took" : 93,
  "errors" :  ...
974: 148001 adresses traitées
adresse : bulk pour les ids de 18551211 à 18552210
bulk : {
  "took" : 85,
  "errors" :  ...
974: 149001 adresses traitées
adresse : bulk pour les ids de 18552211 à 18553210
bulk : {
  "took" : 88,
  "errors" :  ...
974: 150001 adresses traitées
adresse : bulk pour les ids de 18553211 à 18554210
bulk : {
  "took" : 82,
  "errors" :  ...
974: 151001 adresses traitées
adresse : bulk pour les ids de 18554211 à 18555210
bulk : {
  "took" : 97,
  "errors" :  ...
974: 152001 adresses traitées
adresse : bulk pour les ids de 18555211 à 18556210
bulk : {
  "took" : 90,
  "errors" :  ...
974: 153001 adresses traitées
adresse : bulk pour les ids de 18556211 à 18557210
bulk : {
  "took" : 92,
  "errors" :  ...
974: 154001 adresses traitées
adresse : bulk pour les ids de 18557211 à 18558210
bulk : {
  "took" : 95,
  "errors" :  ...
974: 155001 adresses traitées
adresse : bulk pour les ids de 18558211 à 18559210
bulk : {
  "took" : 73,
  "errors" :  ...
974: 156001 adresses traitées
adresse : bulk pour les ids de 18559211 à 18560210
bulk : {
  "took" : 99,
  "errors" :  ...
974: 157001 adresses traitées
adresse : bulk pour les ids de 18560211 à 18561210
bulk : {
  "took" : 73,
  "errors" :  ...
974: 158001 adresses traitées
adresse : bulk pour les ids de 18561211 à 18562210
bulk : {
  "took" : 98,
  "errors" :  ...
974: 159001 adresses traitées
adresse : bulk pour les ids de 18562211 à 18563210
bulk : {
  "took" : 74,
  "errors" :  ...
974: 160001 adresses traitées
adresse : bulk pour les ids de 18563211 à 18564210
bulk : {
  "took" : 95,
  "errors" :  ...
974: 161001 adresses traitées
adresse : bulk pour les ids de 18564211 à 18565210
bulk : {
  "took" : 86,
  "errors" :  ...
974: 162001 adresses traitées
adresse : bulk pour les ids de 18565211 à 18566210
bulk : {
  "took" : 90,
  "errors" :  ...
974: 163001 adresses traitées
adresse : bulk pour les ids de 18566211 à 18567210
bulk : {
  "took" : 91,
  "errors" :  ...
974: 164001 adresses traitées
adresse : bulk pour les ids de 18567211 à 18568210
bulk : {
  "took" : 82,
  "errors" :  ...
974: 165001 adresses traitées
adresse : bulk pour les ids de 18568211 à 18569210
bulk : {
  "took" : 74,
  "errors" :  ...
974: 166001 adresses traitées
adresse : bulk pour les ids de 18569211 à 18570210
bulk : {
  "took" : 102,
  "errors" : ...
974: 167001 adresses traitées
adresse : bulk pour les ids de 18570211 à 18571210
bulk : {
  "took" : 74,
  "errors" :  ...
974: 168001 adresses traitées
adresse : bulk pour les ids de 18571211 à 18572210
bulk : {
  "took" : 97,
  "errors" :  ...
974: 169001 adresses traitées
adresse : bulk pour les ids de 18572211 à 18573210
bulk : {
  "took" : 78,
  "errors" :  ...
974: 170001 adresses traitées
adresse : bulk pour les ids de 18573211 à 18574210
bulk : {
  "took" : 104,
  "errors" : ...
974: 171001 adresses traitées
adresse : bulk pour les ids de 18574211 à 18575210
bulk : {
  "took" : 91,
  "errors" :  ...
974: 172001 adresses traitées
adresse : bulk pour les ids de 18575211 à 18576210
bulk : {
  "took" : 86,
  "errors" :  ...
974: 173001 adresses traitées
adresse : bulk pour les ids de 18576211 à 18577210
bulk : {
  "took" : 91,
  "errors" :  ...
974: 174001 adresses traitées
adresse : bulk pour les ids de 18577211 à 18578210
bulk : {
  "took" : 84,
  "errors" :  ...
974: 175001 adresses traitées
adresse : bulk pour les ids de 18578211 à 18579210
bulk : {
  "took" : 92,
  "errors" :  ...
974: 176001 adresses traitées
974: 177001 adresses traitées
adresse : bulk pour les ids de 18579211 à 18580210
bulk : {
  "took" : 81,
  "errors" :  ...
974: 178001 adresses traitées
adresse : bulk pour les ids de 18580211 à 18581210
bulk : {
  "took" : 93,
  "errors" :  ...
974: 179001 adresses traitées
adresse : bulk pour les ids de 18581211 à 18582210
bulk : {
  "took" : 96,
  "errors" :  ...
974: 180001 adresses traitées
adresse : bulk pour les ids de 18582211 à 18583210
bulk : {
  "took" : 73,
  "errors" :  ...
974: 181001 adresses traitées
adresse : bulk pour les ids de 18583211 à 18584210
bulk : {
  "took" : 102,
  "errors" : ...
974: 182001 adresses traitées
adresse : bulk pour les ids de 18584211 à 18585210
bulk : {
  "took" : 73,
  "errors" :  ...
974: 183001 adresses traitées
adresse : bulk pour les ids de 18585211 à 18586210
bulk : {
  "took" : 95,
  "errors" :  ...
974: 184001 adresses traitées
adresse : bulk pour les ids de 18586211 à 18587210
bulk : {
  "took" : 92,
  "errors" :  ...
974: 185001 adresses traitées
adresse : bulk pour les ids de 18587211 à 18588210
bulk : {
  "took" : 80,
  "errors" :  ...
974: 186001 adresses traitées
adresse : bulk pour les ids de 18588211 à 18589210
bulk : {
  "took" : 88,
  "errors" :  ...
974: 187001 adresses traitées
adresse : bulk pour les ids de 18589211 à 18590210
bulk : {
  "took" : 81,
  "errors" :  ...
974: 188001 adresses traitées
adresse : bulk pour les ids de 18590211 à 18591210
bulk : {
  "took" : 92,
  "errors" :  ...
974: 189001 adresses traitées
adresse : bulk pour les ids de 18591211 à 18592210
bulk : {
  "took" : 95,
  "errors" :  ...
974: 190001 adresses traitées
adresse : bulk pour les ids de 18592211 à 18593210
bulk : {
  "took" : 74,
  "errors" :  ...
974: 191001 adresses traitées
adresse : bulk pour les ids de 18593211 à 18594210
bulk : {
  "took" : 99,
  "errors" :  ...
974: 192001 adresses traitées
adresse : bulk pour les ids de 18594211 à 18595210
bulk : {
  "took" : 75,
  "errors" :  ...
974: 193001 adresses traitées
adresse : bulk pour les ids de 18595211 à 18596210
bulk : {
  "took" : 102,
  "errors" : ...
974: 194001 adresses traitées
adresse : bulk pour les ids de 18596211 à 18597210
bulk : {
  "took" : 75,
  "errors" :  ...
974: 195001 adresses traitées
adresse : bulk pour les ids de 18597211 à 18598210
bulk : {
  "took" : 101,
  "errors" : ...
974: 196001 adresses traitées
adresse : bulk pour les ids de 18598211 à 18599210
bulk : {
  "took" : 89,
  "errors" :  ...
974: 197001 adresses traitées
adresse : bulk pour les ids de 18599211 à 18600210
bulk : {
  "took" : 82,
  "errors" :  ...
974: 198001 adresses traitées
adresse : bulk pour les ids de 18600211 à 18601210
bulk : {
  "took" : 89,
  "errors" :  ...
974: 199001 adresses traitées
adresse : bulk pour les ids de 18601211 à 18602210
bulk : {
  "took" : 80,
  "errors" :  ...
974: 200001 adresses traitées
adresse : bulk pour les ids de 18602211 à 18603210
bulk : {
  "took" : 92,
  "errors" :  ...
974: 201001 adresses traitées
adresse : bulk pour les ids de 18603211 à 18604210
bulk : {
  "took" : 95,
  "errors" :  ...
974: 202001 adresses traitées
adresse : bulk pour les ids de 18604211 à 18605210
bulk : {
  "took" : 74,
  "errors" :  ...
974: 203001 adresses traitées
adresse : bulk pour les ids de 18605211 à 18606210
bulk : {
  "took" : 96,
  "errors" :  ...
974: 204001 adresses traitées
adresse : bulk pour les ids de 18606211 à 18607210
bulk : {
  "took" : 75,
  "errors" :  ...
974: 205001 adresses traitées
adresse : bulk pour les ids de 18607211 à 18608210
bulk : {
  "took" : 99,
  "errors" :  ...
974: 206001 adresses traitées
adresse : bulk pour les ids de 18608211 à 18609210
bulk : {
  "took" : 76,
  "errors" :  ...
974: 207001 adresses traitées
adresse : bulk pour les ids de 18609211 à 18610210
bulk : {
  "took" : 82,
  "errors" :  ...
974: 208001 adresses traitées
adresse : bulk pour les ids de 18610211 à 18611210
bulk : {
  "took" : 93,
  "errors" :  ...
974: 209001 adresses traitées
adresse : bulk pour les ids de 18611211 à 18612210
bulk : {
  "took" : 82,
  "errors" :  ...
974: 210001 adresses traitées
adresse : bulk pour les ids de 18612211 à 18613210
bulk : {
  "took" : 94,
  "errors" :  ...
974: 211001 adresses traitées
adresse : bulk pour les ids de 18613211 à 18614210
bulk : {
  "took" : 80,
  "errors" :  ...
974: 212001 adresses traitées
adresse : bulk pour les ids de 18614211 à 18615210
bulk : {
  "took" : 91,
  "errors" :  ...
974: 213001 adresses traitées
adresse : bulk pour les ids de 18615211 à 18616210
bulk : {
  "took" : 99,
  "errors" :  ...
974: 214001 adresses traitées
adresse : bulk pour les ids de 18616211 à 18617210
bulk : {
  "took" : 77,
  "errors" :  ...
974: 215001 adresses traitées
adresse : bulk pour les ids de 18617211 à 18618210
bulk : {
  "took" : 96,
  "errors" :  ...
974: 216001 adresses traitées
adresse : bulk pour les ids de 18618211 à 18619210
bulk : {
  "took" : 75,
  "errors" :  ...
974: 217001 adresses traitées
adresse : bulk pour les ids de 18619211 à 18620210
bulk : {
  "took" : 96,
  "errors" :  ...
974: 218001 adresses traitées
adresse : bulk pour les ids de 18620211 à 18621210
bulk : {
  "took" : 96,
  "errors" :  ...
974: 219001 adresses traitées
adresse : bulk pour les ids de 18621211 à 18622210
bulk : {
  "took" : 82,
  "errors" :  ...
974: 220001 adresses traitées
adresse : bulk pour les ids de 18622211 à 18623210
bulk : {
  "took" : 101,
  "errors" : ...
974: 221001 adresses traitées
adresse : bulk pour les ids de 18623211 à 18624210
bulk : {
  "took" : 73,
  "errors" :  ...
974: 222001 adresses traitées
adresse : bulk pour les ids de 18624211 à 18625210
bulk : {
  "took" : 98,
  "errors" :  ...
974: 223001 adresses traitées
adresse : bulk pour les ids de 18625211 à 18626210
bulk : {
  "took" : 92,
  "errors" :  ...
974: 224001 adresses traitées
adresse : bulk pour les ids de 18626211 à 18627210
bulk : {
  "took" : 83,
  "errors" :  ...
974: 225001 adresses traitées
adresse : bulk pour les ids de 18627211 à 18628210
bulk : {
  "took" : 86,
  "errors" :  ...
974: 226001 adresses traitées
adresse : bulk pour les ids de 18628211 à 18629210
bulk : {
  "took" : 83,
  "errors" :  ...
974: 227001 adresses traitées
adresse : bulk pour les ids de 18629211 à 18630210
bulk : {
  "took" : 94,
  "errors" :  ...
974: 228001 adresses traitées
adresse : bulk pour les ids de 18630211 à 18631210
bulk : {
  "took" : 95,
  "errors" :  ...
974: 229001 adresses traitées
adresse : bulk pour les ids de 18631211 à 18632210
bulk : {
  "took" : 74,
  "errors" :  ...
974: 230001 adresses traitées
adresse : bulk pour les ids de 18632211 à 18633210
bulk : {
  "took" : 103,
  "errors" : ...
974: 231001 adresses traitées
adresse : bulk pour les ids de 18633211 à 18634210
bulk : {
  "took" : 72,
  "errors" :  ...
974: 232001 adresses traitées
adresse : bulk pour les ids de 18634211 à 18635210
bulk : {
  "took" : 97,
  "errors" :  ...
974: 233001 adresses traitées
adresse : bulk pour les ids de 18635211 à 18636210
bulk : {
  "took" : 74,
  "errors" :  ...
974: 234001 adresses traitées
adresse : bulk pour les ids de 18636211 à 18637210
bulk : {
  "took" : 100,
  "errors" : ...
974: 235001 adresses traitées
adresse : bulk pour les ids de 18637211 à 18638210
bulk : {
  "took" : 89,
  "errors" :  ...
974: 236001 adresses traitées
adresse : bulk pour les ids de 18638211 à 18639210
bulk : {
  "took" : 84,
  "errors" :  ...
974: 237001 adresses traitées
adresse : bulk pour les ids de 18639211 à 18640210
bulk : {
  "took" : 90,
  "errors" :  ...
974: 238001 adresses traitées
adresse : bulk pour les ids de 18640211 à 18641210
bulk : {
  "took" : 83,
  "errors" :  ...
974: 239001 adresses traitées
adresse : bulk pour les ids de 18641211 à 18642210
bulk : {
  "took" : 75,
  "errors" :  ...
974: 240001 adresses traitées
adresse : bulk pour les ids de 18642211 à 18643210
bulk : {
  "took" : 97,
  "errors" :  ...
974: 241001 adresses traitées
adresse : bulk pour les ids de 18643211 à 18644210
bulk : {
  "took" : 75,
  "errors" :  ...
974: 242001 adresses traitées
adresse : bulk pour les ids de 18644211 à 18645210
bulk : {
  "took" : 99,
  "errors" :  ...
974: 243001 adresses traitées
adresse : bulk pour les ids de 18645211 à 18646210
bulk : {
  "took" : 84,
  "errors" :  ...
974: 244001 adresses traitées
adresse : bulk pour les ids de 18646211 à 18647210
bulk : {
  "took" : 99,
  "errors" :  ...
974: 245001 adresses traitées
adresse : bulk pour les ids de 18647211 à 18648210
bulk : {
  "took" : 88,
  "errors" :  ...
974: 246001 adresses traitées
adresse : bulk pour les ids de 18648211 à 18649210
bulk : {
  "took" : 85,
  "errors" :  ...
974: 247001 adresses traitées
adresse : bulk pour les ids de 18649211 à 18650210
bulk : {
  "took" : 102,
  "errors" : ...
974: 248001 adresses traitées
adresse : bulk pour les ids de 18650211 à 18651210
bulk : {
  "took" : 75,
  "errors" :  ...
974: 249001 adresses traitées
adresse : bulk pour les ids de 18651211 à 18652210
bulk : {
  "took" : 104,
  "errors" : ...
974: 250001 adresses traitées
adresse : bulk pour les ids de 18652211 à 18653210
bulk : {
  "took" : 72,
  "errors" :  ...
974: 251001 adresses traitées
adresse : bulk pour les ids de 18653211 à 18654210
bulk : {
  "took" : 105,
  "errors" : ...
974: 252001 adresses traitées
adresse : bulk pour les ids de 18654211 à 18655210
bulk : {
  "took" : 97,
  "errors" :  ...
974: 253001 adresses traitées
adresse : bulk pour les ids de 18655211 à 18656210
bulk : {
  "took" : 84,
  "errors" :  ...
974: 254001 adresses traitées
adresse : bulk pour les ids de 18656211 à 18657210
bulk : {
  "took" : 74,
  "errors" :  ...
974: 255001 adresses traitées
adresse : bulk pour les ids de 18657211 à 18658210
bulk : {
  "took" : 100,
  "errors" : ...
974: 256001 adresses traitées
adresse : bulk pour les ids de 18658211 à 18659210
bulk : {
  "took" : 74,
  "errors" :  ...
974: 257001 adresses traitées
adresse : bulk pour les ids de 18659211 à 18660210
bulk : {
  "took" : 113,
  "errors" : ...
974: 258001 adresses traitées
adresse : bulk pour les ids de 18660211 à 18661210
bulk : {
  "took" : 74,
  "errors" :  ...
974: 259001 adresses traitées
adresse : bulk pour les ids de 18661211 à 18662210
bulk : {
  "took" : 80,
  "errors" :  ...
974: 260001 adresses traitées
adresse : bulk pour les ids de 18662211 à 18663210
bulk : {
  "took" : 101,
  "errors" : ...
974: 261001 adresses traitées
adresse : bulk pour les ids de 18663211 à 18664210
bulk : {
  "took" : 72,
  "errors" :  ...
974: 262001 adresses traitées
adresse : bulk pour les ids de 18664211 à 18665210
bulk : {
  "took" : 103,
  "errors" : ...
974: 263001 adresses traitées
adresse : bulk pour les ids de 18665211 à 18666210
bulk : {
  "took" : 74,
  "errors" :  ...
974: 264001 adresses traitées
adresse : bulk pour les ids de 18666211 à 18667210
bulk : {
  "took" : 99,
  "errors" :  ...
974: 265001 adresses traitées
adresse : bulk pour les ids de 18667211 à 18668210
bulk : {
  "took" : 74,
  "errors" :  ...
974: 266001 adresses traitées
adresse : bulk pour les ids de 18668211 à 18669210
bulk : {
  "took" : 103,
  "errors" : ...
974: 267001 adresses traitées
adresse : bulk pour les ids de 18669211 à 18670210
bulk : {
  "took" : 74,
  "errors" :  ...
974: 268001 adresses traitées
adresse : bulk pour les ids de 18670211 à 18671210
bulk : {
  "took" : 83,
  "errors" :  ...
974: 269001 adresses traitées
adresse : bulk pour les ids de 18671211 à 18672210
bulk : {
  "took" : 81,
  "errors" :  ...
974: 270001 adresses traitées
adresse : bulk pour les ids de 18672211 à 18673210
bulk : {
  "took" : 107,
  "errors" : ...
974: 271001 adresses traitées
adresse : bulk pour les ids de 18673211 à 18674210
bulk : {
  "took" : 73,
  "errors" :  ...
974: 272001 adresses traitées
adresse : bulk pour les ids de 18674211 à 18675210
bulk : {
  "took" : 97,
  "errors" :  ...
974: 273001 adresses traitées
adresse : bulk pour les ids de 18675211 à 18676210
bulk : {
  "took" : 87,
  "errors" :  ...
974: 274001 adresses traitées
adresse : bulk pour les ids de 18676211 à 18677210
bulk : {
  "took" : 84,
  "errors" :  ...
974: 275001 adresses traitées
adresse : bulk pour les ids de 18677211 à 18678210
bulk : {
  "took" : 88,
  "errors" :  ...
974: 276001 adresses traitées
adresse : bulk pour les ids de 18678211 à 18678832
bulk : {
  "took" : 62,
  "errors" :  ...
setRefreshInterval : {"acknowledged":true}
setReplicaNumber : {"acknowledged":true}
{"actions":[{"add":{"index":"jdonref_idf_voie_1456094660874","alias":"jdonref"}}]}
exchangeIndexInAlias : {"acknowledged":true}
{"actions":[{"add":{"index":"jdonref_idf_voie_1456094660874","alias":"jdonref_idf"}}]}
exchangeIndexInAlias : {"acknowledged":true}
setRefreshInterval : {"acknowledged":true}
setReplicaNumber : {"acknowledged":true}
{"actions":[{"add":{"index":"jdonref_idf_adresse_1456094660874","alias":"jdonref"}}]}
exchangeIndexInAlias : {"acknowledged":true}
{"actions":[{"add":{"index":"jdonref_idf_adresse_1456094660874","alias":"jdonref_idf"}}]}
exchangeIndexInAlias : {"acknowledged":true}
Indexation complète en 43815344 millis.
]]></system-out>
  <system-err><![CDATA[]]></system-err>
</testsuite>
